!!!!below quality measures have been removed due to insufficient data!!!!!!!!!!!!
    ' TriangleSize'

Keeping QMs:
name        p values
    ' Spread'    '2.48e-07'

    ' Limit'    '2.57e-07'

    ' OrthoNorm'    '0.000358'

Deleting QMs:
name        p values
    ' Extension'    '0.978'

    'GraspIt_Epsilon'    '0.892'

    ' Volume'    '0.537'

    'GraspIt_Volume'    '0.376'

    'GraspIt_ContactEnergy'    '0.0879'

    ' PerpSym'    '0.0627'

    ' ParallelSym'    '0.00685'

binThreshold:10
energy base:40
using confidence:0

Number of bins: 45
Average bin size: 5.422222e+00
Completed iteration:1
Prediction points:244
  TP     FP     TN     FN
   178    51     7     8

Precision / Recall
    0.7773    0.9570


Number of bins: 39
Average bin size: 6.256410e+00
Completed iteration:2
Prediction points:244
  TP     FP     TN     FN
   168    61    11     4

Precision / Recall
    0.7336    0.9767


Number of bins: 46
Average bin size: 5.304348e+00
Completed iteration:3
Prediction points:244
  TP     FP     TN     FN
   169    58    12     5

Precision / Recall
    0.7445    0.9713


Number of bins: 43
Average bin size: 5.674419e+00
Completed iteration:4
Prediction points:244
  TP     FP     TN     FN
   162    64    10     8

Precision / Recall
    0.7168    0.9529


Number of bins: 43
Average bin size: 5.674419e+00
Completed iteration:5
Prediction points:244
  TP     FP     TN     FN
   156    70    11     7

Precision / Recall
    0.6903    0.9571


Number of bins: 44
Average bin size: 5.545455e+00
Completed iteration:6
Prediction points:244
  TP     FP     TN     FN
   161    59    13    11

Precision / Recall
    0.7318    0.9360


Number of bins: 39
Average bin size: 6.256410e+00
Completed iteration:7
Prediction points:244
  TP     FP     TN     FN
   166    50    18    10

Precision / Recall
    0.7685    0.9432


Number of bins: 38
Average bin size: 6.421053e+00
Completed iteration:8
Prediction points:244
  TP     FP     TN     FN
   167    54    15     8

Precision / Recall
    0.7557    0.9543


Number of bins: 41
Average bin size: 5.951220e+00
Completed iteration:9
Prediction points:244
  TP     FP     TN     FN
   157    70    15     2

Precision / Recall
    0.6916    0.9874


Number of bins: 43
Average bin size: 5.674419e+00
Completed iteration:10
Prediction points:244
  TP     FP     TN     FN
   162    64    12     6

Precision / Recall
    0.7168    0.9643


Number of bins: 43
Average bin size: 5.674419e+00
Completed iteration:11
Prediction points:244
  TP     FP     TN     FN
   163    64    12     5

Precision / Recall
    0.7181    0.9702


Number of bins: 41
Average bin size: 5.951220e+00
Completed iteration:12
Prediction points:244
  TP     FP     TN     FN
   168    57    14     5

Precision / Recall
    0.7467    0.9711


Number of bins: 40
Average bin size: 6.100000e+00
Completed iteration:13
Prediction points:244
  TP     FP     TN     FN
   157    66    13     8

Precision / Recall
    0.7040    0.9515


Number of bins: 43
Average bin size: 5.674419e+00
Completed iteration:14
Prediction points:244
  TP     FP     TN     FN
   168    59    12     5

Precision / Recall
    0.7401    0.9711


Number of bins: 38
Average bin size: 6.421053e+00
Completed iteration:15
Prediction points:244
  TP     FP     TN     FN
   174    54    14     2

Precision / Recall
    0.7632    0.9886


Number of bins: 44
Average bin size: 5.545455e+00
Completed iteration:16
Prediction points:244
  TP     FP     TN     FN
   169    62     8     5

Precision / Recall
    0.7316    0.9713


Number of bins: 41
Average bin size: 5.951220e+00
Completed iteration:17
Prediction points:244
  TP     FP     TN     FN
   164    68    10     2

Precision / Recall
    0.7069    0.9880


Number of bins: 43
Average bin size: 5.674419e+00
Completed iteration:18
Prediction points:244
  TP     FP     TN     FN
   168    60    10     6

Precision / Recall
    0.7368    0.9655


Number of bins: 41
Average bin size: 5.951220e+00
Completed iteration:19
Prediction points:244
  TP     FP     TN     FN
   170    62     8     4

Precision / Recall
    0.7328    0.9770


Number of bins: 46
Average bin size: 5.304348e+00
Completed iteration:20
Prediction points:244
  TP     FP     TN     FN
   169    58    10     7

Precision / Recall
    0.7445    0.9602


Number of bins: 45
Average bin size: 5.422222e+00
Completed iteration:21
Prediction points:244
  TP     FP     TN     FN
   159    64    16     5

Precision / Recall
    0.7130    0.9695


Number of bins: 41
Average bin size: 5.951220e+00
Completed iteration:22
Prediction points:244
  TP     FP     TN     FN
   162    64    13     5

Precision / Recall
    0.7168    0.9701


Number of bins: 43
Average bin size: 5.674419e+00
Completed iteration:23
Prediction points:244
  TP     FP     TN     FN
   159    66    12     7

Precision / Recall
    0.7067    0.9578


Number of bins: 43
Average bin size: 5.674419e+00
Completed iteration:24
Prediction points:244
  TP     FP     TN     FN
   173    51    14     6

Precision / Recall
    0.7723    0.9665


Number of bins: 42
Average bin size: 5.809524e+00
Completed iteration:25
Prediction points:244
  TP     FP     TN     FN
   163    65     9     7

Precision / Recall
    0.7149    0.9588


Number of bins: 43
Average bin size: 5.674419e+00
Completed iteration:26
Prediction points:244
  TP     FP     TN     FN
   161    69     9     5

Precision / Recall
    0.7000    0.9699


Number of bins: 43
Average bin size: 5.674419e+00
Completed iteration:27
Prediction points:244
  TP     FP     TN     FN
   161    58    13    12

Precision / Recall
    0.7352    0.9306


Number of bins: 41
Average bin size: 5.951220e+00
Completed iteration:28
Prediction points:244
  TP     FP     TN     FN
   158    65    12     9

Precision / Recall
    0.7085    0.9461


Number of bins: 47
Average bin size: 5.191489e+00
Completed iteration:29
Prediction points:244
  TP     FP     TN     FN
   157    68     8    11

Precision / Recall
    0.6978    0.9345


Number of bins: 44
Average bin size: 5.545455e+00
Completed iteration:30
Prediction points:244
  TP     FP     TN     FN
   171    54    11     8

Precision / Recall
    0.7600    0.9553

[Warning: Duplicate data points have been detected and removed - corresponding values have been
averaged.] 
[> In <a href="matlab: opentoline('C:\Program Files\MATLAB\R2013b\toolbox\matlab\polyfun\griddata.m',184,1)">griddata>useScatteredInterp at 184</a>
  In <a href="matlab: opentoline('C:\Program Files\MATLAB\R2013b\toolbox\matlab\polyfun\griddata.m',125,1)">griddata at 125</a>
  In <a href="matlab: opentoline('Z:\Thesis\generateContour.m',43,1)">generateContour at 43</a>
  In <a href="matlab: opentoline('Z:\Thesis\GP_GraspIt_TP_hybrid_kdtree.m',425,1)">GP_GraspIt_TP_hybrid_kdtree at 425</a>
  In <a href="matlab: opentoline('Z:\Thesis\runBatchEnergyHybrid.m',6,1)">runBatchEnergyHybrid at 6</a>] 
Overall results (hybrid)
All datapoints used
AUC ave err std
    0.5220

    0.0433

    0.0433

Precision / Recall macro
    0.7292    0.9625

Precision / Recall micro
    0.7292    0.9624

    TPR       FPR       TNR       FNR       cutoff
computation time (s)
  494.0680

