!!!!below quality measures have been removed due to insufficient data!!!!!!!!!!!!
    ' TriangleSize'

Keeping QMs:
name        p values
    ' Spread'    '2.48e-07'

    ' Limit'    '2.57e-07'

    ' OrthoNorm'    '0.000358'

Deleting QMs:
name        p values
    ' Extension'    '0.978'

    'GraspIt_Epsilon'    '0.892'

    ' Volume'    '0.537'

    'GraspIt_Volume'    '0.376'

    'GraspIt_ContactEnergy'    '0.0879'

    ' PerpSym'    '0.0627'

    ' ParallelSym'    '0.00685'

binThreshold:0
energy base:40
using confidence:0

Number of bins: 243
Average bin size: 1.004115e+00
Completed iteration:1
Prediction points:244
  TP     FP     TN     FN
   178    50     8     8

Precision / Recall
    0.7807    0.9570


Number of bins: 241
Average bin size: 1.012448e+00
Completed iteration:2
Prediction points:244
  TP     FP     TN     FN
   165    59    13     7

Precision / Recall
    0.7366    0.9593


Number of bins: 243
Average bin size: 1.004115e+00
Completed iteration:3
Prediction points:244
  TP     FP     TN     FN
   169    58    12     5

Precision / Recall
    0.7445    0.9713


Number of bins: 244
Average bin size: 1
Completed iteration:4
Prediction points:244
  TP     FP     TN     FN
   161    64    10     9

Precision / Recall
    0.7156    0.9471


Number of bins: 243
Average bin size: 1.004115e+00
Completed iteration:5
Prediction points:244
  TP     FP     TN     FN
   155    69    12     8

Precision / Recall
    0.6920    0.9509


Number of bins: 244
Average bin size: 1
Completed iteration:6
Prediction points:244
  TP     FP     TN     FN
   160    57    15    12

Precision / Recall
    0.7373    0.9302


Number of bins: 243
Average bin size: 1.004115e+00
Completed iteration:7
Prediction points:244
  TP     FP     TN     FN
   168    51    17     8

Precision / Recall
    0.7671    0.9545


Number of bins: 244
Average bin size: 1
Completed iteration:8
Prediction points:244
  TP     FP     TN     FN
   165    53    16    10

Precision / Recall
    0.7569    0.9429


Number of bins: 244
Average bin size: 1
Completed iteration:9
Prediction points:244
  TP     FP     TN     FN
   157    70    15     2

Precision / Recall
    0.6916    0.9874


Number of bins: 242
Average bin size: 1.008264e+00
Completed iteration:10
Prediction points:244
  TP     FP     TN     FN
   162    65    11     6

Precision / Recall
    0.7137    0.9643


Number of bins: 243
Average bin size: 1.004115e+00
Completed iteration:11
Prediction points:244
  TP     FP     TN     FN
   164    66    10     4

Precision / Recall
    0.7130    0.9762


Number of bins: 244
Average bin size: 1
Completed iteration:12
Prediction points:244
  TP     FP     TN     FN
   167    57    14     6

Precision / Recall
    0.7455    0.9653


Number of bins: 244
Average bin size: 1
Completed iteration:13
Prediction points:244
  TP     FP     TN     FN
   158    66    13     7

Precision / Recall
    0.7054    0.9576


Number of bins: 243
Average bin size: 1.004115e+00
Completed iteration:14
Prediction points:244
  TP     FP     TN     FN
   168    58    13     5

Precision / Recall
    0.7434    0.9711


Number of bins: 244
Average bin size: 1
Completed iteration:15
Prediction points:244
  TP     FP     TN     FN
   174    55    13     2

Precision / Recall
    0.7598    0.9886


Number of bins: 243
Average bin size: 1.004115e+00
Completed iteration:16
Prediction points:244
  TP     FP     TN     FN
   170    61     9     4

Precision / Recall
    0.7359    0.9770


Number of bins: 242
Average bin size: 1.008264e+00
Completed iteration:17
Prediction points:244
  TP     FP     TN     FN
   164    68    10     2

Precision / Recall
    0.7069    0.9880


Number of bins: 243
Average bin size: 1.004115e+00
Completed iteration:18
Prediction points:244
  TP     FP     TN     FN
   169    60    10     5

Precision / Recall
    0.7380    0.9713


Number of bins: 243
Average bin size: 1.004115e+00
Completed iteration:19
Prediction points:244
  TP     FP     TN     FN
   170    62     8     4

Precision / Recall
    0.7328    0.9770


Number of bins: 243
Average bin size: 1.004115e+00
Completed iteration:20
Prediction points:244
  TP     FP     TN     FN
   172    60     8     4

Precision / Recall
    0.7414    0.9773


Number of bins: 243
Average bin size: 1.004115e+00
Completed iteration:21
Prediction points:244
  TP     FP     TN     FN
   159    64    16     5

Precision / Recall
    0.7130    0.9695


Number of bins: 243
Average bin size: 1.004115e+00
Completed iteration:22
Prediction points:244
  TP     FP     TN     FN
   161    64    13     6

Precision / Recall
    0.7156    0.9641


Number of bins: 244
Average bin size: 1
Completed iteration:23
Prediction points:244
  TP     FP     TN     FN
   162    67    11     4

Precision / Recall
    0.7074    0.9759


Number of bins: 244
Average bin size: 1
Completed iteration:24
Prediction points:244
  TP     FP     TN     FN
   173    51    14     6

Precision / Recall
    0.7723    0.9665


Number of bins: 243
Average bin size: 1.004115e+00
Completed iteration:25
Prediction points:244
  TP     FP     TN     FN
   164    65     9     6

Precision / Recall
    0.7162    0.9647


Number of bins: 243
Average bin size: 1.004115e+00
Completed iteration:26
Prediction points:244
  TP     FP     TN     FN
   162    69     9     4

Precision / Recall
    0.7013    0.9759


Number of bins: 242
Average bin size: 1.008264e+00
Completed iteration:27
Prediction points:244
  TP     FP     TN     FN
   161    57    14    12

Precision / Recall
    0.7385    0.9306


Number of bins: 244
Average bin size: 1
Completed iteration:28
Prediction points:244
  TP     FP     TN     FN
   158    65    12     9

Precision / Recall
    0.7085    0.9461


Number of bins: 244
Average bin size: 1
Completed iteration:29
Prediction points:244
  TP     FP     TN     FN
   161    67     9     7

Precision / Recall
    0.7061    0.9583


Number of bins: 243
Average bin size: 1.004115e+00
Completed iteration:30
Prediction points:244
  TP     FP     TN     FN
   171    55    10     8

Precision / Recall
    0.7566    0.9553

[Warning: Duplicate data points have been detected and removed - corresponding values have been
averaged.] 
[> In <a href="matlab: opentoline('C:\Program Files\MATLAB\R2013b\toolbox\matlab\polyfun\griddata.m',184,1)">griddata>useScatteredInterp at 184</a>
  In <a href="matlab: opentoline('C:\Program Files\MATLAB\R2013b\toolbox\matlab\polyfun\griddata.m',125,1)">griddata at 125</a>
  In <a href="matlab: opentoline('Z:\Thesis\generateContour.m',43,1)">generateContour at 43</a>
  In <a href="matlab: opentoline('Z:\Thesis\GP_GraspIt_TP_hybrid_kdtree.m',443,1)">GP_GraspIt_TP_hybrid_kdtree at 443</a>
  In <a href="matlab: opentoline('Z:\Thesis\runBatchEnergyHybrid.m',6,1)">runBatchEnergyHybrid at 6</a>] 
Overall results (hybrid)
All datapoints used
AUC ave err std
    0.5183

    0.0400

    0.0400

Precision / Recall macro
    0.7298    0.9640

Precision / Recall micro
    0.7297    0.9640

    TPR       FPR       TNR       FNR       cutoff
computation time (s)
  229.9000

