!!!!below quality measures have been removed due to insufficient data!!!!!!!!!!!!
    ' TriangleSize'

binThreshold:60
energy base:40
using confidence:1
Number of bins: 15
Average bin size: 2.213333e+01
Eliminated 38 points
Completed iteration:1
Prediction points:206
  TP     FP     TN     FN
   117    30    13    46

Precision / Recall
    0.7959    0.7178

Number of bins: 15
Average bin size: 2.293333e+01
Eliminated 14 points
Completed iteration:2
Prediction points:230
  TP     FP     TN     FN
   133    41    23    33

Precision / Recall
    0.7644    0.8012

Number of bins: 16
Average bin size: 2.031250e+01
Eliminated 14 points
Completed iteration:3
Prediction points:230
  TP     FP     TN     FN
   130    42    18    40

Precision / Recall
    0.7558    0.7647

Number of bins: 16
Average bin size: 2.106250e+01
Eliminated 5 points
Completed iteration:4
Prediction points:239
  TP     FP     TN     FN
   122    52    17    48

Precision / Recall
    0.7011    0.7176

Number of bins: 18
Average bin size: 1.827778e+01
Eliminated 12 points
Completed iteration:5
Prediction points:232
  TP     FP     TN     FN
   121    41    30    40

Precision / Recall
    0.7469    0.7516

Number of bins: 14
Average bin size: 2.457143e+01
Eliminated 8 points
Completed iteration:6
Prediction points:236
  TP     FP     TN     FN
   125    44    21    46

Precision / Recall
    0.7396    0.7310

Number of bins: 15
Average bin size: 2.273333e+01
Eliminated 46 points
Completed iteration:7
Prediction points:198
  TP     FP     TN     FN
   114    22    20    42

Precision / Recall
    0.8382    0.7308

Number of bins: 15
Average bin size: 2.233333e+01
Eliminated 14 points
Completed iteration:8
Prediction points:230
  TP     FP     TN     FN
   109    26    35    60

Precision / Recall
    0.8074    0.6450

Number of bins: 17
Average bin size: 1.947059e+01
Eliminated 18 points
Completed iteration:9
Prediction points:226
  TP     FP     TN     FN
   116    45    28    37

Precision / Recall
    0.7205    0.7582

Number of bins: 17
Average bin size: 20
Eliminated 18 points
Completed iteration:10
Prediction points:226
  TP     FP     TN     FN
   116    44    20    46

Precision / Recall
    0.7250    0.7160

Number of bins: 17
Average bin size: 1.988235e+01
Eliminated 40 points
Completed iteration:11
Prediction points:204
  TP     FP     TN     FN
   107    33    24    40

Precision / Recall
    0.7643    0.7279

Number of bins: 16
Average bin size: 2.075000e+01
Eliminated 14 points
Completed iteration:12
Prediction points:230
  TP     FP     TN     FN
   133    49    12    36

Precision / Recall
    0.7308    0.7870

Number of bins: 15
Average bin size: 2.206667e+01
Eliminated 12 points
Completed iteration:13
Prediction points:232
  TP     FP     TN     FN
   127    49    19    37

Precision / Recall
    0.7216    0.7744

Number of bins: 19
Average bin size: 1.810526e+01
Eliminated 57 points
Completed iteration:14
Prediction points:187
  TP     FP     TN     FN
   100    31    16    40

Precision / Recall
    0.7634    0.7143

Number of bins: 16
Average bin size: 2.068750e+01
Eliminated 9 points
Completed iteration:15
Prediction points:235
  TP     FP     TN     FN
   126    35    29    45

Precision / Recall
    0.7826    0.7368

Number of bins: 16
Average bin size: 2.118750e+01
Eliminated 36 points
Completed iteration:16
Prediction points:208
  TP     FP     TN     FN
   118    32    24    34

Precision / Recall
    0.7867    0.7763

Number of bins: 16
Average bin size: 2.112500e+01
Eliminated 7 points
Completed iteration:17
Prediction points:237
  TP     FP     TN     FN
   115    44    27    51

Precision / Recall
    0.7233    0.6928

Number of bins: 19
Average bin size: 1.721053e+01
Eliminated 17 points
Completed iteration:18
Prediction points:227
  TP     FP     TN     FN
   123    42    21    41

Precision / Recall
    0.7455    0.7500

Number of bins: 16
Average bin size: 2.125000e+01
Eliminated 26 points
Completed iteration:19
Prediction points:218
  TP     FP     TN     FN
   124    33    20    41

Precision / Recall
    0.7898    0.7515

Number of bins: 17
Average bin size: 1.935294e+01
Eliminated 14 points
Completed iteration:20
Prediction points:230
  TP     FP     TN     FN
   120    40    19    51

Precision / Recall
    0.7500    0.7018

Number of bins: 16
Average bin size: 2.006250e+01
Eliminated 23 points
Completed iteration:21
Prediction points:221
  TP     FP     TN     FN
   122    36    29    34

Precision / Recall
    0.7722    0.7821

Number of bins: 17
Average bin size: 2.011765e+01
Eliminated 15 points
Completed iteration:22
Prediction points:229
  TP     FP     TN     FN
   118    38    29    44

Precision / Recall
    0.7564    0.7284

Number of bins: 15
Average bin size: 22
Eliminated 50 points
Completed iteration:23
Prediction points:194
  TP     FP     TN     FN
    99    31    15    49

Precision / Recall
    0.7615    0.6689

Number of bins: 15
Average bin size: 2.280000e+01
Eliminated 9 points
Completed iteration:24
Prediction points:235
  TP     FP     TN     FN
   142    35    22    36

Precision / Recall
    0.8023    0.7978

Number of bins: 16
Average bin size: 2.056250e+01
Eliminated 11 points
Completed iteration:25
Prediction points:233
  TP     FP     TN     FN
   120    41    25    47

Precision / Recall
    0.7453    0.7186

Number of bins: 16
Average bin size: 21
Eliminated 7 points
Completed iteration:26
Prediction points:237
  TP     FP     TN     FN
   130    45    26    36

Precision / Recall
    0.7429    0.7831

Number of bins: 14
Average bin size: 2.357143e+01
Eliminated 19 points
Completed iteration:27
Prediction points:225
  TP     FP     TN     FN
   123    34    28    40

Precision / Recall
    0.7834    0.7546

Number of bins: 17
Average bin size: 1.929412e+01
Eliminated 42 points
Completed iteration:28
Prediction points:202
  TP     FP     TN     FN
   122    36    17    27

Precision / Recall
    0.7722    0.8188

Number of bins: 17
Average bin size: 1.976471e+01
Eliminated 21 points
Completed iteration:29
Prediction points:223
  TP     FP     TN     FN
   123    45    26    29

Precision / Recall
    0.7321    0.8092

Number of bins: 19
Average bin size: 1.763158e+01
Eliminated 9 points
Completed iteration:30
Prediction points:235
  TP     FP     TN     FN
   134    39    20    42

Precision / Recall
    0.7746    0.7614

Overall results (hybrid)
Confidence threshold=0.5
Filtered datapoints
AUC ave err std
    0.5562

    0.0442

    0.0442

Precision / Recall macro
    0.7599    0.7456

Precision / Recall micro
    0.7586    0.7456

Number of bins: 19
Average bin size: 1.747368e+01
Eliminated 110 points
Completed iteration:1
Prediction points:134
  TP     FP     TN     FN
    90    15    14    15

Precision / Recall
    0.8571    0.8571

Number of bins: 17
Average bin size: 2.017647e+01
Eliminated 105 points
Completed iteration:2
Prediction points:139
  TP     FP     TN     FN
    74    19    16    30

Precision / Recall
    0.7957    0.7115

Number of bins: 18
Average bin size: 1.827778e+01
Eliminated 35 points
Completed iteration:3
Prediction points:209
  TP     FP     TN     FN
   102    44    19    44

Precision / Recall
    0.6986    0.6986

Number of bins: 16
Average bin size: 2.075000e+01
Eliminated 101 points
Completed iteration:4
Prediction points:143
  TP     FP     TN     FN
    75    13    21    34

Precision / Recall
    0.8523    0.6881

Number of bins: 14
Average bin size: 2.392857e+01
Eliminated 43 points
Completed iteration:5
Prediction points:201
  TP     FP     TN     FN
   102    32    22    45

Precision / Recall
    0.7612    0.6939

Number of bins: 19
Average bin size: 1.726316e+01
Eliminated 96 points
Completed iteration:6
Prediction points:148
  TP     FP     TN     FN
    98    18    11    21

Precision / Recall
    0.8448    0.8235

Number of bins: 17
Average bin size: 1.988235e+01
Eliminated 92 points
Completed iteration:7
Prediction points:152
  TP     FP     TN     FN
    93    20    18    21

Precision / Recall
    0.8230    0.8158

Number of bins: 13
Average bin size: 2.553846e+01
Eliminated 55 points
Completed iteration:8
Prediction points:189
  TP     FP     TN     FN
    97    23    19    50

Precision / Recall
    0.8083    0.6599

Number of bins: 17
Average bin size: 1.958824e+01
Eliminated 77 points
Completed iteration:9
Prediction points:167
  TP     FP     TN     FN
    93    23    21    30

Precision / Recall
    0.8017    0.7561

Number of bins: 16
Average bin size: 2.012500e+01
Eliminated 66 points
Completed iteration:10
Prediction points:178
  TP     FP     TN     FN
   103    28    15    32

Precision / Recall
    0.7863    0.7630

Number of bins: 17
Average bin size: 1.917647e+01
Eliminated 20 points
Completed iteration:11
Prediction points:224
  TP     FP     TN     FN
   127    40    29    28

Precision / Recall
    0.7605    0.8194

Number of bins: 16
Average bin size: 2.068750e+01
Eliminated 45 points
Completed iteration:12
Prediction points:199
  TP     FP     TN     FN
   112    28    25    34

Precision / Recall
    0.8000    0.7671

Number of bins: 14
Average bin size: 2.392857e+01
Eliminated 86 points
Completed iteration:13
Prediction points:158
  TP     FP     TN     FN
    86    15    23    34

Precision / Recall
    0.8515    0.7167

Number of bins: 19
Average bin size: 1.742105e+01
Eliminated 50 points
Completed iteration:14
Prediction points:194
  TP     FP     TN     FN
   111    27    16    40

Precision / Recall
    0.8043    0.7351

Number of bins: 20
Average bin size: 1.710000e+01
Eliminated 87 points
Completed iteration:15
Prediction points:157
  TP     FP     TN     FN
    91    25    18    23

Precision / Recall
    0.7845    0.7982

Number of bins: 16
Average bin size: 2.187500e+01
Eliminated 39 points
Completed iteration:16
Prediction points:205
  TP     FP     TN     FN
   134    25    19    27

Precision / Recall
    0.8428    0.8323

Number of bins: 15
Average bin size: 2.233333e+01
Eliminated 23 points
Completed iteration:17
Prediction points:221
  TP     FP     TN     FN
   116    37    27    41

Precision / Recall
    0.7582    0.7389

Number of bins: 16
Average bin size: 2.193750e+01
Eliminated 36 points
Completed iteration:18
Prediction points:208
  TP     FP     TN     FN
   112    33    20    43

Precision / Recall
    0.7724    0.7226

Number of bins: 18
Average bin size: 1.838889e+01
Eliminated 101 points
Completed iteration:19
Prediction points:143
  TP     FP     TN     FN
    84    18    11    30

Precision / Recall
    0.8235    0.7368

Number of bins: 18
Average bin size: 1.855556e+01
Eliminated 40 points
Completed iteration:20
Prediction points:204
  TP     FP     TN     FN
   122    24    24    34

Precision / Recall
    0.8356    0.7821

Number of bins: 16
Average bin size: 2.056250e+01
Eliminated 27 points
Completed iteration:21
Prediction points:217
  TP     FP     TN     FN
   118    34    27    38

Precision / Recall
    0.7763    0.7564

Number of bins: 17
Average bin size: 1.976471e+01
Eliminated 24 points
Completed iteration:22
Prediction points:220
  TP     FP     TN     FN
   128    40    22    30

Precision / Recall
    0.7619    0.8101

Number of bins: 16
Average bin size: 2.093750e+01
Eliminated 91 points
Completed iteration:23
Prediction points:153
  TP     FP     TN     FN
    81    22    16    34

Precision / Recall
    0.7864    0.7043

Number of bins: 16
Average bin size: 2.168750e+01
Eliminated 55 points
Completed iteration:24
Prediction points:189
  TP     FP     TN     FN
   110    25    22    32

Precision / Recall
    0.8148    0.7746

Number of bins: 19
Average bin size: 1.763158e+01
Eliminated 43 points
Completed iteration:25
Prediction points:201
  TP     FP     TN     FN
    99    35    27    40

Precision / Recall
    0.7388    0.7122

Number of bins: 16
Average bin size: 2.131250e+01
Eliminated 26 points
Completed iteration:26
Prediction points:218
  TP     FP     TN     FN
   127    40    18    33

Precision / Recall
    0.7605    0.7937

Number of bins: 15
Average bin size: 2.206667e+01
Eliminated 49 points
Completed iteration:27
Prediction points:195
  TP     FP     TN     FN
   104    26    23    42

Precision / Recall
    0.8000    0.7123

Number of bins: 18
Average bin size: 1.894444e+01
Eliminated 49 points
Completed iteration:28
Prediction points:195
  TP     FP     TN     FN
   103    28    22    42

Precision / Recall
    0.7863    0.7103

Number of bins: 15
Average bin size: 2.226667e+01
Eliminated 21 points
Completed iteration:29
Prediction points:223
  TP     FP     TN     FN
   111    44    28    40

Precision / Recall
    0.7161    0.7351

Number of bins: 19
Average bin size: 1.768421e+01
Eliminated 91 points
Completed iteration:30
Prediction points:153
  TP     FP     TN     FN
    98    17    14    24

Precision / Recall
    0.8522    0.8033

Overall results (hybrid)
Confidence threshold=0.6
Filtered datapoints
AUC ave err std
    0.5706

    0.0569

    0.0569

Precision / Recall macro
    0.7952    0.7543

Precision / Recall micro
    0.7913    0.7541

Number of bins: 20
Average bin size: 1.675000e+01
Eliminated 98 points
Completed iteration:1
Prediction points:146
  TP     FP     TN     FN
    96    22    14    14

Precision / Recall
    0.8136    0.8727

Number of bins: 15
Average bin size: 2.253333e+01
Eliminated 86 points
Completed iteration:2
Prediction points:158
  TP     FP     TN     FN
    71    31    16    40

Precision / Recall
    0.6961    0.6396

Number of bins: 17
Average bin size: 1.941176e+01
Eliminated 104 points
Completed iteration:3
Prediction points:140
  TP     FP     TN     FN
    76    10    14    40

Precision / Recall
    0.8837    0.6552

Number of bins: 16
Average bin size: 2.081250e+01
Eliminated 101 points
Completed iteration:4
Prediction points:143
  TP     FP     TN     FN
    72    19    15    37

Precision / Recall
    0.7912    0.6606

Number of bins: 15
Average bin size: 2.186667e+01
Eliminated 138 points
Completed iteration:5
Prediction points:106
  TP     FP     TN     FN
    67    10     8    21

Precision / Recall
    0.8701    0.7614

Number of bins: 16
Average bin size: 2.062500e+01
Eliminated 158 points
Completed iteration:6
Prediction points:86
  TP     FP     TN     FN
    52     4    11    19

Precision / Recall
    0.9286    0.7324

Number of bins: 16
Average bin size: 2.118750e+01
Eliminated 82 points
Completed iteration:7
Prediction points:162
  TP     FP     TN     FN
    90    22    17    33

Precision / Recall
    0.8036    0.7317

Number of bins: 18
Average bin size: 1.827778e+01
Eliminated 110 points
Completed iteration:8
Prediction points:134
  TP     FP     TN     FN
    70    16    20    28

Precision / Recall
    0.8140    0.7143

Number of bins: 18
Average bin size: 1.877778e+01
Eliminated 76 points
Completed iteration:9
Prediction points:168
  TP     FP     TN     FN
    90    19    21    38

Precision / Recall
    0.8257    0.7031

Number of bins: 17
Average bin size: 1.941176e+01
Eliminated 115 points
Completed iteration:10
Prediction points:129
  TP     FP     TN     FN
    73    19    15    22

Precision / Recall
    0.7935    0.7684

Number of bins: 16
Average bin size: 2.093750e+01
Eliminated 81 points
Completed iteration:11
Prediction points:163
  TP     FP     TN     FN
   107    19    14    23

Precision / Recall
    0.8492    0.8231

Number of bins: 18
Average bin size: 1.861111e+01
Eliminated 56 points
Completed iteration:12
Prediction points:188
  TP     FP     TN     FN
    95    21    28    44

Precision / Recall
    0.8190    0.6835

Number of bins: 17
Average bin size: 1.958824e+01
Eliminated 48 points
Completed iteration:13
Prediction points:196
  TP     FP     TN     FN
   109    26    34    27

Precision / Recall
    0.8074    0.8015

Number of bins: 19
Average bin size: 1.768421e+01
Eliminated 118 points
Completed iteration:14
Prediction points:126
  TP     FP     TN     FN
    67    26    12    21

Precision / Recall
    0.7204    0.7614

Number of bins: 18
Average bin size: 1.883333e+01
Eliminated 67 points
Completed iteration:15
Prediction points:177
  TP     FP     TN     FN
   101    15    31    30

Precision / Recall
    0.8707    0.7710

Number of bins: 17
Average bin size: 20
Eliminated 115 points
Completed iteration:16
Prediction points:129
  TP     FP     TN     FN
    84    16     8    21

Precision / Recall
    0.8400    0.8000

Number of bins: 15
Average bin size: 2.153333e+01
Eliminated 49 points
Completed iteration:17
Prediction points:195
  TP     FP     TN     FN
    85    34    24    52

Precision / Recall
    0.7143    0.6204

Number of bins: 18
Average bin size: 1.866667e+01
Eliminated 70 points
Completed iteration:18
Prediction points:174
  TP     FP     TN     FN
    94    31    22    27

Precision / Recall
    0.7520    0.7769

Number of bins: 17
Average bin size: 1.935294e+01
Eliminated 86 points
Completed iteration:19
Prediction points:158
  TP     FP     TN     FN
    96    18    16    28

Precision / Recall
    0.8421    0.7742

Number of bins: 17
Average bin size: 1.994118e+01
Eliminated 85 points
Completed iteration:20
Prediction points:159
  TP     FP     TN     FN
    66    15    30    48

Precision / Recall
    0.8148    0.5789

Number of bins: 17
Average bin size: 1.958824e+01
Eliminated 60 points
Completed iteration:21
Prediction points:184
  TP     FP     TN     FN
    93    38    14    39

Precision / Recall
    0.7099    0.7045

Number of bins: 16
Average bin size: 2.056250e+01
Eliminated 94 points
Completed iteration:22
Prediction points:150
  TP     FP     TN     FN
    80    18    23    29

Precision / Recall
    0.8163    0.7339

Number of bins: 19
Average bin size: 1.794737e+01
Eliminated 96 points
Completed iteration:23
Prediction points:148
  TP     FP     TN     FN
    93    24     8    23

Precision / Recall
    0.7949    0.8017

Number of bins: 18
Average bin size: 1.883333e+01
Eliminated 58 points
Completed iteration:24
Prediction points:186
  TP     FP     TN     FN
    97    31    23    35

Precision / Recall
    0.7578    0.7348

Number of bins: 15
Average bin size: 2.186667e+01
Eliminated 99 points
Completed iteration:25
Prediction points:145
  TP     FP     TN     FN
    76    13    16    40

Precision / Recall
    0.8539    0.6552

Number of bins: 18
Average bin size: 1.866667e+01
Eliminated 116 points
Completed iteration:26
Prediction points:128
  TP     FP     TN     FN
    75    14     6    33

Precision / Recall
    0.8427    0.6944

Number of bins: 16
Average bin size: 2.068750e+01
Eliminated 101 points
Completed iteration:27
Prediction points:143
  TP     FP     TN     FN
    85    25     9    24

Precision / Recall
    0.7727    0.7798

Number of bins: 15
Average bin size: 2.213333e+01
Eliminated 119 points
Completed iteration:28
Prediction points:125
  TP     FP     TN     FN
    76    18    10    21

Precision / Recall
    0.8085    0.7835

Number of bins: 15
Average bin size: 2.213333e+01
Eliminated 84 points
Completed iteration:29
Prediction points:160
  TP     FP     TN     FN
    87    21    21    31

Precision / Recall
    0.8056    0.7373

Number of bins: 17
Average bin size: 1.982353e+01
Eliminated 109 points
Completed iteration:30
Prediction points:135
  TP     FP     TN     FN
    84    19    13    19

Precision / Recall
    0.8155    0.8155

Overall results (hybrid)
Confidence threshold=0.7
Filtered datapoints
AUC ave err std
    0.5872

    0.0791

    0.0791

Precision / Recall macro
    0.8076    0.7357

Precision / Recall micro
    0.8033    0.7343

Number of bins: 17
Average bin size: 1.994118e+01
Eliminated 111 points
Completed iteration:1
Prediction points:133
  TP     FP     TN     FN
    89    17    10    17

Precision / Recall
    0.8396    0.8396

Number of bins: 20
Average bin size: 1.715000e+01
Eliminated 166 points
Completed iteration:2
Prediction points:78
  TP     FP     TN     FN
    36     6    11    25

Precision / Recall
    0.8571    0.5902

Number of bins: 17
Average bin size: 1.970588e+01
Eliminated 141 points
Completed iteration:3
Prediction points:103
  TP     FP     TN     FN
    65    11     7    20

Precision / Recall
    0.8553    0.7647

Number of bins: 18
Average bin size: 1.850000e+01
Eliminated 127 points
Completed iteration:4
Prediction points:117
  TP     FP     TN     FN
    66    12    14    25

Precision / Recall
    0.8462    0.7253

Number of bins: 16
Average bin size: 2.087500e+01
Eliminated 166 points
Completed iteration:5
Prediction points:78
  TP     FP     TN     FN
    48     6     7    17

Precision / Recall
    0.8889    0.7385

Number of bins: 17
Average bin size: 1.982353e+01
Eliminated 179 points
Completed iteration:6
Prediction points:65
  TP     FP     TN     FN
    38     3     4    20

Precision / Recall
    0.9268    0.6552

Number of bins: 19
Average bin size: 1.763158e+01
Eliminated 124 points
Completed iteration:7
Prediction points:120
  TP     FP     TN     FN
    64    11    14    31

Precision / Recall
    0.8533    0.6737

Number of bins: 16
Average bin size: 2.062500e+01
Eliminated 149 points
Completed iteration:8
Prediction points:95
  TP     FP     TN     FN
    58    12    10    15

Precision / Recall
    0.8286    0.7945

Number of bins: 16
Average bin size: 2.081250e+01
Eliminated 134 points
Completed iteration:9
Prediction points:110
  TP     FP     TN     FN
    63    10     9    28

Precision / Recall
    0.8630    0.6923

Number of bins: 17
Average bin size: 1.964706e+01
Eliminated 135 points
Completed iteration:10
Prediction points:109
  TP     FP     TN     FN
    55     6    21    27

Precision / Recall
    0.9016    0.6707

Number of bins: 13
Average bin size: 2.638462e+01
Eliminated 122 points
Completed iteration:11
Prediction points:122
  TP     FP     TN     FN
    82    10    12    18

Precision / Recall
    0.8913    0.8200

Number of bins: 16
Average bin size: 2.118750e+01
Eliminated 142 points
Completed iteration:12
Prediction points:102
  TP     FP     TN     FN
    69    12     8    13

Precision / Recall
    0.8519    0.8415

Number of bins: 17
Average bin size: 1.958824e+01
Eliminated 91 points
Completed iteration:13
Prediction points:153
  TP     FP     TN     FN
    73    16    24    40

Precision / Recall
    0.8202    0.6460

Number of bins: 19
Average bin size: 1.768421e+01
Eliminated 134 points
Completed iteration:14
Prediction points:110
  TP     FP     TN     FN
    76     7    10    17

Precision / Recall
    0.9157    0.8172

Number of bins: 19
Average bin size: 1.778947e+01
Eliminated 133 points
Completed iteration:15
Prediction points:111
  TP     FP     TN     FN
    64    13    14    20

Precision / Recall
    0.8312    0.7619

Number of bins: 17
Average bin size: 1.964706e+01
Eliminated 129 points
Completed iteration:16
Prediction points:115
  TP     FP     TN     FN
    66     8    17    24

Precision / Recall
    0.8919    0.7333

Number of bins: 18
Average bin size: 1.883333e+01
Eliminated 152 points
Completed iteration:17
Prediction points:92
  TP     FP     TN     FN
    48     7    13    24

Precision / Recall
    0.8727    0.6667

Number of bins: 15
Average bin size: 2.273333e+01
Eliminated 154 points
Completed iteration:18
Prediction points:90
  TP     FP     TN     FN
    48     7    14    21

Precision / Recall
    0.8727    0.6957

Number of bins: 15
Average bin size: 2.246667e+01
Eliminated 146 points
Completed iteration:19
Prediction points:98
  TP     FP     TN     FN
    46    15    11    26

Precision / Recall
    0.7541    0.6389

Number of bins: 16
Average bin size: 21
Eliminated 174 points
Completed iteration:20
Prediction points:70
  TP     FP     TN     FN
    36     8     9    17

Precision / Recall
    0.8182    0.6792

Number of bins: 14
Average bin size: 2.407143e+01
Eliminated 167 points
Completed iteration:21
Prediction points:77
  TP     FP     TN     FN
    44     5     8    20

Precision / Recall
    0.8980    0.6875

Number of bins: 17
Average bin size: 1.994118e+01
Eliminated 167 points
Completed iteration:22
Prediction points:77
  TP     FP     TN     FN
    45     3    12    17

Precision / Recall
    0.9375    0.7258

Number of bins: 17
Average bin size: 1.982353e+01
Eliminated 201 points
Completed iteration:23
Prediction points:43
  TP     FP     TN     FN
    27     5     6     5

Precision / Recall
    0.8438    0.8438

Number of bins: 20
Average bin size: 1.695000e+01
Eliminated 166 points
Completed iteration:24
Prediction points:78
  TP     FP     TN     FN
    53     3     4    18

Precision / Recall
    0.9464    0.7465

Number of bins: 16
Average bin size: 2.087500e+01
Eliminated 141 points
Completed iteration:25
Prediction points:103
  TP     FP     TN     FN
    57    14     7    25

Precision / Recall
    0.8028    0.6951

Number of bins: 17
Average bin size: 1.952941e+01
Eliminated 131 points
Completed iteration:26
Prediction points:113
  TP     FP     TN     FN
    63     8    15    27

Precision / Recall
    0.8873    0.7000

Number of bins: 17
Average bin size: 1.952941e+01
Eliminated 128 points
Completed iteration:27
Prediction points:116
  TP     FP     TN     FN
    64    10    17    25

Precision / Recall
    0.8649    0.7191

Number of bins: 14
Average bin size: 2.357143e+01
Eliminated 140 points
Completed iteration:28
Prediction points:104
  TP     FP     TN     FN
    57     7    15    25

Precision / Recall
    0.8906    0.6951

Number of bins: 17
Average bin size: 2.047059e+01
Eliminated 134 points
Completed iteration:29
Prediction points:110
  TP     FP     TN     FN
    75     9    11    15

Precision / Recall
    0.8929    0.8333

Number of bins: 16
Average bin size: 2.068750e+01
Eliminated 122 points
Completed iteration:30
Prediction points:122
  TP     FP     TN     FN
    68    17    17    20

Precision / Recall
    0.8000    0.7727

Overall results (hybrid)
Confidence threshold=0.8
Filtered datapoints
AUC ave err std
    0.6314

    0.0578

    0.0578

Precision / Recall macro
    0.8648    0.7288

Precision / Recall micro
    0.8624    0.7308

Number of bins: 15
Average bin size: 2.153333e+01
Eliminated 209 points
Completed iteration:1
Prediction points:35
  TP     FP     TN     FN
    14     2     5    14

Precision / Recall
    0.8750    0.5000

Number of bins: 16
Average bin size: 2.075000e+01
Eliminated 204 points
Completed iteration:2
Prediction points:40
  TP     FP     TN     FN
    28     3     2     7

Precision / Recall
    0.9032    0.8000

Number of bins: 16
Average bin size: 2.118750e+01
Eliminated 141 points
Completed iteration:3
Prediction points:103
  TP     FP     TN     FN
    60     4    13    26

Precision / Recall
    0.9375    0.6977

Number of bins: 16
Average bin size: 2.081250e+01
Eliminated 195 points
Completed iteration:4
Prediction points:49
  TP     FP     TN     FN
    33     3     4     9

Precision / Recall
    0.9167    0.7857

Number of bins: 15
Average bin size: 2.186667e+01
Eliminated 199 points
Completed iteration:5
Prediction points:45
  TP     FP     TN     FN
    26     2     9     8

Precision / Recall
    0.9286    0.7647

Number of bins: 19
Average bin size: 1.831579e+01
Eliminated 154 points
Completed iteration:6
Prediction points:90
  TP     FP     TN     FN
    57     7     8    18

Precision / Recall
    0.8906    0.7600

Number of bins: 13
Average bin size: 2.576923e+01
Eliminated 218 points
Completed iteration:7
Prediction points:26
  TP     FP     TN     FN
    16     2     0     8

Precision / Recall
    0.8889    0.6667

Number of bins: 19
Average bin size: 1.821053e+01
Eliminated 234 points
Completed iteration:8
Prediction points:10
  TP     FP     TN     FN
     4     0     2     4

Precision / Recall
    1.0000    0.5000

Number of bins: 15
Average bin size: 2.206667e+01
Eliminated 208 points
Completed iteration:9
Prediction points:36
  TP     FP     TN     FN
    14     6    10     6

Precision / Recall
    0.7000    0.7000

Number of bins: 15
Average bin size: 22
Eliminated 191 points
Completed iteration:10
Prediction points:53
  TP     FP     TN     FN
    31     3     8    11

Precision / Recall
    0.9118    0.7381

Number of bins: 18
Average bin size: 1.872222e+01
Eliminated 155 points
Completed iteration:11
Prediction points:89
  TP     FP     TN     FN
    64     7     5    13

Precision / Recall
    0.9014    0.8312

Number of bins: 14
Average bin size: 2.350000e+01
Eliminated 186 points
Completed iteration:12
Prediction points:58
  TP     FP     TN     FN
    27     6    13    12

Precision / Recall
    0.8182    0.6923

Number of bins: 12
Average bin size: 2.683333e+01
Eliminated 205 points
Completed iteration:13
Prediction points:39
  TP     FP     TN     FN
    26     6     2     5

Precision / Recall
    0.8125    0.8387

Number of bins: 17
Average bin size: 1.952941e+01
Eliminated 244 points
Not enough valid test points; skipping iteration.
Number of bins: 16
Average bin size: 2.087500e+01
Eliminated 192 points
Completed iteration:15
Prediction points:52
  TP     FP     TN     FN
    33     2     3    14

Precision / Recall
    0.9429    0.7021

Number of bins: 18
Average bin size: 1.877778e+01
Eliminated 227 points
Completed iteration:16
Prediction points:17
  TP     FP     TN     FN
     9     1     0     7

Precision / Recall
    0.9000    0.5625

Number of bins: 17
Average bin size: 1.952941e+01
Eliminated 207 points
Completed iteration:17
Prediction points:37
  TP     FP     TN     FN
    25     0     5     7

Precision / Recall
    1.0000    0.7813

Number of bins: 13
Average bin size: 2.561538e+01
Eliminated 175 points
Completed iteration:18
Prediction points:69
  TP     FP     TN     FN
    25     5    14    25

Precision / Recall
    0.8333    0.5000

Number of bins: 17
Average bin size: 1.964706e+01
Eliminated 226 points
Completed iteration:19
Prediction points:18
  TP     FP     TN     FN
    14     0     0     4

Precision / Recall
    1.0000    0.7778

Number of bins: 16
Average bin size: 2.056250e+01
Eliminated 191 points
Completed iteration:20
Prediction points:53
  TP     FP     TN     FN
    35     1     7    10

Precision / Recall
    0.9722    0.7778

Number of bins: 14
Average bin size: 24
Eliminated 232 points
Completed iteration:21
Prediction points:12
  TP     FP     TN     FN
    11     0     0     1

Precision / Recall
    1.0000    0.9167

Number of bins: 18
Average bin size: 1.833333e+01
Eliminated 181 points
Completed iteration:22
Prediction points:63
  TP     FP     TN     FN
    34     2     9    18

Precision / Recall
    0.9444    0.6538

Number of bins: 16
Average bin size: 2.075000e+01
Eliminated 162 points
Completed iteration:23
Prediction points:82
  TP     FP     TN     FN
    33     6    14    29

Precision / Recall
    0.8462    0.5323

Number of bins: 18
Average bin size: 1.877778e+01
Eliminated 189 points
Completed iteration:24
Prediction points:55
  TP     FP     TN     FN
    31     1     6    17

Precision / Recall
    0.9688    0.6458

Number of bins: 15
Average bin size: 2.206667e+01
Eliminated 156 points
Completed iteration:25
Prediction points:88
  TP     FP     TN     FN
    45     9    11    23

Precision / Recall
    0.8333    0.6618

Number of bins: 17
Average bin size: 1.952941e+01
Eliminated 180 points
Completed iteration:26
Prediction points:64
  TP     FP     TN     FN
    44    10     3     7

Precision / Recall
    0.8148    0.8627

Number of bins: 17
Average bin size: 1.982353e+01
Eliminated 184 points
Completed iteration:27
Prediction points:60
  TP     FP     TN     FN
    32     2     6    20

Precision / Recall
    0.9412    0.6154

Number of bins: 16
Average bin size: 2.093750e+01
Eliminated 194 points
Completed iteration:28
Prediction points:50
  TP     FP     TN     FN
    35     2     5     8

Precision / Recall
    0.9459    0.8140

Number of bins: 16
Average bin size: 2.031250e+01
Eliminated 190 points
Completed iteration:29
Prediction points:54
  TP     FP     TN     FN
    28     4     1    21

Precision / Recall
    0.8750    0.5714

Number of bins: 16
Average bin size: 2.125000e+01
Eliminated 219 points
Completed iteration:30
Prediction points:25
  TP     FP     TN     FN
    21     3     0     1

Precision / Recall
    0.8750    0.9545

Overall results (hybrid)
Confidence threshold=0.9
Filtered datapoints
AUC ave err std
   NaN

   NaN

   NaN

Precision / Recall macro
   NaN   NaN

Precision / Recall micro
    0.8962    0.7078

computation time (s)
   7.7837e+04

