!!!!below quality measures have been removed due to insufficient data!!!!!!!!!!!!
    ' TriangleSize'

binThreshold:50
energy base:40
using confidence:1
Number of bins: 16
Average bin size: 2.075000e+01
Eliminated 38 points
Completed iteration:1
Prediction points:206
  TP     FP     TN     FN
   113    30    13    50

Precision / Recall
    0.7902    0.6933

Number of bins: 15
Average bin size: 2.293333e+01
Eliminated 14 points
Completed iteration:2
Prediction points:230
  TP     FP     TN     FN
   133    41    23    33

Precision / Recall
    0.7644    0.8012

Number of bins: 18
Average bin size: 1.805556e+01
Eliminated 14 points
Completed iteration:3
Prediction points:230
  TP     FP     TN     FN
   127    40    20    43

Precision / Recall
    0.7605    0.7471

Number of bins: 18
Average bin size: 1.872222e+01
Eliminated 5 points
Completed iteration:4
Prediction points:239
  TP     FP     TN     FN
   122    52    17    48

Precision / Recall
    0.7011    0.7176

Number of bins: 20
Average bin size: 1.645000e+01
Eliminated 12 points
Completed iteration:5
Prediction points:232
  TP     FP     TN     FN
   122    42    29    39

Precision / Recall
    0.7439    0.7578

Number of bins: 17
Average bin size: 2.023529e+01
Eliminated 8 points
Completed iteration:6
Prediction points:236
  TP     FP     TN     FN
   121    44    21    50

Precision / Recall
    0.7333    0.7076

Number of bins: 18
Average bin size: 1.894444e+01
Eliminated 35 points
Completed iteration:7
Prediction points:209
  TP     FP     TN     FN
   112    24    24    49

Precision / Recall
    0.8235    0.6957

Number of bins: 17
Average bin size: 1.970588e+01
Eliminated 14 points
Completed iteration:8
Prediction points:230
  TP     FP     TN     FN
   109    27    34    60

Precision / Recall
    0.8015    0.6450

Number of bins: 19
Average bin size: 1.742105e+01
Eliminated 18 points
Completed iteration:9
Prediction points:226
  TP     FP     TN     FN
   117    45    28    36

Precision / Recall
    0.7222    0.7647

Number of bins: 20
Average bin size: 17
Eliminated 23 points
Completed iteration:10
Prediction points:221
  TP     FP     TN     FN
   116    43    21    41

Precision / Recall
    0.7296    0.7389

Number of bins: 19
Average bin size: 1.778947e+01
Eliminated 40 points
Completed iteration:11
Prediction points:204
  TP     FP     TN     FN
   103    33    24    44

Precision / Recall
    0.7574    0.7007

Number of bins: 19
Average bin size: 1.747368e+01
Eliminated 15 points
Completed iteration:12
Prediction points:229
  TP     FP     TN     FN
   129    47    13    40

Precision / Recall
    0.7330    0.7633

Number of bins: 19
Average bin size: 1.742105e+01
Eliminated 13 points
Completed iteration:13
Prediction points:231
  TP     FP     TN     FN
   120    47    20    44

Precision / Recall
    0.7186    0.7317

Number of bins: 22
Average bin size: 1.563636e+01
Eliminated 57 points
Completed iteration:14
Prediction points:187
  TP     FP     TN     FN
   104    29    18    36

Precision / Recall
    0.7820    0.7429

Number of bins: 18
Average bin size: 1.838889e+01
Eliminated 18 points
Completed iteration:15
Prediction points:226
  TP     FP     TN     FN
   126    34    26    40

Precision / Recall
    0.7875    0.7590

Number of bins: 21
Average bin size: 1.614286e+01
Eliminated 41 points
Completed iteration:16
Prediction points:203
  TP     FP     TN     FN
   116    32    24    31

Precision / Recall
    0.7838    0.7891

Number of bins: 22
Average bin size: 1.536364e+01
Eliminated 26 points
Completed iteration:17
Prediction points:218
  TP     FP     TN     FN
   112    35    27    44

Precision / Recall
    0.7619    0.7179

Number of bins: 23
Average bin size: 1.421739e+01
Eliminated 17 points
Completed iteration:18
Prediction points:227
  TP     FP     TN     FN
   120    43    20    44

Precision / Recall
    0.7362    0.7317

Number of bins: 19
Average bin size: 1.789474e+01
Eliminated 32 points
Completed iteration:19
Prediction points:212
  TP     FP     TN     FN
   127    28    22    35

Precision / Recall
    0.8194    0.7840

Number of bins: 20
Average bin size: 1.645000e+01
Eliminated 22 points
Completed iteration:20
Prediction points:222
  TP     FP     TN     FN
   110    39    18    55

Precision / Recall
    0.7383    0.6667

Number of bins: 17
Average bin size: 1.888235e+01
Eliminated 23 points
Completed iteration:21
Prediction points:221
  TP     FP     TN     FN
   122    36    29    34

Precision / Recall
    0.7722    0.7821

Number of bins: 20
Average bin size: 1.710000e+01
Eliminated 16 points
Completed iteration:22
Prediction points:228
  TP     FP     TN     FN
   120    38    29    41

Precision / Recall
    0.7595    0.7453

Number of bins: 17
Average bin size: 1.941176e+01
Eliminated 50 points
Completed iteration:23
Prediction points:194
  TP     FP     TN     FN
    90    29    17    58

Precision / Recall
    0.7563    0.6081

Number of bins: 20
Average bin size: 1.710000e+01
Eliminated 11 points
Completed iteration:24
Prediction points:233
  TP     FP     TN     FN
   136    35    22    40

Precision / Recall
    0.7953    0.7727

Number of bins: 17
Average bin size: 1.935294e+01
Eliminated 11 points
Completed iteration:25
Prediction points:233
  TP     FP     TN     FN
   115    39    27    52

Precision / Recall
    0.7468    0.6886

Number of bins: 21
Average bin size: 16
Eliminated 13 points
Completed iteration:26
Prediction points:231
  TP     FP     TN     FN
   121    44    27    39

Precision / Recall
    0.7333    0.7562

Number of bins: 15
Average bin size: 22
Eliminated 19 points
Completed iteration:27
Prediction points:225
  TP     FP     TN     FN
   121    35    27    42

Precision / Recall
    0.7756    0.7423

Number of bins: 21
Average bin size: 1.561905e+01
Eliminated 42 points
Completed iteration:28
Prediction points:202
  TP     FP     TN     FN
   121    35    18    28

Precision / Recall
    0.7756    0.8121

Number of bins: 20
Average bin size: 1.680000e+01
Eliminated 21 points
Completed iteration:29
Prediction points:223
  TP     FP     TN     FN
   117    41    30    35

Precision / Recall
    0.7405    0.7697

Number of bins: 19
Average bin size: 1.763158e+01
Eliminated 9 points
Completed iteration:30
Prediction points:235
  TP     FP     TN     FN
   134    39    20    42

Precision / Recall
    0.7746    0.7614

Overall results (hybrid)
Confidence threshold=0.5
Filtered datapoints
AUC ave err std
    0.5607

    0.0411

    0.0411

Precision / Recall macro
    0.7606    0.7365

Precision / Recall micro
    0.7595    0.7364

Number of bins: 20
Average bin size: 1.660000e+01
Eliminated 110 points
Completed iteration:1
Prediction points:134
  TP     FP     TN     FN
    87    16    13    18

Precision / Recall
    0.8447    0.8286

Number of bins: 20
Average bin size: 1.715000e+01
Eliminated 117 points
Completed iteration:2
Prediction points:127
  TP     FP     TN     FN
    65    18    13    31

Precision / Recall
    0.7831    0.6771

Number of bins: 22
Average bin size: 1.495455e+01
Eliminated 41 points
Completed iteration:3
Prediction points:203
  TP     FP     TN     FN
    99    44    18    42

Precision / Recall
    0.6923    0.7021

Number of bins: 17
Average bin size: 1.952941e+01
Eliminated 101 points
Completed iteration:4
Prediction points:143
  TP     FP     TN     FN
    75    13    21    34

Precision / Recall
    0.8523    0.6881

Number of bins: 19
Average bin size: 1.763158e+01
Eliminated 74 points
Completed iteration:5
Prediction points:170
  TP     FP     TN     FN
    93    21    19    37

Precision / Recall
    0.8158    0.7154

Number of bins: 22
Average bin size: 1.490909e+01
Eliminated 96 points
Completed iteration:6
Prediction points:148
  TP     FP     TN     FN
    94    17    12    25

Precision / Recall
    0.8468    0.7899

Number of bins: 20
Average bin size: 1.690000e+01
Eliminated 92 points
Completed iteration:7
Prediction points:152
  TP     FP     TN     FN
    92    21    17    22

Precision / Recall
    0.8142    0.8070

Number of bins: 19
Average bin size: 1.747368e+01
Eliminated 66 points
Completed iteration:8
Prediction points:178
  TP     FP     TN     FN
    96    20    16    46

Precision / Recall
    0.8276    0.6761

Number of bins: 21
Average bin size: 1.585714e+01
Eliminated 77 points
Completed iteration:9
Prediction points:167
  TP     FP     TN     FN
    92    23    21    31

Precision / Recall
    0.8000    0.7480

Number of bins: 18
Average bin size: 1.788889e+01
Eliminated 66 points
Completed iteration:10
Prediction points:178
  TP     FP     TN     FN
   100    23    20    35

Precision / Recall
    0.8130    0.7407

Number of bins: 17
Average bin size: 1.917647e+01
Eliminated 20 points
Completed iteration:11
Prediction points:224
  TP     FP     TN     FN
   127    40    29    28

Precision / Recall
    0.7605    0.8194

Number of bins: 17
Average bin size: 1.947059e+01
Eliminated 45 points
Completed iteration:12
Prediction points:199
  TP     FP     TN     FN
   113    28    25    33

Precision / Recall
    0.8014    0.7740

Number of bins: 16
Average bin size: 2.093750e+01
Eliminated 87 points
Completed iteration:13
Prediction points:157
  TP     FP     TN     FN
    85    14    23    35

Precision / Recall
    0.8586    0.7083

Number of bins: 22
Average bin size: 1.504545e+01
Eliminated 50 points
Completed iteration:14
Prediction points:194
  TP     FP     TN     FN
   109    26    17    42

Precision / Recall
    0.8074    0.7219

Number of bins: 24
Average bin size: 1.425000e+01
Eliminated 87 points
Completed iteration:15
Prediction points:157
  TP     FP     TN     FN
    90    24    19    24

Precision / Recall
    0.7895    0.7895

Number of bins: 19
Average bin size: 1.842105e+01
Eliminated 40 points
Completed iteration:16
Prediction points:204
  TP     FP     TN     FN
   127    25    19    33

Precision / Recall
    0.8355    0.7937

Number of bins: 15
Average bin size: 2.233333e+01
Eliminated 23 points
Completed iteration:17
Prediction points:221
  TP     FP     TN     FN
   116    37    27    41

Precision / Recall
    0.7582    0.7389

Number of bins: 20
Average bin size: 1.755000e+01
Eliminated 42 points
Completed iteration:18
Prediction points:202
  TP     FP     TN     FN
   108    32    20    42

Precision / Recall
    0.7714    0.7200

Number of bins: 19
Average bin size: 1.742105e+01
Eliminated 101 points
Completed iteration:19
Prediction points:143
  TP     FP     TN     FN
    85    18    11    29

Precision / Recall
    0.8252    0.7456

Number of bins: 22
Average bin size: 1.518182e+01
Eliminated 40 points
Completed iteration:20
Prediction points:204
  TP     FP     TN     FN
   122    24    24    34

Precision / Recall
    0.8356    0.7821

Number of bins: 18
Average bin size: 1.827778e+01
Eliminated 32 points
Completed iteration:21
Prediction points:212
  TP     FP     TN     FN
   119    35    25    33

Precision / Recall
    0.7727    0.7829

Number of bins: 23
Average bin size: 1.460870e+01
Eliminated 41 points
Completed iteration:22
Prediction points:203
  TP     FP     TN     FN
   112    33    23    35

Precision / Recall
    0.7724    0.7619

Number of bins: 17
Average bin size: 1.970588e+01
Eliminated 91 points
Completed iteration:23
Prediction points:153
  TP     FP     TN     FN
    80    21    17    35

Precision / Recall
    0.7921    0.6957

Number of bins: 20
Average bin size: 1.735000e+01
Eliminated 61 points
Completed iteration:24
Prediction points:183
  TP     FP     TN     FN
   108    27    17    31

Precision / Recall
    0.8000    0.7770

Number of bins: 23
Average bin size: 1.456522e+01
Eliminated 43 points
Completed iteration:25
Prediction points:201
  TP     FP     TN     FN
    91    36    26    48

Precision / Recall
    0.7165    0.6547

Number of bins: 20
Average bin size: 1.705000e+01
Eliminated 69 points
Completed iteration:26
Prediction points:175
  TP     FP     TN     FN
   103    21    20    31

Precision / Recall
    0.8306    0.7687

Number of bins: 16
Average bin size: 2.068750e+01
Eliminated 49 points
Completed iteration:27
Prediction points:195
  TP     FP     TN     FN
   104    26    23    42

Precision / Recall
    0.8000    0.7123

Number of bins: 23
Average bin size: 1.482609e+01
Eliminated 92 points
Completed iteration:28
Prediction points:152
  TP     FP     TN     FN
    86    12    19    35

Precision / Recall
    0.8776    0.7107

Number of bins: 20
Average bin size: 1.670000e+01
Eliminated 21 points
Completed iteration:29
Prediction points:223
  TP     FP     TN     FN
   112    44    28    39

Precision / Recall
    0.7179    0.7417

Number of bins: 23
Average bin size: 1.460870e+01
Eliminated 73 points
Completed iteration:30
Prediction points:171
  TP     FP     TN     FN
   106    20    15    30

Precision / Recall
    0.8413    0.7794

Overall results (hybrid)
Confidence threshold=0.6
Filtered datapoints
AUC ave err std
    0.5798

    0.0552

    0.0552

Precision / Recall macro
    0.8018    0.7450

Precision / Recall micro
    0.7979    0.7458

Number of bins: 22
Average bin size: 1.522727e+01
Eliminated 112 points
Completed iteration:1
Prediction points:132
  TP     FP     TN     FN
    89    15    13    15

Precision / Recall
    0.8558    0.8558

Number of bins: 17
Average bin size: 1.988235e+01
Eliminated 81 points
Completed iteration:2
Prediction points:163
  TP     FP     TN     FN
    73    30    17    43

Precision / Recall
    0.7087    0.6293

Number of bins: 20
Average bin size: 1.650000e+01
Eliminated 98 points
Completed iteration:3
Prediction points:146
  TP     FP     TN     FN
    87    13    12    34

Precision / Recall
    0.8700    0.7190

Number of bins: 19
Average bin size: 1.752632e+01
Eliminated 99 points
Completed iteration:4
Prediction points:145
  TP     FP     TN     FN
    71    16    19    39

Precision / Recall
    0.8161    0.6455

Number of bins: 18
Average bin size: 1.822222e+01
Eliminated 136 points
Completed iteration:5
Prediction points:108
  TP     FP     TN     FN
    64    10     9    25

Precision / Recall
    0.8649    0.7191

Number of bins: 20
Average bin size: 1.650000e+01
Eliminated 99 points
Completed iteration:6
Prediction points:145
  TP     FP     TN     FN
    88    11    15    31

Precision / Recall
    0.8889    0.7395

Number of bins: 21
Average bin size: 1.614286e+01
Eliminated 74 points
Completed iteration:7
Prediction points:170
  TP     FP     TN     FN
    93    24    17    36

Precision / Recall
    0.7949    0.7209

Number of bins: 18
Average bin size: 1.827778e+01
Eliminated 110 points
Completed iteration:8
Prediction points:134
  TP     FP     TN     FN
    70    16    20    28

Precision / Recall
    0.8140    0.7143

Number of bins: 20
Average bin size: 1.690000e+01
Eliminated 76 points
Completed iteration:9
Prediction points:168
  TP     FP     TN     FN
    85    18    22    43

Precision / Recall
    0.8252    0.6641

Number of bins: 18
Average bin size: 1.833333e+01
Eliminated 115 points
Completed iteration:10
Prediction points:129
  TP     FP     TN     FN
    72    17    17    23

Precision / Recall
    0.8090    0.7579

Number of bins: 20
Average bin size: 1.675000e+01
Eliminated 107 points
Completed iteration:11
Prediction points:137
  TP     FP     TN     FN
    97     8    14    18

Precision / Recall
    0.9238    0.8435

Number of bins: 23
Average bin size: 1.456522e+01
Eliminated 105 points
Completed iteration:12
Prediction points:139
  TP     FP     TN     FN
    65    13    26    35

Precision / Recall
    0.8333    0.6500

Number of bins: 19
Average bin size: 1.752632e+01
Eliminated 48 points
Completed iteration:13
Prediction points:196
  TP     FP     TN     FN
   109    26    34    27

Precision / Recall
    0.8074    0.8015

Number of bins: 22
Average bin size: 1.527273e+01
Eliminated 120 points
Completed iteration:14
Prediction points:124
  TP     FP     TN     FN
    63    24    12    25

Precision / Recall
    0.7241    0.7159

Number of bins: 22
Average bin size: 1.540909e+01
Eliminated 56 points
Completed iteration:15
Prediction points:188
  TP     FP     TN     FN
    98    19    30    41

Precision / Recall
    0.8376    0.7050

Number of bins: 17
Average bin size: 20
Eliminated 115 points
Completed iteration:16
Prediction points:129
  TP     FP     TN     FN
    84    16     8    21

Precision / Recall
    0.8400    0.8000

Number of bins: 17
Average bin size: 19
Eliminated 49 points
Completed iteration:17
Prediction points:195
  TP     FP     TN     FN
    87    35    23    50

Precision / Recall
    0.7131    0.6350

Number of bins: 22
Average bin size: 1.527273e+01
Eliminated 70 points
Completed iteration:18
Prediction points:174
  TP     FP     TN     FN
    97    36    17    24

Precision / Recall
    0.7293    0.8017

Number of bins: 21
Average bin size: 1.566667e+01
Eliminated 91 points
Completed iteration:19
Prediction points:153
  TP     FP     TN     FN
    86    16    18    33

Precision / Recall
    0.8431    0.7227

Number of bins: 19
Average bin size: 1.784211e+01
Eliminated 85 points
Completed iteration:20
Prediction points:159
  TP     FP     TN     FN
    67    17    28    47

Precision / Recall
    0.7976    0.5877

Number of bins: 19
Average bin size: 1.752632e+01
Eliminated 60 points
Completed iteration:21
Prediction points:184
  TP     FP     TN     FN
    95    35    17    37

Precision / Recall
    0.7308    0.7197

Number of bins: 18
Average bin size: 1.827778e+01
Eliminated 111 points
Completed iteration:22
Prediction points:133
  TP     FP     TN     FN
    71    10    21    31

Precision / Recall
    0.8765    0.6961

Number of bins: 20
Average bin size: 1.705000e+01
Eliminated 99 points
Completed iteration:23
Prediction points:145
  TP     FP     TN     FN
    90    24     8    23

Precision / Recall
    0.7895    0.7965

Number of bins: 24
Average bin size: 1.412500e+01
Eliminated 51 points
Completed iteration:24
Prediction points:193
  TP     FP     TN     FN
    97    29    26    41

Precision / Recall
    0.7698    0.7029

Number of bins: 19
Average bin size: 1.726316e+01
Eliminated 105 points
Completed iteration:25
Prediction points:139
  TP     FP     TN     FN
    80    11    15    33

Precision / Recall
    0.8791    0.7080

Number of bins: 18
Average bin size: 1.866667e+01
Eliminated 116 points
Completed iteration:26
Prediction points:128
  TP     FP     TN     FN
    75    14     6    33

Precision / Recall
    0.8427    0.6944

Number of bins: 18
Average bin size: 1.838889e+01
Eliminated 108 points
Completed iteration:27
Prediction points:136
  TP     FP     TN     FN
    79    19    12    26

Precision / Recall
    0.8061    0.7524

Number of bins: 20
Average bin size: 1.660000e+01
Eliminated 152 points
Completed iteration:28
Prediction points:92
  TP     FP     TN     FN
    57    12     6    17

Precision / Recall
    0.8261    0.7703

Number of bins: 21
Average bin size: 1.580952e+01
Eliminated 85 points
Completed iteration:29
Prediction points:159
  TP     FP     TN     FN
    87    19    24    29

Precision / Recall
    0.8208    0.7500

Number of bins: 18
Average bin size: 1.872222e+01
Eliminated 109 points
Completed iteration:30
Prediction points:135
  TP     FP     TN     FN
    83    18    14    20

Precision / Recall
    0.8218    0.8058

Overall results (hybrid)
Confidence threshold=0.7
Filtered datapoints
AUC ave err std
    0.5891

    0.0659

    0.0659

Precision / Recall macro
    0.8153    0.7275

Precision / Recall micro
    0.8116    0.7260

Number of bins: 19
Average bin size: 1.784211e+01
Eliminated 111 points
Completed iteration:1
Prediction points:133
  TP     FP     TN     FN
    89    17    10    17

Precision / Recall
    0.8396    0.8396

Number of bins: 21
Average bin size: 1.633333e+01
Eliminated 166 points
Completed iteration:2
Prediction points:78
  TP     FP     TN     FN
    36     6    11    25

Precision / Recall
    0.8571    0.5902

Number of bins: 18
Average bin size: 1.861111e+01
Eliminated 141 points
Completed iteration:3
Prediction points:103
  TP     FP     TN     FN
    65    11     7    20

Precision / Recall
    0.8553    0.7647

Number of bins: 18
Average bin size: 1.850000e+01
Eliminated 127 points
Completed iteration:4
Prediction points:117
  TP     FP     TN     FN
    66    12    14    25

Precision / Recall
    0.8462    0.7253

Number of bins: 19
Average bin size: 1.757895e+01
Eliminated 183 points
Completed iteration:5
Prediction points:61
  TP     FP     TN     FN
    38     4     7    12

Precision / Recall
    0.9048    0.7600

Number of bins: 19
Average bin size: 1.773684e+01
Eliminated 133 points
Completed iteration:6
Prediction points:111
  TP     FP     TN     FN
    69    13     7    22

Precision / Recall
    0.8415    0.7582

Number of bins: 21
Average bin size: 1.595238e+01
Eliminated 139 points
Completed iteration:7
Prediction points:105
  TP     FP     TN     FN
    55     5    14    31

Precision / Recall
    0.9167    0.6395

Number of bins: 20
Average bin size: 1.650000e+01
Eliminated 158 points
Completed iteration:8
Prediction points:86
  TP     FP     TN     FN
    52    11     7    16

Precision / Recall
    0.8254    0.7647

Number of bins: 17
Average bin size: 1.958824e+01
Eliminated 141 points
Completed iteration:9
Prediction points:103
  TP     FP     TN     FN
    60     5    10    28

Precision / Recall
    0.9231    0.6818

Number of bins: 23
Average bin size: 1.452174e+01
Eliminated 136 points
Completed iteration:10
Prediction points:108
  TP     FP     TN     FN
    52     8    19    29

Precision / Recall
    0.8667    0.6420

Number of bins: 17
Average bin size: 2.017647e+01
Eliminated 118 points
Completed iteration:11
Prediction points:126
  TP     FP     TN     FN
    82    14    11    19

Precision / Recall
    0.8542    0.8119

Number of bins: 17
Average bin size: 1.994118e+01
Eliminated 140 points
Completed iteration:12
Prediction points:104
  TP     FP     TN     FN
    71    12     8    13

Precision / Recall
    0.8554    0.8452

Number of bins: 19
Average bin size: 1.752632e+01
Eliminated 91 points
Completed iteration:13
Prediction points:153
  TP     FP     TN     FN
    76    16    24    37

Precision / Recall
    0.8261    0.6726

Number of bins: 21
Average bin size: 16
Eliminated 134 points
Completed iteration:14
Prediction points:110
  TP     FP     TN     FN
    77     7    10    16

Precision / Recall
    0.9167    0.8280

Number of bins: 22
Average bin size: 1.536364e+01
Eliminated 147 points
Completed iteration:15
Prediction points:97
  TP     FP     TN     FN
    56    12    11    18

Precision / Recall
    0.8235    0.7568

Number of bins: 21
Average bin size: 1.590476e+01
Eliminated 135 points
Completed iteration:16
Prediction points:109
  TP     FP     TN     FN
    55     6    19    29

Precision / Recall
    0.9016    0.6548

Number of bins: 20
Average bin size: 1.695000e+01
Eliminated 152 points
Completed iteration:17
Prediction points:92
  TP     FP     TN     FN
    47     8    12    25

Precision / Recall
    0.8545    0.6528

Number of bins: 15
Average bin size: 2.273333e+01
Eliminated 154 points
Completed iteration:18
Prediction points:90
  TP     FP     TN     FN
    48     7    14    21

Precision / Recall
    0.8727    0.6957

Number of bins: 16
Average bin size: 2.106250e+01
Eliminated 162 points
Completed iteration:19
Prediction points:82
  TP     FP     TN     FN
    42    15     5    20

Precision / Recall
    0.7368    0.6774

Number of bins: 20
Average bin size: 1.680000e+01
Eliminated 175 points
Completed iteration:20
Prediction points:69
  TP     FP     TN     FN
    32     8     9    20

Precision / Recall
    0.8000    0.6154

Number of bins: 16
Average bin size: 2.106250e+01
Eliminated 161 points
Completed iteration:21
Prediction points:83
  TP     FP     TN     FN
    46     5     8    24

Precision / Recall
    0.9020    0.6571

Number of bins: 18
Average bin size: 1.883333e+01
Eliminated 167 points
Completed iteration:22
Prediction points:77
  TP     FP     TN     FN
    43     4    11    19

Precision / Recall
    0.9149    0.6935

Number of bins: 18
Average bin size: 1.872222e+01
Eliminated 175 points
Completed iteration:23
Prediction points:69
  TP     FP     TN     FN
    42    10     7    10

Precision / Recall
    0.8077    0.8077

Number of bins: 23
Average bin size: 1.473913e+01
Eliminated 166 points
Completed iteration:24
Prediction points:78
  TP     FP     TN     FN
    55     3     4    16

Precision / Recall
    0.9483    0.7746

Number of bins: 17
Average bin size: 1.964706e+01
Eliminated 141 points
Completed iteration:25
Prediction points:103
  TP     FP     TN     FN
    57    14     7    25

Precision / Recall
    0.8028    0.6951

Number of bins: 19
Average bin size: 1.747368e+01
Eliminated 143 points
Completed iteration:26
Prediction points:101
  TP     FP     TN     FN
    59     8     9    25

Precision / Recall
    0.8806    0.7024

Number of bins: 18
Average bin size: 1.844444e+01
Eliminated 128 points
Completed iteration:27
Prediction points:116
  TP     FP     TN     FN
    65    12    15    24

Precision / Recall
    0.8442    0.7303

Number of bins: 17
Average bin size: 1.941176e+01
Eliminated 140 points
Completed iteration:28
Prediction points:104
  TP     FP     TN     FN
    48     7    15    34

Precision / Recall
    0.8727    0.5854

Number of bins: 21
Average bin size: 1.657143e+01
Eliminated 142 points
Completed iteration:29
Prediction points:102
  TP     FP     TN     FN
    69     9    11    13

Precision / Recall
    0.8846    0.8415

Number of bins: 17
Average bin size: 1.947059e+01
Eliminated 122 points
Completed iteration:30
Prediction points:122
  TP     FP     TN     FN
    68    17    17    20

Precision / Recall
    0.8000    0.7727

Overall results (hybrid)
Confidence threshold=0.8
Filtered datapoints
AUC ave err std
    0.6261

    0.0669

    0.0669

Precision / Recall macro
    0.8592    0.7212

Precision / Recall micro
    0.8574    0.7248

Number of bins: 17
Average bin size: 19
Eliminated 201 points
Completed iteration:1
Prediction points:43
  TP     FP     TN     FN
    15     5     5    18

Precision / Recall
    0.7500    0.4545

Number of bins: 19
Average bin size: 1.747368e+01
Eliminated 204 points
Completed iteration:2
Prediction points:40
  TP     FP     TN     FN
    30     3     2     5

Precision / Recall
    0.9091    0.8571

Number of bins: 20
Average bin size: 1.695000e+01
Eliminated 141 points
Completed iteration:3
Prediction points:103
  TP     FP     TN     FN
    58     6    11    28

Precision / Recall
    0.9063    0.6744

Number of bins: 17
Average bin size: 1.958824e+01
Eliminated 195 points
Completed iteration:4
Prediction points:49
  TP     FP     TN     FN
    33     3     4     9

Precision / Recall
    0.9167    0.7857

Number of bins: 19
Average bin size: 1.726316e+01
Eliminated 196 points
Completed iteration:5
Prediction points:48
  TP     FP     TN     FN
    27     1    10    10

Precision / Recall
    0.9643    0.7297

Number of bins: 23
Average bin size: 1.513043e+01
Eliminated 164 points
Completed iteration:6
Prediction points:80
  TP     FP     TN     FN
    57     7     5    11

Precision / Recall
    0.8906    0.8382

Number of bins: 17
Average bin size: 1.970588e+01
Eliminated 210 points
Completed iteration:7
Prediction points:34
  TP     FP     TN     FN
    18     3     1    12

Precision / Recall
    0.8571    0.6000

Number of bins: 22
Average bin size: 1.572727e+01
Eliminated 222 points
Completed iteration:8
Prediction points:22
  TP     FP     TN     FN
    11     0     3     8

Precision / Recall
    1.0000    0.5789

Number of bins: 17
Average bin size: 1.947059e+01
Eliminated 208 points
Completed iteration:9
Prediction points:36
  TP     FP     TN     FN
    14     6    10     6

Precision / Recall
    0.7000    0.7000

Number of bins: 21
Average bin size: 1.571429e+01
Eliminated 208 points
Completed iteration:10
Prediction points:36
  TP     FP     TN     FN
    23     4     3     6

Precision / Recall
    0.8519    0.7931

Number of bins: 18
Average bin size: 1.872222e+01
Eliminated 155 points
Completed iteration:11
Prediction points:89
  TP     FP     TN     FN
    64     7     5    13

Precision / Recall
    0.9014    0.8312

Number of bins: 20
Average bin size: 1.645000e+01
Eliminated 196 points
Completed iteration:12
Prediction points:48
  TP     FP     TN     FN
    30     3     9     6

Precision / Recall
    0.9091    0.8333

Number of bins: 15
Average bin size: 2.146667e+01
Eliminated 205 points
Completed iteration:13
Prediction points:39
  TP     FP     TN     FN
    26     6     2     5

Precision / Recall
    0.8125    0.8387

Number of bins: 21
Average bin size: 1.580952e+01
Eliminated 217 points
Completed iteration:14
Prediction points:27
  TP     FP     TN     FN
    18     0     0     9

Precision / Recall
    1.0000    0.6667

Number of bins: 17
Average bin size: 1.964706e+01
Eliminated 180 points
Completed iteration:15
Prediction points:64
  TP     FP     TN     FN
    40     4     3    17

Precision / Recall
    0.9091    0.7018

Number of bins: 20
Average bin size: 1.690000e+01
Eliminated 227 points
Completed iteration:16
Prediction points:17
  TP     FP     TN     FN
     9     1     0     7

Precision / Recall
    0.9000    0.5625

Number of bins: 22
Average bin size: 1.509091e+01
Eliminated 192 points
Completed iteration:17
Prediction points:52
  TP     FP     TN     FN
    31     0     5    16

Precision / Recall
    1.0000    0.6596

Number of bins: 17
Average bin size: 1.958824e+01
Eliminated 181 points
Completed iteration:18
Prediction points:63
  TP     FP     TN     FN
    21     3    14    25

Precision / Recall
    0.8750    0.4565

Number of bins: 19
Average bin size: 1.757895e+01
Eliminated 226 points
Completed iteration:19
Prediction points:18
  TP     FP     TN     FN
    14     0     0     4

Precision / Recall
    1.0000    0.7778

Number of bins: 20
Average bin size: 1.645000e+01
Eliminated 188 points
Completed iteration:20
Prediction points:56
  TP     FP     TN     FN
    33     1     8    14

Precision / Recall
    0.9706    0.7021

Number of bins: 19
Average bin size: 1.768421e+01
Eliminated 148 points
Completed iteration:21
Prediction points:96
  TP     FP     TN     FN
    58     4    11    23

Precision / Recall
    0.9355    0.7160

Number of bins: 21
Average bin size: 1.571429e+01
Eliminated 190 points
Completed iteration:22
Prediction points:54
  TP     FP     TN     FN
    36     2     7     9

Precision / Recall
    0.9474    0.8000

Number of bins: 19
Average bin size: 1.747368e+01
Eliminated 158 points
Completed iteration:23
Prediction points:86
  TP     FP     TN     FN
    32     8    16    30

Precision / Recall
    0.8000    0.5161

Number of bins: 23
Average bin size: 1.469565e+01
Eliminated 205 points
Completed iteration:24
Prediction points:39
  TP     FP     TN     FN
    29     1     2     7

Precision / Recall
    0.9667    0.8056

Number of bins: 16
Average bin size: 2.068750e+01
Eliminated 190 points
Completed iteration:25
Prediction points:54
  TP     FP     TN     FN
    33     7     2    12

Precision / Recall
    0.8250    0.7333

Number of bins: 19
Average bin size: 1.747368e+01
Eliminated 208 points
Completed iteration:26
Prediction points:36
  TP     FP     TN     FN
    22     6     2     6

Precision / Recall
    0.7857    0.7857

Number of bins: 20
Average bin size: 1.685000e+01
Eliminated 172 points
Completed iteration:27
Prediction points:72
  TP     FP     TN     FN
    43     2     8    19

Precision / Recall
    0.9556    0.6935

Number of bins: 18
Average bin size: 1.861111e+01
Eliminated 194 points
Completed iteration:28
Prediction points:50
  TP     FP     TN     FN
    35     2     5     8

Precision / Recall
    0.9459    0.8140

Number of bins: 17
Average bin size: 1.911765e+01
Eliminated 190 points
Completed iteration:29
Prediction points:54
  TP     FP     TN     FN
    28     4     1    21

Precision / Recall
    0.8750    0.5714

Number of bins: 16
Average bin size: 2.125000e+01
Eliminated 219 points
Completed iteration:30
Prediction points:25
  TP     FP     TN     FN
    21     3     0     1

Precision / Recall
    0.8750    0.9545

Overall results (hybrid)
Confidence threshold=0.9
Filtered datapoints
AUC ave err std
   NaN

   NaN

   NaN

Precision / Recall macro
    0.8978    0.7144

Precision / Recall micro
    0.8991    0.7135

computation time (s)
   7.7702e+04

