!!!!below quality measures have been removed due to insufficient data!!!!!!!!!!!!
    ' TriangleSize'

binThreshold:40
energy base:50
using confidence:1
Number of bins: 18
Average bin size: 1.844444e+01
Eliminated 68 points
Completed iteration:1
Prediction points:176
  TP     FP     TN     FN
   113    20    11    32

Precision / Recall
    0.8496    0.7793

Number of bins: 19
Average bin size: 1.810526e+01
Eliminated 43 points
Completed iteration:2
Prediction points:201
  TP     FP     TN     FN
   124    35    14    28

Precision / Recall
    0.7799    0.8158

Number of bins: 24
Average bin size: 1.354167e+01
Eliminated 17 points
Completed iteration:3
Prediction points:227
  TP     FP     TN     FN
   137    45    14    31

Precision / Recall
    0.7527    0.8155

Number of bins: 25
Average bin size: 1.348000e+01
Eliminated 8 points
Completed iteration:4
Prediction points:236
  TP     FP     TN     FN
   129    55    14    38

Precision / Recall
    0.7011    0.7725

Number of bins: 23
Average bin size: 1.430435e+01
Eliminated 15 points
Completed iteration:5
Prediction points:229
  TP     FP     TN     FN
   133    54    16    26

Precision / Recall
    0.7112    0.8365

Number of bins: 20
Average bin size: 1.720000e+01
Eliminated 42 points
Completed iteration:6
Prediction points:202
  TP     FP     TN     FN
   131    33    14    24

Precision / Recall
    0.7988    0.8452

Number of bins: 20
Average bin size: 1.705000e+01
Eliminated 50 points
Completed iteration:7
Prediction points:194
  TP     FP     TN     FN
   132    31    11    20

Precision / Recall
    0.8098    0.8684

Number of bins: 21
Average bin size: 1.595238e+01
Eliminated 5 points
Completed iteration:8
Prediction points:239
  TP     FP     TN     FN
   137    38    26    38

Precision / Recall
    0.7829    0.7829

Number of bins: 23
Average bin size: 1.439130e+01
Eliminated 45 points
Completed iteration:9
Prediction points:199
  TP     FP     TN     FN
   118    45    14    22

Precision / Recall
    0.7239    0.8429

Number of bins: 25
Average bin size: 1.360000e+01
Eliminated 30 points
Completed iteration:10
Prediction points:214
  TP     FP     TN     FN
   135    44    13    22

Precision / Recall
    0.7542    0.8599

Number of bins: 19
Average bin size: 1.778947e+01
Eliminated 40 points
Completed iteration:11
Prediction points:204
  TP     FP     TN     FN
   116    38    19    31

Precision / Recall
    0.7532    0.7891

Number of bins: 21
Average bin size: 1.580952e+01
Eliminated 41 points
Completed iteration:12
Prediction points:203
  TP     FP     TN     FN
   119    35    13    36

Precision / Recall
    0.7727    0.7677

Number of bins: 22
Average bin size: 1.504545e+01
Eliminated 13 points
Completed iteration:13
Prediction points:231
  TP     FP     TN     FN
   134    51    16    30

Precision / Recall
    0.7243    0.8171

Number of bins: 26
Average bin size: 1.323077e+01
Eliminated 23 points
Completed iteration:14
Prediction points:221
  TP     FP     TN     FN
   141    46    10    24

Precision / Recall
    0.7540    0.8545

Number of bins: 21
Average bin size: 1.576190e+01
Eliminated 10 points
Completed iteration:15
Prediction points:234
  TP     FP     TN     FN
   147    48    17    22

Precision / Recall
    0.7538    0.8698

Number of bins: 26
Average bin size: 1.303846e+01
Eliminated 22 points
Completed iteration:16
Prediction points:222
  TP     FP     TN     FN
   133    49    15    25

Precision / Recall
    0.7308    0.8418

Number of bins: 24
Average bin size: 1.408333e+01
Eliminated 26 points
Completed iteration:17
Prediction points:218
  TP     FP     TN     FN
   123    42    20    33

Precision / Recall
    0.7455    0.7885

Number of bins: 23
Average bin size: 1.421739e+01
Eliminated 16 points
Completed iteration:18
Prediction points:228
  TP     FP     TN     FN
   138    48    15    27

Precision / Recall
    0.7419    0.8364

Number of bins: 22
Average bin size: 1.545455e+01
Eliminated 32 points
Completed iteration:19
Prediction points:212
  TP     FP     TN     FN
   132    44    13    23

Precision / Recall
    0.7500    0.8516

Number of bins: 24
Average bin size: 1.370833e+01
Eliminated 39 points
Completed iteration:20
Prediction points:205
  TP     FP     TN     FN
   121    41     8    35

Precision / Recall
    0.7469    0.7756

Number of bins: 22
Average bin size: 1.459091e+01
Eliminated 19 points
Completed iteration:21
Prediction points:225
  TP     FP     TN     FN
   135    40    26    24

Precision / Recall
    0.7714    0.8491

Number of bins: 27
Average bin size: 1.266667e+01
Eliminated 33 points
Completed iteration:22
Prediction points:211
  TP     FP     TN     FN
   120    41    19    31

Precision / Recall
    0.7453    0.7947

Number of bins: 18
Average bin size: 1.833333e+01
Eliminated 42 points
Completed iteration:23
Prediction points:202
  TP     FP     TN     FN
   111    38    15    38

Precision / Recall
    0.7450    0.7450

Number of bins: 26
Average bin size: 1.315385e+01
Eliminated 38 points
Completed iteration:24
Prediction points:206
  TP     FP     TN     FN
   146    37     8    15

Precision / Recall
    0.7978    0.9068

Number of bins: 18
Average bin size: 1.827778e+01
Eliminated 29 points
Completed iteration:25
Prediction points:215
  TP     FP     TN     FN
   133    43    18    21

Precision / Recall
    0.7557    0.8636

Number of bins: 24
Average bin size: 14
Eliminated 9 points
Completed iteration:26
Prediction points:235
  TP     FP     TN     FN
   145    54    17    19

Precision / Recall
    0.7286    0.8841

Number of bins: 19
Average bin size: 1.736842e+01
Eliminated 34 points
Completed iteration:27
Prediction points:210
  TP     FP     TN     FN
   124    38    13    35

Precision / Recall
    0.7654    0.7799

Number of bins: 25
Average bin size: 1.312000e+01
Eliminated 72 points
Completed iteration:28
Prediction points:172
  TP     FP     TN     FN
   124    27    10    11

Precision / Recall
    0.8212    0.9185

Number of bins: 25
Average bin size: 1.344000e+01
Eliminated 21 points
Completed iteration:29
Prediction points:223
  TP     FP     TN     FN
   131    50    21    21

Precision / Recall
    0.7238    0.8618

Number of bins: 23
Average bin size: 1.456522e+01
Eliminated 15 points
Completed iteration:30
Prediction points:229
  TP     FP     TN     FN
   140    42    12    35

Precision / Recall
    0.7692    0.8000

Overall results (hybrid)
Confidence threshold=0.5
Filtered datapoints
AUC ave err std
    0.5496

    0.0390

    0.0390

Precision / Recall macro
    0.7587    0.8271

Precision / Recall micro
    0.7571    0.8269

Number of bins: 24
Average bin size: 1.383333e+01
Eliminated 107 points
Completed iteration:1
Prediction points:137
  TP     FP     TN     FN
    99    21     8     9

Precision / Recall
    0.8250    0.9167

Number of bins: 22
Average bin size: 1.559091e+01
Eliminated 84 points
Completed iteration:2
Prediction points:160
  TP     FP     TN     FN
   102    34     8    16

Precision / Recall
    0.7500    0.8644

Number of bins: 25
Average bin size: 1.316000e+01
Eliminated 55 points
Completed iteration:3
Prediction points:189
  TP     FP     TN     FN
   115    36    18    20

Precision / Recall
    0.7616    0.8519

Number of bins: 20
Average bin size: 1.660000e+01
Eliminated 109 points
Completed iteration:4
Prediction points:135
  TP     FP     TN     FN
    93    11    14    17

Precision / Recall
    0.8942    0.8455

Number of bins: 21
Average bin size: 1.595238e+01
Eliminated 74 points
Completed iteration:5
Prediction points:170
  TP     FP     TN     FN
   113    26    14    17

Precision / Recall
    0.8129    0.8692

Number of bins: 24
Average bin size: 1.366667e+01
Eliminated 105 points
Completed iteration:6
Prediction points:139
  TP     FP     TN     FN
    92    20     8    19

Precision / Recall
    0.8214    0.8288

Number of bins: 23
Average bin size: 1.469565e+01
Eliminated 75 points
Completed iteration:7
Prediction points:169
  TP     FP     TN     FN
   112    31    19     7

Precision / Recall
    0.7832    0.9412

Number of bins: 22
Average bin size: 1.509091e+01
Eliminated 66 points
Completed iteration:8
Prediction points:178
  TP     FP     TN     FN
   111    23    13    31

Precision / Recall
    0.8284    0.7817

Number of bins: 24
Average bin size: 1.387500e+01
Eliminated 64 points
Completed iteration:9
Prediction points:180
  TP     FP     TN     FN
   106    31    18    25

Precision / Recall
    0.7737    0.8092

Number of bins: 22
Average bin size: 1.463636e+01
Eliminated 40 points
Completed iteration:10
Prediction points:204
  TP     FP     TN     FN
   121    32    21    30

Precision / Recall
    0.7908    0.8013

Number of bins: 18
Average bin size: 1.811111e+01
Eliminated 20 points
Completed iteration:11
Prediction points:224
  TP     FP     TN     FN
   140    53    16    15

Precision / Recall
    0.7254    0.9032

Number of bins: 18
Average bin size: 1.838889e+01
Eliminated 59 points
Completed iteration:12
Prediction points:185
  TP     FP     TN     FN
   112    25    30    18

Precision / Recall
    0.8175    0.8615

Number of bins: 18
Average bin size: 1.861111e+01
Eliminated 87 points
Completed iteration:13
Prediction points:157
  TP     FP     TN     FN
   106    26    11    14

Precision / Recall
    0.8030    0.8833

Number of bins: 24
Average bin size: 1.379167e+01
Eliminated 51 points
Completed iteration:14
Prediction points:193
  TP     FP     TN     FN
   123    27    15    28

Precision / Recall
    0.8200    0.8146

Number of bins: 26
Average bin size: 1.315385e+01
Eliminated 51 points
Completed iteration:15
Prediction points:193
  TP     FP     TN     FN
   116    39    18    20

Precision / Recall
    0.7484    0.8529

Number of bins: 23
Average bin size: 1.521739e+01
Eliminated 61 points
Completed iteration:16
Prediction points:183
  TP     FP     TN     FN
   125    29    11    18

Precision / Recall
    0.8117    0.8741

Number of bins: 19
Average bin size: 1.763158e+01
Eliminated 76 points
Completed iteration:17
Prediction points:168
  TP     FP     TN     FN
   111    40     3    14

Precision / Recall
    0.7351    0.8880

Number of bins: 23
Average bin size: 1.526087e+01
Eliminated 70 points
Completed iteration:18
Prediction points:174
  TP     FP     TN     FN
   113    31    10    20

Precision / Recall
    0.7847    0.8496

Number of bins: 25
Average bin size: 1.324000e+01
Eliminated 95 points
Completed iteration:19
Prediction points:149
  TP     FP     TN     FN
   103    24     7    15

Precision / Recall
    0.8110    0.8729

Number of bins: 25
Average bin size: 1.336000e+01
Eliminated 96 points
Completed iteration:20
Prediction points:148
  TP     FP     TN     FN
   107    16     9    16

Precision / Recall
    0.8699    0.8699

Number of bins: 21
Average bin size: 1.566667e+01
Eliminated 39 points
Completed iteration:21
Prediction points:205
  TP     FP     TN     FN
   124    33    22    26

Precision / Recall
    0.7898    0.8267

Number of bins: 24
Average bin size: 14
Eliminated 92 points
Completed iteration:22
Prediction points:152
  TP     FP     TN     FN
    94    21    15    22

Precision / Recall
    0.8174    0.8103

Number of bins: 18
Average bin size: 1.861111e+01
Eliminated 120 points
Completed iteration:23
Prediction points:124
  TP     FP     TN     FN
    89    15     8    12

Precision / Recall
    0.8558    0.8812

Number of bins: 24
Average bin size: 1.445833e+01
Eliminated 51 points
Completed iteration:24
Prediction points:193
  TP     FP     TN     FN
   126    37     9    21

Precision / Recall
    0.7730    0.8571

Number of bins: 23
Average bin size: 1.456522e+01
Eliminated 95 points
Completed iteration:25
Prediction points:149
  TP     FP     TN     FN
    93    26    14    16

Precision / Recall
    0.7815    0.8532

Number of bins: 24
Average bin size: 1.420833e+01
Eliminated 57 points
Completed iteration:26
Prediction points:187
  TP     FP     TN     FN
   124    23    21    19

Precision / Recall
    0.8435    0.8671

Number of bins: 17
Average bin size: 1.947059e+01
Eliminated 49 points
Completed iteration:27
Prediction points:195
  TP     FP     TN     FN
   121    31    18    25

Precision / Recall
    0.7961    0.8288

Number of bins: 24
Average bin size: 1.420833e+01
Eliminated 92 points
Completed iteration:28
Prediction points:152
  TP     FP     TN     FN
   101    19    12    20

Precision / Recall
    0.8417    0.8347

Number of bins: 24
Average bin size: 1.391667e+01
Eliminated 33 points
Completed iteration:29
Prediction points:211
  TP     FP     TN     FN
   117    47    21    26

Precision / Recall
    0.7134    0.8182

Number of bins: 25
Average bin size: 1.344000e+01
Eliminated 73 points
Completed iteration:30
Prediction points:171
  TP     FP     TN     FN
   111    23    12    25

Precision / Recall
    0.8284    0.8162

Overall results (hybrid)
Confidence threshold=0.6
Filtered datapoints
AUC ave err std
    0.5974

    0.0580

    0.0580

Precision / Recall macro
    0.8003    0.8524

Precision / Recall micro
    0.7962    0.8511

Number of bins: 25
Average bin size: 1.340000e+01
Eliminated 113 points
Completed iteration:1
Prediction points:131
  TP     FP     TN     FN
    88    19    10    14

Precision / Recall
    0.8224    0.8627

Number of bins: 19
Average bin size: 1.778947e+01
Eliminated 74 points
Completed iteration:2
Prediction points:170
  TP     FP     TN     FN
   104    28    11    27

Precision / Recall
    0.7879    0.7939

Number of bins: 22
Average bin size: 15
Eliminated 104 points
Completed iteration:3
Prediction points:140
  TP     FP     TN     FN
    99    16     6    19

Precision / Recall
    0.8609    0.8390

Number of bins: 23
Average bin size: 1.447826e+01
Eliminated 102 points
Completed iteration:4
Prediction points:142
  TP     FP     TN     FN
    88    20    12    22

Precision / Recall
    0.8148    0.8000

Number of bins: 19
Average bin size: 1.726316e+01
Eliminated 109 points
Completed iteration:5
Prediction points:135
  TP     FP     TN     FN
    89    14    15    17

Precision / Recall
    0.8641    0.8396

Number of bins: 26
Average bin size: 1.269231e+01
Eliminated 98 points
Completed iteration:6
Prediction points:146
  TP     FP     TN     FN
    93    14    15    24

Precision / Recall
    0.8692    0.7949

Number of bins: 24
Average bin size: 1.412500e+01
Eliminated 74 points
Completed iteration:7
Prediction points:170
  TP     FP     TN     FN
    98    22    19    31

Precision / Recall
    0.8167    0.7597

Number of bins: 25
Average bin size: 1.316000e+01
Eliminated 112 points
Completed iteration:8
Prediction points:132
  TP     FP     TN     FN
    83    22    12    15

Precision / Recall
    0.7905    0.8469

Number of bins: 24
Average bin size: 1.408333e+01
Eliminated 131 points
Completed iteration:9
Prediction points:113
  TP     FP     TN     FN
    62    12     8    31

Precision / Recall
    0.8378    0.6667

Number of bins: 18
Average bin size: 1.833333e+01
Eliminated 137 points
Completed iteration:10
Prediction points:107
  TP     FP     TN     FN
    68    11    14    14

Precision / Recall
    0.8608    0.8293

Number of bins: 20
Average bin size: 1.675000e+01
Eliminated 94 points
Completed iteration:11
Prediction points:150
  TP     FP     TN     FN
   105    20    13    12

Precision / Recall
    0.8400    0.8974

Number of bins: 26
Average bin size: 1.288462e+01
Eliminated 113 points
Completed iteration:12
Prediction points:131
  TP     FP     TN     FN
    89    16    10    16

Precision / Recall
    0.8476    0.8476

Number of bins: 24
Average bin size: 1.387500e+01
Eliminated 79 points
Completed iteration:13
Prediction points:165
  TP     FP     TN     FN
   109    21    16    19

Precision / Recall
    0.8385    0.8516

Number of bins: 24
Average bin size: 14
Eliminated 132 points
Completed iteration:14
Prediction points:112
  TP     FP     TN     FN
    67    24     8    13

Precision / Recall
    0.7363    0.8375

Number of bins: 25
Average bin size: 1.356000e+01
Eliminated 67 points
Completed iteration:15
Prediction points:177
  TP     FP     TN     FN
   100    23    23    31

Precision / Recall
    0.8130    0.7634

Number of bins: 22
Average bin size: 1.545455e+01
Eliminated 87 points
Completed iteration:16
Prediction points:157
  TP     FP     TN     FN
    99    22    17    19

Precision / Recall
    0.8182    0.8390

Number of bins: 18
Average bin size: 1.794444e+01
Eliminated 82 points
Completed iteration:17
Prediction points:162
  TP     FP     TN     FN
   103    27    14    18

Precision / Recall
    0.7923    0.8512

Number of bins: 25
Average bin size: 1.344000e+01
Eliminated 131 points
Completed iteration:18
Prediction points:113
  TP     FP     TN     FN
    73    13    12    15

Precision / Recall
    0.8488    0.8295

Number of bins: 25
Average bin size: 1.316000e+01
Eliminated 133 points
Completed iteration:19
Prediction points:111
  TP     FP     TN     FN
    77    13     5    16

Precision / Recall
    0.8556    0.8280

Number of bins: 23
Average bin size: 1.473913e+01
Eliminated 95 points
Completed iteration:20
Prediction points:149
  TP     FP     TN     FN
    85    19    17    28

Precision / Recall
    0.8173    0.7522

Number of bins: 19
Average bin size: 1.752632e+01
Eliminated 129 points
Completed iteration:21
Prediction points:115
  TP     FP     TN     FN
    65    19     9    22

Precision / Recall
    0.7738    0.7471

Number of bins: 18
Average bin size: 1.827778e+01
Eliminated 111 points
Completed iteration:22
Prediction points:133
  TP     FP     TN     FN
    90    14    17    12

Precision / Recall
    0.8654    0.8824

Number of bins: 24
Average bin size: 1.420833e+01
Eliminated 105 points
Completed iteration:23
Prediction points:139
  TP     FP     TN     FN
    99    21     6    13

Precision / Recall
    0.8250    0.8839

Number of bins: 25
Average bin size: 1.356000e+01
Eliminated 85 points
Completed iteration:24
Prediction points:159
  TP     FP     TN     FN
    96    27    17    19

Precision / Recall
    0.7805    0.8348

Number of bins: 24
Average bin size: 1.366667e+01
Eliminated 76 points
Completed iteration:25
Prediction points:168
  TP     FP     TN     FN
   119    26     5    18

Precision / Recall
    0.8207    0.8686

Number of bins: 18
Average bin size: 1.866667e+01
Eliminated 116 points
Completed iteration:26
Prediction points:128
  TP     FP     TN     FN
    92    13     7    16

Precision / Recall
    0.8762    0.8519

Number of bins: 22
Average bin size: 1.504545e+01
Eliminated 117 points
Completed iteration:27
Prediction points:127
  TP     FP     TN     FN
    85    19     8    15

Precision / Recall
    0.8173    0.8500

Number of bins: 22
Average bin size: 1.509091e+01
Eliminated 99 points
Completed iteration:28
Prediction points:145
  TP     FP     TN     FN
    91    36     8    10

Precision / Recall
    0.7165    0.9010

Number of bins: 24
Average bin size: 1.383333e+01
Eliminated 74 points
Completed iteration:29
Prediction points:170
  TP     FP     TN     FN
   105    27    14    24

Precision / Recall
    0.7955    0.8140

Number of bins: 23
Average bin size: 1.465217e+01
Eliminated 114 points
Completed iteration:30
Prediction points:130
  TP     FP     TN     FN
    89    21    10    10

Precision / Recall
    0.8091    0.8990

Overall results (hybrid)
Confidence threshold=0.7
Filtered datapoints
AUC ave err std
    0.6061

    0.0538

    0.0538

Precision / Recall macro
    0.8204    0.8288

Precision / Recall micro
    0.8190    0.8287

Number of bins: 25
Average bin size: 1.356000e+01
Eliminated 139 points
Completed iteration:1
Prediction points:105
  TP     FP     TN     FN
    68    19     7    11

Precision / Recall
    0.7816    0.8608

Number of bins: 25
Average bin size: 1.372000e+01
Eliminated 172 points
Completed iteration:2
Prediction points:72
  TP     FP     TN     FN
    54     7     3     8

Precision / Recall
    0.8852    0.8710

Number of bins: 21
Average bin size: 1.595238e+01
Eliminated 150 points
Completed iteration:3
Prediction points:94
  TP     FP     TN     FN
    70    12     5     7

Precision / Recall
    0.8537    0.9091

Number of bins: 21
Average bin size: 1.585714e+01
Eliminated 139 points
Completed iteration:4
Prediction points:105
  TP     FP     TN     FN
    76    13    11     5

Precision / Recall
    0.8539    0.9383

Number of bins: 21
Average bin size: 1.590476e+01
Eliminated 158 points
Completed iteration:5
Prediction points:86
  TP     FP     TN     FN
    59     9     9     9

Precision / Recall
    0.8676    0.8676

Number of bins: 24
Average bin size: 1.404167e+01
Eliminated 164 points
Completed iteration:6
Prediction points:80
  TP     FP     TN     FN
    50     7     7    16

Precision / Recall
    0.8772    0.7576

Number of bins: 24
Average bin size: 1.395833e+01
Eliminated 149 points
Completed iteration:7
Prediction points:95
  TP     FP     TN     FN
    66     7     9    13

Precision / Recall
    0.9041    0.8354

Number of bins: 23
Average bin size: 1.434783e+01
Eliminated 155 points
Completed iteration:8
Prediction points:89
  TP     FP     TN     FN
    62    10     8     9

Precision / Recall
    0.8611    0.8732

Number of bins: 22
Average bin size: 1.513636e+01
Eliminated 127 points
Completed iteration:9
Prediction points:117
  TP     FP     TN     FN
    75    12     9    21

Precision / Recall
    0.8621    0.7813

Number of bins: 26
Average bin size: 1.284615e+01
Eliminated 111 points
Completed iteration:10
Prediction points:133
  TP     FP     TN     FN
    75    16    22    20

Precision / Recall
    0.8242    0.7895

Number of bins: 19
Average bin size: 1.805263e+01
Eliminated 118 points
Completed iteration:11
Prediction points:126
  TP     FP     TN     FN
    87    16     9    14

Precision / Recall
    0.8447    0.8614

Number of bins: 19
Average bin size: 1.784211e+01
Eliminated 139 points
Completed iteration:12
Prediction points:105
  TP     FP     TN     FN
    83    11     5     6

Precision / Recall
    0.8830    0.9326

Number of bins: 25
Average bin size: 1.332000e+01
Eliminated 140 points
Completed iteration:13
Prediction points:104
  TP     FP     TN     FN
    69    15     9    11

Precision / Recall
    0.8214    0.8625

Number of bins: 24
Average bin size: 14
Eliminated 155 points
Completed iteration:14
Prediction points:89
  TP     FP     TN     FN
    65     7    12     5

Precision / Recall
    0.9028    0.9286

Number of bins: 22
Average bin size: 1.536364e+01
Eliminated 173 points
Completed iteration:15
Prediction points:71
  TP     FP     TN     FN
    61     5     1     4

Precision / Recall
    0.9242    0.9385

Number of bins: 23
Average bin size: 1.452174e+01
Eliminated 158 points
Completed iteration:16
Prediction points:86
  TP     FP     TN     FN
    61     6     9    10

Precision / Recall
    0.9104    0.8592

Number of bins: 24
Average bin size: 1.412500e+01
Eliminated 168 points
Completed iteration:17
Prediction points:76
  TP     FP     TN     FN
    51     5    11     9

Precision / Recall
    0.9107    0.8500

Number of bins: 18
Average bin size: 1.894444e+01
Eliminated 154 points
Completed iteration:18
Prediction points:90
  TP     FP     TN     FN
    50    12     9    19

Precision / Recall
    0.8065    0.7246

Number of bins: 19
Average bin size: 1.773684e+01
Eliminated 182 points
Completed iteration:19
Prediction points:62
  TP     FP     TN     FN
    46     8     2     6

Precision / Recall
    0.8519    0.8846

Number of bins: 25
Average bin size: 1.344000e+01
Eliminated 145 points
Completed iteration:20
Prediction points:99
  TP     FP     TN     FN
    66    11     7    15

Precision / Recall
    0.8571    0.8148

Number of bins: 23
Average bin size: 1.465217e+01
Eliminated 171 points
Completed iteration:21
Prediction points:73
  TP     FP     TN     FN
    44     4     8    17

Precision / Recall
    0.9167    0.7213

Number of bins: 18
Average bin size: 1.883333e+01
Eliminated 150 points
Completed iteration:22
Prediction points:94
  TP     FP     TN     FN
    65    13     7     9

Precision / Recall
    0.8333    0.8784

Number of bins: 22
Average bin size: 1.531818e+01
Eliminated 168 points
Completed iteration:23
Prediction points:76
  TP     FP     TN     FN
    55    11     6     4

Precision / Recall
    0.8333    0.9322

Number of bins: 25
Average bin size: 1.356000e+01
Eliminated 181 points
Completed iteration:24
Prediction points:63
  TP     FP     TN     FN
    56     3     0     4

Precision / Recall
    0.9492    0.9333

Number of bins: 18
Average bin size: 1.855556e+01
Eliminated 155 points
Completed iteration:25
Prediction points:89
  TP     FP     TN     FN
    59    14     5    11

Precision / Recall
    0.8082    0.8429

Number of bins: 19
Average bin size: 1.747368e+01
Eliminated 153 points
Completed iteration:26
Prediction points:91
  TP     FP     TN     FN
    64     4    11    12

Precision / Recall
    0.9412    0.8421

Number of bins: 18
Average bin size: 1.844444e+01
Eliminated 140 points
Completed iteration:27
Prediction points:104
  TP     FP     TN     FN
    63     9    16    16

Precision / Recall
    0.8750    0.7975

Number of bins: 17
Average bin size: 1.941176e+01
Eliminated 112 points
Completed iteration:28
Prediction points:132
  TP     FP     TN     FN
    91    13     8    20

Precision / Recall
    0.8750    0.8198

Number of bins: 25
Average bin size: 1.392000e+01
Eliminated 165 points
Completed iteration:29
Prediction points:79
  TP     FP     TN     FN
    58     8     2    11

Precision / Recall
    0.8788    0.8406

Number of bins: 18
Average bin size: 1.838889e+01
Eliminated 171 points
Completed iteration:30
Prediction points:73
  TP     FP     TN     FN
    55    10     2     6

Precision / Recall
    0.8462    0.9016

Overall results (hybrid)
Confidence threshold=0.8
Filtered datapoints
AUC ave err std
    0.6296

    0.0916

    0.0916

Precision / Recall macro
    0.8680    0.8550

Precision / Recall micro
    0.8651    0.8530

Number of bins: 23
Average bin size: 1.404348e+01
Eliminated 146 points
Completed iteration:1
Prediction points:98
  TP     FP     TN     FN
    61    11     5    21

Precision / Recall
    0.8472    0.7439

Number of bins: 25
Average bin size: 1.328000e+01
Eliminated 194 points
Completed iteration:2
Prediction points:50
  TP     FP     TN     FN
    39     2     3     6

Precision / Recall
    0.9512    0.8667

Number of bins: 25
Average bin size: 1.356000e+01
Eliminated 145 points
Completed iteration:3
Prediction points:99
  TP     FP     TN     FN
    71     6    11    11

Precision / Recall
    0.9221    0.8659

Number of bins: 18
Average bin size: 1.850000e+01
Eliminated 207 points
Completed iteration:4
Prediction points:37
  TP     FP     TN     FN
    28     3     2     4

Precision / Recall
    0.9032    0.8750

Number of bins: 22
Average bin size: 1.490909e+01
Eliminated 205 points
Completed iteration:5
Prediction points:39
  TP     FP     TN     FN
    25     4     6     4

Precision / Recall
    0.8621    0.8621

Number of bins: 25
Average bin size: 1.392000e+01
Eliminated 172 points
Completed iteration:6
Prediction points:72
  TP     FP     TN     FN
    55     9     6     2

Precision / Recall
    0.8594    0.9649

Number of bins: 21
Average bin size: 1.595238e+01
Eliminated 205 points
Completed iteration:7
Prediction points:39
  TP     FP     TN     FN
    26     4     1     8

Precision / Recall
    0.8667    0.7647

Number of bins: 25
Average bin size: 1.384000e+01
Eliminated 206 points
Completed iteration:8
Prediction points:38
  TP     FP     TN     FN
    21     1     3    13

Precision / Recall
    0.9545    0.6176

Number of bins: 23
Average bin size: 1.439130e+01
Eliminated 213 points
Completed iteration:9
Prediction points:31
  TP     FP     TN     FN
    18     5     7     1

Precision / Recall
    0.7826    0.9474

Number of bins: 24
Average bin size: 1.375000e+01
Eliminated 208 points
Completed iteration:10
Prediction points:36
  TP     FP     TN     FN
    21     4     3     8

Precision / Recall
    0.8400    0.7241

Number of bins: 19
Average bin size: 1.773684e+01
Eliminated 155 points
Completed iteration:11
Prediction points:89
  TP     FP     TN     FN
    65     7     5    12

Precision / Recall
    0.9028    0.8442

Number of bins: 23
Average bin size: 1.430435e+01
Eliminated 187 points
Completed iteration:12
Prediction points:57
  TP     FP     TN     FN
    34     4     8    11

Precision / Recall
    0.8947    0.7556

Number of bins: 19
Average bin size: 1.694737e+01
Eliminated 228 points
Completed iteration:13
Prediction points:16
  TP     FP     TN     FN
    12     0     1     3

Precision / Recall
    1.0000    0.8000

Number of bins: 24
Average bin size: 1.383333e+01
Eliminated 213 points
Completed iteration:14
Prediction points:31
  TP     FP     TN     FN
    22     0     1     8

Precision / Recall
    1.0000    0.7333

Number of bins: 18
Average bin size: 1.855556e+01
Eliminated 163 points
Completed iteration:15
Prediction points:81
  TP     FP     TN     FN
    57     4     5    15

Precision / Recall
    0.9344    0.7917

Number of bins: 24
Average bin size: 1.408333e+01
Eliminated 195 points
Completed iteration:16
Prediction points:49
  TP     FP     TN     FN
    39     2     4     4

Precision / Recall
    0.9512    0.9070

Number of bins: 24
Average bin size: 1.383333e+01
Eliminated 195 points
Completed iteration:17
Prediction points:49
  TP     FP     TN     FN
    42     2     1     4

Precision / Recall
    0.9545    0.9130

Number of bins: 24
Average bin size: 1.387500e+01
Eliminated 201 points
Completed iteration:18
Prediction points:43
  TP     FP     TN     FN
    24     7     3     9

Precision / Recall
    0.7742    0.7273

Number of bins: 19
Average bin size: 1.757895e+01
Eliminated 170 points
Completed iteration:19
Prediction points:74
  TP     FP     TN     FN
    54     8     6     6

Precision / Recall
    0.8710    0.9000

Number of bins: 23
Average bin size: 1.430435e+01
Eliminated 224 points
Completed iteration:20
Prediction points:20
  TP     FP     TN     FN
    19     1     0     0

Precision / Recall
    0.9500    1.0000

Number of bins: 21
Average bin size: 16
Eliminated 205 points
Completed iteration:21
Prediction points:39
  TP     FP     TN     FN
    23     1     6     9

Precision / Recall
    0.9583    0.7188

Number of bins: 25
Average bin size: 1.320000e+01
Eliminated 190 points
Completed iteration:22
Prediction points:54
  TP     FP     TN     FN
    36     4     5     9

Precision / Recall
    0.9000    0.8000

Number of bins: 22
Average bin size: 1.509091e+01
Eliminated 192 points
Completed iteration:23
Prediction points:52
  TP     FP     TN     FN
    25    11     7     9

Precision / Recall
    0.6944    0.7353

Number of bins: 24
Average bin size: 1.408333e+01
Eliminated 181 points
Completed iteration:24
Prediction points:63
  TP     FP     TN     FN
    48     7     1     7

Precision / Recall
    0.8727    0.8727

Number of bins: 17
Average bin size: 1.947059e+01
Eliminated 186 points
Completed iteration:25
Prediction points:58
  TP     FP     TN     FN
    39     9     2     8

Precision / Recall
    0.8125    0.8298

Number of bins: 24
Average bin size: 1.383333e+01
Eliminated 216 points
Completed iteration:26
Prediction points:28
  TP     FP     TN     FN
    20     2     1     5

Precision / Recall
    0.9091    0.8000

Number of bins: 22
Average bin size: 1.531818e+01
Eliminated 188 points
Completed iteration:27
Prediction points:56
  TP     FP     TN     FN
    42     2     5     7

Precision / Recall
    0.9545    0.8571

Number of bins: 18
Average bin size: 1.861111e+01
Eliminated 176 points
Completed iteration:28
Prediction points:68
  TP     FP     TN     FN
    41     3    10    14

Precision / Recall
    0.9318    0.7455

Number of bins: 18
Average bin size: 1.805556e+01
Eliminated 190 points
Completed iteration:29
Prediction points:54
  TP     FP     TN     FN
    47     5     0     2

Precision / Recall
    0.9038    0.9592

Number of bins: 18
Average bin size: 1.888889e+01
Eliminated 202 points
Completed iteration:30
Prediction points:42
  TP     FP     TN     FN
    28     5     3     6

Precision / Recall
    0.8485    0.8235

Overall results (hybrid)
Confidence threshold=0.9
Filtered datapoints
AUC ave err std
   NaN

   NaN

   NaN

Precision / Recall macro
    0.8936    0.8249

Precision / Recall micro
    0.8905    0.8272

computation time (s)
   7.8216e+04

