!!!!below quality measures have been removed due to insufficient data!!!!!!!!!!!!
    ' TriangleSize'

binThreshold:30
energy base:40
using confidence:1
Number of bins: 20
Average bin size: 1.660000e+01
Eliminated 56 points
Completed iteration:1
Prediction points:188
  TP     FP     TN     FN
   103    16    18    51

Precision / Recall
    0.8655    0.6688

Number of bins: 22
Average bin size: 1.563636e+01
Eliminated 43 points
Completed iteration:2
Prediction points:201
  TP     FP     TN     FN
   109    32    17    43

Precision / Recall
    0.7730    0.7171

Number of bins: 28
Average bin size: 1.160714e+01
Eliminated 29 points
Completed iteration:3
Prediction points:215
  TP     FP     TN     FN
   107    32    20    56

Precision / Recall
    0.7698    0.6564

Number of bins: 27
Average bin size: 1.248148e+01
Eliminated 40 points
Completed iteration:4
Prediction points:204
  TP     FP     TN     FN
   119    38    14    33

Precision / Recall
    0.7580    0.7829

Number of bins: 29
Average bin size: 1.134483e+01
Eliminated 25 points
Completed iteration:5
Prediction points:219
  TP     FP     TN     FN
   119    41    23    36

Precision / Recall
    0.7438    0.7677

Number of bins: 22
Average bin size: 1.563636e+01
Eliminated 30 points
Completed iteration:6
Prediction points:214
  TP     FP     TN     FN
   117    33    19    45

Precision / Recall
    0.7800    0.7222

Number of bins: 26
Average bin size: 1.311538e+01
Eliminated 32 points
Completed iteration:7
Prediction points:212
  TP     FP     TN     FN
   111    29    24    48

Precision / Recall
    0.7929    0.6981

Number of bins: 31
Average bin size: 1.080645e+01
Eliminated 44 points
Completed iteration:8
Prediction points:200
  TP     FP     TN     FN
   111    26    20    43

Precision / Recall
    0.8102    0.7208

Number of bins: 29
Average bin size: 1.141379e+01
Eliminated 37 points
Completed iteration:9
Prediction points:207
  TP     FP     TN     FN
   113    37    25    32

Precision / Recall
    0.7533    0.7793

Number of bins: 30
Average bin size: 1.133333e+01
Eliminated 49 points
Completed iteration:10
Prediction points:195
  TP     FP     TN     FN
   108    31    21    35

Precision / Recall
    0.7770    0.7552

Number of bins: 23
Average bin size: 1.469565e+01
Eliminated 56 points
Completed iteration:11
Prediction points:188
  TP     FP     TN     FN
    97    27    26    38

Precision / Recall
    0.7823    0.7185

Number of bins: 28
Average bin size: 1.185714e+01
Eliminated 58 points
Completed iteration:12
Prediction points:186
  TP     FP     TN     FN
   110    30     8    38

Precision / Recall
    0.7857    0.7432

Number of bins: 29
Average bin size: 1.141379e+01
Eliminated 38 points
Completed iteration:13
Prediction points:206
  TP     FP     TN     FN
   106    42    18    40

Precision / Recall
    0.7162    0.7260

Number of bins: 27
Average bin size: 1.274074e+01
Eliminated 38 points
Completed iteration:14
Prediction points:206
  TP     FP     TN     FN
    97    33    18    58

Precision / Recall
    0.7462    0.6258

Number of bins: 23
Average bin size: 1.439130e+01
Eliminated 34 points
Completed iteration:15
Prediction points:210
  TP     FP     TN     FN
   125    27    22    36

Precision / Recall
    0.8224    0.7764

Number of bins: 28
Average bin size: 1.210714e+01
Eliminated 37 points
Completed iteration:16
Prediction points:207
  TP     FP     TN     FN
   107    31    25    44

Precision / Recall
    0.7754    0.7086

Number of bins: 28
Average bin size: 1.207143e+01
Eliminated 48 points
Completed iteration:17
Prediction points:196
  TP     FP     TN     FN
   103    32    20    41

Precision / Recall
    0.7630    0.7153

Number of bins: 26
Average bin size: 1.257692e+01
Eliminated 17 points
Completed iteration:18
Prediction points:227
  TP     FP     TN     FN
   108    36    27    56

Precision / Recall
    0.7500    0.6585

Number of bins: 28
Average bin size: 1.214286e+01
Eliminated 34 points
Completed iteration:19
Prediction points:210
  TP     FP     TN     FN
   113    30    27    40

Precision / Recall
    0.7902    0.7386

Number of bins: 32
Average bin size: 1.028125e+01
Eliminated 33 points
Completed iteration:20
Prediction points:211
  TP     FP     TN     FN
   116    36    16    43

Precision / Recall
    0.7632    0.7296

Number of bins: 28
Average bin size: 1.146429e+01
Eliminated 45 points
Completed iteration:21
Prediction points:199
  TP     FP     TN     FN
    97    30    27    45

Precision / Recall
    0.7638    0.6831

Number of bins: 31
Average bin size: 1.103226e+01
Eliminated 38 points
Completed iteration:22
Prediction points:206
  TP     FP     TN     FN
   117    34    21    34

Precision / Recall
    0.7748    0.7748

Number of bins: 23
Average bin size: 1.434783e+01
Eliminated 38 points
Completed iteration:23
Prediction points:206
  TP     FP     TN     FN
    99    35    16    56

Precision / Recall
    0.7388    0.6387

Number of bins: 32
Average bin size: 1.068750e+01
Eliminated 27 points
Completed iteration:24
Prediction points:217
  TP     FP     TN     FN
   127    32    19    39

Precision / Recall
    0.7987    0.7651

Number of bins: 21
Average bin size: 1.566667e+01
Eliminated 27 points
Completed iteration:25
Prediction points:217
  TP     FP     TN     FN
   110    35    21    51

Precision / Recall
    0.7586    0.6832

Number of bins: 29
Average bin size: 1.158621e+01
Eliminated 15 points
Completed iteration:26
Prediction points:229
  TP     FP     TN     FN
   120    40    29    40

Precision / Recall
    0.7500    0.7500

Number of bins: 25
Average bin size: 1.320000e+01
Eliminated 41 points
Completed iteration:27
Prediction points:203
  TP     FP     TN     FN
   108    29    21    45

Precision / Recall
    0.7883    0.7059

Number of bins: 28
Average bin size: 1.171429e+01
Eliminated 62 points
Completed iteration:28
Prediction points:182
  TP     FP     TN     FN
   110    27    16    29

Precision / Recall
    0.8029    0.7914

Number of bins: 29
Average bin size: 1.158621e+01
Eliminated 29 points
Completed iteration:29
Prediction points:215
  TP     FP     TN     FN
   109    45    22    39

Precision / Recall
    0.7078    0.7365

Number of bins: 26
Average bin size: 1.288462e+01
Eliminated 24 points
Completed iteration:30
Prediction points:220
  TP     FP     TN     FN
   131    35    15    39

Precision / Recall
    0.7892    0.7706

Overall results (hybrid)
Confidence threshold=0.5
Filtered datapoints
AUC ave err std
    0.5529

    0.0413

    0.0413

Precision / Recall macro
    0.7730    0.7236

Precision / Recall micro
    0.7723    0.7233

Number of bins: 31
Average bin size: 1.070968e+01
Eliminated 106 points
Completed iteration:1
Prediction points:138
  TP     FP     TN     FN
    87    20     9    22

Precision / Recall
    0.8131    0.7982

Number of bins: 30
Average bin size: 1.143333e+01
Eliminated 108 points
Completed iteration:2
Prediction points:136
  TP     FP     TN     FN
    71    22    14    29

Precision / Recall
    0.7634    0.7100

Number of bins: 31
Average bin size: 1.061290e+01
Eliminated 97 points
Completed iteration:3
Prediction points:147
  TP     FP     TN     FN
    85    22     8    32

Precision / Recall
    0.7944    0.7265

Number of bins: 24
Average bin size: 1.383333e+01
Eliminated 70 points
Completed iteration:4
Prediction points:174
  TP     FP     TN     FN
    97    18    22    37

Precision / Recall
    0.8435    0.7239

Number of bins: 27
Average bin size: 1.240741e+01
Eliminated 60 points
Completed iteration:5
Prediction points:184
  TP     FP     TN     FN
    91    25    20    48

Precision / Recall
    0.7845    0.6547

Number of bins: 28
Average bin size: 1.171429e+01
Eliminated 90 points
Completed iteration:6
Prediction points:154
  TP     FP     TN     FN
    87    20    11    36

Precision / Recall
    0.8131    0.7073

Number of bins: 27
Average bin size: 1.251852e+01
Eliminated 92 points
Completed iteration:7
Prediction points:152
  TP     FP     TN     FN
    88    19    19    26

Precision / Recall
    0.8224    0.7719

Number of bins: 29
Average bin size: 1.144828e+01
Eliminated 60 points
Completed iteration:8
Prediction points:184
  TP     FP     TN     FN
    87    19    19    59

Precision / Recall
    0.8208    0.5959

Number of bins: 27
Average bin size: 1.233333e+01
Eliminated 70 points
Completed iteration:9
Prediction points:174
  TP     FP     TN     FN
    87    24    21    42

Precision / Recall
    0.7838    0.6744

Number of bins: 26
Average bin size: 1.238462e+01
Eliminated 77 points
Completed iteration:10
Prediction points:167
  TP     FP     TN     FN
    94    23    16    34

Precision / Recall
    0.8034    0.7344

Number of bins: 22
Average bin size: 1.481818e+01
Eliminated 66 points
Completed iteration:11
Prediction points:178
  TP     FP     TN     FN
   104    35    19    20

Precision / Recall
    0.7482    0.8387

Number of bins: 25
Average bin size: 1.324000e+01
Eliminated 80 points
Completed iteration:12
Prediction points:164
  TP     FP     TN     FN
    98    21    15    30

Precision / Recall
    0.8235    0.7656

Number of bins: 29
Average bin size: 1.155172e+01
Eliminated 100 points
Completed iteration:13
Prediction points:144
  TP     FP     TN     FN
    85    17    12    30

Precision / Recall
    0.8333    0.7391

Number of bins: 30
Average bin size: 1.103333e+01
Eliminated 60 points
Completed iteration:14
Prediction points:184
  TP     FP     TN     FN
    95    24    15    50

Precision / Recall
    0.7983    0.6552

Number of bins: 30
Average bin size: 1.140000e+01
Eliminated 72 points
Completed iteration:15
Prediction points:172
  TP     FP     TN     FN
    87    24    25    36

Precision / Recall
    0.7838    0.7073

Number of bins: 29
Average bin size: 1.206897e+01
Eliminated 61 points
Completed iteration:16
Prediction points:183
  TP     FP     TN     FN
   115    24    15    29

Precision / Recall
    0.8273    0.7986

Number of bins: 21
Average bin size: 1.595238e+01
Eliminated 50 points
Completed iteration:17
Prediction points:194
  TP     FP     TN     FN
   112    34    16    32

Precision / Recall
    0.7671    0.7778

Number of bins: 29
Average bin size: 1.210345e+01
Eliminated 48 points
Completed iteration:18
Prediction points:196
  TP     FP     TN     FN
   106    32    16    42

Precision / Recall
    0.7681    0.7162

Number of bins: 31
Average bin size: 1.067742e+01
Eliminated 87 points
Completed iteration:19
Prediction points:157
  TP     FP     TN     FN
    93    22    10    32

Precision / Recall
    0.8087    0.7440

Number of bins: 29
Average bin size: 1.151724e+01
Eliminated 114 points
Completed iteration:20
Prediction points:130
  TP     FP     TN     FN
    89    15    10    16

Precision / Recall
    0.8558    0.8476

Number of bins: 25
Average bin size: 1.316000e+01
Eliminated 18 points
Completed iteration:21
Prediction points:226
  TP     FP     TN     FN
   116    37    31    42

Precision / Recall
    0.7582    0.7342

Number of bins: 26
Average bin size: 1.292308e+01
Eliminated 52 points
Completed iteration:22
Prediction points:192
  TP     FP     TN     FN
   108    36    15    33

Precision / Recall
    0.7500    0.7660

Number of bins: 21
Average bin size: 1.595238e+01
Eliminated 124 points
Completed iteration:23
Prediction points:120
  TP     FP     TN     FN
    77    13     9    21

Precision / Recall
    0.8556    0.7857

Number of bins: 27
Average bin size: 1.285185e+01
Eliminated 58 points
Completed iteration:24
Prediction points:186
  TP     FP     TN     FN
   103    26    15    42

Precision / Recall
    0.7984    0.7103

Number of bins: 27
Average bin size: 1.240741e+01
Eliminated 69 points
Completed iteration:25
Prediction points:175
  TP     FP     TN     FN
    86    31    16    42

Precision / Recall
    0.7350    0.6719

Number of bins: 30
Average bin size: 1.136667e+01
Eliminated 50 points
Completed iteration:26
Prediction points:194
  TP     FP     TN     FN
   115    27    18    34

Precision / Recall
    0.8099    0.7718

Number of bins: 21
Average bin size: 1.576190e+01
Eliminated 68 points
Completed iteration:27
Prediction points:176
  TP     FP     TN     FN
    94    25    19    38

Precision / Recall
    0.7899    0.7121

Number of bins: 27
Average bin size: 1.262963e+01
Eliminated 78 points
Completed iteration:28
Prediction points:166
  TP     FP     TN     FN
    91    17    22    36

Precision / Recall
    0.8426    0.7165

Number of bins: 30
Average bin size: 1.113333e+01
Eliminated 54 points
Completed iteration:29
Prediction points:190
  TP     FP     TN     FN
    96    42    18    34

Precision / Recall
    0.6957    0.7385

Number of bins: 28
Average bin size: 12
Eliminated 62 points
Completed iteration:30
Prediction points:182
  TP     FP     TN     FN
   107    23    15    37

Precision / Recall
    0.8231    0.7431

Overall results (hybrid)
Confidence threshold=0.6
Filtered datapoints
AUC ave err std
    0.5654

    0.0480

    0.0480

Precision / Recall macro
    0.7972    0.7346

Precision / Recall micro
    0.7946    0.7325

Number of bins: 28
Average bin size: 1.196429e+01
Eliminated 124 points
Completed iteration:1
Prediction points:120
  TP     FP     TN     FN
    71    13    10    26

Precision / Recall
    0.8452    0.7320

Number of bins: 22
Average bin size: 1.536364e+01
Eliminated 73 points
Completed iteration:2
Prediction points:171
  TP     FP     TN     FN
    70    26    21    54

Precision / Recall
    0.7292    0.5645

Number of bins: 26
Average bin size: 1.269231e+01
Eliminated 97 points
Completed iteration:3
Prediction points:147
  TP     FP     TN     FN
    83    14    13    37

Precision / Recall
    0.8557    0.6917

Number of bins: 29
Average bin size: 1.148276e+01
Eliminated 118 points
Completed iteration:4
Prediction points:126
  TP     FP     TN     FN
    58    13    18    37

Precision / Recall
    0.8169    0.6105

Number of bins: 22
Average bin size: 1.490909e+01
Eliminated 136 points
Completed iteration:5
Prediction points:108
  TP     FP     TN     FN
    64    10     9    25

Precision / Recall
    0.8649    0.7191

Number of bins: 31
Average bin size: 1.064516e+01
Eliminated 94 points
Completed iteration:6
Prediction points:150
  TP     FP     TN     FN
    77    20    12    41

Precision / Recall
    0.7938    0.6525

Number of bins: 30
Average bin size: 1.130000e+01
Eliminated 74 points
Completed iteration:7
Prediction points:170
  TP     FP     TN     FN
    92    22    19    37

Precision / Recall
    0.8070    0.7132

Number of bins: 28
Average bin size: 1.175000e+01
Eliminated 129 points
Completed iteration:8
Prediction points:115
  TP     FP     TN     FN
    62    11    19    23

Precision / Recall
    0.8493    0.7294

Number of bins: 29
Average bin size: 1.165517e+01
Eliminated 104 points
Completed iteration:9
Prediction points:140
  TP     FP     TN     FN
    73    16    13    38

Precision / Recall
    0.8202    0.6577

Number of bins: 24
Average bin size: 1.375000e+01
Eliminated 116 points
Completed iteration:10
Prediction points:128
  TP     FP     TN     FN
    78    19    14    17

Precision / Recall
    0.8041    0.8211

Number of bins: 23
Average bin size: 1.456522e+01
Eliminated 129 points
Completed iteration:11
Prediction points:115
  TP     FP     TN     FN
    74     6    13    22

Precision / Recall
    0.9250    0.7708

Number of bins: 27
Average bin size: 1.240741e+01
Eliminated 73 points
Completed iteration:12
Prediction points:171
  TP     FP     TN     FN
    81    15    29    46

Precision / Recall
    0.8438    0.6378

Number of bins: 29
Average bin size: 1.148276e+01
Eliminated 75 points
Completed iteration:13
Prediction points:169
  TP     FP     TN     FN
    80    19    33    37

Precision / Recall
    0.8081    0.6838

Number of bins: 28
Average bin size: 12
Eliminated 126 points
Completed iteration:14
Prediction points:118
  TP     FP     TN     FN
    59    17    14    28

Precision / Recall
    0.7763    0.6782

Number of bins: 28
Average bin size: 1.210714e+01
Eliminated 64 points
Completed iteration:15
Prediction points:180
  TP     FP     TN     FN
    97    17    29    37

Precision / Recall
    0.8509    0.7239

Number of bins: 25
Average bin size: 1.360000e+01
Eliminated 151 points
Completed iteration:16
Prediction points:93
  TP     FP     TN     FN
    65    11     3    14

Precision / Recall
    0.8553    0.8228

Number of bins: 23
Average bin size: 1.404348e+01
Eliminated 55 points
Completed iteration:17
Prediction points:189
  TP     FP     TN     FN
    92    29    25    43

Precision / Recall
    0.7603    0.6815

Number of bins: 29
Average bin size: 1.158621e+01
Eliminated 85 points
Completed iteration:18
Prediction points:159
  TP     FP     TN     FN
    87    24    19    29

Precision / Recall
    0.7838    0.7500

Number of bins: 26
Average bin size: 1.265385e+01
Eliminated 102 points
Completed iteration:19
Prediction points:142
  TP     FP     TN     FN
    86    13    12    31

Precision / Recall
    0.8687    0.7350

Number of bins: 27
Average bin size: 1.255556e+01
Eliminated 85 points
Completed iteration:20
Prediction points:159
  TP     FP     TN     FN
    64    17    28    50

Precision / Recall
    0.7901    0.5614

Number of bins: 23
Average bin size: 1.447826e+01
Eliminated 69 points
Completed iteration:21
Prediction points:175
  TP     FP     TN     FN
    89    35    15    36

Precision / Recall
    0.7177    0.7120

Number of bins: 20
Average bin size: 1.645000e+01
Eliminated 111 points
Completed iteration:22
Prediction points:133
  TP     FP     TN     FN
    70    11    20    32

Precision / Recall
    0.8642    0.6863

Number of bins: 31
Average bin size: 11
Eliminated 115 points
Completed iteration:23
Prediction points:129
  TP     FP     TN     FN
    81    20    12    16

Precision / Recall
    0.8020    0.8351

Number of bins: 30
Average bin size: 1.130000e+01
Eliminated 87 points
Completed iteration:24
Prediction points:157
  TP     FP     TN     FN
    91    24    13    29

Precision / Recall
    0.7913    0.7583

Number of bins: 30
Average bin size: 1.093333e+01
Eliminated 93 points
Completed iteration:25
Prediction points:151
  TP     FP     TN     FN
    75    15    14    47

Precision / Recall
    0.8333    0.6148

Number of bins: 22
Average bin size: 1.527273e+01
Eliminated 113 points
Completed iteration:26
Prediction points:131
  TP     FP     TN     FN
    72    12    10    37

Precision / Recall
    0.8571    0.6606

Number of bins: 29
Average bin size: 1.141379e+01
Eliminated 134 points
Completed iteration:27
Prediction points:110
  TP     FP     TN     FN
    66    14     9    21

Precision / Recall
    0.8250    0.7586

Number of bins: 28
Average bin size: 1.185714e+01
Eliminated 141 points
Completed iteration:28
Prediction points:103
  TP     FP     TN     FN
    58    18    12    15

Precision / Recall
    0.7632    0.7945

Number of bins: 29
Average bin size: 1.144828e+01
Eliminated 78 points
Completed iteration:29
Prediction points:166
  TP     FP     TN     FN
    85    23    23    35

Precision / Recall
    0.7870    0.7083

Number of bins: 32
Average bin size: 1.053125e+01
Eliminated 115 points
Completed iteration:30
Prediction points:129
  TP     FP     TN     FN
    68    17    14    30

Precision / Recall
    0.8000    0.6939

Overall results (hybrid)
Confidence threshold=0.7
Filtered datapoints
AUC ave err std
    0.5908

    0.0605

    0.0605

Precision / Recall macro
    0.8163    0.7053

Precision / Recall micro
    0.8132    0.7004

Number of bins: 29
Average bin size: 1.168966e+01
Eliminated 125 points
Completed iteration:1
Prediction points:119
  TP     FP     TN     FN
    80    17     7    15

Precision / Recall
    0.8247    0.8421

Number of bins: 33
Average bin size: 1.039394e+01
Eliminated 150 points
Completed iteration:2
Prediction points:94
  TP     FP     TN     FN
    54     9     5    26

Precision / Recall
    0.8571    0.6750

Number of bins: 27
Average bin size: 1.240741e+01
Eliminated 147 points
Completed iteration:3
Prediction points:97
  TP     FP     TN     FN
    64    11     6    16

Precision / Recall
    0.8533    0.8000

Number of bins: 22
Average bin size: 1.513636e+01
Eliminated 145 points
Completed iteration:4
Prediction points:99
  TP     FP     TN     FN
    62     9     9    19

Precision / Recall
    0.8732    0.7654

Number of bins: 24
Average bin size: 1.391667e+01
Eliminated 176 points
Completed iteration:5
Prediction points:68
  TP     FP     TN     FN
    43     4     7    14

Precision / Recall
    0.9149    0.7544

Number of bins: 27
Average bin size: 1.248148e+01
Eliminated 137 points
Completed iteration:6
Prediction points:107
  TP     FP     TN     FN
    64    11     7    25

Precision / Recall
    0.8533    0.7191

Number of bins: 30
Average bin size: 1.116667e+01
Eliminated 145 points
Completed iteration:7
Prediction points:99
  TP     FP     TN     FN
    60     9     8    22

Precision / Recall
    0.8696    0.7317

Number of bins: 30
Average bin size: 11
Eliminated 158 points
Completed iteration:8
Prediction points:86
  TP     FP     TN     FN
    49    11     9    17

Precision / Recall
    0.8167    0.7424

Number of bins: 31
Average bin size: 1.074194e+01
Eliminated 120 points
Completed iteration:9
Prediction points:124
  TP     FP     TN     FN
    64    10    11    39

Precision / Recall
    0.8649    0.6214

Number of bins: 30
Average bin size: 1.113333e+01
Eliminated 118 points
Completed iteration:10
Prediction points:126
  TP     FP     TN     FN
    69    14    14    29

Precision / Recall
    0.8313    0.7041

Number of bins: 26
Average bin size: 1.319231e+01
Eliminated 113 points
Completed iteration:11
Prediction points:131
  TP     FP     TN     FN
    71    11    15    34

Precision / Recall
    0.8659    0.6762

Number of bins: 26
Average bin size: 1.303846e+01
Eliminated 130 points
Completed iteration:12
Prediction points:114
  TP     FP     TN     FN
    76     9     8    21

Precision / Recall
    0.8941    0.7835

Number of bins: 30
Average bin size: 1.110000e+01
Eliminated 113 points
Completed iteration:13
Prediction points:131
  TP     FP     TN     FN
    67    11    25    28

Precision / Recall
    0.8590    0.7053

Number of bins: 28
Average bin size: 12
Eliminated 112 points
Completed iteration:14
Prediction points:132
  TP     FP     TN     FN
    75    12    15    30

Precision / Recall
    0.8621    0.7143

Number of bins: 25
Average bin size: 1.352000e+01
Eliminated 125 points
Completed iteration:15
Prediction points:119
  TP     FP     TN     FN
    68    15    15    21

Precision / Recall
    0.8193    0.7640

Number of bins: 27
Average bin size: 1.237037e+01
Eliminated 120 points
Completed iteration:16
Prediction points:124
  TP     FP     TN     FN
    74     8    18    24

Precision / Recall
    0.9024    0.7551

Number of bins: 28
Average bin size: 1.210714e+01
Eliminated 157 points
Completed iteration:17
Prediction points:87
  TP     FP     TN     FN
    44     8    12    23

Precision / Recall
    0.8462    0.6567

Number of bins: 24
Average bin size: 1.420833e+01
Eliminated 141 points
Completed iteration:18
Prediction points:103
  TP     FP     TN     FN
    55     9    14    25

Precision / Recall
    0.8594    0.6875

Number of bins: 22
Average bin size: 1.531818e+01
Eliminated 146 points
Completed iteration:19
Prediction points:98
  TP     FP     TN     FN
    52    19     7    20

Precision / Recall
    0.7324    0.7222

Number of bins: 31
Average bin size: 1.083871e+01
Eliminated 128 points
Completed iteration:20
Prediction points:116
  TP     FP     TN     FN
    62    15    14    25

Precision / Recall
    0.8052    0.7126

Number of bins: 27
Average bin size: 1.248148e+01
Eliminated 138 points
Completed iteration:21
Prediction points:106
  TP     FP     TN     FN
    58     9     9    30

Precision / Recall
    0.8657    0.6591

Number of bins: 20
Average bin size: 1.695000e+01
Eliminated 151 points
Completed iteration:22
Prediction points:93
  TP     FP     TN     FN
    50    11    13    19

Precision / Recall
    0.8197    0.7246

Number of bins: 26
Average bin size: 1.296154e+01
Eliminated 159 points
Completed iteration:23
Prediction points:85
  TP     FP     TN     FN
    47     9     9    20

Precision / Recall
    0.8393    0.7015

Number of bins: 27
Average bin size: 1.255556e+01
Eliminated 175 points
Completed iteration:24
Prediction points:69
  TP     FP     TN     FN
    50     2     7    10

Precision / Recall
    0.9615    0.8333

Number of bins: 22
Average bin size: 1.518182e+01
Eliminated 158 points
Completed iteration:25
Prediction points:86
  TP     FP     TN     FN
    51    12     4    19

Precision / Recall
    0.8095    0.7286

Number of bins: 24
Average bin size: 1.383333e+01
Eliminated 156 points
Completed iteration:26
Prediction points:88
  TP     FP     TN     FN
    51     7     8    22

Precision / Recall
    0.8793    0.6986

Number of bins: 20
Average bin size: 1.660000e+01
Eliminated 116 points
Completed iteration:27
Prediction points:128
  TP     FP     TN     FN
    66    12    22    28

Precision / Recall
    0.8462    0.7021

Number of bins: 20
Average bin size: 1.650000e+01
Eliminated 140 points
Completed iteration:28
Prediction points:104
  TP     FP     TN     FN
    50     9    13    32

Precision / Recall
    0.8475    0.6098

Number of bins: 30
Average bin size: 1.160000e+01
Eliminated 147 points
Completed iteration:29
Prediction points:97
  TP     FP     TN     FN
    64     8     6    19

Precision / Recall
    0.8889    0.7711

Number of bins: 21
Average bin size: 1.576190e+01
Eliminated 158 points
Completed iteration:30
Prediction points:86
  TP     FP     TN     FN
    52    14    11     9

Precision / Recall
    0.7879    0.8525

Overall results (hybrid)
Confidence threshold=0.8
Filtered datapoints
AUC ave err std
    0.6184

    0.0638

    0.0638

Precision / Recall macro
    0.8517    0.7271

Precision / Recall micro
    0.8505    0.7246

Number of bins: 25
Average bin size: 1.292000e+01
Eliminated 163 points
Completed iteration:1
Prediction points:81
  TP     FP     TN     FN
    42     5     8    26

Precision / Recall
    0.8936    0.6176

Number of bins: 25
Average bin size: 1.328000e+01
Eliminated 203 points
Completed iteration:2
Prediction points:41
  TP     FP     TN     FN
    25     2     2    12

Precision / Recall
    0.9259    0.6757

Number of bins: 30
Average bin size: 1.130000e+01
Eliminated 135 points
Completed iteration:3
Prediction points:109
  TP     FP     TN     FN
    64     8     9    28

Precision / Recall
    0.8889    0.6957

Number of bins: 20
Average bin size: 1.665000e+01
Eliminated 193 points
Completed iteration:4
Prediction points:51
  TP     FP     TN     FN
    34     4     3    10

Precision / Recall
    0.8947    0.7727

Number of bins: 26
Average bin size: 1.261538e+01
Eliminated 187 points
Completed iteration:5
Prediction points:57
  TP     FP     TN     FN
    30     3    10    14

Precision / Recall
    0.9091    0.6818

Number of bins: 27
Average bin size: 1.288889e+01
Eliminated 155 points
Completed iteration:6
Prediction points:89
  TP     FP     TN     FN
    57     6     9    17

Precision / Recall
    0.9048    0.7703

Number of bins: 25
Average bin size: 1.340000e+01
Eliminated 220 points
Completed iteration:7
Prediction points:24
  TP     FP     TN     FN
    14     2     2     6

Precision / Recall
    0.8750    0.7000

Number of bins: 32
Average bin size: 1.081250e+01
Eliminated 204 points
Completed iteration:8
Prediction points:40
  TP     FP     TN     FN
    24     0     3    13

Precision / Recall
    1.0000    0.6486

Number of bins: 29
Average bin size: 1.141379e+01
Eliminated 188 points
Completed iteration:9
Prediction points:56
  TP     FP     TN     FN
    28     7    11    10

Precision / Recall
    0.8000    0.7368

Number of bins: 25
Average bin size: 1.320000e+01
Eliminated 208 points
Completed iteration:10
Prediction points:36
  TP     FP     TN     FN
    23     4     3     6

Precision / Recall
    0.8519    0.7931

Number of bins: 24
Average bin size: 1.404167e+01
Eliminated 155 points
Completed iteration:11
Prediction points:89
  TP     FP     TN     FN
    63     6     5    15

Precision / Recall
    0.9130    0.8077

Number of bins: 31
Average bin size: 1.061290e+01
Eliminated 173 points
Completed iteration:12
Prediction points:71
  TP     FP     TN     FN
    33     6    14    18

Precision / Recall
    0.8462    0.6471

Number of bins: 28
Average bin size: 1.150000e+01
Eliminated 197 points
Completed iteration:13
Prediction points:47
  TP     FP     TN     FN
    26     2     6    13

Precision / Recall
    0.9286    0.6667

Number of bins: 28
Average bin size: 1.185714e+01
Eliminated 171 points
Completed iteration:14
Prediction points:73
  TP     FP     TN     FN
    43     1    10    19

Precision / Recall
    0.9773    0.6935

Number of bins: 22
Average bin size: 1.518182e+01
Eliminated 180 points
Completed iteration:15
Prediction points:64
  TP     FP     TN     FN
    40     4     3    17

Precision / Recall
    0.9091    0.7018

Number of bins: 29
Average bin size: 1.165517e+01
Eliminated 194 points
Completed iteration:16
Prediction points:50
  TP     FP     TN     FN
    30     2     4    14

Precision / Recall
    0.9375    0.6818

Number of bins: 26
Average bin size: 1.276923e+01
Eliminated 162 points
Completed iteration:17
Prediction points:82
  TP     FP     TN     FN
    48     3    12    19

Precision / Recall
    0.9412    0.7164

Number of bins: 30
Average bin size: 1.110000e+01
Eliminated 180 points
Completed iteration:18
Prediction points:64
  TP     FP     TN     FN
    34     5     7    18

Precision / Recall
    0.8718    0.6538

Number of bins: 24
Average bin size: 1.391667e+01
Eliminated 204 points
Completed iteration:19
Prediction points:40
  TP     FP     TN     FN
    31     3     0     6

Precision / Recall
    0.9118    0.8378

Number of bins: 28
Average bin size: 1.175000e+01
Eliminated 195 points
Completed iteration:20
Prediction points:49
  TP     FP     TN     FN
    27     2     9    11

Precision / Recall
    0.9310    0.7105

Number of bins: 26
Average bin size: 1.292308e+01
Eliminated 139 points
Completed iteration:21
Prediction points:105
  TP     FP     TN     FN
    54     5    13    33

Precision / Recall
    0.9153    0.6207

Number of bins: 27
Average bin size: 1.222222e+01
Eliminated 180 points
Completed iteration:22
Prediction points:64
  TP     FP     TN     FN
    35     2     7    20

Precision / Recall
    0.9459    0.6364

Number of bins: 28
Average bin size: 1.185714e+01
Eliminated 156 points
Completed iteration:23
Prediction points:88
  TP     FP     TN     FN
    42     7    11    28

Precision / Recall
    0.8571    0.6000

Number of bins: 27
Average bin size: 1.251852e+01
Eliminated 185 points
Completed iteration:24
Prediction points:59
  TP     FP     TN     FN
    40     1     5    13

Precision / Recall
    0.9756    0.7547

Number of bins: 21
Average bin size: 1.576190e+01
Eliminated 197 points
Completed iteration:25
Prediction points:47
  TP     FP     TN     FN
    31     5     1    10

Precision / Recall
    0.8611    0.7561

Number of bins: 30
Average bin size: 1.106667e+01
Eliminated 186 points
Completed iteration:26
Prediction points:58
  TP     FP     TN     FN
    32     6     2    18

Precision / Recall
    0.8421    0.6400

Number of bins: 28
Average bin size: 1.203571e+01
Eliminated 184 points
Completed iteration:27
Prediction points:60
  TP     FP     TN     FN
    39     1     4    16

Precision / Recall
    0.9750    0.7091

Number of bins: 20
Average bin size: 1.675000e+01
Eliminated 190 points
Completed iteration:28
Prediction points:54
  TP     FP     TN     FN
    36     3     7     8

Precision / Recall
    0.9231    0.8182

Number of bins: 23
Average bin size: 1.413043e+01
Eliminated 187 points
Completed iteration:29
Prediction points:57
  TP     FP     TN     FN
    35     4     1    17

Precision / Recall
    0.8974    0.6731

Number of bins: 23
Average bin size: 1.478261e+01
Eliminated 169 points
Completed iteration:30
Prediction points:75
  TP     FP     TN     FN
    41     8    11    15

Precision / Recall
    0.8367    0.7321

Overall results (hybrid)
Confidence threshold=0.9
Filtered datapoints
AUC ave err std
    0.6507

    0.1296

    0.1296

Precision / Recall macro
    0.9047    0.7050

Precision / Recall micro
    0.9039    0.7008

computation time (s)
   7.6976e+04

