!!!!below quality measures have been removed due to insufficient data!!!!!!!!!!!!
    ' TriangleSize'

energy base:50
Completed iteration:1
Prediction points:244
  TP     FP     TN     FN
   178    49     9     8

Precision / Recall
    0.7841    0.9570

Completed iteration:2
Prediction points:244
  TP     FP     TN     FN
   166    56    16     6

Precision / Recall
    0.7477    0.9651

Completed iteration:3
Prediction points:244
  TP     FP     TN     FN
   165    55    15     9

Precision / Recall
    0.7500    0.9483

Completed iteration:4
Prediction points:244
  TP     FP     TN     FN
   158    56    18    12

Precision / Recall
    0.7383    0.9294

Completed iteration:5
Prediction points:244
  TP     FP     TN     FN
   154    68    13     9

Precision / Recall
    0.6937    0.9448

Completed iteration:6
Prediction points:244
  TP     FP     TN     FN
   157    53    19    15

Precision / Recall
    0.7476    0.9128

Completed iteration:7
Prediction points:244
  TP     FP     TN     FN
   167    46    22     9

Precision / Recall
    0.7840    0.9489

Completed iteration:8
Prediction points:244
  TP     FP     TN     FN
   169    54    15     6

Precision / Recall
    0.7578    0.9657

Completed iteration:9
Prediction points:244
  TP     FP     TN     FN
   154    73    12     5

Precision / Recall
    0.6784    0.9686

Completed iteration:10
Prediction points:244
  TP     FP     TN     FN
   161    66    10     7

Precision / Recall
    0.7093    0.9583

Completed iteration:11
Prediction points:244
  TP     FP     TN     FN
   162    60    16     6

Precision / Recall
    0.7297    0.9643

Completed iteration:12
Prediction points:244
  TP     FP     TN     FN
   163    59    12    10

Precision / Recall
    0.7342    0.9422

Completed iteration:13
Prediction points:244
  TP     FP     TN     FN
   148    58    21    17

Precision / Recall
    0.7184    0.8970

Completed iteration:14
Prediction points:244
  TP     FP     TN     FN
   168    60    11     5

Precision / Recall
    0.7368    0.9711

Completed iteration:15
Prediction points:244
  TP     FP     TN     FN
   174    54    14     2

Precision / Recall
    0.7632    0.9886

Completed iteration:16
Prediction points:244
  TP     FP     TN     FN
   167    58    12     7

Precision / Recall
    0.7422    0.9598

Completed iteration:17
Prediction points:244
  TP     FP     TN     FN
   160    67    11     6

Precision / Recall
    0.7048    0.9639

Completed iteration:18
Prediction points:244
  TP     FP     TN     FN
   159    54    16    15

Precision / Recall
    0.7465    0.9138

Completed iteration:19
Prediction points:244
  TP     FP     TN     FN
   166    57    13     8

Precision / Recall
    0.7444    0.9540

Completed iteration:20
Prediction points:244
  TP     FP     TN     FN
   170    57    11     6

Precision / Recall
    0.7489    0.9659

Completed iteration:21
Prediction points:244
  TP     FP     TN     FN
   159    62    18     5

Precision / Recall
    0.7195    0.9695

Completed iteration:22
Prediction points:244
  TP     FP     TN     FN
   162    65    12     5

Precision / Recall
    0.7137    0.9701

Completed iteration:23
Prediction points:244
  TP     FP     TN     FN
   149    60    18    17

Precision / Recall
    0.7129    0.8976

Completed iteration:24
Prediction points:244
  TP     FP     TN     FN
   169    48    17    10

Precision / Recall
    0.7788    0.9441

Completed iteration:25
Prediction points:244
  TP     FP     TN     FN
   159    63    11    11

Precision / Recall
    0.7162    0.9353

Completed iteration:26
Prediction points:244
  TP     FP     TN     FN
   155    64    14    11

Precision / Recall
    0.7078    0.9337

Completed iteration:27
Prediction points:244
  TP     FP     TN     FN
   162    56    15    11

Precision / Recall
    0.7431    0.9364

Completed iteration:28
Prediction points:244
  TP     FP     TN     FN
   157    67    10    10

Precision / Recall
    0.7009    0.9401

Completed iteration:29
Prediction points:244
  TP     FP     TN     FN
   161    68     8     7

Precision / Recall
    0.7031    0.9583

Completed iteration:30
Prediction points:244
  TP     FP     TN     FN
   169    54    11    10

Precision / Recall
    0.7578    0.9441

AUC ave err std
    0.5229

    0.0487

    0.0487

Precision / Recall macro
    0.7338    0.9483

Precision / Recall micro
    0.7337    0.9484

computation time (s)
    2.6520

