!!!!below quality measures have been removed due to insufficient data!!!!!!!!!!!!
binThreshold:10
energy base:30
using confidence:1
Number of bins: 64
Average bin size: 8.156250e+00

Eliminated 0 points
Completed iteration 1

Eliminated 0 points
Completed iteration 2

Eliminated 0 points
Completed iteration 3

Eliminated 0 points
Completed iteration 4

Eliminated 0 points
Completed iteration 5

Eliminated 0 points
Completed iteration 6

Eliminated 0 points
Completed iteration 7

Eliminated 0 points
Completed iteration 8

Eliminated 0 points
Completed iteration 9

Eliminated 0 points
Completed iteration 10

Eliminated 0 points
Completed iteration 11

Eliminated 0 points
Completed iteration 12

Eliminated 0 points
Completed iteration 13

Eliminated 0 points
Completed iteration 14

Eliminated 0 points
Completed iteration 15

Eliminated 0 points
Completed iteration 16

Eliminated 0 points
Completed iteration 17

Eliminated 0 points
Completed iteration 18

Eliminated 0 points
Completed iteration 19

Eliminated 0 points
Completed iteration 20

Eliminated 0 points
Completed iteration 21

Eliminated 0 points
Completed iteration 22

Eliminated 0 points
Completed iteration 23

Eliminated 0 points
Completed iteration 24

Eliminated 0 points
Completed iteration 25

Eliminated 0 points
Completed iteration 26

Eliminated 0 points
Completed iteration 27

Eliminated 0 points
Completed iteration 28

Eliminated 0 points
Completed iteration 29

Eliminated 0 points
Completed iteration 30

Eliminated 0 points
Completed iteration 31

Eliminated 0 points
Completed iteration 32

Eliminated 0 points
Completed iteration 33

Eliminated 0 points
Completed iteration 34

Eliminated 0 points
Completed iteration 35

Eliminated 0 points
Completed iteration 36

Eliminated 0 points
Completed iteration 37

Eliminated 0 points
Completed iteration 38

Eliminated 0 points
Completed iteration 39

Eliminated 0 points
Completed iteration 40

Eliminated 0 points
Completed iteration 41

Eliminated 0 points
Completed iteration 42

Eliminated 0 points
Completed iteration 43

Eliminated 0 points
Completed iteration 44

Eliminated 0 points
Completed iteration 45

Eliminated 0 points
Completed iteration 46

Eliminated 0 points
Completed iteration 47

Eliminated 0 points
Completed iteration 48

Eliminated 0 points
Completed iteration 49

Eliminated 0 points
Completed iteration 50

Eliminated 0 points
Completed iteration 51

Eliminated 0 points
Completed iteration 52

Eliminated 0 points
Completed iteration 53

Eliminated 0 points
Completed iteration 54

Eliminated 0 points
Completed iteration 55

Eliminated 0 points
Completed iteration 56

Eliminated 0 points
Completed iteration 57

Eliminated 0 points
Completed iteration 58

Eliminated 0 points
Completed iteration 59

Eliminated 0 points
Completed iteration 60

Eliminated 0 points
Completed iteration 61

Eliminated 0 points
Completed iteration 62

Eliminated 0 points
Completed iteration 63

Eliminated 0 points
Completed iteration 64

Eliminated 0 points
Completed iteration 65

Eliminated 0 points
Completed iteration 66

Eliminated 0 points
Completed iteration 67

Eliminated 0 points
Completed iteration 68

Eliminated 0 points
Completed iteration 69

Eliminated 0 points
Completed iteration 70

Eliminated 0 points
Completed iteration 71

Eliminated 0 points
Completed iteration 72

Eliminated 0 points
Completed iteration 73

Eliminated 0 points
Completed iteration 74

Eliminated 0 points
Completed iteration 75

Eliminated 0 points
Completed iteration 76

Eliminated 0 points
Completed iteration 77

Eliminated 0 points
Completed iteration 78

Eliminated 0 points
Completed iteration 79

Eliminated 0 points
Completed iteration 80

Eliminated 0 points
Completed iteration 81

Eliminated 0 points
Completed iteration 82

Eliminated 0 points
Completed iteration 83

Eliminated 0 points
Completed iteration 84

Eliminated 0 points
Completed iteration 85

Eliminated 0 points
Completed iteration 86

Eliminated 0 points
Completed iteration 87

Eliminated 0 points
Completed iteration 88

Eliminated 0 points
Completed iteration 89

Eliminated 0 points
Completed iteration 90

Eliminated 0 points
Completed iteration 91

Eliminated 0 points
Completed iteration 92

Eliminated 0 points
Completed iteration 93

Eliminated 0 points
Completed iteration 94

Eliminated 0 points
Completed iteration 95

Eliminated 0 points
Completed iteration 96

Eliminated 0 points
Completed iteration 97

Eliminated 0 points
Completed iteration 98

Eliminated 0 points
Completed iteration 99

Eliminated 0 points
Completed iteration 100
index 123: -1.286012, -1.103101
index 129: -1.276321, -1.098237
index 131: -0.949541, -1.164423
index 135: -1.250809, -1.063940
index 136: -1.042996, -1.075127
index 140: -1.128468, -1.120816
index 143: -1.103512, -1.181596
index 144: -1.126458, -1.201077
index 154: -1.129444, -1.148398
index 158: -1.326341, -1.142790
index 165: -1.125796, -1.083487
index 169: -1.351438, -0.958782
index 174: -1.233745, -1.007385
index 183: -0.007381, -0.340177
index 187: 0.419478, -0.081951
index 203: 0.412045, -0.073475
index 221: -0.159020, -0.387640
index 234: -6.829649, 5.932283
index 288: -6.829649, 5.932283
index 312: 0.327552, -0.672094
index 349: 0.015452, -0.804719
index 358: 0.322345, -0.862207
index 359: 0.154335, -1.045792
index 362: 0.099808, -0.915471
index 363: 0.093325, -0.966153
index 364: 0.167403, -0.866064
index 367: 0.147970, -0.939631
index 372: 0.144624, -0.928034
index 373: -0.117469, -0.900169
index 380: 0.015444, -0.987143
index 381: -0.007965, -0.977824
index 382: 0.048045, -0.978256
index 384: 0.192055, -0.819327
index 385: 0.581607, -0.459552
index 389: 0.276863, -0.813190
index 392: 0.090475, -0.905511
index 404: 0.560708, -0.347423
index 416: 0.168205, -0.723279
index 417: 0.054628, -0.720293
index 422: -0.002932, -0.763330
index 426: 0.256349, -0.637506
index 432: 0.211942, -0.660727
index 437: 0.137557, -0.631084
index 441: -0.006808, -0.728974
index 456: 0.400858, -0.614878
Overall results (hybrid)
Confidence threshold=0
Filtered datapoints
Prediction points: 172.000000 (stddev 0.000000)
AUC ave err std
    0.7120

    0.0448

    0.0448

Precision / Recall macro
    0.8350    0.6374

Precision / Recall micro
    0.8348    0.6372


Eliminated 52 points
Completed iteration 1

Eliminated 53 points
Completed iteration 2

Eliminated 53 points
Completed iteration 3

Eliminated 73 points
Completed iteration 4

Eliminated 60 points
Completed iteration 5

Eliminated 34 points
Completed iteration 6

Eliminated 42 points
Completed iteration 7

Eliminated 39 points
Completed iteration 8

Eliminated 42 points
Completed iteration 9

Eliminated 57 points
Completed iteration 10

Eliminated 44 points
Completed iteration 11

Eliminated 35 points
Completed iteration 12

Eliminated 33 points
Completed iteration 13

Eliminated 48 points
Completed iteration 14

Eliminated 48 points
Completed iteration 15

Eliminated 36 points
Completed iteration 16

Eliminated 35 points
Completed iteration 17

Eliminated 29 points
Completed iteration 18

Eliminated 53 points
Completed iteration 19

Eliminated 31 points
Completed iteration 20

Eliminated 39 points
Completed iteration 21

Eliminated 49 points
Completed iteration 22

Eliminated 33 points
Completed iteration 23

Eliminated 44 points
Completed iteration 24

Eliminated 46 points
Completed iteration 25

Eliminated 35 points
Completed iteration 26

Eliminated 39 points
Completed iteration 27

Eliminated 30 points
Completed iteration 28

Eliminated 23 points
Completed iteration 29

Eliminated 64 points
Completed iteration 30

Eliminated 52 points
Completed iteration 31

Eliminated 40 points
Completed iteration 32

Eliminated 55 points
Completed iteration 33

Eliminated 46 points
Completed iteration 34

Eliminated 61 points
Completed iteration 35

Eliminated 33 points
Completed iteration 36

Eliminated 54 points
Completed iteration 37

Eliminated 28 points
Completed iteration 38

Eliminated 43 points
Completed iteration 39

Eliminated 56 points
Completed iteration 40

Eliminated 44 points
Completed iteration 41

Eliminated 29 points
Completed iteration 42

Eliminated 48 points
Completed iteration 43

Eliminated 61 points
Completed iteration 44

Eliminated 47 points
Completed iteration 45

Eliminated 57 points
Completed iteration 46

Eliminated 39 points
Completed iteration 47

Eliminated 49 points
Completed iteration 48

Eliminated 59 points
Completed iteration 49

Eliminated 40 points
Completed iteration 50

Eliminated 32 points
Completed iteration 51

Eliminated 58 points
Completed iteration 52

Eliminated 48 points
Completed iteration 53

Eliminated 42 points
Completed iteration 54

Eliminated 52 points
Completed iteration 55

Eliminated 38 points
Completed iteration 56

Eliminated 41 points
Completed iteration 57

Eliminated 69 points
Completed iteration 58

Eliminated 54 points
Completed iteration 59

Eliminated 47 points
Completed iteration 60

Eliminated 66 points
Completed iteration 61

Eliminated 44 points
Completed iteration 62

Eliminated 64 points
Completed iteration 63

Eliminated 51 points
Completed iteration 64

Eliminated 69 points
Completed iteration 65

Eliminated 38 points
Completed iteration 66

Eliminated 53 points
Completed iteration 67

Eliminated 59 points
Completed iteration 68

Eliminated 40 points
Completed iteration 69

Eliminated 37 points
Completed iteration 70

Eliminated 55 points
Completed iteration 71

Eliminated 55 points
Completed iteration 72

Eliminated 38 points
Completed iteration 73

Eliminated 63 points
Completed iteration 74

Eliminated 40 points
Completed iteration 75

Eliminated 48 points
Completed iteration 76

Eliminated 49 points
Completed iteration 77

Eliminated 39 points
Completed iteration 78

Eliminated 53 points
Completed iteration 79

Eliminated 42 points
Completed iteration 80

Eliminated 33 points
Completed iteration 81

Eliminated 36 points
Completed iteration 82

Eliminated 45 points
Completed iteration 83

Eliminated 43 points
Completed iteration 84

Eliminated 37 points
Completed iteration 85

Eliminated 73 points
Completed iteration 86

Eliminated 24 points
Completed iteration 87

Eliminated 67 points
Completed iteration 88

Eliminated 47 points
Completed iteration 89

Eliminated 51 points
Completed iteration 90

Eliminated 45 points
Completed iteration 91

Eliminated 48 points
Completed iteration 92

Eliminated 56 points
Completed iteration 93

Eliminated 63 points
Completed iteration 94

Eliminated 54 points
Completed iteration 95

Eliminated 34 points
Completed iteration 96

Eliminated 56 points
Completed iteration 97

Eliminated 66 points
Completed iteration 98

Eliminated 35 points
Completed iteration 99

Eliminated 39 points
Completed iteration 100
index 123: -1.286012, -1.103101
index 129: -1.276321, -1.098237
index 131: -0.949541, -1.164423
index 135: -1.250809, -1.063940
index 136: -1.042996, -1.075127
index 140: -1.128468, -1.120816
index 143: -1.103512, -1.181596
index 144: -1.126458, -1.201077
index 154: -1.129444, -1.148398
index 158: -1.326341, -1.142790
index 165: -1.125796, -1.083487
index 169: -1.351438, -0.958782
index 174: -1.233745, -1.007385
index 183: -0.007381, -0.340177
index 187: 0.419478, -0.081951
index 203: 0.412045, -0.073475
index 221: -0.159020, -0.387640
index 234: -6.829649, 5.932283
index 288: -6.829649, 5.932283
index 349: 0.015452, -0.804719
index 359: 0.154335, -1.045792
index 362: 0.099808, -0.915471
index 363: 0.093325, -0.966153
index 364: 0.167403, -0.866064
index 367: 0.147970, -0.939631
index 372: 0.144624, -0.928034
index 373: -0.117469, -0.900169
index 380: 0.015444, -0.987143
index 381: -0.007965, -0.977824
index 382: 0.048045, -0.978256
index 384: 0.192055, -0.819327
index 389: 0.276863, -0.813190
index 392: 0.090475, -0.905511
index 404: 0.560708, -0.347423
index 422: -0.002932, -0.763330
index 441: -0.006808, -0.728974
Overall results (hybrid)
Confidence threshold=0.5
Filtered datapoints
Prediction points: 125.240000 (stddev 11.301309)
AUC ave err std
    0.7291

    0.0594

    0.0594

Precision / Recall macro
    0.8570    0.6841

Precision / Recall micro
    0.8548    0.6846


Eliminated 43 points
Completed iteration 1

Eliminated 56 points
Completed iteration 2

Eliminated 52 points
Completed iteration 3

Eliminated 51 points
Completed iteration 4

Eliminated 63 points
Completed iteration 5

Eliminated 36 points
Completed iteration 6

Eliminated 50 points
Completed iteration 7

Eliminated 45 points
Completed iteration 8

Eliminated 57 points
Completed iteration 9

Eliminated 51 points
Completed iteration 10

Eliminated 68 points
Completed iteration 11

Eliminated 48 points
Completed iteration 12

Eliminated 55 points
Completed iteration 13

Eliminated 64 points
Completed iteration 14

Eliminated 76 points
Completed iteration 15

Eliminated 67 points
Completed iteration 16

Eliminated 69 points
Completed iteration 17

Eliminated 46 points
Completed iteration 18

Eliminated 69 points
Completed iteration 19

Eliminated 58 points
Completed iteration 20

Eliminated 56 points
Completed iteration 21

Eliminated 75 points
Completed iteration 22

Eliminated 64 points
Completed iteration 23

Eliminated 55 points
Completed iteration 24

Eliminated 56 points
Completed iteration 25

Eliminated 64 points
Completed iteration 26

Eliminated 38 points
Completed iteration 27

Eliminated 50 points
Completed iteration 28

Eliminated 41 points
Completed iteration 29

Eliminated 55 points
Completed iteration 30

Eliminated 76 points
Completed iteration 31

Eliminated 68 points
Completed iteration 32

Eliminated 89 points
Completed iteration 33

Eliminated 53 points
Completed iteration 34

Eliminated 48 points
Completed iteration 35

Eliminated 59 points
Completed iteration 36

Eliminated 59 points
Completed iteration 37

Eliminated 62 points
Completed iteration 38

Eliminated 54 points
Completed iteration 39

Eliminated 75 points
Completed iteration 40

Eliminated 32 points
Completed iteration 41

Eliminated 76 points
Completed iteration 42

Eliminated 71 points
Completed iteration 43

Eliminated 57 points
Completed iteration 44

Eliminated 38 points
Completed iteration 45

Eliminated 51 points
Completed iteration 46

Eliminated 64 points
Completed iteration 47

Eliminated 51 points
Completed iteration 48

Eliminated 79 points
Completed iteration 49

Eliminated 99 points
Completed iteration 50

Eliminated 61 points
Completed iteration 51

Eliminated 51 points
Completed iteration 52

Eliminated 25 points
Completed iteration 53

Eliminated 50 points
Completed iteration 54

Eliminated 70 points
Completed iteration 55

Eliminated 50 points
Completed iteration 56

Eliminated 57 points
Completed iteration 57

Eliminated 36 points
Completed iteration 58

Eliminated 49 points
Completed iteration 59

Eliminated 51 points
Completed iteration 60

Eliminated 43 points
Completed iteration 61

Eliminated 40 points
Completed iteration 62

Eliminated 62 points
Completed iteration 63

Eliminated 37 points
Completed iteration 64

Eliminated 49 points
Completed iteration 65

Eliminated 41 points
Completed iteration 66

Eliminated 54 points
Completed iteration 67

Eliminated 58 points
Completed iteration 68

Eliminated 62 points
Completed iteration 69

Eliminated 57 points
Completed iteration 70

Eliminated 59 points
Completed iteration 71

Eliminated 48 points
Completed iteration 72

Eliminated 45 points
Completed iteration 73

Eliminated 63 points
Completed iteration 74

Eliminated 39 points
Completed iteration 75

Eliminated 66 points
Completed iteration 76

Eliminated 56 points
Completed iteration 77

Eliminated 40 points
Completed iteration 78

Eliminated 37 points
Completed iteration 79

Eliminated 90 points
Completed iteration 80

Eliminated 50 points
Completed iteration 81

Eliminated 81 points
Completed iteration 82

Eliminated 45 points
Completed iteration 83

Eliminated 61 points
Completed iteration 84

Eliminated 62 points
Completed iteration 85

Eliminated 67 points
Completed iteration 86

Eliminated 46 points
Completed iteration 87

Eliminated 36 points
Completed iteration 88

Eliminated 74 points
Completed iteration 89

Eliminated 98 points
Completed iteration 90

Eliminated 75 points
Completed iteration 91

Eliminated 76 points
Completed iteration 92

Eliminated 70 points
Completed iteration 93

Eliminated 38 points
Completed iteration 94

Eliminated 53 points
Completed iteration 95

Eliminated 54 points
Completed iteration 96

Eliminated 29 points
Completed iteration 97

Eliminated 29 points
Completed iteration 98

Eliminated 59 points
Completed iteration 99

Eliminated 60 points
Completed iteration 100
index 123: -1.286012, -1.103101
index 129: -1.276321, -1.098237
index 131: -0.949541, -1.164423
index 135: -1.250809, -1.063940
index 136: -1.042996, -1.075127
index 140: -1.128468, -1.120816
index 143: -1.103512, -1.181596
index 144: -1.126458, -1.201077
index 154: -1.129444, -1.148398
index 158: -1.326341, -1.142790
index 165: -1.125796, -1.083487
index 169: -1.351438, -0.958782
index 174: -1.233745, -1.007385
index 183: -0.007381, -0.340177
index 187: 0.419478, -0.081951
index 203: 0.412045, -0.073475
index 221: -0.159020, -0.387640
index 234: -6.829649, 5.932283
index 288: -6.829649, 5.932283
index 349: 0.015452, -0.804719
index 359: 0.154335, -1.045792
index 362: 0.099808, -0.915471
index 363: 0.093325, -0.966153
index 364: 0.167403, -0.866064
index 367: 0.147970, -0.939631
index 372: 0.144624, -0.928034
index 373: -0.117469, -0.900169
index 380: 0.015444, -0.987143
index 381: -0.007965, -0.977824
index 382: 0.048045, -0.978256
index 384: 0.192055, -0.819327
index 389: 0.276863, -0.813190
index 392: 0.090475, -0.905511
index 404: 0.560708, -0.347423
index 422: -0.002932, -0.763330
index 441: -0.006808, -0.728974
Overall results (hybrid)
Confidence threshold=0.6
Filtered datapoints
Prediction points: 115.520000 (stddev 14.530692)
AUC ave err std
    0.7273

    0.0606

    0.0606

Precision / Recall macro
    0.8580    0.6896

Precision / Recall micro
    0.8547    0.6903


Eliminated 69 points
Completed iteration 1

Eliminated 74 points
Completed iteration 2

Eliminated 68 points
Completed iteration 3

Eliminated 77 points
Completed iteration 4

Eliminated 46 points
Completed iteration 5

Eliminated 80 points
Completed iteration 6

Eliminated 90 points
Completed iteration 7

Eliminated 62 points
Completed iteration 8

Eliminated 57 points
Completed iteration 9

Eliminated 76 points
Completed iteration 10

Eliminated 54 points
Completed iteration 11

Eliminated 59 points
Completed iteration 12

Eliminated 82 points
Completed iteration 13

Eliminated 80 points
Completed iteration 14

Eliminated 58 points
Completed iteration 15

Eliminated 80 points
Completed iteration 16

Eliminated 69 points
Completed iteration 17

Eliminated 59 points
Completed iteration 18

Eliminated 73 points
Completed iteration 19

Eliminated 65 points
Completed iteration 20

Eliminated 50 points
Completed iteration 21

Eliminated 42 points
Completed iteration 22

Eliminated 78 points
Completed iteration 23

Eliminated 65 points
Completed iteration 24

Eliminated 57 points
Completed iteration 25

Eliminated 74 points
Completed iteration 26

Eliminated 82 points
Completed iteration 27

Eliminated 67 points
Completed iteration 28

Eliminated 46 points
Completed iteration 29

Eliminated 71 points
Completed iteration 30

Eliminated 61 points
Completed iteration 31

Eliminated 73 points
Completed iteration 32

Eliminated 84 points
Completed iteration 33

Eliminated 57 points
Completed iteration 34

Eliminated 71 points
Completed iteration 35

Eliminated 70 points
Completed iteration 36

Eliminated 68 points
Completed iteration 37

Eliminated 52 points
Completed iteration 38

Eliminated 49 points
Completed iteration 39

Eliminated 65 points
Completed iteration 40

Eliminated 62 points
Completed iteration 41

Eliminated 68 points
Completed iteration 42

Eliminated 71 points
Completed iteration 43

Eliminated 90 points
Completed iteration 44

Eliminated 59 points
Completed iteration 45

Eliminated 92 points
Completed iteration 46

Eliminated 67 points
Completed iteration 47

Eliminated 57 points
Completed iteration 48

Eliminated 62 points
Completed iteration 49

Eliminated 46 points
Completed iteration 50

Eliminated 55 points
Completed iteration 51

Eliminated 51 points
Completed iteration 52

Eliminated 50 points
Completed iteration 53

Eliminated 54 points
Completed iteration 54

Eliminated 97 points
Completed iteration 55

Eliminated 45 points
Completed iteration 56

Eliminated 64 points
Completed iteration 57

Eliminated 42 points
Completed iteration 58

Eliminated 44 points
Completed iteration 59

Eliminated 83 points
Completed iteration 60

Eliminated 70 points
Completed iteration 61

Eliminated 87 points
Completed iteration 62

Eliminated 43 points
Completed iteration 63

Eliminated 64 points
Completed iteration 64

Eliminated 49 points
Completed iteration 65

Eliminated 78 points
Completed iteration 66

Eliminated 42 points
Completed iteration 67

Eliminated 49 points
Completed iteration 68

Eliminated 59 points
Completed iteration 69

Eliminated 53 points
Completed iteration 70

Eliminated 42 points
Completed iteration 71

Eliminated 40 points
Completed iteration 72

Eliminated 47 points
Completed iteration 73

Eliminated 92 points
Completed iteration 74

Eliminated 69 points
Completed iteration 75

Eliminated 53 points
Completed iteration 76

Eliminated 65 points
Completed iteration 77

Eliminated 75 points
Completed iteration 78

Eliminated 50 points
Completed iteration 79

Eliminated 70 points
Completed iteration 80

Eliminated 68 points
Completed iteration 81

Eliminated 35 points
Completed iteration 82

Eliminated 78 points
Completed iteration 83

Eliminated 54 points
Completed iteration 84

Eliminated 75 points
Completed iteration 85

Eliminated 65 points
Completed iteration 86

Eliminated 66 points
Completed iteration 87

Eliminated 43 points
Completed iteration 88

Eliminated 62 points
Completed iteration 89

Eliminated 52 points
Completed iteration 90

Eliminated 66 points
Completed iteration 91

Eliminated 41 points
Completed iteration 92

Eliminated 65 points
Completed iteration 93

Eliminated 62 points
Completed iteration 94

Eliminated 86 points
Completed iteration 95

Eliminated 69 points
Completed iteration 96

Eliminated 84 points
Completed iteration 97

Eliminated 72 points
Completed iteration 98

Eliminated 91 points
Completed iteration 99

Eliminated 83 points
Completed iteration 100
index 123: -1.286012, -1.103101
index 129: -1.276321, -1.098237
index 131: -0.949541, -1.164423
index 135: -1.250809, -1.063940
index 136: -1.042996, -1.075127
index 140: -1.128468, -1.120816
index 143: -1.103512, -1.181596
index 144: -1.126458, -1.201077
index 154: -1.129444, -1.148398
index 158: -1.326341, -1.142790
index 165: -1.125796, -1.083487
index 169: -1.351438, -0.958782
index 174: -1.233745, -1.007385
index 183: -0.007381, -0.340177
index 187: 0.419478, -0.081951
index 203: 0.412045, -0.073475
index 221: -0.159020, -0.387640
index 234: -6.829649, 5.932283
index 288: -6.829649, 5.932283
index 349: 0.015452, -0.804719
index 359: 0.154335, -1.045792
index 362: 0.099808, -0.915471
index 363: 0.093325, -0.966153
index 364: 0.167403, -0.866064
index 367: 0.147970, -0.939631
index 372: 0.144624, -0.928034
index 373: -0.117469, -0.900169
index 380: 0.015444, -0.987143
index 381: -0.007965, -0.977824
index 382: 0.048045, -0.978256
index 384: 0.192055, -0.819327
index 389: 0.276863, -0.813190
index 392: 0.090475, -0.905511
index 404: 0.560708, -0.347423
index 422: -0.002932, -0.763330
index 441: -0.006808, -0.728974
Overall results (hybrid)
Confidence threshold=0.7
Filtered datapoints
Prediction points: 107.670000 (stddev 14.280067)
AUC ave err std
    0.7357

    0.0664

    0.0664

Precision / Recall macro
    0.8642    0.6810

Precision / Recall micro
    0.8633    0.6811


Eliminated 65 points
Completed iteration 1

Eliminated 60 points
Completed iteration 2

Eliminated 45 points
Completed iteration 3

Eliminated 81 points
Completed iteration 4

Eliminated 109 points
Completed iteration 5

Eliminated 72 points
Completed iteration 6

Eliminated 66 points
Completed iteration 7

Eliminated 60 points
Completed iteration 8

Eliminated 61 points
Completed iteration 9

Eliminated 73 points
Completed iteration 10

Eliminated 90 points
Completed iteration 11

Eliminated 52 points
Completed iteration 12

Eliminated 66 points
Completed iteration 13

Eliminated 75 points
Completed iteration 14

Eliminated 82 points
Completed iteration 15

Eliminated 65 points
Completed iteration 16

Eliminated 59 points
Completed iteration 17

Eliminated 62 points
Completed iteration 18

Eliminated 52 points
Completed iteration 19

Eliminated 59 points
Completed iteration 20

Eliminated 71 points
Completed iteration 21

Eliminated 69 points
Completed iteration 22

Eliminated 82 points
Completed iteration 23

Eliminated 71 points
Completed iteration 24

Eliminated 98 points
Completed iteration 25

Eliminated 65 points
Completed iteration 26

Eliminated 77 points
Completed iteration 27

Eliminated 63 points
Completed iteration 28

Eliminated 72 points
Completed iteration 29

Eliminated 94 points
Completed iteration 30

Eliminated 82 points
Completed iteration 31

Eliminated 55 points
Completed iteration 32

Eliminated 74 points
Completed iteration 33

Eliminated 81 points
Completed iteration 34

Eliminated 80 points
Completed iteration 35

Eliminated 71 points
Completed iteration 36

Eliminated 53 points
Completed iteration 37

Eliminated 83 points
Completed iteration 38

Eliminated 67 points
Completed iteration 39

Eliminated 64 points
Completed iteration 40

Eliminated 52 points
Completed iteration 41

Eliminated 52 points
Completed iteration 42

Eliminated 69 points
Completed iteration 43

Eliminated 74 points
Completed iteration 44

Eliminated 81 points
Completed iteration 45

Eliminated 77 points
Completed iteration 46

Eliminated 73 points
Completed iteration 47

Eliminated 103 points
Completed iteration 48

Eliminated 68 points
Completed iteration 49

Eliminated 91 points
Completed iteration 50

Eliminated 73 points
Completed iteration 51

Eliminated 85 points
Completed iteration 52

Eliminated 52 points
Completed iteration 53

Eliminated 78 points
Completed iteration 54

Eliminated 55 points
Completed iteration 55

Eliminated 42 points
Completed iteration 56

Eliminated 69 points
Completed iteration 57

Eliminated 80 points
Completed iteration 58

Eliminated 53 points
Completed iteration 59

Eliminated 70 points
Completed iteration 60

Eliminated 70 points
Completed iteration 61

Eliminated 73 points
Completed iteration 62

Eliminated 66 points
Completed iteration 63

Eliminated 84 points
Completed iteration 64

Eliminated 75 points
Completed iteration 65

Eliminated 60 points
Completed iteration 66

Eliminated 87 points
Completed iteration 67

Eliminated 47 points
Completed iteration 68

Eliminated 75 points
Completed iteration 69

Eliminated 103 points
Completed iteration 70

Eliminated 55 points
Completed iteration 71

Eliminated 84 points
Completed iteration 72

Eliminated 104 points
Completed iteration 73

Eliminated 80 points
Completed iteration 74

Eliminated 83 points
Completed iteration 75

Eliminated 63 points
Completed iteration 76

Eliminated 71 points
Completed iteration 77

Eliminated 57 points
Completed iteration 78

Eliminated 86 points
Completed iteration 79

Eliminated 62 points
Completed iteration 80

Eliminated 63 points
Completed iteration 81

Eliminated 63 points
Completed iteration 82

Eliminated 73 points
Completed iteration 83

Eliminated 79 points
Completed iteration 84

Eliminated 67 points
Completed iteration 85

Eliminated 75 points
Completed iteration 86

Eliminated 72 points
Completed iteration 87

Eliminated 53 points
Completed iteration 88

Eliminated 73 points
Completed iteration 89

Eliminated 50 points
Completed iteration 90

Eliminated 64 points
Completed iteration 91

Eliminated 61 points
Completed iteration 92

Eliminated 82 points
Completed iteration 93

Eliminated 57 points
Completed iteration 94

Eliminated 64 points
Completed iteration 95

Eliminated 76 points
Completed iteration 96

Eliminated 43 points
Completed iteration 97

Eliminated 55 points
Completed iteration 98

Eliminated 42 points
Completed iteration 99

Eliminated 70 points
Completed iteration 100
index 126: -1.386119, -1.134917
index 141: -1.193948, -1.144144
index 142: -1.146417, -1.099074
index 145: -0.944932, -1.056272
index 146: -0.541017, -0.789709
index 148: -0.751847, -1.083688
index 155: -0.947082, -1.132953
index 156: -0.965784, -1.109754
index 161: -1.023142, -1.100964
index 166: -1.130412, -1.030786
index 171: -0.415313, -0.734486
index 308: -0.876082, -0.610554
index 462: -1.230404, -1.003526
index 492: -0.981164, -0.752083
index 503: -1.566423, -1.393328
Overall results (hybrid)
Confidence threshold=0.8
Filtered datapoints
Prediction points: 102.100000 (stddev 13.902619)
AUC ave err std
    0.7378

    0.0707

    0.0707

Precision / Recall macro
    0.8719    0.6775

Precision / Recall micro
    0.8701    0.6774


Eliminated 41 points
Completed iteration 1

Eliminated 83 points
Completed iteration 2

Eliminated 78 points
Completed iteration 3

Eliminated 79 points
Completed iteration 4

Eliminated 63 points
Completed iteration 5

Eliminated 70 points
Completed iteration 6

Eliminated 69 points
Completed iteration 7

Eliminated 68 points
Completed iteration 8

Eliminated 81 points
Completed iteration 9

Eliminated 83 points
Completed iteration 10

Eliminated 49 points
Completed iteration 11

Eliminated 58 points
Completed iteration 12

Eliminated 64 points
Completed iteration 13

Eliminated 80 points
Completed iteration 14

Eliminated 62 points
Completed iteration 15

Eliminated 88 points
Completed iteration 16

Eliminated 81 points
Completed iteration 17

Eliminated 89 points
Completed iteration 18

Eliminated 71 points
Completed iteration 19

Eliminated 80 points
Completed iteration 20

Eliminated 67 points
Completed iteration 21

Eliminated 78 points
Completed iteration 22

Eliminated 77 points
Completed iteration 23

Eliminated 63 points
Completed iteration 24

Eliminated 81 points
Completed iteration 25

Eliminated 64 points
Completed iteration 26

Eliminated 66 points
Completed iteration 27

Eliminated 51 points
Completed iteration 28

Eliminated 69 points
Completed iteration 29

Eliminated 86 points
Completed iteration 30

Eliminated 96 points
Completed iteration 31

Eliminated 65 points
Completed iteration 32

Eliminated 115 points
Completed iteration 33

Eliminated 106 points
Completed iteration 34

Eliminated 85 points
Completed iteration 35

Eliminated 75 points
Completed iteration 36

Eliminated 82 points
Completed iteration 37

Eliminated 79 points
Completed iteration 38

Eliminated 87 points
Completed iteration 39

Eliminated 98 points
Completed iteration 40

Eliminated 80 points
Completed iteration 41

Eliminated 65 points
Completed iteration 42

Eliminated 79 points
Completed iteration 43

Eliminated 62 points
Completed iteration 44

Eliminated 82 points
Completed iteration 45

Eliminated 73 points
Completed iteration 46

Eliminated 94 points
Completed iteration 47

Eliminated 89 points
Completed iteration 48

Eliminated 89 points
Completed iteration 49

Eliminated 97 points
Completed iteration 50

Eliminated 95 points
Completed iteration 51

Eliminated 73 points
Completed iteration 52

Eliminated 103 points
Completed iteration 53

Eliminated 68 points
Completed iteration 54

Eliminated 92 points
Completed iteration 55

Eliminated 100 points
Completed iteration 56

Eliminated 60 points
Completed iteration 57

Eliminated 83 points
Completed iteration 58

Eliminated 107 points
Completed iteration 59

Eliminated 61 points
Completed iteration 60

Eliminated 91 points
Completed iteration 61

Eliminated 105 points
Completed iteration 62

Eliminated 54 points
Completed iteration 63

Eliminated 92 points
Completed iteration 64

Eliminated 61 points
Completed iteration 65

Eliminated 86 points
Completed iteration 66

Eliminated 91 points
Completed iteration 67

Eliminated 108 points
Completed iteration 68

Eliminated 94 points
Completed iteration 69

Eliminated 64 points
Completed iteration 70

Eliminated 86 points
Completed iteration 71

Eliminated 76 points
Completed iteration 72

Eliminated 77 points
Completed iteration 73

Eliminated 93 points
Completed iteration 74

Eliminated 80 points
Completed iteration 75

Eliminated 79 points
Completed iteration 76

Eliminated 68 points
Completed iteration 77

Eliminated 82 points
Completed iteration 78

Eliminated 54 points
Completed iteration 79

Eliminated 83 points
Completed iteration 80

Eliminated 87 points
Completed iteration 81

Eliminated 61 points
Completed iteration 82

Eliminated 77 points
Completed iteration 83

Eliminated 92 points
Completed iteration 84

Eliminated 80 points
Completed iteration 85

Eliminated 77 points
Completed iteration 86

Eliminated 49 points
Completed iteration 87

Eliminated 87 points
Completed iteration 88

Eliminated 70 points
Completed iteration 89

Eliminated 86 points
Completed iteration 90

Eliminated 106 points
Completed iteration 91

Eliminated 70 points
Completed iteration 92

Eliminated 78 points
Completed iteration 93

Eliminated 70 points
Completed iteration 94

Eliminated 104 points
Completed iteration 95

Eliminated 100 points
Completed iteration 96

Eliminated 116 points
Completed iteration 97

Eliminated 60 points
Completed iteration 98

Eliminated 84 points
Completed iteration 99

Eliminated 80 points
Completed iteration 100
index 126: -1.386119, -1.134917
index 141: -1.193948, -1.144144
index 142: -1.146417, -1.099074
index 145: -0.944932, -1.056272
index 146: -0.541017, -0.789709
index 148: -0.751847, -1.083688
index 155: -0.947082, -1.132953
index 156: -0.965784, -1.109754
index 161: -1.023142, -1.100964
index 166: -1.130412, -1.030786
index 171: -0.415313, -0.734486
index 308: -0.876082, -0.610554
index 462: -1.230404, -1.003526
index 492: -0.981164, -0.752083
index 503: -1.566423, -1.393328
Overall results (hybrid)
Confidence threshold=0.9
Filtered datapoints
Prediction points: 92.630000 (stddev 15.259807)
AUC ave err std
    0.7242

    0.0747

    0.0747

Precision / Recall macro
    0.8699    0.6857

Precision / Recall micro
    0.8674    0.6834

computation time (s)
  646.8800

