!!!!below quality measures have been removed due to insufficient data!!!!!!!!!!!!
binThreshold:10
energy base:20
using confidence:1
Number of bins: 64
Average bin size: 8.156250e+00

Eliminated 0 points
Completed iteration 1

Eliminated 0 points
Completed iteration 2

Eliminated 0 points
Completed iteration 3

Eliminated 0 points
Completed iteration 4

Eliminated 0 points
Completed iteration 5

Eliminated 0 points
Completed iteration 6

Eliminated 0 points
Completed iteration 7

Eliminated 0 points
Completed iteration 8

Eliminated 0 points
Completed iteration 9

Eliminated 0 points
Completed iteration 10

Eliminated 0 points
Completed iteration 11

Eliminated 0 points
Completed iteration 12

Eliminated 0 points
Completed iteration 13

Eliminated 0 points
Completed iteration 14

Eliminated 0 points
Completed iteration 15

Eliminated 0 points
Completed iteration 16

Eliminated 0 points
Completed iteration 17

Eliminated 0 points
Completed iteration 18

Eliminated 0 points
Completed iteration 19

Eliminated 0 points
Completed iteration 20

Eliminated 0 points
Completed iteration 21

Eliminated 0 points
Completed iteration 22

Eliminated 0 points
Completed iteration 23

Eliminated 0 points
Completed iteration 24

Eliminated 0 points
Completed iteration 25

Eliminated 0 points
Completed iteration 26

Eliminated 0 points
Completed iteration 27

Eliminated 0 points
Completed iteration 28

Eliminated 0 points
Completed iteration 29

Eliminated 0 points
Completed iteration 30

Eliminated 0 points
Completed iteration 31

Eliminated 0 points
Completed iteration 32

Eliminated 0 points
Completed iteration 33

Eliminated 0 points
Completed iteration 34

Eliminated 0 points
Completed iteration 35

Eliminated 0 points
Completed iteration 36

Eliminated 0 points
Completed iteration 37

Eliminated 0 points
Completed iteration 38

Eliminated 0 points
Completed iteration 39

Eliminated 0 points
Completed iteration 40

Eliminated 0 points
Completed iteration 41

Eliminated 0 points
Completed iteration 42

Eliminated 0 points
Completed iteration 43

Eliminated 0 points
Completed iteration 44

Eliminated 0 points
Completed iteration 45

Eliminated 0 points
Completed iteration 46

Eliminated 0 points
Completed iteration 47

Eliminated 0 points
Completed iteration 48

Eliminated 0 points
Completed iteration 49

Eliminated 0 points
Completed iteration 50

Eliminated 0 points
Completed iteration 51

Eliminated 0 points
Completed iteration 52

Eliminated 0 points
Completed iteration 53

Eliminated 0 points
Completed iteration 54

Eliminated 0 points
Completed iteration 55

Eliminated 0 points
Completed iteration 56

Eliminated 0 points
Completed iteration 57

Eliminated 0 points
Completed iteration 58

Eliminated 0 points
Completed iteration 59

Eliminated 0 points
Completed iteration 60

Eliminated 0 points
Completed iteration 61

Eliminated 0 points
Completed iteration 62

Eliminated 0 points
Completed iteration 63

Eliminated 0 points
Completed iteration 64

Eliminated 0 points
Completed iteration 65

Eliminated 0 points
Completed iteration 66

Eliminated 0 points
Completed iteration 67

Eliminated 0 points
Completed iteration 68

Eliminated 0 points
Completed iteration 69

Eliminated 0 points
Completed iteration 70

Eliminated 0 points
Completed iteration 71

Eliminated 0 points
Completed iteration 72

Eliminated 0 points
Completed iteration 73

Eliminated 0 points
Completed iteration 74

Eliminated 0 points
Completed iteration 75

Eliminated 0 points
Completed iteration 76

Eliminated 0 points
Completed iteration 77

Eliminated 0 points
Completed iteration 78

Eliminated 0 points
Completed iteration 79

Eliminated 0 points
Completed iteration 80

Eliminated 0 points
Completed iteration 81

Eliminated 0 points
Completed iteration 82

Eliminated 0 points
Completed iteration 83

Eliminated 0 points
Completed iteration 84

Eliminated 0 points
Completed iteration 85

Eliminated 0 points
Completed iteration 86

Eliminated 0 points
Completed iteration 87

Eliminated 0 points
Completed iteration 88

Eliminated 0 points
Completed iteration 89

Eliminated 0 points
Completed iteration 90

Eliminated 0 points
Completed iteration 91

Eliminated 0 points
Completed iteration 92

Eliminated 0 points
Completed iteration 93

Eliminated 0 points
Completed iteration 94

Eliminated 0 points
Completed iteration 95

Eliminated 0 points
Completed iteration 96

Eliminated 0 points
Completed iteration 97

Eliminated 0 points
Completed iteration 98

Eliminated 0 points
Completed iteration 99

Eliminated 0 points
Completed iteration 100
index 123: -1.286012, -1.103101
index 129: -1.276321, -1.098237
index 131: -0.949541, -1.164423
index 135: -1.250809, -1.063940
index 136: -1.042996, -1.075127
index 140: -1.128468, -1.120816
index 143: -1.103512, -1.181596
index 144: -1.126458, -1.201077
index 154: -1.129444, -1.148398
index 158: -1.326341, -1.142790
index 165: -1.125796, -1.083487
index 169: -1.351438, -0.958782
index 174: -1.233745, -1.007385
index 183: -0.007381, -0.340177
index 187: 0.419478, -0.081951
index 203: 0.412045, -0.073475
index 221: -0.159020, -0.387640
index 234: -6.829649, 5.932283
index 288: -6.829649, 5.932283
index 312: 0.327552, -0.672094
index 349: 0.015452, -0.804719
index 358: 0.322345, -0.862207
index 359: 0.154335, -1.045792
index 362: 0.099808, -0.915471
index 363: 0.093325, -0.966153
index 364: 0.167403, -0.866064
index 367: 0.147970, -0.939631
index 372: 0.144624, -0.928034
index 373: -0.117469, -0.900169
index 380: 0.015444, -0.987143
index 381: -0.007965, -0.977824
index 382: 0.048045, -0.978256
index 384: 0.192055, -0.819327
index 385: 0.581607, -0.459552
index 389: 0.276863, -0.813190
index 392: 0.090475, -0.905511
index 404: 0.560708, -0.347423
index 416: 0.168205, -0.723279
index 417: 0.054628, -0.720293
index 422: -0.002932, -0.763330
index 426: 0.256349, -0.637506
index 432: 0.211942, -0.660727
index 437: 0.137557, -0.631084
index 441: -0.006808, -0.728974
index 456: 0.400858, -0.614878
Overall results (hybrid)
Confidence threshold=0
Filtered datapoints
Prediction points: 172.000000 (stddev 0.000000)
AUC ave err std
    0.6313

    0.0497

    0.0497

Precision / Recall macro
    0.9008    0.1896

Precision / Recall micro
    0.8963    0.1894


Eliminated 134 points
Completed iteration 1

Eliminated 144 points
Completed iteration 2

Eliminated 117 points
Completed iteration 3

Eliminated 135 points
Completed iteration 4

Eliminated 115 points
Completed iteration 5

Eliminated 119 points
Completed iteration 6

Eliminated 118 points
Completed iteration 7

Eliminated 140 points
Completed iteration 8

Eliminated 115 points
Completed iteration 9

Eliminated 145 points
Completed iteration 10

Eliminated 102 points
Completed iteration 11

Eliminated 106 points
Completed iteration 12

Eliminated 106 points
Completed iteration 13

Eliminated 104 points
Completed iteration 14

Eliminated 95 points
Completed iteration 15

Eliminated 112 points
Completed iteration 16

Eliminated 123 points
Completed iteration 17

Eliminated 114 points
Completed iteration 18

Eliminated 129 points
Completed iteration 19

Eliminated 99 points
Completed iteration 20

Eliminated 121 points
Completed iteration 21

Eliminated 139 points
Completed iteration 22

Eliminated 136 points
Completed iteration 23

Eliminated 143 points
Completed iteration 24

Eliminated 129 points
Completed iteration 25

Eliminated 88 points
Completed iteration 26

Eliminated 126 points
Completed iteration 27

Eliminated 130 points
Completed iteration 28

Eliminated 100 points
Completed iteration 29

Eliminated 95 points
Completed iteration 30

Eliminated 128 points
Completed iteration 31

Eliminated 77 points
Completed iteration 32

Eliminated 149 points
Completed iteration 33

Eliminated 122 points
Completed iteration 34

Eliminated 118 points
Completed iteration 35

Eliminated 114 points
Completed iteration 36

Eliminated 143 points
Completed iteration 37

Eliminated 103 points
Completed iteration 38

Eliminated 109 points
Completed iteration 39

Eliminated 109 points
Completed iteration 40

Eliminated 120 points
Completed iteration 41

Eliminated 129 points
Completed iteration 42

Eliminated 128 points
Completed iteration 43

Eliminated 128 points
Completed iteration 44

Eliminated 125 points
Completed iteration 45

Eliminated 140 points
Completed iteration 46

Eliminated 110 points
Completed iteration 47

Eliminated 117 points
Completed iteration 48

Eliminated 137 points
Completed iteration 49

Eliminated 129 points
Completed iteration 50

Eliminated 132 points
Completed iteration 51

Eliminated 140 points
Completed iteration 52

Eliminated 144 points
Completed iteration 53

Eliminated 136 points
Completed iteration 54

Eliminated 144 points
Completed iteration 55

Eliminated 130 points
Completed iteration 56

Eliminated 120 points
Completed iteration 57

Eliminated 129 points
Completed iteration 58

Eliminated 131 points
Completed iteration 59

Eliminated 122 points
Completed iteration 60

Eliminated 134 points
Completed iteration 61

Eliminated 123 points
Completed iteration 62

Eliminated 129 points
Completed iteration 63

Eliminated 118 points
Completed iteration 64

Eliminated 119 points
Completed iteration 65

Eliminated 122 points
Completed iteration 66

Eliminated 96 points
Completed iteration 67

Eliminated 126 points
Completed iteration 68

Eliminated 117 points
Completed iteration 69

Eliminated 107 points
Completed iteration 70

Eliminated 124 points
Completed iteration 71

Eliminated 132 points
Completed iteration 72

Eliminated 110 points
Completed iteration 73

Eliminated 144 points
Completed iteration 74

Eliminated 119 points
Completed iteration 75

Eliminated 107 points
Completed iteration 76

Eliminated 135 points
Completed iteration 77

Eliminated 139 points
Completed iteration 78

Eliminated 124 points
Completed iteration 79

Eliminated 117 points
Completed iteration 80

Eliminated 111 points
Completed iteration 81

Eliminated 129 points
Completed iteration 82

Eliminated 110 points
Completed iteration 83

Eliminated 136 points
Completed iteration 84

Eliminated 116 points
Completed iteration 85

Eliminated 146 points
Completed iteration 86

Eliminated 110 points
Completed iteration 87

Eliminated 138 points
Completed iteration 88

Eliminated 146 points
Completed iteration 89

Eliminated 122 points
Completed iteration 90

Eliminated 139 points
Completed iteration 91

Eliminated 136 points
Completed iteration 92

Eliminated 112 points
Completed iteration 93

Eliminated 127 points
Completed iteration 94

Eliminated 142 points
Completed iteration 95

Eliminated 92 points
Completed iteration 96

Eliminated 115 points
Completed iteration 97

Eliminated 122 points
Completed iteration 98

Eliminated 122 points
Completed iteration 99

Eliminated 127 points
Completed iteration 100
index 123: -1.286012, -1.103101
index 129: -1.276321, -1.098237
index 131: -0.949541, -1.164423
index 135: -1.250809, -1.063940
index 136: -1.042996, -1.075127
index 140: -1.128468, -1.120816
index 143: -1.103512, -1.181596
index 144: -1.126458, -1.201077
index 154: -1.129444, -1.148398
index 158: -1.326341, -1.142790
index 165: -1.125796, -1.083487
index 169: -1.351438, -0.958782
index 174: -1.233745, -1.007385
index 183: -0.007381, -0.340177
index 187: 0.419478, -0.081951
index 203: 0.412045, -0.073475
index 221: -0.159020, -0.387640
index 234: -6.829649, 5.932283
index 288: -6.829649, 5.932283
index 349: 0.015452, -0.804719
index 359: 0.154335, -1.045792
index 362: 0.099808, -0.915471
index 363: 0.093325, -0.966153
index 364: 0.167403, -0.866064
index 367: 0.147970, -0.939631
index 372: 0.144624, -0.928034
index 373: -0.117469, -0.900169
index 380: 0.015444, -0.987143
index 381: -0.007965, -0.977824
index 382: 0.048045, -0.978256
index 384: 0.192055, -0.819327
index 389: 0.276863, -0.813190
index 392: 0.090475, -0.905511
index 404: 0.560708, -0.347423
index 422: -0.002932, -0.763330
index 441: -0.006808, -0.728974
Overall results (hybrid)
Confidence threshold=0.5
Filtered datapoints
Prediction points: 49.180000 (stddev 14.653148)
AUC ave err std
    0.7166

    0.1010

    0.1010

Precision / Recall macro
    0.9408    0.3853

Precision / Recall micro
    0.9344    0.3787


Eliminated 117 points
Completed iteration 1

Eliminated 123 points
Completed iteration 2

Eliminated 117 points
Completed iteration 3

Eliminated 100 points
Completed iteration 4

Eliminated 114 points
Completed iteration 5

Eliminated 107 points
Completed iteration 6

Eliminated 145 points
Completed iteration 7

Eliminated 118 points
Completed iteration 8

Eliminated 108 points
Completed iteration 9

Eliminated 123 points
Completed iteration 10

Eliminated 133 points
Completed iteration 11

Eliminated 146 points
Completed iteration 12

Eliminated 126 points
Completed iteration 13

Eliminated 138 points
Completed iteration 14

Eliminated 136 points
Completed iteration 15

Eliminated 124 points
Completed iteration 16

Eliminated 103 points
Completed iteration 17

Eliminated 130 points
Completed iteration 18

Eliminated 134 points
Completed iteration 19

Eliminated 115 points
Completed iteration 20

Eliminated 136 points
Completed iteration 21

Eliminated 138 points
Completed iteration 22

Eliminated 122 points
Completed iteration 23

Eliminated 119 points
Completed iteration 24

Eliminated 127 points
Completed iteration 25

Eliminated 124 points
Completed iteration 26

Eliminated 128 points
Completed iteration 27

Eliminated 92 points
Completed iteration 28

Eliminated 130 points
Completed iteration 29

Eliminated 126 points
Completed iteration 30

Eliminated 137 points
Completed iteration 31

Eliminated 126 points
Completed iteration 32

Eliminated 143 points
Completed iteration 33

Eliminated 120 points
Completed iteration 34

Eliminated 123 points
Completed iteration 35

Eliminated 142 points
Completed iteration 36

Eliminated 130 points
Completed iteration 37

Eliminated 139 points
Completed iteration 38

Eliminated 145 points
Completed iteration 39

Eliminated 129 points
Completed iteration 40

Eliminated 113 points
Completed iteration 41

Eliminated 133 points
Completed iteration 42

Eliminated 151 points
Completed iteration 43

Eliminated 131 points
Completed iteration 44

Eliminated 120 points
Completed iteration 45

Eliminated 138 points
Completed iteration 46

Eliminated 130 points
Completed iteration 47

Eliminated 148 points
Completed iteration 48

Eliminated 99 points
Completed iteration 49

Eliminated 126 points
Completed iteration 50

Eliminated 101 points
Completed iteration 51

Eliminated 135 points
Completed iteration 52

Eliminated 118 points
Completed iteration 53

Eliminated 133 points
Completed iteration 54

Eliminated 142 points
Completed iteration 55

Eliminated 119 points
Completed iteration 56

Eliminated 134 points
Completed iteration 57

Eliminated 107 points
Completed iteration 58

Eliminated 129 points
Completed iteration 59

Eliminated 121 points
Completed iteration 60

Eliminated 125 points
Completed iteration 61

Eliminated 120 points
Completed iteration 62

Eliminated 130 points
Completed iteration 63

Eliminated 108 points
Completed iteration 64

Eliminated 133 points
Completed iteration 65

Eliminated 116 points
Completed iteration 66

Eliminated 103 points
Completed iteration 67

Eliminated 147 points
Completed iteration 68

Eliminated 126 points
Completed iteration 69

Eliminated 153 points
Completed iteration 70

Eliminated 119 points
Completed iteration 71

Eliminated 122 points
Completed iteration 72

Eliminated 108 points
Completed iteration 73

Eliminated 120 points
Completed iteration 74

Eliminated 126 points
Completed iteration 75

Eliminated 128 points
Completed iteration 76

Eliminated 122 points
Completed iteration 77

Eliminated 126 points
Completed iteration 78

Eliminated 122 points
Completed iteration 79

Eliminated 125 points
Completed iteration 80

Eliminated 116 points
Completed iteration 81

Eliminated 131 points
Completed iteration 82

Eliminated 126 points
Completed iteration 83

Eliminated 140 points
Completed iteration 84

Eliminated 138 points
Completed iteration 85

Eliminated 135 points
Completed iteration 86

Eliminated 106 points
Completed iteration 87

Eliminated 128 points
Completed iteration 88

Eliminated 125 points
Completed iteration 89

Eliminated 143 points
Completed iteration 90

Eliminated 138 points
Completed iteration 91

Eliminated 149 points
Completed iteration 92

Eliminated 142 points
Completed iteration 93

Eliminated 126 points
Completed iteration 94

Eliminated 122 points
Completed iteration 95

Eliminated 104 points
Completed iteration 96

Eliminated 105 points
Completed iteration 97

Eliminated 82 points
Completed iteration 98

Eliminated 120 points
Completed iteration 99

Eliminated 131 points
Completed iteration 100
index 123: -1.286012, -1.103101
index 129: -1.276321, -1.098237
index 131: -0.949541, -1.164423
index 135: -1.250809, -1.063940
index 136: -1.042996, -1.075127
index 140: -1.128468, -1.120816
index 143: -1.103512, -1.181596
index 144: -1.126458, -1.201077
index 154: -1.129444, -1.148398
index 158: -1.326341, -1.142790
index 165: -1.125796, -1.083487
index 169: -1.351438, -0.958782
index 174: -1.233745, -1.007385
index 183: -0.007381, -0.340177
index 187: 0.419478, -0.081951
index 203: 0.412045, -0.073475
index 221: -0.159020, -0.387640
index 234: -6.829649, 5.932283
index 288: -6.829649, 5.932283
index 349: 0.015452, -0.804719
index 359: 0.154335, -1.045792
index 362: 0.099808, -0.915471
index 363: 0.093325, -0.966153
index 364: 0.167403, -0.866064
index 367: 0.147970, -0.939631
index 372: 0.144624, -0.928034
index 373: -0.117469, -0.900169
index 380: 0.015444, -0.987143
index 381: -0.007965, -0.977824
index 382: 0.048045, -0.978256
index 384: 0.192055, -0.819327
index 389: 0.276863, -0.813190
index 392: 0.090475, -0.905511
index 404: 0.560708, -0.347423
index 422: -0.002932, -0.763330
index 441: -0.006808, -0.728974
Overall results (hybrid)
Confidence threshold=0.6
Filtered datapoints
Prediction points: 46.530000 (stddev 13.453590)
AUC ave err std
    0.7000

    0.1279

    0.1279

Precision / Recall macro
    0.9375    0.3962

Precision / Recall micro
    0.9364    0.3910


Eliminated 122 points
Completed iteration 1

Eliminated 122 points
Completed iteration 2

Eliminated 109 points
Completed iteration 3

Eliminated 136 points
Completed iteration 4

Eliminated 121 points
Completed iteration 5

Eliminated 146 points
Completed iteration 6

Eliminated 134 points
Completed iteration 7

Eliminated 135 points
Completed iteration 8

Eliminated 122 points
Completed iteration 9

Eliminated 142 points
Completed iteration 10

Eliminated 125 points
Completed iteration 11

Eliminated 148 points
Completed iteration 12

Eliminated 121 points
Completed iteration 13

Eliminated 134 points
Completed iteration 14

Eliminated 118 points
Completed iteration 15

Eliminated 147 points
Completed iteration 16

Eliminated 136 points
Completed iteration 17

Eliminated 148 points
Completed iteration 18

Eliminated 148 points
Completed iteration 19

Eliminated 147 points
Completed iteration 20

Eliminated 131 points
Completed iteration 21

Eliminated 139 points
Completed iteration 22

Eliminated 138 points
Completed iteration 23

Eliminated 122 points
Completed iteration 24

Eliminated 123 points
Completed iteration 25

Eliminated 120 points
Completed iteration 26

Eliminated 125 points
Completed iteration 27

Eliminated 132 points
Completed iteration 28

Eliminated 113 points
Completed iteration 29

Eliminated 140 points
Completed iteration 30

Eliminated 129 points
Completed iteration 31

Eliminated 137 points
Completed iteration 32

Eliminated 119 points
Completed iteration 33

Eliminated 103 points
Completed iteration 34

Eliminated 140 points
Completed iteration 35

Eliminated 105 points
Completed iteration 36

Eliminated 127 points
Completed iteration 37

Eliminated 137 points
Completed iteration 38

Eliminated 116 points
Completed iteration 39

Eliminated 136 points
Completed iteration 40

Eliminated 136 points
Completed iteration 41

Eliminated 114 points
Completed iteration 42

Eliminated 137 points
Completed iteration 43

Eliminated 151 points
Completed iteration 44

Eliminated 121 points
Completed iteration 45

Eliminated 145 points
Completed iteration 46

Eliminated 124 points
Completed iteration 47

Eliminated 86 points
Completed iteration 48

Eliminated 139 points
Completed iteration 49

Eliminated 113 points
Completed iteration 50

Eliminated 172 points
Not enough valid test points; skipping iteration.

Eliminated 96 points
Completed iteration 51

Eliminated 131 points
Completed iteration 52

Eliminated 113 points
Completed iteration 53

Eliminated 135 points
Completed iteration 54

Eliminated 142 points
Completed iteration 55

Eliminated 137 points
Completed iteration 56

Eliminated 102 points
Completed iteration 57

Eliminated 122 points
Completed iteration 58

Eliminated 134 points
Completed iteration 59

Eliminated 132 points
Completed iteration 60

Eliminated 140 points
Completed iteration 61

Eliminated 113 points
Completed iteration 62

Eliminated 115 points
Completed iteration 63

Eliminated 115 points
Completed iteration 64

Eliminated 149 points
Completed iteration 65

Eliminated 98 points
Completed iteration 66

Eliminated 99 points
Completed iteration 67

Eliminated 111 points
Completed iteration 68

Eliminated 125 points
Completed iteration 69

Eliminated 127 points
Completed iteration 70

Eliminated 118 points
Completed iteration 71

Eliminated 141 points
Completed iteration 72

Eliminated 116 points
Completed iteration 73

Eliminated 130 points
Completed iteration 74

Eliminated 110 points
Completed iteration 75

Eliminated 130 points
Completed iteration 76

Eliminated 131 points
Completed iteration 77

Eliminated 116 points
Completed iteration 78

Eliminated 126 points
Completed iteration 79

Eliminated 134 points
Completed iteration 80

Eliminated 108 points
Completed iteration 81

Eliminated 132 points
Completed iteration 82

Eliminated 114 points
Completed iteration 83

Eliminated 147 points
Completed iteration 84

Eliminated 127 points
Completed iteration 85

Eliminated 119 points
Completed iteration 86

Eliminated 127 points
Completed iteration 87

Eliminated 145 points
Completed iteration 88

Eliminated 132 points
Completed iteration 89

Eliminated 123 points
Completed iteration 90

Eliminated 119 points
Completed iteration 91

Eliminated 86 points
Completed iteration 92

Eliminated 136 points
Completed iteration 93

Eliminated 127 points
Completed iteration 94

Eliminated 94 points
Completed iteration 95

Eliminated 110 points
Completed iteration 96

Eliminated 102 points
Completed iteration 97

Eliminated 144 points
Completed iteration 98

Eliminated 126 points
Completed iteration 99

Eliminated 102 points
Completed iteration 100
index 123: -1.286012, -1.103101
index 129: -1.276321, -1.098237
index 131: -0.949541, -1.164423
index 135: -1.250809, -1.063940
index 136: -1.042996, -1.075127
index 140: -1.128468, -1.120816
index 143: -1.103512, -1.181596
index 144: -1.126458, -1.201077
index 154: -1.129444, -1.148398
index 158: -1.326341, -1.142790
index 165: -1.125796, -1.083487
index 169: -1.351438, -0.958782
index 174: -1.233745, -1.007385
index 183: -0.007381, -0.340177
index 187: 0.419478, -0.081951
index 203: 0.412045, -0.073475
index 221: -0.159020, -0.387640
index 234: -6.829649, 5.932283
index 288: -6.829649, 5.932283
index 349: 0.015452, -0.804719
index 359: 0.154335, -1.045792
index 362: 0.099808, -0.915471
index 363: 0.093325, -0.966153
index 364: 0.167403, -0.866064
index 367: 0.147970, -0.939631
index 372: 0.144624, -0.928034
index 373: -0.117469, -0.900169
index 380: 0.015444, -0.987143
index 381: -0.007965, -0.977824
index 382: 0.048045, -0.978256
index 384: 0.192055, -0.819327
index 389: 0.276863, -0.813190
index 392: 0.090475, -0.905511
index 404: 0.560708, -0.347423
index 422: -0.002932, -0.763330
index 441: -0.006808, -0.728974
Overall results (hybrid)
Confidence threshold=0.7
Filtered datapoints
Prediction points: 46.330000 (stddev 14.743638)
AUC ave err std
    0.7254

    0.1008

    0.1008

Precision / Recall macro
    0.9531    0.3930

Precision / Recall micro
    0.9481    0.3810


Eliminated 120 points
Completed iteration 1

Eliminated 139 points
Completed iteration 2

Eliminated 146 points
Completed iteration 3

Eliminated 125 points
Completed iteration 4

Eliminated 139 points
Completed iteration 5

Eliminated 115 points
Completed iteration 6

Eliminated 141 points
Completed iteration 7

Eliminated 115 points
Completed iteration 8

Eliminated 103 points
Completed iteration 9

Eliminated 132 points
Completed iteration 10

Eliminated 134 points
Completed iteration 11

Eliminated 141 points
Completed iteration 12

Eliminated 134 points
Completed iteration 13

Eliminated 118 points
Completed iteration 14

Eliminated 127 points
Completed iteration 15

Eliminated 146 points
Completed iteration 16

Eliminated 135 points
Completed iteration 17

Eliminated 145 points
Completed iteration 18

Eliminated 113 points
Completed iteration 19

Eliminated 135 points
Completed iteration 20

Eliminated 133 points
Completed iteration 21

Eliminated 124 points
Completed iteration 22

Eliminated 119 points
Completed iteration 23

Eliminated 111 points
Completed iteration 24

Eliminated 123 points
Completed iteration 25

Eliminated 149 points
Completed iteration 26

Eliminated 142 points
Completed iteration 27

Eliminated 115 points
Completed iteration 28

Eliminated 138 points
Completed iteration 29

Eliminated 135 points
Completed iteration 30

Eliminated 121 points
Completed iteration 31

Eliminated 134 points
Completed iteration 32

Eliminated 141 points
Completed iteration 33

Eliminated 125 points
Completed iteration 34

Eliminated 144 points
Completed iteration 35

Eliminated 82 points
Completed iteration 36

Eliminated 134 points
Completed iteration 37

Eliminated 149 points
Completed iteration 38

Eliminated 130 points
Completed iteration 39

Eliminated 113 points
Completed iteration 40

Eliminated 103 points
Completed iteration 41

Eliminated 133 points
Completed iteration 42

Eliminated 118 points
Completed iteration 43

Eliminated 116 points
Completed iteration 44

Eliminated 139 points
Completed iteration 45

Eliminated 141 points
Completed iteration 46

Eliminated 143 points
Completed iteration 47

Eliminated 132 points
Completed iteration 48

Eliminated 128 points
Completed iteration 49

Eliminated 122 points
Completed iteration 50

Eliminated 135 points
Completed iteration 51

Eliminated 133 points
Completed iteration 52

Eliminated 119 points
Completed iteration 53

Eliminated 118 points
Completed iteration 54

Eliminated 122 points
Completed iteration 55

Eliminated 140 points
Completed iteration 56

Eliminated 117 points
Completed iteration 57

Eliminated 115 points
Completed iteration 58

Eliminated 124 points
Completed iteration 59

Eliminated 130 points
Completed iteration 60

Eliminated 134 points
Completed iteration 61

Eliminated 133 points
Completed iteration 62

Eliminated 114 points
Completed iteration 63

Eliminated 135 points
Completed iteration 64

Eliminated 135 points
Completed iteration 65

Eliminated 141 points
Completed iteration 66

Eliminated 120 points
Completed iteration 67

Eliminated 127 points
Completed iteration 68

Eliminated 116 points
Completed iteration 69

Eliminated 116 points
Completed iteration 70

Eliminated 125 points
Completed iteration 71

Eliminated 147 points
Completed iteration 72

Eliminated 133 points
Completed iteration 73

Eliminated 133 points
Completed iteration 74

Eliminated 139 points
Completed iteration 75

Eliminated 139 points
Completed iteration 76

Eliminated 127 points
Completed iteration 77

Eliminated 121 points
Completed iteration 78

Eliminated 144 points
Completed iteration 79

Eliminated 98 points
Completed iteration 80

Eliminated 118 points
Completed iteration 81

Eliminated 113 points
Completed iteration 82

Eliminated 138 points
Completed iteration 83

Eliminated 124 points
Completed iteration 84

Eliminated 134 points
Completed iteration 85

Eliminated 112 points
Completed iteration 86

Eliminated 128 points
Completed iteration 87

Eliminated 132 points
Completed iteration 88

Eliminated 143 points
Completed iteration 89

Eliminated 111 points
Completed iteration 90

Eliminated 114 points
Completed iteration 91

Eliminated 132 points
Completed iteration 92

Eliminated 119 points
Completed iteration 93

Eliminated 134 points
Completed iteration 94

Eliminated 146 points
Completed iteration 95

Eliminated 107 points
Completed iteration 96

Eliminated 124 points
Completed iteration 97

Eliminated 118 points
Completed iteration 98

Eliminated 139 points
Completed iteration 99

Eliminated 132 points
Completed iteration 100
index 123: -1.286012, -1.103101
index 129: -1.276321, -1.098237
index 131: -0.949541, -1.164423
index 135: -1.250809, -1.063940
index 136: -1.042996, -1.075127
index 140: -1.128468, -1.120816
index 143: -1.103512, -1.181596
index 144: -1.126458, -1.201077
index 154: -1.129444, -1.148398
index 158: -1.326341, -1.142790
index 165: -1.125796, -1.083487
index 169: -1.351438, -0.958782
index 174: -1.233745, -1.007385
index 183: -0.007381, -0.340177
index 187: 0.419478, -0.081951
index 203: 0.412045, -0.073475
index 221: -0.159020, -0.387640
index 234: -6.829649, 5.932283
index 288: -6.829649, 5.932283
index 349: 0.015452, -0.804719
index 359: 0.154335, -1.045792
index 362: 0.099808, -0.915471
index 363: 0.093325, -0.966153
index 364: 0.167403, -0.866064
index 367: 0.147970, -0.939631
index 372: 0.144624, -0.928034
index 373: -0.117469, -0.900169
index 380: 0.015444, -0.987143
index 381: -0.007965, -0.977824
index 382: 0.048045, -0.978256
index 384: 0.192055, -0.819327
index 389: 0.276863, -0.813190
index 392: 0.090475, -0.905511
index 404: 0.560708, -0.347423
index 422: -0.002932, -0.763330
index 441: -0.006808, -0.728974
Overall results (hybrid)
Confidence threshold=0.8
Filtered datapoints
Prediction points: 44.120000 (stddev 12.454588)
AUC ave err std
    0.7146

    0.1143

    0.1143

Precision / Recall macro
    0.9594    0.3949

Precision / Recall micro
    0.9536    0.3881


Eliminated 137 points
Completed iteration 1

Eliminated 116 points
Completed iteration 2

Eliminated 131 points
Completed iteration 3

Eliminated 116 points
Completed iteration 4

Eliminated 119 points
Completed iteration 5

Eliminated 106 points
Completed iteration 6

Eliminated 113 points
Completed iteration 7

Eliminated 131 points
Completed iteration 8

Eliminated 121 points
Completed iteration 9

Eliminated 133 points
Completed iteration 10

Eliminated 139 points
Completed iteration 11

Eliminated 137 points
Completed iteration 12

Eliminated 142 points
Completed iteration 13

Eliminated 139 points
Completed iteration 14

Eliminated 134 points
Completed iteration 15

Eliminated 133 points
Completed iteration 16

Eliminated 143 points
Completed iteration 17

Eliminated 120 points
Completed iteration 18

Eliminated 106 points
Completed iteration 19

Eliminated 112 points
Completed iteration 20

Eliminated 119 points
Completed iteration 21

Eliminated 118 points
Completed iteration 22

Eliminated 132 points
Completed iteration 23

Eliminated 120 points
Completed iteration 24

Eliminated 109 points
Completed iteration 25

Eliminated 134 points
Completed iteration 26

Eliminated 143 points
Completed iteration 27

Eliminated 143 points
Completed iteration 28

Eliminated 133 points
Completed iteration 29

Eliminated 133 points
Completed iteration 30

Eliminated 145 points
Completed iteration 31

Eliminated 147 points
Completed iteration 32

Eliminated 129 points
Completed iteration 33

Eliminated 131 points
Completed iteration 34

Eliminated 100 points
Completed iteration 35

Eliminated 126 points
Completed iteration 36

Eliminated 124 points
Completed iteration 37

Eliminated 125 points
Completed iteration 38

Eliminated 104 points
Completed iteration 39

Eliminated 118 points
Completed iteration 40

Eliminated 130 points
Completed iteration 41

Eliminated 130 points
Completed iteration 42

Eliminated 106 points
Completed iteration 43

Eliminated 157 points
Completed iteration 44

Eliminated 129 points
Completed iteration 45

Eliminated 133 points
Completed iteration 46

Eliminated 121 points
Completed iteration 47

Eliminated 146 points
Completed iteration 48

Eliminated 142 points
Completed iteration 49

Eliminated 133 points
Completed iteration 50

Eliminated 126 points
Completed iteration 51

Eliminated 151 points
Completed iteration 52

Eliminated 119 points
Completed iteration 53

Eliminated 134 points
Completed iteration 54

Eliminated 124 points
Completed iteration 55

Eliminated 140 points
Completed iteration 56

Eliminated 125 points
Completed iteration 57

Eliminated 134 points
Completed iteration 58

Eliminated 129 points
Completed iteration 59

Eliminated 131 points
Completed iteration 60

Eliminated 128 points
Completed iteration 61

Eliminated 147 points
Completed iteration 62

Eliminated 134 points
Completed iteration 63

Eliminated 126 points
Completed iteration 64

Eliminated 128 points
Completed iteration 65

Eliminated 140 points
Completed iteration 66

Eliminated 137 points
Completed iteration 67

Eliminated 141 points
Completed iteration 68

Eliminated 110 points
Completed iteration 69

Eliminated 125 points
Completed iteration 70

Eliminated 126 points
Completed iteration 71

Eliminated 126 points
Completed iteration 72

Eliminated 138 points
Completed iteration 73

Eliminated 122 points
Completed iteration 74

Eliminated 115 points
Completed iteration 75

Eliminated 119 points
Completed iteration 76

Eliminated 116 points
Completed iteration 77

Eliminated 124 points
Completed iteration 78

Eliminated 132 points
Completed iteration 79

Eliminated 113 points
Completed iteration 80

Eliminated 132 points
Completed iteration 81

Eliminated 134 points
Completed iteration 82

Eliminated 130 points
Completed iteration 83

Eliminated 127 points
Completed iteration 84

Eliminated 111 points
Completed iteration 85

Eliminated 116 points
Completed iteration 86

Eliminated 129 points
Completed iteration 87

Eliminated 128 points
Completed iteration 88

Eliminated 122 points
Completed iteration 89

Eliminated 129 points
Completed iteration 90

Eliminated 144 points
Completed iteration 91

Eliminated 112 points
Completed iteration 92

Eliminated 113 points
Completed iteration 93

Eliminated 125 points
Completed iteration 94

Eliminated 144 points
Completed iteration 95

Eliminated 143 points
Completed iteration 96

Eliminated 119 points
Completed iteration 97

Eliminated 142 points
Completed iteration 98

Eliminated 127 points
Completed iteration 99

Eliminated 130 points
Completed iteration 100
index 123: -1.286012, -1.103101
index 129: -1.276321, -1.098237
index 131: -0.949541, -1.164423
index 135: -1.250809, -1.063940
index 136: -1.042996, -1.075127
index 140: -1.128468, -1.120816
index 143: -1.103512, -1.181596
index 144: -1.126458, -1.201077
index 154: -1.129444, -1.148398
index 158: -1.326341, -1.142790
index 165: -1.125796, -1.083487
index 169: -1.351438, -0.958782
index 174: -1.233745, -1.007385
index 183: -0.007381, -0.340177
index 187: 0.419478, -0.081951
index 203: 0.412045, -0.073475
index 221: -0.159020, -0.387640
index 234: -6.829649, 5.932283
index 288: -6.829649, 5.932283
index 349: 0.015452, -0.804719
index 359: 0.154335, -1.045792
index 362: 0.099808, -0.915471
index 363: 0.093325, -0.966153
index 364: 0.167403, -0.866064
index 367: 0.147970, -0.939631
index 372: 0.144624, -0.928034
index 373: -0.117469, -0.900169
index 380: 0.015444, -0.987143
index 381: -0.007965, -0.977824
index 382: 0.048045, -0.978256
index 384: 0.192055, -0.819327
index 389: 0.276863, -0.813190
index 392: 0.090475, -0.905511
index 404: 0.560708, -0.347423
index 422: -0.002932, -0.763330
index 441: -0.006808, -0.728974
Overall results (hybrid)
Confidence threshold=0.9
Filtered datapoints
Prediction points: 43.950000 (stddev 11.434817)
AUC ave err std
    0.7047

    0.1038

    0.1038

Precision / Recall macro
    0.9453    0.3987

Precision / Recall micro
    0.9394    0.3928

computation time (s)
  730.4300

