!!!!below quality measures have been removed due to insufficient data!!!!!!!!!!!!
binThreshold:10
energy base:40
using confidence:1
Number of bins: 64
Average bin size: 8.156250e+00

Eliminated 0 points
Completed iteration 1

Eliminated 0 points
Completed iteration 2

Eliminated 0 points
Completed iteration 3

Eliminated 0 points
Completed iteration 4

Eliminated 0 points
Completed iteration 5

Eliminated 0 points
Completed iteration 6

Eliminated 0 points
Completed iteration 7

Eliminated 0 points
Completed iteration 8

Eliminated 0 points
Completed iteration 9

Eliminated 0 points
Completed iteration 10

Eliminated 0 points
Completed iteration 11

Eliminated 0 points
Completed iteration 12

Eliminated 0 points
Completed iteration 13

Eliminated 0 points
Completed iteration 14

Eliminated 0 points
Completed iteration 15

Eliminated 0 points
Completed iteration 16

Eliminated 0 points
Completed iteration 17

Eliminated 0 points
Completed iteration 18

Eliminated 0 points
Completed iteration 19

Eliminated 0 points
Completed iteration 20

Eliminated 0 points
Completed iteration 21

Eliminated 0 points
Completed iteration 22

Eliminated 0 points
Completed iteration 23

Eliminated 0 points
Completed iteration 24

Eliminated 0 points
Completed iteration 25

Eliminated 0 points
Completed iteration 26

Eliminated 0 points
Completed iteration 27

Eliminated 0 points
Completed iteration 28

Eliminated 0 points
Completed iteration 29

Eliminated 0 points
Completed iteration 30

Eliminated 0 points
Completed iteration 31

Eliminated 0 points
Completed iteration 32

Eliminated 0 points
Completed iteration 33

Eliminated 0 points
Completed iteration 34

Eliminated 0 points
Completed iteration 35

Eliminated 0 points
Completed iteration 36

Eliminated 0 points
Completed iteration 37

Eliminated 0 points
Completed iteration 38

Eliminated 0 points
Completed iteration 39

Eliminated 0 points
Completed iteration 40

Eliminated 0 points
Completed iteration 41

Eliminated 0 points
Completed iteration 42

Eliminated 0 points
Completed iteration 43

Eliminated 0 points
Completed iteration 44

Eliminated 0 points
Completed iteration 45

Eliminated 0 points
Completed iteration 46

Eliminated 0 points
Completed iteration 47

Eliminated 0 points
Completed iteration 48

Eliminated 0 points
Completed iteration 49

Eliminated 0 points
Completed iteration 50

Eliminated 0 points
Completed iteration 51

Eliminated 0 points
Completed iteration 52

Eliminated 0 points
Completed iteration 53

Eliminated 0 points
Completed iteration 54

Eliminated 0 points
Completed iteration 55

Eliminated 0 points
Completed iteration 56

Eliminated 0 points
Completed iteration 57

Eliminated 0 points
Completed iteration 58

Eliminated 0 points
Completed iteration 59

Eliminated 0 points
Completed iteration 60

Eliminated 0 points
Completed iteration 61

Eliminated 0 points
Completed iteration 62

Eliminated 0 points
Completed iteration 63

Eliminated 0 points
Completed iteration 64

Eliminated 0 points
Completed iteration 65

Eliminated 0 points
Completed iteration 66

Eliminated 0 points
Completed iteration 67

Eliminated 0 points
Completed iteration 68

Eliminated 0 points
Completed iteration 69

Eliminated 0 points
Completed iteration 70

Eliminated 0 points
Completed iteration 71

Eliminated 0 points
Completed iteration 72

Eliminated 0 points
Completed iteration 73

Eliminated 0 points
Completed iteration 74

Eliminated 0 points
Completed iteration 75

Eliminated 0 points
Completed iteration 76

Eliminated 0 points
Completed iteration 77

Eliminated 0 points
Completed iteration 78

Eliminated 0 points
Completed iteration 79

Eliminated 0 points
Completed iteration 80

Eliminated 0 points
Completed iteration 81

Eliminated 0 points
Completed iteration 82

Eliminated 0 points
Completed iteration 83

Eliminated 0 points
Completed iteration 84

Eliminated 0 points
Completed iteration 85

Eliminated 0 points
Completed iteration 86

Eliminated 0 points
Completed iteration 87

Eliminated 0 points
Completed iteration 88

Eliminated 0 points
Completed iteration 89

Eliminated 0 points
Completed iteration 90

Eliminated 0 points
Completed iteration 91

Eliminated 0 points
Completed iteration 92

Eliminated 0 points
Completed iteration 93

Eliminated 0 points
Completed iteration 94

Eliminated 0 points
Completed iteration 95

Eliminated 0 points
Completed iteration 96

Eliminated 0 points
Completed iteration 97

Eliminated 0 points
Completed iteration 98

Eliminated 0 points
Completed iteration 99

Eliminated 0 points
Completed iteration 100
index 52: 0.088189, -0.072760
index 88: 0.598714, 0.099810
index 96: 0.571034, 0.048257
index 106: 1.055714, 0.411423
index 107: 0.664419, 0.172328
index 123: -1.286012, -1.103101
index 125: 0.351854, -0.157623
index 129: -1.276321, -1.098237
index 131: -0.949541, -1.164423
index 135: -1.250809, -1.063940
index 136: -1.042996, -1.075127
index 140: -1.128468, -1.120816
index 143: -1.103512, -1.181596
index 144: -1.126458, -1.201077
index 154: -1.129444, -1.148398
index 158: -1.326341, -1.142790
index 165: -1.125796, -1.083487
index 169: -1.351438, -0.958782
index 174: -1.233745, -1.007385
index 183: -0.007381, -0.340177
index 187: 0.419478, -0.081951
index 203: 0.412045, -0.073475
index 204: 0.684856, 0.475792
index 221: -0.159020, -0.387640
index 222: -0.229827, -0.637012
index 234: -6.829649, 5.932283
index 288: -6.829649, 5.932283
index 312: 0.327552, -0.672094
index 324: 0.391450, -0.758403
index 326: 0.078584, -0.598787
index 349: 0.015452, -0.804719
index 354: 0.039814, -0.066639
index 356: 0.057426, -0.081872
index 358: 0.322345, -0.862207
index 359: 0.154335, -1.045792
index 362: 0.099808, -0.915471
index 363: 0.093325, -0.966153
index 364: 0.167403, -0.866064
index 365: 0.884518, -0.468523
index 367: 0.147970, -0.939631
index 370: 0.587848, -0.216198
index 372: 0.144624, -0.928034
index 373: -0.117469, -0.900169
index 380: 0.015444, -0.987143
index 381: -0.007965, -0.977824
index 382: 0.048045, -0.978256
index 383: 0.518006, -0.466504
index 384: 0.192055, -0.819327
index 385: 0.581607, -0.459552
index 387: 0.306900, -0.816591
index 389: 0.276863, -0.813190
index 392: 0.090475, -0.905511
index 404: 0.560708, -0.347423
index 408: 1.496982, 0.421458
index 411: 0.356147, -0.619765
index 413: -0.014482, -0.729398
index 416: 0.168205, -0.723279
index 417: 0.054628, -0.720293
index 418: -0.014319, -0.723861
index 419: 0.251748, -0.624211
index 422: -0.002932, -0.763330
index 426: 0.256349, -0.637506
index 432: 0.211942, -0.660727
index 437: 0.137557, -0.631084
index 440: 0.981575, 0.142324
index 441: -0.006808, -0.728974
index 456: 0.400858, -0.614878
index 458: 0.748652, 0.122608
Overall results (hybrid)
Confidence threshold=0
Filtered datapoints
Prediction points: 172.000000 (stddev 0.000000)
AUC ave err std
    0.7242

    0.0547

    0.0547

Precision / Recall macro
    0.7813    0.9582

Precision / Recall micro
    0.7808    0.9581


Eliminated 15 points
Completed iteration 1

Eliminated 19 points
Completed iteration 2

Eliminated 25 points
Completed iteration 3

Eliminated 45 points
Completed iteration 4

Eliminated 28 points
Completed iteration 5

Eliminated 36 points
Completed iteration 6

Eliminated 46 points
Completed iteration 7

Eliminated 34 points
Completed iteration 8

Eliminated 33 points
Completed iteration 9

Eliminated 34 points
Completed iteration 10

Eliminated 19 points
Completed iteration 11

Eliminated 16 points
Completed iteration 12

Eliminated 25 points
Completed iteration 13

Eliminated 47 points
Completed iteration 14

Eliminated 35 points
Completed iteration 15

Eliminated 18 points
Completed iteration 16

Eliminated 36 points
Completed iteration 17

Eliminated 15 points
Completed iteration 18

Eliminated 23 points
Completed iteration 19

Eliminated 19 points
Completed iteration 20

Eliminated 14 points
Completed iteration 21

Eliminated 34 points
Completed iteration 22

Eliminated 28 points
Completed iteration 23

Eliminated 38 points
Completed iteration 24

Eliminated 29 points
Completed iteration 25

Eliminated 28 points
Completed iteration 26

Eliminated 26 points
Completed iteration 27

Eliminated 27 points
Completed iteration 28

Eliminated 20 points
Completed iteration 29

Eliminated 28 points
Completed iteration 30

Eliminated 32 points
Completed iteration 31

Eliminated 24 points
Completed iteration 32

Eliminated 33 points
Completed iteration 33

Eliminated 15 points
Completed iteration 34

Eliminated 46 points
Completed iteration 35

Eliminated 30 points
Completed iteration 36

Eliminated 31 points
Completed iteration 37

Eliminated 20 points
Completed iteration 38

Eliminated 42 points
Completed iteration 39

Eliminated 39 points
Completed iteration 40

Eliminated 25 points
Completed iteration 41

Eliminated 20 points
Completed iteration 42

Eliminated 21 points
Completed iteration 43

Eliminated 20 points
Completed iteration 44

Eliminated 35 points
Completed iteration 45

Eliminated 40 points
Completed iteration 46

Eliminated 18 points
Completed iteration 47

Eliminated 26 points
Completed iteration 48

Eliminated 37 points
Completed iteration 49

Eliminated 40 points
Completed iteration 50

Eliminated 31 points
Completed iteration 51

Eliminated 35 points
Completed iteration 52

Eliminated 28 points
Completed iteration 53

Eliminated 26 points
Completed iteration 54

Eliminated 43 points
Completed iteration 55

Eliminated 26 points
Completed iteration 56

Eliminated 21 points
Completed iteration 57

Eliminated 34 points
Completed iteration 58

Eliminated 33 points
Completed iteration 59

Eliminated 21 points
Completed iteration 60

Eliminated 27 points
Completed iteration 61

Eliminated 36 points
Completed iteration 62

Eliminated 48 points
Completed iteration 63

Eliminated 45 points
Completed iteration 64

Eliminated 37 points
Completed iteration 65

Eliminated 25 points
Completed iteration 66

Eliminated 33 points
Completed iteration 67

Eliminated 29 points
Completed iteration 68

Eliminated 38 points
Completed iteration 69

Eliminated 23 points
Completed iteration 70

Eliminated 39 points
Completed iteration 71

Eliminated 29 points
Completed iteration 72

Eliminated 9 points
Completed iteration 73

Eliminated 49 points
Completed iteration 74

Eliminated 27 points
Completed iteration 75

Eliminated 17 points
Completed iteration 76

Eliminated 22 points
Completed iteration 77

Eliminated 40 points
Completed iteration 78

Eliminated 13 points
Completed iteration 79

Eliminated 29 points
Completed iteration 80

Eliminated 34 points
Completed iteration 81

Eliminated 30 points
Completed iteration 82

Eliminated 28 points
Completed iteration 83

Eliminated 18 points
Completed iteration 84

Eliminated 36 points
Completed iteration 85

Eliminated 35 points
Completed iteration 86

Eliminated 15 points
Completed iteration 87

Eliminated 26 points
Completed iteration 88

Eliminated 34 points
Completed iteration 89

Eliminated 24 points
Completed iteration 90

Eliminated 30 points
Completed iteration 91

Eliminated 21 points
Completed iteration 92

Eliminated 33 points
Completed iteration 93

Eliminated 29 points
Completed iteration 94

Eliminated 19 points
Completed iteration 95

Eliminated 31 points
Completed iteration 96

Eliminated 33 points
Completed iteration 97

Eliminated 32 points
Completed iteration 98

Eliminated 30 points
Completed iteration 99

Eliminated 25 points
Completed iteration 100
index 123: -1.286012, -1.103101
index 126: -1.386119, -1.134917
index 129: -1.276321, -1.098237
index 131: -0.949541, -1.164423
index 135: -1.250809, -1.063940
index 136: -1.042996, -1.075127
index 140: -1.128468, -1.120816
index 141: -1.193948, -1.144144
index 142: -1.146417, -1.099074
index 143: -1.103512, -1.181596
index 144: -1.126458, -1.201077
index 145: -0.944932, -1.056272
index 146: -0.541017, -0.789709
index 148: -0.751847, -1.083688
index 154: -1.129444, -1.148398
index 155: -0.947082, -1.132953
index 156: -0.965784, -1.109754
index 158: -1.326341, -1.142790
index 161: -1.023142, -1.100964
index 165: -1.125796, -1.083487
index 166: -1.130412, -1.030786
index 169: -1.351438, -0.958782
index 171: -0.415313, -0.734486
index 174: -1.233745, -1.007385
index 183: -0.007381, -0.340177
index 187: 0.419478, -0.081951
index 203: 0.412045, -0.073475
index 221: -0.159020, -0.387640
index 234: -6.829649, 5.932283
index 288: -6.829649, 5.932283
index 308: -0.876082, -0.610554
index 349: 0.015452, -0.804719
index 359: 0.154335, -1.045792
index 362: 0.099808, -0.915471
index 363: 0.093325, -0.966153
index 364: 0.167403, -0.866064
index 367: 0.147970, -0.939631
index 372: 0.144624, -0.928034
index 373: -0.117469, -0.900169
index 380: 0.015444, -0.987143
index 381: -0.007965, -0.977824
index 382: 0.048045, -0.978256
index 384: 0.192055, -0.819327
index 389: 0.276863, -0.813190
index 392: 0.090475, -0.905511
index 404: 0.560708, -0.347423
index 422: -0.002932, -0.763330
index 441: -0.006808, -0.728974
index 462: -1.230404, -1.003526
index 492: -0.981164, -0.752083
index 503: -1.566423, -1.393328
Overall results (hybrid)
Confidence threshold=0.5
Filtered datapoints
Prediction points: 142.900000 (stddev 8.788767)
AUC ave err std
    0.7350

    0.0560

    0.0560

Precision / Recall macro
    0.7989    0.9634

Precision / Recall micro
    0.7981    0.9635


Eliminated 38 points
Completed iteration 1

Eliminated 57 points
Completed iteration 2

Eliminated 35 points
Completed iteration 3

Eliminated 52 points
Completed iteration 4

Eliminated 36 points
Completed iteration 5

Eliminated 42 points
Completed iteration 6

Eliminated 32 points
Completed iteration 7

Eliminated 49 points
Completed iteration 8

Eliminated 73 points
Completed iteration 9

Eliminated 36 points
Completed iteration 10

Eliminated 53 points
Completed iteration 11

Eliminated 48 points
Completed iteration 12

Eliminated 36 points
Completed iteration 13

Eliminated 69 points
Completed iteration 14

Eliminated 48 points
Completed iteration 15

Eliminated 48 points
Completed iteration 16

Eliminated 51 points
Completed iteration 17

Eliminated 47 points
Completed iteration 18

Eliminated 47 points
Completed iteration 19

Eliminated 51 points
Completed iteration 20

Eliminated 49 points
Completed iteration 21

Eliminated 38 points
Completed iteration 22

Eliminated 49 points
Completed iteration 23

Eliminated 55 points
Completed iteration 24

Eliminated 49 points
Completed iteration 25

Eliminated 57 points
Completed iteration 26

Eliminated 41 points
Completed iteration 27

Eliminated 54 points
Completed iteration 28

Eliminated 30 points
Completed iteration 29

Eliminated 30 points
Completed iteration 30

Eliminated 60 points
Completed iteration 31

Eliminated 46 points
Completed iteration 32

Eliminated 61 points
Completed iteration 33

Eliminated 50 points
Completed iteration 34

Eliminated 33 points
Completed iteration 35

Eliminated 53 points
Completed iteration 36

Eliminated 58 points
Completed iteration 37

Eliminated 46 points
Completed iteration 38

Eliminated 52 points
Completed iteration 39

Eliminated 68 points
Completed iteration 40

Eliminated 41 points
Completed iteration 41

Eliminated 72 points
Completed iteration 42

Eliminated 56 points
Completed iteration 43

Eliminated 57 points
Completed iteration 44

Eliminated 47 points
Completed iteration 45

Eliminated 56 points
Completed iteration 46

Eliminated 43 points
Completed iteration 47

Eliminated 54 points
Completed iteration 48

Eliminated 48 points
Completed iteration 49

Eliminated 58 points
Completed iteration 50

Eliminated 41 points
Completed iteration 51

Eliminated 39 points
Completed iteration 52

Eliminated 30 points
Completed iteration 53

Eliminated 45 points
Completed iteration 54

Eliminated 49 points
Completed iteration 55

Eliminated 43 points
Completed iteration 56

Eliminated 54 points
Completed iteration 57

Eliminated 12 points
Completed iteration 58

Eliminated 51 points
Completed iteration 59

Eliminated 35 points
Completed iteration 60

Eliminated 53 points
Completed iteration 61

Eliminated 29 points
Completed iteration 62

Eliminated 33 points
Completed iteration 63

Eliminated 49 points
Completed iteration 64

Eliminated 44 points
Completed iteration 65

Eliminated 43 points
Completed iteration 66

Eliminated 58 points
Completed iteration 67

Eliminated 59 points
Completed iteration 68

Eliminated 56 points
Completed iteration 69

Eliminated 54 points
Completed iteration 70

Eliminated 47 points
Completed iteration 71

Eliminated 57 points
Completed iteration 72

Eliminated 40 points
Completed iteration 73

Eliminated 45 points
Completed iteration 74

Eliminated 54 points
Completed iteration 75

Eliminated 62 points
Completed iteration 76

Eliminated 47 points
Completed iteration 77

Eliminated 36 points
Completed iteration 78

Eliminated 44 points
Completed iteration 79

Eliminated 32 points
Completed iteration 80

Eliminated 31 points
Completed iteration 81

Eliminated 67 points
Completed iteration 82

Eliminated 54 points
Completed iteration 83

Eliminated 66 points
Completed iteration 84

Eliminated 60 points
Completed iteration 85

Eliminated 60 points
Completed iteration 86

Eliminated 70 points
Completed iteration 87

Eliminated 40 points
Completed iteration 88

Eliminated 57 points
Completed iteration 89

Eliminated 47 points
Completed iteration 90

Eliminated 54 points
Completed iteration 91

Eliminated 68 points
Completed iteration 92

Eliminated 62 points
Completed iteration 93

Eliminated 36 points
Completed iteration 94

Eliminated 44 points
Completed iteration 95

Eliminated 46 points
Completed iteration 96

Eliminated 33 points
Completed iteration 97

Eliminated 26 points
Completed iteration 98

Eliminated 55 points
Completed iteration 99

Eliminated 56 points
Completed iteration 100
index 123: -1.286012, -1.103101
index 129: -1.276321, -1.098237
index 131: -0.949541, -1.164423
index 135: -1.250809, -1.063940
index 136: -1.042996, -1.075127
index 140: -1.128468, -1.120816
index 143: -1.103512, -1.181596
index 144: -1.126458, -1.201077
index 154: -1.129444, -1.148398
index 158: -1.326341, -1.142790
index 165: -1.125796, -1.083487
index 169: -1.351438, -0.958782
index 174: -1.233745, -1.007385
index 183: -0.007381, -0.340177
index 187: 0.419478, -0.081951
index 203: 0.412045, -0.073475
index 221: -0.159020, -0.387640
index 234: -6.829649, 5.932283
index 288: -6.829649, 5.932283
index 349: 0.015452, -0.804719
index 359: 0.154335, -1.045792
index 362: 0.099808, -0.915471
index 363: 0.093325, -0.966153
index 364: 0.167403, -0.866064
index 367: 0.147970, -0.939631
index 372: 0.144624, -0.928034
index 373: -0.117469, -0.900169
index 380: 0.015444, -0.987143
index 381: -0.007965, -0.977824
index 382: 0.048045, -0.978256
index 384: 0.192055, -0.819327
index 389: 0.276863, -0.813190
index 392: 0.090475, -0.905511
index 404: 0.560708, -0.347423
index 422: -0.002932, -0.763330
index 441: -0.006808, -0.728974
Overall results (hybrid)
Confidence threshold=0.6
Filtered datapoints
Prediction points: 123.680000 (stddev 11.267079)
AUC ave err std
    0.7268

    0.0611

    0.0611

Precision / Recall macro
    0.8013    0.9722

Precision / Recall micro
    0.8004    0.9720


Eliminated 73 points
Completed iteration 1

Eliminated 76 points
Completed iteration 2

Eliminated 45 points
Completed iteration 3

Eliminated 77 points
Completed iteration 4

Eliminated 55 points
Completed iteration 5

Eliminated 83 points
Completed iteration 6

Eliminated 58 points
Completed iteration 7

Eliminated 59 points
Completed iteration 8

Eliminated 70 points
Completed iteration 9

Eliminated 44 points
Completed iteration 10

Eliminated 37 points
Completed iteration 11

Eliminated 55 points
Completed iteration 12

Eliminated 69 points
Completed iteration 13

Eliminated 73 points
Completed iteration 14

Eliminated 67 points
Completed iteration 15

Eliminated 93 points
Completed iteration 16

Eliminated 68 points
Completed iteration 17

Eliminated 75 points
Completed iteration 18

Eliminated 87 points
Completed iteration 19

Eliminated 80 points
Completed iteration 20

Eliminated 63 points
Completed iteration 21

Eliminated 58 points
Completed iteration 22

Eliminated 61 points
Completed iteration 23

Eliminated 73 points
Completed iteration 24

Eliminated 59 points
Completed iteration 25

Eliminated 56 points
Completed iteration 26

Eliminated 83 points
Completed iteration 27

Eliminated 69 points
Completed iteration 28

Eliminated 60 points
Completed iteration 29

Eliminated 45 points
Completed iteration 30

Eliminated 68 points
Completed iteration 31

Eliminated 74 points
Completed iteration 32

Eliminated 84 points
Completed iteration 33

Eliminated 83 points
Completed iteration 34

Eliminated 55 points
Completed iteration 35

Eliminated 69 points
Completed iteration 36

Eliminated 60 points
Completed iteration 37

Eliminated 64 points
Completed iteration 38

Eliminated 56 points
Completed iteration 39

Eliminated 78 points
Completed iteration 40

Eliminated 61 points
Completed iteration 41

Eliminated 54 points
Completed iteration 42

Eliminated 70 points
Completed iteration 43

Eliminated 50 points
Completed iteration 44

Eliminated 62 points
Completed iteration 45

Eliminated 95 points
Completed iteration 46

Eliminated 92 points
Completed iteration 47

Eliminated 55 points
Completed iteration 48

Eliminated 49 points
Completed iteration 49

Eliminated 35 points
Completed iteration 50

Eliminated 56 points
Completed iteration 51

Eliminated 51 points
Completed iteration 52

Eliminated 43 points
Completed iteration 53

Eliminated 43 points
Completed iteration 54

Eliminated 76 points
Completed iteration 55

Eliminated 58 points
Completed iteration 56

Eliminated 74 points
Completed iteration 57

Eliminated 61 points
Completed iteration 58

Eliminated 45 points
Completed iteration 59

Eliminated 69 points
Completed iteration 60

Eliminated 65 points
Completed iteration 61

Eliminated 84 points
Completed iteration 62

Eliminated 60 points
Completed iteration 63

Eliminated 72 points
Completed iteration 64

Eliminated 55 points
Completed iteration 65

Eliminated 98 points
Completed iteration 66

Eliminated 75 points
Completed iteration 67

Eliminated 49 points
Completed iteration 68

Eliminated 65 points
Completed iteration 69

Eliminated 57 points
Completed iteration 70

Eliminated 52 points
Completed iteration 71

Eliminated 54 points
Completed iteration 72

Eliminated 51 points
Completed iteration 73

Eliminated 84 points
Completed iteration 74

Eliminated 87 points
Completed iteration 75

Eliminated 50 points
Completed iteration 76

Eliminated 53 points
Completed iteration 77

Eliminated 72 points
Completed iteration 78

Eliminated 59 points
Completed iteration 79

Eliminated 73 points
Completed iteration 80

Eliminated 62 points
Completed iteration 81

Eliminated 46 points
Completed iteration 82

Eliminated 76 points
Completed iteration 83

Eliminated 57 points
Completed iteration 84

Eliminated 67 points
Completed iteration 85

Eliminated 67 points
Completed iteration 86

Eliminated 57 points
Completed iteration 87

Eliminated 74 points
Completed iteration 88

Eliminated 59 points
Completed iteration 89

Eliminated 70 points
Completed iteration 90

Eliminated 65 points
Completed iteration 91

Eliminated 56 points
Completed iteration 92

Eliminated 56 points
Completed iteration 93

Eliminated 60 points
Completed iteration 94

Eliminated 63 points
Completed iteration 95

Eliminated 53 points
Completed iteration 96

Eliminated 67 points
Completed iteration 97

Eliminated 66 points
Completed iteration 98

Eliminated 100 points
Completed iteration 99

Eliminated 89 points
Completed iteration 100
index 123: -1.286012, -1.103101
index 129: -1.276321, -1.098237
index 131: -0.949541, -1.164423
index 135: -1.250809, -1.063940
index 136: -1.042996, -1.075127
index 140: -1.128468, -1.120816
index 143: -1.103512, -1.181596
index 144: -1.126458, -1.201077
index 154: -1.129444, -1.148398
index 158: -1.326341, -1.142790
index 165: -1.125796, -1.083487
index 169: -1.351438, -0.958782
index 174: -1.233745, -1.007385
index 183: -0.007381, -0.340177
index 187: 0.419478, -0.081951
index 203: 0.412045, -0.073475
index 221: -0.159020, -0.387640
index 234: -6.829649, 5.932283
index 288: -6.829649, 5.932283
index 349: 0.015452, -0.804719
index 359: 0.154335, -1.045792
index 362: 0.099808, -0.915471
index 363: 0.093325, -0.966153
index 364: 0.167403, -0.866064
index 367: 0.147970, -0.939631
index 372: 0.144624, -0.928034
index 373: -0.117469, -0.900169
index 380: 0.015444, -0.987143
index 381: -0.007965, -0.977824
index 382: 0.048045, -0.978256
index 384: 0.192055, -0.819327
index 389: 0.276863, -0.813190
index 392: 0.090475, -0.905511
index 404: 0.560708, -0.347423
index 422: -0.002932, -0.763330
index 441: -0.006808, -0.728974
Overall results (hybrid)
Confidence threshold=0.7
Filtered datapoints
Prediction points: 107.140000 (stddev 13.657440)
AUC ave err std
    0.7287

    0.0651

    0.0651

Precision / Recall macro
    0.8126    0.9732

Precision / Recall micro
    0.8112    0.9724


Eliminated 80 points
Completed iteration 1

Eliminated 77 points
Completed iteration 2

Eliminated 85 points
Completed iteration 3

Eliminated 94 points
Completed iteration 4

Eliminated 103 points
Completed iteration 5

Eliminated 66 points
Completed iteration 6

Eliminated 61 points
Completed iteration 7

Eliminated 72 points
Completed iteration 8

Eliminated 50 points
Completed iteration 9

Eliminated 75 points
Completed iteration 10

Eliminated 86 points
Completed iteration 11

Eliminated 79 points
Completed iteration 12

Eliminated 78 points
Completed iteration 13

Eliminated 69 points
Completed iteration 14

Eliminated 69 points
Completed iteration 15

Eliminated 57 points
Completed iteration 16

Eliminated 55 points
Completed iteration 17

Eliminated 68 points
Completed iteration 18

Eliminated 58 points
Completed iteration 19

Eliminated 69 points
Completed iteration 20

Eliminated 81 points
Completed iteration 21

Eliminated 86 points
Completed iteration 22

Eliminated 81 points
Completed iteration 23

Eliminated 54 points
Completed iteration 24

Eliminated 67 points
Completed iteration 25

Eliminated 67 points
Completed iteration 26

Eliminated 80 points
Completed iteration 27

Eliminated 89 points
Completed iteration 28

Eliminated 81 points
Completed iteration 29

Eliminated 83 points
Completed iteration 30

Eliminated 70 points
Completed iteration 31

Eliminated 59 points
Completed iteration 32

Eliminated 90 points
Completed iteration 33

Eliminated 73 points
Completed iteration 34

Eliminated 70 points
Completed iteration 35

Eliminated 70 points
Completed iteration 36

Eliminated 61 points
Completed iteration 37

Eliminated 96 points
Completed iteration 38

Eliminated 68 points
Completed iteration 39

Eliminated 94 points
Completed iteration 40

Eliminated 68 points
Completed iteration 41

Eliminated 58 points
Completed iteration 42

Eliminated 100 points
Completed iteration 43

Eliminated 79 points
Completed iteration 44

Eliminated 58 points
Completed iteration 45

Eliminated 67 points
Completed iteration 46

Eliminated 75 points
Completed iteration 47

Eliminated 109 points
Completed iteration 48

Eliminated 87 points
Completed iteration 49

Eliminated 91 points
Completed iteration 50

Eliminated 72 points
Completed iteration 51

Eliminated 60 points
Completed iteration 52

Eliminated 69 points
Completed iteration 53

Eliminated 86 points
Completed iteration 54

Eliminated 64 points
Completed iteration 55

Eliminated 50 points
Completed iteration 56

Eliminated 85 points
Completed iteration 57

Eliminated 66 points
Completed iteration 58

Eliminated 59 points
Completed iteration 59

Eliminated 65 points
Completed iteration 60

Eliminated 88 points
Completed iteration 61

Eliminated 57 points
Completed iteration 62

Eliminated 76 points
Completed iteration 63

Eliminated 100 points
Completed iteration 64

Eliminated 67 points
Completed iteration 65

Eliminated 52 points
Completed iteration 66

Eliminated 82 points
Completed iteration 67

Eliminated 68 points
Completed iteration 68

Eliminated 77 points
Completed iteration 69

Eliminated 70 points
Completed iteration 70

Eliminated 70 points
Completed iteration 71

Eliminated 93 points
Completed iteration 72

Eliminated 97 points
Completed iteration 73

Eliminated 90 points
Completed iteration 74

Eliminated 71 points
Completed iteration 75

Eliminated 55 points
Completed iteration 76

Eliminated 81 points
Completed iteration 77

Eliminated 49 points
Completed iteration 78

Eliminated 112 points
Completed iteration 79

Eliminated 81 points
Completed iteration 80

Eliminated 56 points
Completed iteration 81

Eliminated 69 points
Completed iteration 82

Eliminated 69 points
Completed iteration 83

Eliminated 80 points
Completed iteration 84

Eliminated 82 points
Completed iteration 85

Eliminated 55 points
Completed iteration 86

Eliminated 78 points
Completed iteration 87

Eliminated 84 points
Completed iteration 88

Eliminated 78 points
Completed iteration 89

Eliminated 85 points
Completed iteration 90

Eliminated 53 points
Completed iteration 91

Eliminated 65 points
Completed iteration 92

Eliminated 78 points
Completed iteration 93

Eliminated 72 points
Completed iteration 94

Eliminated 82 points
Completed iteration 95

Eliminated 91 points
Completed iteration 96

Eliminated 59 points
Completed iteration 97

Eliminated 73 points
Completed iteration 98

Eliminated 50 points
Completed iteration 99

Eliminated 65 points
Completed iteration 100
Overall results (hybrid)
Confidence threshold=0.8
Filtered datapoints
Prediction points: 98.010000 (stddev 13.882257)
AUC ave err std
    0.7344

    0.0745

    0.0745

Precision / Recall macro
    0.8241    0.9752

Precision / Recall micro
    0.8225    0.9752


Eliminated 84 points
Completed iteration 1

Eliminated 86 points
Completed iteration 2

Eliminated 98 points
Completed iteration 3

Eliminated 87 points
Completed iteration 4

Eliminated 101 points
Completed iteration 5

Eliminated 99 points
Completed iteration 6

Eliminated 91 points
Completed iteration 7

Eliminated 72 points
Completed iteration 8

Eliminated 88 points
Completed iteration 9

Eliminated 88 points
Completed iteration 10

Eliminated 88 points
Completed iteration 11

Eliminated 65 points
Completed iteration 12

Eliminated 83 points
Completed iteration 13

Eliminated 108 points
Completed iteration 14

Eliminated 74 points
Completed iteration 15

Eliminated 111 points
Completed iteration 16

Eliminated 115 points
Completed iteration 17

Eliminated 99 points
Completed iteration 18

Eliminated 80 points
Completed iteration 19

Eliminated 64 points
Completed iteration 20

Eliminated 85 points
Completed iteration 21

Eliminated 82 points
Completed iteration 22

Eliminated 96 points
Completed iteration 23

Eliminated 101 points
Completed iteration 24

Eliminated 106 points
Completed iteration 25

Eliminated 74 points
Completed iteration 26

Eliminated 92 points
Completed iteration 27

Eliminated 74 points
Completed iteration 28

Eliminated 100 points
Completed iteration 29

Eliminated 108 points
Completed iteration 30

Eliminated 102 points
Completed iteration 31

Eliminated 91 points
Completed iteration 32

Eliminated 122 points
Completed iteration 33

Eliminated 102 points
Completed iteration 34

Eliminated 114 points
Completed iteration 35

Eliminated 92 points
Completed iteration 36

Eliminated 97 points
Completed iteration 37

Eliminated 106 points
Completed iteration 38

Eliminated 102 points
Completed iteration 39

Eliminated 109 points
Completed iteration 40

Eliminated 80 points
Completed iteration 41

Eliminated 107 points
Completed iteration 42

Eliminated 99 points
Completed iteration 43

Eliminated 79 points
Completed iteration 44

Eliminated 98 points
Completed iteration 45

Eliminated 106 points
Completed iteration 46

Eliminated 102 points
Completed iteration 47

Eliminated 66 points
Completed iteration 48

Eliminated 68 points
Completed iteration 49

Eliminated 112 points
Completed iteration 50

Eliminated 85 points
Completed iteration 51

Eliminated 93 points
Completed iteration 52

Eliminated 112 points
Completed iteration 53

Eliminated 103 points
Completed iteration 54

Eliminated 91 points
Completed iteration 55

Eliminated 123 points
Completed iteration 56

Eliminated 101 points
Completed iteration 57

Eliminated 108 points
Completed iteration 58

Eliminated 114 points
Completed iteration 59

Eliminated 78 points
Completed iteration 60

Eliminated 87 points
Completed iteration 61

Eliminated 116 points
Completed iteration 62

Eliminated 88 points
Completed iteration 63

Eliminated 86 points
Completed iteration 64

Eliminated 68 points
Completed iteration 65

Eliminated 98 points
Completed iteration 66

Eliminated 90 points
Completed iteration 67

Eliminated 115 points
Completed iteration 68

Eliminated 97 points
Completed iteration 69

Eliminated 104 points
Completed iteration 70

Eliminated 86 points
Completed iteration 71

Eliminated 108 points
Completed iteration 72

Eliminated 101 points
Completed iteration 73

Eliminated 95 points
Completed iteration 74

Eliminated 97 points
Completed iteration 75

Eliminated 77 points
Completed iteration 76

Eliminated 101 points
Completed iteration 77

Eliminated 86 points
Completed iteration 78

Eliminated 63 points
Completed iteration 79

Eliminated 91 points
Completed iteration 80

Eliminated 76 points
Completed iteration 81

Eliminated 76 points
Completed iteration 82

Eliminated 90 points
Completed iteration 83

Eliminated 80 points
Completed iteration 84

Eliminated 83 points
Completed iteration 85

Eliminated 98 points
Completed iteration 86

Eliminated 101 points
Completed iteration 87

Eliminated 99 points
Completed iteration 88

Eliminated 83 points
Completed iteration 89

Eliminated 117 points
Completed iteration 90

Eliminated 123 points
Completed iteration 91

Eliminated 89 points
Completed iteration 92

Eliminated 83 points
Completed iteration 93

Eliminated 78 points
Completed iteration 94

Eliminated 126 points
Completed iteration 95

Eliminated 100 points
Completed iteration 96

Eliminated 116 points
Completed iteration 97

Eliminated 92 points
Completed iteration 98

Eliminated 97 points
Completed iteration 99

Eliminated 79 points
Completed iteration 100
Overall results (hybrid)
Confidence threshold=0.9
Filtered datapoints
Prediction points: 77.990000 (stddev 14.469400)
AUC ave err std
    0.7178

    0.0842

    0.0842

Precision / Recall macro
    0.8147    0.9817

Precision / Recall micro
    0.8128    0.9816

computation time (s)
  660.0500

