!!!!below quality measures have been removed due to insufficient data!!!!!!!!!!!!
binThreshold:30
energy base:20
using confidence:1
Number of bins: 31
Average bin size: 1.683871e+01

Eliminated 0 points
Completed iteration 1

Eliminated 0 points
Completed iteration 2

Eliminated 0 points
Completed iteration 3

Eliminated 0 points
Completed iteration 4

Eliminated 0 points
Completed iteration 5

Eliminated 0 points
Completed iteration 6

Eliminated 0 points
Completed iteration 7

Eliminated 0 points
Completed iteration 8

Eliminated 0 points
Completed iteration 9

Eliminated 0 points
Completed iteration 10

Eliminated 0 points
Completed iteration 11

Eliminated 0 points
Completed iteration 12

Eliminated 0 points
Completed iteration 13

Eliminated 0 points
Completed iteration 14

Eliminated 0 points
Completed iteration 15

Eliminated 0 points
Completed iteration 16

Eliminated 0 points
Completed iteration 17

Eliminated 0 points
Completed iteration 18

Eliminated 0 points
Completed iteration 19

Eliminated 0 points
Completed iteration 20

Eliminated 0 points
Completed iteration 21

Eliminated 0 points
Completed iteration 22

Eliminated 0 points
Completed iteration 23

Eliminated 0 points
Completed iteration 24

Eliminated 0 points
Completed iteration 25

Eliminated 0 points
Completed iteration 26

Eliminated 0 points
Completed iteration 27

Eliminated 0 points
Completed iteration 28

Eliminated 0 points
Completed iteration 29

Eliminated 0 points
Completed iteration 30

Eliminated 0 points
Completed iteration 31

Eliminated 0 points
Completed iteration 32

Eliminated 0 points
Completed iteration 33

Eliminated 0 points
Completed iteration 34

Eliminated 0 points
Completed iteration 35

Eliminated 0 points
Completed iteration 36

Eliminated 0 points
Completed iteration 37

Eliminated 0 points
Completed iteration 38

Eliminated 0 points
Completed iteration 39

Eliminated 0 points
Completed iteration 40

Eliminated 0 points
Completed iteration 41

Eliminated 0 points
Completed iteration 42

Eliminated 0 points
Completed iteration 43

Eliminated 0 points
Completed iteration 44

Eliminated 0 points
Completed iteration 45

Eliminated 0 points
Completed iteration 46

Eliminated 0 points
Completed iteration 47

Eliminated 0 points
Completed iteration 48

Eliminated 0 points
Completed iteration 49

Eliminated 0 points
Completed iteration 50

Eliminated 0 points
Completed iteration 51

Eliminated 0 points
Completed iteration 52

Eliminated 0 points
Completed iteration 53

Eliminated 0 points
Completed iteration 54

Eliminated 0 points
Completed iteration 55

Eliminated 0 points
Completed iteration 56

Eliminated 0 points
Completed iteration 57

Eliminated 0 points
Completed iteration 58

Eliminated 0 points
Completed iteration 59

Eliminated 0 points
Completed iteration 60

Eliminated 0 points
Completed iteration 61

Eliminated 0 points
Completed iteration 62

Eliminated 0 points
Completed iteration 63

Eliminated 0 points
Completed iteration 64

Eliminated 0 points
Completed iteration 65

Eliminated 0 points
Completed iteration 66

Eliminated 0 points
Completed iteration 67

Eliminated 0 points
Completed iteration 68

Eliminated 0 points
Completed iteration 69

Eliminated 0 points
Completed iteration 70

Eliminated 0 points
Completed iteration 71

Eliminated 0 points
Completed iteration 72

Eliminated 0 points
Completed iteration 73

Eliminated 0 points
Completed iteration 74

Eliminated 0 points
Completed iteration 75

Eliminated 0 points
Completed iteration 76

Eliminated 0 points
Completed iteration 77

Eliminated 0 points
Completed iteration 78

Eliminated 0 points
Completed iteration 79

Eliminated 0 points
Completed iteration 80

Eliminated 0 points
Completed iteration 81

Eliminated 0 points
Completed iteration 82

Eliminated 0 points
Completed iteration 83

Eliminated 0 points
Completed iteration 84

Eliminated 0 points
Completed iteration 85

Eliminated 0 points
Completed iteration 86

Eliminated 0 points
Completed iteration 87

Eliminated 0 points
Completed iteration 88

Eliminated 0 points
Completed iteration 89

Eliminated 0 points
Completed iteration 90

Eliminated 0 points
Completed iteration 91

Eliminated 0 points
Completed iteration 92

Eliminated 0 points
Completed iteration 93

Eliminated 0 points
Completed iteration 94

Eliminated 0 points
Completed iteration 95

Eliminated 0 points
Completed iteration 96

Eliminated 0 points
Completed iteration 97

Eliminated 0 points
Completed iteration 98

Eliminated 0 points
Completed iteration 99

Eliminated 0 points
Completed iteration 100
index 123: -1.286012, -1.103101
index 126: -1.386119, -1.134917
index 129: -1.276321, -1.098237
index 131: -0.949541, -1.164423
index 133: -0.097228, -0.569516
index 135: -1.250809, -1.063940
index 136: -1.042996, -1.075127
index 137: -0.003499, -0.480654
index 140: -1.128468, -1.120816
index 141: -1.193948, -1.144144
index 142: -1.146417, -1.099074
index 143: -1.103512, -1.181596
index 144: -1.126458, -1.201077
index 145: -0.944932, -1.056272
index 146: -0.541017, -0.789709
index 148: -0.751847, -1.083688
index 154: -1.129444, -1.148398
index 155: -0.947082, -1.132953
index 156: -0.965784, -1.109754
index 158: -1.326341, -1.142790
index 161: -1.023142, -1.100964
index 164: 0.113930, 0.128786
index 165: -1.125796, -1.083487
index 166: -1.130412, -1.030786
index 169: -1.351438, -0.958782
index 171: -0.415313, -0.734486
index 174: -1.233745, -1.007385
index 183: -0.007381, -0.340177
index 187: 0.419478, -0.081951
index 203: 0.412045, -0.073475
index 221: -0.159020, -0.387640
index 222: -0.229827, -0.637012
index 234: -6.829649, 5.932283
index 241: 0.667745, 0.455659
index 251: 0.293945, 0.298972
index 257: 0.252341, 0.316534
index 262: 0.229431, 0.333448
index 265: 0.440795, 0.364719
index 272: -0.232181, -0.078949
index 277: 0.177622, 0.327670
index 288: -6.829649, 5.932283
index 289: 0.041133, -0.454373
index 302: 0.011193, -0.515459
index 308: -0.876082, -0.610554
index 312: 0.327552, -0.672094
index 313: -0.085936, -0.431462
index 317: 0.453667, -0.645690
index 318: 0.315610, -0.472040
index 324: 0.391450, -0.758403
index 328: 0.766844, -0.262657
index 331: 0.125569, -0.484463
index 334: 0.229013, -0.807171
index 338: -0.010998, -0.511679
index 342: -0.054087, -0.521437
index 349: 0.015452, -0.804719
index 352: 0.104047, -0.473020
index 357: 0.498666, -0.576095
index 358: 0.322345, -0.862207
index 359: 0.154335, -1.045792
index 361: 0.476434, -0.816948
index 362: 0.099808, -0.915471
index 363: 0.093325, -0.966153
index 364: 0.167403, -0.866064
index 367: 0.147970, -0.939631
index 368: 0.607005, 0.100438
index 372: 0.144624, -0.928034
index 373: -0.117469, -0.900169
index 380: 0.015444, -0.987143
index 381: -0.007965, -0.977824
index 382: 0.048045, -0.978256
index 384: 0.192055, -0.819327
index 385: 0.581607, -0.459552
index 387: 0.306900, -0.816591
index 389: 0.276863, -0.813190
index 392: 0.090475, -0.905511
index 394: 0.407647, -0.794572
index 404: 0.560708, -0.347423
index 411: 0.356147, -0.619765
index 413: -0.014482, -0.729398
index 416: 0.168205, -0.723279
index 417: 0.054628, -0.720293
index 418: -0.014319, -0.723861
index 419: 0.251748, -0.624211
index 422: -0.002932, -0.763330
index 425: 0.274810, -0.512404
index 426: 0.256349, -0.637506
index 429: 0.364166, -0.387402
index 432: 0.211942, -0.660727
index 437: 0.137557, -0.631084
index 439: 0.632173, -0.353580
index 441: -0.006808, -0.728974
index 445: 0.219406, 0.179204
index 447: 0.345808, -0.532963
index 453: 0.561584, -0.493914
index 456: 0.400858, -0.614878
index 460: 0.246552, -0.584550
index 462: -1.230404, -1.003526
index 492: -0.981164, -0.752083
index 503: -1.566423, -1.393328
Overall results (hybrid)
Confidence threshold=0
Filtered datapoints
Prediction points: 172.000000 (stddev 0.000000)
AUC ave err std
    0.6313

    0.0497

    0.0497

Precision / Recall macro
    0.9008    0.1896

Precision / Recall micro
    0.8963    0.1894


Eliminated 113 points
Completed iteration 1

Eliminated 126 points
Completed iteration 2

Eliminated 69 points
Completed iteration 3

Eliminated 110 points
Completed iteration 4

Eliminated 86 points
Completed iteration 5

Eliminated 93 points
Completed iteration 6

Eliminated 89 points
Completed iteration 7

Eliminated 112 points
Completed iteration 8

Eliminated 93 points
Completed iteration 9

Eliminated 126 points
Completed iteration 10

Eliminated 66 points
Completed iteration 11

Eliminated 77 points
Completed iteration 12

Eliminated 61 points
Completed iteration 13

Eliminated 78 points
Completed iteration 14

Eliminated 56 points
Completed iteration 15

Eliminated 78 points
Completed iteration 16

Eliminated 97 points
Completed iteration 17

Eliminated 85 points
Completed iteration 18

Eliminated 115 points
Completed iteration 19

Eliminated 62 points
Completed iteration 20

Eliminated 91 points
Completed iteration 21

Eliminated 106 points
Completed iteration 22

Eliminated 114 points
Completed iteration 23

Eliminated 131 points
Completed iteration 24

Eliminated 113 points
Completed iteration 25

Eliminated 37 points
Completed iteration 26

Eliminated 95 points
Completed iteration 27

Eliminated 81 points
Completed iteration 28

Eliminated 66 points
Completed iteration 29

Eliminated 66 points
Completed iteration 30

Eliminated 102 points
Completed iteration 31

Eliminated 29 points
Completed iteration 32

Eliminated 132 points
Completed iteration 33

Eliminated 94 points
Completed iteration 34

Eliminated 93 points
Completed iteration 35

Eliminated 84 points
Completed iteration 36

Eliminated 128 points
Completed iteration 37

Eliminated 63 points
Completed iteration 38

Eliminated 57 points
Completed iteration 39

Eliminated 67 points
Completed iteration 40

Eliminated 95 points
Completed iteration 41

Eliminated 103 points
Completed iteration 42

Eliminated 99 points
Completed iteration 43

Eliminated 97 points
Completed iteration 44

Eliminated 92 points
Completed iteration 45

Eliminated 109 points
Completed iteration 46

Eliminated 67 points
Completed iteration 47

Eliminated 69 points
Completed iteration 48

Eliminated 113 points
Completed iteration 49

Eliminated 96 points
Completed iteration 50

Eliminated 114 points
Completed iteration 51

Eliminated 117 points
Completed iteration 52

Eliminated 121 points
Completed iteration 53

Eliminated 99 points
Completed iteration 54

Eliminated 125 points
Completed iteration 55

Eliminated 111 points
Completed iteration 56

Eliminated 79 points
Completed iteration 57

Eliminated 111 points
Completed iteration 58

Eliminated 112 points
Completed iteration 59

Eliminated 94 points
Completed iteration 60

Eliminated 115 points
Completed iteration 61

Eliminated 83 points
Completed iteration 62

Eliminated 99 points
Completed iteration 63

Eliminated 84 points
Completed iteration 64

Eliminated 72 points
Completed iteration 65

Eliminated 91 points
Completed iteration 66

Eliminated 62 points
Completed iteration 67

Eliminated 92 points
Completed iteration 68

Eliminated 67 points
Completed iteration 69

Eliminated 59 points
Completed iteration 70

Eliminated 89 points
Completed iteration 71

Eliminated 108 points
Completed iteration 72

Eliminated 66 points
Completed iteration 73

Eliminated 112 points
Completed iteration 74

Eliminated 98 points
Completed iteration 75

Eliminated 71 points
Completed iteration 76

Eliminated 106 points
Completed iteration 77

Eliminated 123 points
Completed iteration 78

Eliminated 90 points
Completed iteration 79

Eliminated 82 points
Completed iteration 80

Eliminated 82 points
Completed iteration 81

Eliminated 109 points
Completed iteration 82

Eliminated 94 points
Completed iteration 83

Eliminated 113 points
Completed iteration 84

Eliminated 100 points
Completed iteration 85

Eliminated 128 points
Completed iteration 86

Eliminated 80 points
Completed iteration 87

Eliminated 119 points
Completed iteration 88

Eliminated 131 points
Completed iteration 89

Eliminated 94 points
Completed iteration 90

Eliminated 115 points
Completed iteration 91

Eliminated 93 points
Completed iteration 92

Eliminated 69 points
Completed iteration 93

Eliminated 94 points
Completed iteration 94

Eliminated 116 points
Completed iteration 95

Eliminated 50 points
Completed iteration 96

Eliminated 77 points
Completed iteration 97

Eliminated 100 points
Completed iteration 98

Eliminated 97 points
Completed iteration 99

Eliminated 93 points
Completed iteration 100
index 123: -1.286012, -1.103101
index 126: -1.386119, -1.134917
index 129: -1.276321, -1.098237
index 131: -0.949541, -1.164423
index 135: -1.250809, -1.063940
index 136: -1.042996, -1.075127
index 140: -1.128468, -1.120816
index 141: -1.193948, -1.144144
index 142: -1.146417, -1.099074
index 143: -1.103512, -1.181596
index 144: -1.126458, -1.201077
index 145: -0.944932, -1.056272
index 146: -0.541017, -0.789709
index 148: -0.751847, -1.083688
index 154: -1.129444, -1.148398
index 155: -0.947082, -1.132953
index 156: -0.965784, -1.109754
index 158: -1.326341, -1.142790
index 161: -1.023142, -1.100964
index 165: -1.125796, -1.083487
index 166: -1.130412, -1.030786
index 169: -1.351438, -0.958782
index 171: -0.415313, -0.734486
index 174: -1.233745, -1.007385
index 183: -0.007381, -0.340177
index 187: 0.419478, -0.081951
index 203: 0.412045, -0.073475
index 221: -0.159020, -0.387640
index 234: -6.829649, 5.932283
index 288: -6.829649, 5.932283
index 302: 0.011193, -0.515459
index 308: -0.876082, -0.610554
index 312: 0.327552, -0.672094
index 317: 0.453667, -0.645690
index 318: 0.315610, -0.472040
index 328: 0.766844, -0.262657
index 342: -0.054087, -0.521437
index 349: 0.015452, -0.804719
index 358: 0.322345, -0.862207
index 359: 0.154335, -1.045792
index 361: 0.476434, -0.816948
index 362: 0.099808, -0.915471
index 363: 0.093325, -0.966153
index 364: 0.167403, -0.866064
index 367: 0.147970, -0.939631
index 372: 0.144624, -0.928034
index 373: -0.117469, -0.900169
index 380: 0.015444, -0.987143
index 381: -0.007965, -0.977824
index 382: 0.048045, -0.978256
index 384: 0.192055, -0.819327
index 385: 0.581607, -0.459552
index 389: 0.276863, -0.813190
index 392: 0.090475, -0.905511
index 394: 0.407647, -0.794572
index 404: 0.560708, -0.347423
index 416: 0.168205, -0.723279
index 417: 0.054628, -0.720293
index 422: -0.002932, -0.763330
index 425: 0.274810, -0.512404
index 426: 0.256349, -0.637506
index 432: 0.211942, -0.660727
index 437: 0.137557, -0.631084
index 441: -0.006808, -0.728974
index 453: 0.561584, -0.493914
index 456: 0.400858, -0.614878
index 462: -1.230404, -1.003526
index 492: -0.981164, -0.752083
index 503: -1.566423, -1.393328
Overall results (hybrid)
Confidence threshold=0.5
Filtered datapoints
Prediction points: 79.130000 (stddev 21.908743)
AUC ave err std
    0.6976

    0.0871

    0.0871

Precision / Recall macro
    0.9447    0.3004

Precision / Recall micro
    0.9353    0.2952


Eliminated 89 points
Completed iteration 1

Eliminated 97 points
Completed iteration 2

Eliminated 86 points
Completed iteration 3

Eliminated 49 points
Completed iteration 4

Eliminated 115 points
Completed iteration 5

Eliminated 69 points
Completed iteration 6

Eliminated 125 points
Completed iteration 7

Eliminated 86 points
Completed iteration 8

Eliminated 82 points
Completed iteration 9

Eliminated 81 points
Completed iteration 10

Eliminated 102 points
Completed iteration 11

Eliminated 129 points
Completed iteration 12

Eliminated 109 points
Completed iteration 13

Eliminated 116 points
Completed iteration 14

Eliminated 122 points
Completed iteration 15

Eliminated 85 points
Completed iteration 16

Eliminated 64 points
Completed iteration 17

Eliminated 93 points
Completed iteration 18

Eliminated 114 points
Completed iteration 19

Eliminated 89 points
Completed iteration 20

Eliminated 117 points
Completed iteration 21

Eliminated 128 points
Completed iteration 22

Eliminated 90 points
Completed iteration 23

Eliminated 91 points
Completed iteration 24

Eliminated 99 points
Completed iteration 25

Eliminated 81 points
Completed iteration 26

Eliminated 93 points
Completed iteration 27

Eliminated 68 points
Completed iteration 28

Eliminated 107 points
Completed iteration 29

Eliminated 95 points
Completed iteration 30

Eliminated 113 points
Completed iteration 31

Eliminated 104 points
Completed iteration 32

Eliminated 107 points
Completed iteration 33

Eliminated 91 points
Completed iteration 34

Eliminated 104 points
Completed iteration 35

Eliminated 129 points
Completed iteration 36

Eliminated 91 points
Completed iteration 37

Eliminated 117 points
Completed iteration 38

Eliminated 124 points
Completed iteration 39

Eliminated 106 points
Completed iteration 40

Eliminated 77 points
Completed iteration 41

Eliminated 95 points
Completed iteration 42

Eliminated 137 points
Completed iteration 43

Eliminated 116 points
Completed iteration 44

Eliminated 98 points
Completed iteration 45

Eliminated 100 points
Completed iteration 46

Eliminated 112 points
Completed iteration 47

Eliminated 111 points
Completed iteration 48

Eliminated 56 points
Completed iteration 49

Eliminated 91 points
Completed iteration 50

Eliminated 103 points
Completed iteration 51

Eliminated 116 points
Completed iteration 52

Eliminated 82 points
Completed iteration 53

Eliminated 107 points
Completed iteration 54

Eliminated 123 points
Completed iteration 55

Eliminated 84 points
Completed iteration 56

Eliminated 101 points
Completed iteration 57

Eliminated 65 points
Completed iteration 58

Eliminated 104 points
Completed iteration 59

Eliminated 104 points
Completed iteration 60

Eliminated 105 points
Completed iteration 61

Eliminated 91 points
Completed iteration 62

Eliminated 115 points
Completed iteration 63

Eliminated 97 points
Completed iteration 64

Eliminated 108 points
Completed iteration 65

Eliminated 86 points
Completed iteration 66

Eliminated 57 points
Completed iteration 67

Eliminated 122 points
Completed iteration 68

Eliminated 99 points
Completed iteration 69

Eliminated 138 points
Completed iteration 70

Eliminated 102 points
Completed iteration 71

Eliminated 94 points
Completed iteration 72

Eliminated 59 points
Completed iteration 73

Eliminated 81 points
Completed iteration 74

Eliminated 101 points
Completed iteration 75

Eliminated 104 points
Completed iteration 76

Eliminated 76 points
Completed iteration 77

Eliminated 88 points
Completed iteration 78

Eliminated 100 points
Completed iteration 79

Eliminated 93 points
Completed iteration 80

Eliminated 77 points
Completed iteration 81

Eliminated 106 points
Completed iteration 82

Eliminated 95 points
Completed iteration 83

Eliminated 118 points
Completed iteration 84

Eliminated 118 points
Completed iteration 85

Eliminated 95 points
Completed iteration 86

Eliminated 84 points
Completed iteration 87

Eliminated 113 points
Completed iteration 88

Eliminated 108 points
Completed iteration 89

Eliminated 125 points
Completed iteration 90

Eliminated 110 points
Completed iteration 91

Eliminated 137 points
Completed iteration 92

Eliminated 124 points
Completed iteration 93

Eliminated 98 points
Completed iteration 94

Eliminated 86 points
Completed iteration 95

Eliminated 65 points
Completed iteration 96

Eliminated 69 points
Completed iteration 97

Eliminated 41 points
Completed iteration 98

Eliminated 88 points
Completed iteration 99

Eliminated 114 points
Completed iteration 100
index 123: -1.286012, -1.103101
index 126: -1.386119, -1.134917
index 129: -1.276321, -1.098237
index 131: -0.949541, -1.164423
index 135: -1.250809, -1.063940
index 136: -1.042996, -1.075127
index 140: -1.128468, -1.120816
index 141: -1.193948, -1.144144
index 142: -1.146417, -1.099074
index 143: -1.103512, -1.181596
index 144: -1.126458, -1.201077
index 145: -0.944932, -1.056272
index 146: -0.541017, -0.789709
index 148: -0.751847, -1.083688
index 154: -1.129444, -1.148398
index 155: -0.947082, -1.132953
index 156: -0.965784, -1.109754
index 158: -1.326341, -1.142790
index 161: -1.023142, -1.100964
index 165: -1.125796, -1.083487
index 166: -1.130412, -1.030786
index 169: -1.351438, -0.958782
index 171: -0.415313, -0.734486
index 174: -1.233745, -1.007385
index 183: -0.007381, -0.340177
index 187: 0.419478, -0.081951
index 203: 0.412045, -0.073475
index 221: -0.159020, -0.387640
index 234: -6.829649, 5.932283
index 288: -6.829649, 5.932283
index 302: 0.011193, -0.515459
index 308: -0.876082, -0.610554
index 312: 0.327552, -0.672094
index 317: 0.453667, -0.645690
index 318: 0.315610, -0.472040
index 328: 0.766844, -0.262657
index 342: -0.054087, -0.521437
index 349: 0.015452, -0.804719
index 358: 0.322345, -0.862207
index 359: 0.154335, -1.045792
index 361: 0.476434, -0.816948
index 362: 0.099808, -0.915471
index 363: 0.093325, -0.966153
index 364: 0.167403, -0.866064
index 367: 0.147970, -0.939631
index 372: 0.144624, -0.928034
index 373: -0.117469, -0.900169
index 380: 0.015444, -0.987143
index 381: -0.007965, -0.977824
index 382: 0.048045, -0.978256
index 384: 0.192055, -0.819327
index 385: 0.581607, -0.459552
index 389: 0.276863, -0.813190
index 392: 0.090475, -0.905511
index 394: 0.407647, -0.794572
index 404: 0.560708, -0.347423
index 416: 0.168205, -0.723279
index 417: 0.054628, -0.720293
index 422: -0.002932, -0.763330
index 425: 0.274810, -0.512404
index 426: 0.256349, -0.637506
index 432: 0.211942, -0.660727
index 437: 0.137557, -0.631084
index 441: -0.006808, -0.728974
index 453: 0.561584, -0.493914
index 456: 0.400858, -0.614878
index 462: -1.230404, -1.003526
index 492: -0.981164, -0.752083
index 503: -1.566423, -1.393328
Overall results (hybrid)
Confidence threshold=0.6
Filtered datapoints
Prediction points: 73.740000 (stddev 19.798796)
AUC ave err std
    0.6947

    0.0891

    0.0891

Precision / Recall macro
    0.9393    0.3194

Precision / Recall micro
    0.9354    0.3126


Eliminated 102 points
Completed iteration 1

Eliminated 91 points
Completed iteration 2

Eliminated 73 points
Completed iteration 3

Eliminated 115 points
Completed iteration 4

Eliminated 101 points
Completed iteration 5

Eliminated 131 points
Completed iteration 6

Eliminated 106 points
Completed iteration 7

Eliminated 108 points
Completed iteration 8

Eliminated 104 points
Completed iteration 9

Eliminated 123 points
Completed iteration 10

Eliminated 107 points
Completed iteration 11

Eliminated 117 points
Completed iteration 12

Eliminated 93 points
Completed iteration 13

Eliminated 98 points
Completed iteration 14

Eliminated 82 points
Completed iteration 15

Eliminated 129 points
Completed iteration 16

Eliminated 112 points
Completed iteration 17

Eliminated 132 points
Completed iteration 18

Eliminated 139 points
Completed iteration 19

Eliminated 117 points
Completed iteration 20

Eliminated 104 points
Completed iteration 21

Eliminated 116 points
Completed iteration 22

Eliminated 114 points
Completed iteration 23

Eliminated 95 points
Completed iteration 24

Eliminated 95 points
Completed iteration 25

Eliminated 93 points
Completed iteration 26

Eliminated 104 points
Completed iteration 27

Eliminated 114 points
Completed iteration 28

Eliminated 84 points
Completed iteration 29

Eliminated 112 points
Completed iteration 30

Eliminated 102 points
Completed iteration 31

Eliminated 118 points
Completed iteration 32

Eliminated 87 points
Completed iteration 33

Eliminated 61 points
Completed iteration 34

Eliminated 125 points
Completed iteration 35

Eliminated 64 points
Completed iteration 36

Eliminated 115 points
Completed iteration 37

Eliminated 122 points
Completed iteration 38

Eliminated 79 points
Completed iteration 39

Eliminated 123 points
Completed iteration 40

Eliminated 119 points
Completed iteration 41

Eliminated 77 points
Completed iteration 42

Eliminated 112 points
Completed iteration 43

Eliminated 143 points
Completed iteration 44

Eliminated 80 points
Completed iteration 45

Eliminated 133 points
Completed iteration 46

Eliminated 101 points
Completed iteration 47

Eliminated 38 points
Completed iteration 48

Eliminated 119 points
Completed iteration 49

Eliminated 81 points
Completed iteration 50

Eliminated 172 points
Not enough valid test points; skipping iteration.

Eliminated 64 points
Completed iteration 51

Eliminated 106 points
Completed iteration 52

Eliminated 88 points
Completed iteration 53

Eliminated 119 points
Completed iteration 54

Eliminated 124 points
Completed iteration 55

Eliminated 108 points
Completed iteration 56

Eliminated 63 points
Completed iteration 57

Eliminated 89 points
Completed iteration 58

Eliminated 118 points
Completed iteration 59

Eliminated 104 points
Completed iteration 60

Eliminated 111 points
Completed iteration 61

Eliminated 77 points
Completed iteration 62

Eliminated 82 points
Completed iteration 63

Eliminated 70 points
Completed iteration 64

Eliminated 135 points
Completed iteration 65

Eliminated 65 points
Completed iteration 66

Eliminated 56 points
Completed iteration 67

Eliminated 69 points
Completed iteration 68

Eliminated 112 points
Completed iteration 69

Eliminated 93 points
Completed iteration 70

Eliminated 94 points
Completed iteration 71

Eliminated 126 points
Completed iteration 72

Eliminated 91 points
Completed iteration 73

Eliminated 113 points
Completed iteration 74

Eliminated 90 points
Completed iteration 75

Eliminated 108 points
Completed iteration 76

Eliminated 94 points
Completed iteration 77

Eliminated 87 points
Completed iteration 78

Eliminated 101 points
Completed iteration 79

Eliminated 114 points
Completed iteration 80

Eliminated 88 points
Completed iteration 81

Eliminated 111 points
Completed iteration 82

Eliminated 82 points
Completed iteration 83

Eliminated 134 points
Completed iteration 84

Eliminated 97 points
Completed iteration 85

Eliminated 92 points
Completed iteration 86

Eliminated 104 points
Completed iteration 87

Eliminated 122 points
Completed iteration 88

Eliminated 110 points
Completed iteration 89

Eliminated 101 points
Completed iteration 90

Eliminated 93 points
Completed iteration 91

Eliminated 58 points
Completed iteration 92

Eliminated 116 points
Completed iteration 93

Eliminated 90 points
Completed iteration 94

Eliminated 68 points
Completed iteration 95

Eliminated 83 points
Completed iteration 96

Eliminated 90 points
Completed iteration 97

Eliminated 116 points
Completed iteration 98

Eliminated 99 points
Completed iteration 99

Eliminated 69 points
Completed iteration 100
index 123: -1.286012, -1.103101
index 126: -1.386119, -1.134917
index 129: -1.276321, -1.098237
index 131: -0.949541, -1.164423
index 135: -1.250809, -1.063940
index 136: -1.042996, -1.075127
index 140: -1.128468, -1.120816
index 141: -1.193948, -1.144144
index 142: -1.146417, -1.099074
index 143: -1.103512, -1.181596
index 144: -1.126458, -1.201077
index 145: -0.944932, -1.056272
index 146: -0.541017, -0.789709
index 148: -0.751847, -1.083688
index 154: -1.129444, -1.148398
index 155: -0.947082, -1.132953
index 156: -0.965784, -1.109754
index 158: -1.326341, -1.142790
index 161: -1.023142, -1.100964
index 165: -1.125796, -1.083487
index 166: -1.130412, -1.030786
index 169: -1.351438, -0.958782
index 171: -0.415313, -0.734486
index 174: -1.233745, -1.007385
index 183: -0.007381, -0.340177
index 187: 0.419478, -0.081951
index 203: 0.412045, -0.073475
index 221: -0.159020, -0.387640
index 234: -6.829649, 5.932283
index 288: -6.829649, 5.932283
index 302: 0.011193, -0.515459
index 308: -0.876082, -0.610554
index 312: 0.327552, -0.672094
index 317: 0.453667, -0.645690
index 318: 0.315610, -0.472040
index 328: 0.766844, -0.262657
index 342: -0.054087, -0.521437
index 349: 0.015452, -0.804719
index 358: 0.322345, -0.862207
index 359: 0.154335, -1.045792
index 361: 0.476434, -0.816948
index 362: 0.099808, -0.915471
index 363: 0.093325, -0.966153
index 364: 0.167403, -0.866064
index 367: 0.147970, -0.939631
index 372: 0.144624, -0.928034
index 373: -0.117469, -0.900169
index 380: 0.015444, -0.987143
index 381: -0.007965, -0.977824
index 382: 0.048045, -0.978256
index 384: 0.192055, -0.819327
index 385: 0.581607, -0.459552
index 389: 0.276863, -0.813190
index 392: 0.090475, -0.905511
index 394: 0.407647, -0.794572
index 404: 0.560708, -0.347423
index 416: 0.168205, -0.723279
index 417: 0.054628, -0.720293
index 422: -0.002932, -0.763330
index 425: 0.274810, -0.512404
index 426: 0.256349, -0.637506
index 432: 0.211942, -0.660727
index 437: 0.137557, -0.631084
index 441: -0.006808, -0.728974
index 453: 0.561584, -0.493914
index 456: 0.400858, -0.614878
index 462: -1.230404, -1.003526
index 492: -0.981164, -0.752083
index 503: -1.566423, -1.393328
Overall results (hybrid)
Confidence threshold=0.7
Filtered datapoints
Prediction points: 71.960000 (stddev 20.933719)
AUC ave err std
    0.6975

    0.0892

    0.0892

Precision / Recall macro
    0.9585    0.3078

Precision / Recall micro
    0.9532    0.2983


Eliminated 102 points
Completed iteration 1

Eliminated 124 points
Completed iteration 2

Eliminated 133 points
Completed iteration 3

Eliminated 85 points
Completed iteration 4

Eliminated 110 points
Completed iteration 5

Eliminated 104 points
Completed iteration 6

Eliminated 119 points
Completed iteration 7

Eliminated 84 points
Completed iteration 8

Eliminated 60 points
Completed iteration 9

Eliminated 120 points
Completed iteration 10

Eliminated 118 points
Completed iteration 11

Eliminated 113 points
Completed iteration 12

Eliminated 107 points
Completed iteration 13

Eliminated 80 points
Completed iteration 14

Eliminated 108 points
Completed iteration 15

Eliminated 128 points
Completed iteration 16

Eliminated 94 points
Completed iteration 17

Eliminated 126 points
Completed iteration 18

Eliminated 87 points
Completed iteration 19

Eliminated 96 points
Completed iteration 20

Eliminated 113 points
Completed iteration 21

Eliminated 95 points
Completed iteration 22

Eliminated 86 points
Completed iteration 23

Eliminated 81 points
Completed iteration 24

Eliminated 116 points
Completed iteration 25

Eliminated 127 points
Completed iteration 26

Eliminated 107 points
Completed iteration 27

Eliminated 98 points
Completed iteration 28

Eliminated 115 points
Completed iteration 29

Eliminated 123 points
Completed iteration 30

Eliminated 106 points
Completed iteration 31

Eliminated 101 points
Completed iteration 32

Eliminated 116 points
Completed iteration 33

Eliminated 84 points
Completed iteration 34

Eliminated 119 points
Completed iteration 35

Eliminated 50 points
Completed iteration 36

Eliminated 105 points
Completed iteration 37

Eliminated 119 points
Completed iteration 38

Eliminated 107 points
Completed iteration 39

Eliminated 81 points
Completed iteration 40

Eliminated 53 points
Completed iteration 41

Eliminated 103 points
Completed iteration 42

Eliminated 99 points
Completed iteration 43

Eliminated 80 points
Completed iteration 44

Eliminated 120 points
Completed iteration 45

Eliminated 122 points
Completed iteration 46

Eliminated 126 points
Completed iteration 47

Eliminated 109 points
Completed iteration 48

Eliminated 107 points
Completed iteration 49

Eliminated 91 points
Completed iteration 50

Eliminated 98 points
Completed iteration 51

Eliminated 103 points
Completed iteration 52

Eliminated 84 points
Completed iteration 53

Eliminated 97 points
Completed iteration 54

Eliminated 87 points
Completed iteration 55

Eliminated 122 points
Completed iteration 56

Eliminated 114 points
Completed iteration 57

Eliminated 82 points
Completed iteration 58

Eliminated 103 points
Completed iteration 59

Eliminated 110 points
Completed iteration 60

Eliminated 116 points
Completed iteration 61

Eliminated 107 points
Completed iteration 62

Eliminated 90 points
Completed iteration 63

Eliminated 124 points
Completed iteration 64

Eliminated 121 points
Completed iteration 65

Eliminated 126 points
Completed iteration 66

Eliminated 84 points
Completed iteration 67

Eliminated 93 points
Completed iteration 68

Eliminated 80 points
Completed iteration 69

Eliminated 84 points
Completed iteration 70

Eliminated 98 points
Completed iteration 71

Eliminated 125 points
Completed iteration 72

Eliminated 110 points
Completed iteration 73

Eliminated 110 points
Completed iteration 74

Eliminated 118 points
Completed iteration 75

Eliminated 108 points
Completed iteration 76

Eliminated 107 points
Completed iteration 77

Eliminated 94 points
Completed iteration 78

Eliminated 128 points
Completed iteration 79

Eliminated 57 points
Completed iteration 80

Eliminated 93 points
Completed iteration 81

Eliminated 84 points
Completed iteration 82

Eliminated 116 points
Completed iteration 83

Eliminated 108 points
Completed iteration 84

Eliminated 106 points
Completed iteration 85

Eliminated 61 points
Completed iteration 86

Eliminated 110 points
Completed iteration 87

Eliminated 102 points
Completed iteration 88

Eliminated 127 points
Completed iteration 89

Eliminated 88 points
Completed iteration 90

Eliminated 74 points
Completed iteration 91

Eliminated 113 points
Completed iteration 92

Eliminated 85 points
Completed iteration 93

Eliminated 104 points
Completed iteration 94

Eliminated 131 points
Completed iteration 95

Eliminated 73 points
Completed iteration 96

Eliminated 95 points
Completed iteration 97

Eliminated 79 points
Completed iteration 98

Eliminated 113 points
Completed iteration 99

Eliminated 115 points
Completed iteration 100
index 123: -1.286012, -1.103101
index 126: -1.386119, -1.134917
index 129: -1.276321, -1.098237
index 131: -0.949541, -1.164423
index 135: -1.250809, -1.063940
index 136: -1.042996, -1.075127
index 140: -1.128468, -1.120816
index 141: -1.193948, -1.144144
index 142: -1.146417, -1.099074
index 143: -1.103512, -1.181596
index 144: -1.126458, -1.201077
index 145: -0.944932, -1.056272
index 146: -0.541017, -0.789709
index 148: -0.751847, -1.083688
index 154: -1.129444, -1.148398
index 155: -0.947082, -1.132953
index 156: -0.965784, -1.109754
index 158: -1.326341, -1.142790
index 161: -1.023142, -1.100964
index 165: -1.125796, -1.083487
index 166: -1.130412, -1.030786
index 169: -1.351438, -0.958782
index 171: -0.415313, -0.734486
index 174: -1.233745, -1.007385
index 183: -0.007381, -0.340177
index 187: 0.419478, -0.081951
index 203: 0.412045, -0.073475
index 221: -0.159020, -0.387640
index 234: -6.829649, 5.932283
index 288: -6.829649, 5.932283
index 302: 0.011193, -0.515459
index 308: -0.876082, -0.610554
index 312: 0.327552, -0.672094
index 317: 0.453667, -0.645690
index 318: 0.315610, -0.472040
index 328: 0.766844, -0.262657
index 342: -0.054087, -0.521437
index 349: 0.015452, -0.804719
index 358: 0.322345, -0.862207
index 359: 0.154335, -1.045792
index 361: 0.476434, -0.816948
index 362: 0.099808, -0.915471
index 363: 0.093325, -0.966153
index 364: 0.167403, -0.866064
index 367: 0.147970, -0.939631
index 372: 0.144624, -0.928034
index 373: -0.117469, -0.900169
index 380: 0.015444, -0.987143
index 381: -0.007965, -0.977824
index 382: 0.048045, -0.978256
index 384: 0.192055, -0.819327
index 385: 0.581607, -0.459552
index 389: 0.276863, -0.813190
index 392: 0.090475, -0.905511
index 394: 0.407647, -0.794572
index 404: 0.560708, -0.347423
index 416: 0.168205, -0.723279
index 417: 0.054628, -0.720293
index 422: -0.002932, -0.763330
index 425: 0.274810, -0.512404
index 426: 0.256349, -0.637506
index 432: 0.211942, -0.660727
index 437: 0.137557, -0.631084
index 441: -0.006808, -0.728974
index 453: 0.561584, -0.493914
index 456: 0.400858, -0.614878
index 462: -1.230404, -1.003526
index 492: -0.981164, -0.752083
index 503: -1.566423, -1.393328
Overall results (hybrid)
Confidence threshold=0.8
Filtered datapoints
Prediction points: 69.860000 (stddev 18.352343)
AUC ave err std
    0.7059

    0.0947

    0.0947

Precision / Recall macro
    0.9613    0.3057

Precision / Recall micro
    0.9568    0.2992


Eliminated 112 points
Completed iteration 1

Eliminated 83 points
Completed iteration 2

Eliminated 106 points
Completed iteration 3

Eliminated 84 points
Completed iteration 4

Eliminated 80 points
Completed iteration 5

Eliminated 75 points
Completed iteration 6

Eliminated 77 points
Completed iteration 7

Eliminated 100 points
Completed iteration 8

Eliminated 64 points
Completed iteration 9

Eliminated 115 points
Completed iteration 10

Eliminated 110 points
Completed iteration 11

Eliminated 110 points
Completed iteration 12

Eliminated 116 points
Completed iteration 13

Eliminated 117 points
Completed iteration 14

Eliminated 93 points
Completed iteration 15

Eliminated 118 points
Completed iteration 16

Eliminated 124 points
Completed iteration 17

Eliminated 86 points
Completed iteration 18

Eliminated 56 points
Completed iteration 19

Eliminated 83 points
Completed iteration 20

Eliminated 92 points
Completed iteration 21

Eliminated 82 points
Completed iteration 22

Eliminated 100 points
Completed iteration 23

Eliminated 109 points
Completed iteration 24

Eliminated 69 points
Completed iteration 25

Eliminated 119 points
Completed iteration 26

Eliminated 120 points
Completed iteration 27

Eliminated 101 points
Completed iteration 28

Eliminated 105 points
Completed iteration 29

Eliminated 107 points
Completed iteration 30

Eliminated 110 points
Completed iteration 31

Eliminated 135 points
Completed iteration 32

Eliminated 89 points
Completed iteration 33

Eliminated 109 points
Completed iteration 34

Eliminated 94 points
Completed iteration 35

Eliminated 88 points
Completed iteration 36

Eliminated 91 points
Completed iteration 37

Eliminated 103 points
Completed iteration 38

Eliminated 72 points
Completed iteration 39

Eliminated 93 points
Completed iteration 40

Eliminated 98 points
Completed iteration 41

Eliminated 103 points
Completed iteration 42

Eliminated 70 points
Completed iteration 43

Eliminated 139 points
Completed iteration 44

Eliminated 99 points
Completed iteration 45

Eliminated 101 points
Completed iteration 46

Eliminated 84 points
Completed iteration 47

Eliminated 134 points
Completed iteration 48

Eliminated 118 points
Completed iteration 49

Eliminated 111 points
Completed iteration 50

Eliminated 91 points
Completed iteration 51

Eliminated 136 points
Completed iteration 52

Eliminated 89 points
Completed iteration 53

Eliminated 112 points
Completed iteration 54

Eliminated 97 points
Completed iteration 55

Eliminated 105 points
Completed iteration 56

Eliminated 98 points
Completed iteration 57

Eliminated 106 points
Completed iteration 58

Eliminated 95 points
Completed iteration 59

Eliminated 99 points
Completed iteration 60

Eliminated 98 points
Completed iteration 61

Eliminated 122 points
Completed iteration 62

Eliminated 126 points
Completed iteration 63

Eliminated 100 points
Completed iteration 64

Eliminated 104 points
Completed iteration 65

Eliminated 106 points
Completed iteration 66

Eliminated 107 points
Completed iteration 67

Eliminated 123 points
Completed iteration 68

Eliminated 71 points
Completed iteration 69

Eliminated 111 points
Completed iteration 70

Eliminated 95 points
Completed iteration 71

Eliminated 110 points
Completed iteration 72

Eliminated 121 points
Completed iteration 73

Eliminated 106 points
Completed iteration 74

Eliminated 81 points
Completed iteration 75

Eliminated 97 points
Completed iteration 76

Eliminated 86 points
Completed iteration 77

Eliminated 91 points
Completed iteration 78

Eliminated 117 points
Completed iteration 79

Eliminated 56 points
Completed iteration 80

Eliminated 114 points
Completed iteration 81

Eliminated 113 points
Completed iteration 82

Eliminated 122 points
Completed iteration 83

Eliminated 105 points
Completed iteration 84

Eliminated 76 points
Completed iteration 85

Eliminated 71 points
Completed iteration 86

Eliminated 103 points
Completed iteration 87

Eliminated 90 points
Completed iteration 88

Eliminated 80 points
Completed iteration 89

Eliminated 117 points
Completed iteration 90

Eliminated 126 points
Completed iteration 91

Eliminated 78 points
Completed iteration 92

Eliminated 68 points
Completed iteration 93

Eliminated 94 points
Completed iteration 94

Eliminated 115 points
Completed iteration 95

Eliminated 123 points
Completed iteration 96

Eliminated 75 points
Completed iteration 97

Eliminated 117 points
Completed iteration 98

Eliminated 97 points
Completed iteration 99

Eliminated 114 points
Completed iteration 100
index 123: -1.286012, -1.103101
index 126: -1.386119, -1.134917
index 129: -1.276321, -1.098237
index 131: -0.949541, -1.164423
index 135: -1.250809, -1.063940
index 136: -1.042996, -1.075127
index 140: -1.128468, -1.120816
index 141: -1.193948, -1.144144
index 142: -1.146417, -1.099074
index 143: -1.103512, -1.181596
index 144: -1.126458, -1.201077
index 145: -0.944932, -1.056272
index 146: -0.541017, -0.789709
index 148: -0.751847, -1.083688
index 154: -1.129444, -1.148398
index 155: -0.947082, -1.132953
index 156: -0.965784, -1.109754
index 158: -1.326341, -1.142790
index 161: -1.023142, -1.100964
index 165: -1.125796, -1.083487
index 166: -1.130412, -1.030786
index 169: -1.351438, -0.958782
index 171: -0.415313, -0.734486
index 174: -1.233745, -1.007385
index 183: -0.007381, -0.340177
index 187: 0.419478, -0.081951
index 203: 0.412045, -0.073475
index 221: -0.159020, -0.387640
index 234: -6.829649, 5.932283
index 288: -6.829649, 5.932283
index 302: 0.011193, -0.515459
index 308: -0.876082, -0.610554
index 312: 0.327552, -0.672094
index 317: 0.453667, -0.645690
index 318: 0.315610, -0.472040
index 328: 0.766844, -0.262657
index 342: -0.054087, -0.521437
index 349: 0.015452, -0.804719
index 358: 0.322345, -0.862207
index 359: 0.154335, -1.045792
index 361: 0.476434, -0.816948
index 362: 0.099808, -0.915471
index 363: 0.093325, -0.966153
index 364: 0.167403, -0.866064
index 367: 0.147970, -0.939631
index 372: 0.144624, -0.928034
index 373: -0.117469, -0.900169
index 380: 0.015444, -0.987143
index 381: -0.007965, -0.977824
index 382: 0.048045, -0.978256
index 384: 0.192055, -0.819327
index 385: 0.581607, -0.459552
index 389: 0.276863, -0.813190
index 392: 0.090475, -0.905511
index 394: 0.407647, -0.794572
index 404: 0.560708, -0.347423
index 416: 0.168205, -0.723279
index 417: 0.054628, -0.720293
index 422: -0.002932, -0.763330
index 425: 0.274810, -0.512404
index 426: 0.256349, -0.637506
index 432: 0.211942, -0.660727
index 437: 0.137557, -0.631084
index 441: -0.006808, -0.728974
index 453: 0.561584, -0.493914
index 456: 0.400858, -0.614878
index 462: -1.230404, -1.003526
index 492: -0.981164, -0.752083
index 503: -1.566423, -1.393328
Overall results (hybrid)
Confidence threshold=0.9
Filtered datapoints
Prediction points: 71.920000 (stddev 18.050815)
AUC ave err std
    0.6938

    0.0875

    0.0875

Precision / Recall macro
    0.9466    0.3094

Precision / Recall micro
    0.9426    0.3037

computation time (s)
  656.8310

