!!!!below quality measures have been removed due to insufficient data!!!!!!!!!!!!
binThreshold:40
energy base:30
using confidence:1
Number of bins: 16
Average bin size: 3.262500e+01

Eliminated 0 points
Completed iteration 1

Eliminated 0 points
Completed iteration 2

Eliminated 0 points
Completed iteration 3

Eliminated 0 points
Completed iteration 4

Eliminated 0 points
Completed iteration 5

Eliminated 0 points
Completed iteration 6

Eliminated 0 points
Completed iteration 7

Eliminated 0 points
Completed iteration 8

Eliminated 0 points
Completed iteration 9

Eliminated 0 points
Completed iteration 10

Eliminated 0 points
Completed iteration 11

Eliminated 0 points
Completed iteration 12

Eliminated 0 points
Completed iteration 13

Eliminated 0 points
Completed iteration 14

Eliminated 0 points
Completed iteration 15

Eliminated 0 points
Completed iteration 16

Eliminated 0 points
Completed iteration 17

Eliminated 0 points
Completed iteration 18

Eliminated 0 points
Completed iteration 19

Eliminated 0 points
Completed iteration 20

Eliminated 0 points
Completed iteration 21

Eliminated 0 points
Completed iteration 22

Eliminated 0 points
Completed iteration 23

Eliminated 0 points
Completed iteration 24

Eliminated 0 points
Completed iteration 25

Eliminated 0 points
Completed iteration 26

Eliminated 0 points
Completed iteration 27

Eliminated 0 points
Completed iteration 28

Eliminated 0 points
Completed iteration 29

Eliminated 0 points
Completed iteration 30

Eliminated 0 points
Completed iteration 31

Eliminated 0 points
Completed iteration 32

Eliminated 0 points
Completed iteration 33

Eliminated 0 points
Completed iteration 34

Eliminated 0 points
Completed iteration 35

Eliminated 0 points
Completed iteration 36

Eliminated 0 points
Completed iteration 37

Eliminated 0 points
Completed iteration 38

Eliminated 0 points
Completed iteration 39

Eliminated 0 points
Completed iteration 40

Eliminated 0 points
Completed iteration 41

Eliminated 0 points
Completed iteration 42

Eliminated 0 points
Completed iteration 43

Eliminated 0 points
Completed iteration 44

Eliminated 0 points
Completed iteration 45

Eliminated 0 points
Completed iteration 46

Eliminated 0 points
Completed iteration 47

Eliminated 0 points
Completed iteration 48

Eliminated 0 points
Completed iteration 49

Eliminated 0 points
Completed iteration 50

Eliminated 0 points
Completed iteration 51

Eliminated 0 points
Completed iteration 52

Eliminated 0 points
Completed iteration 53

Eliminated 0 points
Completed iteration 54

Eliminated 0 points
Completed iteration 55

Eliminated 0 points
Completed iteration 56

Eliminated 0 points
Completed iteration 57

Eliminated 0 points
Completed iteration 58

Eliminated 0 points
Completed iteration 59

Eliminated 0 points
Completed iteration 60

Eliminated 0 points
Completed iteration 61

Eliminated 0 points
Completed iteration 62

Eliminated 0 points
Completed iteration 63

Eliminated 0 points
Completed iteration 64

Eliminated 0 points
Completed iteration 65

Eliminated 0 points
Completed iteration 66

Eliminated 0 points
Completed iteration 67

Eliminated 0 points
Completed iteration 68

Eliminated 0 points
Completed iteration 69

Eliminated 0 points
Completed iteration 70

Eliminated 0 points
Completed iteration 71

Eliminated 0 points
Completed iteration 72

Eliminated 0 points
Completed iteration 73

Eliminated 0 points
Completed iteration 74

Eliminated 0 points
Completed iteration 75

Eliminated 0 points
Completed iteration 76

Eliminated 0 points
Completed iteration 77

Eliminated 0 points
Completed iteration 78

Eliminated 0 points
Completed iteration 79

Eliminated 0 points
Completed iteration 80

Eliminated 0 points
Completed iteration 81

Eliminated 0 points
Completed iteration 82

Eliminated 0 points
Completed iteration 83

Eliminated 0 points
Completed iteration 84

Eliminated 0 points
Completed iteration 85

Eliminated 0 points
Completed iteration 86

Eliminated 0 points
Completed iteration 87

Eliminated 0 points
Completed iteration 88

Eliminated 0 points
Completed iteration 89

Eliminated 0 points
Completed iteration 90

Eliminated 0 points
Completed iteration 91

Eliminated 0 points
Completed iteration 92

Eliminated 0 points
Completed iteration 93

Eliminated 0 points
Completed iteration 94

Eliminated 0 points
Completed iteration 95

Eliminated 0 points
Completed iteration 96

Eliminated 0 points
Completed iteration 97

Eliminated 0 points
Completed iteration 98

Eliminated 0 points
Completed iteration 99

Eliminated 0 points
Completed iteration 100
index 44: -0.136970, 0.052680
index 84: -0.485327, 0.482469
index 93: 0.136320, 0.718982
index 98: 0.010207, 0.616454
index 123: -1.286012, -1.103101
index 126: -1.386119, -1.134917
index 129: -1.276321, -1.098237
index 131: -0.949541, -1.164423
index 135: -1.250809, -1.063940
index 136: -1.042996, -1.075127
index 140: -1.128468, -1.120816
index 141: -1.193948, -1.144144
index 142: -1.146417, -1.099074
index 143: -1.103512, -1.181596
index 144: -1.126458, -1.201077
index 145: -0.944932, -1.056272
index 146: -0.541017, -0.789709
index 148: -0.751847, -1.083688
index 154: -1.129444, -1.148398
index 155: -0.947082, -1.132953
index 156: -0.965784, -1.109754
index 158: -1.326341, -1.142790
index 161: -1.023142, -1.100964
index 165: -1.125796, -1.083487
index 166: -1.130412, -1.030786
index 169: -1.351438, -0.958782
index 171: -0.415313, -0.734486
index 174: -1.233745, -1.007385
index 183: -0.007381, -0.340177
index 187: 0.419478, -0.081951
index 203: 0.412045, -0.073475
index 221: -0.159020, -0.387640
index 234: -6.829649, 5.932283
index 247: -5.993256, 8.320657
index 253: -5.598406, 7.901531
index 283: -5.937676, 8.154026
index 284: -0.546917, 0.775019
index 288: -6.829649, 5.932283
index 308: -0.876082, -0.610554
index 349: 0.015452, -0.804719
index 359: 0.154335, -1.045792
index 362: 0.099808, -0.915471
index 363: 0.093325, -0.966153
index 364: 0.167403, -0.866064
index 367: 0.147970, -0.939631
index 372: 0.144624, -0.928034
index 373: -0.117469, -0.900169
index 380: 0.015444, -0.987143
index 381: -0.007965, -0.977824
index 382: 0.048045, -0.978256
index 384: 0.192055, -0.819327
index 389: 0.276863, -0.813190
index 392: 0.090475, -0.905511
index 404: 0.560708, -0.347423
index 422: -0.002932, -0.763330
index 441: -0.006808, -0.728974
index 462: -1.230404, -1.003526
index 492: -0.981164, -0.752083
index 503: -1.566423, -1.393328
Overall results (hybrid)
Confidence threshold=0
Filtered datapoints
Prediction points: 172.000000 (stddev 0.000000)
AUC ave err std
    0.7120

    0.0448

    0.0448

Precision / Recall macro
    0.8350    0.6374

Precision / Recall micro
    0.8348    0.6372


Eliminated 14 points
Completed iteration 1

Eliminated 8 points
Completed iteration 2

Eliminated 10 points
Completed iteration 3

Eliminated 21 points
Completed iteration 4

Eliminated 10 points
Completed iteration 5

Eliminated 18 points
Completed iteration 6

Eliminated 11 points
Completed iteration 7

Eliminated 5 points
Completed iteration 8

Eliminated 1 points
Completed iteration 9

Eliminated 12 points
Completed iteration 10

Eliminated 6 points
Completed iteration 11

Eliminated 9 points
Completed iteration 12

Eliminated 11 points
Completed iteration 13

Eliminated 18 points
Completed iteration 14

Eliminated 11 points
Completed iteration 15

Eliminated 10 points
Completed iteration 16

Eliminated 6 points
Completed iteration 17

Eliminated 3 points
Completed iteration 18

Eliminated 8 points
Completed iteration 19

Eliminated 11 points
Completed iteration 20

Eliminated 11 points
Completed iteration 21

Eliminated 6 points
Completed iteration 22

Eliminated 13 points
Completed iteration 23

Eliminated 13 points
Completed iteration 24

Eliminated 7 points
Completed iteration 25

Eliminated 8 points
Completed iteration 26

Eliminated 8 points
Completed iteration 27

Eliminated 11 points
Completed iteration 28

Eliminated 18 points
Completed iteration 29

Eliminated 10 points
Completed iteration 30

Eliminated 38 points
Completed iteration 31

Eliminated 12 points
Completed iteration 32

Eliminated 21 points
Completed iteration 33

Eliminated 21 points
Completed iteration 34

Eliminated 15 points
Completed iteration 35

Eliminated 12 points
Completed iteration 36

Eliminated 6 points
Completed iteration 37

Eliminated 8 points
Completed iteration 38

Eliminated 21 points
Completed iteration 39

Eliminated 19 points
Completed iteration 40

Eliminated 18 points
Completed iteration 41

Eliminated 15 points
Completed iteration 42

Eliminated 16 points
Completed iteration 43

Eliminated 22 points
Completed iteration 44

Eliminated 20 points
Completed iteration 45

Eliminated 22 points
Completed iteration 46

Eliminated 11 points
Completed iteration 47

Eliminated 13 points
Completed iteration 48

Eliminated 17 points
Completed iteration 49

Eliminated 10 points
Completed iteration 50

Eliminated 20 points
Completed iteration 51

Eliminated 10 points
Completed iteration 52

Eliminated 5 points
Completed iteration 53

Eliminated 24 points
Completed iteration 54

Eliminated 21 points
Completed iteration 55

Eliminated 15 points
Completed iteration 56

Eliminated 22 points
Completed iteration 57

Eliminated 22 points
Completed iteration 58

Eliminated 10 points
Completed iteration 59

Eliminated 8 points
Completed iteration 60

Eliminated 25 points
Completed iteration 61

Eliminated 11 points
Completed iteration 62

Eliminated 10 points
Completed iteration 63

Eliminated 23 points
Completed iteration 64

Eliminated 25 points
Completed iteration 65

Eliminated 5 points
Completed iteration 66

Eliminated 14 points
Completed iteration 67

Eliminated 19 points
Completed iteration 68

Eliminated 9 points
Completed iteration 69

Eliminated 5 points
Completed iteration 70

Eliminated 31 points
Completed iteration 71

Eliminated 13 points
Completed iteration 72

Eliminated 18 points
Completed iteration 73

Eliminated 26 points
Completed iteration 74

Eliminated 23 points
Completed iteration 75

Eliminated 7 points
Completed iteration 76

Eliminated 15 points
Completed iteration 77

Eliminated 7 points
Completed iteration 78

Eliminated 10 points
Completed iteration 79

Eliminated 4 points
Completed iteration 80

Eliminated 7 points
Completed iteration 81

Eliminated 7 points
Completed iteration 82

Eliminated 10 points
Completed iteration 83

Eliminated 20 points
Completed iteration 84

Eliminated 16 points
Completed iteration 85

Eliminated 26 points
Completed iteration 86

Eliminated 10 points
Completed iteration 87

Eliminated 29 points
Completed iteration 88

Eliminated 8 points
Completed iteration 89

Eliminated 9 points
Completed iteration 90

Eliminated 9 points
Completed iteration 91

Eliminated 10 points
Completed iteration 92

Eliminated 16 points
Completed iteration 93

Eliminated 15 points
Completed iteration 94

Eliminated 7 points
Completed iteration 95

Eliminated 15 points
Completed iteration 96

Eliminated 21 points
Completed iteration 97

Eliminated 17 points
Completed iteration 98

Eliminated 19 points
Completed iteration 99

Eliminated 8 points
Completed iteration 100
index 9: 0.385192, 0.158186
index 12: 0.380488, -0.441436
index 20: 0.784191, -0.214795
index 25: 0.744005, -0.172133
index 43: 0.465410, -0.343466
index 44: -0.136970, 0.052680
index 47: 0.994604, 0.139589
index 48: 0.551505, -0.102494
index 69: 0.678297, 0.015681
index 80: 0.496186, -0.093180
index 82: 0.789441, 0.020764
index 84: -0.485327, 0.482469
index 93: 0.136320, 0.718982
index 98: 0.010207, 0.616454
index 113: 0.432127, 0.520325
index 114: 0.818814, -0.001385
index 123: -1.286012, -1.103101
index 126: -1.386119, -1.134917
index 129: -1.276321, -1.098237
index 131: -0.949541, -1.164423
index 133: -0.097228, -0.569516
index 135: -1.250809, -1.063940
index 136: -1.042996, -1.075127
index 137: -0.003499, -0.480654
index 138: 0.152502, -0.391677
index 140: -1.128468, -1.120816
index 141: -1.193948, -1.144144
index 142: -1.146417, -1.099074
index 143: -1.103512, -1.181596
index 144: -1.126458, -1.201077
index 145: -0.944932, -1.056272
index 146: -0.541017, -0.789709
index 148: -0.751847, -1.083688
index 154: -1.129444, -1.148398
index 155: -0.947082, -1.132953
index 156: -0.965784, -1.109754
index 158: -1.326341, -1.142790
index 161: -1.023142, -1.100964
index 164: 0.113930, 0.128786
index 165: -1.125796, -1.083487
index 166: -1.130412, -1.030786
index 169: -1.351438, -0.958782
index 171: -0.415313, -0.734486
index 174: -1.233745, -1.007385
index 183: -0.007381, -0.340177
index 187: 0.419478, -0.081951
index 203: 0.412045, -0.073475
index 221: -0.159020, -0.387640
index 222: -0.229827, -0.637012
index 234: -6.829649, 5.932283
index 241: 0.667745, 0.455659
index 247: -5.993256, 8.320657
index 251: 0.293945, 0.298972
index 253: -5.598406, 7.901531
index 257: 0.252341, 0.316534
index 262: 0.229431, 0.333448
index 265: 0.440795, 0.364719
index 272: -0.232181, -0.078949
index 273: 0.106678, 0.237712
index 275: -0.102694, 0.070342
index 277: 0.177622, 0.327670
index 283: -5.937676, 8.154026
index 284: -0.546917, 0.775019
index 288: -6.829649, 5.932283
index 289: 0.041133, -0.454373
index 302: 0.011193, -0.515459
index 308: -0.876082, -0.610554
index 312: 0.327552, -0.672094
index 313: -0.085936, -0.431462
index 317: 0.453667, -0.645690
index 318: 0.315610, -0.472040
index 324: 0.391450, -0.758403
index 328: 0.766844, -0.262657
index 331: 0.125569, -0.484463
index 334: 0.229013, -0.807171
index 338: -0.010998, -0.511679
index 342: -0.054087, -0.521437
index 349: 0.015452, -0.804719
index 352: 0.104047, -0.473020
index 357: 0.498666, -0.576095
index 358: 0.322345, -0.862207
index 359: 0.154335, -1.045792
index 361: 0.476434, -0.816948
index 362: 0.099808, -0.915471
index 363: 0.093325, -0.966153
index 364: 0.167403, -0.866064
index 367: 0.147970, -0.939631
index 368: 0.607005, 0.100438
index 372: 0.144624, -0.928034
index 373: -0.117469, -0.900169
index 380: 0.015444, -0.987143
index 381: -0.007965, -0.977824
index 382: 0.048045, -0.978256
index 384: 0.192055, -0.819327
index 385: 0.581607, -0.459552
index 387: 0.306900, -0.816591
index 389: 0.276863, -0.813190
index 392: 0.090475, -0.905511
index 394: 0.407647, -0.794572
index 395: 0.671067, -0.469926
index 397: 0.956462, 0.102943
index 404: 0.560708, -0.347423
index 411: 0.356147, -0.619765
index 413: -0.014482, -0.729398
index 416: 0.168205, -0.723279
index 417: 0.054628, -0.720293
index 418: -0.014319, -0.723861
index 419: 0.251748, -0.624211
index 422: -0.002932, -0.763330
index 425: 0.274810, -0.512404
index 426: 0.256349, -0.637506
index 429: 0.364166, -0.387402
index 432: 0.211942, -0.660727
index 437: 0.137557, -0.631084
index 439: 0.632173, -0.353580
index 441: -0.006808, -0.728974
index 445: 0.219406, 0.179204
index 447: 0.345808, -0.532963
index 453: 0.561584, -0.493914
index 454: 0.491185, -0.336628
index 456: 0.400858, -0.614878
index 460: 0.246552, -0.584550
index 462: -1.230404, -1.003526
index 492: -0.981164, -0.752083
index 503: -1.566423, -1.393328
Overall results (hybrid)
Confidence threshold=0.5
Filtered datapoints
Prediction points: 158.190000 (stddev 6.860360)
AUC ave err std
    0.7201

    0.0459

    0.0459

Precision / Recall macro
    0.8536    0.6495

Precision / Recall micro
    0.8514    0.6498


Eliminated 30 points
Completed iteration 1

Eliminated 41 points
Completed iteration 2

Eliminated 16 points
Completed iteration 3

Eliminated 9 points
Completed iteration 4

Eliminated 26 points
Completed iteration 5

Eliminated 17 points
Completed iteration 6

Eliminated 18 points
Completed iteration 7

Eliminated 13 points
Completed iteration 8

Eliminated 36 points
Completed iteration 9

Eliminated 16 points
Completed iteration 10

Eliminated 13 points
Completed iteration 11

Eliminated 29 points
Completed iteration 12

Eliminated 19 points
Completed iteration 13

Eliminated 25 points
Completed iteration 14

Eliminated 57 points
Completed iteration 15

Eliminated 19 points
Completed iteration 16

Eliminated 30 points
Completed iteration 17

Eliminated 16 points
Completed iteration 18

Eliminated 22 points
Completed iteration 19

Eliminated 35 points
Completed iteration 20

Eliminated 32 points
Completed iteration 21

Eliminated 33 points
Completed iteration 22

Eliminated 43 points
Completed iteration 23

Eliminated 29 points
Completed iteration 24

Eliminated 11 points
Completed iteration 25

Eliminated 34 points
Completed iteration 26

Eliminated 11 points
Completed iteration 27

Eliminated 26 points
Completed iteration 28

Eliminated 13 points
Completed iteration 29

Eliminated 27 points
Completed iteration 30

Eliminated 27 points
Completed iteration 31

Eliminated 27 points
Completed iteration 32

Eliminated 24 points
Completed iteration 33

Eliminated 16 points
Completed iteration 34

Eliminated 26 points
Completed iteration 35

Eliminated 15 points
Completed iteration 36

Eliminated 26 points
Completed iteration 37

Eliminated 24 points
Completed iteration 38

Eliminated 27 points
Completed iteration 39

Eliminated 39 points
Completed iteration 40

Eliminated 14 points
Completed iteration 41

Eliminated 16 points
Completed iteration 42

Eliminated 28 points
Completed iteration 43

Eliminated 36 points
Completed iteration 44

Eliminated 6 points
Completed iteration 45

Eliminated 9 points
Completed iteration 46

Eliminated 35 points
Completed iteration 47

Eliminated 17 points
Completed iteration 48

Eliminated 27 points
Completed iteration 49

Eliminated 93 points
Completed iteration 50

Eliminated 21 points
Completed iteration 51

Eliminated 17 points
Completed iteration 52

Eliminated 12 points
Completed iteration 53

Eliminated 20 points
Completed iteration 54

Eliminated 40 points
Completed iteration 55

Eliminated 31 points
Completed iteration 56

Eliminated 22 points
Completed iteration 57

Eliminated 12 points
Completed iteration 58

Eliminated 9 points
Completed iteration 59

Eliminated 31 points
Completed iteration 60

Eliminated 9 points
Completed iteration 61

Eliminated 15 points
Completed iteration 62

Eliminated 13 points
Completed iteration 63

Eliminated 17 points
Completed iteration 64

Eliminated 9 points
Completed iteration 65

Eliminated 20 points
Completed iteration 66

Eliminated 18 points
Completed iteration 67

Eliminated 8 points
Completed iteration 68

Eliminated 12 points
Completed iteration 69

Eliminated 38 points
Completed iteration 70

Eliminated 26 points
Completed iteration 71

Eliminated 21 points
Completed iteration 72

Eliminated 14 points
Completed iteration 73

Eliminated 18 points
Completed iteration 74

Eliminated 19 points
Completed iteration 75

Eliminated 16 points
Completed iteration 76

Eliminated 11 points
Completed iteration 77

Eliminated 18 points
Completed iteration 78

Eliminated 11 points
Completed iteration 79

Eliminated 25 points
Completed iteration 80

Eliminated 9 points
Completed iteration 81

Eliminated 16 points
Completed iteration 82

Eliminated 26 points
Completed iteration 83

Eliminated 10 points
Completed iteration 84

Eliminated 12 points
Completed iteration 85

Eliminated 20 points
Completed iteration 86

Eliminated 16 points
Completed iteration 87

Eliminated 22 points
Completed iteration 88

Eliminated 27 points
Completed iteration 89

Eliminated 22 points
Completed iteration 90

Eliminated 31 points
Completed iteration 91

Eliminated 43 points
Completed iteration 92

Eliminated 13 points
Completed iteration 93

Eliminated 27 points
Completed iteration 94

Eliminated 13 points
Completed iteration 95

Eliminated 14 points
Completed iteration 96

Eliminated 6 points
Completed iteration 97

Eliminated 7 points
Completed iteration 98

Eliminated 18 points
Completed iteration 99

Eliminated 23 points
Completed iteration 100
index 44: -0.136970, 0.052680
index 84: -0.485327, 0.482469
index 93: 0.136320, 0.718982
index 98: 0.010207, 0.616454
index 123: -1.286012, -1.103101
index 126: -1.386119, -1.134917
index 129: -1.276321, -1.098237
index 131: -0.949541, -1.164423
index 135: -1.250809, -1.063940
index 136: -1.042996, -1.075127
index 140: -1.128468, -1.120816
index 141: -1.193948, -1.144144
index 142: -1.146417, -1.099074
index 143: -1.103512, -1.181596
index 144: -1.126458, -1.201077
index 145: -0.944932, -1.056272
index 146: -0.541017, -0.789709
index 148: -0.751847, -1.083688
index 154: -1.129444, -1.148398
index 155: -0.947082, -1.132953
index 156: -0.965784, -1.109754
index 158: -1.326341, -1.142790
index 161: -1.023142, -1.100964
index 165: -1.125796, -1.083487
index 166: -1.130412, -1.030786
index 169: -1.351438, -0.958782
index 171: -0.415313, -0.734486
index 174: -1.233745, -1.007385
index 183: -0.007381, -0.340177
index 187: 0.419478, -0.081951
index 203: 0.412045, -0.073475
index 221: -0.159020, -0.387640
index 234: -6.829649, 5.932283
index 247: -5.993256, 8.320657
index 253: -5.598406, 7.901531
index 283: -5.937676, 8.154026
index 284: -0.546917, 0.775019
index 288: -6.829649, 5.932283
index 308: -0.876082, -0.610554
index 349: 0.015452, -0.804719
index 359: 0.154335, -1.045792
index 362: 0.099808, -0.915471
index 363: 0.093325, -0.966153
index 364: 0.167403, -0.866064
index 367: 0.147970, -0.939631
index 372: 0.144624, -0.928034
index 373: -0.117469, -0.900169
index 380: 0.015444, -0.987143
index 381: -0.007965, -0.977824
index 382: 0.048045, -0.978256
index 384: 0.192055, -0.819327
index 389: 0.276863, -0.813190
index 392: 0.090475, -0.905511
index 404: 0.560708, -0.347423
index 422: -0.002932, -0.763330
index 441: -0.006808, -0.728974
index 462: -1.230404, -1.003526
index 492: -0.981164, -0.752083
index 503: -1.566423, -1.393328
Overall results (hybrid)
Confidence threshold=0.6
Filtered datapoints
Prediction points: 149.940000 (stddev 12.117122)
AUC ave err std
    0.7179

    0.0473

    0.0473

Precision / Recall macro
    0.8532    0.6594

Precision / Recall micro
    0.8502    0.6602


Eliminated 33 points
Completed iteration 1

Eliminated 41 points
Completed iteration 2

Eliminated 29 points
Completed iteration 3

Eliminated 26 points
Completed iteration 4

Eliminated 27 points
Completed iteration 5

Eliminated 43 points
Completed iteration 6

Eliminated 35 points
Completed iteration 7

Eliminated 19 points
Completed iteration 8

Eliminated 31 points
Completed iteration 9

Eliminated 21 points
Completed iteration 10

Eliminated 30 points
Completed iteration 11

Eliminated 24 points
Completed iteration 12

Eliminated 50 points
Completed iteration 13

Eliminated 30 points
Completed iteration 14

Eliminated 36 points
Completed iteration 15

Eliminated 52 points
Completed iteration 16

Eliminated 17 points
Completed iteration 17

Eliminated 19 points
Completed iteration 18

Eliminated 48 points
Completed iteration 19

Eliminated 52 points
Completed iteration 20

Eliminated 42 points
Completed iteration 21

Eliminated 28 points
Completed iteration 22

Eliminated 37 points
Completed iteration 23

Eliminated 51 points
Completed iteration 24

Eliminated 26 points
Completed iteration 25

Eliminated 40 points
Completed iteration 26

Eliminated 23 points
Completed iteration 27

Eliminated 52 points
Completed iteration 28

Eliminated 38 points
Completed iteration 29

Eliminated 43 points
Completed iteration 30

Eliminated 44 points
Completed iteration 31

Eliminated 25 points
Completed iteration 32

Eliminated 44 points
Completed iteration 33

Eliminated 38 points
Completed iteration 34

Eliminated 26 points
Completed iteration 35

Eliminated 26 points
Completed iteration 36

Eliminated 37 points
Completed iteration 37

Eliminated 21 points
Completed iteration 38

Eliminated 14 points
Completed iteration 39

Eliminated 26 points
Completed iteration 40

Eliminated 38 points
Completed iteration 41

Eliminated 49 points
Completed iteration 42

Eliminated 43 points
Completed iteration 43

Eliminated 37 points
Completed iteration 44

Eliminated 29 points
Completed iteration 45

Eliminated 75 points
Completed iteration 46

Eliminated 43 points
Completed iteration 47

Eliminated 35 points
Completed iteration 48

Eliminated 25 points
Completed iteration 49

Eliminated 23 points
Completed iteration 50

Eliminated 28 points
Completed iteration 51

Eliminated 24 points
Completed iteration 52

Eliminated 33 points
Completed iteration 53

Eliminated 26 points
Completed iteration 54

Eliminated 91 points
Completed iteration 55

Eliminated 17 points
Completed iteration 56

Eliminated 32 points
Completed iteration 57

Eliminated 40 points
Completed iteration 58

Eliminated 30 points
Completed iteration 59

Eliminated 25 points
Completed iteration 60

Eliminated 44 points
Completed iteration 61

Eliminated 26 points
Completed iteration 62

Eliminated 14 points
Completed iteration 63

Eliminated 34 points
Completed iteration 64

Eliminated 26 points
Completed iteration 65

Eliminated 38 points
Completed iteration 66

Eliminated 20 points
Completed iteration 67

Eliminated 15 points
Completed iteration 68

Eliminated 30 points
Completed iteration 69

Eliminated 33 points
Completed iteration 70

Eliminated 27 points
Completed iteration 71

Eliminated 23 points
Completed iteration 72

Eliminated 11 points
Completed iteration 73

Eliminated 29 points
Completed iteration 74

Eliminated 39 points
Completed iteration 75

Eliminated 28 points
Completed iteration 76

Eliminated 21 points
Completed iteration 77

Eliminated 33 points
Completed iteration 78

Eliminated 31 points
Completed iteration 79

Eliminated 40 points
Completed iteration 80

Eliminated 95 points
Completed iteration 81

Eliminated 17 points
Completed iteration 82

Eliminated 30 points
Completed iteration 83

Eliminated 11 points
Completed iteration 84

Eliminated 17 points
Completed iteration 85

Eliminated 30 points
Completed iteration 86

Eliminated 36 points
Completed iteration 87

Eliminated 34 points
Completed iteration 88

Eliminated 22 points
Completed iteration 89

Eliminated 32 points
Completed iteration 90

Eliminated 29 points
Completed iteration 91

Eliminated 22 points
Completed iteration 92

Eliminated 19 points
Completed iteration 93

Eliminated 18 points
Completed iteration 94

Eliminated 18 points
Completed iteration 95

Eliminated 28 points
Completed iteration 96

Eliminated 25 points
Completed iteration 97

Eliminated 39 points
Completed iteration 98

Eliminated 69 points
Completed iteration 99

Eliminated 39 points
Completed iteration 100
index 44: -0.136970, 0.052680
index 84: -0.485327, 0.482469
index 93: 0.136320, 0.718982
index 98: 0.010207, 0.616454
index 123: -1.286012, -1.103101
index 126: -1.386119, -1.134917
index 129: -1.276321, -1.098237
index 131: -0.949541, -1.164423
index 135: -1.250809, -1.063940
index 136: -1.042996, -1.075127
index 140: -1.128468, -1.120816
index 141: -1.193948, -1.144144
index 142: -1.146417, -1.099074
index 143: -1.103512, -1.181596
index 144: -1.126458, -1.201077
index 145: -0.944932, -1.056272
index 146: -0.541017, -0.789709
index 148: -0.751847, -1.083688
index 154: -1.129444, -1.148398
index 155: -0.947082, -1.132953
index 156: -0.965784, -1.109754
index 158: -1.326341, -1.142790
index 161: -1.023142, -1.100964
index 165: -1.125796, -1.083487
index 166: -1.130412, -1.030786
index 169: -1.351438, -0.958782
index 171: -0.415313, -0.734486
index 174: -1.233745, -1.007385
index 183: -0.007381, -0.340177
index 187: 0.419478, -0.081951
index 203: 0.412045, -0.073475
index 221: -0.159020, -0.387640
index 234: -6.829649, 5.932283
index 247: -5.993256, 8.320657
index 253: -5.598406, 7.901531
index 283: -5.937676, 8.154026
index 284: -0.546917, 0.775019
index 288: -6.829649, 5.932283
index 308: -0.876082, -0.610554
index 349: 0.015452, -0.804719
index 359: 0.154335, -1.045792
index 362: 0.099808, -0.915471
index 363: 0.093325, -0.966153
index 364: 0.167403, -0.866064
index 367: 0.147970, -0.939631
index 372: 0.144624, -0.928034
index 373: -0.117469, -0.900169
index 380: 0.015444, -0.987143
index 381: -0.007965, -0.977824
index 382: 0.048045, -0.978256
index 384: 0.192055, -0.819327
index 389: 0.276863, -0.813190
index 392: 0.090475, -0.905511
index 404: 0.560708, -0.347423
index 422: -0.002932, -0.763330
index 441: -0.006808, -0.728974
index 462: -1.230404, -1.003526
index 492: -0.981164, -0.752083
index 503: -1.566423, -1.393328
Overall results (hybrid)
Confidence threshold=0.7
Filtered datapoints
Prediction points: 139.210000 (stddev 14.251915)
AUC ave err std
    0.7305

    0.0557

    0.0557

Precision / Recall macro
    0.8627    0.6527

Precision / Recall micro
    0.8609    0.6533


Eliminated 39 points
Completed iteration 1

Eliminated 53 points
Completed iteration 2

Eliminated 43 points
Completed iteration 3

Eliminated 92 points
Completed iteration 4

Eliminated 38 points
Completed iteration 5

Eliminated 38 points
Completed iteration 6

Eliminated 79 points
Completed iteration 7

Eliminated 92 points
Completed iteration 8

Eliminated 70 points
Completed iteration 9

Eliminated 49 points
Completed iteration 10

Eliminated 42 points
Completed iteration 11

Eliminated 49 points
Completed iteration 12

Eliminated 27 points
Completed iteration 13

Eliminated 38 points
Completed iteration 14

Eliminated 87 points
Completed iteration 15

Eliminated 35 points
Completed iteration 16

Eliminated 43 points
Completed iteration 17

Eliminated 63 points
Completed iteration 18

Eliminated 39 points
Completed iteration 19

Eliminated 30 points
Completed iteration 20

Eliminated 58 points
Completed iteration 21

Eliminated 56 points
Completed iteration 22

Eliminated 35 points
Completed iteration 23

Eliminated 46 points
Completed iteration 24

Eliminated 105 points
Completed iteration 25

Eliminated 80 points
Completed iteration 26

Eliminated 44 points
Completed iteration 27

Eliminated 37 points
Completed iteration 28

Eliminated 85 points
Completed iteration 29

Eliminated 96 points
Completed iteration 30

Eliminated 113 points
Completed iteration 31

Eliminated 55 points
Completed iteration 32

Eliminated 47 points
Completed iteration 33

Eliminated 82 points
Completed iteration 34

Eliminated 37 points
Completed iteration 35

Eliminated 52 points
Completed iteration 36

Eliminated 22 points
Completed iteration 37

Eliminated 49 points
Completed iteration 38

Eliminated 31 points
Completed iteration 39

Eliminated 72 points
Completed iteration 40

Eliminated 42 points
Completed iteration 41

Eliminated 39 points
Completed iteration 42

Eliminated 102 points
Completed iteration 43

Eliminated 110 points
Completed iteration 44

Eliminated 76 points
Completed iteration 45

Eliminated 57 points
Completed iteration 46

Eliminated 74 points
Completed iteration 47

Eliminated 45 points
Completed iteration 48

Eliminated 14 points
Completed iteration 49

Eliminated 94 points
Completed iteration 50

Eliminated 39 points
Completed iteration 51

Eliminated 54 points
Completed iteration 52

Eliminated 39 points
Completed iteration 53

Eliminated 58 points
Completed iteration 54

Eliminated 38 points
Completed iteration 55

Eliminated 13 points
Completed iteration 56

Eliminated 80 points
Completed iteration 57

Eliminated 108 points
Completed iteration 58

Eliminated 27 points
Completed iteration 59

Eliminated 22 points
Completed iteration 60

Eliminated 45 points
Completed iteration 61

Eliminated 72 points
Completed iteration 62

Eliminated 41 points
Completed iteration 63

Eliminated 88 points
Completed iteration 64

Eliminated 22 points
Completed iteration 65

Eliminated 54 points
Completed iteration 66

Eliminated 90 points
Completed iteration 67

Eliminated 41 points
Completed iteration 68

Eliminated 55 points
Completed iteration 69

Eliminated 115 points
Completed iteration 70

Eliminated 44 points
Completed iteration 71

Eliminated 38 points
Completed iteration 72

Eliminated 112 points
Completed iteration 73

Eliminated 45 points
Completed iteration 74

Eliminated 97 points
Completed iteration 75

Eliminated 27 points
Completed iteration 76

Eliminated 26 points
Completed iteration 77

Eliminated 53 points
Completed iteration 78

Eliminated 65 points
Completed iteration 79

Eliminated 52 points
Completed iteration 80

Eliminated 25 points
Completed iteration 81

Eliminated 68 points
Completed iteration 82

Eliminated 22 points
Completed iteration 83

Eliminated 58 points
Completed iteration 84

Eliminated 23 points
Completed iteration 85

Eliminated 112 points
Completed iteration 86

Eliminated 81 points
Completed iteration 87

Eliminated 65 points
Completed iteration 88

Eliminated 58 points
Completed iteration 89

Eliminated 65 points
Completed iteration 90

Eliminated 36 points
Completed iteration 91

Eliminated 37 points
Completed iteration 92

Eliminated 42 points
Completed iteration 93

Eliminated 23 points
Completed iteration 94

Eliminated 33 points
Completed iteration 95

Eliminated 39 points
Completed iteration 96

Eliminated 32 points
Completed iteration 97

Eliminated 40 points
Completed iteration 98

Eliminated 60 points
Completed iteration 99

Eliminated 41 points
Completed iteration 100
Overall results (hybrid)
Confidence threshold=0.8
Filtered datapoints
Prediction points: 116.790000 (stddev 25.639023)
AUC ave err std
    0.7380

    0.0666

    0.0666

Precision / Recall macro
    0.8709    0.6580

Precision / Recall micro
    0.8683    0.6530


Eliminated 50 points
Completed iteration 1

Eliminated 135 points
Completed iteration 2

Eliminated 95 points
Completed iteration 3

Eliminated 122 points
Completed iteration 4

Eliminated 78 points
Completed iteration 5

Eliminated 92 points
Completed iteration 6

Eliminated 103 points
Completed iteration 7

Eliminated 41 points
Completed iteration 8

Eliminated 66 points
Completed iteration 9

Eliminated 89 points
Completed iteration 10

Eliminated 66 points
Completed iteration 11

Eliminated 43 points
Completed iteration 12

Eliminated 40 points
Completed iteration 13

Eliminated 136 points
Completed iteration 14

Eliminated 112 points
Completed iteration 15

Eliminated 111 points
Completed iteration 16

Eliminated 109 points
Completed iteration 17

Eliminated 120 points
Completed iteration 18

Eliminated 125 points
Completed iteration 19

Eliminated 68 points
Completed iteration 20

Eliminated 83 points
Completed iteration 21

Eliminated 73 points
Completed iteration 22

Eliminated 80 points
Completed iteration 23

Eliminated 60 points
Completed iteration 24

Eliminated 111 points
Completed iteration 25

Eliminated 69 points
Completed iteration 26

Eliminated 63 points
Completed iteration 27

Eliminated 65 points
Completed iteration 28

Eliminated 101 points
Completed iteration 29

Eliminated 124 points
Completed iteration 30

Eliminated 118 points
Completed iteration 31

Eliminated 59 points
Completed iteration 32

Eliminated 150 points
Completed iteration 33

Eliminated 131 points
Completed iteration 34

Eliminated 107 points
Completed iteration 35

Eliminated 105 points
Completed iteration 36

Eliminated 95 points
Completed iteration 37

Eliminated 98 points
Completed iteration 38

Eliminated 108 points
Completed iteration 39

Eliminated 108 points
Completed iteration 40

Eliminated 144 points
Completed iteration 41

Eliminated 58 points
Completed iteration 42

Eliminated 103 points
Completed iteration 43

Eliminated 89 points
Completed iteration 44

Eliminated 119 points
Completed iteration 45

Eliminated 97 points
Completed iteration 46

Eliminated 104 points
Completed iteration 47

Eliminated 108 points
Completed iteration 48

Eliminated 102 points
Completed iteration 49

Eliminated 142 points
Completed iteration 50

Eliminated 96 points
Completed iteration 51

Eliminated 95 points
Completed iteration 52

Eliminated 103 points
Completed iteration 53

Eliminated 84 points
Completed iteration 54

Eliminated 142 points
Completed iteration 55

Eliminated 129 points
Completed iteration 56

Eliminated 59 points
Completed iteration 57

Eliminated 72 points
Completed iteration 58

Eliminated 125 points
Completed iteration 59

Eliminated 59 points
Completed iteration 60

Eliminated 86 points
Completed iteration 61

Eliminated 128 points
Completed iteration 62

Eliminated 93 points
Completed iteration 63

Eliminated 122 points
Completed iteration 64

Eliminated 87 points
Completed iteration 65

Eliminated 102 points
Completed iteration 66

Eliminated 131 points
Completed iteration 67

Eliminated 114 points
Completed iteration 68

Eliminated 77 points
Completed iteration 69

Eliminated 75 points
Completed iteration 70

Eliminated 83 points
Completed iteration 71

Eliminated 78 points
Completed iteration 72

Eliminated 126 points
Completed iteration 73

Eliminated 106 points
Completed iteration 74

Eliminated 102 points
Completed iteration 75

Eliminated 104 points
Completed iteration 76

Eliminated 117 points
Completed iteration 77

Eliminated 77 points
Completed iteration 78

Eliminated 100 points
Completed iteration 79

Eliminated 101 points
Completed iteration 80

Eliminated 97 points
Completed iteration 81

Eliminated 109 points
Completed iteration 82

Eliminated 100 points
Completed iteration 83

Eliminated 110 points
Completed iteration 84

Eliminated 101 points
Completed iteration 85

Eliminated 108 points
Completed iteration 86

Eliminated 67 points
Completed iteration 87

Eliminated 137 points
Completed iteration 88

Eliminated 79 points
Completed iteration 89

Eliminated 124 points
Completed iteration 90

Eliminated 125 points
Completed iteration 91

Eliminated 129 points
Completed iteration 92

Eliminated 110 points
Completed iteration 93

Eliminated 91 points
Completed iteration 94

Eliminated 113 points
Completed iteration 95

Eliminated 116 points
Completed iteration 96

Eliminated 118 points
Completed iteration 97

Eliminated 105 points
Completed iteration 98

Eliminated 62 points
Completed iteration 99

Eliminated 90 points
Completed iteration 100
Overall results (hybrid)
Confidence threshold=0.9
Filtered datapoints
Prediction points: 73.610000 (stddev 24.964579)
AUC ave err std
    0.7468

    0.0913

    0.0913

Precision / Recall macro
    0.8836    0.6805

Precision / Recall micro
    0.8815    0.6663

computation time (s)
  652.4020

