!!!!below quality measures have been removed due to insufficient data!!!!!!!!!!!!
binThreshold:30
energy base:40
using confidence:1
Number of bins: 31
Average bin size: 1.683871e+01

Eliminated 0 points
Completed iteration 1

Eliminated 0 points
Completed iteration 2

Eliminated 0 points
Completed iteration 3

Eliminated 0 points
Completed iteration 4

Eliminated 0 points
Completed iteration 5

Eliminated 0 points
Completed iteration 6

Eliminated 0 points
Completed iteration 7

Eliminated 0 points
Completed iteration 8

Eliminated 0 points
Completed iteration 9

Eliminated 0 points
Completed iteration 10

Eliminated 0 points
Completed iteration 11

Eliminated 0 points
Completed iteration 12

Eliminated 0 points
Completed iteration 13

Eliminated 0 points
Completed iteration 14

Eliminated 0 points
Completed iteration 15

Eliminated 0 points
Completed iteration 16

Eliminated 0 points
Completed iteration 17

Eliminated 0 points
Completed iteration 18

Eliminated 0 points
Completed iteration 19

Eliminated 0 points
Completed iteration 20

Eliminated 0 points
Completed iteration 21

Eliminated 0 points
Completed iteration 22

Eliminated 0 points
Completed iteration 23

Eliminated 0 points
Completed iteration 24

Eliminated 0 points
Completed iteration 25

Eliminated 0 points
Completed iteration 26

Eliminated 0 points
Completed iteration 27

Eliminated 0 points
Completed iteration 28

Eliminated 0 points
Completed iteration 29

Eliminated 0 points
Completed iteration 30

Eliminated 0 points
Completed iteration 31

Eliminated 0 points
Completed iteration 32

Eliminated 0 points
Completed iteration 33

Eliminated 0 points
Completed iteration 34

Eliminated 0 points
Completed iteration 35

Eliminated 0 points
Completed iteration 36

Eliminated 0 points
Completed iteration 37

Eliminated 0 points
Completed iteration 38

Eliminated 0 points
Completed iteration 39

Eliminated 0 points
Completed iteration 40

Eliminated 0 points
Completed iteration 41

Eliminated 0 points
Completed iteration 42

Eliminated 0 points
Completed iteration 43

Eliminated 0 points
Completed iteration 44

Eliminated 0 points
Completed iteration 45

Eliminated 0 points
Completed iteration 46

Eliminated 0 points
Completed iteration 47

Eliminated 0 points
Completed iteration 48

Eliminated 0 points
Completed iteration 49

Eliminated 0 points
Completed iteration 50

Eliminated 0 points
Completed iteration 51

Eliminated 0 points
Completed iteration 52

Eliminated 0 points
Completed iteration 53

Eliminated 0 points
Completed iteration 54

Eliminated 0 points
Completed iteration 55

Eliminated 0 points
Completed iteration 56

Eliminated 0 points
Completed iteration 57

Eliminated 0 points
Completed iteration 58

Eliminated 0 points
Completed iteration 59

Eliminated 0 points
Completed iteration 60

Eliminated 0 points
Completed iteration 61

Eliminated 0 points
Completed iteration 62

Eliminated 0 points
Completed iteration 63

Eliminated 0 points
Completed iteration 64

Eliminated 0 points
Completed iteration 65

Eliminated 0 points
Completed iteration 66

Eliminated 0 points
Completed iteration 67

Eliminated 0 points
Completed iteration 68

Eliminated 0 points
Completed iteration 69

Eliminated 0 points
Completed iteration 70

Eliminated 0 points
Completed iteration 71

Eliminated 0 points
Completed iteration 72

Eliminated 0 points
Completed iteration 73

Eliminated 0 points
Completed iteration 74

Eliminated 0 points
Completed iteration 75

Eliminated 0 points
Completed iteration 76

Eliminated 0 points
Completed iteration 77

Eliminated 0 points
Completed iteration 78

Eliminated 0 points
Completed iteration 79

Eliminated 0 points
Completed iteration 80

Eliminated 0 points
Completed iteration 81

Eliminated 0 points
Completed iteration 82

Eliminated 0 points
Completed iteration 83

Eliminated 0 points
Completed iteration 84

Eliminated 0 points
Completed iteration 85

Eliminated 0 points
Completed iteration 86

Eliminated 0 points
Completed iteration 87

Eliminated 0 points
Completed iteration 88

Eliminated 0 points
Completed iteration 89

Eliminated 0 points
Completed iteration 90

Eliminated 0 points
Completed iteration 91

Eliminated 0 points
Completed iteration 92

Eliminated 0 points
Completed iteration 93

Eliminated 0 points
Completed iteration 94

Eliminated 0 points
Completed iteration 95

Eliminated 0 points
Completed iteration 96

Eliminated 0 points
Completed iteration 97

Eliminated 0 points
Completed iteration 98

Eliminated 0 points
Completed iteration 99

Eliminated 0 points
Completed iteration 100
index 123: -1.286012, -1.103101
index 126: -1.386119, -1.134917
index 129: -1.276321, -1.098237
index 131: -0.949541, -1.164423
index 135: -1.250809, -1.063940
index 136: -1.042996, -1.075127
index 140: -1.128468, -1.120816
index 141: -1.193948, -1.144144
index 142: -1.146417, -1.099074
index 143: -1.103512, -1.181596
index 144: -1.126458, -1.201077
index 145: -0.944932, -1.056272
index 146: -0.541017, -0.789709
index 148: -0.751847, -1.083688
index 154: -1.129444, -1.148398
index 155: -0.947082, -1.132953
index 156: -0.965784, -1.109754
index 158: -1.326341, -1.142790
index 161: -1.023142, -1.100964
index 165: -1.125796, -1.083487
index 166: -1.130412, -1.030786
index 169: -1.351438, -0.958782
index 171: -0.415313, -0.734486
index 174: -1.233745, -1.007385
index 183: -0.007381, -0.340177
index 187: 0.419478, -0.081951
index 203: 0.412045, -0.073475
index 221: -0.159020, -0.387640
index 234: -6.829649, 5.932283
index 288: -6.829649, 5.932283
index 308: -0.876082, -0.610554
index 349: 0.015452, -0.804719
index 359: 0.154335, -1.045792
index 362: 0.099808, -0.915471
index 363: 0.093325, -0.966153
index 364: 0.167403, -0.866064
index 367: 0.147970, -0.939631
index 372: 0.144624, -0.928034
index 373: -0.117469, -0.900169
index 380: 0.015444, -0.987143
index 381: -0.007965, -0.977824
index 382: 0.048045, -0.978256
index 384: 0.192055, -0.819327
index 389: 0.276863, -0.813190
index 392: 0.090475, -0.905511
index 404: 0.560708, -0.347423
index 422: -0.002932, -0.763330
index 441: -0.006808, -0.728974
index 462: -1.230404, -1.003526
index 492: -0.981164, -0.752083
index 503: -1.566423, -1.393328
Overall results (hybrid)
Confidence threshold=0
Filtered datapoints
Prediction points: 172.000000 (stddev 0.000000)
AUC ave err std
    0.7242

    0.0547

    0.0547

Precision / Recall macro
    0.7813    0.9582

Precision / Recall micro
    0.7808    0.9581


Eliminated 16 points
Completed iteration 1

Eliminated 8 points
Completed iteration 2

Eliminated 6 points
Completed iteration 3

Eliminated 24 points
Completed iteration 4

Eliminated 16 points
Completed iteration 5

Eliminated 37 points
Completed iteration 6

Eliminated 16 points
Completed iteration 7

Eliminated 10 points
Completed iteration 8

Eliminated 20 points
Completed iteration 9

Eliminated 27 points
Completed iteration 10

Eliminated 7 points
Completed iteration 11

Eliminated 16 points
Completed iteration 12

Eliminated 11 points
Completed iteration 13

Eliminated 28 points
Completed iteration 14

Eliminated 29 points
Completed iteration 15

Eliminated 10 points
Completed iteration 16

Eliminated 14 points
Completed iteration 17

Eliminated 2 points
Completed iteration 18

Eliminated 15 points
Completed iteration 19

Eliminated 10 points
Completed iteration 20

Eliminated 11 points
Completed iteration 21

Eliminated 33 points
Completed iteration 22

Eliminated 16 points
Completed iteration 23

Eliminated 19 points
Completed iteration 24

Eliminated 7 points
Completed iteration 25

Eliminated 16 points
Completed iteration 26

Eliminated 13 points
Completed iteration 27

Eliminated 18 points
Completed iteration 28

Eliminated 19 points
Completed iteration 29

Eliminated 16 points
Completed iteration 30

Eliminated 23 points
Completed iteration 31

Eliminated 11 points
Completed iteration 32

Eliminated 24 points
Completed iteration 33

Eliminated 19 points
Completed iteration 34

Eliminated 42 points
Completed iteration 35

Eliminated 15 points
Completed iteration 36

Eliminated 21 points
Completed iteration 37

Eliminated 4 points
Completed iteration 38

Eliminated 13 points
Completed iteration 39

Eliminated 31 points
Completed iteration 40

Eliminated 19 points
Completed iteration 41

Eliminated 9 points
Completed iteration 42

Eliminated 5 points
Completed iteration 43

Eliminated 13 points
Completed iteration 44

Eliminated 24 points
Completed iteration 45

Eliminated 20 points
Completed iteration 46

Eliminated 16 points
Completed iteration 47

Eliminated 13 points
Completed iteration 48

Eliminated 16 points
Completed iteration 49

Eliminated 19 points
Completed iteration 50

Eliminated 33 points
Completed iteration 51

Eliminated 21 points
Completed iteration 52

Eliminated 11 points
Completed iteration 53

Eliminated 22 points
Completed iteration 54

Eliminated 46 points
Completed iteration 55

Eliminated 16 points
Completed iteration 56

Eliminated 22 points
Completed iteration 57

Eliminated 32 points
Completed iteration 58

Eliminated 24 points
Completed iteration 59

Eliminated 11 points
Completed iteration 60

Eliminated 23 points
Completed iteration 61

Eliminated 10 points
Completed iteration 62

Eliminated 23 points
Completed iteration 63

Eliminated 15 points
Completed iteration 64

Eliminated 18 points
Completed iteration 65

Eliminated 11 points
Completed iteration 66

Eliminated 19 points
Completed iteration 67

Eliminated 28 points
Completed iteration 68

Eliminated 13 points
Completed iteration 69

Eliminated 19 points
Completed iteration 70

Eliminated 28 points
Completed iteration 71

Eliminated 14 points
Completed iteration 72

Eliminated 3 points
Completed iteration 73

Eliminated 27 points
Completed iteration 74

Eliminated 25 points
Completed iteration 75

Eliminated 5 points
Completed iteration 76

Eliminated 17 points
Completed iteration 77

Eliminated 29 points
Completed iteration 78

Eliminated 9 points
Completed iteration 79

Eliminated 4 points
Completed iteration 80

Eliminated 14 points
Completed iteration 81

Eliminated 8 points
Completed iteration 82

Eliminated 32 points
Completed iteration 83

Eliminated 20 points
Completed iteration 84

Eliminated 31 points
Completed iteration 85

Eliminated 19 points
Completed iteration 86

Eliminated 12 points
Completed iteration 87

Eliminated 10 points
Completed iteration 88

Eliminated 18 points
Completed iteration 89

Eliminated 21 points
Completed iteration 90

Eliminated 7 points
Completed iteration 91

Eliminated 13 points
Completed iteration 92

Eliminated 21 points
Completed iteration 93

Eliminated 8 points
Completed iteration 94

Eliminated 7 points
Completed iteration 95

Eliminated 25 points
Completed iteration 96

Eliminated 23 points
Completed iteration 97

Eliminated 11 points
Completed iteration 98

Eliminated 28 points
Completed iteration 99

Eliminated 11 points
Completed iteration 100
index 35: 2.905234, 1.252891
index 37: 3.728735, 1.903431
index 85: -0.072122, 0.076659
index 97: 1.111377, 0.211799
index 123: -1.286012, -1.103101
index 126: -1.386119, -1.134917
index 129: -1.276321, -1.098237
index 131: -0.949541, -1.164423
index 135: -1.250809, -1.063940
index 136: -1.042996, -1.075127
index 140: -1.128468, -1.120816
index 141: -1.193948, -1.144144
index 142: -1.146417, -1.099074
index 143: -1.103512, -1.181596
index 144: -1.126458, -1.201077
index 145: -0.944932, -1.056272
index 146: -0.541017, -0.789709
index 148: -0.751847, -1.083688
index 154: -1.129444, -1.148398
index 155: -0.947082, -1.132953
index 156: -0.965784, -1.109754
index 158: -1.326341, -1.142790
index 161: -1.023142, -1.100964
index 165: -1.125796, -1.083487
index 166: -1.130412, -1.030786
index 169: -1.351438, -0.958782
index 171: -0.415313, -0.734486
index 174: -1.233745, -1.007385
index 177: -0.187101, 0.166046
index 183: -0.007381, -0.340177
index 187: 0.419478, -0.081951
index 190: 0.967111, 0.254192
index 200: 0.808042, 0.217258
index 202: 5.491166, 3.543913
index 203: 0.412045, -0.073475
index 214: 0.809103, 0.248104
index 221: -0.159020, -0.387640
index 229: 1.333176, 0.692830
index 234: -6.829649, 5.932283
index 288: -6.829649, 5.932283
index 305: 0.432463, -0.045603
index 308: -0.876082, -0.610554
index 315: 0.526262, -0.183407
index 349: 0.015452, -0.804719
index 359: 0.154335, -1.045792
index 362: 0.099808, -0.915471
index 363: 0.093325, -0.966153
index 364: 0.167403, -0.866064
index 367: 0.147970, -0.939631
index 369: 0.378318, -0.150377
index 372: 0.144624, -0.928034
index 373: -0.117469, -0.900169
index 376: 1.071397, -0.122346
index 380: 0.015444, -0.987143
index 381: -0.007965, -0.977824
index 382: 0.048045, -0.978256
index 384: 0.192055, -0.819327
index 389: 0.276863, -0.813190
index 392: 0.090475, -0.905511
index 404: 0.560708, -0.347423
index 422: -0.002932, -0.763330
index 441: -0.006808, -0.728974
index 448: 0.697472, -0.022184
index 455: 0.564097, 0.075453
index 462: -1.230404, -1.003526
index 485: 0.497450, 0.489058
index 492: -0.981164, -0.752083
index 503: -1.566423, -1.393328
Overall results (hybrid)
Confidence threshold=0.5
Filtered datapoints
Prediction points: 154.360000 (stddev 8.667273)
AUC ave err std
    0.7380

    0.0562

    0.0562

Precision / Recall macro
    0.7922    0.9618

Precision / Recall micro
    0.7911    0.9617


Eliminated 20 points
Completed iteration 1

Eliminated 53 points
Completed iteration 2

Eliminated 15 points
Completed iteration 3

Eliminated 31 points
Completed iteration 4

Eliminated 25 points
Completed iteration 5

Eliminated 17 points
Completed iteration 6

Eliminated 20 points
Completed iteration 7

Eliminated 25 points
Completed iteration 8

Eliminated 47 points
Completed iteration 9

Eliminated 26 points
Completed iteration 10

Eliminated 50 points
Completed iteration 11

Eliminated 30 points
Completed iteration 12

Eliminated 32 points
Completed iteration 13

Eliminated 48 points
Completed iteration 14

Eliminated 40 points
Completed iteration 15

Eliminated 30 points
Completed iteration 16

Eliminated 29 points
Completed iteration 17

Eliminated 37 points
Completed iteration 18

Eliminated 24 points
Completed iteration 19

Eliminated 32 points
Completed iteration 20

Eliminated 42 points
Completed iteration 21

Eliminated 38 points
Completed iteration 22

Eliminated 44 points
Completed iteration 23

Eliminated 41 points
Completed iteration 24

Eliminated 29 points
Completed iteration 25

Eliminated 27 points
Completed iteration 26

Eliminated 42 points
Completed iteration 27

Eliminated 29 points
Completed iteration 28

Eliminated 12 points
Completed iteration 29

Eliminated 22 points
Completed iteration 30

Eliminated 46 points
Completed iteration 31

Eliminated 28 points
Completed iteration 32

Eliminated 53 points
Completed iteration 33

Eliminated 36 points
Completed iteration 34

Eliminated 36 points
Completed iteration 35

Eliminated 40 points
Completed iteration 36

Eliminated 52 points
Completed iteration 37

Eliminated 40 points
Completed iteration 38

Eliminated 56 points
Completed iteration 39

Eliminated 54 points
Completed iteration 40

Eliminated 19 points
Completed iteration 41

Eliminated 43 points
Completed iteration 42

Eliminated 53 points
Completed iteration 43

Eliminated 55 points
Completed iteration 44

Eliminated 34 points
Completed iteration 45

Eliminated 15 points
Completed iteration 46

Eliminated 50 points
Completed iteration 47

Eliminated 30 points
Completed iteration 48

Eliminated 36 points
Completed iteration 49

Eliminated 44 points
Completed iteration 50

Eliminated 30 points
Completed iteration 51

Eliminated 15 points
Completed iteration 52

Eliminated 23 points
Completed iteration 53

Eliminated 42 points
Completed iteration 54

Eliminated 47 points
Completed iteration 55

Eliminated 53 points
Completed iteration 56

Eliminated 43 points
Completed iteration 57

Eliminated 10 points
Completed iteration 58

Eliminated 57 points
Completed iteration 59

Eliminated 36 points
Completed iteration 60

Eliminated 17 points
Completed iteration 61

Eliminated 18 points
Completed iteration 62

Eliminated 26 points
Completed iteration 63

Eliminated 33 points
Completed iteration 64

Eliminated 28 points
Completed iteration 65

Eliminated 42 points
Completed iteration 66

Eliminated 45 points
Completed iteration 67

Eliminated 43 points
Completed iteration 68

Eliminated 49 points
Completed iteration 69

Eliminated 37 points
Completed iteration 70

Eliminated 53 points
Completed iteration 71

Eliminated 29 points
Completed iteration 72

Eliminated 41 points
Completed iteration 73

Eliminated 25 points
Completed iteration 74

Eliminated 24 points
Completed iteration 75

Eliminated 60 points
Completed iteration 76

Eliminated 32 points
Completed iteration 77

Eliminated 21 points
Completed iteration 78

Eliminated 28 points
Completed iteration 79

Eliminated 27 points
Completed iteration 80

Eliminated 16 points
Completed iteration 81

Eliminated 67 points
Completed iteration 82

Eliminated 45 points
Completed iteration 83

Eliminated 72 points
Completed iteration 84

Eliminated 18 points
Completed iteration 85

Eliminated 45 points
Completed iteration 86

Eliminated 52 points
Completed iteration 87

Eliminated 20 points
Completed iteration 88

Eliminated 29 points
Completed iteration 89

Eliminated 30 points
Completed iteration 90

Eliminated 31 points
Completed iteration 91

Eliminated 57 points
Completed iteration 92

Eliminated 41 points
Completed iteration 93

Eliminated 28 points
Completed iteration 94

Eliminated 35 points
Completed iteration 95

Eliminated 24 points
Completed iteration 96

Eliminated 19 points
Completed iteration 97

Eliminated 13 points
Completed iteration 98

Eliminated 50 points
Completed iteration 99

Eliminated 16 points
Completed iteration 100
index 123: -1.286012, -1.103101
index 126: -1.386119, -1.134917
index 129: -1.276321, -1.098237
index 131: -0.949541, -1.164423
index 135: -1.250809, -1.063940
index 136: -1.042996, -1.075127
index 140: -1.128468, -1.120816
index 141: -1.193948, -1.144144
index 142: -1.146417, -1.099074
index 143: -1.103512, -1.181596
index 144: -1.126458, -1.201077
index 145: -0.944932, -1.056272
index 146: -0.541017, -0.789709
index 148: -0.751847, -1.083688
index 154: -1.129444, -1.148398
index 155: -0.947082, -1.132953
index 156: -0.965784, -1.109754
index 158: -1.326341, -1.142790
index 161: -1.023142, -1.100964
index 165: -1.125796, -1.083487
index 166: -1.130412, -1.030786
index 169: -1.351438, -0.958782
index 171: -0.415313, -0.734486
index 174: -1.233745, -1.007385
index 183: -0.007381, -0.340177
index 187: 0.419478, -0.081951
index 203: 0.412045, -0.073475
index 221: -0.159020, -0.387640
index 234: -6.829649, 5.932283
index 288: -6.829649, 5.932283
index 308: -0.876082, -0.610554
index 349: 0.015452, -0.804719
index 359: 0.154335, -1.045792
index 362: 0.099808, -0.915471
index 363: 0.093325, -0.966153
index 364: 0.167403, -0.866064
index 367: 0.147970, -0.939631
index 372: 0.144624, -0.928034
index 373: -0.117469, -0.900169
index 380: 0.015444, -0.987143
index 381: -0.007965, -0.977824
index 382: 0.048045, -0.978256
index 384: 0.192055, -0.819327
index 389: 0.276863, -0.813190
index 392: 0.090475, -0.905511
index 404: 0.560708, -0.347423
index 422: -0.002932, -0.763330
index 441: -0.006808, -0.728974
index 462: -1.230404, -1.003526
index 492: -0.981164, -0.752083
index 503: -1.566423, -1.393328
Overall results (hybrid)
Confidence threshold=0.6
Filtered datapoints
Prediction points: 136.810000 (stddev 13.441001)
AUC ave err std
    0.7385

    0.0560

    0.0560

Precision / Recall macro
    0.7969    0.9737

Precision / Recall micro
    0.7952    0.9732


Eliminated 59 points
Completed iteration 1

Eliminated 86 points
Completed iteration 2

Eliminated 55 points
Completed iteration 3

Eliminated 60 points
Completed iteration 4

Eliminated 39 points
Completed iteration 5

Eliminated 67 points
Completed iteration 6

Eliminated 75 points
Completed iteration 7

Eliminated 59 points
Completed iteration 8

Eliminated 57 points
Completed iteration 9

Eliminated 50 points
Completed iteration 10

Eliminated 26 points
Completed iteration 11

Eliminated 61 points
Completed iteration 12

Eliminated 65 points
Completed iteration 13

Eliminated 52 points
Completed iteration 14

Eliminated 62 points
Completed iteration 15

Eliminated 75 points
Completed iteration 16

Eliminated 39 points
Completed iteration 17

Eliminated 49 points
Completed iteration 18

Eliminated 73 points
Completed iteration 19

Eliminated 80 points
Completed iteration 20

Eliminated 55 points
Completed iteration 21

Eliminated 53 points
Completed iteration 22

Eliminated 74 points
Completed iteration 23

Eliminated 29 points
Completed iteration 24

Eliminated 54 points
Completed iteration 25

Eliminated 53 points
Completed iteration 26

Eliminated 61 points
Completed iteration 27

Eliminated 71 points
Completed iteration 28

Eliminated 62 points
Completed iteration 29

Eliminated 38 points
Completed iteration 30

Eliminated 60 points
Completed iteration 31

Eliminated 59 points
Completed iteration 32

Eliminated 74 points
Completed iteration 33

Eliminated 68 points
Completed iteration 34

Eliminated 55 points
Completed iteration 35

Eliminated 52 points
Completed iteration 36

Eliminated 59 points
Completed iteration 37

Eliminated 50 points
Completed iteration 38

Eliminated 44 points
Completed iteration 39

Eliminated 65 points
Completed iteration 40

Eliminated 79 points
Completed iteration 41

Eliminated 60 points
Completed iteration 42

Eliminated 76 points
Completed iteration 43

Eliminated 40 points
Completed iteration 44

Eliminated 37 points
Completed iteration 45

Eliminated 107 points
Completed iteration 46

Eliminated 73 points
Completed iteration 47

Eliminated 42 points
Completed iteration 48

Eliminated 44 points
Completed iteration 49

Eliminated 25 points
Completed iteration 50

Eliminated 40 points
Completed iteration 51

Eliminated 43 points
Completed iteration 52

Eliminated 53 points
Completed iteration 53

Eliminated 41 points
Completed iteration 54

Eliminated 53 points
Completed iteration 55

Eliminated 54 points
Completed iteration 56

Eliminated 80 points
Completed iteration 57

Eliminated 47 points
Completed iteration 58

Eliminated 36 points
Completed iteration 59

Eliminated 74 points
Completed iteration 60

Eliminated 72 points
Completed iteration 61

Eliminated 69 points
Completed iteration 62

Eliminated 49 points
Completed iteration 63

Eliminated 65 points
Completed iteration 64

Eliminated 41 points
Completed iteration 65

Eliminated 79 points
Completed iteration 66

Eliminated 27 points
Completed iteration 67

Eliminated 53 points
Completed iteration 68

Eliminated 41 points
Completed iteration 69

Eliminated 66 points
Completed iteration 70

Eliminated 34 points
Completed iteration 71

Eliminated 55 points
Completed iteration 72

Eliminated 43 points
Completed iteration 73

Eliminated 72 points
Completed iteration 74

Eliminated 59 points
Completed iteration 75

Eliminated 45 points
Completed iteration 76

Eliminated 48 points
Completed iteration 77

Eliminated 58 points
Completed iteration 78

Eliminated 59 points
Completed iteration 79

Eliminated 55 points
Completed iteration 80

Eliminated 61 points
Completed iteration 81

Eliminated 29 points
Completed iteration 82

Eliminated 67 points
Completed iteration 83

Eliminated 42 points
Completed iteration 84

Eliminated 45 points
Completed iteration 85

Eliminated 33 points
Completed iteration 86

Eliminated 49 points
Completed iteration 87

Eliminated 66 points
Completed iteration 88

Eliminated 49 points
Completed iteration 89

Eliminated 47 points
Completed iteration 90

Eliminated 76 points
Completed iteration 91

Eliminated 45 points
Completed iteration 92

Eliminated 66 points
Completed iteration 93

Eliminated 30 points
Completed iteration 94

Eliminated 33 points
Completed iteration 95

Eliminated 60 points
Completed iteration 96

Eliminated 36 points
Completed iteration 97

Eliminated 79 points
Completed iteration 98

Eliminated 65 points
Completed iteration 99

Eliminated 82 points
Completed iteration 100
index 123: -1.286012, -1.103101
index 126: -1.386119, -1.134917
index 129: -1.276321, -1.098237
index 131: -0.949541, -1.164423
index 135: -1.250809, -1.063940
index 136: -1.042996, -1.075127
index 140: -1.128468, -1.120816
index 141: -1.193948, -1.144144
index 142: -1.146417, -1.099074
index 143: -1.103512, -1.181596
index 144: -1.126458, -1.201077
index 145: -0.944932, -1.056272
index 146: -0.541017, -0.789709
index 148: -0.751847, -1.083688
index 154: -1.129444, -1.148398
index 155: -0.947082, -1.132953
index 156: -0.965784, -1.109754
index 158: -1.326341, -1.142790
index 161: -1.023142, -1.100964
index 165: -1.125796, -1.083487
index 166: -1.130412, -1.030786
index 169: -1.351438, -0.958782
index 171: -0.415313, -0.734486
index 174: -1.233745, -1.007385
index 183: -0.007381, -0.340177
index 187: 0.419478, -0.081951
index 203: 0.412045, -0.073475
index 221: -0.159020, -0.387640
index 234: -6.829649, 5.932283
index 288: -6.829649, 5.932283
index 308: -0.876082, -0.610554
index 349: 0.015452, -0.804719
index 359: 0.154335, -1.045792
index 362: 0.099808, -0.915471
index 363: 0.093325, -0.966153
index 364: 0.167403, -0.866064
index 367: 0.147970, -0.939631
index 372: 0.144624, -0.928034
index 373: -0.117469, -0.900169
index 380: 0.015444, -0.987143
index 381: -0.007965, -0.977824
index 382: 0.048045, -0.978256
index 384: 0.192055, -0.819327
index 389: 0.276863, -0.813190
index 392: 0.090475, -0.905511
index 404: 0.560708, -0.347423
index 422: -0.002932, -0.763330
index 441: -0.006808, -0.728974
index 462: -1.230404, -1.003526
index 492: -0.981164, -0.752083
index 503: -1.566423, -1.393328
Overall results (hybrid)
Confidence threshold=0.7
Filtered datapoints
Prediction points: 116.210000 (stddev 15.492778)
AUC ave err std
    0.7558

    0.0571

    0.0571

Precision / Recall macro
    0.8131    0.9741

Precision / Recall micro
    0.8103    0.9731


Eliminated 70 points
Completed iteration 1

Eliminated 100 points
Completed iteration 2

Eliminated 61 points
Completed iteration 3

Eliminated 90 points
Completed iteration 4

Eliminated 71 points
Completed iteration 5

Eliminated 55 points
Completed iteration 6

Eliminated 64 points
Completed iteration 7

Eliminated 77 points
Completed iteration 8

Eliminated 45 points
Completed iteration 9

Eliminated 97 points
Completed iteration 10

Eliminated 71 points
Completed iteration 11

Eliminated 77 points
Completed iteration 12

Eliminated 88 points
Completed iteration 13

Eliminated 65 points
Completed iteration 14

Eliminated 68 points
Completed iteration 15

Eliminated 65 points
Completed iteration 16

Eliminated 70 points
Completed iteration 17

Eliminated 77 points
Completed iteration 18

Eliminated 77 points
Completed iteration 19

Eliminated 57 points
Completed iteration 20

Eliminated 90 points
Completed iteration 21

Eliminated 64 points
Completed iteration 22

Eliminated 82 points
Completed iteration 23

Eliminated 71 points
Completed iteration 24

Eliminated 77 points
Completed iteration 25

Eliminated 83 points
Completed iteration 26

Eliminated 90 points
Completed iteration 27

Eliminated 108 points
Completed iteration 28

Eliminated 88 points
Completed iteration 29

Eliminated 80 points
Completed iteration 30

Eliminated 72 points
Completed iteration 31

Eliminated 69 points
Completed iteration 32

Eliminated 83 points
Completed iteration 33

Eliminated 59 points
Completed iteration 34

Eliminated 73 points
Completed iteration 35

Eliminated 78 points
Completed iteration 36

Eliminated 81 points
Completed iteration 37

Eliminated 114 points
Completed iteration 38

Eliminated 88 points
Completed iteration 39

Eliminated 80 points
Completed iteration 40

Eliminated 74 points
Completed iteration 41

Eliminated 68 points
Completed iteration 42

Eliminated 80 points
Completed iteration 43

Eliminated 63 points
Completed iteration 44

Eliminated 59 points
Completed iteration 45

Eliminated 69 points
Completed iteration 46

Eliminated 99 points
Completed iteration 47

Eliminated 97 points
Completed iteration 48

Eliminated 69 points
Completed iteration 49

Eliminated 101 points
Completed iteration 50

Eliminated 71 points
Completed iteration 51

Eliminated 59 points
Completed iteration 52

Eliminated 63 points
Completed iteration 53

Eliminated 108 points
Completed iteration 54

Eliminated 59 points
Completed iteration 55

Eliminated 47 points
Completed iteration 56

Eliminated 79 points
Completed iteration 57

Eliminated 66 points
Completed iteration 58

Eliminated 55 points
Completed iteration 59

Eliminated 62 points
Completed iteration 60

Eliminated 77 points
Completed iteration 61

Eliminated 63 points
Completed iteration 62

Eliminated 64 points
Completed iteration 63

Eliminated 102 points
Completed iteration 64

Eliminated 55 points
Completed iteration 65

Eliminated 59 points
Completed iteration 66

Eliminated 101 points
Completed iteration 67

Eliminated 54 points
Completed iteration 68

Eliminated 85 points
Completed iteration 69

Eliminated 69 points
Completed iteration 70

Eliminated 60 points
Completed iteration 71

Eliminated 84 points
Completed iteration 72

Eliminated 104 points
Completed iteration 73

Eliminated 76 points
Completed iteration 74

Eliminated 71 points
Completed iteration 75

Eliminated 61 points
Completed iteration 76

Eliminated 90 points
Completed iteration 77

Eliminated 71 points
Completed iteration 78

Eliminated 94 points
Completed iteration 79

Eliminated 74 points
Completed iteration 80

Eliminated 84 points
Completed iteration 81

Eliminated 75 points
Completed iteration 82

Eliminated 61 points
Completed iteration 83

Eliminated 76 points
Completed iteration 84

Eliminated 71 points
Completed iteration 85

Eliminated 71 points
Completed iteration 86

Eliminated 59 points
Completed iteration 87

Eliminated 65 points
Completed iteration 88

Eliminated 80 points
Completed iteration 89

Eliminated 93 points
Completed iteration 90

Eliminated 49 points
Completed iteration 91

Eliminated 60 points
Completed iteration 92

Eliminated 72 points
Completed iteration 93

Eliminated 56 points
Completed iteration 94

Eliminated 55 points
Completed iteration 95

Eliminated 96 points
Completed iteration 96

Eliminated 62 points
Completed iteration 97

Eliminated 61 points
Completed iteration 98

Eliminated 61 points
Completed iteration 99

Eliminated 79 points
Completed iteration 100
Overall results (hybrid)
Confidence threshold=0.8
Filtered datapoints
Prediction points: 97.770000 (stddev 14.878535)
AUC ave err std
    0.7791

    0.0744

    0.0744

Precision / Recall macro
    0.8301    0.9778

Precision / Recall micro
    0.8284    0.9779


Eliminated 87 points
Completed iteration 1

Eliminated 131 points
Completed iteration 2

Eliminated 131 points
Completed iteration 3

Eliminated 113 points
Completed iteration 4

Eliminated 82 points
Completed iteration 5

Eliminated 134 points
Completed iteration 6

Eliminated 118 points
Completed iteration 7

Eliminated 85 points
Completed iteration 8

Eliminated 114 points
Completed iteration 9

Eliminated 101 points
Completed iteration 10

Eliminated 135 points
Completed iteration 11

Eliminated 81 points
Completed iteration 12

Eliminated 114 points
Completed iteration 13

Eliminated 144 points
Completed iteration 14

Eliminated 79 points
Completed iteration 15

Eliminated 133 points
Completed iteration 16

Eliminated 131 points
Completed iteration 17

Eliminated 108 points
Completed iteration 18

Eliminated 92 points
Completed iteration 19

Eliminated 105 points
Completed iteration 20

Eliminated 127 points
Completed iteration 21

Eliminated 113 points
Completed iteration 22

Eliminated 142 points
Completed iteration 23

Eliminated 135 points
Completed iteration 24

Eliminated 128 points
Completed iteration 25

Eliminated 89 points
Completed iteration 26

Eliminated 95 points
Completed iteration 27

Eliminated 108 points
Completed iteration 28

Eliminated 138 points
Completed iteration 29

Eliminated 130 points
Completed iteration 30

Eliminated 135 points
Completed iteration 31

Eliminated 101 points
Completed iteration 32

Eliminated 142 points
Completed iteration 33

Eliminated 130 points
Completed iteration 34

Eliminated 122 points
Completed iteration 35

Eliminated 123 points
Completed iteration 36

Eliminated 118 points
Completed iteration 37

Eliminated 141 points
Completed iteration 38

Eliminated 145 points
Completed iteration 39

Eliminated 114 points
Completed iteration 40

Eliminated 120 points
Completed iteration 41

Eliminated 115 points
Completed iteration 42

Eliminated 125 points
Completed iteration 43

Eliminated 100 points
Completed iteration 44

Eliminated 91 points
Completed iteration 45

Eliminated 120 points
Completed iteration 46

Eliminated 113 points
Completed iteration 47

Eliminated 93 points
Completed iteration 48

Eliminated 89 points
Completed iteration 49

Eliminated 131 points
Completed iteration 50

Eliminated 96 points
Completed iteration 51

Eliminated 137 points
Completed iteration 52

Eliminated 132 points
Completed iteration 53

Eliminated 151 points
Completed iteration 54

Eliminated 115 points
Completed iteration 55

Eliminated 155 points
Completed iteration 56

Eliminated 120 points
Completed iteration 57

Eliminated 109 points
Completed iteration 58

Eliminated 104 points
Completed iteration 59

Eliminated 124 points
Completed iteration 60

Eliminated 116 points
Completed iteration 61

Eliminated 128 points
Completed iteration 62

Eliminated 111 points
Completed iteration 63

Eliminated 131 points
Completed iteration 64

Eliminated 97 points
Completed iteration 65

Eliminated 107 points
Completed iteration 66

Eliminated 137 points
Completed iteration 67

Eliminated 138 points
Completed iteration 68

Eliminated 115 points
Completed iteration 69

Eliminated 122 points
Completed iteration 70

Eliminated 131 points
Completed iteration 71

Eliminated 132 points
Completed iteration 72

Eliminated 109 points
Completed iteration 73

Eliminated 113 points
Completed iteration 74

Eliminated 132 points
Completed iteration 75

Eliminated 106 points
Completed iteration 76

Eliminated 109 points
Completed iteration 77

Eliminated 122 points
Completed iteration 78

Eliminated 83 points
Completed iteration 79

Eliminated 105 points
Completed iteration 80

Eliminated 119 points
Completed iteration 81

Eliminated 109 points
Completed iteration 82

Eliminated 116 points
Completed iteration 83

Eliminated 84 points
Completed iteration 84

Eliminated 97 points
Completed iteration 85

Eliminated 97 points
Completed iteration 86

Eliminated 153 points
Completed iteration 87

Eliminated 125 points
Completed iteration 88

Eliminated 101 points
Completed iteration 89

Eliminated 148 points
Completed iteration 90

Eliminated 154 points
Completed iteration 91

Eliminated 132 points
Completed iteration 92

Eliminated 80 points
Completed iteration 93

Eliminated 122 points
Completed iteration 94

Eliminated 154 points
Completed iteration 95

Eliminated 93 points
Completed iteration 96

Eliminated 120 points
Completed iteration 97

Eliminated 119 points
Completed iteration 98

Eliminated 126 points
Completed iteration 99

Eliminated 119 points
Completed iteration 100
Overall results (hybrid)
Confidence threshold=0.9
Filtered datapoints
Prediction points: 54.540000 (stddev 18.870864)
AUC ave err std
    0.7687

    0.1098

    0.1098

Precision / Recall macro
    0.8262    0.9843

Precision / Recall micro
    0.8244    0.9843

computation time (s)
  679.9060

