!!!!below quality measures have been removed due to insufficient data!!!!!!!!!!!!
    ' TriangleSize'

energy base:40
Completed iteration:1
Prediction points:244
  TP     FP     TN     FN
   169    48    10    17

Precision / Recall
    0.7788    0.9086

Completed iteration:2
Prediction points:244
  TP     FP     TN     FN
   154    55    17    18

Precision / Recall
    0.7368    0.8953

Completed iteration:3
Prediction points:244
  TP     FP     TN     FN
   163    54    16    11

Precision / Recall
    0.7512    0.9368

Completed iteration:4
Prediction points:244
  TP     FP     TN     FN
   149    56    18    21

Precision / Recall
    0.7268    0.8765

Completed iteration:5
Prediction points:244
  TP     FP     TN     FN
   146    63    18    17

Precision / Recall
    0.6986    0.8957

Completed iteration:6
Prediction points:244
  TP     FP     TN     FN
   154    54    18    18

Precision / Recall
    0.7404    0.8953

Completed iteration:7
Prediction points:244
  TP     FP     TN     FN
   146    37    31    30

Precision / Recall
    0.7978    0.8295

Completed iteration:8
Prediction points:244
  TP     FP     TN     FN
   155    47    22    20

Precision / Recall
    0.7673    0.8857

Completed iteration:9
Prediction points:244
  TP     FP     TN     FN
   141    60    25    18

Precision / Recall
    0.7015    0.8868

Completed iteration:10
Prediction points:244
  TP     FP     TN     FN
   150    56    20    18

Precision / Recall
    0.7282    0.8929

Completed iteration:11
Prediction points:244
  TP     FP     TN     FN
   148    53    23    20

Precision / Recall
    0.7363    0.8810

Completed iteration:12
Prediction points:244
  TP     FP     TN     FN
   149    50    21    24

Precision / Recall
    0.7487    0.8613

Completed iteration:13
Prediction points:244
  TP     FP     TN     FN
   148    58    21    17

Precision / Recall
    0.7184    0.8970

Completed iteration:14
Prediction points:244
  TP     FP     TN     FN
   150    52    19    23

Precision / Recall
    0.7426    0.8671

Completed iteration:15
Prediction points:244
  TP     FP     TN     FN
   158    40    28    18

Precision / Recall
    0.7980    0.8977

Completed iteration:16
Prediction points:244
  TP     FP     TN     FN
   159    50    20    15

Precision / Recall
    0.7608    0.9138

Completed iteration:17
Prediction points:244
  TP     FP     TN     FN
   136    60    18    30

Precision / Recall
    0.6939    0.8193

Completed iteration:18
Prediction points:244
  TP     FP     TN     FN
   151    49    21    23

Precision / Recall
    0.7550    0.8678

Completed iteration:19
Prediction points:244
  TP     FP     TN     FN
   158    44    26    16

Precision / Recall
    0.7822    0.9080

Completed iteration:20
Prediction points:244
  TP     FP     TN     FN
   155    49    19    21

Precision / Recall
    0.7598    0.8807

Completed iteration:21
Prediction points:244
  TP     FP     TN     FN
   145    53    27    19

Precision / Recall
    0.7323    0.8841

Completed iteration:22
Prediction points:244
  TP     FP     TN     FN
   156    54    23    11

Precision / Recall
    0.7429    0.9341

Completed iteration:23
Prediction points:244
  TP     FP     TN     FN
   144    60    18    22

Precision / Recall
    0.7059    0.8675

Completed iteration:24
Prediction points:244
  TP     FP     TN     FN
   148    45    20    31

Precision / Recall
    0.7668    0.8268

Completed iteration:25
Prediction points:244
  TP     FP     TN     FN
   147    57    17    23

Precision / Recall
    0.7206    0.8647

Completed iteration:26
Prediction points:244
  TP     FP     TN     FN
   148    60    18    18

Precision / Recall
    0.7115    0.8916

Completed iteration:27
Prediction points:244
  TP     FP     TN     FN
   154    47    24    19

Precision / Recall
    0.7662    0.8902

Completed iteration:28
Prediction points:244
  TP     FP     TN     FN
   151    61    16    16

Precision / Recall
    0.7123    0.9042

Completed iteration:29
Prediction points:244
  TP     FP     TN     FN
   148    67     9    20

Precision / Recall
    0.6884    0.8810

Completed iteration:30
Prediction points:244
  TP     FP     TN     FN
   153    47    18    26

Precision / Recall
    0.7650    0.8547

AUC ave err std
    0.5294

    0.0504

    0.0504

Precision / Recall macro
    0.7412    0.8832

Precision / Recall micro
    0.7408    0.8831

computation time (s)
    2.9170

