[{'kd_global_LR_energy_': set([]), 'kd_LR_egy_': set([]), 'kd_global_GP_egy_': set([])}, {'kd_global_LR_energy_': set([]), 'kd_LR_egy_': set([]), 'kd_global_GP_egy_': set([])}, {'kd_global_LR_energy_': set([]), 'kd_LR_egy_': set([]), 'kd_global_GP_egy_': set([])}, {'kd_global_LR_energy_': set([]), 'kd_LR_egy_': set([]), 'kd_global_GP_egy_': set([])}, {'kd_global_LR_energy_': set([]), 'kd_LR_egy_': set([]), 'kd_global_GP_egy_': set([])}, {'kd_global_LR_energy_': set([]), 'kd_LR_egy_': set([]), 'kd_global_GP_egy_': set([])}]
[0, 0.5, 0.59999999999999998, 0.69999999999999996, 0.80000000000000004, 0.90000000000000002]
Looking for 0.0
Node index 31

    7.0000    0.4926    0.2545

   52.0000    0.0882   -0.0728

   70.0000    0.7514    0.0205

  470.0000   -0.1189   -0.3359

  471.0000   -0.0855   -0.2581

  519.0000    0.4021    0.5519



Node index 35

    2.0000    1.0136   -0.0052

   10.0000    1.4908    0.3434

   22.0000    1.5156    0.1488

   72.0000   -0.0198    0.1818

   74.0000    1.1524    0.2539

[0, 0.5, 0.59999999999999998, 0.69999999999999996, 0.80000000000000004, 0.90000000000000002]
Looking for 0.5
Node index 31

    7.0000    0.4926    0.2545

   52.0000    0.0882   -0.0728

   70.0000    0.7514    0.0205

  470.0000   -0.1189   -0.3359

  471.0000   -0.0855   -0.2581

  519.0000    0.4021    0.5519



Node index 35

    2.0000    1.0136   -0.0052

   10.0000    1.4908    0.3434

   22.0000    1.5156    0.1488

   72.0000   -0.0198    0.1818

   74.0000    1.1524    0.2539

[0, 0.5, 0.59999999999999998, 0.69999999999999996, 0.80000000000000004, 0.90000000000000002]
Looking for 0.6
Node index 31

    7.0000    0.4926    0.2545

   52.0000    0.0882   -0.0728

   70.0000    0.7514    0.0205

  470.0000   -0.1189   -0.3359

  471.0000   -0.0855   -0.2581

  519.0000    0.4021    0.5519



Node index 35

    2.0000    1.0136   -0.0052

   10.0000    1.4908    0.3434

   22.0000    1.5156    0.1488

   72.0000   -0.0198    0.1818

   74.0000    1.1524    0.2539

[0, 0.5, 0.59999999999999998, 0.69999999999999996, 0.80000000000000004, 0.90000000000000002]
Looking for 0.7
Node index 31

    7.0000    0.4926    0.2545

   52.0000    0.0882   -0.0728

   70.0000    0.7514    0.0205

  470.0000   -0.1189   -0.3359

  471.0000   -0.0855   -0.2581



Node index 35

   10.0000    1.4908    0.3434

   22.0000    1.5156    0.1488

   72.0000   -0.0198    0.1818

   74.0000    1.1524    0.2539

[0, 0.5, 0.59999999999999998, 0.69999999999999996, 0.80000000000000004, 0.90000000000000002]
Looking for 0.0
Node index 31

    7.0000    0.4926    0.2545

   52.0000    0.0882   -0.0728

   70.0000    0.7514    0.0205

  470.0000   -0.1189   -0.3359

  519.0000    0.4021    0.5519



Node index 35

    2.0000    1.0136   -0.0052

   10.0000    1.4908    0.3434

   22.0000    1.5156    0.1488

   72.0000   -0.0198    0.1818

   74.0000    1.1524    0.2539

[0, 0.5, 0.59999999999999998, 0.69999999999999996, 0.80000000000000004, 0.90000000000000002]
Looking for 0.5
Node index 31

    7.0000    0.4926    0.2545

   52.0000    0.0882   -0.0728

  470.0000   -0.1189   -0.3359

  471.0000   -0.0855   -0.2581

  519.0000    0.4021    0.5519



Node index 35

    2.0000    1.0136   -0.0052

   10.0000    1.4908    0.3434

   22.0000    1.5156    0.1488

   72.0000   -0.0198    0.1818

   74.0000    1.1524    0.2539

[0, 0.5, 0.59999999999999998, 0.69999999999999996, 0.80000000000000004, 0.90000000000000002]
Looking for 0.6
Node index 31

   52.0000    0.0882   -0.0728

   70.0000    0.7514    0.0205

  470.0000   -0.1189   -0.3359

  471.0000   -0.0855   -0.2581

  519.0000    0.4021    0.5519



Node index 35

    2.0000    1.0136   -0.0052

   10.0000    1.4908    0.3434

   22.0000    1.5156    0.1488

   72.0000   -0.0198    0.1818

   74.0000    1.1524    0.2539

[0, 0.5, 0.59999999999999998, 0.69999999999999996, 0.80000000000000004, 0.90000000000000002]
Looking for 0.7
Node index 31

    7.0000    0.4926    0.2545

   52.0000    0.0882   -0.0728

   70.0000    0.7514    0.0205

  470.0000   -0.1189   -0.3359

  471.0000   -0.0855   -0.2581

  519.0000    0.4021    0.5519



Node index 35

    2.0000    1.0136   -0.0052

   10.0000    1.4908    0.3434

   22.0000    1.5156    0.1488

[0, 0.5, 0.59999999999999998, 0.69999999999999996, 0.80000000000000004, 0.90000000000000002]
Looking for 0.0
Node index 31

    7.0000    0.4926    0.2545

   52.0000    0.0882   -0.0728

   70.0000    0.7514    0.0205

  470.0000   -0.1189   -0.3359

  471.0000   -0.0855   -0.2581

  519.0000    0.4021    0.5519



Node index 35

    2.0000    1.0136   -0.0052

   10.0000    1.4908    0.3434

   22.0000    1.5156    0.1488

   72.0000   -0.0198    0.1818

   74.0000    1.1524    0.2539

[0, 0.5, 0.59999999999999998, 0.69999999999999996, 0.80000000000000004, 0.90000000000000002]
Looking for 0.5
Node index 31

    7.0000    0.4926    0.2545

   52.0000    0.0882   -0.0728

   70.0000    0.7514    0.0205

  470.0000   -0.1189   -0.3359

  471.0000   -0.0855   -0.2581

  519.0000    0.4021    0.5519



Node index 35

    2.0000    1.0136   -0.0052

   10.0000    1.4908    0.3434

   22.0000    1.5156    0.1488

   72.0000   -0.0198    0.1818

   74.0000    1.1524    0.2539

[0, 0.5, 0.59999999999999998, 0.69999999999999996, 0.80000000000000004, 0.90000000000000002]
Looking for 0.6
Node index 31

    7.0000    0.4926    0.2545

   52.0000    0.0882   -0.0728

   70.0000    0.7514    0.0205

  470.0000   -0.1189   -0.3359

  471.0000   -0.0855   -0.2581

  519.0000    0.4021    0.5519



Node index 35

    2.0000    1.0136   -0.0052

   10.0000    1.4908    0.3434

   22.0000    1.5156    0.1488

   72.0000   -0.0198    0.1818

   74.0000    1.1524    0.2539

[0, 0.5, 0.59999999999999998, 0.69999999999999996, 0.80000000000000004, 0.90000000000000002]
Looking for 0.7
Node index 31

    7.0000    0.4926    0.2545

   52.0000    0.0882   -0.0728

   70.0000    0.7514    0.0205

  470.0000   -0.1189   -0.3359

  471.0000   -0.0855   -0.2581

  519.0000    0.4021    0.5519



Node index 35

    2.0000    1.0136   -0.0052

   10.0000    1.4908    0.3434

   22.0000    1.5156    0.1488

   72.0000   -0.0198    0.1818

   74.0000    1.1524    0.2539

Intersection for confidence 0
[2, 7, 10, 22, 52, 70, 72, 74, 470, 519]
Intersection for confidence 0.5
[2, 7, 10, 22, 52, 72, 74, 470, 471, 519]
Intersection for confidence 0.6
[2, 10, 22, 52, 70, 72, 74, 470, 471, 519]
Intersection for confidence 0.7
[7, 10, 22, 52, 70, 470, 471]
Intersection for confidence 0.8
[]
Intersection for confidence 0.9
[]
