!!!!below quality measures have been removed due to insufficient data!!!!!!!!!!!!
binThreshold:30
crowdsource cutoff:0.8
using confidence:1
Number of bins: 31
Average bin size: 1.683871e+01

Using 0.050000 threshold of 0.245950
Using 0.100000 threshold of 0.191436
Using 0.150000 threshold of 0.170201
Eliminated 0 points for FPR=0.050000
Eliminated 0 points for FPR=0.100000
Eliminated 0 points for FPR=0.150000
Completed iteration 1

Using 0.050000 threshold of 0.285449
Using 0.100000 threshold of 0.113728
Using 0.150000 threshold of 0.111558
Eliminated 0 points for FPR=0.050000
Eliminated 0 points for FPR=0.100000
Eliminated 0 points for FPR=0.150000
Completed iteration 2

Using 0.050000 threshold of 0.365086
Using 0.100000 threshold of 0.232858
Using 0.150000 threshold of 0.195093
Eliminated 0 points for FPR=0.050000
Eliminated 0 points for FPR=0.100000
Eliminated 0 points for FPR=0.150000
Completed iteration 3

Using 0.050000 threshold of 0.407465
Using 0.100000 threshold of 0.237820
Using 0.150000 threshold of 0.179868
Eliminated 0 points for FPR=0.050000
Eliminated 0 points for FPR=0.100000
Eliminated 0 points for FPR=0.150000
Completed iteration 4

Using 0.050000 threshold of 0.172413
Using 0.100000 threshold of 0.159882
Using 0.150000 threshold of 0.101353
Eliminated 0 points for FPR=0.050000
Eliminated 0 points for FPR=0.100000
Eliminated 0 points for FPR=0.150000
Completed iteration 5

Using 0.050000 threshold of 0.190869
Using 0.100000 threshold of 0.084117
Using 0.150000 threshold of 0.069453
Eliminated 0 points for FPR=0.050000
Eliminated 0 points for FPR=0.100000
Eliminated 0 points for FPR=0.150000
Completed iteration 6

Using 0.050000 threshold of 0.236058
Using 0.100000 threshold of 0.177820
Using 0.150000 threshold of 0.169685
Eliminated 0 points for FPR=0.050000
Eliminated 0 points for FPR=0.100000
Eliminated 0 points for FPR=0.150000
Completed iteration 7

Using 0.050000 threshold of 0.418494
Using 0.100000 threshold of 0.327936
Using 0.150000 threshold of 0.271835
Eliminated 0 points for FPR=0.050000
Eliminated 0 points for FPR=0.100000
Eliminated 0 points for FPR=0.150000
Completed iteration 8

Using 0.050000 threshold of 0.289652
Using 0.100000 threshold of 0.265689
Using 0.150000 threshold of 0.123518
Eliminated 0 points for FPR=0.050000
Eliminated 0 points for FPR=0.100000
Eliminated 0 points for FPR=0.150000
Completed iteration 9

Using 0.050000 threshold of 0.418247
Using 0.100000 threshold of 0.245887
Using 0.150000 threshold of 0.130766
Eliminated 0 points for FPR=0.050000
Eliminated 0 points for FPR=0.100000
Eliminated 0 points for FPR=0.150000
Completed iteration 10

Using 0.050000 threshold of 0.317879
Using 0.100000 threshold of 0.258903
Using 0.150000 threshold of 0.120485
Eliminated 0 points for FPR=0.050000
Eliminated 0 points for FPR=0.100000
Eliminated 0 points for FPR=0.150000
Completed iteration 11

Using 0.050000 threshold of 0.267290
Using 0.100000 threshold of 0.209614
Using 0.150000 threshold of 0.143942
Eliminated 0 points for FPR=0.050000
Eliminated 0 points for FPR=0.100000
Eliminated 0 points for FPR=0.150000
Completed iteration 12

Using 0.050000 threshold of 0.277580
Using 0.100000 threshold of 0.178364
Using 0.150000 threshold of 0.126080
Eliminated 0 points for FPR=0.050000
Eliminated 0 points for FPR=0.100000
Eliminated 0 points for FPR=0.150000
Completed iteration 13

Using 0.050000 threshold of 0.198705
Using 0.100000 threshold of 0.177389
Using 0.150000 threshold of 0.131142
Eliminated 0 points for FPR=0.050000
Eliminated 0 points for FPR=0.100000
Eliminated 0 points for FPR=0.150000
Completed iteration 14

Using 0.050000 threshold of 0.382929
Using 0.100000 threshold of 0.337108
Using 0.150000 threshold of 0.184074
Eliminated 0 points for FPR=0.050000
Eliminated 0 points for FPR=0.100000
Eliminated 0 points for FPR=0.150000
Completed iteration 15

Using 0.050000 threshold of 0.246336
Using 0.100000 threshold of 0.201065
Using 0.150000 threshold of 0.128668
Eliminated 0 points for FPR=0.050000
Eliminated 0 points for FPR=0.100000
Eliminated 0 points for FPR=0.150000
Completed iteration 16

Using 0.050000 threshold of 0.164988
Using 0.100000 threshold of 0.154084
Using 0.150000 threshold of 0.106336
Eliminated 0 points for FPR=0.050000
Eliminated 0 points for FPR=0.100000
Eliminated 0 points for FPR=0.150000
Completed iteration 17

Using 0.050000 threshold of 0.275243
Using 0.100000 threshold of 0.229292
Using 0.150000 threshold of 0.187909
Eliminated 0 points for FPR=0.050000
Eliminated 0 points for FPR=0.100000
Eliminated 0 points for FPR=0.150000
Completed iteration 18

Using 0.050000 threshold of 0.310672
Using 0.100000 threshold of 0.245487
Using 0.150000 threshold of 0.149086
Eliminated 0 points for FPR=0.050000
Eliminated 0 points for FPR=0.100000
Eliminated 0 points for FPR=0.150000
Completed iteration 19

Using 0.050000 threshold of 0.206306
Using 0.100000 threshold of 0.201170
Using 0.150000 threshold of 0.147566
Eliminated 0 points for FPR=0.050000
Eliminated 0 points for FPR=0.100000
Eliminated 0 points for FPR=0.150000
Completed iteration 20

Using 0.050000 threshold of 0.281897
Using 0.100000 threshold of 0.189506
Using 0.150000 threshold of 0.148044
Eliminated 0 points for FPR=0.050000
Eliminated 0 points for FPR=0.100000
Eliminated 0 points for FPR=0.150000
Completed iteration 21

Using 0.050000 threshold of 0.308458
Using 0.100000 threshold of 0.291385
Using 0.150000 threshold of 0.223187
Eliminated 0 points for FPR=0.050000
Eliminated 0 points for FPR=0.100000
Eliminated 0 points for FPR=0.150000
Completed iteration 22

Using 0.050000 threshold of 0.337328
Using 0.100000 threshold of 0.211164
Using 0.150000 threshold of 0.108459
Eliminated 0 points for FPR=0.050000
Eliminated 0 points for FPR=0.100000
Eliminated 0 points for FPR=0.150000
Completed iteration 23

Using 0.050000 threshold of 0.329023
Using 0.100000 threshold of 0.240236
Using 0.150000 threshold of 0.199292
Eliminated 0 points for FPR=0.050000
Eliminated 0 points for FPR=0.100000
Eliminated 0 points for FPR=0.150000
Completed iteration 24

Using 0.050000 threshold of 0.207177
Using 0.100000 threshold of 0.131921
Using 0.150000 threshold of 0.112708
Eliminated 0 points for FPR=0.050000
Eliminated 0 points for FPR=0.100000
Eliminated 0 points for FPR=0.150000
Completed iteration 25

Using 0.050000 threshold of 0.327868
Using 0.100000 threshold of 0.248028
Using 0.150000 threshold of 0.214658
Eliminated 0 points for FPR=0.050000
Eliminated 0 points for FPR=0.100000
Eliminated 0 points for FPR=0.150000
Completed iteration 26

Using 0.050000 threshold of 0.142495
Using 0.100000 threshold of 0.106355
Using 0.150000 threshold of 0.104431
Eliminated 0 points for FPR=0.050000
Eliminated 0 points for FPR=0.100000
Eliminated 0 points for FPR=0.150000
Completed iteration 27

Using 0.050000 threshold of 0.325704
Using 0.100000 threshold of 0.179657
Using 0.150000 threshold of 0.109802
Eliminated 0 points for FPR=0.050000
Eliminated 0 points for FPR=0.100000
Eliminated 0 points for FPR=0.150000
Completed iteration 28

Using 0.050000 threshold of 0.291088
Using 0.100000 threshold of 0.244122
Using 0.150000 threshold of 0.151533
Eliminated 0 points for FPR=0.050000
Eliminated 0 points for FPR=0.100000
Eliminated 0 points for FPR=0.150000
Completed iteration 29

Using 0.050000 threshold of 0.389884
Using 0.100000 threshold of 0.289236
Using 0.150000 threshold of 0.184320
Eliminated 0 points for FPR=0.050000
Eliminated 0 points for FPR=0.100000
Eliminated 0 points for FPR=0.150000
Completed iteration 30
Overall results, FPR=0.050000
Confidence threshold=0
Interpolation failed - throwing out 1 points
Interpolation failed - throwing out 2 points
TPR Info by Lines: FPR Threshold/TPR/TPR STD ERR/TPR STD
    0.0500    0.1000    0.1500
    0.3108    0.3773    0.4164
    0.0360    0.0443    0.0446
    0.0360    0.0443    0.0446

Prediction points: 130.000000 (stddev 0.000000)
Individual AUCs:
    0.5901
    0.5813
    0.6335
    0.6568
    0.6968
    0.6300
    0.6458
    0.6470
    0.6875
    0.6508
    0.6098
    0.7213
    0.6129
    0.6419
    0.6293
    0.7128
    0.6422
    0.6082
    0.6718
    0.6445
    0.7637
    0.6254
    0.6517
    0.6279
    0.4147
    0.7029
    0.6446
    0.6717
    0.6036
    0.7179

p-value (Wilcoxon signed ranked test): 0.000002
AUC ave err std
    0.6446

    0.0605

    0.0605

Precision / Recall macro
    0.9456    0.2890

Precision / Recall micro
    0.9362    0.2889

Std devs
    0.0565    0.0871

Overall results, FPR=0.100000
Confidence threshold=0
Interpolation failed - throwing out 1 points
Interpolation failed - throwing out 2 points
TPR Info by Lines: FPR Threshold/TPR/TPR STD ERR/TPR STD
    0.0500    0.1000    0.1500
    0.3108    0.3773    0.4164
    0.0360    0.0443    0.0446
    0.0360    0.0443    0.0446

Prediction points: 130.000000 (stddev 0.000000)
Individual AUCs:
    0.5901
    0.5813
    0.6335
    0.6568
    0.6968
    0.6300
    0.6458
    0.6470
    0.6875
    0.6508
    0.6098
    0.7213
    0.6129
    0.6419
    0.6293
    0.7128
    0.6422
    0.6082
    0.6718
    0.6445
    0.7637
    0.6254
    0.6517
    0.6279
    0.4147
    0.7029
    0.6446
    0.6717
    0.6036
    0.7179

p-value (Wilcoxon signed ranked test): 0.000002
AUC ave err std
    0.6446

    0.0605

    0.0605

Precision / Recall macro
    0.9155    0.3683

Precision / Recall micro
    0.9057    0.3680

Std devs
    0.0697    0.0735

Overall results, FPR=0.150000
Confidence threshold=0
Interpolation failed - throwing out 1 points
Interpolation failed - throwing out 2 points
TPR Info by Lines: FPR Threshold/TPR/TPR STD ERR/TPR STD
    0.0500    0.1000    0.1500
    0.3108    0.3773    0.4164
    0.0360    0.0443    0.0446
    0.0360    0.0443    0.0446

Prediction points: 130.000000 (stddev 0.000000)
Individual AUCs:
    0.5901
    0.5813
    0.6335
    0.6568
    0.6968
    0.6300
    0.6458
    0.6470
    0.6875
    0.6508
    0.6098
    0.7213
    0.6129
    0.6419
    0.6293
    0.7128
    0.6422
    0.6082
    0.6718
    0.6445
    0.7637
    0.6254
    0.6517
    0.6279
    0.4147
    0.7029
    0.6446
    0.6717
    0.6036
    0.7179

p-value (Wilcoxon signed ranked test): 0.000002
AUC ave err std
    0.6446

    0.0605

    0.0605

Precision / Recall macro
    0.8853    0.4325

Precision / Recall micro
    0.8779    0.4323

Std devs
    0.0603    0.0747


Using 0.050000 threshold of 0.358451
Using 0.100000 threshold of 0.273992
Using 0.150000 threshold of 0.164251
Eliminated 55 points for FPR=0.050000
Eliminated 46 points for FPR=0.100000
Eliminated 42 points for FPR=0.150000
Completed iteration 1

Using 0.050000 threshold of 0.475571
Using 0.100000 threshold of 0.234961
Using 0.150000 threshold of 0.193992
Eliminated 64 points for FPR=0.050000
Eliminated 45 points for FPR=0.100000
Eliminated 45 points for FPR=0.150000
Completed iteration 2

Using 0.050000 threshold of 0.288525
Using 0.100000 threshold of 0.262988
Using 0.150000 threshold of 0.182679
Eliminated 45 points for FPR=0.050000
Eliminated 63 points for FPR=0.100000
Eliminated 45 points for FPR=0.150000
Completed iteration 3

Using 0.050000 threshold of 0.225201
Using 0.100000 threshold of 0.201826
Using 0.150000 threshold of 0.142921
Eliminated 61 points for FPR=0.050000
Eliminated 61 points for FPR=0.100000
Eliminated 55 points for FPR=0.150000
Completed iteration 4

Using 0.050000 threshold of 0.285205
Using 0.100000 threshold of 0.233509
Using 0.150000 threshold of 0.149038
Eliminated 68 points for FPR=0.050000
Eliminated 68 points for FPR=0.100000
Eliminated 68 points for FPR=0.150000
Completed iteration 5

Using 0.050000 threshold of 0.333738
Using 0.100000 threshold of 0.242775
Using 0.150000 threshold of 0.208037
Eliminated 52 points for FPR=0.050000
Eliminated 52 points for FPR=0.100000
Eliminated 52 points for FPR=0.150000
Completed iteration 6

Using 0.050000 threshold of 0.213907
Using 0.100000 threshold of 0.130965
Using 0.150000 threshold of 0.129476
Eliminated 40 points for FPR=0.050000
Eliminated 36 points for FPR=0.100000
Eliminated 39 points for FPR=0.150000
Completed iteration 7

Using 0.050000 threshold of 0.250254
Using 0.100000 threshold of 0.238057
Using 0.150000 threshold of 0.193580
Eliminated 59 points for FPR=0.050000
Eliminated 72 points for FPR=0.100000
Eliminated 60 points for FPR=0.150000
Completed iteration 8

Using 0.050000 threshold of 0.261740
Using 0.100000 threshold of 0.154179
Using 0.150000 threshold of 0.140271
Eliminated 67 points for FPR=0.050000
Eliminated 61 points for FPR=0.100000
Eliminated 45 points for FPR=0.150000
Completed iteration 9

Using 0.050000 threshold of 0.246825
Using 0.100000 threshold of 0.197308
Using 0.150000 threshold of 0.176153
Eliminated 54 points for FPR=0.050000
Eliminated 54 points for FPR=0.100000
Eliminated 51 points for FPR=0.150000
Completed iteration 10

Using 0.050000 threshold of 0.255627
Using 0.100000 threshold of 0.093739
Using 0.150000 threshold of 0.089172
Eliminated 71 points for FPR=0.050000
Eliminated 48 points for FPR=0.100000
Eliminated 54 points for FPR=0.150000
Completed iteration 11

Using 0.050000 threshold of 0.444634
Using 0.100000 threshold of 0.402652
Using 0.150000 threshold of 0.353627
Eliminated 62 points for FPR=0.050000
Eliminated 56 points for FPR=0.100000
Eliminated 56 points for FPR=0.150000
Completed iteration 12

Using 0.050000 threshold of 0.215918
Using 0.100000 threshold of 0.180941
Using 0.150000 threshold of 0.171449
Eliminated 66 points for FPR=0.050000
Eliminated 46 points for FPR=0.100000
Eliminated 62 points for FPR=0.150000
Completed iteration 13

Using 0.050000 threshold of 0.130665
Using 0.100000 threshold of 0.129159
Using 0.150000 threshold of 0.128586
Eliminated 46 points for FPR=0.050000
Eliminated 46 points for FPR=0.100000
Eliminated 50 points for FPR=0.150000
Completed iteration 14

Using 0.050000 threshold of 0.518414
Using 0.100000 threshold of 0.339556
Using 0.150000 threshold of 0.133838
Eliminated 109 points for FPR=0.050000
Eliminated 62 points for FPR=0.100000
Eliminated 44 points for FPR=0.150000
Completed iteration 15

Using 0.050000 threshold of 0.296233
Using 0.100000 threshold of 0.247455
Using 0.150000 threshold of 0.130376
Eliminated 60 points for FPR=0.050000
Eliminated 65 points for FPR=0.100000
Eliminated 40 points for FPR=0.150000
Completed iteration 16

Using 0.050000 threshold of 0.198360
Using 0.100000 threshold of 0.162157
Using 0.150000 threshold of 0.142224
Eliminated 65 points for FPR=0.050000
Eliminated 60 points for FPR=0.100000
Eliminated 53 points for FPR=0.150000
Completed iteration 17

Using 0.050000 threshold of 0.397056
Using 0.100000 threshold of 0.271202
Using 0.150000 threshold of 0.207536
Eliminated 83 points for FPR=0.050000
Eliminated 65 points for FPR=0.100000
Eliminated 63 points for FPR=0.150000
Completed iteration 18

Using 0.050000 threshold of 0.522503
Using 0.100000 threshold of 0.244919
Using 0.150000 threshold of 0.166172
Eliminated 90 points for FPR=0.050000
Eliminated 57 points for FPR=0.100000
Eliminated 39 points for FPR=0.150000
Completed iteration 19

Using 0.050000 threshold of 0.264134
Using 0.100000 threshold of 0.118690
Using 0.150000 threshold of 0.104237
Eliminated 66 points for FPR=0.050000
Eliminated 54 points for FPR=0.100000
Eliminated 54 points for FPR=0.150000
Completed iteration 20

Using 0.050000 threshold of 0.261467
Using 0.100000 threshold of 0.171629
Using 0.150000 threshold of 0.161621
Eliminated 48 points for FPR=0.050000
Eliminated 50 points for FPR=0.100000
Eliminated 55 points for FPR=0.150000
Completed iteration 21

Using 0.050000 threshold of 0.330827
Using 0.100000 threshold of 0.252694
Using 0.150000 threshold of 0.230969
Eliminated 49 points for FPR=0.050000
Eliminated 45 points for FPR=0.100000
Eliminated 45 points for FPR=0.150000
Completed iteration 22

Using 0.050000 threshold of 0.236063
Using 0.100000 threshold of 0.143609
Using 0.150000 threshold of 0.133905
Eliminated 72 points for FPR=0.050000
Eliminated 60 points for FPR=0.100000
Eliminated 55 points for FPR=0.150000
Completed iteration 23

Using 0.050000 threshold of 0.281465
Using 0.100000 threshold of 0.239899
Using 0.150000 threshold of 0.207326
Eliminated 66 points for FPR=0.050000
Eliminated 66 points for FPR=0.100000
Eliminated 60 points for FPR=0.150000
Completed iteration 24

Using 0.050000 threshold of 0.387739
Using 0.100000 threshold of 0.314877
Using 0.150000 threshold of 0.291094
Eliminated 86 points for FPR=0.050000
Eliminated 81 points for FPR=0.100000
Eliminated 81 points for FPR=0.150000
Completed iteration 25

Using 0.050000 threshold of 0.246736
Using 0.100000 threshold of 0.151179
Using 0.150000 threshold of 0.134736
Eliminated 30 points for FPR=0.050000
Eliminated 27 points for FPR=0.100000
Eliminated 28 points for FPR=0.150000
Completed iteration 26

Using 0.050000 threshold of 0.151679
Using 0.100000 threshold of 0.132024
Using 0.150000 threshold of 0.105067
Eliminated 41 points for FPR=0.050000
Eliminated 41 points for FPR=0.100000
Eliminated 31 points for FPR=0.150000
Completed iteration 27

Using 0.050000 threshold of 0.447575
Using 0.100000 threshold of 0.190513
Using 0.150000 threshold of 0.101025
Eliminated 80 points for FPR=0.050000
Eliminated 62 points for FPR=0.100000
Eliminated 40 points for FPR=0.150000
Completed iteration 28

Using 0.050000 threshold of 0.317506
Using 0.100000 threshold of 0.240823
Using 0.150000 threshold of 0.233532
Eliminated 71 points for FPR=0.050000
Eliminated 59 points for FPR=0.100000
Eliminated 59 points for FPR=0.150000
Completed iteration 29

Using 0.050000 threshold of 0.285752
Using 0.100000 threshold of 0.163550
Using 0.150000 threshold of 0.153426
Eliminated 52 points for FPR=0.050000
Eliminated 39 points for FPR=0.100000
Eliminated 46 points for FPR=0.150000
Completed iteration 30
Overall results, FPR=0.050000
Confidence threshold=0.5
Interpolation failed - throwing out 1 points
Interpolation failed - throwing out 2 points
Interpolation failed - throwing out 3 points
Interpolation failed - throwing out 4 points
TPR Info by Lines: FPR Threshold/TPR/TPR STD ERR/TPR STD
    0.0500    0.1000    0.1500
    0.3781    0.4668    0.5477
    0.0471    0.0565    0.0766
    0.0471    0.0565    0.0766

Prediction points: 67.400000 (stddev 16.497858)
Individual AUCs:
    0.7216
    0.6399
    0.7367
    0.6561
    0.7891
    0.6056
    0.6298
    0.7105
    0.6809
    0.6803
    0.7348
    0.6156
    0.7676
    0.4664
    0.6324
    0.8080
    0.8511
    0.8375
    0.5893
    0.7262
    0.7674
    0.6382
    0.6815
    0.6912
    0.8209
    0.6911
    0.7385
    0.8550
    0.7355
    0.6220

p-value (Wilcoxon signed ranked test): 0.000002
AUC ave err std
    0.7040

    0.0879

    0.0879

Precision / Recall macro
    0.9444    0.2307

Precision / Recall micro
    0.9393    0.2311

Std devs
    0.0446    0.0836

Overall results, FPR=0.100000
Confidence threshold=0.5
Interpolation failed - throwing out 1 points
Interpolation failed - throwing out 2 points
Interpolation failed - throwing out 3 points
Interpolation failed - throwing out 4 points
TPR Info by Lines: FPR Threshold/TPR/TPR STD ERR/TPR STD
    0.0500    0.1000    0.1500
    0.3767    0.4655    0.5318
    0.0438    0.0521    0.0635
    0.0438    0.0521    0.0635

Prediction points: 75.100000 (stddev 11.573900)
Individual AUCs:
    0.6486
    0.6460
    0.7655
    0.6561
    0.7891
    0.6056
    0.6368
    0.7545
    0.6663
    0.6803
    0.7178
    0.6250
    0.7029
    0.4664
    0.6084
    0.8330
    0.8080
    0.7640
    0.6715
    0.6661
    0.7659
    0.6440
    0.6920
    0.6912
    0.8243
    0.6814
    0.7385
    0.8730
    0.6845
    0.6172

p-value (Wilcoxon signed ranked test): 0.000002
AUC ave err std
    0.6975

    0.0837

    0.0837

Precision / Recall macro
    0.9162    0.3046

Precision / Recall micro
    0.9159    0.3057

Std devs
    0.0568    0.0544

Overall results, FPR=0.150000
Confidence threshold=0.5
Interpolation failed - throwing out 1 points
Interpolation failed - throwing out 2 points
Interpolation failed - throwing out 3 points
Interpolation failed - throwing out 4 points
TPR Info by Lines: FPR Threshold/TPR/TPR STD ERR/TPR STD
    0.0500    0.1000    0.1500
    0.3624    0.4535    0.5250
    0.0432    0.0516    0.0541
    0.0432    0.0516    0.0541

Prediction points: 79.433333 (stddev 11.031876)
Individual AUCs:
    0.6836
    0.6460
    0.7367
    0.6569
    0.7891
    0.6056
    0.6419
    0.6978
    0.6603
    0.6608
    0.7531
    0.6250
    0.7594
    0.4590
    0.6143
    0.8200
    0.7702
    0.7607
    0.6967
    0.6661
    0.7549
    0.6440
    0.6765
    0.6945
    0.8243
    0.6870
    0.7144
    0.7569
    0.6845
    0.6461

p-value (Wilcoxon signed ranked test): 0.000002
AUC ave err std
    0.6929

    0.0740

    0.0740

Precision / Recall macro
    0.8899    0.3385

Precision / Recall micro
    0.8891    0.3391

Std devs
    0.0504    0.0609


Using 0.050000 threshold of 0.209545
Using 0.100000 threshold of 0.134583
Using 0.150000 threshold of 0.130889
Eliminated 68 points for FPR=0.050000
Eliminated 52 points for FPR=0.100000
Eliminated 52 points for FPR=0.150000
Completed iteration 1

Using 0.050000 threshold of 0.350295
Using 0.100000 threshold of 0.176356
Using 0.150000 threshold of 0.146993
Eliminated 77 points for FPR=0.050000
Eliminated 56 points for FPR=0.100000
Eliminated 45 points for FPR=0.150000
Completed iteration 2

Using 0.050000 threshold of 0.475387
Using 0.100000 threshold of 0.292448
Using 0.150000 threshold of 0.246825
Eliminated 109 points for FPR=0.050000
Eliminated 80 points for FPR=0.100000
Eliminated 80 points for FPR=0.150000
Completed iteration 3

Using 0.050000 threshold of 0.291275
Using 0.100000 threshold of 0.192854
Using 0.150000 threshold of 0.172349
Eliminated 107 points for FPR=0.050000
Eliminated 71 points for FPR=0.100000
Eliminated 64 points for FPR=0.150000
Completed iteration 4

Using 0.050000 threshold of 0.286621
Using 0.100000 threshold of 0.224377
Using 0.150000 threshold of 0.140394
Eliminated 86 points for FPR=0.050000
Eliminated 85 points for FPR=0.100000
Eliminated 77 points for FPR=0.150000
Completed iteration 5

Using 0.050000 threshold of 0.304650
Using 0.100000 threshold of 0.263066
Using 0.150000 threshold of 0.206789
Eliminated 85 points for FPR=0.050000
Eliminated 85 points for FPR=0.100000
Eliminated 54 points for FPR=0.150000
Completed iteration 6

Using 0.050000 threshold of 0.291587
Using 0.100000 threshold of 0.226918
Using 0.150000 threshold of 0.202840
Eliminated 78 points for FPR=0.050000
Eliminated 75 points for FPR=0.100000
Eliminated 75 points for FPR=0.150000
Completed iteration 7

Using 0.050000 threshold of 0.333970
Using 0.100000 threshold of 0.325111
Using 0.150000 threshold of 0.180877
Eliminated 108 points for FPR=0.050000
Eliminated 108 points for FPR=0.100000
Eliminated 78 points for FPR=0.150000
Completed iteration 8

Using 0.050000 threshold of 0.258808
Using 0.100000 threshold of 0.178361
Using 0.150000 threshold of 0.141290
Eliminated 83 points for FPR=0.050000
Eliminated 75 points for FPR=0.100000
Eliminated 80 points for FPR=0.150000
Completed iteration 9

Using 0.050000 threshold of 0.372765
Using 0.100000 threshold of 0.322407
Using 0.150000 threshold of 0.264135
Eliminated 58 points for FPR=0.050000
Eliminated 58 points for FPR=0.100000
Eliminated 52 points for FPR=0.150000
Completed iteration 10

Using 0.050000 threshold of 0.357159
Using 0.100000 threshold of 0.189070
Using 0.150000 threshold of 0.166620
Eliminated 113 points for FPR=0.050000
Eliminated 67 points for FPR=0.100000
Eliminated 70 points for FPR=0.150000
Completed iteration 11

Using 0.050000 threshold of 0.253578
Using 0.100000 threshold of 0.198797
Using 0.150000 threshold of 0.195464
Eliminated 91 points for FPR=0.050000
Eliminated 71 points for FPR=0.100000
Eliminated 71 points for FPR=0.150000
Completed iteration 12

Using 0.050000 threshold of 0.335823
Using 0.100000 threshold of 0.170461
Using 0.150000 threshold of 0.134137
Eliminated 81 points for FPR=0.050000
Eliminated 60 points for FPR=0.100000
Eliminated 60 points for FPR=0.150000
Completed iteration 13

Using 0.050000 threshold of 0.286575
Using 0.100000 threshold of 0.176151
Using 0.150000 threshold of 0.143680
Eliminated 73 points for FPR=0.050000
Eliminated 66 points for FPR=0.100000
Eliminated 60 points for FPR=0.150000
Completed iteration 14

Using 0.050000 threshold of 0.403910
Using 0.100000 threshold of 0.238696
Using 0.150000 threshold of 0.130860
Eliminated 104 points for FPR=0.050000
Eliminated 68 points for FPR=0.100000
Eliminated 57 points for FPR=0.150000
Completed iteration 15

Using 0.050000 threshold of 0.312787
Using 0.100000 threshold of 0.274495
Using 0.150000 threshold of 0.198874
Eliminated 61 points for FPR=0.050000
Eliminated 61 points for FPR=0.100000
Eliminated 57 points for FPR=0.150000
Completed iteration 16

Using 0.050000 threshold of 0.459447
Using 0.100000 threshold of 0.430198
Using 0.150000 threshold of 0.154405
Eliminated 130 points for FPR=0.050000
Not enough valid test points; skipping iteration.

Using 0.050000 threshold of 0.205150
Using 0.100000 threshold of 0.135486
Using 0.150000 threshold of 0.114014
Eliminated 60 points for FPR=0.050000
Eliminated 60 points for FPR=0.100000
Eliminated 65 points for FPR=0.150000
Completed iteration 17

Using 0.050000 threshold of 0.227637
Using 0.100000 threshold of 0.181620
Using 0.150000 threshold of 0.148013
Eliminated 63 points for FPR=0.050000
Eliminated 50 points for FPR=0.100000
Eliminated 50 points for FPR=0.150000
Completed iteration 18

Using 0.050000 threshold of 0.395446
Using 0.100000 threshold of 0.188593
Using 0.150000 threshold of 0.161318
Eliminated 117 points for FPR=0.050000
Eliminated 80 points for FPR=0.100000
Eliminated 80 points for FPR=0.150000
Completed iteration 19

Using 0.050000 threshold of 0.408608
Using 0.100000 threshold of 0.287963
Using 0.150000 threshold of 0.186253
Eliminated 128 points for FPR=0.050000
Not enough valid test points; skipping iteration.

Using 0.050000 threshold of 0.150562
Using 0.100000 threshold of 0.110316
Using 0.150000 threshold of 0.105501
Eliminated 65 points for FPR=0.050000
Eliminated 60 points for FPR=0.100000
Eliminated 63 points for FPR=0.150000
Completed iteration 20

Using 0.050000 threshold of 0.310440
Using 0.100000 threshold of 0.203779
Using 0.150000 threshold of 0.189726
Eliminated 78 points for FPR=0.050000
Eliminated 73 points for FPR=0.100000
Eliminated 74 points for FPR=0.150000
Completed iteration 21

Using 0.050000 threshold of 0.425820
Using 0.100000 threshold of 0.356161
Using 0.150000 threshold of 0.271731
Eliminated 98 points for FPR=0.050000
Eliminated 94 points for FPR=0.100000
Eliminated 64 points for FPR=0.150000
Completed iteration 22

Using 0.050000 threshold of 0.269560
Using 0.100000 threshold of 0.224713
Using 0.150000 threshold of 0.167122
Eliminated 80 points for FPR=0.050000
Eliminated 74 points for FPR=0.100000
Eliminated 63 points for FPR=0.150000
Completed iteration 23

Using 0.050000 threshold of 0.191163
Using 0.100000 threshold of 0.166414
Using 0.150000 threshold of 0.136991
Eliminated 75 points for FPR=0.050000
Eliminated 70 points for FPR=0.100000
Eliminated 70 points for FPR=0.150000
Completed iteration 24

Using 0.050000 threshold of 0.325450
Using 0.100000 threshold of 0.221446
Using 0.150000 threshold of 0.148577
Eliminated 74 points for FPR=0.050000
Eliminated 67 points for FPR=0.100000
Eliminated 67 points for FPR=0.150000
Completed iteration 25

Using 0.050000 threshold of 0.433398
Using 0.100000 threshold of 0.351608
Using 0.150000 threshold of 0.294407
Eliminated 118 points for FPR=0.050000
Eliminated 106 points for FPR=0.100000
Eliminated 81 points for FPR=0.150000
Completed iteration 26

Using 0.050000 threshold of 0.227062
Using 0.100000 threshold of 0.204683
Using 0.150000 threshold of 0.116193
Eliminated 57 points for FPR=0.050000
Eliminated 63 points for FPR=0.100000
Eliminated 60 points for FPR=0.150000
Completed iteration 27

Using 0.050000 threshold of 0.367854
Using 0.100000 threshold of 0.270584
Using 0.150000 threshold of 0.234803
Eliminated 101 points for FPR=0.050000
Eliminated 85 points for FPR=0.100000
Eliminated 53 points for FPR=0.150000
Completed iteration 28

Using 0.050000 threshold of 0.616340
Using 0.100000 threshold of 0.221726
Using 0.150000 threshold of 0.150851
Eliminated 124 points for FPR=0.050000
Not enough valid test points; skipping iteration.

Using 0.050000 threshold of 0.168592
Using 0.100000 threshold of 0.160524
Using 0.150000 threshold of 0.138739
Eliminated 74 points for FPR=0.050000
Eliminated 76 points for FPR=0.100000
Eliminated 52 points for FPR=0.150000
Completed iteration 29

Using 0.050000 threshold of 0.398503
Using 0.100000 threshold of 0.372413
Using 0.150000 threshold of 0.328132
Eliminated 75 points for FPR=0.050000
Eliminated 75 points for FPR=0.100000
Eliminated 70 points for FPR=0.150000
Completed iteration 30
Overall results, FPR=0.050000
Confidence threshold=0.6
Interpolation failed - throwing out 1 points
Interpolation failed - throwing out 2 points
Interpolation failed - throwing out 3 points
Interpolation failed - throwing out 4 points
Interpolation failed - throwing out 5 points
Interpolation failed - throwing out 6 points
Interpolation failed - throwing out 7 points
Interpolation failed - throwing out 8 points
TPR Info by Lines: FPR Threshold/TPR/TPR STD ERR/TPR STD
    0.0500    0.1000    0.1500
    0.4505    0.5857    0.6401
    0.0513    0.0756    0.0851
    0.0513    0.0756    0.0851

Prediction points: 46.100000 (stddev 18.525565)
Individual AUCs:
    0.7473
    0.7527
    0.8500
    0.7368
    0.8381
    0.7909
    0.8534
    1.0000
    0.7421
    0.6465
    0.8667
    0.6981
    0.7117
    0.7657
    0.7714
    0.7514
    0.7385
    0.8776
    0.5833
    0.8636
    0.8896
    0.7576
    0.7425
    0.7850
    0.7535
    0.8519
    0.6686
    0.7262
    0.6989
    0.5325

p-value (Wilcoxon signed ranked test): 0.000002
AUC ave err std
    0.7664

    0.0946

    0.0946

Precision / Recall macro
    0.9546    0.2031

Precision / Recall micro
    0.9424    0.2033

Std devs
    0.0455    0.1059

Overall results, FPR=0.100000
Confidence threshold=0.6
Interpolation failed - throwing out 1 points
Interpolation failed - throwing out 2 points
Interpolation failed - throwing out 3 points
Interpolation failed - throwing out 4 points
Interpolation failed - throwing out 5 points
Interpolation failed - throwing out 6 points
Interpolation failed - throwing out 7 points
TPR Info by Lines: FPR Threshold/TPR/TPR STD ERR/TPR STD
    0.0500    0.1000    0.1500
    0.4179    0.5561    0.6403
    0.0448    0.0612    0.0711
    0.0448    0.0612    0.0711

Prediction points: 57.633333 (stddev 14.011038)
Individual AUCs:
    0.7078
    0.7540
    0.8289
    0.8381
    0.8179
    0.7909
    0.8267
    1.0000
    0.6740
    0.6465
    0.7691
    0.7395
    0.6910
    0.7551
    0.7048
    0.7514
    0.7385
    0.8171
    0.8465
    0.8336
    0.8549
    0.7818
    0.7576
    0.7360
    0.7696
    0.9556
    0.6847
    0.7130
    0.7092
    0.5325

p-value (Wilcoxon signed ranked test): 0.000002
AUC ave err std
    0.7675

    0.0899

    0.0899

Precision / Recall macro
    0.9326    0.2835

Precision / Recall micro
    0.9258    0.2835

Std devs
    0.0537    0.0836

Overall results, FPR=0.150000
Confidence threshold=0.6
Interpolation failed - throwing out 1 points
Interpolation failed - throwing out 2 points
Interpolation failed - throwing out 3 points
Interpolation failed - throwing out 4 points
Interpolation failed - throwing out 5 points
Interpolation failed - throwing out 6 points
Interpolation failed - throwing out 7 points
TPR Info by Lines: FPR Threshold/TPR/TPR STD ERR/TPR STD
    0.0500    0.1000    0.1500
    0.3430    0.5137    0.6044
    0.0387    0.0608    0.0695
    0.0387    0.0608    0.0695

Prediction points: 65.200000 (stddev 10.420140)
Individual AUCs:
    0.7078
    0.7493
    0.8289
    0.8599
    0.8009
    0.7197
    0.8267
    0.8649
    0.6886
    0.6543
    0.7656
    0.7395
    0.6910
    0.7442
    0.6973
    0.7355
    0.7138
    0.8171
    0.8465
    0.8257
    0.8730
    0.8275
    0.7288
    0.7360
    0.7696
    0.7529
    0.6708
    0.7205
    0.6583
    0.5034

p-value (Wilcoxon signed ranked test): 0.000002
AUC ave err std
    0.7506

    0.0792

    0.0792

Precision / Recall macro
    0.8985    0.3417

Precision / Recall micro
    0.8984    0.3421

Std devs
    0.0552    0.0589


Using 0.050000 threshold of 0.443252
Using 0.100000 threshold of 0.401641
Using 0.150000 threshold of 0.242733
Eliminated 82 points for FPR=0.050000
Eliminated 106 points for FPR=0.100000
Eliminated 77 points for FPR=0.150000
Completed iteration 1

Using 0.050000 threshold of 0.320743
Using 0.100000 threshold of 0.227496
Using 0.150000 threshold of 0.096021
Eliminated 104 points for FPR=0.050000
Eliminated 76 points for FPR=0.100000
Eliminated 66 points for FPR=0.150000
Completed iteration 2

Using 0.050000 threshold of 0.128199
Using 0.100000 threshold of 0.121656
Using 0.150000 threshold of 0.121599
Eliminated 110 points for FPR=0.050000
Eliminated 110 points for FPR=0.100000
Eliminated 110 points for FPR=0.150000
Completed iteration 3

Using 0.050000 threshold of 0.365917
Using 0.100000 threshold of 0.343930
Using 0.150000 threshold of 0.074643
Eliminated 105 points for FPR=0.050000
Eliminated 105 points for FPR=0.100000
Eliminated 78 points for FPR=0.150000
Completed iteration 4

Using 0.050000 threshold of 0.167116
Using 0.100000 threshold of 0.157839
Using 0.150000 threshold of 0.118864
Eliminated 71 points for FPR=0.050000
Eliminated 73 points for FPR=0.100000
Eliminated 73 points for FPR=0.150000
Completed iteration 5

Using 0.050000 threshold of 0.258887
Using 0.100000 threshold of 0.207988
Using 0.150000 threshold of 0.175265
Eliminated 92 points for FPR=0.050000
Eliminated 92 points for FPR=0.100000
Eliminated 114 points for FPR=0.150000
Completed iteration 6

Using 0.050000 threshold of 0.371157
Using 0.100000 threshold of 0.345381
Using 0.150000 threshold of 0.327560
Eliminated 80 points for FPR=0.050000
Eliminated 79 points for FPR=0.100000
Eliminated 79 points for FPR=0.150000
Completed iteration 7

Using 0.050000 threshold of 0.420404
Using 0.100000 threshold of 0.313892
Using 0.150000 threshold of 0.208752
Eliminated 84 points for FPR=0.050000
Eliminated 84 points for FPR=0.100000
Eliminated 83 points for FPR=0.150000
Completed iteration 8

Using 0.050000 threshold of 0.269931
Using 0.100000 threshold of 0.239292
Using 0.150000 threshold of 0.219317
Eliminated 83 points for FPR=0.050000
Eliminated 83 points for FPR=0.100000
Eliminated 77 points for FPR=0.150000
Completed iteration 9

Using 0.050000 threshold of 0.357248
Using 0.100000 threshold of 0.134025
Using 0.150000 threshold of 0.077496
Eliminated 112 points for FPR=0.050000
Eliminated 76 points for FPR=0.100000
Eliminated 68 points for FPR=0.150000
Completed iteration 10

Using 0.050000 threshold of 0.289246
Using 0.100000 threshold of 0.178563
Using 0.150000 threshold of 0.139450
Eliminated 82 points for FPR=0.050000
Eliminated 77 points for FPR=0.100000
Eliminated 77 points for FPR=0.150000
Completed iteration 11

Using 0.050000 threshold of 0.208662
Using 0.100000 threshold of 0.127894
Using 0.150000 threshold of 0.086862
Eliminated 68 points for FPR=0.050000
Eliminated 67 points for FPR=0.100000
Eliminated 91 points for FPR=0.150000
Completed iteration 12

Using 0.050000 threshold of 0.251188
Using 0.100000 threshold of 0.142932
Using 0.150000 threshold of 0.128912
Eliminated 87 points for FPR=0.050000
Eliminated 82 points for FPR=0.100000
Eliminated 82 points for FPR=0.150000
Completed iteration 13

Using 0.050000 threshold of 0.210455
Using 0.100000 threshold of 0.155658
Using 0.150000 threshold of 0.094960
Eliminated 81 points for FPR=0.050000
Eliminated 81 points for FPR=0.100000
Eliminated 53 points for FPR=0.150000
Completed iteration 14

Using 0.050000 threshold of 0.192231
Using 0.100000 threshold of 0.166643
Using 0.150000 threshold of 0.155048
Eliminated 79 points for FPR=0.050000
Eliminated 73 points for FPR=0.100000
Eliminated 77 points for FPR=0.150000
Completed iteration 15

Using 0.050000 threshold of 0.216904
Using 0.100000 threshold of 0.177594
Using 0.150000 threshold of 0.137452
Eliminated 92 points for FPR=0.050000
Eliminated 92 points for FPR=0.100000
Eliminated 89 points for FPR=0.150000
Completed iteration 16

Using 0.050000 threshold of 0.296069
Using 0.100000 threshold of 0.111786
Using 0.150000 threshold of 0.084929
Eliminated 62 points for FPR=0.050000
Eliminated 61 points for FPR=0.100000
Eliminated 61 points for FPR=0.150000
Completed iteration 17

Using 0.050000 threshold of 0.311200
Using 0.100000 threshold of 0.247294
Using 0.150000 threshold of 0.224441
Eliminated 106 points for FPR=0.050000
Eliminated 83 points for FPR=0.100000
Eliminated 86 points for FPR=0.150000
Completed iteration 18

Using 0.050000 threshold of 0.352783
Using 0.100000 threshold of 0.182697
Using 0.150000 threshold of 0.122880
Eliminated 124 points for FPR=0.050000
Not enough valid test points; skipping iteration.

Using 0.050000 threshold of 0.381526
Using 0.100000 threshold of 0.253898
Using 0.150000 threshold of 0.242559
Eliminated 105 points for FPR=0.050000
Eliminated 82 points for FPR=0.100000
Eliminated 82 points for FPR=0.150000
Completed iteration 19

Using 0.050000 threshold of 0.172698
Using 0.100000 threshold of 0.104136
Using 0.150000 threshold of 0.096443
Eliminated 99 points for FPR=0.050000
Eliminated 99 points for FPR=0.100000
Eliminated 99 points for FPR=0.150000
Completed iteration 20

Using 0.050000 threshold of 0.199440
Using 0.100000 threshold of 0.180293
Using 0.150000 threshold of 0.130217
Eliminated 88 points for FPR=0.050000
Eliminated 88 points for FPR=0.100000
Eliminated 88 points for FPR=0.150000
Completed iteration 21

Using 0.050000 threshold of 0.396174
Using 0.100000 threshold of 0.208196
Using 0.150000 threshold of 0.168998
Eliminated 116 points for FPR=0.050000
Eliminated 116 points for FPR=0.100000
Eliminated 116 points for FPR=0.150000
Completed iteration 22

Using 0.050000 threshold of 0.189625
Using 0.100000 threshold of 0.178073
Using 0.150000 threshold of 0.149934
Eliminated 74 points for FPR=0.050000
Eliminated 78 points for FPR=0.100000
Eliminated 78 points for FPR=0.150000
Completed iteration 23

Using 0.050000 threshold of 0.156083
Using 0.100000 threshold of 0.115035
Using 0.150000 threshold of 0.111732
Eliminated 78 points for FPR=0.050000
Eliminated 103 points for FPR=0.100000
Eliminated 106 points for FPR=0.150000
Completed iteration 24

Using 0.050000 threshold of 0.281466
Using 0.100000 threshold of 0.237751
Using 0.150000 threshold of 0.188382
Eliminated 84 points for FPR=0.050000
Eliminated 91 points for FPR=0.100000
Eliminated 87 points for FPR=0.150000
Completed iteration 25

Using 0.050000 threshold of 0.257932
Using 0.100000 threshold of 0.169381
Using 0.150000 threshold of 0.144678
Eliminated 84 points for FPR=0.050000
Eliminated 78 points for FPR=0.100000
Eliminated 81 points for FPR=0.150000
Completed iteration 26

Using 0.050000 threshold of 0.251953
Using 0.100000 threshold of 0.178876
Using 0.150000 threshold of 0.124398
Eliminated 90 points for FPR=0.050000
Eliminated 68 points for FPR=0.100000
Eliminated 68 points for FPR=0.150000
Completed iteration 27

Using 0.050000 threshold of 0.197600
Using 0.100000 threshold of 0.134016
Using 0.150000 threshold of 0.105112
Eliminated 95 points for FPR=0.050000
Eliminated 89 points for FPR=0.100000
Eliminated 90 points for FPR=0.150000
Completed iteration 28

Using 0.050000 threshold of 0.253801
Using 0.100000 threshold of 0.182984
Using 0.150000 threshold of 0.118549
Eliminated 104 points for FPR=0.050000
Eliminated 88 points for FPR=0.100000
Eliminated 92 points for FPR=0.150000
Completed iteration 29

Using 0.050000 threshold of 0.410827
Using 0.100000 threshold of 0.309161
Using 0.150000 threshold of 0.269404
Eliminated 103 points for FPR=0.050000
Eliminated 100 points for FPR=0.100000
Eliminated 100 points for FPR=0.150000
Completed iteration 30
Overall results, FPR=0.050000
Confidence threshold=0.7
Interpolation failed - throwing out 1 points
Interpolation failed - throwing out 2 points
Interpolation failed - throwing out 3 points
Interpolation failed - throwing out 4 points
Interpolation failed - throwing out 5 points
Interpolation failed - throwing out 6 points
Interpolation failed - throwing out 7 points
Interpolation failed - throwing out 8 points
Interpolation failed - throwing out 9 points
Interpolation failed - throwing out 10 points
Interpolation failed - throwing out 11 points
Interpolation failed - throwing out 12 points
Interpolation failed - throwing out 13 points
Interpolation failed - throwing out 14 points
TPR Info by Lines: FPR Threshold/TPR/TPR STD ERR/TPR STD
    0.0500    0.1000    0.1500
    0.5528    0.6122    0.6676
    0.0592    0.0708    0.0921
    0.0592    0.0708    0.0921

Prediction points: 40.000000 (stddev 13.858895)
Individual AUCs:
    0.8206
    0.8857
    0.5789
    0.9167
    0.7381
    0.8141
    0.6549
    0.7436
    0.7804
    0.8824
    0.7710
    0.7853
    0.7255
    0.7512
    0.8841
    0.7532
    0.7692
    0.7500
    0.8571
    0.7800
    0.8687
    0.8333
    0.8797
    0.8580
    0.8258
    0.8348
    0.8925
    0.6122
    0.7333
    0.7174

p-value (Wilcoxon signed ranked test): 0.000002
AUC ave err std
    0.7899

    0.0831

    0.0831

Precision / Recall macro
    0.9516    0.2021

Precision / Recall micro
    0.9424    0.2018

Std devs
    0.0512    0.0805

Overall results, FPR=0.100000
Confidence threshold=0.7
Interpolation failed - throwing out 1 points
Interpolation failed - throwing out 2 points
Interpolation failed - throwing out 3 points
Interpolation failed - throwing out 4 points
Interpolation failed - throwing out 5 points
Interpolation failed - throwing out 6 points
Interpolation failed - throwing out 7 points
Interpolation failed - throwing out 8 points
Interpolation failed - throwing out 9 points
TPR Info by Lines: FPR Threshold/TPR/TPR STD ERR/TPR STD
    0.0500    0.1000    0.1500
    0.5099    0.6071    0.6581
    0.0574    0.0708    0.0773
    0.0574    0.0708    0.0773

Prediction points: 44.000000 (stddev 13.377799)
Individual AUCs:
    0.8211
    0.7273
    0.5789
    0.9167
    0.7250
    0.8141
    0.6417
    0.7436
    0.7804
    0.7841
    0.7885
    0.7806
    0.7474
    0.7512
    0.8574
    0.8321
    0.7792
    0.7398
    0.8105
    0.7800
    0.8687
    0.8333
    0.8684
    0.9214
    0.8286
    0.7752
    0.9042
    0.6364
    0.7778
    0.7500

p-value (Wilcoxon signed ranked test): 0.000002
AUC ave err std
    0.7855

    0.0784

    0.0784

Precision / Recall macro
    0.9297    0.2439

Precision / Recall micro
    0.9204    0.2445

Std devs
    0.0606    0.0912

Overall results, FPR=0.150000
Confidence threshold=0.7
Interpolation failed - throwing out 1 points
Interpolation failed - throwing out 2 points
Interpolation failed - throwing out 3 points
Interpolation failed - throwing out 4 points
Interpolation failed - throwing out 5 points
Interpolation failed - throwing out 6 points
Interpolation failed - throwing out 7 points
Interpolation failed - throwing out 8 points
Interpolation failed - throwing out 9 points
Interpolation failed - throwing out 10 points
Interpolation failed - throwing out 11 points
Interpolation failed - throwing out 12 points
Interpolation failed - throwing out 13 points
Interpolation failed - throwing out 14 points
Interpolation failed - throwing out 15 points
TPR Info by Lines: FPR Threshold/TPR/TPR STD ERR/TPR STD
    0.0500    0.1000    0.1500
    0.5090    0.5777    0.6226
    0.0579    0.0623    0.0670
    0.0579    0.0623    0.0670

Prediction points: 45.733333 (stddev 14.998697)
Individual AUCs:
    0.8312
    0.7662
    0.5789
    0.6729
    0.7250
    0.5873
    0.6417
    0.6871
    0.8039
    0.7583
    0.7885
    0.8471
    0.7474
    0.6996
    0.8377
    0.8182
    0.7792
    0.8340
    0.8105
    0.7800
    0.8687
    0.8333
    0.8684
    0.8875
    0.7143
    0.8444
    0.9042
    0.6484
    0.7656
    0.7500

p-value (Wilcoxon signed ranked test): 0.000002
AUC ave err std
    0.7693

    0.0858

    0.0858

Precision / Recall macro
    0.9110    0.2700

Precision / Recall micro
    0.9016    0.2712

Std devs
    0.0612    0.0992


Using 0.050000 threshold of 0.233398
Using 0.100000 threshold of 0.195416
Using 0.150000 threshold of 0.187210
Eliminated 93 points for FPR=0.050000
Eliminated 107 points for FPR=0.100000
Eliminated 102 points for FPR=0.150000
Completed iteration 1

Using 0.050000 threshold of 0.178087
Using 0.100000 threshold of 0.131192
Using 0.150000 threshold of 0.111354
Eliminated 78 points for FPR=0.050000
Eliminated 78 points for FPR=0.100000
Eliminated 75 points for FPR=0.150000
Completed iteration 2

Using 0.050000 threshold of 0.176384
Using 0.100000 threshold of 0.133432
Using 0.150000 threshold of 0.117154
Eliminated 119 points for FPR=0.050000
Eliminated 119 points for FPR=0.100000
Eliminated 121 points for FPR=0.150000
Not enough valid test points; skipping iteration.

Using 0.050000 threshold of 0.461820
Using 0.100000 threshold of 0.255866
Using 0.150000 threshold of 0.195219
Eliminated 111 points for FPR=0.050000
Eliminated 110 points for FPR=0.100000
Eliminated 105 points for FPR=0.150000
Completed iteration 3

Using 0.050000 threshold of 0.275236
Using 0.100000 threshold of 0.194590
Using 0.150000 threshold of 0.113001
Eliminated 95 points for FPR=0.050000
Eliminated 95 points for FPR=0.100000
Eliminated 79 points for FPR=0.150000
Completed iteration 4

Using 0.050000 threshold of 0.181344
Using 0.100000 threshold of 0.131288
Using 0.150000 threshold of 0.120690
Eliminated 94 points for FPR=0.050000
Eliminated 98 points for FPR=0.100000
Eliminated 98 points for FPR=0.150000
Completed iteration 5

Using 0.050000 threshold of 0.335549
Using 0.100000 threshold of 0.230566
Using 0.150000 threshold of 0.227417
Eliminated 90 points for FPR=0.050000
Eliminated 69 points for FPR=0.100000
Eliminated 69 points for FPR=0.150000
Completed iteration 6

Using 0.050000 threshold of 0.482040
Using 0.100000 threshold of 0.279961
Using 0.150000 threshold of 0.226015
Eliminated 111 points for FPR=0.050000
Eliminated 111 points for FPR=0.100000
Eliminated 111 points for FPR=0.150000
Completed iteration 7

Using 0.050000 threshold of 0.197000
Using 0.100000 threshold of 0.158156
Using 0.150000 threshold of 0.129778
Eliminated 105 points for FPR=0.050000
Eliminated 109 points for FPR=0.100000
Eliminated 109 points for FPR=0.150000
Completed iteration 8

Using 0.050000 threshold of 0.312507
Using 0.100000 threshold of 0.141200
Using 0.150000 threshold of 0.126067
Eliminated 101 points for FPR=0.050000
Eliminated 78 points for FPR=0.100000
Eliminated 78 points for FPR=0.150000
Completed iteration 9

Using 0.050000 threshold of 0.459428
Using 0.100000 threshold of 0.448835
Using 0.150000 threshold of 0.415727
Eliminated 113 points for FPR=0.050000
Eliminated 113 points for FPR=0.100000
Eliminated 113 points for FPR=0.150000
Completed iteration 10

Using 0.050000 threshold of 0.299729
Using 0.100000 threshold of 0.219165
Using 0.150000 threshold of 0.177880
Eliminated 130 points for FPR=0.050000
Not enough valid test points; skipping iteration.

Using 0.050000 threshold of 0.130382
Using 0.100000 threshold of 0.108538
Using 0.150000 threshold of 0.093276
Eliminated 109 points for FPR=0.050000
Eliminated 109 points for FPR=0.100000
Eliminated 104 points for FPR=0.150000
Completed iteration 11

Using 0.050000 threshold of 0.269419
Using 0.100000 threshold of 0.249386
Using 0.150000 threshold of 0.215597
Eliminated 75 points for FPR=0.050000
Eliminated 77 points for FPR=0.100000
Eliminated 77 points for FPR=0.150000
Completed iteration 12

Using 0.050000 threshold of 0.140215
Using 0.100000 threshold of 0.128261
Using 0.150000 threshold of 0.128261
Eliminated 127 points for FPR=0.050000
Not enough valid test points; skipping iteration.

Using 0.050000 threshold of 0.331437
Using 0.100000 threshold of 0.182788
Using 0.150000 threshold of 0.158686
Eliminated 128 points for FPR=0.050000
Not enough valid test points; skipping iteration.

Using 0.050000 threshold of 0.181034
Using 0.100000 threshold of 0.128012
Using 0.150000 threshold of 0.111581
Eliminated 97 points for FPR=0.050000
Eliminated 97 points for FPR=0.100000
Eliminated 97 points for FPR=0.150000
Completed iteration 13

Using 0.050000 threshold of 0.444510
Using 0.100000 threshold of 0.278191
Using 0.150000 threshold of 0.204590
Eliminated 119 points for FPR=0.050000
Eliminated 99 points for FPR=0.100000
Eliminated 102 points for FPR=0.150000
Completed iteration 14

Using 0.050000 threshold of 0.373937
Using 0.100000 threshold of 0.157169
Using 0.150000 threshold of 0.141917
Eliminated 123 points for FPR=0.050000
Not enough valid test points; skipping iteration.

Using 0.050000 threshold of 0.251600
Using 0.100000 threshold of 0.209886
Using 0.150000 threshold of 0.138570
Eliminated 120 points for FPR=0.050000
Eliminated 98 points for FPR=0.100000
Eliminated 93 points for FPR=0.150000
Completed iteration 15

Using 0.050000 threshold of 0.316141
Using 0.100000 threshold of 0.267036
Using 0.150000 threshold of 0.151123
Eliminated 107 points for FPR=0.050000
Eliminated 107 points for FPR=0.100000
Eliminated 104 points for FPR=0.150000
Completed iteration 16

Using 0.050000 threshold of 0.433786
Using 0.100000 threshold of 0.157340
Using 0.150000 threshold of 0.123793
Eliminated 122 points for FPR=0.050000
Not enough valid test points; skipping iteration.

Using 0.050000 threshold of 0.333557
Using 0.100000 threshold of 0.227458
Using 0.150000 threshold of 0.148842
Eliminated 125 points for FPR=0.050000
Not enough valid test points; skipping iteration.

Using 0.050000 threshold of 0.238565
Using 0.100000 threshold of 0.213257
Using 0.150000 threshold of 0.196898
Eliminated 111 points for FPR=0.050000
Eliminated 111 points for FPR=0.100000
Eliminated 111 points for FPR=0.150000
Completed iteration 17

Using 0.050000 threshold of 0.271111
Using 0.100000 threshold of 0.232095
Using 0.150000 threshold of 0.164839
Eliminated 81 points for FPR=0.050000
Eliminated 77 points for FPR=0.100000
Eliminated 89 points for FPR=0.150000
Completed iteration 18

Using 0.050000 threshold of 0.128284
Using 0.100000 threshold of 0.114954
Using 0.150000 threshold of 0.103529
Eliminated 94 points for FPR=0.050000
Eliminated 105 points for FPR=0.100000
Eliminated 105 points for FPR=0.150000
Completed iteration 19

Using 0.050000 threshold of 0.423583
Using 0.100000 threshold of 0.307214
Using 0.150000 threshold of 0.163452
Eliminated 119 points for FPR=0.050000
Eliminated 103 points for FPR=0.100000
Eliminated 100 points for FPR=0.150000
Completed iteration 20

Using 0.050000 threshold of 0.288066
Using 0.100000 threshold of 0.202351
Using 0.150000 threshold of 0.149156
Eliminated 127 points for FPR=0.050000
Not enough valid test points; skipping iteration.

Using 0.050000 threshold of 0.107711
Using 0.100000 threshold of 0.081360
Using 0.150000 threshold of 0.070783
Eliminated 88 points for FPR=0.050000
Eliminated 88 points for FPR=0.100000
Eliminated 88 points for FPR=0.150000
Completed iteration 21

Using 0.050000 threshold of 0.385087
Using 0.100000 threshold of 0.350896
Using 0.150000 threshold of 0.176531
Eliminated 113 points for FPR=0.050000
Eliminated 114 points for FPR=0.100000
Eliminated 109 points for FPR=0.150000
Completed iteration 22

Using 0.050000 threshold of 0.325133
Using 0.100000 threshold of 0.233820
Using 0.150000 threshold of 0.187021
Eliminated 114 points for FPR=0.050000
Eliminated 114 points for FPR=0.100000
Eliminated 108 points for FPR=0.150000
Completed iteration 23

Using 0.050000 threshold of 0.176152
Using 0.100000 threshold of 0.169081
Using 0.150000 threshold of 0.111758
Eliminated 100 points for FPR=0.050000
Eliminated 100 points for FPR=0.100000
Eliminated 100 points for FPR=0.150000
Completed iteration 24

Using 0.050000 threshold of 0.203308
Using 0.100000 threshold of 0.102971
Using 0.150000 threshold of 0.099234
Eliminated 111 points for FPR=0.050000
Eliminated 111 points for FPR=0.100000
Eliminated 111 points for FPR=0.150000
Completed iteration 25

Using 0.050000 threshold of 0.526126
Using 0.100000 threshold of 0.468416
Using 0.150000 threshold of 0.251775
Eliminated 130 points for FPR=0.050000
Not enough valid test points; skipping iteration.

Using 0.050000 threshold of 0.150842
Using 0.100000 threshold of 0.120926
Using 0.150000 threshold of 0.072171
Eliminated 77 points for FPR=0.050000
Eliminated 100 points for FPR=0.100000
Eliminated 70 points for FPR=0.150000
Completed iteration 26

Using 0.050000 threshold of 0.179141
Using 0.100000 threshold of 0.112264
Using 0.150000 threshold of 0.086768
Eliminated 85 points for FPR=0.050000
Eliminated 77 points for FPR=0.100000
Eliminated 80 points for FPR=0.150000
Completed iteration 27

Using 0.050000 threshold of 0.441097
Using 0.100000 threshold of 0.359991
Using 0.150000 threshold of 0.174467
Eliminated 126 points for FPR=0.050000
Not enough valid test points; skipping iteration.

Using 0.050000 threshold of 0.102226
Using 0.100000 threshold of 0.093827
Using 0.150000 threshold of 0.093654
Eliminated 104 points for FPR=0.050000
Eliminated 105 points for FPR=0.100000
Eliminated 99 points for FPR=0.150000
Completed iteration 28

Using 0.050000 threshold of 0.281362
Using 0.100000 threshold of 0.200590
Using 0.150000 threshold of 0.126952
Eliminated 126 points for FPR=0.050000
Not enough valid test points; skipping iteration.

Using 0.050000 threshold of 0.399314
Using 0.100000 threshold of 0.289267
Using 0.150000 threshold of 0.239746
Eliminated 105 points for FPR=0.050000
Eliminated 105 points for FPR=0.100000
Eliminated 105 points for FPR=0.150000
Completed iteration 29

Using 0.050000 threshold of 0.206346
Using 0.100000 threshold of 0.169073
Using 0.150000 threshold of 0.137621
Eliminated 102 points for FPR=0.050000
Eliminated 94 points for FPR=0.100000
Eliminated 88 points for FPR=0.150000
Completed iteration 30
Overall results, FPR=0.050000
Confidence threshold=0.8
Interpolation failed - throwing out 1 points
TPR Info by Lines: FPR Threshold/TPR/TPR STD ERR/TPR STD
    0.0500    0.1000    0.1500
    0.3856    0.6058    0.6584
    0.1255    0.1523    0.1524
    0.1255    0.1523    0.1524

Prediction points: 29.266667 (stddev 13.062009)
Individual AUCs:
    0.7889
    0.8403
    0.6429
    0.8400
    0.7097
    0.7208
    0.8571
    0.9348
    0.7381
    0.8167
    0.8889
    0.6609
    0.6758
    0.2857
    0.8125
    0.8556
    0.9103
    0.7471
    0.7032
    0.2857
    0.7868
    0.3333
    0.8667
    0.8880
    0.9000
    0.6966
    0.8088
    0.8977
    0.7302
    0.5625

p-value (Wilcoxon signed ranked test): 0.000002
AUC ave err std
    0.7395

    0.1741

    0.1741

Precision / Recall macro
    0.8688    0.1558

Precision / Recall micro
    0.9501    0.1555

Std devs
    0.3000    0.0826

Overall results, FPR=0.100000
Confidence threshold=0.8
Interpolation failed - throwing out 1 points
TPR Info by Lines: FPR Threshold/TPR/TPR STD ERR/TPR STD
    0.0500    0.1000    0.1500
    0.5724    0.6789    0.7132
    0.0978    0.1181    0.1226
    0.0978    0.1181    0.1226

Prediction points: 31.366667 (stddev 13.197396)
Individual AUCs:
    0.7500
    0.8403
    0.6044
    0.8400
    0.6667
    0.7389
    0.8571
    0.9211
    0.7694
    0.8167
    0.8889
    0.6465
    0.6758
    0.8810
    0.8514
    0.8556
    0.9103
    0.6740
    0.8043
    0.8353
    0.7868
    0.3594
    0.8667
    0.8880
    0.9000
    0.7090
    0.8193
    0.8939
    0.7302
    0.6889

p-value (Wilcoxon signed ranked test): 0.000002
AUC ave err std
    0.7823

    0.1196

    0.1196

Precision / Recall macro
    0.9255    0.1794

Precision / Recall micro
    0.9436    0.1782

Std devs
    0.1826    0.0755

Overall results, FPR=0.150000
Confidence threshold=0.8
Interpolation failed - throwing out 1 points
TPR Info by Lines: FPR Threshold/TPR/TPR STD ERR/TPR STD
    0.0500    0.1000    0.1500
    0.5090    0.6377    0.6761
    0.0918    0.1112    0.1287
    0.0918    0.1112    0.1287

Prediction points: 34.033333 (stddev 13.386775)
Individual AUCs:
    0.7652
    0.8205
    0.5903
    0.8333
    0.6667
    0.7389
    0.8571
    0.9211
    0.7694
    0.8167
    0.7810
    0.6465
    0.6758
    0.8542
    0.8333
    0.8286
    0.9103
    0.6935
    0.8043
    0.7650
    0.7868
    0.3796
    0.8750
    0.8880
    0.9000
    0.6637
    0.8358
    0.7769
    0.7302
    0.6029

p-value (Wilcoxon signed ranked test): 0.000002
AUC ave err std
    0.7670

    0.1157

    0.1157

Precision / Recall macro
    0.8870    0.1967

Precision / Recall micro
    0.9030    0.1949

Std devs
    0.1817    0.0851


Using 0.050000 threshold of 0.307299
Using 0.100000 threshold of 0.226779
Using 0.150000 threshold of 0.186287
Eliminated 125 points for FPR=0.050000
Not enough valid test points; skipping iteration.

Using 0.050000 threshold of 0.387620
Using 0.100000 threshold of 0.124775
Using 0.150000 threshold of 0.096885
Eliminated 119 points for FPR=0.050000
Eliminated 86 points for FPR=0.100000
Eliminated 96 points for FPR=0.150000
Completed iteration 1

Using 0.050000 threshold of 0.475570
Using 0.100000 threshold of 0.180335
Using 0.150000 threshold of 0.149344
Eliminated 125 points for FPR=0.050000
Not enough valid test points; skipping iteration.

Using 0.050000 threshold of 0.215723
Using 0.100000 threshold of 0.141179
Using 0.150000 threshold of 0.111157
Eliminated 93 points for FPR=0.050000
Eliminated 95 points for FPR=0.100000
Eliminated 95 points for FPR=0.150000
Completed iteration 2

Using 0.050000 threshold of 0.309078
Using 0.100000 threshold of 0.199609
Using 0.150000 threshold of 0.141598
Eliminated 105 points for FPR=0.050000
Eliminated 78 points for FPR=0.100000
Eliminated 78 points for FPR=0.150000
Completed iteration 3

Using 0.050000 threshold of 0.379498
Using 0.100000 threshold of 0.270985
Using 0.150000 threshold of 0.218440
Eliminated 113 points for FPR=0.050000
Eliminated 100 points for FPR=0.100000
Eliminated 100 points for FPR=0.150000
Completed iteration 4

Using 0.050000 threshold of 0.285523
Using 0.100000 threshold of 0.203331
Using 0.150000 threshold of 0.148286
Eliminated 111 points for FPR=0.050000
Eliminated 111 points for FPR=0.100000
Eliminated 103 points for FPR=0.150000
Completed iteration 5

Using 0.050000 threshold of 0.437793
Using 0.100000 threshold of 0.201899
Using 0.150000 threshold of 0.156833
Eliminated 125 points for FPR=0.050000
Not enough valid test points; skipping iteration.

Using 0.050000 threshold of 0.290026
Using 0.100000 threshold of 0.217142
Using 0.150000 threshold of 0.194508
Eliminated 110 points for FPR=0.050000
Eliminated 110 points for FPR=0.100000
Eliminated 105 points for FPR=0.150000
Completed iteration 6

Using 0.050000 threshold of 0.230618
Using 0.100000 threshold of 0.181902
Using 0.150000 threshold of 0.113243
Eliminated 113 points for FPR=0.050000
Eliminated 113 points for FPR=0.100000
Eliminated 106 points for FPR=0.150000
Completed iteration 7

Using 0.050000 threshold of 0.303270
Using 0.100000 threshold of 0.248988
Using 0.150000 threshold of 0.232353
Eliminated 112 points for FPR=0.050000
Eliminated 80 points for FPR=0.100000
Eliminated 80 points for FPR=0.150000
Completed iteration 8

Using 0.050000 threshold of 0.303319
Using 0.100000 threshold of 0.205387
Using 0.150000 threshold of 0.185851
Eliminated 123 points for FPR=0.050000
Not enough valid test points; skipping iteration.

Using 0.050000 threshold of 0.328120
Using 0.100000 threshold of 0.258114
Using 0.150000 threshold of 0.240808
Eliminated 126 points for FPR=0.050000
Not enough valid test points; skipping iteration.

Using 0.050000 threshold of 0.210547
Using 0.100000 threshold of 0.129580
Using 0.150000 threshold of 0.118049
Eliminated 111 points for FPR=0.050000
Eliminated 102 points for FPR=0.100000
Eliminated 106 points for FPR=0.150000
Completed iteration 9

Using 0.050000 threshold of 0.201971
Using 0.100000 threshold of 0.138646
Using 0.150000 threshold of 0.107892
Eliminated 104 points for FPR=0.050000
Eliminated 104 points for FPR=0.100000
Eliminated 97 points for FPR=0.150000
Completed iteration 10

Using 0.050000 threshold of 0.198347
Using 0.100000 threshold of 0.158500
Using 0.150000 threshold of 0.147058
Eliminated 123 points for FPR=0.050000
Not enough valid test points; skipping iteration.

Using 0.050000 threshold of 0.245291
Using 0.100000 threshold of 0.113373
Using 0.150000 threshold of 0.095750
Eliminated 114 points for FPR=0.050000
Eliminated 112 points for FPR=0.100000
Eliminated 112 points for FPR=0.150000
Completed iteration 11

Using 0.050000 threshold of 0.225610
Using 0.100000 threshold of 0.215442
Using 0.150000 threshold of 0.195838
Eliminated 109 points for FPR=0.050000
Eliminated 117 points for FPR=0.100000
Eliminated 121 points for FPR=0.150000
Not enough valid test points; skipping iteration.

Using 0.050000 threshold of 0.261576
Using 0.100000 threshold of 0.253267
Using 0.150000 threshold of 0.172291
Eliminated 79 points for FPR=0.050000
Eliminated 101 points for FPR=0.100000
Eliminated 101 points for FPR=0.150000
Completed iteration 12

Using 0.050000 threshold of 0.347188
Using 0.100000 threshold of 0.175373
Using 0.150000 threshold of 0.150102
Eliminated 126 points for FPR=0.050000
Not enough valid test points; skipping iteration.

Using 0.050000 threshold of 0.220089
Using 0.100000 threshold of 0.110527
Using 0.150000 threshold of 0.089726
Eliminated 107 points for FPR=0.050000
Eliminated 110 points for FPR=0.100000
Eliminated 104 points for FPR=0.150000
Completed iteration 13

Using 0.050000 threshold of 0.210442
Using 0.100000 threshold of 0.161154
Using 0.150000 threshold of 0.108198
Eliminated 110 points for FPR=0.050000
Eliminated 91 points for FPR=0.100000
Eliminated 85 points for FPR=0.150000
Completed iteration 14

Using 0.050000 threshold of 0.424239
Using 0.100000 threshold of 0.229276
Using 0.150000 threshold of 0.173317
Eliminated 118 points for FPR=0.050000
Eliminated 118 points for FPR=0.100000
Eliminated 113 points for FPR=0.150000
Completed iteration 15

Using 0.050000 threshold of 0.394958
Using 0.100000 threshold of 0.212708
Using 0.150000 threshold of 0.205998
Eliminated 124 points for FPR=0.050000
Not enough valid test points; skipping iteration.

Using 0.050000 threshold of 0.214648
Using 0.100000 threshold of 0.122897
Using 0.150000 threshold of 0.114257
Eliminated 111 points for FPR=0.050000
Eliminated 111 points for FPR=0.100000
Eliminated 112 points for FPR=0.150000
Completed iteration 16

Using 0.050000 threshold of 0.285489
Using 0.100000 threshold of 0.178227
Using 0.150000 threshold of 0.161144
Eliminated 113 points for FPR=0.050000
Eliminated 106 points for FPR=0.100000
Eliminated 112 points for FPR=0.150000
Completed iteration 17

Using 0.050000 threshold of 0.117248
Using 0.100000 threshold of 0.116054
Using 0.150000 threshold of 0.111115
Eliminated 114 points for FPR=0.050000
Eliminated 116 points for FPR=0.100000
Eliminated 116 points for FPR=0.150000
Completed iteration 18

Using 0.050000 threshold of 0.372881
Using 0.100000 threshold of 0.142343
Using 0.150000 threshold of 0.102044
Eliminated 120 points for FPR=0.050000
Eliminated 109 points for FPR=0.100000
Eliminated 109 points for FPR=0.150000
Completed iteration 19

Using 0.050000 threshold of 0.244851
Using 0.100000 threshold of 0.119525
Using 0.150000 threshold of 0.090899
Eliminated 124 points for FPR=0.050000
Not enough valid test points; skipping iteration.

Using 0.050000 threshold of 0.231998
Using 0.100000 threshold of 0.143224
Using 0.150000 threshold of 0.114254
Eliminated 123 points for FPR=0.050000
Not enough valid test points; skipping iteration.

Using 0.050000 threshold of 0.248783
Using 0.100000 threshold of 0.172625
Using 0.150000 threshold of 0.111837
Eliminated 124 points for FPR=0.050000
Not enough valid test points; skipping iteration.

Using 0.050000 threshold of 0.288870
Using 0.100000 threshold of 0.189090
Using 0.150000 threshold of 0.107503
Eliminated 124 points for FPR=0.050000
Not enough valid test points; skipping iteration.

Using 0.050000 threshold of 0.250839
Using 0.100000 threshold of 0.222539
Using 0.150000 threshold of 0.202050
Eliminated 106 points for FPR=0.050000
Eliminated 106 points for FPR=0.100000
Eliminated 108 points for FPR=0.150000
Completed iteration 20

Using 0.050000 threshold of 0.328009
Using 0.100000 threshold of 0.294914
Using 0.150000 threshold of 0.246279
Eliminated 115 points for FPR=0.050000
Eliminated 115 points for FPR=0.100000
Eliminated 115 points for FPR=0.150000
Completed iteration 21

Using 0.050000 threshold of 0.335468
Using 0.100000 threshold of 0.256070
Using 0.150000 threshold of 0.178385
Eliminated 110 points for FPR=0.050000
Eliminated 110 points for FPR=0.100000
Eliminated 109 points for FPR=0.150000
Completed iteration 22

Using 0.050000 threshold of 0.231323
Using 0.100000 threshold of 0.205284
Using 0.150000 threshold of 0.176661
Eliminated 110 points for FPR=0.050000
Eliminated 110 points for FPR=0.100000
Eliminated 110 points for FPR=0.150000
Completed iteration 23

Using 0.050000 threshold of 0.487622
Using 0.100000 threshold of 0.293737
Using 0.150000 threshold of 0.234353
Eliminated 126 points for FPR=0.050000
Not enough valid test points; skipping iteration.

Using 0.050000 threshold of 0.387373
Using 0.100000 threshold of 0.339359
Using 0.150000 threshold of 0.231923
Eliminated 129 points for FPR=0.050000
Not enough valid test points; skipping iteration.

Using 0.050000 threshold of 0.202267
Using 0.100000 threshold of 0.140718
Using 0.150000 threshold of 0.114379
Eliminated 111 points for FPR=0.050000
Eliminated 92 points for FPR=0.100000
Eliminated 96 points for FPR=0.150000
Completed iteration 24

Using 0.050000 threshold of 0.217723
Using 0.100000 threshold of 0.186600
Using 0.150000 threshold of 0.156969
Eliminated 113 points for FPR=0.050000
Eliminated 113 points for FPR=0.100000
Eliminated 113 points for FPR=0.150000
Completed iteration 25

Using 0.050000 threshold of 0.452406
Using 0.100000 threshold of 0.337469
Using 0.150000 threshold of 0.196411
Eliminated 130 points for FPR=0.050000
Not enough valid test points; skipping iteration.

Using 0.050000 threshold of 0.208922
Using 0.100000 threshold of 0.171432
Using 0.150000 threshold of 0.136050
Eliminated 118 points for FPR=0.050000
Eliminated 118 points for FPR=0.100000
Eliminated 121 points for FPR=0.150000
Not enough valid test points; skipping iteration.

Using 0.050000 threshold of 0.404550
Using 0.100000 threshold of 0.167720
Using 0.150000 threshold of 0.123926
Eliminated 122 points for FPR=0.050000
Not enough valid test points; skipping iteration.

Using 0.050000 threshold of 0.271689
Using 0.100000 threshold of 0.143373
Using 0.150000 threshold of 0.133547
Eliminated 123 points for FPR=0.050000
Not enough valid test points; skipping iteration.

Using 0.050000 threshold of 0.339011
Using 0.100000 threshold of 0.151248
Using 0.150000 threshold of 0.142573
Eliminated 111 points for FPR=0.050000
Eliminated 111 points for FPR=0.100000
Eliminated 113 points for FPR=0.150000
Completed iteration 26

Using 0.050000 threshold of 0.252621
Using 0.100000 threshold of 0.225273
Using 0.150000 threshold of 0.189306
Eliminated 119 points for FPR=0.050000
Eliminated 108 points for FPR=0.100000
Eliminated 114 points for FPR=0.150000
Completed iteration 27

Using 0.050000 threshold of 0.146753
Using 0.100000 threshold of 0.102223
Using 0.150000 threshold of 0.100359
Eliminated 112 points for FPR=0.050000
Eliminated 109 points for FPR=0.100000
Eliminated 109 points for FPR=0.150000
Completed iteration 28

Using 0.050000 threshold of 0.189805
Using 0.100000 threshold of 0.140087
Using 0.150000 threshold of 0.104363
Eliminated 92 points for FPR=0.050000
Eliminated 98 points for FPR=0.100000
Eliminated 101 points for FPR=0.150000
Completed iteration 29

Using 0.050000 threshold of 0.423654
Using 0.100000 threshold of 0.231632
Using 0.150000 threshold of 0.180108
Eliminated 117 points for FPR=0.050000
Eliminated 117 points for FPR=0.100000
Eliminated 117 points for FPR=0.150000
Completed iteration 30
Overall results, FPR=0.050000
Confidence threshold=0.9
Interpolation failed - throwing out 1 points
TPR Info by Lines: FPR Threshold/TPR/TPR STD ERR/TPR STD
    0.0500    0.1000    0.1500
    0.4266    0.5475    0.6506
    0.0925    0.1301    0.1444
    0.0925    0.1301    0.1444

Prediction points: 20.233333 (stddev 8.589020)
Individual AUCs:
    0.6000
    0.7302
    0.8800
    0.7286
    0.6458
    0.9063
    0.9048
    0.8824
    0.9167
    0.7583
    0.7188
    0.6944
    0.8167
    0.7255
    0.3438
    0.8690
    0.6061
    0.7273
    0.7778
    0.8571
    0.8400
    0.9048
    0.5490
    0.8571
    0.9615
    0.9231
    0.4000
    1.0000
    0.8889
    0.6111

p-value (Wilcoxon signed ranked test): 0.000002
AUC ave err std
    0.7675

    0.1597

    0.1597

Precision / Recall macro
    0.8005    0.1005

Precision / Recall micro
    0.9488    0.1000

Std devs
    0.3713    0.0750

Overall results, FPR=0.100000
Confidence threshold=0.9
Interpolation failed - throwing out 1 points
TPR Info by Lines: FPR Threshold/TPR/TPR STD ERR/TPR STD
    0.0500    0.1000    0.1500
    0.4989    0.6195    0.6715
    0.1037    0.1152    0.1233
    0.1037    0.1152    0.1233

Prediction points: 25.266667 (stddev 10.569746)
Individual AUCs:
    0.7995
    0.6574
    0.8004
    0.8571
    0.6458
    0.9063
    0.9048
    0.9534
    0.8561
    0.7583
    0.7750
    0.7662
    0.7895
    0.7922
    0.3438
    0.8690
    0.7500
    0.7250
    0.9074
    0.8571
    0.8400
    0.9048
    0.5490
    0.8065
    0.9615
    0.9231
    0.6491
    0.9778
    0.8914
    0.6111

p-value (Wilcoxon signed ranked test): 0.000002
AUC ave err std
    0.7943

    0.1377

    0.1377

Precision / Recall macro
    0.8655    0.1405

Precision / Recall micro
    0.9282    0.1396

Std devs
    0.2498    0.0830

Overall results, FPR=0.150000
Confidence threshold=0.9
Interpolation failed - throwing out 1 points
TPR Info by Lines: FPR Threshold/TPR/TPR STD ERR/TPR STD
    0.0500    0.1000    0.1500
    0.5266    0.6407    0.6834
    0.1038    0.1255    0.1284
    0.1038    0.1255    0.1284

Prediction points: 25.500000 (stddev 10.176884)
Individual AUCs:
    0.7644
    0.6574
    0.8004
    0.8571
    0.7909
    0.9286
    0.8526
    0.9534
    0.8796
    0.8333
    0.7750
    0.7662
    0.8190
    0.7500
    0.3500
    0.8000
    0.9077
    0.7250
    0.9074
    0.8706
    0.8400
    0.8889
    0.5490
    0.8571
    0.9615
    0.9231
    0.6667
    0.9778
    0.9058
    0.6111

p-value (Wilcoxon signed ranked test): 0.000002
AUC ave err std
    0.8057

    0.1350

    0.1350

Precision / Recall macro
    0.8635    0.1520

Precision / Recall micro
    0.9052    0.1511

Std devs
    0.2041    0.0878

computation time (s)
  190.7580

