!!!!below quality measures have been removed due to insufficient data!!!!!!!!!!!!
binThreshold:30
crowdsource cutoff:0.8
using confidence:1
Number of bins: 31
Average bin size: 1.683871e+01

Using 0.050000 threshold of 0.245950
Using 0.100000 threshold of 0.191436
Using 0.150000 threshold of 0.170201
Eliminated 0 points for FPR=0.050000
Eliminated 0 points for FPR=0.100000
Eliminated 0 points for FPR=0.150000
Completed iteration 1

Using 0.050000 threshold of 0.285449
Using 0.100000 threshold of 0.113728
Using 0.150000 threshold of 0.111558
Eliminated 0 points for FPR=0.050000
Eliminated 0 points for FPR=0.100000
Eliminated 0 points for FPR=0.150000
Completed iteration 2

Using 0.050000 threshold of 0.365086
Using 0.100000 threshold of 0.232858
Using 0.150000 threshold of 0.195093
Eliminated 0 points for FPR=0.050000
Eliminated 0 points for FPR=0.100000
Eliminated 0 points for FPR=0.150000
Completed iteration 3

Using 0.050000 threshold of 0.407465
Using 0.100000 threshold of 0.237820
Using 0.150000 threshold of 0.179868
Eliminated 0 points for FPR=0.050000
Eliminated 0 points for FPR=0.100000
Eliminated 0 points for FPR=0.150000
Completed iteration 4

Using 0.050000 threshold of 0.172413
Using 0.100000 threshold of 0.159882
Using 0.150000 threshold of 0.101353
Eliminated 0 points for FPR=0.050000
Eliminated 0 points for FPR=0.100000
Eliminated 0 points for FPR=0.150000
Completed iteration 5

Using 0.050000 threshold of 0.190869
Using 0.100000 threshold of 0.084117
Using 0.150000 threshold of 0.069453
Eliminated 0 points for FPR=0.050000
Eliminated 0 points for FPR=0.100000
Eliminated 0 points for FPR=0.150000
Completed iteration 6

Using 0.050000 threshold of 0.236058
Using 0.100000 threshold of 0.177820
Using 0.150000 threshold of 0.169685
Eliminated 0 points for FPR=0.050000
Eliminated 0 points for FPR=0.100000
Eliminated 0 points for FPR=0.150000
Completed iteration 7

Using 0.050000 threshold of 0.418494
Using 0.100000 threshold of 0.327936
Using 0.150000 threshold of 0.271835
Eliminated 0 points for FPR=0.050000
Eliminated 0 points for FPR=0.100000
Eliminated 0 points for FPR=0.150000
Completed iteration 8

Using 0.050000 threshold of 0.289652
Using 0.100000 threshold of 0.265689
Using 0.150000 threshold of 0.123518
Eliminated 0 points for FPR=0.050000
Eliminated 0 points for FPR=0.100000
Eliminated 0 points for FPR=0.150000
Completed iteration 9

Using 0.050000 threshold of 0.418247
Using 0.100000 threshold of 0.245887
Using 0.150000 threshold of 0.130766
Eliminated 0 points for FPR=0.050000
Eliminated 0 points for FPR=0.100000
Eliminated 0 points for FPR=0.150000
Completed iteration 10

Using 0.050000 threshold of 0.317879
Using 0.100000 threshold of 0.258903
Using 0.150000 threshold of 0.120485
Eliminated 0 points for FPR=0.050000
Eliminated 0 points for FPR=0.100000
Eliminated 0 points for FPR=0.150000
Completed iteration 11

Using 0.050000 threshold of 0.267290
Using 0.100000 threshold of 0.209614
Using 0.150000 threshold of 0.143942
Eliminated 0 points for FPR=0.050000
Eliminated 0 points for FPR=0.100000
Eliminated 0 points for FPR=0.150000
Completed iteration 12

Using 0.050000 threshold of 0.277580
Using 0.100000 threshold of 0.178364
Using 0.150000 threshold of 0.126080
Eliminated 0 points for FPR=0.050000
Eliminated 0 points for FPR=0.100000
Eliminated 0 points for FPR=0.150000
Completed iteration 13

Using 0.050000 threshold of 0.198705
Using 0.100000 threshold of 0.177389
Using 0.150000 threshold of 0.131142
Eliminated 0 points for FPR=0.050000
Eliminated 0 points for FPR=0.100000
Eliminated 0 points for FPR=0.150000
Completed iteration 14

Using 0.050000 threshold of 0.382929
Using 0.100000 threshold of 0.337108
Using 0.150000 threshold of 0.184074
Eliminated 0 points for FPR=0.050000
Eliminated 0 points for FPR=0.100000
Eliminated 0 points for FPR=0.150000
Completed iteration 15

Using 0.050000 threshold of 0.246336
Using 0.100000 threshold of 0.201065
Using 0.150000 threshold of 0.128668
Eliminated 0 points for FPR=0.050000
Eliminated 0 points for FPR=0.100000
Eliminated 0 points for FPR=0.150000
Completed iteration 16

Using 0.050000 threshold of 0.164988
Using 0.100000 threshold of 0.154084
Using 0.150000 threshold of 0.106336
Eliminated 0 points for FPR=0.050000
Eliminated 0 points for FPR=0.100000
Eliminated 0 points for FPR=0.150000
Completed iteration 17

Using 0.050000 threshold of 0.275243
Using 0.100000 threshold of 0.229292
Using 0.150000 threshold of 0.187909
Eliminated 0 points for FPR=0.050000
Eliminated 0 points for FPR=0.100000
Eliminated 0 points for FPR=0.150000
Completed iteration 18

Using 0.050000 threshold of 0.310672
Using 0.100000 threshold of 0.245487
Using 0.150000 threshold of 0.149086
Eliminated 0 points for FPR=0.050000
Eliminated 0 points for FPR=0.100000
Eliminated 0 points for FPR=0.150000
Completed iteration 19

Using 0.050000 threshold of 0.206306
Using 0.100000 threshold of 0.201170
Using 0.150000 threshold of 0.147566
Eliminated 0 points for FPR=0.050000
Eliminated 0 points for FPR=0.100000
Eliminated 0 points for FPR=0.150000
Completed iteration 20

Using 0.050000 threshold of 0.281897
Using 0.100000 threshold of 0.189506
Using 0.150000 threshold of 0.148044
Eliminated 0 points for FPR=0.050000
Eliminated 0 points for FPR=0.100000
Eliminated 0 points for FPR=0.150000
Completed iteration 21

Using 0.050000 threshold of 0.308458
Using 0.100000 threshold of 0.291385
Using 0.150000 threshold of 0.223187
Eliminated 0 points for FPR=0.050000
Eliminated 0 points for FPR=0.100000
Eliminated 0 points for FPR=0.150000
Completed iteration 22

Using 0.050000 threshold of 0.337328
Using 0.100000 threshold of 0.211164
Using 0.150000 threshold of 0.108459
Eliminated 0 points for FPR=0.050000
Eliminated 0 points for FPR=0.100000
Eliminated 0 points for FPR=0.150000
Completed iteration 23

Using 0.050000 threshold of 0.329023
Using 0.100000 threshold of 0.240236
Using 0.150000 threshold of 0.199292
Eliminated 0 points for FPR=0.050000
Eliminated 0 points for FPR=0.100000
Eliminated 0 points for FPR=0.150000
Completed iteration 24

Using 0.050000 threshold of 0.207177
Using 0.100000 threshold of 0.131921
Using 0.150000 threshold of 0.112708
Eliminated 0 points for FPR=0.050000
Eliminated 0 points for FPR=0.100000
Eliminated 0 points for FPR=0.150000
Completed iteration 25

Using 0.050000 threshold of 0.327868
Using 0.100000 threshold of 0.248028
Using 0.150000 threshold of 0.214658
Eliminated 0 points for FPR=0.050000
Eliminated 0 points for FPR=0.100000
Eliminated 0 points for FPR=0.150000
Completed iteration 26

Using 0.050000 threshold of 0.142495
Using 0.100000 threshold of 0.106355
Using 0.150000 threshold of 0.104431
Eliminated 0 points for FPR=0.050000
Eliminated 0 points for FPR=0.100000
Eliminated 0 points for FPR=0.150000
Completed iteration 27

Using 0.050000 threshold of 0.325704
Using 0.100000 threshold of 0.179657
Using 0.150000 threshold of 0.109802
Eliminated 0 points for FPR=0.050000
Eliminated 0 points for FPR=0.100000
Eliminated 0 points for FPR=0.150000
Completed iteration 28

Using 0.050000 threshold of 0.291088
Using 0.100000 threshold of 0.244122
Using 0.150000 threshold of 0.151533
Eliminated 0 points for FPR=0.050000
Eliminated 0 points for FPR=0.100000
Eliminated 0 points for FPR=0.150000
Completed iteration 29

Using 0.050000 threshold of 0.389884
Using 0.100000 threshold of 0.289236
Using 0.150000 threshold of 0.184320
Eliminated 0 points for FPR=0.050000
Eliminated 0 points for FPR=0.100000
Eliminated 0 points for FPR=0.150000
Completed iteration 30
Overall results, FPR=0.050000
Confidence threshold=0
Interpolation failed - throwing out 1 points
Interpolation failed - throwing out 2 points
TPR Info by Lines: FPR Threshold/TPR/TPR STD ERR/TPR STD
    0.0500    0.1000    0.1500
    0.3108    0.3773    0.4164
    0.0360    0.0443    0.0446
    0.0360    0.0443    0.0446

Prediction points: 130.000000 (stddev 0.000000)
Individual AUCs:
    0.5901
    0.5813
    0.6335
    0.6568
    0.6968
    0.6300
    0.6458
    0.6470
    0.6875
    0.6508
    0.6098
    0.7213
    0.6129
    0.6419
    0.6293
    0.7128
    0.6422
    0.6082
    0.6718
    0.6445
    0.7637
    0.6254
    0.6517
    0.6279
    0.4147
    0.7029
    0.6446
    0.6717
    0.6036
    0.7179

p-value (Wilcoxon signed ranked test): 0.000002
AUC ave err std
    0.6446

    0.0605

    0.0605

if system_dependent('IsDebugMode')==1, dbstep in; end
groundtruth

groundtruth = 

    [130x1 double]
    [130x1 double]
    [130x1 double]
    [130x1 double]
    [130x1 double]
    [130x1 double]
    [130x1 double]
    [130x1 double]
    [130x1 double]
    [130x1 double]
    [130x1 double]
    [130x1 double]
    [130x1 double]
    [130x1 double]
    [130x1 double]
    [130x1 double]
    [130x1 double]
    [130x1 double]
    [130x1 double]
    [130x1 double]
    [130x1 double]
    [130x1 double]
    [130x1 double]
    [130x1 double]
    [130x1 double]
    [130x1 double]
    [130x1 double]
    [130x1 double]
    [130x1 double]
    [130x1 double]

groundtruth{1}

ans =

     0
     1
     1
     1
     1
     1
     0
     1
     1
     1
     1
     1
     0
     1
     1
     1
     1
     0
     1
     1
     0
     1
     1
     1
     1
     1
     1
     1
     0
     1
     1
     1
     1
     1
     1
     1
     1
     1
     0
     1
     0
     1
     1
     1
     0
     1
     1
     1
     1
     0
     1
     1
     0
     1
     1
     0
     0
     1
     1
     1
     0
     1
     1
     1
     0
     1
     1
     0
     0
     1
     1
     1
     1
     1
     0
     1
     0
     0
     0
     1
     0
     0
     0
     1
     0
     0
     0
     1
     1
     1
     0
     0
     0
     1
     1
     1
     0
     0
     1
     1
     1
     1
     1
     0
     1
     0
     1
     1
     1
     1
     1
     0
     0
     1
     0
     1
     1
     1
     0
     1
     0
     0
     1
     0
     1
     1
     1
     1
     0
     1

groundtruth(1)

ans = 

    [130x1 double]

if system_dependent('IsDebugMode')==1, dbstep out; end
if system_dependent('IsDebugMode')==1, dbcont; end
Precision / Recall macro
    0.9456    0.2890

Precision / Recall micro
    0.9362    0.2889

Std devs
    0.0565    0.0871

Overall results, FPR=0.100000
Confidence threshold=0
Interpolation failed - throwing out 1 points
Interpolation failed - throwing out 2 points
TPR Info by Lines: FPR Threshold/TPR/TPR STD ERR/TPR STD
    0.0500    0.1000    0.1500
    0.3108    0.3773    0.4164
    0.0360    0.0443    0.0446
    0.0360    0.0443    0.0446

Prediction points: 130.000000 (stddev 0.000000)
Individual AUCs:
    0.5901
    0.5813
    0.6335
    0.6568
    0.6968
    0.6300
    0.6458
    0.6470
    0.6875
    0.6508
    0.6098
    0.7213
    0.6129
    0.6419
    0.6293
    0.7128
    0.6422
    0.6082
    0.6718
    0.6445
    0.7637
    0.6254
    0.6517
    0.6279
    0.4147
    0.7029
    0.6446
    0.6717
    0.6036
    0.7179

p-value (Wilcoxon signed ranked test): 0.000002
AUC ave err std
    0.6446

    0.0605

    0.0605

if system_dependent('IsDebugMode')==1, dbcont; end
Precision / Recall macro
    0.9155    0.3683

Precision / Recall micro
    0.9057    0.3680

Std devs
    0.0697    0.0735

Overall results, FPR=0.150000
Confidence threshold=0
Interpolation failed - throwing out 1 points
Interpolation failed - throwing out 2 points
TPR Info by Lines: FPR Threshold/TPR/TPR STD ERR/TPR STD
    0.0500    0.1000    0.1500
    0.3108    0.3773    0.4164
    0.0360    0.0443    0.0446
    0.0360    0.0443    0.0446

Prediction points: 130.000000 (stddev 0.000000)
Individual AUCs:
    0.5901
    0.5813
    0.6335
    0.6568
    0.6968
    0.6300
    0.6458
    0.6470
    0.6875
    0.6508
    0.6098
    0.7213
    0.6129
    0.6419
    0.6293
    0.7128
    0.6422
    0.6082
    0.6718
    0.6445
    0.7637
    0.6254
    0.6517
    0.6279
    0.4147
    0.7029
    0.6446
    0.6717
    0.6036
    0.7179

p-value (Wilcoxon signed ranked test): 0.000002
AUC ave err std
    0.6446

    0.0605

    0.0605

if system_dependent('IsDebugMode')==1, dbcont; end
Precision / Recall macro
    0.8853    0.4325

Precision / Recall micro
    0.8779    0.4323

Std devs
    0.0603    0.0747


Using 0.050000 threshold of 0.358451
Using 0.100000 threshold of 0.273992
Using 0.150000 threshold of 0.164251
Eliminated 55 points for FPR=0.050000
Eliminated 46 points for FPR=0.100000
Eliminated 42 points for FPR=0.150000
Completed iteration 1

Using 0.050000 threshold of 0.475571
Using 0.100000 threshold of 0.234961
Using 0.150000 threshold of 0.193992
Eliminated 64 points for FPR=0.050000
Eliminated 45 points for FPR=0.100000
Eliminated 45 points for FPR=0.150000
Completed iteration 2

Using 0.050000 threshold of 0.288525
Using 0.100000 threshold of 0.262988
Using 0.150000 threshold of 0.182679
Eliminated 45 points for FPR=0.050000
Eliminated 63 points for FPR=0.100000
Eliminated 45 points for FPR=0.150000
Completed iteration 3

Using 0.050000 threshold of 0.225201
Using 0.100000 threshold of 0.201826
Using 0.150000 threshold of 0.142921
Eliminated 61 points for FPR=0.050000
Eliminated 61 points for FPR=0.100000
Eliminated 55 points for FPR=0.150000
Completed iteration 4

Using 0.050000 threshold of 0.285205
Using 0.100000 threshold of 0.233509
Using 0.150000 threshold of 0.149038
Eliminated 68 points for FPR=0.050000
Eliminated 68 points for FPR=0.100000
Eliminated 68 points for FPR=0.150000
Completed iteration 5

Using 0.050000 threshold of 0.333738
Using 0.100000 threshold of 0.242775
Using 0.150000 threshold of 0.208037
Eliminated 52 points for FPR=0.050000
Eliminated 52 points for FPR=0.100000
Eliminated 52 points for FPR=0.150000
Completed iteration 6

Using 0.050000 threshold of 0.213907
Using 0.100000 threshold of 0.130965
Using 0.150000 threshold of 0.129476
Eliminated 40 points for FPR=0.050000
Eliminated 36 points for FPR=0.100000
Eliminated 39 points for FPR=0.150000
Completed iteration 7

Using 0.050000 threshold of 0.250254
Using 0.100000 threshold of 0.238057
Using 0.150000 threshold of 0.193580
Eliminated 59 points for FPR=0.050000
Eliminated 72 points for FPR=0.100000
Eliminated 60 points for FPR=0.150000
Completed iteration 8

Using 0.050000 threshold of 0.261740
Using 0.100000 threshold of 0.154179
Using 0.150000 threshold of 0.140271
Eliminated 67 points for FPR=0.050000
Eliminated 61 points for FPR=0.100000
Eliminated 45 points for FPR=0.150000
Completed iteration 9

Using 0.050000 threshold of 0.246825
Using 0.100000 threshold of 0.197308
Using 0.150000 threshold of 0.176153
Eliminated 54 points for FPR=0.050000
Eliminated 54 points for FPR=0.100000
Eliminated 51 points for FPR=0.150000
Completed iteration 10

Using 0.050000 threshold of 0.255627
Using 0.100000 threshold of 0.093739
Using 0.150000 threshold of 0.089172
Eliminated 71 points for FPR=0.050000
Eliminated 48 points for FPR=0.100000
Eliminated 54 points for FPR=0.150000
Completed iteration 11

Using 0.050000 threshold of 0.444634
Using 0.100000 threshold of 0.402652
Using 0.150000 threshold of 0.353627
Eliminated 62 points for FPR=0.050000
Eliminated 56 points for FPR=0.100000
Eliminated 56 points for FPR=0.150000
Completed iteration 12

Using 0.050000 threshold of 0.215918
Using 0.100000 threshold of 0.180941
Using 0.150000 threshold of 0.171449
Eliminated 66 points for FPR=0.050000
Eliminated 46 points for FPR=0.100000
Eliminated 62 points for FPR=0.150000
Completed iteration 13

Using 0.050000 threshold of 0.130665
Using 0.100000 threshold of 0.129159
Using 0.150000 threshold of 0.128586
Eliminated 46 points for FPR=0.050000
Eliminated 46 points for FPR=0.100000
Eliminated 50 points for FPR=0.150000
Completed iteration 14

Using 0.050000 threshold of 0.518414
Using 0.100000 threshold of 0.339556
Using 0.150000 threshold of 0.133838
Eliminated 109 points for FPR=0.050000
Eliminated 62 points for FPR=0.100000
Eliminated 44 points for FPR=0.150000
Completed iteration 15

Using 0.050000 threshold of 0.296233
Using 0.100000 threshold of 0.247455
Using 0.150000 threshold of 0.130376
Eliminated 60 points for FPR=0.050000
Eliminated 65 points for FPR=0.100000
Eliminated 40 points for FPR=0.150000
Completed iteration 16

Using 0.050000 threshold of 0.198360
Using 0.100000 threshold of 0.162157
Using 0.150000 threshold of 0.142224
Eliminated 65 points for FPR=0.050000
Eliminated 60 points for FPR=0.100000
Eliminated 53 points for FPR=0.150000
Completed iteration 17

Using 0.050000 threshold of 0.397056
Using 0.100000 threshold of 0.271202
Using 0.150000 threshold of 0.207536
Eliminated 83 points for FPR=0.050000
Eliminated 65 points for FPR=0.100000
Eliminated 63 points for FPR=0.150000
Completed iteration 18

Using 0.050000 threshold of 0.522503
Using 0.100000 threshold of 0.244919
Using 0.150000 threshold of 0.166172
Eliminated 90 points for FPR=0.050000
Eliminated 57 points for FPR=0.100000
Eliminated 39 points for FPR=0.150000
Completed iteration 19

Using 0.050000 threshold of 0.264134
Using 0.100000 threshold of 0.118690
Using 0.150000 threshold of 0.104237
Eliminated 66 points for FPR=0.050000
Eliminated 54 points for FPR=0.100000
Eliminated 54 points for FPR=0.150000
Completed iteration 20

Using 0.050000 threshold of 0.261467
Using 0.100000 threshold of 0.171629
Using 0.150000 threshold of 0.161621
Eliminated 48 points for FPR=0.050000
Eliminated 50 points for FPR=0.100000
Eliminated 55 points for FPR=0.150000
Completed iteration 21

Using 0.050000 threshold of 0.330827
Using 0.100000 threshold of 0.252694
Using 0.150000 threshold of 0.230969
Eliminated 49 points for FPR=0.050000
Eliminated 45 points for FPR=0.100000
Eliminated 45 points for FPR=0.150000
Completed iteration 22

Using 0.050000 threshold of 0.236063
Using 0.100000 threshold of 0.143609
Using 0.150000 threshold of 0.133905
Eliminated 72 points for FPR=0.050000
Eliminated 60 points for FPR=0.100000
Eliminated 55 points for FPR=0.150000
Completed iteration 23

Using 0.050000 threshold of 0.281465
Using 0.100000 threshold of 0.239899
Using 0.150000 threshold of 0.207326
Eliminated 66 points for FPR=0.050000
Eliminated 66 points for FPR=0.100000
Eliminated 60 points for FPR=0.150000
Completed iteration 24

Using 0.050000 threshold of 0.387739
Using 0.100000 threshold of 0.314877
Using 0.150000 threshold of 0.291094
Eliminated 86 points for FPR=0.050000
Eliminated 81 points for FPR=0.100000
Eliminated 81 points for FPR=0.150000
Completed iteration 25

Using 0.050000 threshold of 0.246736
Using 0.100000 threshold of 0.151179
Using 0.150000 threshold of 0.134736
Eliminated 30 points for FPR=0.050000
Eliminated 27 points for FPR=0.100000
Eliminated 28 points for FPR=0.150000
Completed iteration 26

Using 0.050000 threshold of 0.151679
Using 0.100000 threshold of 0.132024
Using 0.150000 threshold of 0.105067
Eliminated 41 points for FPR=0.050000
Eliminated 41 points for FPR=0.100000
Eliminated 31 points for FPR=0.150000
Completed iteration 27

Using 0.050000 threshold of 0.447575
Using 0.100000 threshold of 0.190513
Using 0.150000 threshold of 0.101025
Eliminated 80 points for FPR=0.050000
Eliminated 62 points for FPR=0.100000
Eliminated 40 points for FPR=0.150000
Completed iteration 28

Using 0.050000 threshold of 0.317506
Using 0.100000 threshold of 0.240823
Using 0.150000 threshold of 0.233532
Eliminated 71 points for FPR=0.050000
Eliminated 59 points for FPR=0.100000
Eliminated 59 points for FPR=0.150000
Completed iteration 29

Using 0.050000 threshold of 0.285752
Using 0.100000 threshold of 0.163550
Using 0.150000 threshold of 0.153426
Eliminated 52 points for FPR=0.050000
Eliminated 39 points for FPR=0.100000
Eliminated 46 points for FPR=0.150000
Completed iteration 30
Overall results, FPR=0.050000
Confidence threshold=0.5
Interpolation failed - throwing out 1 points
Interpolation failed - throwing out 2 points
Interpolation failed - throwing out 3 points
Interpolation failed - throwing out 4 points
TPR Info by Lines: FPR Threshold/TPR/TPR STD ERR/TPR STD
    0.0500    0.1000    0.1500
    0.3781    0.4668    0.5477
    0.0471    0.0565    0.0766
    0.0471    0.0565    0.0766

Prediction points: 67.400000 (stddev 16.497858)
Individual AUCs:
    0.7216
    0.6399
    0.7367
    0.6561
    0.7891
    0.6056
    0.6298
    0.7105
    0.6809
    0.6803
    0.7348
    0.6156
    0.7676
    0.4664
    0.6324
    0.8080
    0.8511
    0.8375
    0.5893
    0.7262
    0.7674
    0.6382
    0.6815
    0.6912
    0.8209
    0.6911
    0.7385
