!!!!below quality measures have been removed due to insufficient data!!!!!!!!!!!!
binThreshold:30
crowdsource cutoff:0.8
using confidence:1
Number of bins: 31
Average bin size: 1.683871e+01


Eliminated 0 points
Completed iteration 1


Eliminated 0 points
Completed iteration 2


Eliminated 0 points
Completed iteration 3


Eliminated 0 points
Completed iteration 4


Eliminated 0 points
Completed iteration 5


Eliminated 0 points
Completed iteration 6


Eliminated 0 points
Completed iteration 7


Eliminated 0 points
Completed iteration 8


Eliminated 0 points
Completed iteration 9


Eliminated 0 points
Completed iteration 10


Eliminated 0 points
Completed iteration 11


Eliminated 0 points
Completed iteration 12


Eliminated 0 points
Completed iteration 13


Eliminated 0 points
Completed iteration 14


Eliminated 0 points
Completed iteration 15


Eliminated 0 points
Completed iteration 16


Eliminated 0 points
Completed iteration 17


Eliminated 0 points
Completed iteration 18


Eliminated 0 points
Completed iteration 19


Eliminated 0 points
Completed iteration 20


Eliminated 0 points
Completed iteration 21


Eliminated 0 points
Completed iteration 22


Eliminated 0 points
Completed iteration 23


Eliminated 0 points
Completed iteration 24


Eliminated 0 points
Completed iteration 25


Eliminated 0 points
Completed iteration 26


Eliminated 0 points
Completed iteration 27


Eliminated 0 points
Completed iteration 28


Eliminated 0 points
Completed iteration 29


Eliminated 0 points
Completed iteration 30
Confidence threshold=0
Overall results (energy)
Interpolation failed - throwing out 1 points
TPR Info by Lines: FPR Threshold/TPR/TPR STD ERR/TPR STD
    0.0500    0.1000    0.1500
    0.1364    0.2611    0.3593
    0.0060    0.0057    0.0071
    0.0331    0.0314    0.0387

Prediction points: 130.000000 (stddev 0.000000)
p-value (Wilcoxon signed ranked test): 0.000002
AUC ave err std
    0.7078

    0.0089

    0.0488

Precision / Recall macro
    0.7729    0.9371

Precision / Recall micro
    0.7720    0.9367

Std devs
    0.0389    0.0555

Overall results (crowdsource)
Interpolation failed - throwing out 1 points
Interpolation failed - throwing out 2 points
TPR Info by Lines: FPR Threshold/TPR/TPR STD ERR/TPR STD
    0.0500    0.1000    0.1500
    0.3108    0.3773    0.4164
    0.0066    0.0081    0.0081
    0.0360    0.0443    0.0446

Prediction points: 130.000000 (stddev 0.000000)
p-value (Wilcoxon signed ranked test): 0.000002
AUC ave err std
    0.6446

    0.0110

    0.0605

Precision / Recall macro
    0.9362    0.3265

Precision / Recall micro
    0.9336    0.3262

Std devs
    0.0464    0.0599

Overall results (hybrid)
Interpolation failed - throwing out 1 points
TPR Info by Lines: FPR Threshold/TPR/TPR STD ERR/TPR STD
    0.0500    0.1000    0.1500
    0.0927    0.2008    0.2754
    0.0302    0.0397    0.0455
    0.0302    0.0397    0.0455

Prediction points: 130.000000 (stddev 0.000000)
p-value (Wilcoxon signed ranked test): 0.000002
AUC ave err std
    0.6558

    0.0609

    0.0609

Precision / Recall macro
    0.7945    0.8124

Precision / Recall micro
    0.7928    0.8123

Std devs
if system_dependent('IsDebugMode')==1, dbcont; end
    0.0403    0.0542



Eliminated 19 points
Completed iteration 1


Eliminated 20 points
Completed iteration 2


Eliminated 22 points
Completed iteration 3


Eliminated 16 points
Completed iteration 4


Eliminated 16 points
Completed iteration 5


Eliminated 20 points
Completed iteration 6


Eliminated 21 points
Completed iteration 7


Eliminated 20 points
Completed iteration 8


Eliminated 24 points
Completed iteration 9


Eliminated 14 points
Completed iteration 10


Eliminated 23 points
Completed iteration 11


Eliminated 14 points
Completed iteration 12


Eliminated 18 points
Completed iteration 13


Eliminated 24 points
Completed iteration 14


Eliminated 4 points
Completed iteration 15


Eliminated 18 points
Completed iteration 16


Eliminated 8 points
Completed iteration 17


Eliminated 6 points
Completed iteration 18


Eliminated 11 points
Completed iteration 19


Eliminated 9 points
Completed iteration 20


Eliminated 23 points
Completed iteration 21


Eliminated 18 points
Completed iteration 22


Eliminated 10 points
Completed iteration 23


Eliminated 10 points
Completed iteration 24


Eliminated 20 points
Completed iteration 25


Eliminated 36 points
Completed iteration 26


Eliminated 30 points
Completed iteration 27


Eliminated 19 points
Completed iteration 28


Eliminated 22 points
Completed iteration 29


Eliminated 16 points
Completed iteration 30
Confidence threshold=0.5
Overall results (energy)
Interpolation failed - throwing out 1 points
TPR Info by Lines: FPR Threshold/TPR/TPR STD ERR/TPR STD
    0.0500    0.1000    0.1500
    0.1758    0.3013    0.3777
    0.0072    0.0094    0.0100
    0.0393    0.0517    0.0550

Prediction points: 111.233333 (stddev 7.059761)
p-value (Wilcoxon signed ranked test): 0.000002
AUC ave err std
    0.7349

    0.0123

    0.0676

Precision / Recall macro
    0.7851    0.8494

Precision / Recall micro
    0.7848    0.8489

Std devs
    0.0410    0.0502

Overall results (crowdsource)
Interpolation failed - throwing out 1 points
Interpolation failed - throwing out 2 points
Interpolation failed - throwing out 3 points
Interpolation failed - throwing out 4 points
Interpolation failed - throwing out 5 points
Interpolation failed - throwing out 6 points
Interpolation failed - throwing out 7 points
Interpolation failed - throwing out 8 points
Interpolation failed - throwing out 9 points
Interpolation failed - throwing out 10 points
TPR Info by Lines: FPR Threshold/TPR/TPR STD ERR/TPR STD
    0.0500    0.1000    0.1500
    0.3855    0.5133    0.5722
    0.0096    0.0111    0.0131
    0.0525    0.0607    0.0715

Prediction points: 62.000000 (stddev 10.995297)
p-value (Wilcoxon signed ranked test): 0.000002
AUC ave err std
    0.7483

    0.0148

    0.0812

Precision / Recall macro
    0.9330    0.2848

Precision / Recall micro
    0.9347    0.2851

Std devs
    0.0491    0.0568

Overall results (hybrid)
Interpolation failed - throwing out 1 points
TPR Info by Lines: FPR Threshold/TPR/TPR STD ERR/TPR STD
    0.0500    0.1000    0.1500
    0.1162    0.2091    0.2990
    0.0379    0.0452    0.0532
    0.0379    0.0452    0.0532

Prediction points: 112.300000 (stddev 6.918989)
p-value (Wilcoxon signed ranked test): 0.000002
AUC ave err std
    0.6519

    0.0722

    0.0722

Precision / Recall macro
    0.7936    0.7330

Precision / Recall micro
    0.7918    0.7316

Std devs
if system_dependent('IsDebugMode')==1, dbquit; end
GP_crowdsource(30,30)
