!!!!below quality measures have been removed due to insufficient data!!!!!!!!!!!!
binThreshold:30
crowdsource cutoff:0.8
using confidence:1
Number of bins: 31
Average bin size: 1.683871e+01
if system_dependent('IsDebugMode')==1, dbcont; end

Using threshold of 0.840677

Using threshold of 0.141600
Eliminated 0 points
Completed iteration 1
if system_dependent('IsDebugMode')==1, dbcont; end

Using threshold of 0.785320

Using threshold of 0.098358
Eliminated 0 points
Completed iteration 2

Using threshold of 0.829316

Using threshold of 0.120645
Eliminated 0 points
Completed iteration 3

Using threshold of 0.718921

Using threshold of 0.091164
Eliminated 0 points
Completed iteration 4

Using threshold of 0.705477

Using threshold of 0.076697
Eliminated 0 points
Completed iteration 5

Using threshold of 0.859655

Using threshold of 0.062511
Eliminated 0 points
Completed iteration 6

Using threshold of 0.751555

Using threshold of 0.085366
Eliminated 0 points
Completed iteration 7

Using threshold of 0.849362

Using threshold of 0.115367
Eliminated 0 points
Completed iteration 8

Using threshold of 0.769332

Using threshold of 0.087665
Eliminated 0 points
Completed iteration 9

Using threshold of 0.799687

Using threshold of 0.082474
Eliminated 0 points
Completed iteration 10

Using threshold of 0.778395

Using threshold of 0.078801
Eliminated 0 points
Completed iteration 11

Using threshold of 0.773350

Using threshold of 0.104764
Eliminated 0 points
Completed iteration 12

Using threshold of 0.641473

Using threshold of 0.100348
Eliminated 0 points
Completed iteration 13

Using threshold of 0.700302

Using threshold of 0.085311
Eliminated 0 points
Completed iteration 14

Using threshold of 0.824287

Using threshold of 0.132136
Eliminated 0 points
Completed iteration 15

Using threshold of 0.815888

Using threshold of 0.106286
Eliminated 0 points
Completed iteration 16

Using threshold of 0.649244

Using threshold of 0.086078
Eliminated 0 points
Completed iteration 17

Using threshold of 0.690171

Using threshold of 0.084353
Eliminated 0 points
Completed iteration 18

Using threshold of 0.726987

Using threshold of 0.131798
Eliminated 0 points
Completed iteration 19

Using threshold of 0.783049

Using threshold of 0.094492
Eliminated 0 points
Completed iteration 20

Using threshold of 0.773159

Using threshold of 0.093447
Eliminated 0 points
Completed iteration 21

Using threshold of 0.822541

Using threshold of 0.124677
Eliminated 0 points
Completed iteration 22

Using threshold of 0.798528

Using threshold of 0.090073
Eliminated 0 points
Completed iteration 23

Using threshold of 0.830749

Using threshold of 0.121403
Eliminated 0 points
Completed iteration 24

Using threshold of 0.700333

Using threshold of 0.084121
Eliminated 0 points
Completed iteration 25

Using threshold of 0.838488

Using threshold of 0.111530
Eliminated 0 points
Completed iteration 26

Using threshold of 0.758635

Using threshold of 0.097208
Eliminated 0 points
Completed iteration 27

Using threshold of 0.763939

Using threshold of 0.089505
Eliminated 0 points
Completed iteration 28

Using threshold of 0.674890

Using threshold of 0.115691
Eliminated 0 points
Completed iteration 29

Using threshold of 0.782002

Using threshold of 0.124664
Eliminated 0 points
Completed iteration 30
Printing all grasps falling into high-precision nodes. Conf=0.000000
Node index 40
  115.0000    1.3628    1.0332
  125.0000    0.3519   -0.1576
  252.0000    0.2069    0.2599
  293.0000    0.7703   -0.2687
  326.0000    0.0786   -0.5988
  333.0000    0.3716   -0.5294
  337.0000    0.2168   -0.5907
  354.0000    0.0398   -0.0666
  356.0000    0.0574   -0.0819
  366.0000    0.6678   -0.4178
  370.0000    0.5878   -0.2162
  383.0000    0.5180   -0.4665
  408.0000    1.4970    0.4215
  440.0000    0.9816    0.1423
  451.0000    0.5255   -0.2630
  508.0000    0.1012   -0.3952

Node index 45
  302.0000    0.0112   -0.5155
  312.0000    0.3276   -0.6721
  317.0000    0.4537   -0.6457
  318.0000    0.3156   -0.4720
  328.0000    0.7668   -0.2627
  342.0000   -0.0541   -0.5214
  358.0000    0.3223   -0.8622
  361.0000    0.4764   -0.8169
  385.0000    0.5816   -0.4596
  394.0000    0.4076   -0.7946
  416.0000    0.1682   -0.7233
  417.0000    0.0546   -0.7203
  425.0000    0.2748   -0.5124
  426.0000    0.2563   -0.6375
  432.0000    0.2119   -0.6607
  437.0000    0.1376   -0.6311
  453.0000    0.5616   -0.4939
  456.0000    0.4009   -0.6149

Node index 61
  123.0000   -1.2860   -1.1031
  126.0000   -1.3861   -1.1349
  129.0000   -1.2763   -1.0982
  131.0000   -0.9495   -1.1644
  135.0000   -1.2508   -1.0639
  136.0000   -1.0430   -1.0751
  140.0000   -1.1285   -1.1208
  141.0000   -1.1939   -1.1441
  142.0000   -1.1464   -1.0991
  143.0000   -1.1035   -1.1816
  144.0000   -1.1265   -1.2011
  145.0000   -0.9449   -1.0563
  146.0000   -0.5410   -0.7897
  148.0000   -0.7518   -1.0837
  154.0000   -1.1294   -1.1484
  155.0000   -0.9471   -1.1330
  156.0000   -0.9658   -1.1098
  158.0000   -1.3263   -1.1428
  161.0000   -1.0231   -1.1010
  165.0000   -1.1258   -1.0835
  166.0000   -1.1304   -1.0308
  169.0000   -1.3514   -0.9588
  171.0000   -0.4153   -0.7345
  174.0000   -1.2337   -1.0074
  183.0000   -0.0074   -0.3402
  187.0000    0.4195   -0.0820
  203.0000    0.4120   -0.0735
  221.0000   -0.1590   -0.3876
  234.0000   -6.8296    5.9323
  288.0000   -6.8296    5.9323
  308.0000   -0.8761   -0.6106
  349.0000    0.0155   -0.8047
  359.0000    0.1543   -1.0458
  362.0000    0.0998   -0.9155
  363.0000    0.0933   -0.9662
  364.0000    0.1674   -0.8661
  367.0000    0.1480   -0.9396
  372.0000    0.1446   -0.9280
  373.0000   -0.1175   -0.9002
  380.0000    0.0154   -0.9871
  381.0000   -0.0080   -0.9778
  382.0000    0.0480   -0.9783
  384.0000    0.1921   -0.8193
  389.0000    0.2769   -0.8132
  392.0000    0.0905   -0.9055
  404.0000    0.5607   -0.3474
  422.0000   -0.0029   -0.7633
  441.0000   -0.0068   -0.7290
  462.0000   -1.2304   -1.0035
  492.0000   -0.9812   -0.7521
  503.0000   -1.5664   -1.3933

85 points dumped in total
index 115: 1.362757, 1.033249
index 123: -1.286012, -1.103101
index 125: 0.351854, -0.157623
index 126: -1.386119, -1.134917
index 129: -1.276321, -1.098237
index 131: -0.949541, -1.164423
index 135: -1.250809, -1.063940
index 136: -1.042996, -1.075127
index 140: -1.128468, -1.120816
index 141: -1.193948, -1.144144
index 142: -1.146417, -1.099074
index 143: -1.103512, -1.181596
index 144: -1.126458, -1.201077
index 145: -0.944932, -1.056272
index 146: -0.541017, -0.789709
index 148: -0.751847, -1.083688
index 154: -1.129444, -1.148398
index 155: -0.947082, -1.132953
index 156: -0.965784, -1.109754
index 158: -1.326341, -1.142790
index 161: -1.023142, -1.100964
index 165: -1.125796, -1.083487
index 166: -1.130412, -1.030786
index 169: -1.351438, -0.958782
index 171: -0.415313, -0.734486
index 174: -1.233745, -1.007385
index 183: -0.007381, -0.340177
index 187: 0.419478, -0.081951
index 203: 0.412045, -0.073475
index 221: -0.159020, -0.387640
index 234: -6.829649, 5.932283
index 252: 0.206904, 0.259901
index 288: -6.829649, 5.932283
index 293: 0.770302, -0.268702
index 302: 0.011193, -0.515459
index 308: -0.876082, -0.610554
index 312: 0.327552, -0.672094
index 317: 0.453667, -0.645690
index 318: 0.315610, -0.472040
index 326: 0.078584, -0.598787
index 328: 0.766844, -0.262657
index 333: 0.371626, -0.529432
index 337: 0.216790, -0.590723
index 342: -0.054087, -0.521437
index 349: 0.015452, -0.804719
index 354: 0.039814, -0.066639
index 356: 0.057426, -0.081872
index 358: 0.322345, -0.862207
index 359: 0.154335, -1.045792
index 361: 0.476434, -0.816948
index 362: 0.099808, -0.915471
index 363: 0.093325, -0.966153
index 364: 0.167403, -0.866064
index 366: 0.667760, -0.417805
index 367: 0.147970, -0.939631
index 370: 0.587848, -0.216198
index 372: 0.144624, -0.928034
index 373: -0.117469, -0.900169
index 380: 0.015444, -0.987143
index 381: -0.007965, -0.977824
index 382: 0.048045, -0.978256
index 383: 0.518006, -0.466504
index 384: 0.192055, -0.819327
index 385: 0.581607, -0.459552
index 389: 0.276863, -0.813190
index 392: 0.090475, -0.905511
index 394: 0.407647, -0.794572
index 404: 0.560708, -0.347423
index 408: 1.496982, 0.421458
index 416: 0.168205, -0.723279
index 417: 0.054628, -0.720293
index 422: -0.002932, -0.763330
index 425: 0.274810, -0.512404
index 426: 0.256349, -0.637506
index 432: 0.211942, -0.660727
index 437: 0.137557, -0.631084
index 440: 0.981575, 0.142324
index 441: -0.006808, -0.728974
index 451: 0.525452, -0.263001
index 453: 0.561584, -0.493914
index 456: 0.400858, -0.614878
index 462: -1.230404, -1.003526
index 492: -0.981164, -0.752083
index 503: -1.566423, -1.393328
index 508: 0.101169, -0.395157
Interpolation failed - throwing out 1 points
TPR Info by Lines: FPR Threshold/TPR/TPR STD ERR/TPR STD
    0.0500    0.1000    0.1500
    0.2866    0.4157    0.4999
    0.0324    0.0476    0.0512
    0.0324    0.0476    0.0512

Overall results (hybrid)
Confidence threshold=0
Filtered datapoints
Prediction points: 130.000000 (stddev 0.000000)
Individual AUCs:
    0.8423
    0.8173
    0.7454
    0.7241
    0.8038
    0.7820
    0.6905
    0.7323
    0.7509
    0.7685
    0.8110
    0.8053
    0.7249
    0.7736
    0.7641
    0.8286
    0.6903
    0.7193
    0.7340
    0.7868
    0.8247
    0.7409
    0.7667
    0.8342
    0.7677
    0.6950
    0.8073
    0.7377
    0.7672
    0.7398

p-value (Wilcoxon signed ranked test): 0.000002
AUC ave err std
    0.7659

    0.0435

    0.0435

Precision / Recall macro
    0.8797    0.6002

Precision / Recall micro
    0.8759    0.6004

Std devs
    0.0440    0.1272


Using threshold of 0.733875

Using threshold of 0.118394
Eliminated 33 points
Completed iteration 1

Using threshold of 0.796270

Using threshold of 0.123923
Eliminated 18 points
Completed iteration 2

Using threshold of 0.780714

Using threshold of 0.117070
Eliminated 42 points
Completed iteration 3

Using threshold of 0.843389

Using threshold of 0.117788
Eliminated 31 points
Completed iteration 4

Using threshold of 0.806859

Using threshold of 0.110557
Eliminated 33 points
Completed iteration 5

Using threshold of 0.738499

Using threshold of 0.172475
Eliminated 17 points
Completed iteration 6

Using threshold of 0.867361

Using threshold of 0.105371
Eliminated 57 points
Completed iteration 7

Using threshold of 0.824141

Using threshold of 0.122643
Eliminated 69 points
Completed iteration 8

Using threshold of 0.692521

Using threshold of 0.127845
Eliminated 27 points
Completed iteration 9

Using threshold of 0.651334

Using threshold of 0.126858
Eliminated 18 points
Completed iteration 10

Using threshold of 0.728313

Using threshold of 0.085409
Eliminated 36 points
Completed iteration 11

Using threshold of 0.765015

Using threshold of 0.227721
Eliminated 42 points
Completed iteration 12

Using threshold of 0.651390

Using threshold of 0.113238
Eliminated 32 points
Completed iteration 13

Using threshold of 0.760676

Using threshold of 0.128552
Eliminated 43 points
Completed iteration 14

Using threshold of 0.712675

Using threshold of 0.105540
Eliminated 16 points
Completed iteration 15

Using threshold of 0.715904

Using threshold of 0.072811
Eliminated 30 points
Completed iteration 16

Using threshold of 0.696928

Using threshold of 0.106263
Eliminated 13 points
Completed iteration 17

Using threshold of 0.792551

Using threshold of 0.161321
Eliminated 29 points
Completed iteration 18

Using threshold of 0.831285

Using threshold of 0.105654
Eliminated 30 points
Completed iteration 19

Using threshold of 0.785371

Using threshold of 0.097755
Eliminated 32 points
Completed iteration 20

Using threshold of 0.811951

Using threshold of 0.107536
Eliminated 40 points
Completed iteration 21

Using threshold of 0.745035

Using threshold of 0.118108
Eliminated 24 points
Completed iteration 22

Using threshold of 0.780456

Using threshold of 0.125545
Eliminated 27 points
Completed iteration 23

Using threshold of 0.809826

Using threshold of 0.110756
Eliminated 31 points
Completed iteration 24

Using threshold of 0.783018

Using threshold of 0.144073
Eliminated 32 points
Completed iteration 25

Using threshold of 0.789764

Using threshold of 0.097896
Eliminated 53 points
Completed iteration 26

Using threshold of 0.868564

Using threshold of 0.082982
Eliminated 22 points
Completed iteration 27

Using threshold of 0.702910

Using threshold of 0.073326
Eliminated 31 points
Completed iteration 28

Using threshold of 0.817112

Using threshold of 0.107418
Eliminated 26 points
Completed iteration 29

Using threshold of 0.679659

Using threshold of 0.115700
Eliminated 24 points
Completed iteration 30
Printing all grasps falling into high-precision nodes. Conf=0.500000
Node index 40
  115.0000    1.3628    1.0332
  125.0000    0.3519   -0.1576
  252.0000    0.2069    0.2599
  293.0000    0.7703   -0.2687
  326.0000    0.0786   -0.5988
  333.0000    0.3716   -0.5294
  337.0000    0.2168   -0.5907
  354.0000    0.0398   -0.0666
  356.0000    0.0574   -0.0819
  366.0000    0.6678   -0.4178
  370.0000    0.5878   -0.2162
  383.0000    0.5180   -0.4665
  408.0000    1.4970    0.4215
  440.0000    0.9816    0.1423
  451.0000    0.5255   -0.2630
  508.0000    0.1012   -0.3952

Node index 21
  133.0000   -0.0972   -0.5695
  137.0000   -0.0035   -0.4807
  164.0000    0.1139    0.1288
  222.0000   -0.2298   -0.6370
  241.0000    0.6677    0.4557
  251.0000    0.2939    0.2990
  257.0000    0.2523    0.3165
  262.0000    0.2294    0.3334
  265.0000    0.4408    0.3647
  272.0000   -0.2322   -0.0789
  277.0000    0.1776    0.3277
  289.0000    0.0411   -0.4544
  313.0000   -0.0859   -0.4315
  324.0000    0.3914   -0.7584
  331.0000    0.1256   -0.4845
  334.0000    0.2290   -0.8072
  338.0000   -0.0110   -0.5117
  352.0000    0.1040   -0.4730
  357.0000    0.4987   -0.5761
  368.0000    0.6070    0.1004
  387.0000    0.3069   -0.8166
  411.0000    0.3561   -0.6198
  413.0000   -0.0145   -0.7294
  418.0000   -0.0143   -0.7239
  419.0000    0.2517   -0.6242
  429.0000    0.3642   -0.3874
  439.0000    0.6322   -0.3536
  445.0000    0.2194    0.1792
  447.0000    0.3458   -0.5330
  460.0000    0.2466   -0.5846

Node index 45
  302.0000    0.0112   -0.5155
  312.0000    0.3276   -0.6721
  317.0000    0.4537   -0.6457
  318.0000    0.3156   -0.4720
  328.0000    0.7668   -0.2627
  342.0000   -0.0541   -0.5214
  358.0000    0.3223   -0.8622
  361.0000    0.4764   -0.8169
  385.0000    0.5816   -0.4596
  394.0000    0.4076   -0.7946
  416.0000    0.1682   -0.7233
  417.0000    0.0546   -0.7203
  425.0000    0.2748   -0.5124
  426.0000    0.2563   -0.6375
  432.0000    0.2119   -0.6607
  437.0000    0.1376   -0.6311
  453.0000    0.5616   -0.4939
  456.0000    0.4009   -0.6149

Node index 61
  123.0000   -1.2860   -1.1031
  126.0000   -1.3861   -1.1349
  129.0000   -1.2763   -1.0982
  131.0000   -0.9495   -1.1644
  135.0000   -1.2508   -1.0639
  136.0000   -1.0430   -1.0751
  140.0000   -1.1285   -1.1208
  141.0000   -1.1939   -1.1441
  142.0000   -1.1464   -1.0991
  143.0000   -1.1035   -1.1816
  144.0000   -1.1265   -1.2011
  145.0000   -0.9449   -1.0563
  146.0000   -0.5410   -0.7897
  148.0000   -0.7518   -1.0837
  154.0000   -1.1294   -1.1484
  155.0000   -0.9471   -1.1330
  156.0000   -0.9658   -1.1098
  158.0000   -1.3263   -1.1428
  161.0000   -1.0231   -1.1010
  165.0000   -1.1258   -1.0835
  166.0000   -1.1304   -1.0308
  169.0000   -1.3514   -0.9588
  171.0000   -0.4153   -0.7345
  174.0000   -1.2337   -1.0074
  183.0000   -0.0074   -0.3402
  187.0000    0.4195   -0.0820
  203.0000    0.4120   -0.0735
  221.0000   -0.1590   -0.3876
  234.0000   -6.8296    5.9323
  288.0000   -6.8296    5.9323
  308.0000   -0.8761   -0.6106
  349.0000    0.0155   -0.8047
  359.0000    0.1543   -1.0458
  362.0000    0.0998   -0.9155
  363.0000    0.0933   -0.9662
  364.0000    0.1674   -0.8661
  367.0000    0.1480   -0.9396
  372.0000    0.1446   -0.9280
  373.0000   -0.1175   -0.9002
  380.0000    0.0154   -0.9871
  381.0000   -0.0080   -0.9778
  382.0000    0.0480   -0.9783
  384.0000    0.1921   -0.8193
  389.0000    0.2769   -0.8132
  392.0000    0.0905   -0.9055
  404.0000    0.5607   -0.3474
  422.0000   -0.0029   -0.7633
  441.0000   -0.0068   -0.7290
  462.0000   -1.2304   -1.0035
  492.0000   -0.9812   -0.7521
  503.0000   -1.5664   -1.3933

115 points dumped in total
index 115: 1.362757, 1.033249
index 123: -1.286012, -1.103101
index 125: 0.351854, -0.157623
index 126: -1.386119, -1.134917
index 129: -1.276321, -1.098237
index 131: -0.949541, -1.164423
index 133: -0.097228, -0.569516
index 135: -1.250809, -1.063940
index 136: -1.042996, -1.075127
index 137: -0.003499, -0.480654
index 140: -1.128468, -1.120816
index 141: -1.193948, -1.144144
index 142: -1.146417, -1.099074
index 143: -1.103512, -1.181596
index 144: -1.126458, -1.201077
index 145: -0.944932, -1.056272
index 146: -0.541017, -0.789709
index 148: -0.751847, -1.083688
index 154: -1.129444, -1.148398
index 155: -0.947082, -1.132953
index 156: -0.965784, -1.109754
index 158: -1.326341, -1.142790
index 161: -1.023142, -1.100964
index 164: 0.113930, 0.128786
index 165: -1.125796, -1.083487
index 166: -1.130412, -1.030786
index 169: -1.351438, -0.958782
index 171: -0.415313, -0.734486
index 174: -1.233745, -1.007385
index 183: -0.007381, -0.340177
index 187: 0.419478, -0.081951
index 203: 0.412045, -0.073475
index 221: -0.159020, -0.387640
index 222: -0.229827, -0.637012
index 234: -6.829649, 5.932283
index 241: 0.667745, 0.455659
index 251: 0.293945, 0.298972
index 252: 0.206904, 0.259901
index 257: 0.252341, 0.316534
index 262: 0.229431, 0.333448
index 265: 0.440795, 0.364719
index 272: -0.232181, -0.078949
index 277: 0.177622, 0.327670
index 288: -6.829649, 5.932283
index 289: 0.041133, -0.454373
index 293: 0.770302, -0.268702
index 302: 0.011193, -0.515459
index 308: -0.876082, -0.610554
index 312: 0.327552, -0.672094
index 313: -0.085936, -0.431462
index 317: 0.453667, -0.645690
index 318: 0.315610, -0.472040
index 324: 0.391450, -0.758403
index 326: 0.078584, -0.598787
index 328: 0.766844, -0.262657
index 331: 0.125569, -0.484463
index 333: 0.371626, -0.529432
index 334: 0.229013, -0.807171
index 337: 0.216790, -0.590723
index 338: -0.010998, -0.511679
index 342: -0.054087, -0.521437
index 349: 0.015452, -0.804719
index 352: 0.104047, -0.473020
index 354: 0.039814, -0.066639
index 356: 0.057426, -0.081872
index 357: 0.498666, -0.576095
index 358: 0.322345, -0.862207
index 359: 0.154335, -1.045792
index 361: 0.476434, -0.816948
index 362: 0.099808, -0.915471
index 363: 0.093325, -0.966153
index 364: 0.167403, -0.866064
index 366: 0.667760, -0.417805
index 367: 0.147970, -0.939631
index 368: 0.607005, 0.100438
index 370: 0.587848, -0.216198
index 372: 0.144624, -0.928034
index 373: -0.117469, -0.900169
index 380: 0.015444, -0.987143
index 381: -0.007965, -0.977824
index 382: 0.048045, -0.978256
index 383: 0.518006, -0.466504
index 384: 0.192055, -0.819327
index 385: 0.581607, -0.459552
index 387: 0.306900, -0.816591
index 389: 0.276863, -0.813190
index 392: 0.090475, -0.905511
index 394: 0.407647, -0.794572
index 404: 0.560708, -0.347423
index 408: 1.496982, 0.421458
index 411: 0.356147, -0.619765
index 413: -0.014482, -0.729398
index 416: 0.168205, -0.723279
index 417: 0.054628, -0.720293
index 418: -0.014319, -0.723861
index 419: 0.251748, -0.624211
index 422: -0.002932, -0.763330
index 425: 0.274810, -0.512404
index 426: 0.256349, -0.637506
index 429: 0.364166, -0.387402
index 432: 0.211942, -0.660727
index 437: 0.137557, -0.631084
index 439: 0.632173, -0.353580
index 440: 0.981575, 0.142324
index 441: -0.006808, -0.728974
index 445: 0.219406, 0.179204
index 447: 0.345808, -0.532963
index 451: 0.525452, -0.263001
index 453: 0.561584, -0.493914
index 456: 0.400858, -0.614878
index 460: 0.246552, -0.584550
index 462: -1.230404, -1.003526
index 492: -0.981164, -0.752083
index 503: -1.566423, -1.393328
index 508: 0.101169, -0.395157
Interpolation failed - throwing out 1 points
Interpolation failed - throwing out 2 points
Interpolation failed - throwing out 3 points
TPR Info by Lines: FPR Threshold/TPR/TPR STD ERR/TPR STD
    0.0500    0.1000    0.1500
    0.3164    0.4285    0.5248
    0.0335    0.0415    0.0523
    0.0335    0.0415    0.0523

Overall results (hybrid)
Confidence threshold=0.5
Filtered datapoints
Prediction points: 98.066667 (stddev 12.325844)
Individual AUCs:
    0.7833
    0.6781
    0.7699
    0.8593
    0.7123
    0.7425
    0.6758
    0.8389
    0.7954
    0.7663
    0.6891
    0.7516
    0.7781
    0.7368
    0.7867
    0.8670
    0.7809
    0.7829
    0.7984
    0.8164
    0.7639
    0.7410
    0.7861
    0.7937
    0.8166
    0.9243
    0.7102
    0.8193
    0.6990
    0.8050

p-value (Wilcoxon signed ranked test): 0.000002
AUC ave err std
    0.7756

    0.0572

    0.0572

Precision / Recall macro
    0.8817    0.5379

Precision / Recall micro
    0.8792    0.5382

Std devs
    0.0425    0.1104


Using threshold of 0.734169

Using threshold of 0.104153
Eliminated 50 points
Completed iteration 1

Using threshold of 0.787048

Using threshold of 0.129121
Eliminated 39 points
Completed iteration 2

Using threshold of 0.772293

Using threshold of 0.173072
Eliminated 29 points
Completed iteration 3

Using threshold of 0.772983

Using threshold of 0.121690
Eliminated 29 points
Completed iteration 4

Using threshold of 0.796020

Using threshold of 0.085022
Eliminated 39 points
Completed iteration 5

Using threshold of 0.812101

Using threshold of 0.151330
Eliminated 52 points
Completed iteration 6

Using threshold of 0.808751

Using threshold of 0.140572
Eliminated 44 points
Completed iteration 7

Using threshold of 0.765880

Using threshold of 0.140825
Eliminated 17 points
Completed iteration 8

Using threshold of 0.735896

Using threshold of 0.115709
Eliminated 46 points
Completed iteration 9

Using threshold of 0.849906

Using threshold of 0.153821
Eliminated 46 points
Completed iteration 10

Using threshold of 0.762328

Using threshold of 0.144413
Eliminated 31 points
Completed iteration 11

Using threshold of 0.754574

Using threshold of 0.169276
Eliminated 28 points
Completed iteration 12

Using threshold of 0.869956

Using threshold of 0.086330
Eliminated 40 points
Completed iteration 13

Using threshold of 0.811822

Using threshold of 0.092266
Eliminated 43 points
Completed iteration 14

Using threshold of 0.849510

Using threshold of 0.095253
Eliminated 45 points
Completed iteration 15

Using threshold of 0.786402

Using threshold of 0.156408
Eliminated 53 points
Completed iteration 16

Using threshold of 0.822701

Using threshold of 0.123268
Eliminated 53 points
Completed iteration 17

Using threshold of 0.825116

Using threshold of 0.078304
Eliminated 31 points
Completed iteration 18

Using threshold of 0.700383

Using threshold of 0.104901
Eliminated 20 points
Completed iteration 19

Using threshold of 0.781205

Using threshold of 0.130215
Eliminated 32 points
Completed iteration 20

Using threshold of 0.747330

Using threshold of 0.109927
Eliminated 36 points
Completed iteration 21

Using threshold of 0.801097

Using threshold of 0.100055
Eliminated 32 points
Completed iteration 22

Using threshold of 0.737465

Using threshold of 0.107323
Eliminated 13 points
Completed iteration 23

Using threshold of 0.794545

Using threshold of 0.129010
Eliminated 44 points
Completed iteration 24

Using threshold of 0.751965

Using threshold of 0.079744
Eliminated 32 points
Completed iteration 25

Using threshold of 0.778981

Using threshold of 0.108360
Eliminated 34 points
Completed iteration 26

Using threshold of 0.853673

Using threshold of 0.108044
Eliminated 26 points
Completed iteration 27

Using threshold of 0.715674

Using threshold of 0.238726
Eliminated 37 points
Completed iteration 28

Using threshold of 0.810393

Using threshold of 0.096715
Eliminated 38 points
Completed iteration 29

Using threshold of 0.825157

Using threshold of 0.203100
Eliminated 35 points
Completed iteration 30
Printing all grasps falling into high-precision nodes. Conf=0.600000
Node index 40
  115.0000    1.3628    1.0332
  125.0000    0.3519   -0.1576
  252.0000    0.2069    0.2599
  293.0000    0.7703   -0.2687
  326.0000    0.0786   -0.5988
  333.0000    0.3716   -0.5294
  337.0000    0.2168   -0.5907
  354.0000    0.0398   -0.0666
  356.0000    0.0574   -0.0819
  366.0000    0.6678   -0.4178
  370.0000    0.5878   -0.2162
  383.0000    0.5180   -0.4665
  408.0000    1.4970    0.4215
  440.0000    0.9816    0.1423
  451.0000    0.5255   -0.2630
  508.0000    0.1012   -0.3952

Node index 61
  123.0000   -1.2860   -1.1031
  126.0000   -1.3861   -1.1349
  129.0000   -1.2763   -1.0982
  131.0000   -0.9495   -1.1644
  135.0000   -1.2508   -1.0639
  136.0000   -1.0430   -1.0751
  140.0000   -1.1285   -1.1208
  141.0000   -1.1939   -1.1441
  142.0000   -1.1464   -1.0991
  143.0000   -1.1035   -1.1816
  144.0000   -1.1265   -1.2011
  145.0000   -0.9449   -1.0563
  146.0000   -0.5410   -0.7897
  148.0000   -0.7518   -1.0837
  154.0000   -1.1294   -1.1484
  155.0000   -0.9471   -1.1330
  156.0000   -0.9658   -1.1098
  158.0000   -1.3263   -1.1428
  161.0000   -1.0231   -1.1010
  165.0000   -1.1258   -1.0835
  166.0000   -1.1304   -1.0308
  169.0000   -1.3514   -0.9588
  171.0000   -0.4153   -0.7345
  174.0000   -1.2337   -1.0074
  183.0000   -0.0074   -0.3402
  187.0000    0.4195   -0.0820
  203.0000    0.4120   -0.0735
  221.0000   -0.1590   -0.3876
  234.0000   -6.8296    5.9323
  288.0000   -6.8296    5.9323
  308.0000   -0.8761   -0.6106
  349.0000    0.0155   -0.8047
  359.0000    0.1543   -1.0458
  362.0000    0.0998   -0.9155
  363.0000    0.0933   -0.9662
  364.0000    0.1674   -0.8661
  367.0000    0.1480   -0.9396
  372.0000    0.1446   -0.9280
  373.0000   -0.1175   -0.9002
  380.0000    0.0154   -0.9871
  381.0000   -0.0080   -0.9778
  382.0000    0.0480   -0.9783
  384.0000    0.1921   -0.8193
  389.0000    0.2769   -0.8132
  392.0000    0.0905   -0.9055
  404.0000    0.5607   -0.3474
  422.0000   -0.0029   -0.7633
  441.0000   -0.0068   -0.7290
  462.0000   -1.2304   -1.0035
  492.0000   -0.9812   -0.7521
  503.0000   -1.5664   -1.3933

67 points dumped in total
index 123: -1.286012, -1.103101
index 126: -1.386119, -1.134917
index 129: -1.276321, -1.098237
index 131: -0.949541, -1.164423
index 135: -1.250809, -1.063940
index 136: -1.042996, -1.075127
index 140: -1.128468, -1.120816
index 141: -1.193948, -1.144144
index 142: -1.146417, -1.099074
index 143: -1.103512, -1.181596
index 144: -1.126458, -1.201077
index 145: -0.944932, -1.056272
index 146: -0.541017, -0.789709
index 148: -0.751847, -1.083688
index 154: -1.129444, -1.148398
index 155: -0.947082, -1.132953
index 156: -0.965784, -1.109754
index 158: -1.326341, -1.142790
index 161: -1.023142, -1.100964
index 165: -1.125796, -1.083487
index 166: -1.130412, -1.030786
index 169: -1.351438, -0.958782
index 171: -0.415313, -0.734486
index 174: -1.233745, -1.007385
index 183: -0.007381, -0.340177
index 187: 0.419478, -0.081951
index 203: 0.412045, -0.073475
index 221: -0.159020, -0.387640
index 234: -6.829649, 5.932283
index 288: -6.829649, 5.932283
index 308: -0.876082, -0.610554
index 349: 0.015452, -0.804719
index 359: 0.154335, -1.045792
index 362: 0.099808, -0.915471
index 363: 0.093325, -0.966153
index 364: 0.167403, -0.866064
index 367: 0.147970, -0.939631
index 372: 0.144624, -0.928034
index 373: -0.117469, -0.900169
index 380: 0.015444, -0.987143
index 381: -0.007965, -0.977824
index 382: 0.048045, -0.978256
index 384: 0.192055, -0.819327
index 389: 0.276863, -0.813190
index 392: 0.090475, -0.905511
index 404: 0.560708, -0.347423
index 422: -0.002932, -0.763330
index 441: -0.006808, -0.728974
index 462: -1.230404, -1.003526
index 492: -0.981164, -0.752083
index 503: -1.566423, -1.393328
Interpolation failed - throwing out 1 points
TPR Info by Lines: FPR Threshold/TPR/TPR STD ERR/TPR STD
    0.0500    0.1000    0.1500
    0.2666    0.4389    0.5183
    0.0483    0.0479    0.0514
    0.0483    0.0479    0.0514

Overall results (hybrid)
Confidence threshold=0.6
Filtered datapoints
Prediction points: 93.533333 (stddev 10.224154)
Individual AUCs:
    0.7981
    0.7622
    0.7960
    0.8004
    0.6283
    0.7845
    0.8625
    0.7679
    0.7569
    0.7911
    0.8145
    0.8553
    0.8463
    0.8897
    0.7917
    0.8342
    0.7922
    0.6703
    0.7631
    0.8426
    0.7478
    0.6089
    0.8575
    0.7937
    0.7830
    0.8127
    0.7713
    0.8148
    0.6994
    0.7825

p-value (Wilcoxon signed ranked test): 0.000002
AUC ave err std
    0.7840

    0.0642

    0.0642

Precision / Recall macro
    0.8943    0.4837

Precision / Recall micro
    0.8928    0.4836

Std devs
    0.0348    0.0885


Using threshold of 0.824530

Using threshold of 0.107688
Eliminated 32 points
Completed iteration 1

Using threshold of 0.765406

Using threshold of 0.118738
Eliminated 31 points
Completed iteration 2

Using threshold of 0.773086

Using threshold of 0.156805
Eliminated 64 points
Completed iteration 3

Using threshold of 0.771050

Using threshold of 0.155555
Eliminated 57 points
Completed iteration 4

Using threshold of 0.722157

Using threshold of 0.070181
Eliminated 27 points
Completed iteration 5

Using threshold of 0.773425

Using threshold of 0.119106
Eliminated 33 points
Completed iteration 6

Using threshold of 0.686786

Using threshold of 0.058329
Eliminated 22 points
Completed iteration 7

Using threshold of 0.810810

Using threshold of 0.085226
Eliminated 55 points
Completed iteration 8

Using threshold of 0.817404

Using threshold of 0.090662
Eliminated 46 points
Completed iteration 9

Using threshold of 0.715507

Using threshold of 0.189778
Eliminated 47 points
Completed iteration 10

Using threshold of 0.745700

Using threshold of 0.113684
Eliminated 21 points
Completed iteration 11

Using threshold of 0.850258

Using threshold of 0.194509
Eliminated 88 points
Completed iteration 12

Using threshold of 0.741800

Using threshold of 0.059778
Eliminated 35 points
Completed iteration 13

Using threshold of 0.729957

Using threshold of 0.098802
Eliminated 27 points
Completed iteration 14

Using threshold of 0.734354

Using threshold of 0.058393
Eliminated 54 points
Completed iteration 15

Using threshold of 0.816574

Using threshold of 0.089907
Eliminated 65 points
Completed iteration 16

Using threshold of 0.708477

Using threshold of 0.079471
Eliminated 27 points
Completed iteration 17

Using threshold of 0.724059

Using threshold of 0.112524
Eliminated 38 points
Completed iteration 18

Using threshold of 0.762573

Using threshold of 0.075609
Eliminated 54 points
Completed iteration 19

Using threshold of 0.701401

Using threshold of 0.078296
Eliminated 48 points
Completed iteration 20

Using threshold of 0.738096

Using threshold of 0.151491
Eliminated 65 points
Completed iteration 21

Using threshold of 0.711117

Using threshold of 0.094468
Eliminated 56 points
Completed iteration 22

Using threshold of 0.845378

Using threshold of 0.115843
Eliminated 53 points
Completed iteration 23

Using threshold of 0.754863

Using threshold of 0.085913
Eliminated 28 points
Completed iteration 24

Using threshold of 0.804606

Using threshold of 0.115658
Eliminated 54 points
Completed iteration 25

Using threshold of 0.710484

Using threshold of 0.120642
Eliminated 41 points
Completed iteration 26

Using threshold of 0.743875

Using threshold of 0.116265
Eliminated 70 points
Completed iteration 27

Using threshold of 0.689269

Using threshold of 0.085912
Eliminated 44 points
Completed iteration 28

Using threshold of 0.844402

Using threshold of 0.121482
Eliminated 54 points
Completed iteration 29

Using threshold of 0.720523

Using threshold of 0.104956
Eliminated 50 points
Completed iteration 30
Printing all grasps falling into high-precision nodes. Conf=0.700000
Node index 40
  115.0000    1.3628    1.0332
  125.0000    0.3519   -0.1576
  252.0000    0.2069    0.2599
  293.0000    0.7703   -0.2687
  326.0000    0.0786   -0.5988
  333.0000    0.3716   -0.5294
  337.0000    0.2168   -0.5907
  354.0000    0.0398   -0.0666
  356.0000    0.0574   -0.0819
  366.0000    0.6678   -0.4178
  370.0000    0.5878   -0.2162
  383.0000    0.5180   -0.4665
  408.0000    1.4970    0.4215
  440.0000    0.9816    0.1423
  451.0000    0.5255   -0.2630
  508.0000    0.1012   -0.3952

Node index 61
  123.0000   -1.2860   -1.1031
  126.0000   -1.3861   -1.1349
  129.0000   -1.2763   -1.0982
  131.0000   -0.9495   -1.1644
  135.0000   -1.2508   -1.0639
  136.0000   -1.0430   -1.0751
  140.0000   -1.1285   -1.1208
  141.0000   -1.1939   -1.1441
  142.0000   -1.1464   -1.0991
  143.0000   -1.1035   -1.1816
  144.0000   -1.1265   -1.2011
  145.0000   -0.9449   -1.0563
  146.0000   -0.5410   -0.7897
  148.0000   -0.7518   -1.0837
  154.0000   -1.1294   -1.1484
  155.0000   -0.9471   -1.1330
  156.0000   -0.9658   -1.1098
  158.0000   -1.3263   -1.1428
  161.0000   -1.0231   -1.1010
  165.0000   -1.1258   -1.0835
  166.0000   -1.1304   -1.0308
  169.0000   -1.3514   -0.9588
  171.0000   -0.4153   -0.7345
  174.0000   -1.2337   -1.0074
  183.0000   -0.0074   -0.3402
  187.0000    0.4195   -0.0820
  203.0000    0.4120   -0.0735
  221.0000   -0.1590   -0.3876
  234.0000   -6.8296    5.9323
  288.0000   -6.8296    5.9323
  308.0000   -0.8761   -0.6106
  349.0000    0.0155   -0.8047
  359.0000    0.1543   -1.0458
  362.0000    0.0998   -0.9155
  363.0000    0.0933   -0.9662
  364.0000    0.1674   -0.8661
  367.0000    0.1480   -0.9396
  372.0000    0.1446   -0.9280
  373.0000   -0.1175   -0.9002
  380.0000    0.0154   -0.9871
  381.0000   -0.0080   -0.9778
  382.0000    0.0480   -0.9783
  384.0000    0.1921   -0.8193
  389.0000    0.2769   -0.8132
  392.0000    0.0905   -0.9055
  404.0000    0.5607   -0.3474
  422.0000   -0.0029   -0.7633
  441.0000   -0.0068   -0.7290
  462.0000   -1.2304   -1.0035
  492.0000   -0.9812   -0.7521
  503.0000   -1.5664   -1.3933

67 points dumped in total
index 115: 1.362757, 1.033249
index 123: -1.286012, -1.103101
index 125: 0.351854, -0.157623
index 126: -1.386119, -1.134917
index 129: -1.276321, -1.098237
index 131: -0.949541, -1.164423
index 135: -1.250809, -1.063940
index 136: -1.042996, -1.075127
index 140: -1.128468, -1.120816
index 141: -1.193948, -1.144144
index 142: -1.146417, -1.099074
index 143: -1.103512, -1.181596
index 144: -1.126458, -1.201077
index 145: -0.944932, -1.056272
index 146: -0.541017, -0.789709
index 148: -0.751847, -1.083688
index 154: -1.129444, -1.148398
index 155: -0.947082, -1.132953
index 156: -0.965784, -1.109754
index 158: -1.326341, -1.142790
index 161: -1.023142, -1.100964
index 165: -1.125796, -1.083487
index 166: -1.130412, -1.030786
index 169: -1.351438, -0.958782
index 171: -0.415313, -0.734486
index 174: -1.233745, -1.007385
index 183: -0.007381, -0.340177
index 187: 0.419478, -0.081951
index 203: 0.412045, -0.073475
index 221: -0.159020, -0.387640
index 234: -6.829649, 5.932283
index 252: 0.206904, 0.259901
index 288: -6.829649, 5.932283
index 293: 0.770302, -0.268702
index 308: -0.876082, -0.610554
index 326: 0.078584, -0.598787
index 333: 0.371626, -0.529432
index 337: 0.216790, -0.590723
index 349: 0.015452, -0.804719
index 354: 0.039814, -0.066639
index 356: 0.057426, -0.081872
index 359: 0.154335, -1.045792
index 362: 0.099808, -0.915471
index 363: 0.093325, -0.966153
index 364: 0.167403, -0.866064
index 366: 0.667760, -0.417805
index 367: 0.147970, -0.939631
index 370: 0.587848, -0.216198
index 372: 0.144624, -0.928034
index 373: -0.117469, -0.900169
index 380: 0.015444, -0.987143
index 381: -0.007965, -0.977824
index 382: 0.048045, -0.978256
index 383: 0.518006, -0.466504
index 384: 0.192055, -0.819327
index 389: 0.276863, -0.813190
index 392: 0.090475, -0.905511
index 404: 0.560708, -0.347423
index 408: 1.496982, 0.421458
index 422: -0.002932, -0.763330
index 440: 0.981575, 0.142324
index 441: -0.006808, -0.728974
index 451: 0.525452, -0.263001
index 462: -1.230404, -1.003526
index 492: -0.981164, -0.752083
index 503: -1.566423, -1.393328
index 508: 0.101169, -0.395157
Interpolation failed - throwing out 1 points
Interpolation failed - throwing out 2 points
TPR Info by Lines: FPR Threshold/TPR/TPR STD ERR/TPR STD
    0.0500    0.1000    0.1500
    0.3324    0.4557    0.5275
    0.0392    0.0419    0.0552
    0.0392    0.0419    0.0552

Overall results (hybrid)
Confidence threshold=0.7
Filtered datapoints
Prediction points: 83.800000 (stddev 16.000862)
Individual AUCs:
    0.7872
    0.6989
    0.8975
    0.8705
    0.7587
    0.6550
    0.8077
    0.8642
    0.8348
    0.7393
    0.7652
    0.8649
    0.8107
    0.7632
    0.8343
    0.6731
    0.7563
    0.8189
    0.8093
    0.8485
    0.8698
    0.8285
    0.7305
    0.7101
    0.8361
    0.7506
    0.8060
    0.7656
    0.7269
    0.8790

p-value (Wilcoxon signed ranked test): 0.000002
AUC ave err std
    0.7920

    0.0640

    0.0640

Precision / Recall macro
    0.8768    0.4941

Precision / Recall micro
    0.8696    0.4950

Std devs
    0.0493    0.1213


Using threshold of 0.814962

Using threshold of 0.087234
Eliminated 63 points
Completed iteration 1

Using threshold of 0.718254

Using threshold of 0.081842
Eliminated 47 points
Completed iteration 2

Using threshold of 0.748458

Using threshold of 0.109393
Eliminated 45 points
Completed iteration 3

Using threshold of 0.744617

Using threshold of 0.160005
Eliminated 55 points
Completed iteration 4

Using threshold of 0.723579

Using threshold of 0.116826
Eliminated 58 points
Completed iteration 5

Using threshold of 0.778201

Using threshold of 0.081923
Eliminated 32 points
Completed iteration 6

Using threshold of 0.777326

Using threshold of 0.111168
Eliminated 57 points
Completed iteration 7

Using threshold of 0.763828

Using threshold of 0.161251
Eliminated 90 points
Completed iteration 8

Using threshold of 0.780419

Using threshold of 0.085784
Eliminated 56 points
Completed iteration 9

Using threshold of 0.681228

Using threshold of 0.078554
Eliminated 53 points
Completed iteration 10

Using threshold of 0.742582

Using threshold of 0.134397
Eliminated 41 points
Completed iteration 11

Using threshold of 0.690357

Using threshold of 0.116792
Eliminated 33 points
Completed iteration 12

Using threshold of 0.793360

Using threshold of 0.090841
Eliminated 44 points
Completed iteration 13

Using threshold of 0.690980

Using threshold of 0.078414
Eliminated 41 points
Completed iteration 14

Using threshold of 0.743410

Using threshold of 0.244206
Eliminated 48 points
Completed iteration 15

Using threshold of 0.796619

Using threshold of 0.142099
Eliminated 54 points
Completed iteration 16

Using threshold of 0.799519

Using threshold of 0.074267
Eliminated 70 points
Completed iteration 17

Using threshold of 0.748819

Using threshold of 0.147439
Eliminated 38 points
Completed iteration 18

Using threshold of 0.774919

Using threshold of 0.128179
Eliminated 60 points
Completed iteration 19

Using threshold of 0.777598

Using threshold of 0.088123
Eliminated 51 points
Completed iteration 20

Using threshold of 0.701921

Using threshold of 0.093921
Eliminated 40 points
Completed iteration 21

Using threshold of 0.779142

Using threshold of 0.140884
Eliminated 57 points
Completed iteration 22

Using threshold of 0.849578

Using threshold of 0.108794
Eliminated 54 points
Completed iteration 23

Using threshold of 0.832248

Using threshold of 0.084735
Eliminated 50 points
Completed iteration 24

Using threshold of 0.707404

Using threshold of 0.106761
Eliminated 53 points
Completed iteration 25

Using threshold of 0.678717

Using threshold of 0.101067
Eliminated 42 points
Completed iteration 26

Using threshold of 0.746254

Using threshold of 0.100015
Eliminated 52 points
Completed iteration 27

Using threshold of 0.713150

Using threshold of 0.109820
Eliminated 49 points
Completed iteration 28

Using threshold of 0.747885

Using threshold of 0.116786
Eliminated 34 points
Completed iteration 29

Using threshold of 0.764719

Using threshold of 0.088631
Eliminated 39 points
Completed iteration 30
Printing all grasps falling into high-precision nodes. Conf=0.800000
Node index 61
  123.0000   -1.2860   -1.1031
  126.0000   -1.3861   -1.1349
  129.0000   -1.2763   -1.0982
  131.0000   -0.9495   -1.1644
  135.0000   -1.2508   -1.0639
  136.0000   -1.0430   -1.0751
  140.0000   -1.1285   -1.1208
  141.0000   -1.1939   -1.1441
  142.0000   -1.1464   -1.0991
  143.0000   -1.1035   -1.1816
  144.0000   -1.1265   -1.2011
  145.0000   -0.9449   -1.0563
  146.0000   -0.5410   -0.7897
  148.0000   -0.7518   -1.0837
  154.0000   -1.1294   -1.1484
  155.0000   -0.9471   -1.1330
  156.0000   -0.9658   -1.1098
  158.0000   -1.3263   -1.1428
  161.0000   -1.0231   -1.1010
  165.0000   -1.1258   -1.0835
  166.0000   -1.1304   -1.0308
  169.0000   -1.3514   -0.9588
  171.0000   -0.4153   -0.7345
  174.0000   -1.2337   -1.0074
  183.0000   -0.0074   -0.3402
  187.0000    0.4195   -0.0820
  203.0000    0.4120   -0.0735
  221.0000   -0.1590   -0.3876
  234.0000   -6.8296    5.9323
  288.0000   -6.8296    5.9323
  308.0000   -0.8761   -0.6106
  349.0000    0.0155   -0.8047
  359.0000    0.1543   -1.0458
  362.0000    0.0998   -0.9155
  363.0000    0.0933   -0.9662
  364.0000    0.1674   -0.8661
  367.0000    0.1480   -0.9396
  372.0000    0.1446   -0.9280
  373.0000   -0.1175   -0.9002
  380.0000    0.0154   -0.9871
  381.0000   -0.0080   -0.9778
  382.0000    0.0480   -0.9783
  384.0000    0.1921   -0.8193
  389.0000    0.2769   -0.8132
  392.0000    0.0905   -0.9055
  404.0000    0.5607   -0.3474
  422.0000   -0.0029   -0.7633
  441.0000   -0.0068   -0.7290
  462.0000   -1.2304   -1.0035
  492.0000   -0.9812   -0.7521
  503.0000   -1.5664   -1.3933

51 points dumped in total
index 123: -1.286012, -1.103101
index 126: -1.386119, -1.134917
index 129: -1.276321, -1.098237
index 131: -0.949541, -1.164423
index 135: -1.250809, -1.063940
index 136: -1.042996, -1.075127
index 140: -1.128468, -1.120816
index 141: -1.193948, -1.144144
index 142: -1.146417, -1.099074
index 143: -1.103512, -1.181596
index 144: -1.126458, -1.201077
index 145: -0.944932, -1.056272
index 146: -0.541017, -0.789709
index 148: -0.751847, -1.083688
index 154: -1.129444, -1.148398
index 155: -0.947082, -1.132953
index 156: -0.965784, -1.109754
index 158: -1.326341, -1.142790
index 161: -1.023142, -1.100964
index 165: -1.125796, -1.083487
index 166: -1.130412, -1.030786
index 169: -1.351438, -0.958782
index 171: -0.415313, -0.734486
index 174: -1.233745, -1.007385
index 183: -0.007381, -0.340177
index 187: 0.419478, -0.081951
index 203: 0.412045, -0.073475
index 221: -0.159020, -0.387640
index 234: -6.829649, 5.932283
index 288: -6.829649, 5.932283
index 308: -0.876082, -0.610554
index 349: 0.015452, -0.804719
index 359: 0.154335, -1.045792
index 362: 0.099808, -0.915471
index 363: 0.093325, -0.966153
index 364: 0.167403, -0.866064
index 367: 0.147970, -0.939631
index 372: 0.144624, -0.928034
index 373: -0.117469, -0.900169
index 380: 0.015444, -0.987143
index 381: -0.007965, -0.977824
index 382: 0.048045, -0.978256
index 384: 0.192055, -0.819327
index 389: 0.276863, -0.813190
index 392: 0.090475, -0.905511
index 404: 0.560708, -0.347423
index 422: -0.002932, -0.763330
index 441: -0.006808, -0.728974
index 462: -1.230404, -1.003526
index 492: -0.981164, -0.752083
index 503: -1.566423, -1.393328
Interpolation failed - throwing out 1 points
Interpolation failed - throwing out 2 points
TPR Info by Lines: FPR Threshold/TPR/TPR STD ERR/TPR STD
    0.0500    0.1000    0.1500
    0.3262    0.4480    0.5607
    0.0455    0.0589    0.0716
    0.0455    0.0589    0.0716

Overall results (hybrid)
Confidence threshold=0.8
Filtered datapoints
Prediction points: 79.800000 (stddev 11.862430)
Individual AUCs:
    0.8506
    0.7692
    0.8552
    0.7765
    0.8144
    0.8045
    0.7906
    0.7344
    0.6226
    0.7538
    0.7619
    0.8619
    0.8178
    0.7815
    0.7229
    0.8644
    0.9534
    0.7725
    0.7925
    0.7563
    0.8183
    0.6059
    0.9219
    0.7696
    0.8512
    0.8324
    0.7938
    0.7301
    0.7110
    0.6982

p-value (Wilcoxon signed ranked test): 0.000002
AUC ave err std
    0.7863

    0.0749

    0.0749

Precision / Recall macro
    0.8916    0.4633

Precision / Recall micro
    0.8857    0.4627

Std devs
    0.0515    0.0869


Using threshold of 0.851514

Using threshold of 0.100275
Eliminated 82 points
Completed iteration 1

Using threshold of 0.748966

Using threshold of 0.068113
Eliminated 51 points
Completed iteration 2

Using threshold of 0.860546

Using threshold of 0.062661
Eliminated 76 points
Completed iteration 3

Using threshold of 0.801152

Using threshold of 0.105490
Eliminated 73 points
Completed iteration 4

Using threshold of 0.733893

Using threshold of 0.133325
Eliminated 77 points
Completed iteration 5

Using threshold of 0.769313

Using threshold of 0.084883
Eliminated 45 points
Completed iteration 6

Using threshold of 0.782679

Using threshold of 0.094636
Eliminated 35 points
Completed iteration 7

Using threshold of 0.772038

Using threshold of 0.221781
Eliminated 48 points
Completed iteration 8

Using threshold of 0.794161

Using threshold of 0.052383
Eliminated 63 points
Completed iteration 9

Using threshold of 0.783910

Using threshold of 0.076972
Eliminated 95 points
Completed iteration 10

Using threshold of 0.799117

Using threshold of 0.121372
Eliminated 82 points
Completed iteration 11

Using threshold of 0.664240

Using threshold of 0.092328
Eliminated 50 points
Completed iteration 12

Using threshold of 0.750838

Using threshold of 0.097969
Eliminated 60 points
Completed iteration 13

Using threshold of 0.756315

Using threshold of 0.143745
Eliminated 86 points
Completed iteration 14

Using threshold of 0.825180

Using threshold of 0.117302
Eliminated 61 points
Completed iteration 15

Using threshold of 0.806039

Using threshold of 0.148405
Eliminated 76 points
Completed iteration 16

Using threshold of 0.781538

Using threshold of 0.061194
Eliminated 56 points
Completed iteration 17

Using threshold of 0.713686

Using threshold of 0.127293
Eliminated 65 points
Completed iteration 18

Using threshold of 0.786532

Using threshold of 0.106644
Eliminated 37 points
Completed iteration 19

Using threshold of 0.678521

Using threshold of 0.101522
Eliminated 51 points
Completed iteration 20

Using threshold of 0.636140

Using threshold of 0.103841
Eliminated 56 points
Completed iteration 21

Using threshold of 0.729339

Using threshold of 0.104220
Eliminated 52 points
Completed iteration 22

Using threshold of 0.777967

Using threshold of 0.087610
Eliminated 87 points
Completed iteration 23

Using threshold of 0.672447

Using threshold of 0.161042
Eliminated 44 points
Completed iteration 24

Using threshold of 0.809547

Using threshold of 0.079819
Eliminated 72 points
Completed iteration 25

Using threshold of 0.803617

Using threshold of 0.122294
Eliminated 70 points
Completed iteration 26

Using threshold of 0.812068

Using threshold of 0.151648
Eliminated 70 points
Completed iteration 27

Using threshold of 0.813918

Using threshold of 0.096132
Eliminated 60 points
Completed iteration 28

Using threshold of 0.857654

Using threshold of 0.088905
Eliminated 63 points
Completed iteration 29

Using threshold of 0.798291

Using threshold of 0.094412
Eliminated 76 points
Completed iteration 30
Printing all grasps falling into high-precision nodes. Conf=0.900000
Node index 61
  123.0000   -1.2860   -1.1031
  126.0000   -1.3861   -1.1349
  129.0000   -1.2763   -1.0982
  131.0000   -0.9495   -1.1644
  135.0000   -1.2508   -1.0639
  136.0000   -1.0430   -1.0751
  140.0000   -1.1285   -1.1208
  141.0000   -1.1939   -1.1441
  142.0000   -1.1464   -1.0991
  143.0000   -1.1035   -1.1816
  144.0000   -1.1265   -1.2011
  145.0000   -0.9449   -1.0563
  146.0000   -0.5410   -0.7897
  148.0000   -0.7518   -1.0837
  154.0000   -1.1294   -1.1484
  155.0000   -0.9471   -1.1330
  156.0000   -0.9658   -1.1098
  158.0000   -1.3263   -1.1428
  161.0000   -1.0231   -1.1010
  165.0000   -1.1258   -1.0835
  166.0000   -1.1304   -1.0308
  169.0000   -1.3514   -0.9588
  171.0000   -0.4153   -0.7345
  174.0000   -1.2337   -1.0074
  183.0000   -0.0074   -0.3402
  187.0000    0.4195   -0.0820
  203.0000    0.4120   -0.0735
  221.0000   -0.1590   -0.3876
  234.0000   -6.8296    5.9323
  288.0000   -6.8296    5.9323
  308.0000   -0.8761   -0.6106
  349.0000    0.0155   -0.8047
  359.0000    0.1543   -1.0458
  362.0000    0.0998   -0.9155
  363.0000    0.0933   -0.9662
  364.0000    0.1674   -0.8661
  367.0000    0.1480   -0.9396
  372.0000    0.1446   -0.9280
  373.0000   -0.1175   -0.9002
  380.0000    0.0154   -0.9871
  381.0000   -0.0080   -0.9778
  382.0000    0.0480   -0.9783
  384.0000    0.1921   -0.8193
  389.0000    0.2769   -0.8132
  392.0000    0.0905   -0.9055
  404.0000    0.5607   -0.3474
  422.0000   -0.0029   -0.7633
  441.0000   -0.0068   -0.7290
  462.0000   -1.2304   -1.0035
  492.0000   -0.9812   -0.7521
  503.0000   -1.5664   -1.3933

51 points dumped in total
index 123: -1.286012, -1.103101
index 126: -1.386119, -1.134917
index 129: -1.276321, -1.098237
index 131: -0.949541, -1.164423
index 135: -1.250809, -1.063940
index 136: -1.042996, -1.075127
index 140: -1.128468, -1.120816
index 141: -1.193948, -1.144144
index 142: -1.146417, -1.099074
index 143: -1.103512, -1.181596
index 144: -1.126458, -1.201077
index 145: -0.944932, -1.056272
index 146: -0.541017, -0.789709
index 148: -0.751847, -1.083688
index 154: -1.129444, -1.148398
index 155: -0.947082, -1.132953
index 156: -0.965784, -1.109754
index 158: -1.326341, -1.142790
index 161: -1.023142, -1.100964
index 165: -1.125796, -1.083487
index 166: -1.130412, -1.030786
index 169: -1.351438, -0.958782
index 171: -0.415313, -0.734486
index 174: -1.233745, -1.007385
index 183: -0.007381, -0.340177
index 187: 0.419478, -0.081951
index 203: 0.412045, -0.073475
index 221: -0.159020, -0.387640
index 234: -6.829649, 5.932283
index 288: -6.829649, 5.932283
index 308: -0.876082, -0.610554
index 349: 0.015452, -0.804719
index 359: 0.154335, -1.045792
index 362: 0.099808, -0.915471
index 363: 0.093325, -0.966153
index 364: 0.167403, -0.866064
index 367: 0.147970, -0.939631
index 372: 0.144624, -0.928034
index 373: -0.117469, -0.900169
index 380: 0.015444, -0.987143
index 381: -0.007965, -0.977824
index 382: 0.048045, -0.978256
index 384: 0.192055, -0.819327
index 389: 0.276863, -0.813190
index 392: 0.090475, -0.905511
index 404: 0.560708, -0.347423
index 422: -0.002932, -0.763330
index 441: -0.006808, -0.728974
index 462: -1.230404, -1.003526
index 492: -0.981164, -0.752083
index 503: -1.566423, -1.393328
Interpolation failed - throwing out 1 points
Interpolation failed - throwing out 2 points
Interpolation failed - throwing out 3 points
Interpolation failed - throwing out 4 points
Interpolation failed - throwing out 5 points
Interpolation failed - throwing out 6 points
Interpolation failed - throwing out 7 points
TPR Info by Lines: FPR Threshold/TPR/TPR STD ERR/TPR STD
    0.0500    0.1000    0.1500
    0.3569    0.4502    0.5427
    0.0427    0.0549    0.0511
    0.0427    0.0549    0.0511

Overall results (hybrid)
Confidence threshold=0.9
Filtered datapoints
Prediction points: 66.033333 (stddev 15.399246)
Individual AUCs:
    0.7986
    0.7792
    0.6591
    0.7852
    0.8208
    0.7723
    0.7647
    0.7682
    0.8224
    0.8102
    0.6855
    0.8082
    0.8360
    0.6641
    0.8284
    0.5985
    0.8155
    0.7391
    0.7261
    0.7667
    0.8167
    0.8531
    0.6500
    0.7231
    0.7143
    0.7941
    0.8919
    0.7793
    0.7782
    0.7780

p-value (Wilcoxon signed ranked test): 0.000002
AUC ave err std
    0.7676

    0.0661

    0.0661

Precision / Recall macro
    0.8737    0.3867

Precision / Recall micro
    0.8712    0.3864

Std devs
    0.0474    0.1115

computation time (s)
  436.0820

