!!!!below quality measures have been removed due to insufficient data!!!!!!!!!!!!
binThreshold:30
crowdsource cutoff:0.8
using confidence:1
Number of bins: 31
Average bin size: 1.683871e+01

Using 0.050000 threshold of 0.245950
Using 0.100000 threshold of 0.191436
Using 0.150000 threshold of 0.170201
Eliminated 0 points for FPR=0.050000
Eliminated 0 points for FPR=0.100000
Eliminated 0 points for FPR=0.150000
Completed iteration 1

Using 0.050000 threshold of 0.285449
Using 0.100000 threshold of 0.113728
Using 0.150000 threshold of 0.111558
Eliminated 0 points for FPR=0.050000
Eliminated 0 points for FPR=0.100000
Eliminated 0 points for FPR=0.150000
Completed iteration 2

Using 0.050000 threshold of 0.365086
Using 0.100000 threshold of 0.232858
Using 0.150000 threshold of 0.195093
Eliminated 0 points for FPR=0.050000
Eliminated 0 points for FPR=0.100000
Eliminated 0 points for FPR=0.150000
Completed iteration 3

Using 0.050000 threshold of 0.407465
Using 0.100000 threshold of 0.237820
Using 0.150000 threshold of 0.179868
Eliminated 0 points for FPR=0.050000
Eliminated 0 points for FPR=0.100000
Eliminated 0 points for FPR=0.150000
Completed iteration 4

Using 0.050000 threshold of 0.172413
Using 0.100000 threshold of 0.159882
Using 0.150000 threshold of 0.101353
Eliminated 0 points for FPR=0.050000
Eliminated 0 points for FPR=0.100000
Eliminated 0 points for FPR=0.150000
Completed iteration 5

Using 0.050000 threshold of 0.190869
Using 0.100000 threshold of 0.084117
Using 0.150000 threshold of 0.069453
Eliminated 0 points for FPR=0.050000
Eliminated 0 points for FPR=0.100000
Eliminated 0 points for FPR=0.150000
Completed iteration 6

Using 0.050000 threshold of 0.236058
Using 0.100000 threshold of 0.177820
Using 0.150000 threshold of 0.169685
Eliminated 0 points for FPR=0.050000
Eliminated 0 points for FPR=0.100000
Eliminated 0 points for FPR=0.150000
Completed iteration 7

Using 0.050000 threshold of 0.418494
Using 0.100000 threshold of 0.327936
Using 0.150000 threshold of 0.271835
Eliminated 0 points for FPR=0.050000
Eliminated 0 points for FPR=0.100000
Eliminated 0 points for FPR=0.150000
Completed iteration 8

Using 0.050000 threshold of 0.289652
Using 0.100000 threshold of 0.265689
Using 0.150000 threshold of 0.123518
Eliminated 0 points for FPR=0.050000
Eliminated 0 points for FPR=0.100000
Eliminated 0 points for FPR=0.150000
Completed iteration 9

Using 0.050000 threshold of 0.418247
Using 0.100000 threshold of 0.245887
Using 0.150000 threshold of 0.130766
Eliminated 0 points for FPR=0.050000
Eliminated 0 points for FPR=0.100000
Eliminated 0 points for FPR=0.150000
Completed iteration 10

Using 0.050000 threshold of 0.317879
Using 0.100000 threshold of 0.258903
Using 0.150000 threshold of 0.120485
Eliminated 0 points for FPR=0.050000
Eliminated 0 points for FPR=0.100000
Eliminated 0 points for FPR=0.150000
Completed iteration 11

Using 0.050000 threshold of 0.267290
Using 0.100000 threshold of 0.209614
Using 0.150000 threshold of 0.143942
Eliminated 0 points for FPR=0.050000
Eliminated 0 points for FPR=0.100000
Eliminated 0 points for FPR=0.150000
Completed iteration 12

Using 0.050000 threshold of 0.277580
Using 0.100000 threshold of 0.178364
Using 0.150000 threshold of 0.126080
Eliminated 0 points for FPR=0.050000
Eliminated 0 points for FPR=0.100000
Eliminated 0 points for FPR=0.150000
Completed iteration 13

Using 0.050000 threshold of 0.198705
Using 0.100000 threshold of 0.177389
Using 0.150000 threshold of 0.131142
Eliminated 0 points for FPR=0.050000
Eliminated 0 points for FPR=0.100000
Eliminated 0 points for FPR=0.150000
Completed iteration 14

Using 0.050000 threshold of 0.382929
Using 0.100000 threshold of 0.337108
Using 0.150000 threshold of 0.184074
Eliminated 0 points for FPR=0.050000
Eliminated 0 points for FPR=0.100000
Eliminated 0 points for FPR=0.150000
Completed iteration 15

Using 0.050000 threshold of 0.246336
Using 0.100000 threshold of 0.201065
Using 0.150000 threshold of 0.128668
Eliminated 0 points for FPR=0.050000
Eliminated 0 points for FPR=0.100000
Eliminated 0 points for FPR=0.150000
Completed iteration 16

Using 0.050000 threshold of 0.164988
Using 0.100000 threshold of 0.154084
Using 0.150000 threshold of 0.106336
Eliminated 0 points for FPR=0.050000
Eliminated 0 points for FPR=0.100000
Eliminated 0 points for FPR=0.150000
Completed iteration 17

Using 0.050000 threshold of 0.275243
Using 0.100000 threshold of 0.229292
Using 0.150000 threshold of 0.187909
Eliminated 0 points for FPR=0.050000
Eliminated 0 points for FPR=0.100000
Eliminated 0 points for FPR=0.150000
Completed iteration 18

Using 0.050000 threshold of 0.310672
Using 0.100000 threshold of 0.245487
Using 0.150000 threshold of 0.149086
Eliminated 0 points for FPR=0.050000
Eliminated 0 points for FPR=0.100000
Eliminated 0 points for FPR=0.150000
Completed iteration 19

Using 0.050000 threshold of 0.206306
Using 0.100000 threshold of 0.201170
Using 0.150000 threshold of 0.147566
Eliminated 0 points for FPR=0.050000
Eliminated 0 points for FPR=0.100000
Eliminated 0 points for FPR=0.150000
Completed iteration 20

Using 0.050000 threshold of 0.281897
Using 0.100000 threshold of 0.189506
Using 0.150000 threshold of 0.148044
Eliminated 0 points for FPR=0.050000
Eliminated 0 points for FPR=0.100000
Eliminated 0 points for FPR=0.150000
Completed iteration 21

Using 0.050000 threshold of 0.308458
Using 0.100000 threshold of 0.291385
Using 0.150000 threshold of 0.223187
Eliminated 0 points for FPR=0.050000
Eliminated 0 points for FPR=0.100000
Eliminated 0 points for FPR=0.150000
Completed iteration 22

Using 0.050000 threshold of 0.337328
Using 0.100000 threshold of 0.211164
Using 0.150000 threshold of 0.108459
Eliminated 0 points for FPR=0.050000
Eliminated 0 points for FPR=0.100000
Eliminated 0 points for FPR=0.150000
Completed iteration 23

Using 0.050000 threshold of 0.329023
Using 0.100000 threshold of 0.240236
Using 0.150000 threshold of 0.199292
Eliminated 0 points for FPR=0.050000
Eliminated 0 points for FPR=0.100000
Eliminated 0 points for FPR=0.150000
Completed iteration 24

Using 0.050000 threshold of 0.207177
Using 0.100000 threshold of 0.131921
Using 0.150000 threshold of 0.112708
Eliminated 0 points for FPR=0.050000
Eliminated 0 points for FPR=0.100000
Eliminated 0 points for FPR=0.150000
Completed iteration 25

Using 0.050000 threshold of 0.327868
Using 0.100000 threshold of 0.248028
Using 0.150000 threshold of 0.214658
Eliminated 0 points for FPR=0.050000
Eliminated 0 points for FPR=0.100000
Eliminated 0 points for FPR=0.150000
Completed iteration 26

Using 0.050000 threshold of 0.142495
Using 0.100000 threshold of 0.106355
Using 0.150000 threshold of 0.104431
Eliminated 0 points for FPR=0.050000
Eliminated 0 points for FPR=0.100000
Eliminated 0 points for FPR=0.150000
Completed iteration 27

Using 0.050000 threshold of 0.325704
Using 0.100000 threshold of 0.179657
Using 0.150000 threshold of 0.109802
Eliminated 0 points for FPR=0.050000
Eliminated 0 points for FPR=0.100000
Eliminated 0 points for FPR=0.150000
Completed iteration 28

Using 0.050000 threshold of 0.291088
Using 0.100000 threshold of 0.244122
Using 0.150000 threshold of 0.151533
Eliminated 0 points for FPR=0.050000
Eliminated 0 points for FPR=0.100000
Eliminated 0 points for FPR=0.150000
Completed iteration 29

Using 0.050000 threshold of 0.389884
Using 0.100000 threshold of 0.289236
Using 0.150000 threshold of 0.184320
Eliminated 0 points for FPR=0.050000
Eliminated 0 points for FPR=0.100000
Eliminated 0 points for FPR=0.150000
Completed iteration 30
Overall results, FPR=0.050000
Confidence threshold=0
Interpolation failed - throwing out 1 points
Interpolation failed - throwing out 2 points
TPR Info by Lines: FPR Threshold/TPR/TPR STD ERR/TPR STD
    0.0500    0.1000    0.1500
    0.3108    0.3773    0.4164
    0.0360    0.0443    0.0446
    0.0360    0.0443    0.0446

Prediction points: 130.000000 (stddev 0.000000)
Individual AUCs:
    0.5901
    0.5813
    0.6335
    0.6568
    0.6968
    0.6300
    0.6458
    0.6470
    0.6875
    0.6508
    0.6098
    0.7213
    0.6129
    0.6419
    0.6293
    0.7128
    0.6422
    0.6082
    0.6718
    0.6445
    0.7637
    0.6254
    0.6517
    0.6279
    0.4147
    0.7029
    0.6446
    0.6717
    0.6036
    0.7179

p-value (Wilcoxon signed ranked test): 0.000002
AUC ave err std
    0.6446

    0.0605

    0.0605

Precision / Recall macro
    0.9456    0.2890

Precision / Recall micro
    0.9362    0.2889

Std devs
    0.0565    0.0871

Overall results, FPR=0.100000
Confidence threshold=0
Interpolation failed - throwing out 1 points
Interpolation failed - throwing out 2 points
TPR Info by Lines: FPR Threshold/TPR/TPR STD ERR/TPR STD
    0.0500    0.1000    0.1500
    0.3108    0.3773    0.4164
    0.0360    0.0443    0.0446
    0.0360    0.0443    0.0446

Prediction points: 130.000000 (stddev 0.000000)
Individual AUCs:
    0.5901
    0.5813
    0.6335
    0.6568
    0.6968
    0.6300
    0.6458
    0.6470
    0.6875
    0.6508
    0.6098
    0.7213
    0.6129
    0.6419
    0.6293
    0.7128
    0.6422
    0.6082
    0.6718
    0.6445
    0.7637
    0.6254
    0.6517
    0.6279
    0.4147
    0.7029
    0.6446
    0.6717
    0.6036
    0.7179

p-value (Wilcoxon signed ranked test): 0.000002
AUC ave err std
    0.6446

    0.0605

    0.0605

Precision / Recall macro
    0.9155    0.3683

Precision / Recall micro
    0.9057    0.3680

Std devs
    0.0697    0.0735

Overall results, FPR=0.150000
Confidence threshold=0
Interpolation failed - throwing out 1 points
Interpolation failed - throwing out 2 points
TPR Info by Lines: FPR Threshold/TPR/TPR STD ERR/TPR STD
    0.0500    0.1000    0.1500
    0.3108    0.3773    0.4164
    0.0360    0.0443    0.0446
    0.0360    0.0443    0.0446

Prediction points: 130.000000 (stddev 0.000000)
Individual AUCs:
    0.5901
    0.5813
    0.6335
    0.6568
    0.6968
    0.6300
    0.6458
    0.6470
    0.6875
    0.6508
    0.6098
    0.7213
    0.6129
    0.6419
    0.6293
    0.7128
    0.6422
    0.6082
    0.6718
    0.6445
    0.7637
    0.6254
    0.6517
    0.6279
    0.4147
    0.7029
    0.6446
    0.6717
    0.6036
    0.7179

p-value (Wilcoxon signed ranked test): 0.000002
AUC ave err std
    0.6446

    0.0605

    0.0605

Precision / Recall macro
    0.8853    0.4325

Precision / Recall micro
    0.8779    0.4323

Std devs
    0.0603    0.0747


Using 0.050000 threshold of 0.358451
Using 0.100000 threshold of 0.273992
Using 0.150000 threshold of 0.164251
Eliminated 66 points for FPR=0.050000
Eliminated 49 points for FPR=0.100000
Eliminated 49 points for FPR=0.150000
Completed iteration 1

Using 0.050000 threshold of 0.475571
Using 0.100000 threshold of 0.234961
Using 0.150000 threshold of 0.193992
Eliminated 87 points for FPR=0.050000
Eliminated 74 points for FPR=0.100000
Eliminated 74 points for FPR=0.150000
Completed iteration 2

Using 0.050000 threshold of 0.288525
Using 0.100000 threshold of 0.262988
Using 0.150000 threshold of 0.182679
Eliminated 78 points for FPR=0.050000
Eliminated 78 points for FPR=0.100000
Eliminated 60 points for FPR=0.150000
Completed iteration 3

Using 0.050000 threshold of 0.225201
Using 0.100000 threshold of 0.201826
Using 0.150000 threshold of 0.142921
Eliminated 55 points for FPR=0.050000
Eliminated 53 points for FPR=0.100000
Eliminated 47 points for FPR=0.150000
Completed iteration 4

Using 0.050000 threshold of 0.285205
Using 0.100000 threshold of 0.233509
Using 0.150000 threshold of 0.149038
Eliminated 79 points for FPR=0.050000
Eliminated 71 points for FPR=0.100000
Eliminated 53 points for FPR=0.150000
Completed iteration 5

Using 0.050000 threshold of 0.333738
Using 0.100000 threshold of 0.242775
Using 0.150000 threshold of 0.208037
Eliminated 89 points for FPR=0.050000
Eliminated 66 points for FPR=0.100000
Eliminated 66 points for FPR=0.150000
Completed iteration 6

Using 0.050000 threshold of 0.213907
Using 0.100000 threshold of 0.130965
Using 0.150000 threshold of 0.129476
Eliminated 54 points for FPR=0.050000
Eliminated 45 points for FPR=0.100000
Eliminated 45 points for FPR=0.150000
Completed iteration 7

Using 0.050000 threshold of 0.250254
Using 0.100000 threshold of 0.238057
Using 0.150000 threshold of 0.193580
Eliminated 79 points for FPR=0.050000
Eliminated 79 points for FPR=0.100000
Eliminated 63 points for FPR=0.150000
Completed iteration 8

Using 0.050000 threshold of 0.261740
Using 0.100000 threshold of 0.154179
Using 0.150000 threshold of 0.140271
Eliminated 87 points for FPR=0.050000
Eliminated 68 points for FPR=0.100000
Eliminated 62 points for FPR=0.150000
Completed iteration 9

Using 0.050000 threshold of 0.246825
Using 0.100000 threshold of 0.197308
Using 0.150000 threshold of 0.176153
Eliminated 70 points for FPR=0.050000
Eliminated 70 points for FPR=0.100000
Eliminated 70 points for FPR=0.150000
Completed iteration 10

Using 0.050000 threshold of 0.255627
Using 0.100000 threshold of 0.093739
Using 0.150000 threshold of 0.089172
Eliminated 78 points for FPR=0.050000
Eliminated 67 points for FPR=0.100000
Eliminated 67 points for FPR=0.150000
Completed iteration 11

Using 0.050000 threshold of 0.444634
Using 0.100000 threshold of 0.402652
Using 0.150000 threshold of 0.353627
Eliminated 98 points for FPR=0.050000
Eliminated 85 points for FPR=0.100000
Eliminated 83 points for FPR=0.150000
Completed iteration 12

Using 0.050000 threshold of 0.215918
Using 0.100000 threshold of 0.180941
Using 0.150000 threshold of 0.171449
Eliminated 50 points for FPR=0.050000
Eliminated 46 points for FPR=0.100000
Eliminated 46 points for FPR=0.150000
Completed iteration 13

Using 0.050000 threshold of 0.130665
Using 0.100000 threshold of 0.129159
Using 0.150000 threshold of 0.128586
Eliminated 43 points for FPR=0.050000
Eliminated 43 points for FPR=0.100000
Eliminated 35 points for FPR=0.150000
Completed iteration 14

Using 0.050000 threshold of 0.518414
Using 0.100000 threshold of 0.339556
Using 0.150000 threshold of 0.133838
Eliminated 71 points for FPR=0.050000
Eliminated 66 points for FPR=0.100000
Eliminated 35 points for FPR=0.150000
Completed iteration 15

Using 0.050000 threshold of 0.296233
Using 0.100000 threshold of 0.247455
Using 0.150000 threshold of 0.130376
Eliminated 67 points for FPR=0.050000
Eliminated 67 points for FPR=0.100000
Eliminated 54 points for FPR=0.150000
Completed iteration 16

Using 0.050000 threshold of 0.198360
Using 0.100000 threshold of 0.162157
Using 0.150000 threshold of 0.142224
Eliminated 67 points for FPR=0.050000
Eliminated 61 points for FPR=0.100000
Eliminated 42 points for FPR=0.150000
Completed iteration 17

Using 0.050000 threshold of 0.397056
Using 0.100000 threshold of 0.271202
Using 0.150000 threshold of 0.207536
Eliminated 93 points for FPR=0.050000
Eliminated 60 points for FPR=0.100000
Eliminated 57 points for FPR=0.150000
Completed iteration 18

Using 0.050000 threshold of 0.522503
Using 0.100000 threshold of 0.244919
Using 0.150000 threshold of 0.166172
Eliminated 82 points for FPR=0.050000
Eliminated 52 points for FPR=0.100000
Eliminated 52 points for FPR=0.150000
Completed iteration 19

Using 0.050000 threshold of 0.264134
Using 0.100000 threshold of 0.118690
Using 0.150000 threshold of 0.104237
Eliminated 72 points for FPR=0.050000
Eliminated 45 points for FPR=0.100000
Eliminated 45 points for FPR=0.150000
Completed iteration 20

Using 0.050000 threshold of 0.261467
Using 0.100000 threshold of 0.171629
Using 0.150000 threshold of 0.161621
Eliminated 66 points for FPR=0.050000
Eliminated 57 points for FPR=0.100000
Eliminated 57 points for FPR=0.150000
Completed iteration 21

Using 0.050000 threshold of 0.330827
Using 0.100000 threshold of 0.252694
Using 0.150000 threshold of 0.230969
Eliminated 56 points for FPR=0.050000
Eliminated 55 points for FPR=0.100000
Eliminated 55 points for FPR=0.150000
Completed iteration 22

Using 0.050000 threshold of 0.236063
Using 0.100000 threshold of 0.143609
Using 0.150000 threshold of 0.133905
Eliminated 87 points for FPR=0.050000
Eliminated 67 points for FPR=0.100000
Eliminated 56 points for FPR=0.150000
Completed iteration 23

Using 0.050000 threshold of 0.281465
Using 0.100000 threshold of 0.239899
Using 0.150000 threshold of 0.207326
Eliminated 81 points for FPR=0.050000
Eliminated 73 points for FPR=0.100000
Eliminated 63 points for FPR=0.150000
Completed iteration 24

Using 0.050000 threshold of 0.387739
Using 0.100000 threshold of 0.314877
Using 0.150000 threshold of 0.291094
Eliminated 98 points for FPR=0.050000
Eliminated 85 points for FPR=0.100000
Eliminated 85 points for FPR=0.150000
Completed iteration 25

Using 0.050000 threshold of 0.246736
Using 0.100000 threshold of 0.151179
Using 0.150000 threshold of 0.134736
Eliminated 66 points for FPR=0.050000
Eliminated 40 points for FPR=0.100000
Eliminated 40 points for FPR=0.150000
Completed iteration 26

Using 0.050000 threshold of 0.151679
Using 0.100000 threshold of 0.132024
Using 0.150000 threshold of 0.105067
Eliminated 57 points for FPR=0.050000
Eliminated 53 points for FPR=0.100000
Eliminated 35 points for FPR=0.150000
Completed iteration 27

Using 0.050000 threshold of 0.447575
Using 0.100000 threshold of 0.190513
Using 0.150000 threshold of 0.101025
Eliminated 79 points for FPR=0.050000
Eliminated 51 points for FPR=0.100000
Eliminated 40 points for FPR=0.150000
Completed iteration 28

Using 0.050000 threshold of 0.317506
Using 0.100000 threshold of 0.240823
Using 0.150000 threshold of 0.233532
Eliminated 81 points for FPR=0.050000
Eliminated 58 points for FPR=0.100000
Eliminated 58 points for FPR=0.150000
Completed iteration 29

Using 0.050000 threshold of 0.285752
Using 0.100000 threshold of 0.163550
Using 0.150000 threshold of 0.153426
Eliminated 69 points for FPR=0.050000
Eliminated 46 points for FPR=0.100000
Eliminated 46 points for FPR=0.150000
Completed iteration 30
Overall results, FPR=0.050000
Confidence threshold=0.5
Interpolation failed - throwing out 1 points
Interpolation failed - throwing out 2 points
Interpolation failed - throwing out 3 points
Interpolation failed - throwing out 4 points
Interpolation failed - throwing out 5 points
Interpolation failed - throwing out 6 points
Interpolation failed - throwing out 7 points
Interpolation failed - throwing out 8 points
Interpolation failed - throwing out 9 points
TPR Info by Lines: FPR Threshold/TPR/TPR STD ERR/TPR STD
    0.0500    0.1000    0.1500
    0.3858    0.5231    0.6083
    0.0545    0.0697    0.0840
    0.0545    0.0697    0.0840

Prediction points: 56.500000 (stddev 14.095120)
Individual AUCs:
    0.8382
    0.8097
    0.7976
    0.7100
    0.7732
    0.7311
    0.6957
    0.6634
    0.7500
    0.7332
    0.7524
    0.8514
    0.7241
    0.4155
    0.6673
    0.8660
    0.8944
    0.9196
    0.8406
    0.7231
    0.7756
    0.7550
    0.7688
    0.7564
    0.9295
    0.8074
    0.7195
    0.9233
    0.6889
    0.7527

p-value (Wilcoxon signed ranked test): 0.000002
AUC ave err std
    0.7678

    0.1001

    0.1001

Precision / Recall macro
    0.9449    0.2419

Precision / Recall micro
    0.9406    0.2421

Std devs
    0.0485    0.0766

Overall results, FPR=0.100000
Confidence threshold=0.5
Interpolation failed - throwing out 1 points
Interpolation failed - throwing out 2 points
Interpolation failed - throwing out 3 points
Interpolation failed - throwing out 4 points
Interpolation failed - throwing out 5 points
Interpolation failed - throwing out 6 points
Interpolation failed - throwing out 7 points
TPR Info by Lines: FPR Threshold/TPR/TPR STD ERR/TPR STD
    0.0500    0.1000    0.1500
    0.3929    0.4896    0.5590
    0.0504    0.0607    0.0771
    0.0504    0.0607    0.0771

Prediction points: 69.000000 (stddev 12.741461)
Individual AUCs:
    0.7524
    0.7594
    0.7976
    0.7202
    0.7082
    0.6778
    0.6855
    0.6634
    0.7197
    0.7332
    0.7483
    0.7872
    0.7224
    0.4155
    0.6638
    0.8660
    0.8494
    0.7652
    0.7544
    0.6602
    0.7676
    0.7444
    0.6840
    0.7810
    0.8311
    0.7454
    0.7420
    0.8177
    0.6986
    0.7266

p-value (Wilcoxon signed ranked test): 0.000002
AUC ave err std
    0.7329

    0.0804

    0.0804

Precision / Recall macro
    0.9200    0.3239

Precision / Recall micro
    0.9194    0.3246

Std devs
    0.0525    0.0598

Overall results, FPR=0.150000
Confidence threshold=0.5
Interpolation failed - throwing out 1 points
Interpolation failed - throwing out 2 points
Interpolation failed - throwing out 3 points
Interpolation failed - throwing out 4 points
Interpolation failed - throwing out 5 points
Interpolation failed - throwing out 6 points
Interpolation failed - throwing out 7 points
Interpolation failed - throwing out 8 points
TPR Info by Lines: FPR Threshold/TPR/TPR STD ERR/TPR STD
    0.0500    0.1000    0.1500
    0.3653    0.4740    0.5437
    0.0487    0.0527    0.0662
    0.0487    0.0527    0.0662

Prediction points: 75.333333 (stddev 13.191777)
Individual AUCs:
    0.7651
    0.7594
    0.7553
    0.7221
    0.7132
    0.6778
    0.6855
    0.6423
    0.7036
    0.7332
    0.7483
    0.7756
    0.7224
    0.4405
    0.6377
    0.8030
    0.7605
    0.7609
    0.7544
    0.6602
    0.7676
    0.7444
    0.6694
    0.7647
    0.8311
    0.7454
    0.7207
    0.7662
    0.6986
    0.7266

p-value (Wilcoxon signed ranked test): 0.000002
AUC ave err std
    0.7218

    0.0697

    0.0697

Precision / Recall macro
    0.8987    0.3604

Precision / Recall micro
    0.8982    0.3608

Std devs
    0.0507    0.0645


Using 0.050000 threshold of 0.209545
Using 0.100000 threshold of 0.134583
Using 0.150000 threshold of 0.130889
Eliminated 60 points for FPR=0.050000
Eliminated 60 points for FPR=0.100000
Eliminated 60 points for FPR=0.150000
Completed iteration 1

Using 0.050000 threshold of 0.350295
Using 0.100000 threshold of 0.176356
Using 0.150000 threshold of 0.146993
Eliminated 79 points for FPR=0.050000
Eliminated 52 points for FPR=0.100000
Eliminated 45 points for FPR=0.150000
Completed iteration 2

Using 0.050000 threshold of 0.475387
Using 0.100000 threshold of 0.292448
Using 0.150000 threshold of 0.246825
Eliminated 88 points for FPR=0.050000
Eliminated 69 points for FPR=0.100000
Eliminated 69 points for FPR=0.150000
Completed iteration 3

Using 0.050000 threshold of 0.291275
Using 0.100000 threshold of 0.192854
Using 0.150000 threshold of 0.172349
Eliminated 78 points for FPR=0.050000
Eliminated 59 points for FPR=0.100000
Eliminated 52 points for FPR=0.150000
Completed iteration 4

Using 0.050000 threshold of 0.286621
Using 0.100000 threshold of 0.224377
Using 0.150000 threshold of 0.140394
Eliminated 86 points for FPR=0.050000
Eliminated 75 points for FPR=0.100000
Eliminated 75 points for FPR=0.150000
Completed iteration 5

Using 0.050000 threshold of 0.304650
Using 0.100000 threshold of 0.263066
Using 0.150000 threshold of 0.206789
Eliminated 81 points for FPR=0.050000
Eliminated 81 points for FPR=0.100000
Eliminated 58 points for FPR=0.150000
Completed iteration 6

Using 0.050000 threshold of 0.291587
Using 0.100000 threshold of 0.226918
Using 0.150000 threshold of 0.202840
Eliminated 62 points for FPR=0.050000
Eliminated 64 points for FPR=0.100000
Eliminated 79 points for FPR=0.150000
Completed iteration 7

Using 0.050000 threshold of 0.333970
Using 0.100000 threshold of 0.325111
Using 0.150000 threshold of 0.180877
Eliminated 76 points for FPR=0.050000
Eliminated 100 points for FPR=0.100000
Eliminated 44 points for FPR=0.150000
Completed iteration 8

Using 0.050000 threshold of 0.258808
Using 0.100000 threshold of 0.178361
Using 0.150000 threshold of 0.141290
Eliminated 71 points for FPR=0.050000
Eliminated 54 points for FPR=0.100000
Eliminated 52 points for FPR=0.150000
Completed iteration 9

Using 0.050000 threshold of 0.372765
Using 0.100000 threshold of 0.322407
Using 0.150000 threshold of 0.264135
Eliminated 71 points for FPR=0.050000
Eliminated 59 points for FPR=0.100000
Eliminated 59 points for FPR=0.150000
Completed iteration 10

Using 0.050000 threshold of 0.357159
Using 0.100000 threshold of 0.189070
Using 0.150000 threshold of 0.166620
Eliminated 81 points for FPR=0.050000
Eliminated 58 points for FPR=0.100000
Eliminated 56 points for FPR=0.150000
Completed iteration 11

Using 0.050000 threshold of 0.253578
Using 0.100000 threshold of 0.198797
Using 0.150000 threshold of 0.195464
Eliminated 74 points for FPR=0.050000
Eliminated 65 points for FPR=0.100000
Eliminated 84 points for FPR=0.150000
Completed iteration 12

Using 0.050000 threshold of 0.335823
Using 0.100000 threshold of 0.170461
Using 0.150000 threshold of 0.134137
Eliminated 83 points for FPR=0.050000
Eliminated 66 points for FPR=0.100000
Eliminated 66 points for FPR=0.150000
Completed iteration 13

Using 0.050000 threshold of 0.286575
Using 0.100000 threshold of 0.176151
Using 0.150000 threshold of 0.143680
Eliminated 71 points for FPR=0.050000
Eliminated 67 points for FPR=0.100000
Eliminated 65 points for FPR=0.150000
Completed iteration 14

Using 0.050000 threshold of 0.403910
Using 0.100000 threshold of 0.238696
Using 0.150000 threshold of 0.130860
Eliminated 87 points for FPR=0.050000
Eliminated 64 points for FPR=0.100000
Eliminated 55 points for FPR=0.150000
Completed iteration 15

Using 0.050000 threshold of 0.312787
Using 0.100000 threshold of 0.274495
Using 0.150000 threshold of 0.198874
Eliminated 60 points for FPR=0.050000
Eliminated 54 points for FPR=0.100000
Eliminated 54 points for FPR=0.150000
Completed iteration 16

Using 0.050000 threshold of 0.459447
Using 0.100000 threshold of 0.430198
Using 0.150000 threshold of 0.154405
Eliminated 85 points for FPR=0.050000
Eliminated 80 points for FPR=0.100000
Eliminated 59 points for FPR=0.150000
Completed iteration 17

Using 0.050000 threshold of 0.205150
Using 0.100000 threshold of 0.135486
Using 0.150000 threshold of 0.114014
Eliminated 52 points for FPR=0.050000
Eliminated 50 points for FPR=0.100000
Eliminated 53 points for FPR=0.150000
Completed iteration 18

Using 0.050000 threshold of 0.227637
Using 0.100000 threshold of 0.181620
Using 0.150000 threshold of 0.148013
Eliminated 64 points for FPR=0.050000
Eliminated 46 points for FPR=0.100000
Eliminated 46 points for FPR=0.150000
Completed iteration 19

Using 0.050000 threshold of 0.395446
Using 0.100000 threshold of 0.188593
Using 0.150000 threshold of 0.161318
Eliminated 91 points for FPR=0.050000
Eliminated 43 points for FPR=0.100000
Eliminated 41 points for FPR=0.150000
Completed iteration 20

Using 0.050000 threshold of 0.408608
Using 0.100000 threshold of 0.287963
Using 0.150000 threshold of 0.186253
Eliminated 91 points for FPR=0.050000
Eliminated 58 points for FPR=0.100000
Eliminated 71 points for FPR=0.150000
Completed iteration 21

Using 0.050000 threshold of 0.150562
Using 0.100000 threshold of 0.110316
Using 0.150000 threshold of 0.105501
Eliminated 62 points for FPR=0.050000
Eliminated 54 points for FPR=0.100000
Eliminated 54 points for FPR=0.150000
Completed iteration 22

Using 0.050000 threshold of 0.310440
Using 0.100000 threshold of 0.203779
Using 0.150000 threshold of 0.189726
Eliminated 64 points for FPR=0.050000
Eliminated 55 points for FPR=0.100000
Eliminated 58 points for FPR=0.150000
Completed iteration 23

Using 0.050000 threshold of 0.425820
Using 0.100000 threshold of 0.356161
Using 0.150000 threshold of 0.271731
Eliminated 87 points for FPR=0.050000
Eliminated 77 points for FPR=0.100000
Eliminated 62 points for FPR=0.150000
Completed iteration 24

Using 0.050000 threshold of 0.269560
Using 0.100000 threshold of 0.224713
Using 0.150000 threshold of 0.167122
Eliminated 57 points for FPR=0.050000
Eliminated 57 points for FPR=0.100000
Eliminated 37 points for FPR=0.150000
Completed iteration 25

Using 0.050000 threshold of 0.191163
Using 0.100000 threshold of 0.166414
Using 0.150000 threshold of 0.136991
Eliminated 74 points for FPR=0.050000
Eliminated 55 points for FPR=0.100000
Eliminated 69 points for FPR=0.150000
Completed iteration 26

Using 0.050000 threshold of 0.325450
Using 0.100000 threshold of 0.221446
Using 0.150000 threshold of 0.148577
Eliminated 65 points for FPR=0.050000
Eliminated 60 points for FPR=0.100000
Eliminated 50 points for FPR=0.150000
Completed iteration 27

Using 0.050000 threshold of 0.433398
Using 0.100000 threshold of 0.351608
Using 0.150000 threshold of 0.294407
Eliminated 89 points for FPR=0.050000
Eliminated 72 points for FPR=0.100000
Eliminated 65 points for FPR=0.150000
Completed iteration 28

Using 0.050000 threshold of 0.227062
Using 0.100000 threshold of 0.204683
Using 0.150000 threshold of 0.116193
Eliminated 51 points for FPR=0.050000
Eliminated 48 points for FPR=0.100000
Eliminated 44 points for FPR=0.150000
Completed iteration 29

Using 0.050000 threshold of 0.367854
Using 0.100000 threshold of 0.270584
Using 0.150000 threshold of 0.234803
Eliminated 76 points for FPR=0.050000
Eliminated 68 points for FPR=0.100000
Eliminated 64 points for FPR=0.150000
Completed iteration 30
Overall results, FPR=0.050000
Confidence threshold=0.6
Interpolation failed - throwing out 1 points
Interpolation failed - throwing out 2 points
Interpolation failed - throwing out 3 points
Interpolation failed - throwing out 4 points
Interpolation failed - throwing out 5 points
Interpolation failed - throwing out 6 points
Interpolation failed - throwing out 7 points
TPR Info by Lines: FPR Threshold/TPR/TPR STD ERR/TPR STD
    0.0500    0.1000    0.1500
    0.3788    0.5257    0.6151
    0.0552    0.0760    0.0792
    0.0552    0.0760    0.0792

Prediction points: 56.133333 (stddev 11.918497)
Individual AUCs:
    0.7265
    0.8333
    0.8456
    0.8958
    0.7188
    0.8038
    0.8221
    0.8735
    0.7398
    0.7241
    0.7538
    0.7938
    0.8167
    0.8060
    0.8629
    0.7543
    0.8686
    0.6886
    0.8071
    0.7232
    0.8790
    0.7927
    0.8360
    0.8660
    0.7228
    0.7259
    0.7086
    0.6092
    0.6794
    0.7591

p-value (Wilcoxon signed ranked test): 0.000002
AUC ave err std
    0.7812

    0.0707

    0.0707

Precision / Recall macro
    0.9493    0.2377

Precision / Recall micro
    0.9462    0.2379

Std devs
    0.0423    0.0910

Overall results, FPR=0.100000
Confidence threshold=0.6
Interpolation failed - throwing out 1 points
Interpolation failed - throwing out 2 points
Interpolation failed - throwing out 3 points
Interpolation failed - throwing out 4 points
Interpolation failed - throwing out 5 points
Interpolation failed - throwing out 6 points
Interpolation failed - throwing out 7 points
Interpolation failed - throwing out 8 points
TPR Info by Lines: FPR Threshold/TPR/TPR STD ERR/TPR STD
    0.0500    0.1000    0.1500
    0.3687    0.5180    0.6067
    0.0444    0.0575    0.0672
    0.0444    0.0575    0.0672

Prediction points: 67.666667 (stddev 12.023923)
Individual AUCs:
    0.7265
    0.7857
    0.8116
    0.8148
    0.7190
    0.8038
    0.8182
    0.8125
    0.6481
    0.7571
    0.7382
    0.8121
    0.7476
    0.8031
    0.7323
    0.7384
    0.8246
    0.6974
    0.7245
    0.7643
    0.8401
    0.7802
    0.8146
    0.8056
    0.7228
    0.7407
    0.6862
    0.6915
    0.6718
    0.7148

p-value (Wilcoxon signed ranked test): 0.000002
AUC ave err std
    0.7583

    0.0522

    0.0522

Precision / Recall macro
    0.9260    0.3219

Precision / Recall micro
    0.9235    0.3226

Std devs
    0.0520    0.0716

Overall results, FPR=0.150000
Confidence threshold=0.6
Interpolation failed - throwing out 1 points
Interpolation failed - throwing out 2 points
Interpolation failed - throwing out 3 points
Interpolation failed - throwing out 4 points
Interpolation failed - throwing out 5 points
Interpolation failed - throwing out 6 points
TPR Info by Lines: FPR Threshold/TPR/TPR STD ERR/TPR STD
    0.0500    0.1000    0.1500
    0.3554    0.4983    0.5757
    0.0446    0.0551    0.0590
    0.0446    0.0551    0.0590

Prediction points: 71.800000 (stddev 11.259938)
Individual AUCs:
    0.7265
    0.7623
    0.8116
    0.8359
    0.7190
    0.7115
    0.8114
    0.7541
    0.6553
    0.7571
    0.7434
    0.8556
    0.7476
    0.7927
    0.7002
    0.7384
    0.7371
    0.6587
    0.7245
    0.7628
    0.8810
    0.7802
    0.8080
    0.7337
    0.7348
    0.7415
    0.6765
    0.6798
    0.6564
    0.7037

p-value (Wilcoxon signed ranked test): 0.000002
AUC ave err std
    0.7467

    0.0572

    0.0572

Precision / Recall macro
    0.9027    0.3773

Precision / Recall micro
    0.9014    0.3775

Std devs
    0.0479    0.0523


Using 0.050000 threshold of 0.616340
Using 0.100000 threshold of 0.221726
Using 0.150000 threshold of 0.150851
Eliminated 116 points for FPR=0.050000
Eliminated 79 points for FPR=0.100000
Eliminated 79 points for FPR=0.150000
Completed iteration 1

Using 0.050000 threshold of 0.168592
Using 0.100000 threshold of 0.160524
Using 0.150000 threshold of 0.138739
Eliminated 72 points for FPR=0.050000
Eliminated 67 points for FPR=0.100000
Eliminated 53 points for FPR=0.150000
Completed iteration 2

Using 0.050000 threshold of 0.398503
Using 0.100000 threshold of 0.372413
Using 0.150000 threshold of 0.328132
Eliminated 74 points for FPR=0.050000
Eliminated 87 points for FPR=0.100000
Eliminated 82 points for FPR=0.150000
Completed iteration 3

Using 0.050000 threshold of 0.443252
Using 0.100000 threshold of 0.401641
Using 0.150000 threshold of 0.242733
Eliminated 79 points for FPR=0.050000
Eliminated 83 points for FPR=0.100000
Eliminated 59 points for FPR=0.150000
Completed iteration 4

Using 0.050000 threshold of 0.320743
Using 0.100000 threshold of 0.227496
Using 0.150000 threshold of 0.096021
Eliminated 66 points for FPR=0.050000
Eliminated 51 points for FPR=0.100000
Eliminated 40 points for FPR=0.150000
Completed iteration 5

Using 0.050000 threshold of 0.128199
Using 0.100000 threshold of 0.121656
Using 0.150000 threshold of 0.121599
Eliminated 50 points for FPR=0.050000
Eliminated 49 points for FPR=0.100000
Eliminated 49 points for FPR=0.150000
Completed iteration 6

Using 0.050000 threshold of 0.365917
Using 0.100000 threshold of 0.343930
Using 0.150000 threshold of 0.074643
Eliminated 66 points for FPR=0.050000
Eliminated 66 points for FPR=0.100000
Eliminated 48 points for FPR=0.150000
Completed iteration 7

Using 0.050000 threshold of 0.167116
Using 0.100000 threshold of 0.157839
Using 0.150000 threshold of 0.118864
Eliminated 63 points for FPR=0.050000
Eliminated 65 points for FPR=0.100000
Eliminated 56 points for FPR=0.150000
Completed iteration 8

Using 0.050000 threshold of 0.258887
Using 0.100000 threshold of 0.207988
Using 0.150000 threshold of 0.175265
Eliminated 73 points for FPR=0.050000
Eliminated 66 points for FPR=0.100000
Eliminated 66 points for FPR=0.150000
Completed iteration 9

Using 0.050000 threshold of 0.371157
Using 0.100000 threshold of 0.345381
Using 0.150000 threshold of 0.327560
Eliminated 81 points for FPR=0.050000
Eliminated 80 points for FPR=0.100000
Eliminated 80 points for FPR=0.150000
Completed iteration 10

Using 0.050000 threshold of 0.420404
Using 0.100000 threshold of 0.313892
Using 0.150000 threshold of 0.208752
Eliminated 72 points for FPR=0.050000
Eliminated 72 points for FPR=0.100000
Eliminated 66 points for FPR=0.150000
Completed iteration 11

Using 0.050000 threshold of 0.269931
Using 0.100000 threshold of 0.239292
Using 0.150000 threshold of 0.219317
Eliminated 77 points for FPR=0.050000
Eliminated 69 points for FPR=0.100000
Eliminated 89 points for FPR=0.150000
Completed iteration 12

Using 0.050000 threshold of 0.357248
Using 0.100000 threshold of 0.134025
Using 0.150000 threshold of 0.077496
Eliminated 77 points for FPR=0.050000
Eliminated 52 points for FPR=0.100000
Eliminated 34 points for FPR=0.150000
Completed iteration 13

Using 0.050000 threshold of 0.289246
Using 0.100000 threshold of 0.178563
Using 0.150000 threshold of 0.139450
Eliminated 68 points for FPR=0.050000
Eliminated 65 points for FPR=0.100000
Eliminated 63 points for FPR=0.150000
Completed iteration 14

Using 0.050000 threshold of 0.208662
Using 0.100000 threshold of 0.127894
Using 0.150000 threshold of 0.086862
Eliminated 52 points for FPR=0.050000
Eliminated 69 points for FPR=0.100000
Eliminated 64 points for FPR=0.150000
Completed iteration 15

Using 0.050000 threshold of 0.251188
Using 0.100000 threshold of 0.142932
Using 0.150000 threshold of 0.128912
Eliminated 81 points for FPR=0.050000
Eliminated 86 points for FPR=0.100000
Eliminated 91 points for FPR=0.150000
Completed iteration 16

Using 0.050000 threshold of 0.210455
Using 0.100000 threshold of 0.155658
Using 0.150000 threshold of 0.094960
Eliminated 58 points for FPR=0.050000
Eliminated 60 points for FPR=0.100000
Eliminated 60 points for FPR=0.150000
Completed iteration 17

Using 0.050000 threshold of 0.192231
Using 0.100000 threshold of 0.166643
Using 0.150000 threshold of 0.155048
Eliminated 62 points for FPR=0.050000
Eliminated 75 points for FPR=0.100000
Eliminated 72 points for FPR=0.150000
Completed iteration 18

Using 0.050000 threshold of 0.216904
Using 0.100000 threshold of 0.177594
Using 0.150000 threshold of 0.137452
Eliminated 74 points for FPR=0.050000
Eliminated 71 points for FPR=0.100000
Eliminated 68 points for FPR=0.150000
Completed iteration 19

Using 0.050000 threshold of 0.296069
Using 0.100000 threshold of 0.111786
Using 0.150000 threshold of 0.084929
Eliminated 65 points for FPR=0.050000
Eliminated 52 points for FPR=0.100000
Eliminated 57 points for FPR=0.150000
Completed iteration 20

Using 0.050000 threshold of 0.311200
Using 0.100000 threshold of 0.247294
Using 0.150000 threshold of 0.224441
Eliminated 53 points for FPR=0.050000
Eliminated 68 points for FPR=0.100000
Eliminated 63 points for FPR=0.150000
Completed iteration 21

Using 0.050000 threshold of 0.352783
Using 0.100000 threshold of 0.182697
Using 0.150000 threshold of 0.122880
Eliminated 93 points for FPR=0.050000
Eliminated 69 points for FPR=0.100000
Eliminated 65 points for FPR=0.150000
Completed iteration 22

Using 0.050000 threshold of 0.381526
Using 0.100000 threshold of 0.253898
Using 0.150000 threshold of 0.242559
Eliminated 92 points for FPR=0.050000
Eliminated 62 points for FPR=0.100000
Eliminated 78 points for FPR=0.150000
Completed iteration 23

Using 0.050000 threshold of 0.172698
Using 0.100000 threshold of 0.104136
Using 0.150000 threshold of 0.096443
Eliminated 60 points for FPR=0.050000
Eliminated 55 points for FPR=0.100000
Eliminated 52 points for FPR=0.150000
Completed iteration 24

Using 0.050000 threshold of 0.199440
Using 0.100000 threshold of 0.180293
Using 0.150000 threshold of 0.130217
Eliminated 60 points for FPR=0.050000
Eliminated 57 points for FPR=0.100000
Eliminated 54 points for FPR=0.150000
Completed iteration 25

Using 0.050000 threshold of 0.396174
Using 0.100000 threshold of 0.208196
Using 0.150000 threshold of 0.168998
Eliminated 90 points for FPR=0.050000
Eliminated 64 points for FPR=0.100000
Eliminated 84 points for FPR=0.150000
Completed iteration 26

Using 0.050000 threshold of 0.189625
Using 0.100000 threshold of 0.178073
Using 0.150000 threshold of 0.149934
Eliminated 77 points for FPR=0.050000
Eliminated 80 points for FPR=0.100000
Eliminated 84 points for FPR=0.150000
Completed iteration 27

Using 0.050000 threshold of 0.156083
Using 0.100000 threshold of 0.115035
Using 0.150000 threshold of 0.111732
Eliminated 76 points for FPR=0.050000
Eliminated 67 points for FPR=0.100000
Eliminated 67 points for FPR=0.150000
Completed iteration 28

Using 0.050000 threshold of 0.281466
Using 0.100000 threshold of 0.237751
Using 0.150000 threshold of 0.188382
Eliminated 64 points for FPR=0.050000
Eliminated 60 points for FPR=0.100000
Eliminated 61 points for FPR=0.150000
Completed iteration 29

Using 0.050000 threshold of 0.257932
Using 0.100000 threshold of 0.169381
Using 0.150000 threshold of 0.144678
Eliminated 70 points for FPR=0.050000
Eliminated 61 points for FPR=0.100000
Eliminated 67 points for FPR=0.150000
Completed iteration 30
Overall results, FPR=0.050000
Confidence threshold=0.7
Interpolation failed - throwing out 1 points
Interpolation failed - throwing out 2 points
TPR Info by Lines: FPR Threshold/TPR/TPR STD ERR/TPR STD
    0.0500    0.1000    0.1500
    0.4307    0.4965    0.5796
    0.0474    0.0622    0.0748
    0.0474    0.0622    0.0748

Prediction points: 57.966667 (stddev 13.805255)
Individual AUCs:
    1.0000
    0.7812
    0.6064
    0.8779
    0.7873
    0.5369
    0.7464
    0.6756
    0.7309
    0.7205
    0.6809
    0.7269
    0.8093
    0.7727
    0.8020
    0.7073
    0.7031
    0.8197
    0.7480
    0.7893
    0.7469
    0.8065
    0.8021
    0.5827
    0.8600
    0.8100
    0.8721
    0.8413
    0.7575
    0.8420

p-value (Wilcoxon signed ranked test): 0.000002
AUC ave err std
    0.7648

    0.0931

    0.0931

Precision / Recall macro
    0.9380    0.2627

Precision / Recall micro
    0.9333    0.2624

Std devs
    0.0437    0.0919

Overall results, FPR=0.100000
Confidence threshold=0.7
Interpolation failed - throwing out 1 points
Interpolation failed - throwing out 2 points
TPR Info by Lines: FPR Threshold/TPR/TPR STD ERR/TPR STD
    0.0500    0.1000    0.1500
    0.4130    0.5001    0.5620
    0.0413    0.0539    0.0680
    0.0413    0.0539    0.0680

Prediction points: 63.100000 (stddev 10.286751)
Individual AUCs:
    0.8130
    0.7542
    0.7330
    0.8782
    0.7323
    0.5414
    0.7464
    0.6627
    0.7070
    0.7050
    0.6809
    0.6930
    0.8206
    0.7922
    0.8141
    0.7799
    0.7130
    0.8905
    0.7355
    0.7824
    0.6865
    0.7329
    0.7975
    0.5838
    0.8431
    0.7283
    0.8564
    0.8042
    0.7010
    0.8324

p-value (Wilcoxon signed ranked test): 0.000002
AUC ave err std
    0.7514

    0.0799

    0.0799

Precision / Recall macro
    0.9059    0.3162

Precision / Recall micro
    0.9049    0.3161

Std devs
    0.0448    0.0686

Overall results, FPR=0.150000
Confidence threshold=0.7
Interpolation failed - throwing out 1 points
Interpolation failed - throwing out 2 points
TPR Info by Lines: FPR Threshold/TPR/TPR STD ERR/TPR STD
    0.0500    0.1000    0.1500
    0.3997    0.4601    0.5320
    0.0373    0.0485    0.0630
    0.0373    0.0485    0.0630

Prediction points: 64.966667 (stddev 14.040541)
Individual AUCs:
    0.8130
    0.7223
    0.6658
    0.8192
    0.7428
    0.5414
    0.6667
    0.6647
    0.7070
    0.7050
    0.6312
    0.7714
    0.7848
    0.7909
    0.7605
    0.7879
    0.7130
    0.8768
    0.7333
    0.7663
    0.7015
    0.7302
    0.8262
    0.5841
    0.8464
    0.7110
    0.8679
    0.8042
    0.6510
    0.8692

p-value (Wilcoxon signed ranked test): 0.000002
AUC ave err std
    0.7419

    0.0833

    0.0833

Precision / Recall macro
    0.8908    0.3487

Precision / Recall micro
    0.8844    0.3490

Std devs
    0.0529    0.0820


Using 0.050000 threshold of 0.251953
Using 0.100000 threshold of 0.178876
Using 0.150000 threshold of 0.124398
Eliminated 78 points for FPR=0.050000
Eliminated 74 points for FPR=0.100000
Eliminated 83 points for FPR=0.150000
Completed iteration 1

Using 0.050000 threshold of 0.197600
Using 0.100000 threshold of 0.134016
Using 0.150000 threshold of 0.105112
Eliminated 74 points for FPR=0.050000
Eliminated 67 points for FPR=0.100000
Eliminated 54 points for FPR=0.150000
Completed iteration 2

Using 0.050000 threshold of 0.253801
Using 0.100000 threshold of 0.182984
Using 0.150000 threshold of 0.118549
Eliminated 63 points for FPR=0.050000
Eliminated 56 points for FPR=0.100000
Eliminated 74 points for FPR=0.150000
Completed iteration 3

Using 0.050000 threshold of 0.410827
Using 0.100000 threshold of 0.309161
Using 0.150000 threshold of 0.269404
Eliminated 85 points for FPR=0.050000
Eliminated 102 points for FPR=0.100000
Eliminated 102 points for FPR=0.150000
Completed iteration 4

Using 0.050000 threshold of 0.233398
Using 0.100000 threshold of 0.195416
Using 0.150000 threshold of 0.187210
Eliminated 75 points for FPR=0.050000
Eliminated 75 points for FPR=0.100000
Eliminated 79 points for FPR=0.150000
Completed iteration 5

Using 0.050000 threshold of 0.178087
Using 0.100000 threshold of 0.131192
Using 0.150000 threshold of 0.111354
Eliminated 56 points for FPR=0.050000
Eliminated 49 points for FPR=0.100000
Eliminated 55 points for FPR=0.150000
Completed iteration 6

Using 0.050000 threshold of 0.176384
Using 0.100000 threshold of 0.133432
Using 0.150000 threshold of 0.117154
Eliminated 75 points for FPR=0.050000
Eliminated 75 points for FPR=0.100000
Eliminated 75 points for FPR=0.150000
Completed iteration 7

Using 0.050000 threshold of 0.461820
Using 0.100000 threshold of 0.255866
Using 0.150000 threshold of 0.195219
Eliminated 94 points for FPR=0.050000
Eliminated 87 points for FPR=0.100000
Eliminated 81 points for FPR=0.150000
Completed iteration 8

Using 0.050000 threshold of 0.275236
Using 0.100000 threshold of 0.194590
Using 0.150000 threshold of 0.113001
Eliminated 65 points for FPR=0.050000
Eliminated 72 points for FPR=0.100000
Eliminated 72 points for FPR=0.150000
Completed iteration 9

Using 0.050000 threshold of 0.181344
Using 0.100000 threshold of 0.131288
Using 0.150000 threshold of 0.120690
Eliminated 58 points for FPR=0.050000
Eliminated 62 points for FPR=0.100000
Eliminated 62 points for FPR=0.150000
Completed iteration 10

Using 0.050000 threshold of 0.335549
Using 0.100000 threshold of 0.230566
Using 0.150000 threshold of 0.227417
Eliminated 76 points for FPR=0.050000
Eliminated 62 points for FPR=0.100000
Eliminated 62 points for FPR=0.150000
Completed iteration 11

Using 0.050000 threshold of 0.482040
Using 0.100000 threshold of 0.279961
Using 0.150000 threshold of 0.226015
Eliminated 107 points for FPR=0.050000
Eliminated 105 points for FPR=0.100000
Eliminated 84 points for FPR=0.150000
Completed iteration 12

Using 0.050000 threshold of 0.197000
Using 0.100000 threshold of 0.158156
Using 0.150000 threshold of 0.129778
Eliminated 61 points for FPR=0.050000
Eliminated 52 points for FPR=0.100000
Eliminated 52 points for FPR=0.150000
Completed iteration 13

Using 0.050000 threshold of 0.312507
Using 0.100000 threshold of 0.141200
Using 0.150000 threshold of 0.126067
Eliminated 89 points for FPR=0.050000
Eliminated 53 points for FPR=0.100000
Eliminated 43 points for FPR=0.150000
Completed iteration 14

Using 0.050000 threshold of 0.459428
Using 0.100000 threshold of 0.448835
Using 0.150000 threshold of 0.415727
Eliminated 77 points for FPR=0.050000
Eliminated 77 points for FPR=0.100000
Eliminated 102 points for FPR=0.150000
Completed iteration 15

Using 0.050000 threshold of 0.299729
Using 0.100000 threshold of 0.219165
Using 0.150000 threshold of 0.177880
Eliminated 62 points for FPR=0.050000
Eliminated 58 points for FPR=0.100000
Eliminated 76 points for FPR=0.150000
Completed iteration 16

Using 0.050000 threshold of 0.130382
Using 0.100000 threshold of 0.108538
Using 0.150000 threshold of 0.093276
Eliminated 76 points for FPR=0.050000
Eliminated 98 points for FPR=0.100000
Eliminated 93 points for FPR=0.150000
Completed iteration 17

Using 0.050000 threshold of 0.269419
Using 0.100000 threshold of 0.249386
Using 0.150000 threshold of 0.215597
Eliminated 58 points for FPR=0.050000
Eliminated 54 points for FPR=0.100000
Eliminated 50 points for FPR=0.150000
Completed iteration 18

Using 0.050000 threshold of 0.140215
Using 0.100000 threshold of 0.128261
Using 0.150000 threshold of 0.128261
Eliminated 80 points for FPR=0.050000
Eliminated 73 points for FPR=0.100000
Eliminated 78 points for FPR=0.150000
Completed iteration 19

Using 0.050000 threshold of 0.331437
Using 0.100000 threshold of 0.182788
Using 0.150000 threshold of 0.158686
Eliminated 70 points for FPR=0.050000
Eliminated 66 points for FPR=0.100000
Eliminated 53 points for FPR=0.150000
Completed iteration 20

Using 0.050000 threshold of 0.181034
Using 0.100000 threshold of 0.128012
Using 0.150000 threshold of 0.111581
Eliminated 60 points for FPR=0.050000
Eliminated 60 points for FPR=0.100000
Eliminated 56 points for FPR=0.150000
Completed iteration 21

Using 0.050000 threshold of 0.444510
Using 0.100000 threshold of 0.278191
Using 0.150000 threshold of 0.204590
Eliminated 90 points for FPR=0.050000
Eliminated 77 points for FPR=0.100000
Eliminated 95 points for FPR=0.150000
Completed iteration 22

Using 0.050000 threshold of 0.373937
Using 0.100000 threshold of 0.157169
Using 0.150000 threshold of 0.141917
Eliminated 76 points for FPR=0.050000
Eliminated 68 points for FPR=0.100000
Eliminated 52 points for FPR=0.150000
Completed iteration 23

Using 0.050000 threshold of 0.251600
Using 0.100000 threshold of 0.209886
Using 0.150000 threshold of 0.138570
Eliminated 61 points for FPR=0.050000
Eliminated 61 points for FPR=0.100000
Eliminated 53 points for FPR=0.150000
Completed iteration 24

Using 0.050000 threshold of 0.316141
Using 0.100000 threshold of 0.267036
Using 0.150000 threshold of 0.151123
Eliminated 70 points for FPR=0.050000
Eliminated 94 points for FPR=0.100000
Eliminated 87 points for FPR=0.150000
Completed iteration 25

Using 0.050000 threshold of 0.433786
Using 0.100000 threshold of 0.157340
Using 0.150000 threshold of 0.123793
Eliminated 72 points for FPR=0.050000
Eliminated 74 points for FPR=0.100000
Eliminated 70 points for FPR=0.150000
Completed iteration 26

Using 0.050000 threshold of 0.333557
Using 0.100000 threshold of 0.227458
Using 0.150000 threshold of 0.148842
Eliminated 66 points for FPR=0.050000
Eliminated 54 points for FPR=0.100000
Eliminated 39 points for FPR=0.150000
Completed iteration 27

Using 0.050000 threshold of 0.238565
Using 0.100000 threshold of 0.213257
Using 0.150000 threshold of 0.196898
Eliminated 55 points for FPR=0.050000
Eliminated 52 points for FPR=0.100000
Eliminated 52 points for FPR=0.150000
Completed iteration 28

Using 0.050000 threshold of 0.271111
Using 0.100000 threshold of 0.232095
Using 0.150000 threshold of 0.164839
Eliminated 58 points for FPR=0.050000
Eliminated 58 points for FPR=0.100000
Eliminated 58 points for FPR=0.150000
Completed iteration 29

Using 0.050000 threshold of 0.128284
Using 0.100000 threshold of 0.114954
Using 0.150000 threshold of 0.103529
Eliminated 67 points for FPR=0.050000
Eliminated 67 points for FPR=0.100000
Eliminated 54 points for FPR=0.150000
Completed iteration 30
Overall results, FPR=0.050000
Confidence threshold=0.8
Interpolation failed - throwing out 1 points
Interpolation failed - throwing out 2 points
Interpolation failed - throwing out 3 points
Interpolation failed - throwing out 4 points
Interpolation failed - throwing out 5 points
Interpolation failed - throwing out 6 points
TPR Info by Lines: FPR Threshold/TPR/TPR STD ERR/TPR STD
    0.0500    0.1000    0.1500
    0.3759    0.5205    0.6189
    0.0461    0.0603    0.0860
    0.0461    0.0603    0.0860

Prediction points: 58.200000 (stddev 12.460697)
Individual AUCs:
    0.9275
    0.6630
    0.8000
    0.7657
    0.7718
    0.7500
    0.6867
    0.7813
    0.7956
    0.6453
    0.8016
    0.8667
    0.9107
    0.8226
    0.9186
    0.7512
    0.6841
    0.6685
    0.6340
    0.7700
    0.6182
    1.0000
    0.7336
    0.7789
    0.7848
    0.8481
    0.7536
    0.6787
    0.6346
    0.6132

p-value (Wilcoxon signed ranked test): 0.000002
AUC ave err std
    0.7619

    0.0992

    0.0992

Precision / Recall macro
    0.9422    0.2658

Precision / Recall micro
    0.9355    0.2663

Std devs
    0.0485    0.0773

Overall results, FPR=0.100000
Confidence threshold=0.8
Interpolation failed - throwing out 1 points
Interpolation failed - throwing out 2 points
Interpolation failed - throwing out 3 points
Interpolation failed - throwing out 4 points
Interpolation failed - throwing out 5 points
TPR Info by Lines: FPR Threshold/TPR/TPR STD ERR/TPR STD
    0.0500    0.1000    0.1500
    0.3964    0.5255    0.5981
    0.0452    0.0654    0.0807
    0.0452    0.0654    0.0807

Prediction points: 60.600000 (stddev 15.314181)
Individual AUCs:
    0.9067
    0.6311
    0.7808
    0.8400
    0.7718
    0.7349
    0.6867
    0.6993
    0.8095
    0.6243
    0.7744
    0.8030
    0.8619
    0.7614
    0.9186
    0.7121
    0.7701
    0.6680
    0.6321
    0.7187
    0.6182
    0.8292
    0.7127
    0.7789
    0.7290
    0.7758
    0.7247
    0.6942
    0.6346
    0.6132

p-value (Wilcoxon signed ranked test): 0.000002
AUC ave err std
    0.7405

    0.0835

    0.0835

Precision / Recall macro
    0.9253    0.3031

Precision / Recall micro
    0.9177    0.3034

Std devs
    0.0567    0.0789

Overall results, FPR=0.150000
Confidence threshold=0.8
Interpolation failed - throwing out 1 points
Interpolation failed - throwing out 2 points
Interpolation failed - throwing out 3 points
Interpolation failed - throwing out 4 points
Interpolation failed - throwing out 5 points
Interpolation failed - throwing out 6 points
TPR Info by Lines: FPR Threshold/TPR/TPR STD ERR/TPR STD
    0.0500    0.1000    0.1500
    0.3562    0.4860    0.5506
    0.0451    0.0635    0.0810
    0.0451    0.0635    0.0810

Prediction points: 61.800000 (stddev 17.568389)
Individual AUCs:
    0.8929
    0.6490
    0.7541
    0.8400
    0.8359
    0.7445
    0.6867
    0.6351
    0.8095
    0.6243
    0.7744
    0.7974
    0.8619
    0.7531
    0.8435
    0.7062
    0.6750
    0.6631
    0.6253
    0.7119
    0.6164
    0.8276
    0.6868
    0.7693
    0.6929
    0.7570
    0.6939
    0.6942
    0.6346
    0.5495

p-value (Wilcoxon signed ranked test): 0.000002
AUC ave err std
    0.7269

    0.0859

    0.0859

Precision / Recall macro
    0.9105    0.3133

Precision / Recall micro
    0.9023    0.3133

Std devs
    0.0544    0.0906


Using 0.050000 threshold of 0.423583
Using 0.100000 threshold of 0.307214
Using 0.150000 threshold of 0.163452
Eliminated 114 points for FPR=0.050000
Eliminated 102 points for FPR=0.100000
Eliminated 102 points for FPR=0.150000
Completed iteration 1

Using 0.050000 threshold of 0.288066
Using 0.100000 threshold of 0.202351
Using 0.150000 threshold of 0.149156
Eliminated 99 points for FPR=0.050000
Eliminated 75 points for FPR=0.100000
Eliminated 74 points for FPR=0.150000
Completed iteration 2

Using 0.050000 threshold of 0.107711
Using 0.100000 threshold of 0.081360
Using 0.150000 threshold of 0.070783
Eliminated 58 points for FPR=0.050000
Eliminated 91 points for FPR=0.100000
Eliminated 93 points for FPR=0.150000
Completed iteration 3

Using 0.050000 threshold of 0.385087
Using 0.100000 threshold of 0.350896
Using 0.150000 threshold of 0.176531
Eliminated 109 points for FPR=0.050000
Eliminated 109 points for FPR=0.100000
Eliminated 89 points for FPR=0.150000
Filtered down to degenerate test set; skipping iteration.

Using 0.050000 threshold of 0.325133
Using 0.100000 threshold of 0.233820
Using 0.150000 threshold of 0.187021
Eliminated 91 points for FPR=0.050000
Eliminated 88 points for FPR=0.100000
Eliminated 88 points for FPR=0.150000
Completed iteration 4

Using 0.050000 threshold of 0.176152
Using 0.100000 threshold of 0.169081
Using 0.150000 threshold of 0.111758
Eliminated 95 points for FPR=0.050000
Eliminated 95 points for FPR=0.100000
Eliminated 88 points for FPR=0.150000
Completed iteration 5

Using 0.050000 threshold of 0.203308
Using 0.100000 threshold of 0.102971
Using 0.150000 threshold of 0.099234
Eliminated 61 points for FPR=0.050000
Eliminated 59 points for FPR=0.100000
Eliminated 73 points for FPR=0.150000
Completed iteration 6

Using 0.050000 threshold of 0.526126
Using 0.100000 threshold of 0.468416
Using 0.150000 threshold of 0.251775
Eliminated 110 points for FPR=0.050000
Eliminated 110 points for FPR=0.100000
Eliminated 72 points for FPR=0.150000
Completed iteration 7

Using 0.050000 threshold of 0.150842
Using 0.100000 threshold of 0.120926
Using 0.150000 threshold of 0.072171
Eliminated 64 points for FPR=0.050000
Eliminated 64 points for FPR=0.100000
Eliminated 61 points for FPR=0.150000
Completed iteration 8

Using 0.050000 threshold of 0.179141
Using 0.100000 threshold of 0.112264
Using 0.150000 threshold of 0.086768
Eliminated 69 points for FPR=0.050000
Eliminated 74 points for FPR=0.100000
Eliminated 83 points for FPR=0.150000
Completed iteration 9

Using 0.050000 threshold of 0.441097
Using 0.100000 threshold of 0.359991
Using 0.150000 threshold of 0.174467
Eliminated 108 points for FPR=0.050000
Eliminated 106 points for FPR=0.100000
Eliminated 100 points for FPR=0.150000
Completed iteration 10

Using 0.050000 threshold of 0.102226
Using 0.100000 threshold of 0.093827
Using 0.150000 threshold of 0.093654
Eliminated 81 points for FPR=0.050000
Eliminated 81 points for FPR=0.100000
Eliminated 69 points for FPR=0.150000
Completed iteration 11

Using 0.050000 threshold of 0.281362
Using 0.100000 threshold of 0.200590
Using 0.150000 threshold of 0.126952
Eliminated 83 points for FPR=0.050000
Eliminated 81 points for FPR=0.100000
Eliminated 95 points for FPR=0.150000
Completed iteration 12

Using 0.050000 threshold of 0.399314
Using 0.100000 threshold of 0.289267
Using 0.150000 threshold of 0.239746
Eliminated 90 points for FPR=0.050000
Eliminated 94 points for FPR=0.100000
Eliminated 87 points for FPR=0.150000
Completed iteration 13

Using 0.050000 threshold of 0.206346
Using 0.100000 threshold of 0.169073
Using 0.150000 threshold of 0.137621
Eliminated 75 points for FPR=0.050000
Eliminated 77 points for FPR=0.100000
Eliminated 86 points for FPR=0.150000
Completed iteration 14

Using 0.050000 threshold of 0.307299
Using 0.100000 threshold of 0.226779
Using 0.150000 threshold of 0.186287
Eliminated 71 points for FPR=0.050000
Eliminated 100 points for FPR=0.100000
Eliminated 104 points for FPR=0.150000
Completed iteration 15

Using 0.050000 threshold of 0.387620
Using 0.100000 threshold of 0.124775
Using 0.150000 threshold of 0.096885
Eliminated 95 points for FPR=0.050000
Eliminated 51 points for FPR=0.100000
Eliminated 87 points for FPR=0.150000
Completed iteration 16

Using 0.050000 threshold of 0.475570
Using 0.100000 threshold of 0.180335
Using 0.150000 threshold of 0.149344
Eliminated 115 points for FPR=0.050000
Eliminated 67 points for FPR=0.100000
Eliminated 61 points for FPR=0.150000
Completed iteration 17

Using 0.050000 threshold of 0.215723
Using 0.100000 threshold of 0.141179
Using 0.150000 threshold of 0.111157
Eliminated 58 points for FPR=0.050000
Eliminated 48 points for FPR=0.100000
Eliminated 34 points for FPR=0.150000
Completed iteration 18

Using 0.050000 threshold of 0.309078
Using 0.100000 threshold of 0.199609
Using 0.150000 threshold of 0.141598
Eliminated 67 points for FPR=0.050000
Eliminated 78 points for FPR=0.100000
Eliminated 84 points for FPR=0.150000
Completed iteration 19

Using 0.050000 threshold of 0.379498
Using 0.100000 threshold of 0.270985
Using 0.150000 threshold of 0.218440
Eliminated 94 points for FPR=0.050000
Eliminated 90 points for FPR=0.100000
Eliminated 88 points for FPR=0.150000
Completed iteration 20

Using 0.050000 threshold of 0.285523
Using 0.100000 threshold of 0.203331
Using 0.150000 threshold of 0.148286
Eliminated 78 points for FPR=0.050000
Eliminated 58 points for FPR=0.100000
Eliminated 76 points for FPR=0.150000
Completed iteration 21

Using 0.050000 threshold of 0.437793
Using 0.100000 threshold of 0.201899
Using 0.150000 threshold of 0.156833
Eliminated 103 points for FPR=0.050000
Eliminated 73 points for FPR=0.100000
Eliminated 86 points for FPR=0.150000
Completed iteration 22

Using 0.050000 threshold of 0.290026
Using 0.100000 threshold of 0.217142
Using 0.150000 threshold of 0.194508
Eliminated 98 points for FPR=0.050000
Eliminated 80 points for FPR=0.100000
Eliminated 74 points for FPR=0.150000
Completed iteration 23

Using 0.050000 threshold of 0.230618
Using 0.100000 threshold of 0.181902
Using 0.150000 threshold of 0.113243
Eliminated 60 points for FPR=0.050000
Eliminated 79 points for FPR=0.100000
Eliminated 90 points for FPR=0.150000
Completed iteration 24

Using 0.050000 threshold of 0.303270
Using 0.100000 threshold of 0.248988
Using 0.150000 threshold of 0.232353
Eliminated 79 points for FPR=0.050000
Eliminated 63 points for FPR=0.100000
Eliminated 71 points for FPR=0.150000
Completed iteration 25

Using 0.050000 threshold of 0.303319
Using 0.100000 threshold of 0.205387
Using 0.150000 threshold of 0.185851
Eliminated 79 points for FPR=0.050000
Eliminated 94 points for FPR=0.100000
Eliminated 94 points for FPR=0.150000
Completed iteration 26

Using 0.050000 threshold of 0.328120
Using 0.100000 threshold of 0.258114
Using 0.150000 threshold of 0.240808
Eliminated 71 points for FPR=0.050000
Eliminated 88 points for FPR=0.100000
Eliminated 88 points for FPR=0.150000
Completed iteration 27

Using 0.050000 threshold of 0.210547
Using 0.100000 threshold of 0.129580
Using 0.150000 threshold of 0.118049
Eliminated 50 points for FPR=0.050000
Eliminated 68 points for FPR=0.100000
Eliminated 93 points for FPR=0.150000
Completed iteration 28

Using 0.050000 threshold of 0.201971
Using 0.100000 threshold of 0.138646
Using 0.150000 threshold of 0.107892
Eliminated 76 points for FPR=0.050000
Eliminated 71 points for FPR=0.100000
Eliminated 66 points for FPR=0.150000
Completed iteration 29

Using 0.050000 threshold of 0.198347
Using 0.100000 threshold of 0.158500
Using 0.150000 threshold of 0.147058
Eliminated 89 points for FPR=0.050000
Eliminated 74 points for FPR=0.100000
Eliminated 74 points for FPR=0.150000
Completed iteration 30
Overall results, FPR=0.050000
Confidence threshold=0.9
Interpolation failed - throwing out 1 points
Interpolation failed - throwing out 2 points
Interpolation failed - throwing out 3 points
Interpolation failed - throwing out 4 points
Interpolation failed - throwing out 5 points
TPR Info by Lines: FPR Threshold/TPR/TPR STD ERR/TPR STD
    0.0500    0.1000    0.1500
    0.5324    0.6423    0.7054
    0.0617    0.0796    0.0925
    0.0617    0.0796    0.0925

Prediction points: 47.300000 (stddev 18.006033)
Individual AUCs:
    1.0000
    0.9074
    0.7981
    0.7475
    0.9213
    0.7642
    0.9444
    0.6926
    0.7692
    0.9167
    0.7359
    0.8235
    0.8873
    0.7149
    0.8347
    0.8678
    1.0000
    0.6924
    0.8351
    0.8283
    0.7984
    0.8143
    0.8391
    0.7570
    0.8333
    0.8250
    0.7476
    0.7179
    0.7632
    0.8846

p-value (Wilcoxon signed ranked test): 0.000002
AUC ave err std
    0.8221

    0.0841

    0.0841

Precision / Recall macro
    0.9620    0.2293

Precision / Recall micro
    0.9450    0.2281

Std devs
    0.0596    0.0957

Overall results, FPR=0.100000
Confidence threshold=0.9
Interpolation failed - throwing out 1 points
Interpolation failed - throwing out 2 points
Interpolation failed - throwing out 3 points
Interpolation failed - throwing out 4 points
Interpolation failed - throwing out 5 points
TPR Info by Lines: FPR Threshold/TPR/TPR STD ERR/TPR STD
    0.0500    0.1000    0.1500
    0.4281    0.5577    0.6095
    0.0575    0.0729    0.0785
    0.0575    0.0729    0.0785

Prediction points: 50.700000 (stddev 15.868316)
Individual AUCs:
    0.8980
    0.7467
    0.8214
    0.7407
    0.9213
    0.7571
    0.9444
    0.6926
    0.6610
    0.8947
    0.7359
    0.7078
    0.7160
    0.7233
    0.9006
    0.6931
    0.8763
    0.6300
    0.7188
    0.7838
    0.7397
    0.6825
    0.7483
    0.7543
    0.8651
    0.7031
    0.7303
    0.7921
    0.7742
    0.8322

p-value (Wilcoxon signed ranked test): 0.000002
AUC ave err std
    0.7728

    0.0836

    0.0836

Precision / Recall macro
    0.9413    0.2542

Precision / Recall micro
    0.9278    0.2536

Std devs
    0.0659    0.0881

Overall results, FPR=0.150000
Confidence threshold=0.9
Interpolation failed - throwing out 1 points
Interpolation failed - throwing out 2 points
Interpolation failed - throwing out 3 points
Interpolation failed - throwing out 4 points
Interpolation failed - throwing out 5 points
Interpolation failed - throwing out 6 points
Interpolation failed - throwing out 7 points
Interpolation failed - throwing out 8 points
Interpolation failed - throwing out 9 points
Interpolation failed - throwing out 10 points
Interpolation failed - throwing out 11 points
Interpolation failed - throwing out 12 points
TPR Info by Lines: FPR Threshold/TPR/TPR STD ERR/TPR STD
    0.0500    0.1000    0.1500
    0.4109    0.5529    0.5927
    0.0615    0.0759    0.0729
    0.0615    0.0759    0.0729

Prediction points: 48.633333 (stddev 14.606289)
Individual AUCs:
    0.8980
    0.7292
    0.7716
    0.7407
    0.8687
    0.6768
    0.7581
    0.6426
    0.7753
    0.8977
    0.6538
    0.7650
    0.7061
    0.6680
    0.9250
    0.6944
    0.8473
    0.6276
    0.6887
    0.7692
    0.7273
    0.6276
    0.6932
    0.7879
    0.8837
    0.6556
    0.7303
    0.8296
    0.7810
    0.8322

p-value (Wilcoxon signed ranked test): 0.000002
AUC ave err std
    0.7551

    0.0866

    0.0866

Precision / Recall macro
    0.9238    0.2436

Precision / Recall micro
    0.9150    0.2432

Std devs
    0.0701    0.0693

computation time (s)
  173.2390

