!!!!below quality measures have been removed due to insufficient data!!!!!!!!!!!!
    ' TriangleSize'

Keeping QMs:
name        p values
    ' Spread'    '2.48e-07'

    ' Limit'    '2.57e-07'

    ' OrthoNorm'    '0.000358'

Deleting QMs:
name        p values
    ' Extension'    '0.978'

    'GraspIt_Epsilon'    '0.892'

    ' Volume'    '0.537'

    'GraspIt_Volume'    '0.376'

    'GraspIt_ContactEnergy'    '0.0879'

    ' PerpSym'    '0.0627'

    ' ParallelSym'    '0.00685'

binThreshold:15

Completed iteration:1
Prediction points:244
  TP     FP     TN     FN
    38     8    50   148

Precision / Recall
    0.8261    0.2043


Completed iteration:2
Prediction points:244
  TP     FP     TN     FN
    42    14    58   130

Precision / Recall
    0.7500    0.2442


Completed iteration:3
Prediction points:244
  TP     FP     TN     FN
    16    10    60   158

Precision / Recall
    0.6154    0.0920


Completed iteration:4
Prediction points:244
  TP     FP     TN     FN
    30    20    54   140

Precision / Recall
    0.6000    0.1765


Completed iteration:5
Prediction points:244
  TP     FP     TN     FN
    51    33    48   112

Precision / Recall
    0.6071    0.3129


Completed iteration:6
Prediction points:232
  TP     FP     TN     FN
    31    26    43   132

Precision / Recall
    0.5439    0.1902


Completed iteration:7
Prediction points:232
  TP     FP     TN     FN
   117    40    26    49

Precision / Recall
    0.7452    0.7048


Completed iteration:8
Prediction points:244
  TP     FP     TN     FN
    44    24    45   131

Precision / Recall
    0.6471    0.2514


Completed iteration:9
Prediction points:237
  TP     FP     TN     FN
     9     7    75   146

Precision / Recall
    0.5625    0.0581


Completed iteration:10
Prediction points:244
  TP     FP     TN     FN
    43    27    49   125

Precision / Recall
    0.6143    0.2560


Completed iteration:11
Prediction points:234
  TP     FP     TN     FN
    37    10    64   123

Precision / Recall
    0.7872    0.2313


Completed iteration:12
Prediction points:232
  TP     FP     TN     FN
    15     4    61   152

Precision / Recall
    0.7895    0.0898


Completed iteration:13
Prediction points:239
  TP     FP     TN     FN
    92    33    43    71

Precision / Recall
    0.7360    0.5644


Completed iteration:14
Prediction points:244
  TP     FP     TN     FN
    47    29    42   126

Precision / Recall
    0.6184    0.2717


Completed iteration:15
Prediction points:244
  TP     FP     TN     FN
    35    10    58   141

Precision / Recall
    0.7778    0.1989


Completed iteration:16
Prediction points:244
  TP     FP     TN     FN
    43    15    55   131

Precision / Recall
    0.7414    0.2471


Completed iteration:17
Prediction points:230
  TP     FP     TN     FN
   103    40    33    54

Precision / Recall
    0.7203    0.6561


Completed iteration:18
Prediction points:233
  TP     FP     TN     FN
    60    15    52   106

Precision / Recall
    0.8000    0.3614


Completed iteration:19
Prediction points:236
  TP     FP     TN     FN
    46    23    41   126

Precision / Recall
    0.6667    0.2674


Completed iteration:20
Prediction points:244
  TP     FP     TN     FN
    42    23    45   134

Precision / Recall
    0.6462    0.2386


Completed iteration:21
Prediction points:232
  TP     FP     TN     FN
    19    10    69   134

Precision / Recall
    0.6552    0.1242


Completed iteration:22
Prediction points:230
  TP     FP     TN     FN
    48    15    51   116

Precision / Recall
    0.7619    0.2927


Completed iteration:23
Prediction points:233
  TP     FP     TN     FN
    41    14    62   116

Precision / Recall
    0.7455    0.2611


Completed iteration:24
Prediction points:244
  TP     FP     TN     FN
    30     8    57   149

Precision / Recall
    0.7895    0.1676


Completed iteration:25
Prediction points:237
  TP     FP     TN     FN
    21     7    65   144

Precision / Recall
    0.7500    0.1273


Completed iteration:26
Prediction points:244
  TP     FP     TN     FN
    17     8    70   149

Precision / Recall
    0.6800    0.1024


Completed iteration:27
Prediction points:244
  TP     FP     TN     FN
    38    18    53   135

Precision / Recall
    0.6786    0.2197


Completed iteration:28
Prediction points:244
  TP     FP     TN     FN
    46    19    58   121

Precision / Recall
    0.7077    0.2754


Completed iteration:29
Prediction points:237
  TP     FP     TN     FN
    13     7    64   153

Precision / Recall
    0.6500    0.0783


Completed iteration:30
Prediction points:238
  TP     FP     TN     FN
    16     4    60   158

Precision / Recall
    0.8000    0.0920

Overall results (hybrid)
Confidence threshold=0.5
Filtered datapoints
AUC ave err std
    0.5007

    0.0422

    0.0422

Precision / Recall macro
    0.7004    0.2453

Precision / Recall micro
    0.7025    0.2440


Completed iteration:1
Prediction points:244
  TP     FP     TN     FN
    13     8    71   152

Precision / Recall
    0.6190    0.0788


Completed iteration:2
Prediction points:185
  TP     FP     TN     FN
    66    27    43    49

Precision / Recall
    0.7097    0.5739


Completed iteration:3
Prediction points:224
  TP     FP     TN     FN
     8    16    62   138

Precision / Recall
    0.3333    0.0548


Completed iteration:4
Prediction points:235
  TP     FP     TN     FN
     9     5    67   154

Precision / Recall
    0.6429    0.0552


Completed iteration:5
Prediction points:244
  TP     FP     TN     FN
    25     9    67   143

Precision / Recall
    0.7353    0.1488


Completed iteration:6
Prediction points:229
  TP     FP     TN     FN
    46    24    46   113

Precision / Recall
    0.6571    0.2893


Completed iteration:7
Prediction points:225
  TP     FP     TN     FN
    33     8    62   122

Precision / Recall
    0.8049    0.2129


Completed iteration:8
Prediction points:229
  TP     FP     TN     FN
    37    21    47   124

Precision / Recall
    0.6379    0.2298


Completed iteration:9
Prediction points:210
  TP     FP     TN     FN
    21    22    50   117

Precision / Recall
    0.4884    0.1522


Completed iteration:10
Prediction points:236
  TP     FP     TN     FN
    93    35    37    71

Precision / Recall
    0.7266    0.5671


Completed iteration:11
Prediction points:208
  TP     FP     TN     FN
    31     8    59   110

Precision / Recall
    0.7949    0.2199


Completed iteration:12
Prediction points:244
  TP     FP     TN     FN
    38    24    58   124

Precision / Recall
    0.6129    0.2346


Completed iteration:13
Prediction points:235
  TP     FP     TN     FN
    19     4    69   143

Precision / Recall
    0.8261    0.1173


Completed iteration:14
Prediction points:209
  TP     FP     TN     FN
    61    20    39    89

Precision / Recall
    0.7531    0.4067


Completed iteration:15
Prediction points:238
  TP     FP     TN     FN
     7     4    77   150

Precision / Recall
    0.6364    0.0446


Completed iteration:16
Prediction points:241
  TP     FP     TN     FN
    17     8    63   153

Precision / Recall
    0.6800    0.1000


Completed iteration:17
Prediction points:213
  TP     FP     TN     FN
    15     6    59   133

Precision / Recall
    0.7143    0.1014


Completed iteration:18
Prediction points:207
  TP     FP     TN     FN
    10     3    53   141

Precision / Recall
    0.7692    0.0662


Completed iteration:19
Prediction points:226
  TP     FP     TN     FN
    42    23    45   116

Precision / Recall
    0.6462    0.2658


Completed iteration:20
Prediction points:199
  TP     FP     TN     FN
    62    18    45    74

Precision / Recall
    0.7750    0.4559


Completed iteration:21
Prediction points:244
  TP     FP     TN     FN
    15     9    68   152

Precision / Recall
    0.6250    0.0898


Completed iteration:22
Prediction points:236
  TP     FP     TN     FN
    26     9    63   138

Precision / Recall
    0.7429    0.1585


Completed iteration:23
Prediction points:232
  TP     FP     TN     FN
    36    19    47   130

Precision / Recall
    0.6545    0.2169


Completed iteration:24
Prediction points:242
  TP     FP     TN     FN
    11    10    63   158

Precision / Recall
    0.5238    0.0651


Completed iteration:25
Prediction points:237
  TP     FP     TN     FN
    44    18    62   113

Precision / Recall
    0.7097    0.2803


Completed iteration:26
Prediction points:203
  TP     FP     TN     FN
    42    14    45   102

Precision / Recall
    0.7500    0.2917


Completed iteration:27
Prediction points:238
  TP     FP     TN     FN
    12     5    74   147

Precision / Recall
    0.7059    0.0755


Completed iteration:28
Prediction points:238
  TP     FP     TN     FN
     8    10    72   148

Precision / Recall
    0.4444    0.0513


Completed iteration:29
Prediction points:225
  TP     FP     TN     FN
    26    18    59   122

Precision / Recall
    0.5909    0.1757


Completed iteration:30
Prediction points:238
  TP     FP     TN     FN
    61    22    42   113

Precision / Recall
    0.7349    0.3506

Overall results (hybrid)
Confidence threshold=0.6
Filtered datapoints
AUC ave err std
    0.5011

    0.0406

    0.0406

Precision / Recall macro
    0.6682    0.2043

Precision / Recall micro
    0.6863    0.1999


Completed iteration:1
Prediction points:216
  TP     FP     TN     FN
    10     7    65   134

Precision / Recall
    0.5882    0.0694


Completed iteration:2
Prediction points:202
  TP     FP     TN     FN
    15    20    41   126

Precision / Recall
    0.4286    0.1064


Completed iteration:3
Prediction points:210
  TP     FP     TN     FN
    17     2    52   139

Precision / Recall
    0.8947    0.1090


Completed iteration:4
Prediction points:229
  TP     FP     TN     FN
    11    13    63   142

Precision / Recall
    0.4583    0.0719


Completed iteration:5
Prediction points:203
  TP     FP     TN     FN
    41    17    46    99

Precision / Recall
    0.7069    0.2929


Completed iteration:6
Prediction points:211
  TP     FP     TN     FN
     6     5    62   138

Precision / Recall
    0.5455    0.0417


Completed iteration:7
Prediction points:212
  TP     FP     TN     FN
     3     1    67   141

Precision / Recall
    0.7500    0.0208


Completed iteration:8
Prediction points:233
  TP     FP     TN     FN
    15     8    72   138

Precision / Recall
    0.6522    0.0980


Completed iteration:9
Prediction points:229
  TP     FP     TN     FN
    26     2    61   140

Precision / Recall
    0.9286    0.1566


Completed iteration:10
Prediction points:223
  TP     FP     TN     FN
    20    18    69   116

Precision / Recall
    0.5263    0.1471


Completed iteration:11
Prediction points:228
  TP     FP     TN     FN
     7     3    59   159

Precision / Recall
    0.7000    0.0422


Completed iteration:12
Prediction points:220
  TP     FP     TN     FN
     5     4    56   155

Precision / Recall
    0.5556    0.0313


Completed iteration:13
Prediction points:244
  TP     FP     TN     FN
    10     8    69   157

Precision / Recall
    0.5556    0.0599


Completed iteration:14
Prediction points:244
  TP     FP     TN     FN
    18    12    66   148

Precision / Recall
    0.6000    0.1084


Completed iteration:15
Prediction points:203
  TP     FP     TN     FN
     8     3    61   131

Precision / Recall
    0.7273    0.0576


Completed iteration:16
Prediction points:206
  TP     FP     TN     FN
     9     4    52   141

Precision / Recall
    0.6923    0.0600


Completed iteration:17
Prediction points:217
  TP     FP     TN     FN
    24    21    52   120

Precision / Recall
    0.5333    0.1667


Completed iteration:18
Prediction points:211
  TP     FP     TN     FN
    29    21    49   112

Precision / Recall
    0.5800    0.2057


Completed iteration:19
Prediction points:236
  TP     FP     TN     FN
    11     3    67   155

Precision / Recall
    0.7857    0.0663


Completed iteration:20
Prediction points:232
  TP     FP     TN     FN
     5     5    75   147

Precision / Recall
    0.5000    0.0329


Completed iteration:21
Prediction points:205
  TP     FP     TN     FN
    55    31    37    82

Precision / Recall
    0.6395    0.4015


Completed iteration:22
Prediction points:220
  TP     FP     TN     FN
    10     5    70   135

Precision / Recall
    0.6667    0.0690


Completed iteration:23
Prediction points:238
  TP     FP     TN     FN
    16    10    60   152

Precision / Recall
    0.6154    0.0952


Completed iteration:24
Prediction points:206
  TP     FP     TN     FN
    25    10    51   120

Precision / Recall
    0.7143    0.1724


Completed iteration:25
Prediction points:227
  TP     FP     TN     FN
    13    12    54   148

Precision / Recall
    0.5200    0.0807


Completed iteration:26
Prediction points:207
  TP     FP     TN     FN
    10     8    49   140

Precision / Recall
    0.5556    0.0667


Completed iteration:27
Prediction points:220
  TP     FP     TN     FN
    25     9    62   124

Precision / Recall
    0.7353    0.1678


Completed iteration:28
Prediction points:176
  TP     FP     TN     FN
    76    26    23    51

Precision / Recall
    0.7451    0.5984


Completed iteration:29
Prediction points:229
  TP     FP     TN     FN
    11     9    57   152

Precision / Recall
    0.5500    0.0675


Completed iteration:30
Prediction points:211
  TP     FP     TN     FN
    10     5    64   132

Precision / Recall
    0.6667    0.0704

Overall results (hybrid)
Confidence threshold=0.7
Filtered datapoints
AUC ave err std
    0.4867

    0.0331

    0.0331

Precision / Recall macro
    0.6373    0.1245

Precision / Recall micro
    0.6418    0.1198


Completed iteration:1
Prediction points:231
  TP     FP     TN     FN
     4     2    73   152

Precision / Recall
    0.6667    0.0256


Completed iteration:2
Prediction points:172
  TP     FP     TN     FN
    22     9    41   100

Precision / Recall
    0.7097    0.1803


Completed iteration:3
Prediction points:213
  TP     FP     TN     FN
     2     4    64   143

Precision / Recall
    0.3333    0.0138


Completed iteration:4
Prediction points:227
  TP     FP     TN     FN
    13     4    68   142

Precision / Recall
    0.7647    0.0839


Completed iteration:5
Prediction points:201
  TP     FP     TN     FN
    22     9    50   120

Precision / Recall
    0.7097    0.1549


Completed iteration:6
Prediction points:200
  TP     FP     TN     FN
    11    11    51   127

Precision / Recall
    0.5000    0.0797


Completed iteration:7
Prediction points:215
  TP     FP     TN     FN
    26    14    47   128

Precision / Recall
    0.6500    0.1688


Completed iteration:8
Prediction points:217
  TP     FP     TN     FN
    43    10    50   114

Precision / Recall
    0.8113    0.2739


Completed iteration:9
Prediction points:230
  TP     FP     TN     FN
    13     7    67   143

Precision / Recall
    0.6500    0.0833


Completed iteration:10
Prediction points:237
  TP     FP     TN     FN
     9     4    73   151

Precision / Recall
    0.6923    0.0563


Completed iteration:11
Prediction points:220
  TP     FP     TN     FN
    10     7    55   148

Precision / Recall
    0.5882    0.0633


Completed iteration:12
Prediction points:164
  TP     FP     TN     FN
    12     8    46    98

Precision / Recall
    0.6000    0.1091


Completed iteration:13
Prediction points:188
  TP     FP     TN     FN
    15    10    47   116

Precision / Recall
    0.6000    0.1145


Completed iteration:14
Prediction points:211
  TP     FP     TN     FN
     2     4    59   146

Precision / Recall
    0.3333    0.0135


Completed iteration:15
Prediction points:199
  TP     FP     TN     FN
    18    10    50   121

Precision / Recall
    0.6429    0.1295


Completed iteration:16
Prediction points:144
  TP     FP     TN     FN
    56    13    32    43

Precision / Recall
    0.8116    0.5657


Completed iteration:17
Prediction points:206
  TP     FP     TN     FN
    24    12    46   124

Precision / Recall
    0.6667    0.1622


Completed iteration:18
Prediction points:198
  TP     FP     TN     FN
    18    13    53   114

Precision / Recall
    0.5806    0.1364


Completed iteration:19
Prediction points:192
  TP     FP     TN     FN
    39    21    51    81

Precision / Recall
    0.6500    0.3250


Completed iteration:20
Prediction points:225
  TP     FP     TN     FN
    16    14    59   136

Precision / Recall
    0.5333    0.1053


Completed iteration:21
Prediction points:189
  TP     FP     TN     FN
    17    17    42   113

Precision / Recall
    0.5000    0.1308


Completed iteration:22
Prediction points:244
  TP     FP     TN     FN
    26    11    65   142

Precision / Recall
    0.7027    0.1548


Completed iteration:23
Prediction points:225
  TP     FP     TN     FN
     9    10    70   136

Precision / Recall
    0.4737    0.0621


Completed iteration:24
Prediction points:210
  TP     FP     TN     FN
     8     3    52   147

Precision / Recall
    0.7273    0.0516


Completed iteration:25
Prediction points:209
  TP     FP     TN     FN
    18     7    61   123

Precision / Recall
    0.7200    0.1277


Completed iteration:26
Prediction points:181
  TP     FP     TN     FN
    17     7    51   106

Precision / Recall
    0.7083    0.1382


Completed iteration:27
Prediction points:233
  TP     FP     TN     FN
    48    20    52   113

Precision / Recall
    0.7059    0.2981


Completed iteration:28
Prediction points:231
  TP     FP     TN     FN
     8     3    62   158

Precision / Recall
    0.7273    0.0482


Completed iteration:29
Prediction points:209
  TP     FP     TN     FN
    20    10    54   125

Precision / Recall
    0.6667    0.1379


Completed iteration:30
Prediction points:132
  TP     FP     TN     FN
    39    31    25    37

Precision / Recall
    0.5571    0.5132

Overall results (hybrid)
Confidence threshold=0.8
Filtered datapoints
AUC ave err std
    0.4934

    0.0368

    0.0368

Precision / Recall macro
    0.6328    0.1502

Precision / Recall micro
    0.6573    0.1382


Completed iteration:1
Prediction points:221
  TP     FP     TN     FN
     3     4    68   146

Precision / Recall
    0.4286    0.0201


Completed iteration:2
Prediction points:198
  TP     FP     TN     FN
    11     9    53   125

Precision / Recall
    0.5500    0.0809


Completed iteration:3
Prediction points:184
  TP     FP     TN     FN
    67    11    34    72

Precision / Recall
    0.8590    0.4820


Completed iteration:4
Prediction points:220
  TP     FP     TN     FN
     1     4    67   148

Precision / Recall
    0.2000    0.0067


Completed iteration:5
Prediction points:188
  TP     FP     TN     FN
    17     6    53   112

Precision / Recall
    0.7391    0.1318


Completed iteration:6
Prediction points:185
  TP     FP     TN     FN
     7     7    41   130

Precision / Recall
    0.5000    0.0511


Completed iteration:7
Prediction points:216
  TP     FP     TN     FN
    78    24    50    64

Precision / Recall
    0.7647    0.5493


Completed iteration:8
Prediction points:218
  TP     FP     TN     FN
     5     6    66   141

Precision / Recall
    0.4545    0.0342


Completed iteration:9
Prediction points:200
  TP     FP     TN     FN
     4     1    63   132

Precision / Recall
    0.8000    0.0294


Completed iteration:10
Prediction points:186
  TP     FP     TN     FN
    21     8    51   106

Precision / Recall
    0.7241    0.1654


Completed iteration:11
Prediction points:183
  TP     FP     TN     FN
     8     2    48   125

Precision / Recall
    0.8000    0.0602


Completed iteration:12
Prediction points:147
  TP     FP     TN     FN
    14     5    49    79

Precision / Recall
    0.7368    0.1505


Completed iteration:13
Prediction points:216
  TP     FP     TN     FN
    17     4    70   125

Precision / Recall
    0.8095    0.1197


Completed iteration:14
Prediction points:199
  TP     FP     TN     FN
     4     4    54   137

Precision / Recall
    0.5000    0.0284


Completed iteration:15
Prediction points:206
  TP     FP     TN     FN
    10     3    57   136

Precision / Recall
    0.7692    0.0685


Completed iteration:16
Prediction points:200
  TP     FP     TN     FN
    19     7    50   124

Precision / Recall
    0.7308    0.1329


Completed iteration:17
Prediction points:220
  TP     FP     TN     FN
    20     4    61   135

Precision / Recall
    0.8333    0.1290


Completed iteration:18
Prediction points:161
  TP     FP     TN     FN
    37     4    48    72

Precision / Recall
    0.9024    0.3394


Completed iteration:19
Prediction points:166
  TP     FP     TN     FN
    48     8    39    71

Precision / Recall
    0.8571    0.4034


Completed iteration:20
Prediction points:208
  TP     FP     TN     FN
     8     9    61   130

Precision / Recall
    0.4706    0.0580


Completed iteration:21
Prediction points:209
  TP     FP     TN     FN
    28    18    42   121

Precision / Recall
    0.6087    0.1879


Completed iteration:22
Prediction points:180
  TP     FP     TN     FN
    13    10    48   109

Precision / Recall
    0.5652    0.1066


Completed iteration:23
Prediction points:165
  TP     FP     TN     FN
    51    11    36    67

Precision / Recall
    0.8226    0.4322


Completed iteration:24
Prediction points:183
  TP     FP     TN     FN
    28    11    45    99

Precision / Recall
    0.7179    0.2205


Completed iteration:25
Prediction points:204
  TP     FP     TN     FN
    16     6    51   131

Precision / Recall
    0.7273    0.1088


Completed iteration:26
Prediction points:193
  TP     FP     TN     FN
     3     2    58   130

Precision / Recall
    0.6000    0.0226


Completed iteration:27
Prediction points:229
  TP     FP     TN     FN
     2     4    65   158

Precision / Recall
    0.3333    0.0125


Completed iteration:28
Prediction points:160
  TP     FP     TN     FN
    15     1    57    87

Precision / Recall
    0.9375    0.1471


Completed iteration:29
Prediction points:181
  TP     FP     TN     FN
    10     8    49   114

Precision / Recall
    0.5556    0.0806


Completed iteration:30
Prediction points:137
  TP     FP     TN     FN
    69    17    19    32

Precision / Recall
    0.8023    0.6832

Overall results (hybrid)
Confidence threshold=0.9
Filtered datapoints
AUC ave err std
    0.5190

    0.0551

    0.0551

Precision / Recall macro
    0.6700    0.1681

Precision / Recall micro
    0.7441    0.1588

    TPR       FPR       TNR       FNR       cutoff
computation time (s)
  471.7300

