!!!!below quality measures have been removed due to insufficient data!!!!!!!!!!!!
    ' TriangleSize'

Keeping QMs:
name        p values
    ' Spread'    '2.48e-07'

    ' Limit'    '2.57e-07'

    ' OrthoNorm'    '0.000358'

Deleting QMs:
name        p values
    ' Extension'    '0.978'

    'GraspIt_Epsilon'    '0.892'

    ' Volume'    '0.537'

    'GraspIt_Volume'    '0.376'

    'GraspIt_ContactEnergy'    '0.0879'

    ' PerpSym'    '0.0627'

    ' ParallelSym'    '0.00685'

binThreshold:15

Completed iteration:1
Prediction points:244
  TP     FP     TN     FN
    50    17    41   136

Precision / Recall
    0.7463    0.2688


Completed iteration:2
Prediction points:224
  TP     FP     TN     FN
    91    39    26    68

Precision / Recall
    0.7000    0.5723


Completed iteration:3
Prediction points:244
  TP     FP     TN     FN
    55    33    37   119

Precision / Recall
    0.6250    0.3161


Completed iteration:4
Prediction points:228
  TP     FP     TN     FN
    35    25    46   122

Precision / Recall
    0.5833    0.2229


Completed iteration:5
Prediction points:237
  TP     FP     TN     FN
   140    66    14    17

Precision / Recall
    0.6796    0.8917


Completed iteration:6
Prediction points:232
  TP     FP     TN     FN
    50    33    36   113

Precision / Recall
    0.6024    0.3067


Completed iteration:7
Prediction points:241
  TP     FP     TN     FN
    43    18    49   131

Precision / Recall
    0.7049    0.2471


Completed iteration:8
Prediction points:241
  TP     FP     TN     FN
    64    26    42   109

Precision / Recall
    0.7111    0.3699


Completed iteration:9
Prediction points:244
  TP     FP     TN     FN
    39    32    53   120

Precision / Recall
    0.5493    0.2453


Completed iteration:10
Prediction points:238
  TP     FP     TN     FN
    54    32    43   109

Precision / Recall
    0.6279    0.3313


Completed iteration:11
Prediction points:227
  TP     FP     TN     FN
    53    25    45   104

Precision / Recall
    0.6795    0.3376


Completed iteration:12
Prediction points:241
  TP     FP     TN     FN
    51    30    41   119

Precision / Recall
    0.6296    0.3000


Completed iteration:13
Prediction points:239
  TP     FP     TN     FN
    64    36    40    99

Precision / Recall
    0.6400    0.3926


Completed iteration:14
Prediction points:240
  TP     FP     TN     FN
    60    30    39   111

Precision / Recall
    0.6667    0.3509


Completed iteration:15
Prediction points:236
  TP     FP     TN     FN
    60    23    44   109

Precision / Recall
    0.7229    0.3550


Completed iteration:16
Prediction points:233
  TP     FP     TN     FN
    65    25    42   101

Precision / Recall
    0.7222    0.3916


Completed iteration:17
Prediction points:237
  TP     FP     TN     FN
    43    21    53   120

Precision / Recall
    0.6719    0.2638


Completed iteration:18
Prediction points:220
  TP     FP     TN     FN
    52    21    44   103

Precision / Recall
    0.7123    0.3355


Completed iteration:19
Prediction points:236
  TP     FP     TN     FN
    58    25    39   114

Precision / Recall
    0.6988    0.3372


Completed iteration:20
Prediction points:235
  TP     FP     TN     FN
    61    27    39   108

Precision / Recall
    0.6932    0.3609


Completed iteration:21
Prediction points:234
  TP     FP     TN     FN
    58    28    51    97

Precision / Recall
    0.6744    0.3742


Completed iteration:22
Prediction points:244
  TP     FP     TN     FN
    66    30    47   101

Precision / Recall
    0.6875    0.3952


Completed iteration:23
Prediction points:229
  TP     FP     TN     FN
    51    22    47   109

Precision / Recall
    0.6986    0.3187


Completed iteration:24
Prediction points:218
  TP     FP     TN     FN
    47    19    38   114

Precision / Recall
    0.7121    0.2919


Completed iteration:25
Prediction points:237
  TP     FP     TN     FN
    57    25    47   108

Precision / Recall
    0.6951    0.3455


Completed iteration:26
Prediction points:236
  TP     FP     TN     FN
    46    20    54   116

Precision / Recall
    0.6970    0.2840


Completed iteration:27
Prediction points:244
  TP     FP     TN     FN
    60    29    42   113

Precision / Recall
    0.6742    0.3468


Completed iteration:28
Prediction points:244
  TP     FP     TN     FN
    64    37    40   103

Precision / Recall
    0.6337    0.3832


Completed iteration:29
Prediction points:237
  TP     FP     TN     FN
   125    54    20    38

Precision / Recall
    0.6983    0.7669


Completed iteration:30
Prediction points:241
  TP     FP     TN     FN
    79    35    28    99

Precision / Recall
    0.6930    0.4438

Overall results (hybrid)
Confidence threshold=0.5
Filtered datapoints
AUC ave err std
    0.4779

    0.0307

    0.0307

Precision / Recall macro
    0.6744    0.3716

Precision / Recall micro
    0.6758    0.3703


Completed iteration:1
Prediction points:244
  TP     FP     TN     FN
    57    26    53   108

Precision / Recall
    0.6867    0.3455


Completed iteration:2
Prediction points:218
  TP     FP     TN     FN
    58    30    48    82

Precision / Recall
    0.6591    0.4143


Completed iteration:3
Prediction points:212
  TP     FP     TN     FN
    34    30    44   104

Precision / Recall
    0.5313    0.2464


Completed iteration:4
Prediction points:194
  TP     FP     TN     FN
    47    26    34    87

Precision / Recall
    0.6438    0.3507


Completed iteration:5
Prediction points:230
  TP     FP     TN     FN
    52    25    43   110

Precision / Recall
    0.6753    0.3210


Completed iteration:6
Prediction points:241
  TP     FP     TN     FN
    63    31    41   106

Precision / Recall
    0.6702    0.3728


Completed iteration:7
Prediction points:211
  TP     FP     TN     FN
    33    13    52   113

Precision / Recall
    0.7174    0.2260


Completed iteration:8
Prediction points:229
  TP     FP     TN     FN
    46    20    48   115

Precision / Recall
    0.6970    0.2857


Completed iteration:9
Prediction points:210
  TP     FP     TN     FN
    28    25    47   110

Precision / Recall
    0.5283    0.2029


Completed iteration:10
Prediction points:230
  TP     FP     TN     FN
    65    34    37    94

Precision / Recall
    0.6566    0.4088


Completed iteration:11
Prediction points:236
  TP     FP     TN     FN
    53    28    47   108

Precision / Recall
    0.6543    0.3292


Completed iteration:12
Prediction points:215
  TP     FP     TN     FN
    38    30    46   101

Precision / Recall
    0.5588    0.2734


Completed iteration:13
Prediction points:226
  TP     FP     TN     FN
    50    21    49   106

Precision / Recall
    0.7042    0.3205


Completed iteration:14
Prediction points:197
  TP     FP     TN     FN
    78    29    27    63

Precision / Recall
    0.7290    0.5532


Completed iteration:15
Prediction points:223
  TP     FP     TN     FN
    50    34    43    96

Precision / Recall
    0.5952    0.3425


Completed iteration:16
Prediction points:241
  TP     FP     TN     FN
    47    21    50   123

Precision / Recall
    0.6912    0.2765


Completed iteration:17
Prediction points:222
  TP     FP     TN     FN
    45    22    46   109

Precision / Recall
    0.6716    0.2922


Completed iteration:18
Prediction points:203
  TP     FP     TN     FN
    33    21    40   109

Precision / Recall
    0.6111    0.2324


Completed iteration:19
Prediction points:213
  TP     FP     TN     FN
    58    32    34    89

Precision / Recall
    0.6444    0.3946


Completed iteration:20
Prediction points:214
  TP     FP     TN     FN
    45    15    47   107

Precision / Recall
    0.7500    0.2961


Completed iteration:21
Prediction points:223
  TP     FP     TN     FN
    41    27    39   116

Precision / Recall
    0.6029    0.2611


Completed iteration:22
Prediction points:228
  TP     FP     TN     FN
    41    21    50   116

Precision / Recall
    0.6613    0.2611


Completed iteration:23
Prediction points:198
  TP     FP     TN     FN
    56    27    27    88

Precision / Recall
    0.6747    0.3889


Completed iteration:24
Prediction points:244
  TP     FP     TN     FN
    53    23    51   117

Precision / Recall
    0.6974    0.3118


Completed iteration:25
Prediction points:230
  TP     FP     TN     FN
    47    30    41   112

Precision / Recall
    0.6104    0.2956


Completed iteration:26
Prediction points:237
  TP     FP     TN     FN
    53    27    39   118

Precision / Recall
    0.6625    0.3099


Completed iteration:27
Prediction points:182
  TP     FP     TN     FN
    92    46    21    23

Precision / Recall
    0.6667    0.8000


Completed iteration:28
Prediction points:233
  TP     FP     TN     FN
    66    42    35    90

Precision / Recall
    0.6111    0.4231


Completed iteration:29
Prediction points:209
  TP     FP     TN     FN
    28    22    50   109

Precision / Recall
    0.5600    0.2044


Completed iteration:30
Prediction points:240
  TP     FP     TN     FN
    61    26    39   114

Precision / Recall
    0.7011    0.3486

Overall results (hybrid)
Confidence threshold=0.6
Filtered datapoints
AUC ave err std
    0.4736

    0.0343

    0.0343

Precision / Recall macro
    0.6508    0.3363

Precision / Recall micro
    0.6537    0.3328


Completed iteration:1
Prediction points:219
  TP     FP     TN     FN
    32    22    54   111

Precision / Recall
    0.5926    0.2238


Completed iteration:2
Prediction points:217
  TP     FP     TN     FN
    13    15    50   139

Precision / Recall
    0.4643    0.0855


Completed iteration:3
Prediction points:204
  TP     FP     TN     FN
    32     8    45   119

Precision / Recall
    0.8000    0.2119


Completed iteration:4
Prediction points:204
  TP     FP     TN     FN
    62    25    38    79

Precision / Recall
    0.7126    0.4397


Completed iteration:5
Prediction points:203
  TP     FP     TN     FN
    44    26    37    96

Precision / Recall
    0.6286    0.3143


Completed iteration:6
Prediction points:219
  TP     FP     TN     FN
    35    20    48   116

Precision / Recall
    0.6364    0.2318


Completed iteration:7
Prediction points:214
  TP     FP     TN     FN
    17    16    56   125

Precision / Recall
    0.5152    0.1197


Completed iteration:8
Prediction points:236
  TP     FP     TN     FN
    50    34    43   109

Precision / Recall
    0.5952    0.3145


Completed iteration:9
Prediction points:197
  TP     FP     TN     FN
    95    24    31    47

Precision / Recall
    0.7983    0.6690


Completed iteration:10
Prediction points:223
  TP     FP     TN     FN
    37    29    58    99

Precision / Recall
    0.5606    0.2721


Completed iteration:11
Prediction points:229
  TP     FP     TN     FN
    57    21    42   109

Precision / Recall
    0.7308    0.3434


Completed iteration:12
Prediction points:208
  TP     FP     TN     FN
    36    13    44   115

Precision / Recall
    0.7347    0.2384


Completed iteration:13
Prediction points:215
  TP     FP     TN     FN
    32    25    45   113

Precision / Recall
    0.5614    0.2207


Completed iteration:14
Prediction points:187
  TP     FP     TN     FN
    32    14    38   103

Precision / Recall
    0.6957    0.2370


Completed iteration:15
Prediction points:202
  TP     FP     TN     FN
    29    13    47   113

Precision / Recall
    0.6905    0.2042


Completed iteration:16
Prediction points:215
  TP     FP     TN     FN
    43    14    44   114

Precision / Recall
    0.7544    0.2739


Completed iteration:17
Prediction points:185
  TP     FP     TN     FN
    50    22    36    77

Precision / Recall
    0.6944    0.3937


Completed iteration:18
Prediction points:195
  TP     FP     TN     FN
    55    31    34    75

Precision / Recall
    0.6395    0.4231


Completed iteration:19
Prediction points:179
  TP     FP     TN     FN
    37    16    32    94

Precision / Recall
    0.6981    0.2824


Completed iteration:20
Prediction points:220
  TP     FP     TN     FN
    48    17    52   103

Precision / Recall
    0.7385    0.3179


Completed iteration:21
Prediction points:201
  TP     FP     TN     FN
    34    24    37   106

Precision / Recall
    0.5862    0.2429


Completed iteration:22
Prediction points:197
  TP     FP     TN     FN
    16     9    57   115

Precision / Recall
    0.6400    0.1221


Completed iteration:23
Prediction points:232
  TP     FP     TN     FN
    38    23    43   128

Precision / Recall
    0.6230    0.2289


Completed iteration:24
Prediction points:192
  TP     FP     TN     FN
    33    10    46   103

Precision / Recall
    0.7674    0.2426


Completed iteration:25
Prediction points:232
  TP     FP     TN     FN
    39    23    42   128

Precision / Recall
    0.6290    0.2335


Completed iteration:26
Prediction points:198
  TP     FP     TN     FN
    33    21    35   109

Precision / Recall
    0.6111    0.2324


Completed iteration:27
Prediction points:215
  TP     FP     TN     FN
    31    22    47   115

Precision / Recall
    0.5849    0.2123


Completed iteration:28
Prediction points:168
  TP     FP     TN     FN
    21    21    37    89

Precision / Recall
    0.5000    0.1909


Completed iteration:29
Prediction points:212
  TP     FP     TN     FN
    35    23    37   117

Precision / Recall
    0.6034    0.2303


Completed iteration:30
Prediction points:199
  TP     FP     TN     FN
    43    20    41    95

Precision / Recall
    0.6825    0.3116

Overall results (hybrid)
Confidence threshold=0.7
Filtered datapoints
AUC ave err std
    0.4766

    0.0451

    0.0451

Precision / Recall macro
    0.6490    0.2688

Precision / Recall micro
    0.6585    0.2683


Completed iteration:1
Prediction points:194
  TP     FP     TN     FN
     8     3    57   126

Precision / Recall
    0.7273    0.0597


Completed iteration:2
Prediction points:188
  TP     FP     TN     FN
    26    11    43   108

Precision / Recall
    0.7027    0.1940


Completed iteration:3
Prediction points:179
  TP     FP     TN     FN
    21    15    44    99

Precision / Recall
    0.5833    0.1750


Completed iteration:4
Prediction points:177
  TP     FP     TN     FN
    31    15    42    89

Precision / Recall
    0.6739    0.2583


Completed iteration:5
Prediction points:186
  TP     FP     TN     FN
    24    12    42   108

Precision / Recall
    0.6667    0.1818


Completed iteration:6
Prediction points:192
  TP     FP     TN     FN
    15    15    47   115

Precision / Recall
    0.5000    0.1154


Completed iteration:7
Prediction points:194
  TP     FP     TN     FN
    24    14    40   116

Precision / Recall
    0.6316    0.1714


Completed iteration:8
Prediction points:170
  TP     FP     TN     FN
    13     6    41   110

Precision / Recall
    0.6842    0.1057


Completed iteration:9
Prediction points:203
  TP     FP     TN     FN
    34    15    45   109

Precision / Recall
    0.6939    0.2378


Completed iteration:10
Prediction points:210
  TP     FP     TN     FN
    51    14    50    95

Precision / Recall
    0.7846    0.3493


Completed iteration:11
Prediction points:169
  TP     FP     TN     FN
    36    21    33    79

Precision / Recall
    0.6316    0.3130


Completed iteration:12
Prediction points:147
  TP     FP     TN     FN
    17    10    32    88

Precision / Recall
    0.6296    0.1619


Completed iteration:13
Prediction points:171
  TP     FP     TN     FN
    24    19    31    97

Precision / Recall
    0.5581    0.1983


Completed iteration:14
Prediction points:171
  TP     FP     TN     FN
    12     7    44   108

Precision / Recall
    0.6316    0.1000


Completed iteration:15
Prediction points:184
  TP     FP     TN     FN
    44    25    31    84

Precision / Recall
    0.6377    0.3438


Completed iteration:16
Prediction points:178
  TP     FP     TN     FN
    25     5    43   105

Precision / Recall
    0.8333    0.1923


Completed iteration:17
Prediction points:195
  TP     FP     TN     FN
    15     9    44   127

Precision / Recall
    0.6250    0.1056


Completed iteration:18
Prediction points:181
  TP     FP     TN     FN
    24    14    47    96

Precision / Recall
    0.6316    0.2000


Completed iteration:19
Prediction points:192
  TP     FP     TN     FN
    40    27    38    87

Precision / Recall
    0.5970    0.3150


Completed iteration:20
Prediction points:188
  TP     FP     TN     FN
    25    18    40   105

Precision / Recall
    0.5814    0.1923


Completed iteration:21
Prediction points:156
  TP     FP     TN     FN
    10    10    34   102

Precision / Recall
    0.5000    0.0893


Completed iteration:22
Prediction points:205
  TP     FP     TN     FN
    34    23    40   108

Precision / Recall
    0.5965    0.2394


Completed iteration:23
Prediction points:193
  TP     FP     TN     FN
    22    16    53   102

Precision / Recall
    0.5789    0.1774


Completed iteration:24
Prediction points:201
  TP     FP     TN     FN
    29    14    41   117

Precision / Recall
    0.6744    0.1986


Completed iteration:25
Prediction points:169
  TP     FP     TN     FN
    22    12    41    94

Precision / Recall
    0.6471    0.1897


Completed iteration:26
Prediction points:175
  TP     FP     TN     FN
    10     8    44   113

Precision / Recall
    0.5556    0.0813


Completed iteration:27
Prediction points:210
  TP     FP     TN     FN
    48    18    42   102

Precision / Recall
    0.7273    0.3200


Completed iteration:28
Prediction points:174
  TP     FP     TN     FN
    38    11    32    93

Precision / Recall
    0.7755    0.2901


Completed iteration:29
Prediction points:173
  TP     FP     TN     FN
    24    14    39    96

Precision / Recall
    0.6316    0.2000


Completed iteration:30
Prediction points:188
  TP     FP     TN     FN
    32    28    41    87

Precision / Recall
    0.5333    0.2689

Overall results (hybrid)
Confidence threshold=0.8
Filtered datapoints
AUC ave err std
    0.4738

    0.0338

    0.0338

Precision / Recall macro
    0.6408    0.2008

Precision / Recall micro
    0.6446    0.2024


Completed iteration:1
Prediction points:184
  TP     FP     TN     FN
    31    22    39    92

Precision / Recall
    0.5849    0.2520


Completed iteration:2
Prediction points:177
  TP     FP     TN     FN
    30    18    33    96

Precision / Recall
    0.6250    0.2381


Completed iteration:3
Prediction points:151
  TP     FP     TN     FN
    31    13    27    80

Precision / Recall
    0.7045    0.2793


Completed iteration:4
Prediction points:175
  TP     FP     TN     FN
     3     3    49   120

Precision / Recall
    0.5000    0.0244


Completed iteration:5
Prediction points:183
  TP     FP     TN     FN
    17     5    53   108

Precision / Recall
    0.7727    0.1360


Completed iteration:6
Prediction points:142
  TP     FP     TN     FN
    25    11    26    80

Precision / Recall
    0.6944    0.2381


Completed iteration:7
Prediction points:47
  TP     FP     TN     FN
     7     5    13    22

Precision / Recall
    0.5833    0.2414


Completed iteration:8
Prediction points:160
  TP     FP     TN     FN
     5     9    48    98

Precision / Recall
    0.3571    0.0485


Completed iteration:9
Prediction points:150
  TP     FP     TN     FN
     5     4    43    98

Precision / Recall
    0.5556    0.0485


Completed iteration:10
Prediction points:167
  TP     FP     TN     FN
    22    10    45    90

Precision / Recall
    0.6875    0.1964


Completed iteration:11
Prediction points:150
  TP     FP     TN     FN
     9     1    35   105

Precision / Recall
    0.9000    0.0789


Completed iteration:12
Prediction points:170
  TP     FP     TN     FN
    77    30    24    39

Precision / Recall
    0.7196    0.6638


Completed iteration:13
Prediction points:158
  TP     FP     TN     FN
    32    16    28    82

Precision / Recall
    0.6667    0.2807


Completed iteration:14
Prediction points:167
  TP     FP     TN     FN
     4     5    44   114

Precision / Recall
    0.4444    0.0339


Completed iteration:15
Prediction points:183
  TP     FP     TN     FN
    34    17    37    95

Precision / Recall
    0.6667    0.2636


Completed iteration:16
Prediction points:134
  TP     FP     TN     FN
    52     8    24    50

Precision / Recall
    0.8667    0.5098


Completed iteration:17
Prediction points:172
  TP     FP     TN     FN
     9     5    44   114

Precision / Recall
    0.6429    0.0732


Completed iteration:18
Prediction points:148
  TP     FP     TN     FN
    75    27    19    27

Precision / Recall
    0.7353    0.7353


Completed iteration:19
Prediction points:165
  TP     FP     TN     FN
    40    12    34    79

Precision / Recall
    0.7692    0.3361


Completed iteration:20
Prediction points:142
  TP     FP     TN     FN
    70    18    28    26

Precision / Recall
    0.7955    0.7292


Completed iteration:21
Prediction points:186
  TP     FP     TN     FN
    16    19    36   115

Precision / Recall
    0.4571    0.1221


Completed iteration:22
Prediction points:156
  TP     FP     TN     FN
     9     4    40   103

Precision / Recall
    0.6923    0.0804


Completed iteration:23
Prediction points:145
  TP     FP     TN     FN
    31    12    32    70

Precision / Recall
    0.7209    0.3069


Completed iteration:24
Prediction points:176
  TP     FP     TN     FN
    18     8    42   108

Precision / Recall
    0.6923    0.1429


Completed iteration:25
Prediction points:127
  TP     FP     TN     FN
    14     5    27    81

Precision / Recall
    0.7368    0.1474


Completed iteration:26
Prediction points:148
  TP     FP     TN     FN
     3     2    43   100

Precision / Recall
    0.6000    0.0291


Completed iteration:27
Prediction points:183
  TP     FP     TN     FN
    19    13    38   113

Precision / Recall
    0.5938    0.1439


Completed iteration:28
Prediction points:192
  TP     FP     TN     FN
    66    21    43    62

Precision / Recall
    0.7586    0.5156


Completed iteration:29
Prediction points:179
  TP     FP     TN     FN
    21     9    46   103

Precision / Recall
    0.7000    0.1694


Completed iteration:30
Prediction points:137
  TP     FP     TN     FN
    80    20    16    21

Precision / Recall
    0.8000    0.7921

Overall results (hybrid)
Confidence threshold=0.9
Filtered datapoints
AUC ave err std
    0.5058

    0.0615

    0.0615

Precision / Recall macro
    0.6675    0.2619

Precision / Recall micro
    0.7084    0.2555


Completed iteration:1
Prediction points:112
  TP     FP     TN     FN
    17     6    27    62

Precision / Recall
    0.7391    0.2152


Completed iteration:2
Prediction points:142
  TP     FP     TN     FN
    21     3    31    87

Precision / Recall
    0.8750    0.1944


Completed iteration:3
Prediction points:158
  TP     FP     TN     FN
     9     4    40   105

Precision / Recall
    0.6923    0.0789


Completed iteration:4
Prediction points:189
  TP     FP     TN     FN
    22    11    50   106

Precision / Recall
    0.6667    0.1719


Completed iteration:5
Prediction points:158
  TP     FP     TN     FN
     9     3    45   101

Precision / Recall
    0.7500    0.0818


Completed iteration:6
Prediction points:156
  TP     FP     TN     FN
    91    16    23    26

Precision / Recall
    0.8505    0.7778


Completed iteration:7
Prediction points:101
  TP     FP     TN     FN
    20     3    26    52

Precision / Recall
    0.8696    0.2778


Completed iteration:8
Prediction points:155
  TP     FP     TN     FN
     8     7    46    94

Precision / Recall
    0.5333    0.0784


Completed iteration:9
Prediction points:180
  TP     FP     TN     FN
     8    13    53   106

Precision / Recall
    0.3810    0.0702


Completed iteration:10
Prediction points:106
  TP     FP     TN     FN
     2     1    23    80

Precision / Recall
    0.6667    0.0244


Completed iteration:11
Prediction points:162
  TP     FP     TN     FN
    58    17    33    54

Precision / Recall
    0.7733    0.5179


Completed iteration:12
Prediction points:175
  TP     FP     TN     FN
     1     1    44   129

Precision / Recall
    0.5000    0.0077


Completed iteration:13
Prediction points:162
  TP     FP     TN     FN
     3     2    47   110

Precision / Recall
    0.6000    0.0265


Completed iteration:14
Prediction points:136
  TP     FP     TN     FN
    12     6    35    83

Precision / Recall
    0.6667    0.1263


Completed iteration:15
Prediction points:142
  TP     FP     TN     FN
    64    18    25    35

Precision / Recall
    0.7805    0.6465


Completed iteration:16
Prediction points:147
  TP     FP     TN     FN
     1     2    45    99

Precision / Recall
    0.3333    0.0100


Completed iteration:17
Prediction points:174
  TP     FP     TN     FN
    16     7    33   118

Precision / Recall
    0.6957    0.1194


Completed iteration:18
Prediction points:152
  TP     FP     TN     FN
    54    15    33    50

Precision / Recall
    0.7826    0.5192


Completed iteration:19
Prediction points:140
  TP     FP     TN     FN
     4     1    38    97

Precision / Recall
    0.8000    0.0396


Completed iteration:20
Prediction points:152
  TP     FP     TN     FN
     8     3    39   102

Precision / Recall
    0.7273    0.0727


Completed iteration:21
Prediction points:164
  TP     FP     TN     FN
    12     4    43   105

Precision / Recall
    0.7500    0.1026


Completed iteration:22
Prediction points:167
  TP     FP     TN     FN
    43     9    35    80

Precision / Recall
    0.8269    0.3496


Completed iteration:23
Prediction points:143
  TP     FP     TN     FN
    38    11    29    65

Precision / Recall
    0.7755    0.3689


Completed iteration:24
Prediction points:169
  TP     FP     TN     FN
    10     7    40   112

Precision / Recall
    0.5882    0.0820


Completed iteration:25
Prediction points:148
  TP     FP     TN     FN
    46    14    27    61

Precision / Recall
    0.7667    0.4299


Completed iteration:26
Prediction points:151
  TP     FP     TN     FN
     7     7    40    97

Precision / Recall
    0.5000    0.0673


Completed iteration:27
Prediction points:150
  TP     FP     TN     FN
    11    10    39    90

Precision / Recall
    0.5238    0.1089


Completed iteration:28
Prediction points:167
  TP     FP     TN     FN
    19     7    39   102

Precision / Recall
    0.7308    0.1570


Completed iteration:29
Prediction points:139
  TP     FP     TN     FN
    14    10    29    86

Precision / Recall
    0.5833    0.1400


Completed iteration:30
Prediction points:163
  TP     FP     TN     FN
    10     4    45   104

Precision / Recall
    0.7143    0.0877

Overall results (hybrid)
Confidence threshold=1
Filtered datapoints
AUC ave err std
    0.5161

    0.0565

    0.0565

Precision / Recall macro
    0.6814    0.1984

Precision / Recall micro
    0.7419    0.1972

    TPR       FPR       TNR       FNR       cutoff
computation time (s)
  781.5570

