!!!!below quality measures have been removed due to insufficient data!!!!!!!!!!!!
    ' TriangleSize'

Keeping QMs:
name        p values
    ' Spread'    '2.48e-07'

    ' Limit'    '2.57e-07'

    ' OrthoNorm'    '0.000358'

Deleting QMs:
name        p values
    ' Extension'    '0.978'

    'GraspIt_Epsilon'    '0.892'

    ' Volume'    '0.537'

    'GraspIt_Volume'    '0.376'

    'GraspIt_ContactEnergy'    '0.0879'

    ' PerpSym'    '0.0627'

    ' ParallelSym'    '0.00685'

binThreshold:20

Completed iteration:1
Prediction points:244
  TP     FP     TN     FN
   116    40    18    70

Precision / Recall
    0.7436    0.6237


Completed iteration:2
Prediction points:239
  TP     FP     TN     FN
   166    58    11     4

Precision / Recall
    0.7411    0.9765


Completed iteration:3
Prediction points:242
  TP     FP     TN     FN
    52    40    30   120

Precision / Recall
    0.5652    0.3023


Completed iteration:4
Prediction points:232
  TP     FP     TN     FN
   114    59    15    44

Precision / Recall
    0.6590    0.7215


Completed iteration:5
Prediction points:244
  TP     FP     TN     FN
   155    69    12     8

Precision / Recall
    0.6920    0.9509


Completed iteration:6
Prediction points:244
  TP     FP     TN     FN
    93    41    31    79

Precision / Recall
    0.6940    0.5407


Completed iteration:7
Prediction points:233
  TP     FP     TN     FN
   150    47    19    17

Precision / Recall
    0.7614    0.8982


Completed iteration:8
Prediction points:235
  TP     FP     TN     FN
    71    32    34    98

Precision / Recall
    0.6893    0.4201


Completed iteration:9
Prediction points:244
  TP     FP     TN     FN
    50    41    44   109

Precision / Recall
    0.5495    0.3145


Completed iteration:10
Prediction points:244
  TP     FP     TN     FN
    88    43    33    80

Precision / Recall
    0.6718    0.5238


Completed iteration:11
Prediction points:227
  TP     FP     TN     FN
    64    31    39    93

Precision / Recall
    0.6737    0.4076


Completed iteration:12
Prediction points:244
  TP     FP     TN     FN
   169    57    14     4

Precision / Recall
    0.7478    0.9769


Completed iteration:13
Prediction points:239
  TP     FP     TN     FN
   123    58    18    40

Precision / Recall
    0.6796    0.7546


Completed iteration:14
Prediction points:237
  TP     FP     TN     FN
   161    55    13     8

Precision / Recall
    0.7454    0.9527


Completed iteration:15
Prediction points:244
  TP     FP     TN     FN
   147    50    18    29

Precision / Recall
    0.7462    0.8352


Completed iteration:16
Prediction points:244
  TP     FP     TN     FN
   168    61     9     6

Precision / Recall
    0.7336    0.9655


Completed iteration:17
Prediction points:244
  TP     FP     TN     FN
   161    67    11     5

Precision / Recall
    0.7061    0.9699


Completed iteration:18
Prediction points:230
  TP     FP     TN     FN
    67    32    36    95

Precision / Recall
    0.6768    0.4136


Completed iteration:19
Prediction points:236
  TP     FP     TN     FN
    65    33    34   104

Precision / Recall
    0.6633    0.3846


Completed iteration:20
Prediction points:244
  TP     FP     TN     FN
    76    39    29   100

Precision / Recall
    0.6609    0.4318


Completed iteration:21
Prediction points:244
  TP     FP     TN     FN
   118    48    32    46

Precision / Recall
    0.7108    0.7195


Completed iteration:22
Prediction points:244
  TP     FP     TN     FN
   131    58    19    36

Precision / Recall
    0.6931    0.7844


Completed iteration:23
Prediction points:237
  TP     FP     TN     FN
   153    62    14     8

Precision / Recall
    0.7116    0.9503


Completed iteration:24
Prediction points:227
  TP     FP     TN     FN
   102    37    23    65

Precision / Recall
    0.7338    0.6108


Completed iteration:25
Prediction points:243
  TP     FP     TN     FN
    78    42    32    91

Precision / Recall
    0.6500    0.4615


Completed iteration:26
Prediction points:241
  TP     FP     TN     FN
    69    37    39    96

Precision / Recall
    0.6509    0.4182


Completed iteration:27
Prediction points:244
  TP     FP     TN     FN
    95    39    32    78

Precision / Recall
    0.7090    0.5491


Completed iteration:28
Prediction points:244
  TP     FP     TN     FN
   150    63    14    17

Precision / Recall
    0.7042    0.8982


Completed iteration:29
Prediction points:232
  TP     FP     TN     FN
    97    50    21    64

Precision / Recall
    0.6599    0.6025


Completed iteration:30
Prediction points:241
  TP     FP     TN     FN
   135    46    17    43

Precision / Recall
    0.7459    0.7584

Overall results (hybrid)
Confidence threshold=0.5
Filtered datapoints
AUC ave err std
    0.5015

    0.0561

    0.0561

Precision / Recall macro
    0.6923    0.6706

Precision / Recall micro
    0.7022    0.6713


Completed iteration:1
Prediction points:210
  TP     FP     TN     FN
   130    50    23     7

Precision / Recall
    0.7222    0.9489


Completed iteration:2
Prediction points:211
  TP     FP     TN     FN
   131    62    13     5

Precision / Recall
    0.6788    0.9632


Completed iteration:3
Prediction points:204
  TP     FP     TN     FN
    33    25    43   103

Precision / Recall
    0.5690    0.2426


Completed iteration:4
Prediction points:228
  TP     FP     TN     FN
    42    23    46   117

Precision / Recall
    0.6462    0.2642


Completed iteration:5
Prediction points:240
  TP     FP     TN     FN
   133    59    16    32

Precision / Recall
    0.6927    0.8061


Completed iteration:6
Prediction points:244
  TP     FP     TN     FN
   115    47    27    55

Precision / Recall
    0.7099    0.6765


Completed iteration:7
Prediction points:224
  TP     FP     TN     FN
   123    45    24    32

Precision / Recall
    0.7321    0.7935


Completed iteration:8
Prediction points:231
  TP     FP     TN     FN
    81    35    33    82

Precision / Recall
    0.6983    0.4969


Completed iteration:9
Prediction points:189
  TP     FP     TN     FN
     1     2    59   127

Precision / Recall
    0.3333    0.0078


Completed iteration:10
Prediction points:227
  TP     FP     TN     FN
    69    39    31    88

Precision / Recall
    0.6389    0.4395


Completed iteration:11
Prediction points:220
  TP     FP     TN     FN
    94    54    25    47

Precision / Recall
    0.6351    0.6667


Completed iteration:12
Prediction points:222
  TP     FP     TN     FN
   110    50    28    34

Precision / Recall
    0.6875    0.7639


Completed iteration:13
Prediction points:195
  TP     FP     TN     FN
   107    44    20    24

Precision / Recall
    0.7086    0.8168


Completed iteration:14
Prediction points:194
  TP     FP     TN     FN
   134    41    13     6

Precision / Recall
    0.7657    0.9571


Completed iteration:15
Prediction points:232
  TP     FP     TN     FN
    77    46    35    74

Precision / Recall
    0.6260    0.5099


Completed iteration:16
Prediction points:225
  TP     FP     TN     FN
    58    29    39    99

Precision / Recall
    0.6667    0.3694


Completed iteration:17
Prediction points:222
  TP     FP     TN     FN
    63    34    34    91

Precision / Recall
    0.6495    0.4091


Completed iteration:18
Prediction points:239
  TP     FP     TN     FN
   148    55    14    22

Precision / Recall
    0.7291    0.8706


Completed iteration:19
Prediction points:208
  TP     FP     TN     FN
   120    45    18    25

Precision / Recall
    0.7273    0.8276


Completed iteration:20
Prediction points:184
  TP     FP     TN     FN
   129    35    17     3

Precision / Recall
    0.7866    0.9773


Completed iteration:21
Prediction points:205
  TP     FP     TN     FN
   137    54     9     5

Precision / Recall
    0.7173    0.9648


Completed iteration:22
Prediction points:219
  TP     FP     TN     FN
    98    45    26    50

Precision / Recall
    0.6853    0.6622


Completed iteration:23
Prediction points:202
  TP     FP     TN     FN
    88    31    21    62

Precision / Recall
    0.7395    0.5867


Completed iteration:24
Prediction points:234
  TP     FP     TN     FN
   104    43    29    58

Precision / Recall
    0.7075    0.6420


Completed iteration:25
Prediction points:214
  TP     FP     TN     FN
   135    60    15     4

Precision / Recall
    0.6923    0.9712


Completed iteration:26
Prediction points:213
  TP     FP     TN     FN
   139    54    12     8

Precision / Recall
    0.7202    0.9456


Completed iteration:27
Prediction points:194
  TP     FP     TN     FN
   115    53    18     8

Precision / Recall
    0.6845    0.9350


Completed iteration:28
Prediction points:235
  TP     FP     TN     FN
   126    57    26    26

Precision / Recall
    0.6885    0.8289


Completed iteration:29
Prediction points:229
  TP     FP     TN     FN
    77    51    30    71

Precision / Recall
    0.6016    0.5203


Completed iteration:30
Prediction points:221
  TP     FP     TN     FN
    84    38    25    74

Precision / Recall
    0.6885    0.5316

Overall results (hybrid)
Confidence threshold=0.6
Filtered datapoints
AUC ave err std
    0.5264

    0.0581

    0.0581

Precision / Recall macro
    0.6776    0.6799

Precision / Recall micro
    0.6968    0.6759


Completed iteration:1
Prediction points:178
  TP     FP     TN     FN
    96    46    16    20

Precision / Recall
    0.6761    0.8276


Completed iteration:2
Prediction points:219
  TP     FP     TN     FN
    65    42    25    87

Precision / Recall
    0.6075    0.4276


Completed iteration:3
Prediction points:195
  TP     FP     TN     FN
    63    24    30    78

Precision / Recall
    0.7241    0.4468


Completed iteration:4
Prediction points:152
  TP     FP     TN     FN
   103    36    12     1

Precision / Recall
    0.7410    0.9904


Completed iteration:5
Prediction points:166
  TP     FP     TN     FN
    96    36    14    20

Precision / Recall
    0.7273    0.8276


Completed iteration:6
Prediction points:180
  TP     FP     TN     FN
   117    44    14     5

Precision / Recall
    0.7267    0.9590


Completed iteration:7
Prediction points:141
  TP     FP     TN     FN
    94    25    17     5

Precision / Recall
    0.7899    0.9495


Completed iteration:8
Prediction points:212
  TP     FP     TN     FN
    86    48    28    50

Precision / Recall
    0.6418    0.6324


Completed iteration:9
Prediction points:187
  TP     FP     TN     FN
   123    37    18     9

Precision / Recall
    0.7688    0.9318


Completed iteration:10
Prediction points:218
  TP     FP     TN     FN
    44    34    54    86

Precision / Recall
    0.5641    0.3385


Completed iteration:11
Prediction points:164
  TP     FP     TN     FN
    93    34    16    21

Precision / Recall
    0.7323    0.8158


Completed iteration:12
Prediction points:203
  TP     FP     TN     FN
    65    28    28    82

Precision / Recall
    0.6989    0.4422


Completed iteration:13
Prediction points:177
  TP     FP     TN     FN
    43    33    28    73

Precision / Recall
    0.5658    0.3707


Completed iteration:14
Prediction points:199
  TP     FP     TN     FN
    62    30    28    79

Precision / Recall
    0.6739    0.4397


Completed iteration:15
Prediction points:173
  TP     FP     TN     FN
   116    31    18     8

Precision / Recall
    0.7891    0.9355


Completed iteration:16
Prediction points:156
  TP     FP     TN     FN
    93    34    14    15

Precision / Recall
    0.7323    0.8611


Completed iteration:17
Prediction points:148
  TP     FP     TN     FN
    97    41     6     4

Precision / Recall
    0.7029    0.9604


Completed iteration:18
Prediction points:197
  TP     FP     TN     FN
   124    60     8     5

Precision / Recall
    0.6739    0.9612


Completed iteration:19
Prediction points:178
  TP     FP     TN     FN
    52    16    28    82

Precision / Recall
    0.7647    0.3881


Completed iteration:20
Prediction points:205
  TP     FP     TN     FN
   135    48    14     8

Precision / Recall
    0.7377    0.9441


Completed iteration:21
Prediction points:160
  TP     FP     TN     FN
    66    46    12    36

Precision / Recall
    0.5893    0.6471


Completed iteration:22
Prediction points:184
  TP     FP     TN     FN
    65    30    33    56

Precision / Recall
    0.6842    0.5372


Completed iteration:23
Prediction points:207
  TP     FP     TN     FN
    60    32    31    84

Precision / Recall
    0.6522    0.4167


Completed iteration:24
Prediction points:222
  TP     FP     TN     FN
    64    35    37    86

Precision / Recall
    0.6465    0.4267


Completed iteration:25
Prediction points:209
  TP     FP     TN     FN
    50    32    29    98

Precision / Recall
    0.6098    0.3378


Completed iteration:26
Prediction points:174
  TP     FP     TN     FN
    30    24    26    94

Precision / Recall
    0.5556    0.2419


Completed iteration:27
Prediction points:180
  TP     FP     TN     FN
    59    36    21    64

Precision / Recall
    0.6211    0.4797


Completed iteration:28
Prediction points:168
  TP     FP     TN     FN
    51    27    28    62

Precision / Recall
    0.6538    0.4513


Completed iteration:29
Prediction points:131
  TP     FP     TN     FN
    39    21    19    52

Precision / Recall
    0.6500    0.4286


Completed iteration:30
Prediction points:203
  TP     FP     TN     FN
   114    37    21    31

Precision / Recall
    0.7550    0.7862

Overall results (hybrid)
Confidence threshold=0.7
Filtered datapoints
AUC ave err std
    0.5142

    0.0792

    0.0792

Precision / Recall macro
    0.6819    0.6401

Precision / Recall micro
    0.6931    0.6280


Completed iteration:1
Prediction points:170
  TP     FP     TN     FN
    13     5    47   105

Precision / Recall
    0.7222    0.1102


Completed iteration:2
Prediction points:140
  TP     FP     TN     FN
    39    18    25    58

Precision / Recall
    0.6842    0.4021


Completed iteration:3
Prediction points:147
  TP     FP     TN     FN
    50    24    24    49

Precision / Recall
    0.6757    0.5051


Completed iteration:4
Prediction points:109
  TP     FP     TN     FN
    63    22    14    10

Precision / Recall
    0.7412    0.8630


Completed iteration:5
Prediction points:147
  TP     FP     TN     FN
   104    33     9     1

Precision / Recall
    0.7591    0.9905


Completed iteration:6
Prediction points:135
  TP     FP     TN     FN
    28    17    28    62

Precision / Recall
    0.6222    0.3111


Completed iteration:7
Prediction points:159
  TP     FP     TN     FN
    66    30    22    41

Precision / Recall
    0.6875    0.6168


Completed iteration:8
Prediction points:106
  TP     FP     TN     FN
    43    14    19    30

Precision / Recall
    0.7544    0.5890


Completed iteration:9
Prediction points:149
  TP     FP     TN     FN
    59    18    23    49

Precision / Recall
    0.7662    0.5463


Completed iteration:10
Prediction points:186
  TP     FP     TN     FN
   125    45    14     2

Precision / Recall
    0.7353    0.9843


Completed iteration:11
Prediction points:99
  TP     FP     TN     FN
    34    22    12    31

Precision / Recall
    0.6071    0.5231


Completed iteration:12
Prediction points:115
  TP     FP     TN     FN
    25    14    26    50

Precision / Recall
    0.6410    0.3333


Completed iteration:13
Prediction points:128
  TP     FP     TN     FN
    71    32    10    15

Precision / Recall
    0.6893    0.8256


Completed iteration:14
Prediction points:153
  TP     FP     TN     FN
    20     9    37    87

Precision / Recall
    0.6897    0.1869


Completed iteration:15
Prediction points:127
  TP     FP     TN     FN
    47    25    19    36

Precision / Recall
    0.6528    0.5663


Completed iteration:16
Prediction points:191
  TP     FP     TN     FN
    44    16    38    93

Precision / Recall
    0.7333    0.3212


Completed iteration:17
Prediction points:63
  TP     FP     TN     FN
    34    11    10     8

Precision / Recall
    0.7556    0.8095


Completed iteration:18
Prediction points:133
  TP     FP     TN     FN
    63    24    21    25

Precision / Recall
    0.7241    0.7159


Completed iteration:19
Prediction points:152
  TP     FP     TN     FN
    35    26    26    65

Precision / Recall
    0.5738    0.3500


Completed iteration:20
Prediction points:129
  TP     FP     TN     FN
    32    25    21    51

Precision / Recall
    0.5614    0.3855


Completed iteration:21
Prediction points:165
  TP     FP     TN     FN
    32    13    32    88

Precision / Recall
    0.7111    0.2667


Completed iteration:22
Prediction points:87
  TP     FP     TN     FN
    43    18    12    14

Precision / Recall
    0.7049    0.7544


Completed iteration:23
Prediction points:110
  TP     FP     TN     FN
    68    29     9     4

Precision / Recall
    0.7010    0.9444


Completed iteration:24
Prediction points:174
  TP     FP     TN     FN
    28    13    32   101

Precision / Recall
    0.6829    0.2171


Completed iteration:25
Prediction points:118
  TP     FP     TN     FN
    46    19    24    29

Precision / Recall
    0.7077    0.6133


Completed iteration:26
Prediction points:133
  TP     FP     TN     FN
    50    18    22    43

Precision / Recall
    0.7353    0.5376


Completed iteration:27
Prediction points:105
  TP     FP     TN     FN
    68    23    12     2

Precision / Recall
    0.7473    0.9714


Completed iteration:28
Prediction points:146
  TP     FP     TN     FN
    23    10    24    89

Precision / Recall
    0.6970    0.2054


Completed iteration:29
Prediction points:153
  TP     FP     TN     FN
    37    23    29    64

Precision / Recall
    0.6167    0.3663


Completed iteration:30
Prediction points:85
  TP     FP     TN     FN
    44    31     7     3

Precision / Recall
    0.5867    0.9362

Overall results (hybrid)
Confidence threshold=0.8
Filtered datapoints
AUC ave err std
    0.5299

    0.0658

    0.0658

Precision / Recall macro
    0.6889    0.5583

Precision / Recall micro
    0.6958    0.5235


Completed iteration:1
Prediction points:88
  TP     FP     TN     FN
    25    20     8    35

Precision / Recall
    0.5556    0.4167


Completed iteration:2
Prediction points:22
  TP     FP     TN     FN
     4     1    14     3

Precision / Recall
    0.8000    0.5714


Completed iteration:3
Prediction points:41
  TP     FP     TN     FN
    26     4    10     1

Precision / Recall
    0.8667    0.9630


Completed iteration:4
Prediction points:123
  TP     FP     TN     FN
    39    12    23    49

Precision / Recall
    0.7647    0.4432


Completed iteration:5
Prediction points:26
  TP     FP     TN     FN
    11     2    10     3

Precision / Recall
    0.8462    0.7857


Completed iteration:6
Prediction points:124
  TP     FP     TN     FN
    19    13    20    72

Precision / Recall
    0.5938    0.2088


Completed iteration:7
Prediction points:97
  TP     FP     TN     FN
     9     3    25    60

Precision / Recall
    0.7500    0.1304


Completed iteration:8
Prediction points:129
  TP     FP     TN     FN
    85    29    15     0

Precision / Recall
    0.7456    1.0000


Completed iteration:9
Prediction points:37
  TP     FP     TN     FN
    17     6    10     4

Precision / Recall
    0.7391    0.8095


Completed iteration:10
Prediction points:151
  TP     FP     TN     FN
    98    39    11     3

Precision / Recall
    0.7153    0.9703


Completed iteration:11
Prediction points:121
  TP     FP     TN     FN
    90    22     7     2

Precision / Recall
    0.8036    0.9783


Completed iteration:12
Prediction points:87
  TP     FP     TN     FN
    52    23    10     2

Precision / Recall
    0.6933    0.9630


Completed iteration:13
Prediction points:55
  TP     FP     TN     FN
    33    15     6     1

Precision / Recall
    0.6875    0.9706


Completed iteration:14
Prediction points:136
  TP     FP     TN     FN
    13    11    24    88

Precision / Recall
    0.5417    0.1287


Completed iteration:15
Prediction points:63
  TP     FP     TN     FN
    29    22    11     1

Precision / Recall
    0.5686    0.9667


Completed iteration:16
Prediction points:85
  TP     FP     TN     FN
     5     1    21    58

Precision / Recall
    0.8333    0.0794


Completed iteration:17
Prediction points:123
  TP     FP     TN     FN
    18     8    25    72

Precision / Recall
    0.6923    0.2000


Completed iteration:18
Prediction points:19
  TP     FP     TN     FN
     5     3     8     3

Precision / Recall
    0.6250    0.6250


Completed iteration:19
Prediction points:140
  TP     FP     TN     FN
    35     8    32    65

Precision / Recall
    0.8140    0.3500


Completed iteration:20
Prediction points:61
  TP     FP     TN     FN
     1     0    24    36

Precision / Recall
    1.0000    0.0270


Completed iteration:21
Prediction points:45
  TP     FP     TN     FN
    10     5     8    22

Precision / Recall
    0.6667    0.3125


Completed iteration:22
Prediction points:137
  TP     FP     TN     FN
    12     2    37    86

Precision / Recall
    0.8571    0.1224


Completed iteration:23
Prediction points:47
  TP     FP     TN     FN
    24     8    13     2

Precision / Recall
    0.7500    0.9231


Completed iteration:24
Prediction points:39
  TP     FP     TN     FN
    15     9    12     3

Precision / Recall
    0.6250    0.8333


Completed iteration:25
Prediction points:10
  TP     FP     TN     FN
     1     1     5     3

Precision / Recall
    0.5000    0.2500


Completed iteration:26
Prediction points:112
  TP     FP     TN     FN
    67    21    17     7

Precision / Recall
    0.7614    0.9054


Completed iteration:27
Prediction points:74
  TP     FP     TN     FN
    19     7    16    32

Precision / Recall
    0.7308    0.3725


Completed iteration:28
Prediction points:54
  TP     FP     TN     FN
    23     8    15     8

Precision / Recall
    0.7419    0.7419


Completed iteration:29
Prediction points:151
  TP     FP     TN     FN
    99    36    10     6

Precision / Recall
    0.7333    0.9429


Completed iteration:30
Prediction points:116
  TP     FP     TN     FN
    17    10    25    64

Precision / Recall
    0.6296    0.2099

Overall results (hybrid)
Confidence threshold=0.9
Filtered datapoints
AUC ave err std
    0.5952

    0.1222

    0.1222

Precision / Recall macro
    0.7211    0.5734

Precision / Recall micro
    0.7208    0.5325

    TPR       FPR       TNR       FNR       cutoff
computation time (s)
  336.9790

