!!!!below quality measures have been removed due to insufficient data!!!!!!!!!!!!
    ' TriangleSize'

Keeping QMs:
name        p values
    ' Spread'    '2.48e-07'

    ' Limit'    '2.57e-07'

    ' OrthoNorm'    '0.000358'

Deleting QMs:
name        p values
    ' Extension'    '0.978'

    'GraspIt_Epsilon'    '0.892'

    ' Volume'    '0.537'

    'GraspIt_Volume'    '0.376'

    'GraspIt_ContactEnergy'    '0.0879'

    ' PerpSym'    '0.0627'

    ' ParallelSym'    '0.00685'

binThreshold:10

Completed iteration:1
Prediction points:236
  TP     FP     TN     FN
    44    15    41   136

Precision / Recall
    0.7458    0.2444


Completed iteration:2
Prediction points:234
  TP     FP     TN     FN
    91    39    30    74

Precision / Recall
    0.7000    0.5515


Completed iteration:3
Prediction points:240
  TP     FP     TN     FN
    51    33    37   119

Precision / Recall
    0.6071    0.3000


Completed iteration:4
Prediction points:230
  TP     FP     TN     FN
    35    25    46   124

Precision / Recall
    0.5833    0.2201


Completed iteration:5
Prediction points:234
  TP     FP     TN     FN
   137    66    14    17

Precision / Recall
    0.6749    0.8896


Completed iteration:6
Prediction points:228
  TP     FP     TN     FN
    47    32    36   113

Precision / Recall
    0.5949    0.2938


Completed iteration:7
Prediction points:237
  TP     FP     TN     FN
    39    18    49   131

Precision / Recall
    0.6842    0.2294


Completed iteration:8
Prediction points:241
  TP     FP     TN     FN
    64    26    42   109

Precision / Recall
    0.7111    0.3699


Completed iteration:9
Prediction points:244
  TP     FP     TN     FN
    39    32    53   120

Precision / Recall
    0.5493    0.2453


Completed iteration:10
Prediction points:237
  TP     FP     TN     FN
    54    32    42   109

Precision / Recall
    0.6279    0.3313


Completed iteration:11
Prediction points:236
  TP     FP     TN     FN
    53    25    48   110

Precision / Recall
    0.6795    0.3252


Completed iteration:12
Prediction points:237
  TP     FP     TN     FN
    50    28    40   119

Precision / Recall
    0.6410    0.2959


Completed iteration:13
Prediction points:232
  TP     FP     TN     FN
    61    32    40    99

Precision / Recall
    0.6559    0.3812


Completed iteration:14
Prediction points:239
  TP     FP     TN     FN
    59    30    39   111

Precision / Recall
    0.6629    0.3471


Completed iteration:15
Prediction points:236
  TP     FP     TN     FN
    60    23    44   109

Precision / Recall
    0.7229    0.3550


Completed iteration:16
Prediction points:234
  TP     FP     TN     FN
    65    25    42   102

Precision / Recall
    0.7222    0.3892


Completed iteration:17
Prediction points:244
  TP     FP     TN     FN
    46    25    53   120

Precision / Recall
    0.6479    0.2771


Completed iteration:18
Prediction points:228
  TP     FP     TN     FN
    58    23    44   103

Precision / Recall
    0.7160    0.3602


Completed iteration:19
Prediction points:236
  TP     FP     TN     FN
    58    25    39   114

Precision / Recall
    0.6988    0.3372


Completed iteration:20
Prediction points:235
  TP     FP     TN     FN
    61    27    39   108

Precision / Recall
    0.6932    0.3609


Completed iteration:21
Prediction points:225
  TP     FP     TN     FN
    58    28    49    90

Precision / Recall
    0.6744    0.3919


Completed iteration:22
Prediction points:244
  TP     FP     TN     FN
    66    30    47   101

Precision / Recall
    0.6875    0.3952


Completed iteration:23
Prediction points:216
  TP     FP     TN     FN
    45    19    46   106

Precision / Recall
    0.7031    0.2980


Completed iteration:24
Prediction points:221
  TP     FP     TN     FN
    41    17    42   121

Precision / Recall
    0.7069    0.2531


Completed iteration:25
Prediction points:231
  TP     FP     TN     FN
    56    22    45   108

Precision / Recall
    0.7179    0.3415


Completed iteration:26
Prediction points:233
  TP     FP     TN     FN
    43    20    54   116

Precision / Recall
    0.6825    0.2704


Completed iteration:27
Prediction points:244
  TP     FP     TN     FN
    60    29    42   113

Precision / Recall
    0.6742    0.3468


Completed iteration:28
Prediction points:244
  TP     FP     TN     FN
    64    37    40   103

Precision / Recall
    0.6337    0.3832


Completed iteration:29
Prediction points:227
  TP     FP     TN     FN
   116    53    20    38

Precision / Recall
    0.6864    0.7532


Completed iteration:30
Prediction points:241
  TP     FP     TN     FN
    79    35    28    99

Precision / Recall
    0.6930    0.4438

Overall results (hybrid)
Confidence threshold=0.5
Filtered datapoints
AUC ave err std
    0.4776

    0.0313

    0.0313

Precision / Recall macro
    0.6726    0.3661

Precision / Recall micro
    0.6739    0.3642


Completed iteration:1
Prediction points:240
  TP     FP     TN     FN
    54    25    53   108

Precision / Recall
    0.6835    0.3333


Completed iteration:2
Prediction points:227
  TP     FP     TN     FN
    60    31    49    87

Precision / Recall
    0.6593    0.4082


Completed iteration:3
Prediction points:223
  TP     FP     TN     FN
    37    31    47   108

Precision / Recall
    0.5441    0.2552


Completed iteration:4
Prediction points:198
  TP     FP     TN     FN
    45    28    37    88

Precision / Recall
    0.6164    0.3383


Completed iteration:5
Prediction points:224
  TP     FP     TN     FN
    47    24    43   110

Precision / Recall
    0.6620    0.2994


Completed iteration:6
Prediction points:228
  TP     FP     TN     FN
    57    24    41   106

Precision / Recall
    0.7037    0.3497


Completed iteration:7
Prediction points:226
  TP     FP     TN     FN
    37    16    56   117

Precision / Recall
    0.6981    0.2403


Completed iteration:8
Prediction points:223
  TP     FP     TN     FN
    40    20    48   115

Precision / Recall
    0.6667    0.2581


Completed iteration:9
Prediction points:216
  TP     FP     TN     FN
    34    25    47   110

Precision / Recall
    0.5763    0.2361


Completed iteration:10
Prediction points:222
  TP     FP     TN     FN
    60    32    36    94

Precision / Recall
    0.6522    0.3896


Completed iteration:11
Prediction points:227
  TP     FP     TN     FN
    49    27    46   105

Precision / Recall
    0.6447    0.3182


Completed iteration:12
Prediction points:219
  TP     FP     TN     FN
    46    29    45    99

Precision / Recall
    0.6133    0.3172


Completed iteration:13
Prediction points:226
  TP     FP     TN     FN
    50    21    49   106

Precision / Recall
    0.7042    0.3205


Completed iteration:14
Prediction points:196
  TP     FP     TN     FN
    75    31    27    63

Precision / Recall
    0.7075    0.5435


Completed iteration:15
Prediction points:221
  TP     FP     TN     FN
    48    34    43    96

Precision / Recall
    0.5854    0.3333


Completed iteration:16
Prediction points:237
  TP     FP     TN     FN
    45    19    50   123

Precision / Recall
    0.7031    0.2679


Completed iteration:17
Prediction points:229
  TP     FP     TN     FN
    47    25    47   110

Precision / Recall
    0.6528    0.2994


Completed iteration:18
Prediction points:221
  TP     FP     TN     FN
    40    23    42   116

Precision / Recall
    0.6349    0.2564


Completed iteration:19
Prediction points:213
  TP     FP     TN     FN
    58    32    34    89

Precision / Recall
    0.6444    0.3946


Completed iteration:20
Prediction points:212
  TP     FP     TN     FN
    42    16    47   107

Precision / Recall
    0.7241    0.2819


Completed iteration:21
Prediction points:227
  TP     FP     TN     FN
    41    27    42   117

Precision / Recall
    0.6029    0.2595


Completed iteration:22
Prediction points:218
  TP     FP     TN     FN
    33    19    50   116

Precision / Recall
    0.6346    0.2215


Completed iteration:23
Prediction points:184
  TP     FP     TN     FN
    47    14    31    92

Precision / Recall
    0.7705    0.3381


Completed iteration:24
Prediction points:238
  TP     FP     TN     FN
    51    19    51   117

Precision / Recall
    0.7286    0.3036


Completed iteration:25
Prediction points:235
  TP     FP     TN     FN
    47    31    44   113

Precision / Recall
    0.6026    0.2938


Completed iteration:26
Prediction points:227
  TP     FP     TN     FN
    46    24    39   118

Precision / Recall
    0.6571    0.2805


Completed iteration:27
Prediction points:189
  TP     FP     TN     FN
    96    49    21    23

Precision / Recall
    0.6621    0.8067


Completed iteration:28
Prediction points:220
  TP     FP     TN     FN
    56    39    35    90

Precision / Recall
    0.5895    0.3836


Completed iteration:29
Prediction points:214
  TP     FP     TN     FN
    25    22    52   115

Precision / Recall
    0.5319    0.1786


Completed iteration:30
Prediction points:235
  TP     FP     TN     FN
    56    26    39   114

Precision / Recall
    0.6829    0.3294

Overall results (hybrid)
Confidence threshold=0.6
Filtered datapoints
AUC ave err std
    0.4753

    0.0321

    0.0321

Precision / Recall macro
    0.6513    0.3279

Precision / Recall micro
    0.6523    0.3235


Completed iteration:1
Prediction points:209
  TP     FP     TN     FN
    28    17    53   111

Precision / Recall
    0.6222    0.2014


Completed iteration:2
Prediction points:213
  TP     FP     TN     FN
    14     9    50   140

Precision / Recall
    0.6087    0.0909


Completed iteration:3
Prediction points:203
  TP     FP     TN     FN
    25     7    48   123

Precision / Recall
    0.7813    0.1689


Completed iteration:4
Prediction points:200
  TP     FP     TN     FN
    58    25    38    79

Precision / Recall
    0.6988    0.4234


Completed iteration:5
Prediction points:205
  TP     FP     TN     FN
    45    27    37    96

Precision / Recall
    0.6250    0.3191


Completed iteration:6
Prediction points:204
  TP     FP     TN     FN
    26    14    48   116

Precision / Recall
    0.6500    0.1831


Completed iteration:7
Prediction points:210
  TP     FP     TN     FN
    17    12    56   125

Precision / Recall
    0.5862    0.1197


Completed iteration:8
Prediction points:228
  TP     FP     TN     FN
    47    29    43   109

Precision / Recall
    0.6184    0.3013


Completed iteration:9
Prediction points:212
  TP     FP     TN     FN
    73    19    38    82

Precision / Recall
    0.7935    0.4710


Completed iteration:10
Prediction points:216
  TP     FP     TN     FN
    31    28    58    99

Precision / Recall
    0.5254    0.2385


Completed iteration:11
Prediction points:221
  TP     FP     TN     FN
    53    17    42   109

Precision / Recall
    0.7571    0.3272


Completed iteration:12
Prediction points:208
  TP     FP     TN     FN
    36    13    44   115

Precision / Recall
    0.7347    0.2384


Completed iteration:13
Prediction points:215
  TP     FP     TN     FN
    29    23    47   116

Precision / Recall
    0.5577    0.2000


Completed iteration:14
Prediction points:188
  TP     FP     TN     FN
    28    17    38   105

Precision / Recall
    0.6222    0.2105


Completed iteration:15
Prediction points:206
  TP     FP     TN     FN
    30    18    48   110

Precision / Recall
    0.6250    0.2143


Completed iteration:16
Prediction points:208
  TP     FP     TN     FN
    35    13    45   115

Precision / Recall
    0.7292    0.2333


Completed iteration:17
Prediction points:186
  TP     FP     TN     FN
    50    19    39    78

Precision / Recall
    0.7246    0.3906


Completed iteration:18
Prediction points:194
  TP     FP     TN     FN
    51    26    37    80

Precision / Recall
    0.6623    0.3893


Completed iteration:19
Prediction points:194
  TP     FP     TN     FN
    38    16    36   104

Precision / Recall
    0.7037    0.2676


Completed iteration:20
Prediction points:218
  TP     FP     TN     FN
    46    17    52   103

Precision / Recall
    0.7302    0.3087


Completed iteration:21
Prediction points:196
  TP     FP     TN     FN
    27    19    40   110

Precision / Recall
    0.5870    0.1971


Completed iteration:22
Prediction points:210
  TP     FP     TN     FN
    24    14    57   115

Precision / Recall
    0.6316    0.1727


Completed iteration:23
Prediction points:232
  TP     FP     TN     FN
    38    23    43   128

Precision / Recall
    0.6230    0.2289


Completed iteration:24
Prediction points:193
  TP     FP     TN     FN
    31    15    45   102

Precision / Recall
    0.6739    0.2331


Completed iteration:25
Prediction points:225
  TP     FP     TN     FN
    39    23    38   125

Precision / Recall
    0.6290    0.2378


Completed iteration:26
Prediction points:213
  TP     FP     TN     FN
    40    22    35   116

Precision / Recall
    0.6452    0.2564


Completed iteration:27
Prediction points:207
  TP     FP     TN     FN
    26    19    47   115

Precision / Recall
    0.5778    0.1844


Completed iteration:28
Prediction points:166
  TP     FP     TN     FN
    21    20    36    89

Precision / Recall
    0.5122    0.1909


Completed iteration:29
Prediction points:201
  TP     FP     TN     FN
    28    19    37   117

Precision / Recall
    0.5957    0.1931


Completed iteration:30
Prediction points:195
  TP     FP     TN     FN
    34    20    43    98

Precision / Recall
    0.6296    0.2576

Overall results (hybrid)
Confidence threshold=0.7
Filtered datapoints
AUC ave err std
    0.4753

    0.0370

    0.0370

Precision / Recall macro
    0.6487    0.2483

Precision / Recall micro
    0.6560    0.2485


Completed iteration:1
Prediction points:204
  TP     FP     TN     FN
    12     9    57   126

Precision / Recall
    0.5714    0.0870


Completed iteration:2
Prediction points:191
  TP     FP     TN     FN
    26    12    45   108

Precision / Recall
    0.6842    0.1940


Completed iteration:3
Prediction points:198
  TP     FP     TN     FN
    34    21    44    99

Precision / Recall
    0.6182    0.2556


Completed iteration:4
Prediction points:188
  TP     FP     TN     FN
    31    16    42    99

Precision / Recall
    0.6596    0.2385


Completed iteration:5
Prediction points:207
  TP     FP     TN     FN
    28    17    44   118

Precision / Recall
    0.6222    0.1918


Completed iteration:6
Prediction points:188
  TP     FP     TN     FN
    16    12    45   115

Precision / Recall
    0.5714    0.1221


Completed iteration:7
Prediction points:200
  TP     FP     TN     FN
    26    15    41   118

Precision / Recall
    0.6341    0.1806


Completed iteration:8
Prediction points:164
  TP     FP     TN     FN
     8     5    41   110

Precision / Recall
    0.6154    0.0678


Completed iteration:9
Prediction points:199
  TP     FP     TN     FN
    34    11    45   109

Precision / Recall
    0.7556    0.2378


Completed iteration:10
Prediction points:210
  TP     FP     TN     FN
    51    14    50    95

Precision / Recall
    0.7846    0.3493


Completed iteration:11
Prediction points:155
  TP     FP     TN     FN
    28    18    31    78

Precision / Recall
    0.6087    0.2642


Completed iteration:12
Prediction points:145
  TP     FP     TN     FN
    10     9    36    90

Precision / Recall
    0.5263    0.1000


Completed iteration:13
Prediction points:178
  TP     FP     TN     FN
    24    19    33   102

Precision / Recall
    0.5581    0.1905


Completed iteration:14
Prediction points:178
  TP     FP     TN     FN
    16    10    44   108

Precision / Recall
    0.6154    0.1290


Completed iteration:15
Prediction points:180
  TP     FP     TN     FN
    40    25    31    84

Precision / Recall
    0.6154    0.3226


Completed iteration:16
Prediction points:187
  TP     FP     TN     FN
    25     8    46   108

Precision / Recall
    0.7576    0.1880


Completed iteration:17
Prediction points:206
  TP     FP     TN     FN
    20    15    44   127

Precision / Recall
    0.5714    0.1361


Completed iteration:18
Prediction points:193
  TP     FP     TN     FN
    25    15    50   103

Precision / Recall
    0.6250    0.1953


Completed iteration:19
Prediction points:197
  TP     FP     TN     FN
    24    27    40   106

Precision / Recall
    0.4706    0.1846


Completed iteration:20
Prediction points:190
  TP     FP     TN     FN
    27    18    40   105

Precision / Recall
    0.6000    0.2045


Completed iteration:21
Prediction points:181
  TP     FP     TN     FN
    20    20    37   104

Precision / Recall
    0.5000    0.1613


Completed iteration:22
Prediction points:191
  TP     FP     TN     FN
    27    17    40   107

Precision / Recall
    0.6136    0.2015


Completed iteration:23
Prediction points:186
  TP     FP     TN     FN
    17    15    53   101

Precision / Recall
    0.5313    0.1441


Completed iteration:24
Prediction points:209
  TP     FP     TN     FN
    32    19    41   117

Precision / Recall
    0.6275    0.2148


Completed iteration:25
Prediction points:175
  TP     FP     TN     FN
    16     8    43   108

Precision / Recall
    0.6667    0.1290


Completed iteration:26
Prediction points:182
  TP     FP     TN     FN
    16     9    44   113

Precision / Recall
    0.6400    0.1240


Completed iteration:27
Prediction points:215
  TP     FP     TN     FN
    49    22    42   102

Precision / Recall
    0.6901    0.3245


Completed iteration:28
Prediction points:195
  TP     FP     TN     FN
    35    13    37   110

Precision / Recall
    0.7292    0.2414


Completed iteration:29
Prediction points:192
  TP     FP     TN     FN
    37    19    39    97

Precision / Recall
    0.6607    0.2761


Completed iteration:30
Prediction points:194
  TP     FP     TN     FN
    35    31    41    87

Precision / Recall
    0.5303    0.2869

Overall results (hybrid)
Confidence threshold=0.8
Filtered datapoints
AUC ave err std
    0.4655

    0.0351

    0.0351

Precision / Recall macro
    0.6218    0.1981

Precision / Recall micro
    0.6272    0.2001


Completed iteration:1
Prediction points:179
  TP     FP     TN     FN
    31    17    39    92

Precision / Recall
    0.6458    0.2520


Completed iteration:2
Prediction points:177
  TP     FP     TN     FN
    30    18    33    96

Precision / Recall
    0.6250    0.2381


Completed iteration:3
Prediction points:146
  TP     FP     TN     FN
    23    10    28    85

Precision / Recall
    0.6970    0.2130


Completed iteration:4
Prediction points:183
  TP     FP     TN     FN
    10     4    49   120

Precision / Recall
    0.7143    0.0769


Completed iteration:5
Prediction points:186
  TP     FP     TN     FN
    12     5    55   114

Precision / Recall
    0.7059    0.0952


Completed iteration:6
Prediction points:136
  TP     FP     TN     FN
    21     8    26    81

Precision / Recall
    0.7241    0.2059


Completed iteration:7
Prediction points:61
  TP     FP     TN     FN
    13     9    17    22

Precision / Recall
    0.5909    0.3714


Completed iteration:8
Prediction points:162
  TP     FP     TN     FN
     5     9    49    99

Precision / Recall
    0.3571    0.0481


Completed iteration:9
Prediction points:168
  TP     FP     TN     FN
     5     4    48   111

Precision / Recall
    0.5556    0.0431


Completed iteration:10
Prediction points:177
  TP     FP     TN     FN
    24    11    49    93

Precision / Recall
    0.6857    0.2051


Completed iteration:11
Prediction points:172
  TP     FP     TN     FN
     9     1    45   117

Precision / Recall
    0.9000    0.0714


Completed iteration:12
Prediction points:174
  TP     FP     TN     FN
    10     5    50   109

Precision / Recall
    0.6667    0.0840


Completed iteration:13
Prediction points:177
  TP     FP     TN     FN
    21    15    35   106

Precision / Recall
    0.5833    0.1654


Completed iteration:14
Prediction points:176
  TP     FP     TN     FN
    12     6    44   114

Precision / Recall
    0.6667    0.0952


Completed iteration:15
Prediction points:196
  TP     FP     TN     FN
    33    19    38   106

Precision / Recall
    0.6346    0.2374


Completed iteration:16
Prediction points:150
  TP     FP     TN     FN
    20     6    32    92

Precision / Recall
    0.7692    0.1786


Completed iteration:17
Prediction points:172
  TP     FP     TN     FN
     9     5    44   114

Precision / Recall
    0.6429    0.0732


Completed iteration:18
Prediction points:164
  TP     FP     TN     FN
    16     4    44   100

Precision / Recall
    0.8000    0.1379


Completed iteration:19
Prediction points:170
  TP     FP     TN     FN
    42    14    35    79

Precision / Recall
    0.7500    0.3471


Completed iteration:20
Prediction points:160
  TP     FP     TN     FN
    85    21    28    26

Precision / Recall
    0.8019    0.7658


Completed iteration:21
Prediction points:177
  TP     FP     TN     FN
    10    16    34   117

Precision / Recall
    0.3846    0.0787


Completed iteration:22
Prediction points:171
  TP     FP     TN     FN
    12     6    45   108

Precision / Recall
    0.6667    0.1000


Completed iteration:23
Prediction points:156
  TP     FP     TN     FN
    18    10    38    90

Precision / Recall
    0.6429    0.1667


Completed iteration:24
Prediction points:184
  TP     FP     TN     FN
    17     7    46   114

Precision / Recall
    0.7083    0.1298


Completed iteration:25
Prediction points:140
  TP     FP     TN     FN
    13     6    30    91

Precision / Recall
    0.6842    0.1250


Completed iteration:26
Prediction points:168
  TP     FP     TN     FN
    12     5    45   106

Precision / Recall
    0.7059    0.1017


Completed iteration:27
Prediction points:174
  TP     FP     TN     FN
    13    10    38   113

Precision / Recall
    0.5652    0.1032


Completed iteration:28
Prediction points:206
  TP     FP     TN     FN
    16    12    55   123

Precision / Recall
    0.5714    0.1151


Completed iteration:29
Prediction points:179
  TP     FP     TN     FN
    21     9    46   103

Precision / Recall
    0.7000    0.1694


Completed iteration:30
Prediction points:157
  TP     FP     TN     FN
    17     9    37    94

Precision / Recall
    0.6538    0.1532

Overall results (hybrid)
Confidence threshold=0.9
Filtered datapoints
AUC ave err std
    0.4893

    0.0465

    0.0465

Precision / Recall macro
    0.6600    0.1716

Precision / Recall micro
    0.6736    0.1650


Completed iteration:1
Prediction points:141
  TP     FP     TN     FN
    29    15    28    69

Precision / Recall
    0.6591    0.2959


Completed iteration:2
Prediction points:147
  TP     FP     TN     FN
    26     3    31    87

Precision / Recall
    0.8966    0.2301


Completed iteration:3
Prediction points:180
  TP     FP     TN     FN
    15     7    47   111

Precision / Recall
    0.6818    0.1190


Completed iteration:4
Prediction points:191
  TP     FP     TN     FN
    22    12    50   107

Precision / Recall
    0.6471    0.1705


Completed iteration:5
Prediction points:170
  TP     FP     TN     FN
    14     6    46   104

Precision / Recall
    0.7000    0.1186


Completed iteration:6
Prediction points:178
  TP     FP     TN     FN
    15     5    38   120

Precision / Recall
    0.7500    0.1111


Completed iteration:7
Prediction points:111
  TP     FP     TN     FN
    22     6    27    56

Precision / Recall
    0.7857    0.2821


Completed iteration:8
Prediction points:180
  TP     FP     TN     FN
    12    12    53   103

Precision / Recall
    0.5000    0.1043


Completed iteration:9
Prediction points:193
  TP     FP     TN     FN
    11    16    55   111

Precision / Recall
    0.4074    0.0902


Completed iteration:10
Prediction points:121
  TP     FP     TN     FN
    11     6    23    81

Precision / Recall
    0.6471    0.1196


Completed iteration:11
Prediction points:162
  TP     FP     TN     FN
    58    17    33    54

Precision / Recall
    0.7733    0.5179


Completed iteration:12
Prediction points:183
  TP     FP     TN     FN
     1     1    48   133

Precision / Recall
    0.5000    0.0075


Completed iteration:13
Prediction points:173
  TP     FP     TN     FN
     3     2    51   117

Precision / Recall
    0.6000    0.0250


Completed iteration:14
Prediction points:142
  TP     FP     TN     FN
    17     7    35    83

Precision / Recall
    0.7083    0.1700


Completed iteration:15
Prediction points:145
  TP     FP     TN     FN
     7     6    38    94

Precision / Recall
    0.5385    0.0693


Completed iteration:16
Prediction points:166
  TP     FP     TN     FN
     7     6    48   105

Precision / Recall
    0.5385    0.0625


Completed iteration:17
Prediction points:187
  TP     FP     TN     FN
    19     7    36   125

Precision / Recall
    0.7308    0.1319


Completed iteration:18
Prediction points:173
  TP     FP     TN     FN
    17     6    47   103

Precision / Recall
    0.7391    0.1417


Completed iteration:19
Prediction points:146
  TP     FP     TN     FN
     4     1    43    98

Precision / Recall
    0.8000    0.0392


Completed iteration:20
Prediction points:165
  TP     FP     TN     FN
    19     3    41   102

Precision / Recall
    0.8636    0.1570


Completed iteration:21
Prediction points:179
  TP     FP     TN     FN
     8     4    48   119

Precision / Recall
    0.6667    0.0630


Completed iteration:22
Prediction points:183
  TP     FP     TN     FN
    18    11    41   113

Precision / Recall
    0.6207    0.1374


Completed iteration:23
Prediction points:150
  TP     FP     TN     FN
    42    14    29    65

Precision / Recall
    0.7500    0.3925


Completed iteration:24
Prediction points:176
  TP     FP     TN     FN
    10     7    45   114

Precision / Recall
    0.5882    0.0806


Completed iteration:25
Prediction points:158
  TP     FP     TN     FN
    12     6    41    99

Precision / Recall
    0.6667    0.1081


Completed iteration:26
Prediction points:166
  TP     FP     TN     FN
    13    11    40   102

Precision / Recall
    0.5417    0.1130


Completed iteration:27
Prediction points:164
  TP     FP     TN     FN
    19    11    39    95

Precision / Recall
    0.6333    0.1667


Completed iteration:28
Prediction points:187
  TP     FP     TN     FN
    23     9    42   113

Precision / Recall
    0.7188    0.1691


Completed iteration:29
Prediction points:144
  TP     FP     TN     FN
    17    10    31    86

Precision / Recall
    0.6296    0.1650


Completed iteration:30
Prediction points:169
  TP     FP     TN     FN
    10     4    48   107

Precision / Recall
    0.7143    0.0855

Overall results (hybrid)
Confidence threshold=1
Filtered datapoints
AUC ave err std
    0.4944

    0.0353

    0.0353

Precision / Recall macro
    0.6666    0.1481

Precision / Recall micro
    0.6844    0.1441

    TPR       FPR       TNR       FNR       cutoff
computation time (s)
   1.1729e+03

