!!!!below quality measures have been removed due to insufficient data!!!!!!!!!!!!
    ' TriangleSize'

Keeping QMs:
name        p values
    ' Spread'    '2.48e-07'

    ' Limit'    '2.57e-07'

    ' OrthoNorm'    '0.000358'

Deleting QMs:
name        p values
    ' Extension'    '0.978'

    'GraspIt_Epsilon'    '0.892'

    ' Volume'    '0.537'

    'GraspIt_Volume'    '0.376'

    'GraspIt_ContactEnergy'    '0.0879'

    ' PerpSym'    '0.0627'

    ' ParallelSym'    '0.00685'


Completed iteration:1
Prediction points:218
  TP     FP     TN     FN
   161    43     7     7

Precision / Recall
    0.7892    0.9583


Completed iteration:2
Prediction points:222
  TP     FP     TN     FN
   152    58    10     2

Precision / Recall
    0.7238    0.9870


Completed iteration:3
Prediction points:221
  TP     FP     TN     FN
   152    50    13     6

Precision / Recall
    0.7525    0.9620


Completed iteration:4
Prediction points:202
  TP     FP     TN     FN
   133    51     8    10

Precision / Recall
    0.7228    0.9301


Completed iteration:5
Prediction points:219
  TP     FP     TN     FN
   143    61     9     6

Precision / Recall
    0.7010    0.9597


Completed iteration:6
Prediction points:207
  TP     FP     TN     FN
   136    45    14    12

Precision / Recall
    0.7514    0.9189


Completed iteration:7
Prediction points:215
  TP     FP     TN     FN
   146    46    16     7

Precision / Recall
    0.7604    0.9542


Completed iteration:8
Prediction points:201
  TP     FP     TN     FN
   136    41    15     9

Precision / Recall
    0.7684    0.9379


Completed iteration:9
Prediction points:222
  TP     FP     TN     FN
   147    67     6     2

Precision / Recall
    0.6869    0.9866


Completed iteration:10
Prediction points:219
  TP     FP     TN     FN
   146    57    10     6

Precision / Recall
    0.7192    0.9605


Completed iteration:11
Prediction points:219
  TP     FP     TN     FN
   141    61    12     5

Precision / Recall
    0.6980    0.9658


Completed iteration:12
Prediction points:195
  TP     FP     TN     FN
   122    37    17    19

Precision / Recall
    0.7673    0.8652


Completed iteration:13
Prediction points:215
  TP     FP     TN     FN
   144    54    11     6

Precision / Recall
    0.7273    0.9600


Completed iteration:14
Prediction points:216
  TP     FP     TN     FN
   148    51    10     7

Precision / Recall
    0.7437    0.9548


Completed iteration:15
Prediction points:221
  TP     FP     TN     FN
   160    48    11     2

Precision / Recall
    0.7692    0.9877


Completed iteration:16
Prediction points:222
  TP     FP     TN     FN
   136    52    11    23

Precision / Recall
    0.7234    0.8553


Completed iteration:17
Prediction points:215
  TP     FP     TN     FN
   142    58    10     5

Precision / Recall
    0.7100    0.9660


Completed iteration:18
Prediction points:107
  TP     FP     TN     FN
    59    21    10    17

Precision / Recall
    0.7375    0.7763


Completed iteration:19
Prediction points:219
  TP     FP     TN     FN
   153    56     7     3

Precision / Recall
    0.7321    0.9808


Completed iteration:20
Prediction points:212
  TP     FP     TN     FN
   147    49    10     6

Precision / Recall
    0.7500    0.9608


Completed iteration:21
Prediction points:217
  TP     FP     TN     FN
   145    55    13     4

Precision / Recall
    0.7250    0.9732


Completed iteration:22
Prediction points:215
  TP     FP     TN     FN
   141    58    10     6

Precision / Recall
    0.7085    0.9592


Completed iteration:23
Prediction points:209
  TP     FP     TN     FN
   140    54    10     5

Precision / Recall
    0.7216    0.9655


Completed iteration:24
Prediction points:218
  TP     FP     TN     FN
   136    44    14    24

Precision / Recall
    0.7556    0.8500


Completed iteration:25
Prediction points:223
  TP     FP     TN     FN
   125    56    13    29

Precision / Recall
    0.6906    0.8117


Completed iteration:26
Prediction points:209
  TP     FP     TN     FN
   137    57    11     4

Precision / Recall
    0.7062    0.9716


Completed iteration:27
Prediction points:219
  TP     FP     TN     FN
   151    53    11     4

Precision / Recall
    0.7402    0.9742


Completed iteration:28
Prediction points:216
  TP     FP     TN     FN
   136    58    13     9

Precision / Recall
    0.7010    0.9379


Completed iteration:29
Prediction points:212
  TP     FP     TN     FN
   140    60     8     4

Precision / Recall
    0.7000    0.9722


Completed iteration:30
Prediction points:214
  TP     FP     TN     FN
   152    45    12     5

Precision / Recall
    0.7716    0.9682

Overall results (hybrid)
Confidence threshold=0.5
Filtered datapoints
AUC ave err std
    0.5609

    0.0238

    0.0238

Precision / Recall macro
    0.7318    0.9404

Precision / Recall micro
    0.7313    0.9431


Completed iteration:1
Prediction points:206
  TP     FP     TN     FN
   138    50    16     2

Precision / Recall
    0.7340    0.9857


Completed iteration:2
Prediction points:206
  TP     FP     TN     FN
   133    61    11     1

Precision / Recall
    0.6856    0.9925


Completed iteration:3
Prediction points:187
  TP     FP     TN     FN
   123    48    12     4

Precision / Recall
    0.7193    0.9685


Completed iteration:4
Prediction points:186
  TP     FP     TN     FN
   126    47     8     5

Precision / Recall
    0.7283    0.9618


Completed iteration:5
Prediction points:195
  TP     FP     TN     FN
   134    51     8     2

Precision / Recall
    0.7243    0.9853


Completed iteration:6
Prediction points:218
  TP     FP     TN     FN
   149    54    11     4

Precision / Recall
    0.7340    0.9739


Completed iteration:7
Prediction points:189
  TP     FP     TN     FN
   123    48    13     5

Precision / Recall
    0.7193    0.9609


Completed iteration:8
Prediction points:213
  TP     FP     TN     FN
   143    55    11     4

Precision / Recall
    0.7222    0.9728


Completed iteration:9
Prediction points:191
  TP     FP     TN     FN
   125    56     7     3

Precision / Recall
    0.6906    0.9766


Completed iteration:10
Prediction points:202
  TP     FP     TN     FN
   131    56    11     4

Precision / Recall
    0.7005    0.9704


Completed iteration:11
Prediction points:196
  TP     FP     TN     FN
    94    55    11    36

Precision / Recall
    0.6309    0.7231


Completed iteration:12
Prediction points:204
  TP     FP     TN     FN
   126    51    20     7

Precision / Recall
    0.7119    0.9474


Completed iteration:13
Prediction points:205
  TP     FP     TN     FN
   135    55    12     3

Precision / Recall
    0.7105    0.9783


Completed iteration:14
Prediction points:199
  TP     FP     TN     FN
   138    51     9     1

Precision / Recall
    0.7302    0.9928


Completed iteration:15
Prediction points:221
  TP     FP     TN     FN
   140    62    11     8

Precision / Recall
    0.6931    0.9459


Completed iteration:16
Prediction points:201
  TP     FP     TN     FN
   145    47     9     0

Precision / Recall
    0.7552    1.0000


Completed iteration:17
Prediction points:205
  TP     FP     TN     FN
   131    60     7     7

Precision / Recall
    0.6859    0.9493


Completed iteration:18
Prediction points:181
  TP     FP     TN     FN
   126    44     8     3

Precision / Recall
    0.7412    0.9767


Completed iteration:19
Prediction points:219
  TP     FP     TN     FN
   146    54    14     5

Precision / Recall
    0.7300    0.9669


Completed iteration:20
Prediction points:183
  TP     FP     TN     FN
   123    44    14     2

Precision / Recall
    0.7365    0.9840


Completed iteration:21
Prediction points:178
  TP     FP     TN     FN
   116    51     7     4

Precision / Recall
    0.6946    0.9667


Completed iteration:22
Prediction points:205
  TP     FP     TN     FN
   137    53    12     3

Precision / Recall
    0.7211    0.9786


Completed iteration:23
Prediction points:185
  TP     FP     TN     FN
   127    47     7     4

Precision / Recall
    0.7299    0.9695


Completed iteration:24
Prediction points:208
  TP     FP     TN     FN
   138    50    12     8

Precision / Recall
    0.7340    0.9452


Completed iteration:25
Prediction points:159
  TP     FP     TN     FN
   106    43     9     1

Precision / Recall
    0.7114    0.9907


Completed iteration:26
Prediction points:217
  TP     FP     TN     FN
   152    50     9     6

Precision / Recall
    0.7525    0.9620


Completed iteration:27
Prediction points:184
  TP     FP     TN     FN
   118    49    13     4

Precision / Recall
    0.7066    0.9672


Completed iteration:28
Prediction points:184
  TP     FP     TN     FN
   118    50    14     2

Precision / Recall
    0.7024    0.9833


Completed iteration:29
Prediction points:202
  TP     FP     TN     FN
   128    58    10     6

Precision / Recall
    0.6882    0.9552


Completed iteration:30
Prediction points:202
  TP     FP     TN     FN
   145    50     6     1

Precision / Recall
    0.7436    0.9932

Overall results (hybrid)
Confidence threshold=0.6
Filtered datapoints
AUC ave err std
    0.5676

    0.0317

    0.0317

Precision / Recall macro
    0.7156    0.9641

Precision / Recall micro
    0.7163    0.9643


Completed iteration:1
Prediction points:86
  TP     FP     TN     FN
    52    24     7     3

Precision / Recall
    0.6842    0.9455


Completed iteration:2
Prediction points:108
  TP     FP     TN     FN
    68    30     6     4

Precision / Recall
    0.6939    0.9444


Completed iteration:3
Prediction points:101
  TP     FP     TN     FN
    40    21     6    34

Precision / Recall
    0.6557    0.5405


Completed iteration:4
Prediction points:168
  TP     FP     TN     FN
   109    44    11     4

Precision / Recall
    0.7124    0.9646


Completed iteration:5
Prediction points:162
  TP     FP     TN     FN
   101    45    10     6

Precision / Recall
    0.6918    0.9439


Completed iteration:6
Prediction points:158
  TP     FP     TN     FN
    99    51     6     2

Precision / Recall
    0.6600    0.9802


Completed iteration:7
Prediction points:182
  TP     FP     TN     FN
   121    47    11     3

Precision / Recall
    0.7202    0.9758


Completed iteration:8
Prediction points:164
  TP     FP     TN     FN
   104    49     7     4

Precision / Recall
    0.6797    0.9630


Completed iteration:9
Prediction points:153
  TP     FP     TN     FN
   107    30    12     4

Precision / Recall
    0.7810    0.9640


Completed iteration:10
Prediction points:162
  TP     FP     TN     FN
    97    49    14     2

Precision / Recall
    0.6644    0.9798


Completed iteration:11
Prediction points:141
  TP     FP     TN     FN
    98    26     7    10

Precision / Recall
    0.7903    0.9074


Completed iteration:12
Prediction points:186
  TP     FP     TN     FN
   131    42    10     3

Precision / Recall
    0.7572    0.9776


Completed iteration:13
Prediction points:145
  TP     FP     TN     FN
    98    39     6     2

Precision / Recall
    0.7153    0.9800


Completed iteration:14
Prediction points:152
  TP     FP     TN     FN
    97    44     7     4

Precision / Recall
    0.6879    0.9604


Completed iteration:15
Prediction points:146
  TP     FP     TN     FN
   101    33     9     3

Precision / Recall
    0.7537    0.9712


Completed iteration:16
Prediction points:169
  TP     FP     TN     FN
   119    34    11     5

Precision / Recall
    0.7778    0.9597


Completed iteration:17
Prediction points:162
  TP     FP     TN     FN
    97    55     6     4

Precision / Recall
    0.6382    0.9604


Completed iteration:18
Prediction points:145
  TP     FP     TN     FN
    98    38     5     4

Precision / Recall
    0.7206    0.9608


Completed iteration:19
Prediction points:150
  TP     FP     TN     FN
   101    39     6     4

Precision / Recall
    0.7214    0.9619


Completed iteration:20
Prediction points:188
  TP     FP     TN     FN
   123    49    11     5

Precision / Recall
    0.7151    0.9609


Completed iteration:21
Prediction points:180
  TP     FP     TN     FN
   118    51     7     4

Precision / Recall
    0.6982    0.9672


Completed iteration:22
Prediction points:165
  TP     FP     TN     FN
   103    41    14     7

Precision / Recall
    0.7153    0.9364


Completed iteration:23
Prediction points:157
  TP     FP     TN     FN
   105    39     9     4

Precision / Recall
    0.7292    0.9633


Completed iteration:24
Prediction points:83
  TP     FP     TN     FN
    43    23     4    13

Precision / Recall
    0.6515    0.7679


Completed iteration:25
Prediction points:103
  TP     FP     TN     FN
    72    23     6     2

Precision / Recall
    0.7579    0.9730


Completed iteration:26
Prediction points:81
  TP     FP     TN     FN
    25    18    10    28

Precision / Recall
    0.5814    0.4717


Completed iteration:27
Prediction points:191
  TP     FP     TN     FN
   123    46    13     9

Precision / Recall
    0.7278    0.9318


Completed iteration:28
Prediction points:143
  TP     FP     TN     FN
    87    49     3     4

Precision / Recall
    0.6397    0.9560


Completed iteration:29
Prediction points:176
  TP     FP     TN     FN
   117    44     9     6

Precision / Recall
    0.7267    0.9512


Completed iteration:30
Prediction points:171
  TP     FP     TN     FN
   115    43     8     5

Precision / Recall
    0.7278    0.9583

Overall results (hybrid)
Confidence threshold=0.7
Filtered datapoints
AUC ave err std
    0.5525

    0.0528

    0.0528

Precision / Recall macro
    0.7059    0.9226

Precision / Recall micro
    0.7110    0.9373


Completed iteration:1
Prediction points:84
  TP     FP     TN     FN
    36    17    11    20

Precision / Recall
    0.6792    0.6429


Completed iteration:2
Prediction points:76
  TP     FP     TN     FN
    26    12    11    27

Precision / Recall
    0.6842    0.4906


Completed iteration:3
Prediction points:69
  TP     FP     TN     FN
    19    14    11    25

Precision / Recall
    0.5758    0.4318


Completed iteration:4
Prediction points:71
  TP     FP     TN     FN
    48    14     4     5

Precision / Recall
    0.7742    0.9057


Completed iteration:5
Prediction points:114
  TP     FP     TN     FN
    79    29     5     1

Precision / Recall
    0.7315    0.9875


Completed iteration:6
Prediction points:42
  TP     FP     TN     FN
    12    11     4    15

Precision / Recall
    0.5217    0.4444


Completed iteration:7
Prediction points:56
  TP     FP     TN     FN
    35    17     3     1

Precision / Recall
    0.6731    0.9722


Completed iteration:8
Prediction points:75
  TP     FP     TN     FN
    46    20     6     3

Precision / Recall
    0.6970    0.9388


Completed iteration:9
Prediction points:73
  TP     FP     TN     FN
    51    16     3     3

Precision / Recall
    0.7612    0.9444


Completed iteration:10
Prediction points:74
  TP     FP     TN     FN
    50    21     2     1

Precision / Recall
    0.7042    0.9804


Completed iteration:11
Prediction points:46
  TP     FP     TN     FN
    26     9     3     8

Precision / Recall
    0.7429    0.7647


Completed iteration:12
Prediction points:114
  TP     FP     TN     FN
    67    25     8    14

Precision / Recall
    0.7283    0.8272


Completed iteration:13
Prediction points:72
  TP     FP     TN     FN
    47    23     2     0

Precision / Recall
    0.6714    1.0000


Completed iteration:14
Prediction points:94
  TP     FP     TN     FN
    56    32     5     1

Precision / Recall
    0.6364    0.9825


Completed iteration:15
Prediction points:65
  TP     FP     TN     FN
    49    12     4     0

Precision / Recall
    0.8033    1.0000


Completed iteration:16
Prediction points:75
  TP     FP     TN     FN
    53    18     4     0

Precision / Recall
    0.7465    1.0000


Completed iteration:17
Prediction points:74
  TP     FP     TN     FN
    50    19     3     2

Precision / Recall
    0.7246    0.9615


Completed iteration:18
Prediction points:47
  TP     FP     TN     FN
    30    14     3     0

Precision / Recall
    0.6818    1.0000


Completed iteration:19
Prediction points:45
  TP     FP     TN     FN
    19    16     3     7

Precision / Recall
    0.5429    0.7308


Completed iteration:20
Prediction points:69
  TP     FP     TN     FN
    41    22     3     3

Precision / Recall
    0.6508    0.9318


Completed iteration:21
Prediction points:67
  TP     FP     TN     FN
    30    13     8    16

Precision / Recall
    0.6977    0.6522


Completed iteration:22
Prediction points:51
  TP     FP     TN     FN
    16    10    10    15

Precision / Recall
    0.6154    0.5161


Completed iteration:23
Prediction points:69
  TP     FP     TN     FN
    42    21     4     2

Precision / Recall
    0.6667    0.9545


Completed iteration:24
Prediction points:66
  TP     FP     TN     FN
    52    12     2     0

Precision / Recall
    0.8125    1.0000


Completed iteration:25
Prediction points:71
  TP     FP     TN     FN
    44     9     3    15

Precision / Recall
    0.8302    0.7458


Completed iteration:26
Prediction points:70
  TP     FP     TN     FN
    49    17     2     2

Precision / Recall
    0.7424    0.9608


Completed iteration:27
Prediction points:73
  TP     FP     TN     FN
    50    20     3     0

Precision / Recall
    0.7143    1.0000


Completed iteration:28
Prediction points:78
  TP     FP     TN     FN
    53    19     1     5

Precision / Recall
    0.7361    0.9138


Completed iteration:29
Prediction points:104
  TP     FP     TN     FN
    70    29     4     1

Precision / Recall
    0.7071    0.9859


Completed iteration:30
Prediction points:88
  TP     FP     TN     FN
    55    26     5     2

Precision / Recall
    0.6790    0.9649

Overall results (hybrid)
Confidence threshold=0.8
Filtered datapoints
AUC ave err std
    0.5323

    0.0535

    0.0535

Precision / Recall macro
    0.6977    0.8544

Precision / Recall micro
    0.7078    0.8702


Completed iteration:1
Prediction points:42
  TP     FP     TN     FN
    28    10     4     0

Precision / Recall
    0.7368    1.0000


Completed iteration:2
Prediction points:36
  TP     FP     TN     FN
    28     6     1     1

Precision / Recall
    0.8235    0.9655


Completed iteration:3
Prediction points:32
  TP     FP     TN     FN
    13     7     2    10

Precision / Recall
    0.6500    0.5652


Completed iteration:4
Prediction points:97
  TP     FP     TN     FN
    44    18     8    27

Precision / Recall
    0.7097    0.6197


Completed iteration:5
Prediction points:30
  TP     FP     TN     FN
    19     7     4     0

Precision / Recall
    0.7308    1.0000


Completed iteration:6
Prediction points:30
  TP     FP     TN     FN
    21     7     1     1

Precision / Recall
    0.7500    0.9545


Completed iteration:7
Prediction points:28
  TP     FP     TN     FN
    17     6     1     4

Precision / Recall
    0.7391    0.8095


Completed iteration:8
Prediction points:50
  TP     FP     TN     FN
    34     9     7     0

Precision / Recall
    0.7907    1.0000


Completed iteration:9
Prediction points:31
  TP     FP     TN     FN
    20     8     2     1

Precision / Recall
    0.7143    0.9524


Completed iteration:10
Prediction points:59
  TP     FP     TN     FN
    34    20     5     0

Precision / Recall
    0.6296    1.0000


Completed iteration:11
Prediction points:60
  TP     FP     TN     FN
    12     3    10    35

Precision / Recall
    0.8000    0.2553


Completed iteration:12
Prediction points:33
  TP     FP     TN     FN
    10     7     3    13

Precision / Recall
    0.5882    0.4348


Completed iteration:13
Prediction points:64
  TP     FP     TN     FN
    46    12     3     3

Precision / Recall
    0.7931    0.9388


Completed iteration:14
Prediction points:31
  TP     FP     TN     FN
    17     5     2     7

Precision / Recall
    0.7727    0.7083


Completed iteration:15
Prediction points:22
  TP     FP     TN     FN
    19     2     1     0

Precision / Recall
    0.9048    1.0000


Completed iteration:16
Prediction points:43
  TP     FP     TN     FN
    30    11     2     0

Precision / Recall
    0.7317    1.0000


Completed iteration:17
Prediction points:36
  TP     FP     TN     FN
    17     9     5     5

Precision / Recall
    0.6538    0.7727


Completed iteration:18
Prediction points:39
  TP     FP     TN     FN
    28     9     0     2

Precision / Recall
    0.7568    0.9333


Completed iteration:19
Prediction points:38
  TP     FP     TN     FN
     2     0     9    27

Precision / Recall
    1.0000    0.0690


Completed iteration:20
Prediction points:31
  TP     FP     TN     FN
     3     3     8    17

Precision / Recall
    0.5000    0.1500


Completed iteration:21
Prediction points:42
  TP     FP     TN     FN
    25    12     1     4

Precision / Recall
    0.6757    0.8621


Completed iteration:22
Prediction points:50
  TP     FP     TN     FN
    25    18     3     4

Precision / Recall
    0.5814    0.8621


Completed iteration:23
Prediction points:33
  TP     FP     TN     FN
     3     0     9    21

Precision / Recall
    1.0000    0.1250


Completed iteration:24
Prediction points:52
  TP     FP     TN     FN
    30     7     5    10

Precision / Recall
    0.8108    0.7500


Completed iteration:25
Prediction points:18
  TP     FP     TN     FN
     1     0     5    12

Precision / Recall
    1.0000    0.0769


Completed iteration:26
Prediction points:43
  TP     FP     TN     FN
    29     8     3     3

Precision / Recall
    0.7838    0.9063


Completed iteration:27
Prediction points:55
  TP     FP     TN     FN
    10     2    14    29

Precision / Recall
    0.8333    0.2564


Completed iteration:28
Prediction points:35
  TP     FP     TN     FN
    24     5     3     3

Precision / Recall
    0.8276    0.8889


Completed iteration:29
Prediction points:26
  TP     FP     TN     FN
     7     3     4    12

Precision / Recall
    0.7000    0.3684


Completed iteration:30
Prediction points:33
  TP     FP     TN     FN
    22     7     2     2

Precision / Recall
    0.7586    0.9167

Overall results (hybrid)
Confidence threshold=0.9
Filtered datapoints
AUC ave err std
    0.5441

    0.0813

    0.0813

Precision / Recall macro
    0.7582    0.7047

Precision / Recall micro
    0.7366    0.7095


Completed iteration:1
Prediction points:53
  TP     FP     TN     FN
     9     6     4    34

Precision / Recall
    0.6000    0.2093


Completed iteration:2
Prediction points:27
  TP     FP     TN     FN
     6     3     1    17

Precision / Recall
    0.6667    0.2609


Completed iteration:3
Prediction points:44
  TP     FP     TN     FN
    30    12     2     0

Precision / Recall
    0.7143    1.0000


Completed iteration:4
Prediction points:19
  TP     FP     TN     FN
     8     1     1     9

Precision / Recall
    0.8889    0.4706


Completed iteration:5
Prediction points:16
  TP     FP     TN     FN
     2     2     4     8

Precision / Recall
    0.5000    0.2000


Completed iteration:6
Prediction points:31
  TP     FP     TN     FN
    23     5     1     2

Precision / Recall
    0.8214    0.9200


Completed iteration:7
Prediction points:23
  TP     FP     TN     FN
    16     2     2     3

Precision / Recall
    0.8889    0.8421


Completed iteration:8
Prediction points:20
  TP     FP     TN     FN
     7     5     3     5

Precision / Recall
    0.5833    0.5833


Completed iteration:9
Prediction points:38
  TP     FP     TN     FN
    21    10     5     2

Precision / Recall
    0.6774    0.9130


Completed iteration:10
Prediction points:23
  TP     FP     TN     FN
     7     0     3    13

Precision / Recall
    1.0000    0.3500


Completed iteration:11
Prediction points:17
  TP     FP     TN     FN
     4     4     4     5

Precision / Recall
    0.5000    0.4444


Completed iteration:12
Prediction points:27
  TP     FP     TN     FN
    20     6     1     0

Precision / Recall
    0.7692    1.0000


Completed iteration:13
Prediction points:42
  TP     FP     TN     FN
    24    13     4     1

Precision / Recall
    0.6486    0.9600


Completed iteration:14
Prediction points:22
  TP     FP     TN     FN
     7     2     2    11

Precision / Recall
    0.7778    0.3889


Completed iteration:15
Prediction points:23
  TP     FP     TN     FN
    19     3     0     1

Precision / Recall
    0.8636    0.9500


Completed iteration:16
Prediction points:22
  TP     FP     TN     FN
    14     6     1     1

Precision / Recall
    0.7000    0.9333


Completed iteration:17
Prediction points:20
  TP     FP     TN     FN
    15     3     2     0

Precision / Recall
    0.8333    1.0000


Completed iteration:18
Prediction points:34
  TP     FP     TN     FN
    18    13     2     1

Precision / Recall
    0.5806    0.9474


Completed iteration:19
Prediction points:35
  TP     FP     TN     FN
    17    12     3     3

Precision / Recall
    0.5862    0.8500


Completed iteration:20
Prediction points:28
  TP     FP     TN     FN
    17     8     3     0

Precision / Recall
    0.6800    1.0000


Completed iteration:21
Prediction points:41
  TP     FP     TN     FN
    24    12     4     1

Precision / Recall
    0.6667    0.9600


Completed iteration:22
Prediction points:17
  TP     FP     TN     FN
     6     3     3     5

Precision / Recall
    0.6667    0.5455


Completed iteration:23
Prediction points:38
  TP     FP     TN     FN
     0     6    11    21

Precision / Recall
     0     0


Completed iteration:24
Prediction points:35
  TP     FP     TN     FN
    25     8     2     0

Precision / Recall
    0.7576    1.0000


Completed iteration:25
Prediction points:31
  TP     FP     TN     FN
    18     6     5     2

Precision / Recall
    0.7500    0.9000


Completed iteration:26
Prediction points:34
  TP     FP     TN     FN
    15    10     4     5

Precision / Recall
    0.6000    0.7500


Completed iteration:27
Prediction points:20
  TP     FP     TN     FN
     8     3     4     5

Precision / Recall
    0.7273    0.6154


Completed iteration:28
Prediction points:21
  TP     FP     TN     FN
    12     2     1     6

Precision / Recall
    0.8571    0.6667


Completed iteration:29
Prediction points:47
  TP     FP     TN     FN
     3     7     9    28

Precision / Recall
    0.3000    0.0968


Completed iteration:30
Prediction points:31
  TP     FP     TN     FN
    12     5     2    12

Precision / Recall
    0.7059    0.5000

Overall results (hybrid)
Confidence threshold=1
Filtered datapoints
AUC ave err std
    0.5202

    0.1157

    0.1157

Precision / Recall macro
    0.6771    0.6753

Precision / Recall micro
    0.6957    0.6694

    TPR       FPR       TNR       FNR       cutoff
computation time (s)
  400.6710

