Completed iteration:1
Prediction points:218
  TP     FP     TN     FN
   159    45     7     7

Precision / Recall
    0.7794    0.9578

Passing bin stats (TPR/FPR/TNR/FNR)
    83    30     0     0
    29     9     0     0
    17     8     0     0
    10     3     0     0
     9     1     0     0
     4     1     0     0
     3     3     0     0
     2     0     0     3
     2     1     0     0


if system_dependent('IsDebugMode')==1, dbcont; end
Completed iteration:2
Prediction points:217
  TP     FP     TN     FN
   151    54     9     3

Precision / Recall
    0.7366    0.9805

Passing bin stats (TPR/FPR/TNR/FNR)
    80    24     0     0
    28     6     0     0
    20     9     0     0
    11     2     0     0
    10     4     0     0
     7     1     0     0
     6     2     0     0
     3     0     0     0
     2     2     0     0


Completed iteration:3
Prediction points:213
  TP     FP     TN     FN
   146    48    13     6

Precision / Recall
    0.7526    0.9605

Passing bin stats (TPR/FPR/TNR/FNR)
    86    33     0     0
    23     4     0     0
    21     7     0     0
    14     2     0     0
     8     5     0     0
     5     1     0     0
     3     1     0     0


Completed iteration:4
Prediction points:203
  TP     FP     TN     FN
   135    50    10     8

Precision / Recall
    0.7297    0.9441

Passing bin stats (TPR/FPR/TNR/FNR)
    83    25     0     0
    23     4     0     0
    17    11     0     0
     9     5     0     0
     7     1     0     0
     6     2     0     0
     4     3     0     0
     3     0     0     0


Completed iteration:5
Prediction points:222
  TP     FP     TN     FN
   146    65     8     3

Precision / Recall
    0.6919    0.9799

Passing bin stats (TPR/FPR/TNR/FNR)
    84    24     0     0
    29     8     0     0
    17     7     0     0
     9     3     0     0
     7     4     0     0
     6     0     0     0
     4     4     0     0
     4     0     0     0
     3     1     0     0
     3     2     0     0
     2     1     0     0


Completed iteration:6
Prediction points:202
  TP     FP     TN     FN
   131    44    14    13

Precision / Recall
    0.7486    0.9097

Passing bin stats (TPR/FPR/TNR/FNR)
    62    25     5    14
    22     6     0     0
    18     6     0     0
    11     3     0     0
     7     3     0     0
     5     2     0     0
     5     0     0     0
     3     1     0     0
     2     2     0     0


Completed iteration:7
Prediction points:209
  TP     FP     TN     FN
   142    44    16     7

Precision / Recall
    0.7634    0.9530

Passing bin stats (TPR/FPR/TNR/FNR)
    89    29     0     0
    20    10     0     0
    18     8     0     0
    10     1     0     0
     7     3     0     0
     3     1     0     0
     3     1     0     0
     2     1     0     0
     1     0     1     1


Completed iteration:8
Prediction points:200
  TP     FP     TN     FN
   137    39    15     9

Precision / Recall
    0.7784    0.9384

Passing bin stats (TPR/FPR/TNR/FNR)
    35     9    18    49
    19     3     0     0
    17     5     0     0
    12     2     0     0
     8     1     0     0
     6     1     0     0
     5     0     0     0
     3     0     0     0
     2     1     0     0
     1     0     2     1


Completed iteration:9
Prediction points:217
  TP     FP     TN     FN
   144    63     8     2

Precision / Recall
    0.6957    0.9863

Passing bin stats (TPR/FPR/TNR/FNR)
    84    31     0     0
    27     6     0     0
    22     7     0     0
     8     2     0     0
     7     3     0     0
     3     2     0     0
     3     1     0     0
     2     2     0     0
     2     2     0     0
     2     1     0     0


Completed iteration:10
Prediction points:208
  TP     FP     TN     FN
   138    54    10     6

Precision / Recall
    0.7188    0.9583

Passing bin stats (TPR/FPR/TNR/FNR)
    75    32     0     0
    29     7     0     0
    20    11     0     0
    10     3     0     0
     6     0     0     0
     4     1     0     0
     4     0     0     0
     3     0     0     0
     2     1     0     0


Completed iteration:11
Prediction points:221
  TP     FP     TN     FN
   146    59    12     4

Precision / Recall
    0.7122    0.9733

Passing bin stats (TPR/FPR/TNR/FNR)
    84    28     0     0
    29     8     0     0
    19     8     0     0
    12     6     0     0
     7     1     0     0
     5     1     0     0
     4     2     0     0
     4     0     0     0
     2     1     0     0


Completed iteration:12
Prediction points:218
  TP     FP     TN     FN
   118    45    19    36

Precision / Recall
    0.7239    0.7662

Passing bin stats (TPR/FPR/TNR/FNR)
    53    20     7    32
    25     6     0     0
    19    10     0     0
     8     5     0     0
     7     7     0     0
     3     0     0     0
     3     2     0     0
     2     1     0     0
     1     0     0     3
     1     1     1     1


Completed iteration:13
Prediction points:212
  TP     FP     TN     FN
   140    53    13     6

Precision / Recall
    0.7254    0.9589

Passing bin stats (TPR/FPR/TNR/FNR)
    85    28     0     0
    18     8     0     0
    17     1     0     0
    16    10     0     0
     6     3     0     0
     4     2     0     0
     4     2     0     0
     3     2     0     0
     3     0     0     0


Completed iteration:14
Prediction points:208
  TP     FP     TN     FN
   140    50    11     7

Precision / Recall
    0.7368    0.9524

Passing bin stats (TPR/FPR/TNR/FNR)
    92    25     0     0
    21     6     0     0
    21     8     0     0
    11     1     0     0
     7     3     0     0
     6     0     0     0
     2     1     0     0
     1     1     2     0


Completed iteration:15
Prediction points:215
  TP     FP     TN     FN
   155    47    11     2

Precision / Recall
    0.7673    0.9873

Passing bin stats (TPR/FPR/TNR/FNR)
    86    31     0     0
    20     6     0     0
    19     6     0     0
    10     2     0     0
     9     3     0     0
     8     1     0     0
     3     3     0     0
     3     2     0     0
     2     1     0     0


Completed iteration:16
Prediction points:219
  TP     FP     TN     FN
   132    52    11    24

Precision / Recall
    0.7174    0.8462

Passing bin stats (TPR/FPR/TNR/FNR)
    53    24     7    24
    33     8     0     0
    16     6     0     0
    11     3     0     0
     8     2     0     0
     6     0     0     0
     3     1     0     0
     3     1     0     0
     3     0     0     0
     2     1     0     0
     2     2     0     0


Completed iteration:17
Prediction points:212
  TP     FP     TN     FN
   141    57    10     4

Precision / Recall
    0.7121    0.9724

Passing bin stats (TPR/FPR/TNR/FNR)
    89    25     0     0
    21     7     0     0
    21    13     0     0
     8     4     0     0
     5     4     0     0
     5     1     0     0
     3     0     0     0
     3     0     0     0
     1     1     1     0


Completed iteration:18
Prediction points:89
  TP     FP     TN     FN
    52    17     7    13

Precision / Recall
    0.7536    0.8000

Passing bin stats (TPR/FPR/TNR/FNR)
    20     9     0     0
    20     9     0     0
    12     3     0     0
    10     1     0     1
     1     1     0     2


Completed iteration:19
Prediction points:215
  TP     FP     TN     FN
   149    55     7     4

Precision / Recall
    0.7304    0.9739

Passing bin stats (TPR/FPR/TNR/FNR)
    82    31     0     0
    29     9     0     0
    17     5     0     0
    10     2     0     0
     6     2     0     0
     4     2     0     0
     4     0     0     0
     3     1     0     0
     3     1     0     0
     2     2     0     0


Completed iteration:20
Prediction points:202
  TP     FP     TN     FN
   139    48     9     6

Precision / Recall
    0.7433    0.9586

Passing bin stats (TPR/FPR/TNR/FNR)
    80    28     0     0
    28     6     0     0
    22     6     0     0
     6     2     0     0
     6     3     0     0
     5     1     0     0
     4     0     0     0
     4     1     0     0


Completed iteration:21
Prediction points:211
  TP     FP     TN     FN
   141    55    11     4

Precision / Recall
    0.7194    0.9724

Passing bin stats (TPR/FPR/TNR/FNR)
    90    23     0     0
    23    10     0     0
    16     6     0     0
     7     3     0     0
     7     4     0     0
     6     2     0     0
     4     3     0     0
     4     0     0     0
     2     1     0     0


Completed iteration:22
Prediction points:210
  TP     FP     TN     FN
   139    56     9     6

Precision / Recall
    0.7128    0.9586

Passing bin stats (TPR/FPR/TNR/FNR)
    77    29     0     0
    28     9     0     0
    26     6     0     0
    10     2     0     0
     6     4     0     0
     4     2     0     0
     4     0     0     0
     3     0     0     0


Completed iteration:23
Prediction points:211
  TP     FP     TN     FN
   141    56     8     6

Precision / Recall
    0.7157    0.9592

Passing bin stats (TPR/FPR/TNR/FNR)
    86    37     0     0
    23     6     0     0
    18     8     0     0
     9     0     0     0
     6     2     0     0
     5     0     0     0
     4     1     0     0
     3     0     0     0
     3     0     0     0


Completed iteration:24
Prediction points:216
  TP     FP     TN     FN
   135    43    15    23

Precision / Recall
    0.7584    0.8544

Passing bin stats (TPR/FPR/TNR/FNR)
    77    21     5     6
    24     5     0     0
    19     4     0     0
     9     5     0     0
     8     4     0     0
     5     2     0     0
     3     2     0     0
     3     0     0     0
     3     1     0     0
     2     1     0     0
     2     2     0     0
     2     0     1     0


Completed iteration:25
Prediction points:218
  TP     FP     TN     FN
   125    52    11    30

Precision / Recall
    0.7062    0.8065

Passing bin stats (TPR/FPR/TNR/FNR)
    69    17     7    18
    24     9     0     0
    16     8     0     0
    10     2     0     0
     8     4     0     0
     5     1     0     0
     4     1     0     0
     4     3     0     0
     4     0     0     0
     3     1     0     0


Completed iteration:26
Prediction points:214
  TP     FP     TN     FN
   138    57    14     5

Precision / Recall
    0.7077    0.9650

Passing bin stats (TPR/FPR/TNR/FNR)
    88    25     0     0
    23     2     0     0
    17    11     0     0
    10     4     0     0
     7     2     0     0
     6     2     0     0
     3     3     0     0
     2     1     0     0
     2     1     1     4


Completed iteration:27
Prediction points:216
  TP     FP     TN     FN
   147    54    10     5

Precision / Recall
    0.7313    0.9671

Passing bin stats (TPR/FPR/TNR/FNR)
    89    32     0     0
    25    10     0     0
    20     7     0     0
    11     3     0     0
     5     0     0     0
     4     0     0     0
     3     1     0     0
     3     0     0     0
     2     1     0     0


Completed iteration:28
Prediction points:205
  TP     FP     TN     FN
   126    57    13     9

Precision / Recall
    0.6885    0.9333

Passing bin stats (TPR/FPR/TNR/FNR)
    88    32     0     0
    21     9     0     0
    17     4     0     0
     6     4     0     0
     6     1     0     0
     6     0     0     0
     3     2     0     0
     3     0     0     0
     3     0     0     0


Completed iteration:29
Prediction points:212
  TP     FP     TN     FN
   140    59     8     5

Precision / Recall
    0.7035    0.9655

Passing bin stats (TPR/FPR/TNR/FNR)
    76    33     0     0
    24     8     0     0
    19     4     0     0
     9     0     0     0
     8     4     0     0
     8     2     0     0
     4     0     0     0
     3     2     0     0
     3     2     0     0
     3     0     0     0


Completed iteration:30
Prediction points:206
  TP     FP     TN     FN
   145    43    12     6

Precision / Recall
    0.7713    0.9603

Passing bin stats (TPR/FPR/TNR/FNR)
    83    27     0     0
    26     9     0     0
    17     7     0     0
    10     2     0     0
     8     1     0     0
     4     2     0     0
     3     0     0     0
     2     2     0     0
     2     1     0     0

Average number of confident bins (out of 100): 9.100000
Overall results (hybrid)
Confidence threshold=0.5
Filtered datapoints
AUC ave err std
    0.5597

    0.0252

    0.0252

Precision / Recall macro
    0.7311    0.9367

Precision / Recall micro
    0.7303    0.9387


Completed iteration:1
Prediction points:194
  TP     FP     TN     FN
   131    47    15     1

Precision / Recall
    0.7360    0.9924

Passing bin stats (TPR/FPR/TNR/FNR)
    79    27     0     0
    26     6     0     0
    20     7     0     0
     8     5     0     0
     4     1     0     0
     3     1     0     0
     3     1     0     0
     2     1     0     0


Completed iteration:2
Prediction points:223
  TP     FP     TN     FN
   148    63    11     1

Precision / Recall
    0.7014    0.9933

Passing bin stats (TPR/FPR/TNR/FNR)
    76    33     0     0
    28     9     0     0
    18     6     0     0
    10     3     0     0
     7     0     0     0
     6     0     0     0
     4     0     0     0
     4     2     0     0
     4     1     0     0
     3     1     0     0
     3     0     0     0
     3     2     0     0


Completed iteration:3
Prediction points:198
  TP     FP     TN     FN
   128    53    12     5

Precision / Recall
    0.7072    0.9624

Passing bin stats (TPR/FPR/TNR/FNR)
    84    22     0     0
    24     7     0     0
    22    12     0     0
     7     4     0     0
     5     2     0     0
     3     0     0     0
     2     1     0     0
     2     1     0     0


Completed iteration:4
Prediction points:207
  TP     FP     TN     FN
   138    55     8     6

Precision / Recall
    0.7150    0.9583

Passing bin stats (TPR/FPR/TNR/FNR)
    77    28     0     0
    21     7     0     0
    18    12     0     0
    13     1     0     0
     5     2     0     0
     5     1     0     0
     4     2     0     0
     3     0     0     1
     2     1     0     0
     2     1     0     1


Completed iteration:5
Prediction points:201
  TP     FP     TN     FN
   139    50     8     4

Precision / Recall
    0.7354    0.9720

Passing bin stats (TPR/FPR/TNR/FNR)
    79    27     0     0
    23    10     0     0
    20     7     0     0
     9     1     0     0
     7     3     0     0
     5     1     0     0
     4     0     0     0
     3     2     0     0


Completed iteration:6
Prediction points:221
  TP     FP     TN     FN
   150    55    12     4

Precision / Recall
    0.7317    0.9740

Passing bin stats (TPR/FPR/TNR/FNR)
    84    32     0     0
    27     3     0     0
    23     8     0     0
     7     2     0     0
     6     1     0     0
     6     2     0     0
     5     1     0     0
     4     0     0     0
     3     0     0     0
     3     1     0     0
     2     1     0     0


Completed iteration:7
Prediction points:213
  TP     FP     TN     FN
   142    52    14     5

Precision / Recall
    0.7320    0.9660

Passing bin stats (TPR/FPR/TNR/FNR)
    92    28     0     0
    20    10     0     0
    18     9     0     0
     7     1     0     0
     6     3     0     0
     4     2     0     0
     4     0     0     0
     3     0     0     0
     2     1     0     0
     2     1     0     0


Completed iteration:8
Prediction points:216
  TP     FP     TN     FN
   146    56    11     3

Precision / Recall
    0.7228    0.9799

Passing bin stats (TPR/FPR/TNR/FNR)
    86    27     0     0
    26    10     0     0
    18    11     0     0
    10     1     0     0
     7     2     0     0
     4     1     0     0
     3     1     0     0
     3     0     0     0
     2     1     0     0
     2     1     0     0


Completed iteration:9
Prediction points:193
  TP     FP     TN     FN
   125    57     8     3

Precision / Recall
    0.6868    0.9766

Passing bin stats (TPR/FPR/TNR/FNR)
    92    25     0     0
    30     9     0     0
    12     1     0     0
     6     2     0     0
     3     1     1     0
     3     2     0     0
     3     0     0     0
     3     0     0     0


Completed iteration:10
Prediction points:210
  TP     FP     TN     FN
   140    56    10     4

Precision / Recall
    0.7143    0.9722

Passing bin stats (TPR/FPR/TNR/FNR)
    84    28     0     0
    25     7     0     0
    19     6     0     0
    11     2     0     0
     7     1     0     0
     5     3     0     0
     4     1     0     0
     3     1     0     0
     2     1     0     0


Completed iteration:11
Prediction points:211
  TP     FP     TN     FN
   104    55    13    39

Precision / Recall
    0.6541    0.7273

Passing bin stats (TPR/FPR/TNR/FNR)
    78    27     0     0
    22     7     0     0
    22     7     0     0
    10     1     0     0
     5     1     0     0
     5     3     0     0
     5     3     0     0
     3     2     0     0
     3     0     1     3
     3     0     0     0


Completed iteration:12
Prediction points:221
  TP     FP     TN     FN
   139    55    19     8

Precision / Recall
    0.7165    0.9456

Passing bin stats (TPR/FPR/TNR/FNR)
    89    28     0     0
    21     8     0     0
    19     6     0     0
    11     4     0     0
     5     3     0     0
     4     1     0     0
     3     2     0     0
     3     0     0     0
     2     0     1     5
     2     1     0     0
     2     1     0     0


Completed iteration:13
Prediction points:224
  TP     FP     TN     FN
   148    61    12     3

Precision / Recall
    0.7081    0.9801

Passing bin stats (TPR/FPR/TNR/FNR)
    85    34     0     0
    28     4     0     0
    20    11     0     0
     9     1     0     0
     6     2     0     0
     5     1     0     0
     3     0     0     0
     3     1     0     0
     3     1     0     0
     2     1     1     3


Completed iteration:14
Prediction points:206
  TP     FP     TN     FN
   145    50    10     1

Precision / Recall
    0.7436    0.9932

Passing bin stats (TPR/FPR/TNR/FNR)
    78    28     0     0
    23     9     0     0
    19    11     0     0
    10     4     0     0
     7     1     0     0
     5     1     0     0
     3     0     0     1
     3     0     0     0
     2     1     0     0


Completed iteration:15
Prediction points:213
  TP     FP     TN     FN
   133    62    10     8

Precision / Recall
    0.6821    0.9433

Passing bin stats (TPR/FPR/TNR/FNR)
    87    32     1     1
    21     8     0     0
    20     8     0     0
     9     2     0     0
     9     3     0     0
     4     0     0     0
     3     2     0     0
     3     0     0     0


Completed iteration:16
Prediction points:209
  TP     FP     TN     FN
   149    52     8     0

Precision / Recall
    0.7413    1.0000

Passing bin stats (TPR/FPR/TNR/FNR)
    93    35     0     0
    23     8     0     0
    16     4     0     0
     9     4     0     0
     5     0     0     0
     4     1     0     0
     3     1     0     0
     2     1     0     0


Completed iteration:17
Prediction points:209
  TP     FP     TN     FN
   134    59     7     9

Precision / Recall
    0.6943    0.9371

Passing bin stats (TPR/FPR/TNR/FNR)
    90    35     0     0
    20     7     0     0
    19     8     0     0
    10     1     0     0
     5     3     0     0
     3     0     0     1
     3     1     0     0
     2     1     0     0


Completed iteration:18
Prediction points:185
  TP     FP     TN     FN
   128    47     8     2

Precision / Recall
    0.7314    0.9846

Passing bin stats (TPR/FPR/TNR/FNR)
    80    24     0     6
    21    12     0     0
    19     4     0     0
     5     2     0     0
     4     1     0     0
     3     1     0     0
     3     0     0     0


Completed iteration:19
Prediction points:217
  TP     FP     TN     FN
   142    56    14     5

Precision / Recall
    0.7172    0.9660

Passing bin stats (TPR/FPR/TNR/FNR)
    82    36     0     0
    26     4     0     0
    25     8     0     0
     6     1     0     0
     5     3     0     0
     5     0     0     0
     4     2     0     0
     3     0     0     0
     3     1     0     0
     2     1     0     0


Completed iteration:20
Prediction points:175
  TP     FP     TN     FN
   116    43    14     2

Precision / Recall
    0.7296    0.9831

Passing bin stats (TPR/FPR/TNR/FNR)
    81    26     0     0
    20     8     0     0
    13     1     0     0
     5     0     0     0
     4     1     0     0
     4     0     0     0
     3     0     0     0
     3     0     0     0
     2     1     0     3


Completed iteration:21
Prediction points:212
  TP     FP     TN     FN
   141    59     8     4

Precision / Recall
    0.7050    0.9724

Passing bin stats (TPR/FPR/TNR/FNR)
    86    31     0     0
    25     4     0     0
    17     3     0     0
    10     1     0     0
     6     3     0     0
     4     2     0     0
     4     2     0     0
     3     1     0     2
     3     1     0     0
     3     1     0     0


Completed iteration:22
Prediction points:218
  TP     FP     TN     FN
   148    57    10     3

Precision / Recall
    0.7220    0.9801

Passing bin stats (TPR/FPR/TNR/FNR)
    89    32     0     0
    19     9     0     0
    18     8     0     0
    11     3     0     0
     6     2     0     1
     6     2     0     0
     5     1     0     0
     3     0     0     0
     2     1     0     0


Completed iteration:23
Prediction points:204
  TP     FP     TN     FN
   141    50     9     4

Precision / Recall
    0.7382    0.9724

Passing bin stats (TPR/FPR/TNR/FNR)
    86    25     0     0
    20     8     0     0
    17     9     0     0
     7     3     0     0
     6     2     0     0
     5     1     0     0
     3     0     0     0
     3     2     0     0
     3     1     0     0
     2     1     0     0


Completed iteration:24
Prediction points:202
  TP     FP     TN     FN
   135    50    10     7

Precision / Recall
    0.7297    0.9507

Passing bin stats (TPR/FPR/TNR/FNR)
    55    21     9    21
    24     8     0     0
    22     5     0     0
    11     1     0     0
     6     2     0     0
     5     0     0     0
     5     0     0     0
     4     0     0     0
     2     1     0     0


Completed iteration:25
Prediction points:212
  TP     FP     TN     FN
   144    56    11     1

Precision / Recall
    0.7200    0.9931

Passing bin stats (TPR/FPR/TNR/FNR)
    81    28     0     0
    26     7     0     0
    21     5     0     0
    10     3     0     0
     5     3     0     0
     5     0     0     0
     4     1     0     0
     3     1     0     0
     2     1     0     0
     2     1     0     0
     1     0     0     2


Completed iteration:26
Prediction points:210
  TP     FP     TN     FN
   146    49     9     6

Precision / Recall
    0.7487    0.9605

Passing bin stats (TPR/FPR/TNR/FNR)
    84    28     0     0
    24    10     0     0
    22     9     0     0
     9     1     0     0
     5     3     0     0
     4     0     0     0
     2     0     2     1
     2     1     0     0
     2     1     0     0


Completed iteration:27
Prediction points:196
  TP     FP     TN     FN
   127    52    13     4

Precision / Recall
    0.7095    0.9695

Passing bin stats (TPR/FPR/TNR/FNR)
    80    30     0     0
    27     6     0     0
    24     8     0     0
    11     3     0     0
     3     1     0     0
     2     1     0     0


Completed iteration:28
Prediction points:208
  TP     FP     TN     FN
   137    52    17     2

Precision / Recall
    0.7249    0.9856

Passing bin stats (TPR/FPR/TNR/FNR)
    70    31     0     0
    28     6     0     0
    26     8     0     0
    11     3     0     0
     6     0     0     0
     5     3     0     0
     5     2     0     0
     4     0     0     0


Completed iteration:29
Prediction points:192
  TP     FP     TN     FN
   125    50    10     7

Precision / Recall
    0.7143    0.9470

Passing bin stats (TPR/FPR/TNR/FNR)
    84    31     0     0
    21    11     0     0
    12     3     0     0
     6     1     0     0
     4     0     0     0
     3     1     0     0
     3     0     0     0
     3     0     0     0
     2     0     0     4
     2     1     0     0


Completed iteration:30
Prediction points:220
  TP     FP     TN     FN
   161    53     5     1

Precision / Recall
    0.7523    0.9938

Passing bin stats (TPR/FPR/TNR/FNR)
    76    29     1     3
    26     5     0     0
    22     7     0     0
    12     0     0     0
     9     4     0     0
     4     1     0     0
     3     2     0     1
     3     1     0     0
     3     2     0     0
     3     0     0     0
     3     0     0     0

Average number of confident bins (out of 100): 9.233333
Overall results (hybrid)
Confidence threshold=0.6
Filtered datapoints
AUC ave err std
    0.5660

    0.0304

    0.0304

Precision / Recall macro
    0.7188    0.9644

Precision / Recall micro
    0.7193    0.9645


Completed iteration:1
Prediction points:190
  TP     FP     TN     FN
   123    47    12     8

Precision / Recall
    0.7235    0.9389

Passing bin stats (TPR/FPR/TNR/FNR)
    25    10     0     0
    18     7    18    58
    17     5     0     0
     7     1     1     0
     7     0     0     0
     4     1     0     0
     3     0     0     0
     2     0     2     1
     2     0     1     0


Completed iteration:2
Prediction points:184
  TP     FP     TN     FN
   124    51     7     2

Precision / Recall
    0.7086    0.9841

Passing bin stats (TPR/FPR/TNR/FNR)
    80    31     0     0
    26     8     0     0
     8     3     0     0
     5     2     0     0
     4     1     0     0
     4     1     0     0
     4     0     0     0
     4     0     0     0
     3     0     0     0


Completed iteration:3
Prediction points:163
  TP     FP     TN     FN
    71    29    18    45

Precision / Recall
    0.7100    0.6121

Passing bin stats (TPR/FPR/TNR/FNR)
    31     8    24    50
    23     8     0     0
    11     1     0     0
     3     1     0     0
     3     0     0     0


Completed iteration:4
Prediction points:197
  TP     FP     TN     FN
   127    53    13     4

Precision / Recall
    0.7056    0.9695

Passing bin stats (TPR/FPR/TNR/FNR)
    85    29     0     0
    27     5     0     0
    24     9     0     0
     7     1     0     0
     5     2     0     0
     3     0     0     0


Completed iteration:5
Prediction points:165
  TP     FP     TN     FN
   109    41    10     5

Precision / Recall
    0.7267    0.9561

Passing bin stats (TPR/FPR/TNR/FNR)
    83    29     0     0
    21     8     0     0
     6     1     0     0
     5     0     0     0
     4     0     0     1
     4     0     0     0
     3     0     0     0


Completed iteration:6
Prediction points:161
  TP     FP     TN     FN
   104    48     6     3

Precision / Recall
    0.6842    0.9720

Passing bin stats (TPR/FPR/TNR/FNR)
    75    27     0     0
    22     7     0     0
     8     3     0     0
     5     1     0     3
     5     0     0     0
     4     1     0     0


Completed iteration:7
Prediction points:177
  TP     FP     TN     FN
   115    45    13     4

Precision / Recall
    0.7188    0.9664

Passing bin stats (TPR/FPR/TNR/FNR)
    80    21     0     0
    22     7     0     0
    15     5     0     0
    10     4     0     0
     6     1     1     0
     5     0     0     0


Completed iteration:8
Prediction points:95
  TP     FP     TN     FN
    54    34     6     1

Precision / Recall
    0.6136    0.9818

Passing bin stats (TPR/FPR/TNR/FNR)
    27     4     0     0
    24     3     0     0
     9     3     0     0
     7     2     0     0
     6     2     0     0
     4     0     0     0
     3     1     0     0


Completed iteration:9
Prediction points:161
  TP     FP     TN     FN
   114    29    14     4

Precision / Recall
    0.7972    0.9661

Passing bin stats (TPR/FPR/TNR/FNR)
    81    28     0     0
    25     5     0     0
    11     2     0     0
     5     1     0     0
     3     0     0     0


Completed iteration:10
Prediction points:190
  TP     FP     TN     FN
   117    55    15     3

Precision / Recall
    0.6802    0.9750

Passing bin stats (TPR/FPR/TNR/FNR)
    71    26     0     0
    28     6     0     0
    27    11     0     0
     8     2     0     0
     7     0     0     0
     3     0     1     0


Completed iteration:11
Prediction points:63
  TP     FP     TN     FN
    49     9     3     2

Precision / Recall
    0.8448    0.9608

Passing bin stats (TPR/FPR/TNR/FNR)
    20     8     0     0
    20     5     0     0
     6     0     0     0
     4     0     0     0


Completed iteration:12
Prediction points:175
  TP     FP     TN     FN
   123    39    10     3

Precision / Recall
    0.7593    0.9762

Passing bin stats (TPR/FPR/TNR/FNR)
    84    26     0     0
    27     7     0     0
    10     2     0     0
     7     3     0     0
     4     1     0     0
     3     1     0     0


Completed iteration:13
Prediction points:193
  TP     FP     TN     FN
   126    53    10     4

Precision / Recall
    0.7039    0.9692

Passing bin stats (TPR/FPR/TNR/FNR)
    80    28     0     0
    23     4     0     0
    20     8     0     0
     7     3     0     0
     7     2     0     0
     6     2     0     0
     3     0     0     0


Completed iteration:14
Prediction points:204
  TP     FP     TN     FN
   128    57     9    10

Precision / Recall
    0.6919    0.9275

Passing bin stats (TPR/FPR/TNR/FNR)
    78    31     1     1
    22     6     0     0
    21     7     0     0
    11     3     0     0
     6     1     0     0
     4     1     0     0
     4     1     0     0
     3     0     0     0
     3     0     0     0


Completed iteration:15
Prediction points:182
  TP     FP     TN     FN
   128    39    13     2

Precision / Recall
    0.7665    0.9846

Passing bin stats (TPR/FPR/TNR/FNR)
    88    30     0     0
    20     8     0     0
    13     3     0     0
     8     2     0     0
     3     0     0     0
     3     0     0     0
     1     0     1     2


Completed iteration:16
Prediction points:203
  TP     FP     TN     FN
   141    46    11     5

Precision / Recall
    0.7540    0.9658

Passing bin stats (TPR/FPR/TNR/FNR)
    90    31     0     0
    21     5     0     0
    16     5     0     0
    13     5     0     0
     5     2     0     0
     4     0     0     0
     3     0     0     0
     1     0     0     2


Completed iteration:17
Prediction points:194
  TP     FP     TN     FN
   120    64     5     5

Precision / Recall
    0.6522    0.9600

Passing bin stats (TPR/FPR/TNR/FNR)
    76    26     0     0
    28     9     0     0
    18     4     0     0
     9     3     0     0
     6     2     0     0
     5     0     0     0
     3     1     0     0
     3     1     0     0


Completed iteration:18
Prediction points:159
  TP     FP     TN     FN
   108    40     6     5

Precision / Recall
    0.7297    0.9558

Passing bin stats (TPR/FPR/TNR/FNR)
    89    21     0     0
    24     6     0     0
     6     1     0     0
     3     1     0     0
     3     0     0     0
     1     0     1     3


Completed iteration:19
Prediction points:197
  TP     FP     TN     FN
   136    50     7     4

Precision / Recall
    0.7312    0.9714

Passing bin stats (TPR/FPR/TNR/FNR)
    74    23     1    11
    22     8     0     0
    22     8     0     0
     8     2     0     0
     5     2     0     0
     4     1     0     0
     3     0     0     0
     3     0     0     0


Completed iteration:20
Prediction points:189
  TP     FP     TN     FN
   125    48    12     4

Precision / Recall
    0.7225    0.9690

Passing bin stats (TPR/FPR/TNR/FNR)
    91    31     0     0
    23     4     0     0
    10     1     0     0
     9     3     0     0
     3     1     0     0
     3     1     0     0
     3     1     1     1
     3     0     0     0


Completed iteration:21
Prediction points:191
  TP     FP     TN     FN
   125    56     6     4

Precision / Recall
    0.6906    0.9690

Passing bin stats (TPR/FPR/TNR/FNR)
    89    29     0     0
    22     5     0     0
    22     7     0     0
     4     1     0     0
     4     1     0     0
     4     0     0     0
     3     0     0     0


Completed iteration:22
Prediction points:167
  TP     FP     TN     FN
   108    38    14     7

Precision / Recall
    0.7397    0.9391

Passing bin stats (TPR/FPR/TNR/FNR)
    85    30     0     0
    21     7     0     0
     7     0     0     0
     5     0     0     0
     3     0     0     0
     3     1     0     0
     1     0     0     4


Completed iteration:23
Prediction points:175
  TP     FP     TN     FN
   115    44    10     6

Precision / Recall
    0.7233    0.9504

Passing bin stats (TPR/FPR/TNR/FNR)
    79    30     0     0
    22     6     0     0
    10     1     0     0
     5     1     0     2
     5     2     0     0
     4     1     0     0
     3     1     0     0
     3     0     0     0


Completed iteration:24
Prediction points:205
  TP     FP     TN     FN
   109    57    10    29

Precision / Recall
    0.6566    0.7899

Passing bin stats (TPR/FPR/TNR/FNR)
    64    23     4    20
    25     7     0     0
    21     8     0     0
     9     2     0     0
     5     1     0     0
     4     0     0     0
     4     1     0     0
     3     0     0     0
     3     1     0     0


Completed iteration:25
Prediction points:59
  TP     FP     TN     FN
    43    12     3     1

Precision / Recall
    0.7818    0.9773

Passing bin stats (TPR/FPR/TNR/FNR)
    25     3     0     0
    22     3     0     0
     5     1     0     0


Completed iteration:26
Prediction points:170
  TP     FP     TN     FN
    89    43    11    27

Precision / Recall
    0.6742    0.7672

Passing bin stats (TPR/FPR/TNR/FNR)
    23     7     0     0
    19     8     0     0
     6     1    21    74
     4     0     0     0
     4     0     0     0
     3     0     0     0


Completed iteration:27
Prediction points:78
  TP     FP     TN     FN
    52    14     5     7

Precision / Recall
    0.7879    0.8814

Passing bin stats (TPR/FPR/TNR/FNR)
    29     4     0     0
    23     8     0     0
     5     1     0     0
     5     0     0     0
     3     0     0     0


Completed iteration:28
Prediction points:154
  TP     FP     TN     FN
    96    52     2     4

Precision / Recall
    0.6486    0.9600

Passing bin stats (TPR/FPR/TNR/FNR)
    95    23     0     0
     7     2     0     0
     7     0     0     0
     6     0     0     0
     5     0     0     0
     3     0     0     0
     3     0     0     0
     2     0     1     0


Completed iteration:29
Prediction points:180
  TP     FP     TN     FN
   124    41    10     5

Precision / Recall
    0.7515    0.9612

Passing bin stats (TPR/FPR/TNR/FNR)
    85    32     0     0
    24     3     0     0
    10     3     0     0
     7     3     0     0
     4     1     0     0
     4     1     0     0
     3     0     0     0


Completed iteration:30
Prediction points:149
  TP     FP     TN     FN
   104    36     7     2

Precision / Recall
    0.7429    0.9811

Passing bin stats (TPR/FPR/TNR/FNR)
   108    23     0     0
     9     3     0     0
     5     1     0     0

Average number of confident bins (out of 100): 6.666667
Overall results (hybrid)
Confidence threshold=0.7
Filtered datapoints
AUC ave err std
    0.5624

    0.0403

    0.0403

Precision / Recall macro
    0.7207    0.9380

Precision / Recall micro
    0.7163    0.9372


Completed iteration:1
Prediction points:39
  TP     FP     TN     FN
    17    13     5     4

Precision / Recall
    0.5667    0.8095

Passing bin stats (TPR/FPR/TNR/FNR)
    25     6     0     0
     5     0     0     0
     3     0     0     0


Completed iteration:2
Prediction points:56
  TP     FP     TN     FN
    36    18     2     0

Precision / Recall
    0.6667    1.0000

Passing bin stats (TPR/FPR/TNR/FNR)
    30     7     0     0
    12     2     0     0
     4     1     0     0


Completed iteration:3
Prediction points:55
  TP     FP     TN     FN
    15    15     7    18

Precision / Recall
    0.5000    0.4545

Passing bin stats (TPR/FPR/TNR/FNR)
    22     4     0     0
    12     3     0     0
     5     0     0     0
     3     0     0     0
     3     0     0     0
     2     0     1     0


Completed iteration:4
Prediction points:50
  TP     FP     TN     FN
    33     9     5     3

Precision / Recall
    0.7857    0.9167

Passing bin stats (TPR/FPR/TNR/FNR)
    20     5     0     0
    11     2     0     0
     6     0     0     0
     5     1     0     0


Completed iteration:5
Prediction points:105
  TP     FP     TN     FN
    73    28     4     0

Precision / Recall
    0.7228    1.0000

Passing bin stats (TPR/FPR/TNR/FNR)
    81    15     0     0
     3     0     0     0
     3     0     0     0
     3     0     0     0


Not enough valid test points; skipping iteration.

Completed iteration:7
Prediction points:22
  TP     FP     TN     FN
    15     6     1     0

Precision / Recall
    0.7143    1.0000

Passing bin stats (TPR/FPR/TNR/FNR)
     9     2     0     0
     5     1     0     0
     4     1     0     0


Completed iteration:8
Prediction points:133
  TP     FP     TN     FN
    84    36    11     2

Precision / Recall
    0.7000    0.9767

Passing bin stats (TPR/FPR/TNR/FNR)
    96    21     0     0
     5     1     0     0
     4     0     1     0
     4     1     0     0


Completed iteration:9
Prediction points:45
  TP     FP     TN     FN
     0     1     9    35

Precision / Recall
     0     0

Passing bin stats (TPR/FPR/TNR/FNR)
    24     4     0     0
     7     1     0     0
     5     0     0     0
     4     0     0     0


Completed iteration:10
Prediction points:63
  TP     FP     TN     FN
    41    19     2     1

Precision / Recall
    0.6833    0.9762

Passing bin stats (TPR/FPR/TNR/FNR)
    24     4     0     0
    14     2     0     0
     8     2     0     0
     6     0     0     0
     3     0     0     0


Completed iteration:11
Prediction points:41
  TP     FP     TN     FN
    24     9     2     6

Precision / Recall
    0.7273    0.8000

Passing bin stats (TPR/FPR/TNR/FNR)
    22     5     0     0
    13     1     0     0


Completed iteration:12
Prediction points:109
  TP     FP     TN     FN
    63    25     9    12

Precision / Recall
    0.7159    0.8400

Passing bin stats (TPR/FPR/TNR/FNR)
    81    18     4     3
     3     0     0     0


Completed iteration:13
Prediction points:37
  TP     FP     TN     FN
     7     6     4    20

Precision / Recall
    0.5385    0.2593

Passing bin stats (TPR/FPR/TNR/FNR)
    23     3     0     0
    10     1     0     0


Completed iteration:14
Prediction points:121
  TP     FP     TN     FN
    74    34    10     3

Precision / Recall
    0.6852    0.9610

Passing bin stats (TPR/FPR/TNR/FNR)
    85    21     0     0
     9     1     0     0
     5     0     0     0


Not enough valid test points; skipping iteration.

Completed iteration:16
Prediction points:62
  TP     FP     TN     FN
    41    16     4     1

Precision / Recall
    0.7193    0.9762

Passing bin stats (TPR/FPR/TNR/FNR)
    28     6     0     0
     9     1     0     0
     6     0     0     0
     5     0     0     0
     4     0     0     0
     3     0     0     0


Completed iteration:17
Prediction points:42
  TP     FP     TN     FN
    27    13     2     0

Precision / Recall
    0.6750    1.0000

Passing bin stats (TPR/FPR/TNR/FNR)
    19     3     0     0
    11     1     0     0
     7     1     0     0


Completed iteration:18
Prediction points:40
  TP     FP     TN     FN
     3     1    12    24

Precision / Recall
    0.7500    0.1111

Passing bin stats (TPR/FPR/TNR/FNR)
    24     5     0     0
     6     0     0     0
     5     0     0     0


Completed iteration:19
Prediction points:36
  TP     FP     TN     FN
     8    11     6    11

Precision / Recall
    0.4211    0.4211

Passing bin stats (TPR/FPR/TNR/FNR)
     9     2     0     0
     9     0     0     0
     8     1     0     0
     6     1     0     0


Completed iteration:20
Prediction points:42
  TP     FP     TN     FN
     5     4     8    25

Precision / Recall
    0.5556    0.1667

Passing bin stats (TPR/FPR/TNR/FNR)
    20     5     0     0
     5     0     0     0
     4     1     0     0
     4     0     0     0
     3     0     0     0


Completed iteration:21
Prediction points:18
  TP     FP     TN     FN
     5     4     3     6

Precision / Recall
    0.5556    0.4545

Passing bin stats (TPR/FPR/TNR/FNR)
     7     1     0     0
     5     1     1     0
     3     0     0     0


Completed iteration:22
Prediction points:36
  TP     FP     TN     FN
    26     6     2     2

Precision / Recall
    0.8125    0.9286

Passing bin stats (TPR/FPR/TNR/FNR)
    26     6     0     0
     4     0     0     0


Completed iteration:23
Prediction points:17
  TP     FP     TN     FN
     3     2     2    10

Precision / Recall
    0.6000    0.2308

Passing bin stats (TPR/FPR/TNR/FNR)
     8     2     0     0
     3     0     0     0
     2     0     1     1


Completed iteration:24
Prediction points:17
  TP     FP     TN     FN
     1     0     3    13

Precision / Recall
    1.0000    0.0714

Passing bin stats (TPR/FPR/TNR/FNR)
    12     1     0     0
     4     0     0     0


Completed iteration:25
Prediction points:32
  TP     FP     TN     FN
    14     4     1    13

Precision / Recall
    0.7778    0.5185

Passing bin stats (TPR/FPR/TNR/FNR)
    11     2     0     0
     5     1     0     0
     4     1     0     0
     4     0     0     0
     3     0     0     1


Completed iteration:26
Prediction points:27
  TP     FP     TN     FN
    20     5     2     0

Precision / Recall
    0.8000    1.0000

Passing bin stats (TPR/FPR/TNR/FNR)
     9     1     0     0
     6     0     0     0
     5     0     0     0
     1     0     4     1


Completed iteration:27
Prediction points:47
  TP     FP     TN     FN
    32    13     2     0

Precision / Recall
    0.7111    1.0000

Passing bin stats (TPR/FPR/TNR/FNR)
    25     3     0     0
     7     1     0     0
     7     0     0     0
     4     0     0     0


Completed iteration:28
Prediction points:44
  TP     FP     TN     FN
    26    10     2     6

Precision / Recall
    0.7222    0.8125

Passing bin stats (TPR/FPR/TNR/FNR)
    29     6     0     0
     3     0     1     2
     3     0     0     0


Completed iteration:29
Prediction points:89
  TP     FP     TN     FN
    60    22     6     1

Precision / Recall
    0.7317    0.9836

Passing bin stats (TPR/FPR/TNR/FNR)
    29     7     0     0
    23     5     0     0
    10     2     0     0
     5     0     0     0
     4     0     0     0
     1     0     2     1


Completed iteration:30
Prediction points:82
  TP     FP     TN     FN
    45    23     5     9

Precision / Recall
    0.6618    0.8333

Passing bin stats (TPR/FPR/TNR/FNR)
    33     6     0     0
    10     2     0     0
     6     1     0     0
     6     0     0     0
     5     0     0     0
     4     0     0     0
     4     1     0     0
     1     0     1     2

Average number of confident bins (out of 100): 3.633333
Overall results (hybrid)
Confidence threshold=0.8
Filtered datapoints
AUC ave err std
    0.5136

    0.0888

    0.0888

Precision / Recall macro
    0.6650    0.7153

Precision / Recall micro
    0.7007    0.8175


Completed iteration:1
Prediction points:35
  TP     FP     TN     FN
    24     9     2     0

Precision / Recall
    0.7273    1.0000

Passing bin stats (TPR/FPR/TNR/FNR)
    28     2     0     0
     5     0     0     0


Not enough valid test points; skipping iteration.

Not enough valid test points; skipping iteration.

Not enough valid test points; skipping iteration.

Not enough valid test points; skipping iteration.

Completed iteration:6
Prediction points:17
  TP     FP     TN     FN
    12     4     1     0

Precision / Recall
    0.7500    1.0000

Passing bin stats (TPR/FPR/TNR/FNR)
     7     0     0     0
     4     0     0     0
     3     0     0     0
     3     0     0     0


Completed iteration:7
Prediction points:10
  TP     FP     TN     FN
     2     2     0     6

Precision / Recall
    0.5000    0.2500

Passing bin stats (TPR/FPR/TNR/FNR)
     4     0     0     0
     3     0     0     0
     3     0     0     0


Completed iteration:8
Prediction points:10
  TP     FP     TN     FN
     0     4     0     6

Precision / Recall
     0     0

Passing bin stats (TPR/FPR/TNR/FNR)
     9     1     0     0


Completed iteration:9
Prediction points:11
  TP     FP     TN     FN
     3     2     1     5

Precision / Recall
    0.6000    0.3750

Passing bin stats (TPR/FPR/TNR/FNR)
     4     0     0     0
     3     0     0     1
     3     0     0     0


Completed iteration:10
Prediction points:34
  TP     FP     TN     FN
    16    14     4     0

Precision / Recall
    0.5333    1.0000

Passing bin stats (TPR/FPR/TNR/FNR)
    31     3     0     0


Not enough valid test points; skipping iteration.

Completed iteration:12
Prediction points:20
  TP     FP     TN     FN
     4     3     3    10

Precision / Recall
    0.5714    0.2857

Passing bin stats (TPR/FPR/TNR/FNR)
     7     0     0     0
     7     0     0     0
     3     0     0     0
     3     0     0     0


Completed iteration:13
Prediction points:108
  TP     FP     TN     FN
    75    25     7     1

Precision / Recall
    0.7500    0.9868

Passing bin stats (TPR/FPR/TNR/FNR)
     7     0    24    77


Not enough valid test points; skipping iteration.

Not enough valid test points; skipping iteration.

Completed iteration:16
Prediction points:25
  TP     FP     TN     FN
    19     4     2     0

Precision / Recall
    0.8261    1.0000

Passing bin stats (TPR/FPR/TNR/FNR)
    10     1     0     0
     9     1     0     0
     4     0     0     0


Completed iteration:17
Prediction points:30
  TP     FP     TN     FN
    13     5     6     6

Precision / Recall
    0.7222    0.6842

Passing bin stats (TPR/FPR/TNR/FNR)
     9     1     0     0
     4     0     0     4
     4     0     0     0
     3     0     0     2
     3     0     0     0


Completed iteration:18
Prediction points:17
  TP     FP     TN     FN
    10     2     1     4

Precision / Recall
    0.8333    0.7143

Passing bin stats (TPR/FPR/TNR/FNR)
     4     0     0     0
     3     0     0     0
     3     0     0     0
     2     0     2     3


Completed iteration:19
Prediction points:18
  TP     FP     TN     FN
     2     2     1    13

Precision / Recall
    0.5000    0.1333

Passing bin stats (TPR/FPR/TNR/FNR)
    11     0     0     0
     4     0     0     0
     3     0     0     0


Not enough valid test points; skipping iteration.

Not enough valid test points; skipping iteration.

Not enough valid test points; skipping iteration.

Completed iteration:23
Prediction points:21
  TP     FP     TN     FN
    12     5     2     2

Precision / Recall
    0.7059    0.8571

Passing bin stats (TPR/FPR/TNR/FNR)
    10     1     0     0
     4     0     0     0
     3     0     0     0
     3     0     0     0


Not enough valid test points; skipping iteration.

Not enough valid test points; skipping iteration.

Not enough valid test points; skipping iteration.

Not enough valid test points; skipping iteration.

Completed iteration:28
Prediction points:14
  TP     FP     TN     FN
     9     2     1     2

Precision / Recall
    0.8182    0.8182

Passing bin stats (TPR/FPR/TNR/FNR)
    11     0     0     0
     3     0     0     0


Not enough valid test points; skipping iteration.

Completed iteration:30
Prediction points:15
  TP     FP     TN     FN
     9     4     1     1

Precision / Recall
    0.6923    0.9000

Passing bin stats (TPR/FPR/TNR/FNR)
     6     0     0     0
     5     0     0     0
     4     0     0     0

Average number of confident bins (out of 100): 1.966667
Overall results (hybrid)
Confidence threshold=0.9
Filtered datapoints
AUC ave err std
    0.4675

    0.2026

    0.2026

Precision / Recall macro
    0.6776    0.7082

Precision / Recall micro
    0.7179    0.8363


Not enough valid test points; skipping iteration.

Completed iteration:2
Prediction points:10
  TP     FP     TN     FN
     1     1     0     8

Precision / Recall
    0.5000    0.1111

Passing bin stats (TPR/FPR/TNR/FNR)
     6     0     0     0
     4     0     0     0


Not enough valid test points; skipping iteration.

Not enough valid test points; skipping iteration.

Not enough valid test points; skipping iteration.

Not enough valid test points; skipping iteration.

Not enough valid test points; skipping iteration.

Not enough valid test points; skipping iteration.

Not enough valid test points; skipping iteration.

Not enough valid test points; skipping iteration.

Not enough valid test points; skipping iteration.

Not enough valid test points; skipping iteration.

Completed iteration:13
Prediction points:11
  TP     FP     TN     FN
     5     4     1     1

Precision / Recall
    0.5556    0.8333

Passing bin stats (TPR/FPR/TNR/FNR)
     5     0     0     0
     3     0     0     0
     3     0     0     0


Not enough valid test points; skipping iteration.

Not enough valid test points; skipping iteration.

Not enough valid test points; skipping iteration.

Not enough valid test points; skipping iteration.

Completed iteration:18
Prediction points:13
  TP     FP     TN     FN
     7     5     1     0

Precision / Recall
    0.5833    1.0000

Passing bin stats (TPR/FPR/TNR/FNR)
     4     0     0     0
     3     0     0     0
     3     0     1     2


Not enough valid test points; skipping iteration.

Completed iteration:20
Prediction points:13
  TP     FP     TN     FN
     7     4     1     1

Precision / Recall
    0.6364    0.8750

Passing bin stats (TPR/FPR/TNR/FNR)
     7     0     0     0
     6     0     0     0


Not enough valid test points; skipping iteration.

Not enough valid test points; skipping iteration.

Not enough valid test points; skipping iteration.

Completed iteration:24
Prediction points:12
  TP     FP     TN     FN
     9     1     2     0

Precision / Recall
    0.9000    1.0000

Passing bin stats (TPR/FPR/TNR/FNR)
     7     0     1     0
     4     0     0     0


Completed iteration:25
Prediction points:10
  TP     FP     TN     FN
     3     0     1     6

Precision / Recall
    1.0000    0.3333

Passing bin stats (TPR/FPR/TNR/FNR)
     4     0     0     0
     3     0     0     0
     3     0     0     0


Completed iteration:26
Prediction points:14
  TP     FP     TN     FN
     6     3     3     2

Precision / Recall
    0.6667    0.7500

Passing bin stats (TPR/FPR/TNR/FNR)
     7     0     0     0
     4     0     0     0
     3     0     0     0


Not enough valid test points; skipping iteration.

Not enough valid test points; skipping iteration.

Not enough valid test points; skipping iteration.

Not enough valid test points; skipping iteration.
Average number of confident bins (out of 100): 1.533333
Overall results (hybrid)
Confidence threshold=1
Filtered datapoints
AUC ave err std
    0.5454

    0.2402

    0.2402

Precision / Recall macro
    0.6596    0.7230

Precision / Recall micro
    0.7112    0.8520

    TPR       FPR       TNR       FNR       cutoff
computation time (s)
  387.7160

