!!!!below quality measures have been removed due to insufficient data!!!!!!!!!!!!
    ' TriangleSize'

Keeping QMs:
name        p values
    ' Spread'    '2.48e-07'

    ' Limit'    '2.57e-07'

    ' OrthoNorm'    '0.000358'

Deleting QMs:
name        p values
    ' Extension'    '0.978'

    'GraspIt_Epsilon'    '0.892'

    ' Volume'    '0.537'

    'GraspIt_Volume'    '0.376'

    'GraspIt_ContactEnergy'    '0.0879'

    ' PerpSym'    '0.0627'

    ' ParallelSym'    '0.00685'

binThreshold:20

Completed iteration:1
Prediction points:244
  TP     FP     TN     FN
    50    17    41   136

Precision / Recall
    0.7463    0.2688


Completed iteration:2
Prediction points:224
  TP     FP     TN     FN
    91    39    26    68

Precision / Recall
    0.7000    0.5723


Completed iteration:3
Prediction points:244
  TP     FP     TN     FN
    55    33    37   119

Precision / Recall
    0.6250    0.3161


Completed iteration:4
Prediction points:228
  TP     FP     TN     FN
    35    25    46   122

Precision / Recall
    0.5833    0.2229


Completed iteration:5
Prediction points:237
  TP     FP     TN     FN
   140    66    14    17

Precision / Recall
    0.6796    0.8917


Completed iteration:6
Prediction points:244
  TP     FP     TN     FN
    59    36    36   113

Precision / Recall
    0.6211    0.3430


Completed iteration:7
Prediction points:242
  TP     FP     TN     FN
    44    18    49   131

Precision / Recall
    0.7097    0.2514


Completed iteration:8
Prediction points:241
  TP     FP     TN     FN
    64    26    42   109

Precision / Recall
    0.7111    0.3699


Completed iteration:9
Prediction points:244
  TP     FP     TN     FN
    39    32    53   120

Precision / Recall
    0.5493    0.2453


Completed iteration:10
Prediction points:244
  TP     FP     TN     FN
    55    32    44   113

Precision / Recall
    0.6322    0.3274


Completed iteration:11
Prediction points:227
  TP     FP     TN     FN
    53    25    45   104

Precision / Recall
    0.6795    0.3376


Completed iteration:12
Prediction points:224
  TP     FP     TN     FN
    51    30    36   107

Precision / Recall
    0.6296    0.3228


Completed iteration:13
Prediction points:239
  TP     FP     TN     FN
    64    36    40    99

Precision / Recall
    0.6400    0.3926


Completed iteration:14
Prediction points:240
  TP     FP     TN     FN
    60    30    39   111

Precision / Recall
    0.6667    0.3509


Completed iteration:15
Prediction points:236
  TP     FP     TN     FN
    60    23    44   109

Precision / Recall
    0.7229    0.3550


Completed iteration:16
Prediction points:228
  TP     FP     TN     FN
    65    25    41    97

Precision / Recall
    0.7222    0.4012


Completed iteration:17
Prediction points:244
  TP     FP     TN     FN
    46    25    53   120

Precision / Recall
    0.6479    0.2771


Completed iteration:18
Prediction points:234
  TP     FP     TN     FN
    62    25    44   103

Precision / Recall
    0.7126    0.3758


Completed iteration:19
Prediction points:236
  TP     FP     TN     FN
    58    25    39   114

Precision / Recall
    0.6988    0.3372


Completed iteration:20
Prediction points:244
  TP     FP     TN     FN
    62    27    41   114

Precision / Recall
    0.6966    0.3523


Completed iteration:21
Prediction points:226
  TP     FP     TN     FN
    61    29    47    89

Precision / Recall
    0.6778    0.4067


Completed iteration:22
Prediction points:244
  TP     FP     TN     FN
    66    30    47   101

Precision / Recall
    0.6875    0.3952


Completed iteration:23
Prediction points:240
  TP     FP     TN     FN
    54    29    47   110

Precision / Recall
    0.6506    0.3293


Completed iteration:24
Prediction points:212
  TP     FP     TN     FN
    46    19    36   111

Precision / Recall
    0.7077    0.2930


Completed iteration:25
Prediction points:244
  TP     FP     TN     FN
    62    27    47   108

Precision / Recall
    0.6966    0.3647


Completed iteration:26
Prediction points:244
  TP     FP     TN     FN
    49    23    55   117

Precision / Recall
    0.6806    0.2952


Completed iteration:27
Prediction points:244
  TP     FP     TN     FN
    60    29    42   113

Precision / Recall
    0.6742    0.3468


Completed iteration:28
Prediction points:244
  TP     FP     TN     FN
    64    37    40   103

Precision / Recall
    0.6337    0.3832


Completed iteration:29
Prediction points:244
  TP     FP     TN     FN
   130    56    20    38

Precision / Recall
    0.6989    0.7738


Completed iteration:30
Prediction points:241
  TP     FP     TN     FN
    79    35    28    99

Precision / Recall
    0.6930    0.4438

Overall results (hybrid)
Confidence threshold=0.5
Filtered datapoints
AUC ave err std
    0.4767

    0.0300

    0.0300

Precision / Recall macro
    0.6725    0.3781

Precision / Recall micro
    0.6745    0.3769


Completed iteration:1
Prediction points:244
  TP     FP     TN     FN
    57    26    53   108

Precision / Recall
    0.6867    0.3455


Completed iteration:2
Prediction points:218
  TP     FP     TN     FN
    58    30    48    82

Precision / Recall
    0.6591    0.4143


Completed iteration:3
Prediction points:204
  TP     FP     TN     FN
    32    25    43   104

Precision / Recall
    0.5614    0.2353


Completed iteration:4
Prediction points:191
  TP     FP     TN     FN
    47    26    32    86

Precision / Recall
    0.6438    0.3534


Completed iteration:5
Prediction points:229
  TP     FP     TN     FN
    54    32    39   104

Precision / Recall
    0.6279    0.3418


Completed iteration:6
Prediction points:244
  TP     FP     TN     FN
    63    31    43   107

Precision / Recall
    0.6702    0.3706


Completed iteration:7
Prediction points:222
  TP     FP     TN     FN
    41    16    52   113

Precision / Recall
    0.7193    0.2662


Completed iteration:8
Prediction points:234
  TP     FP     TN     FN
    49    20    49   116

Precision / Recall
    0.7101    0.2970


Completed iteration:9
Prediction points:210
  TP     FP     TN     FN
    28    25    47   110

Precision / Recall
    0.5283    0.2029


Completed iteration:10
Prediction points:235
  TP     FP     TN     FN
    68    35    37    95

Precision / Recall
    0.6602    0.4172


Completed iteration:11
Prediction points:244
  TP     FP     TN     FN
    55    34    47   108

Precision / Recall
    0.6180    0.3374


Completed iteration:12
Prediction points:215
  TP     FP     TN     FN
    38    30    46   101

Precision / Recall
    0.5588    0.2734


Completed iteration:13
Prediction points:226
  TP     FP     TN     FN
    50    21    49   106

Precision / Recall
    0.7042    0.3205


Completed iteration:14
Prediction points:197
  TP     FP     TN     FN
    78    29    27    63

Precision / Recall
    0.7290    0.5532


Completed iteration:15
Prediction points:211
  TP     FP     TN     FN
    54    37    41    79

Precision / Recall
    0.5934    0.4060


Completed iteration:16
Prediction points:244
  TP     FP     TN     FN
    50    21    50   123

Precision / Recall
    0.7042    0.2890


Completed iteration:17
Prediction points:222
  TP     FP     TN     FN
    45    22    46   109

Precision / Recall
    0.6716    0.2922


Completed iteration:18
Prediction points:215
  TP     FP     TN     FN
    38    28    40   109

Precision / Recall
    0.5758    0.2585


Completed iteration:19
Prediction points:213
  TP     FP     TN     FN
    58    32    34    89

Precision / Recall
    0.6444    0.3946


Completed iteration:20
Prediction points:214
  TP     FP     TN     FN
    45    15    47   107

Precision / Recall
    0.7500    0.2961


Completed iteration:21
Prediction points:205
  TP     FP     TN     FN
    41    26    37   101

Precision / Recall
    0.6119    0.2887


Completed iteration:22
Prediction points:228
  TP     FP     TN     FN
    41    21    50   116

Precision / Recall
    0.6613    0.2611


Completed iteration:23
Prediction points:189
  TP     FP     TN     FN
    55    19    27    88

Precision / Recall
    0.7432    0.3846


Completed iteration:24
Prediction points:244
  TP     FP     TN     FN
    53    23    51   117

Precision / Recall
    0.6974    0.3118


Completed iteration:25
Prediction points:230
  TP     FP     TN     FN
    47    30    41   112

Precision / Recall
    0.6104    0.2956


Completed iteration:26
Prediction points:237
  TP     FP     TN     FN
    53    27    39   118

Precision / Recall
    0.6625    0.3099


Completed iteration:27
Prediction points:194
  TP     FP     TN     FN
   100    50    21    23

Precision / Recall
    0.6667    0.8130


Completed iteration:28
Prediction points:233
  TP     FP     TN     FN
    66    42    35    90

Precision / Recall
    0.6111    0.4231


Completed iteration:29
Prediction points:225
  TP     FP     TN     FN
    33    24    53   115

Precision / Recall
    0.5789    0.2230


Completed iteration:30
Prediction points:243
  TP     FP     TN     FN
    62    28    39   114

Precision / Recall
    0.6889    0.3523

Overall results (hybrid)
Confidence threshold=0.6
Filtered datapoints
AUC ave err std
    0.4744

    0.0342

    0.0342

Precision / Recall macro
    0.6516    0.3443

Precision / Recall micro
    0.6539    0.3410


Completed iteration:1
Prediction points:219
  TP     FP     TN     FN
    32    22    54   111

Precision / Recall
    0.5926    0.2238


Completed iteration:2
Prediction points:223
  TP     FP     TN     FN
    15    19    50   139

Precision / Recall
    0.4412    0.0974


Completed iteration:3
Prediction points:204
  TP     FP     TN     FN
    32     8    45   119

Precision / Recall
    0.8000    0.2119


Completed iteration:4
Prediction points:209
  TP     FP     TN     FN
    63    27    38    81

Precision / Recall
    0.7000    0.4375


Completed iteration:5
Prediction points:186
  TP     FP     TN     FN
    34    19    37    96

Precision / Recall
    0.6415    0.2615


Completed iteration:6
Prediction points:233
  TP     FP     TN     FN
    43    25    48   117

Precision / Recall
    0.6324    0.2687


Completed iteration:7
Prediction points:217
  TP     FP     TN     FN
    19    17    56   125

Precision / Recall
    0.5278    0.1319


Completed iteration:8
Prediction points:242
  TP     FP     TN     FN
    53    36    44   109

Precision / Recall
    0.5955    0.3272


Completed iteration:9
Prediction points:220
  TP     FP     TN     FN
    91    25    35    69

Precision / Recall
    0.7845    0.5687


Completed iteration:10
Prediction points:230
  TP     FP     TN     FN
    40    33    58    99

Precision / Recall
    0.5479    0.2878


Completed iteration:11
Prediction points:202
  TP     FP     TN     FN
    44    18    37   103

Precision / Recall
    0.7097    0.2993


Completed iteration:12
Prediction points:209
  TP     FP     TN     FN
    39    15    42   113

Precision / Recall
    0.7222    0.2566


Completed iteration:13
Prediction points:208
  TP     FP     TN     FN
    32    25    44   107

Precision / Recall
    0.5614    0.2302


Completed iteration:14
Prediction points:216
  TP     FP     TN     FN
    38    25    41   112

Precision / Recall
    0.6032    0.2533


Completed iteration:15
Prediction points:200
  TP     FP     TN     FN
    28    12    47   113

Precision / Recall
    0.7000    0.1986


Completed iteration:16
Prediction points:206
  TP     FP     TN     FN
    37    14    44   111

Precision / Recall
    0.7255    0.2500


Completed iteration:17
Prediction points:176
  TP     FP     TN     FN
    44    21    34    77

Precision / Recall
    0.6769    0.3636


Completed iteration:18
Prediction points:211
  TP     FP     TN     FN
    60    33    37    81

Precision / Recall
    0.6452    0.4255


Completed iteration:19
Prediction points:186
  TP     FP     TN     FN
    44    16    32    94

Precision / Recall
    0.7333    0.3188


Completed iteration:20
Prediction points:228
  TP     FP     TN     FN
    54    17    53   104

Precision / Recall
    0.7606    0.3418


Completed iteration:21
Prediction points:196
  TP     FP     TN     FN
    34    24    34   104

Precision / Recall
    0.5862    0.2464


Completed iteration:22
Prediction points:192
  TP     FP     TN     FN
    16     9    56   111

Precision / Recall
    0.6400    0.1260


Completed iteration:23
Prediction points:213
  TP     FP     TN     FN
    39    24    39   111

Precision / Recall
    0.6190    0.2600


Completed iteration:24
Prediction points:187
  TP     FP     TN     FN
    33    10    44   100

Precision / Recall
    0.7674    0.2481


Completed iteration:25
Prediction points:223
  TP     FP     TN     FN
    39    23    38   123

Precision / Recall
    0.6290    0.2407


Completed iteration:26
Prediction points:174
  TP     FP     TN     FN
    25    18    32    99

Precision / Recall
    0.5814    0.2016


Completed iteration:27
Prediction points:208
  TP     FP     TN     FN
    31    22    45   110

Precision / Recall
    0.5849    0.2199


Completed iteration:28
Prediction points:157
  TP     FP     TN     FN
    28    22    31    76

Precision / Recall
    0.5600    0.2692


Completed iteration:29
Prediction points:195
  TP     FP     TN     FN
    32    19    35   109

Precision / Recall
    0.6275    0.2270


Completed iteration:30
Prediction points:188
  TP     FP     TN     FN
    42    17    38    91

Precision / Recall
    0.7119    0.3158

Overall results (hybrid)
Confidence threshold=0.7
Filtered datapoints
AUC ave err std
    0.4728

    0.0418

    0.0418

Precision / Recall macro
    0.6470    0.2703

Precision / Recall micro
    0.6537    0.2716


Completed iteration:1
Prediction points:186
  TP     FP     TN     FN
     2     1    57   126

Precision / Recall
    0.6667    0.0156


Completed iteration:2
Prediction points:170
  TP     FP     TN     FN
    18     9    39   104

Precision / Recall
    0.6667    0.1475


Completed iteration:3
Prediction points:193
  TP     FP     TN     FN
    32    18    44    99

Precision / Recall
    0.6400    0.2443


Completed iteration:4
Prediction points:174
  TP     FP     TN     FN
    30    12    43    89

Precision / Recall
    0.7143    0.2521


Completed iteration:5
Prediction points:186
  TP     FP     TN     FN
    24    12    42   108

Precision / Recall
    0.6667    0.1818


Completed iteration:6
Prediction points:168
  TP     FP     TN     FN
    10    15    38   105

Precision / Recall
    0.4000    0.0870


Completed iteration:7
Prediction points:191
  TP     FP     TN     FN
    18    16    41   116

Precision / Recall
    0.5294    0.1343


Completed iteration:8
Prediction points:170
  TP     FP     TN     FN
    13     6    41   110

Precision / Recall
    0.6842    0.1057


Completed iteration:9
Prediction points:200
  TP     FP     TN     FN
    34    15    42   109

Precision / Recall
    0.6939    0.2378


Completed iteration:10
Prediction points:219
  TP     FP     TN     FN
    55    16    51    97

Precision / Recall
    0.7746    0.3618


Completed iteration:11
Prediction points:174
  TP     FP     TN     FN
    39    23    33    79

Precision / Recall
    0.6290    0.3305


Completed iteration:12
Prediction points:120
  TP     FP     TN     FN
    15     9    29    67

Precision / Recall
    0.6250    0.1829


Completed iteration:13
Prediction points:165
  TP     FP     TN     FN
    24    19    30    92

Precision / Recall
    0.5581    0.2069


Completed iteration:14
Prediction points:164
  TP     FP     TN     FN
    12     7    41   104

Precision / Recall
    0.6316    0.1034


Completed iteration:15
Prediction points:174
  TP     FP     TN     FN
    43    22    31    78

Precision / Recall
    0.6615    0.3554


Completed iteration:16
Prediction points:178
  TP     FP     TN     FN
    27     5    43   103

Precision / Recall
    0.8438    0.2077


Completed iteration:17
Prediction points:201
  TP     FP     TN     FN
    20    10    44   127

Precision / Recall
    0.6667    0.1361


Completed iteration:18
Prediction points:164
  TP     FP     TN     FN
    19    11    42    92

Precision / Recall
    0.6333    0.1712


Completed iteration:19
Prediction points:192
  TP     FP     TN     FN
    40    27    38    87

Precision / Recall
    0.5970    0.3150


Completed iteration:20
Prediction points:191
  TP     FP     TN     FN
    27    27    38    99

Precision / Recall
    0.5000    0.2143


Completed iteration:21
Prediction points:165
  TP     FP     TN     FN
    18    11    34   102

Precision / Recall
    0.6207    0.1500


Completed iteration:22
Prediction points:206
  TP     FP     TN     FN
    41    27    37   101

Precision / Recall
    0.6029    0.2887


Completed iteration:23
Prediction points:199
  TP     FP     TN     FN
    24    19    54   102

Precision / Recall
    0.5581    0.1905


Completed iteration:24
Prediction points:180
  TP     FP     TN     FN
    23    10    36   111

Precision / Recall
    0.6970    0.1716


Completed iteration:25
Prediction points:174
  TP     FP     TN     FN
    23    13    42    96

Precision / Recall
    0.6389    0.1933


Completed iteration:26
Prediction points:175
  TP     FP     TN     FN
    10     8    44   113

Precision / Recall
    0.5556    0.0813


Completed iteration:27
Prediction points:199
  TP     FP     TN     FN
    39    16    42   102

Precision / Recall
    0.7091    0.2766


Completed iteration:28
Prediction points:172
  TP     FP     TN     FN
    38    11    32    91

Precision / Recall
    0.7755    0.2946


Completed iteration:29
Prediction points:184
  TP     FP     TN     FN
    31    18    39    96

Precision / Recall
    0.6327    0.2441


Completed iteration:30
Prediction points:194
  TP     FP     TN     FN
    36    30    41    87

Precision / Recall
    0.5455    0.2927

Overall results (hybrid)
Confidence threshold=0.8
Filtered datapoints
AUC ave err std
    0.4720

    0.0377

    0.0377

Precision / Recall macro
    0.6373    0.2058

Precision / Recall micro
    0.6393    0.2078


Completed iteration:1
Prediction points:184
  TP     FP     TN     FN
    31    22    39    92

Precision / Recall
    0.5849    0.2520


Completed iteration:2
Prediction points:161
  TP     FP     TN     FN
    22    10    33    96

Precision / Recall
    0.6875    0.1864


Completed iteration:3
Prediction points:124
  TP     FP     TN     FN
    62    16    18    28

Precision / Recall
    0.7949    0.6889


Completed iteration:4
Prediction points:171
  TP     FP     TN     FN
     3     3    49   116

Precision / Recall
    0.5000    0.0252


Completed iteration:5
Prediction points:172
  TP     FP     TN     FN
    15     5    51   101

Precision / Recall
    0.7500    0.1293


Completed iteration:6
Prediction points:142
  TP     FP     TN     FN
    25    11    26    80

Precision / Recall
    0.6944    0.2381


Completed iteration:7
Prediction points:47
  TP     FP     TN     FN
     7     5    13    22

Precision / Recall
    0.5833    0.2414


Completed iteration:8
Prediction points:154
  TP     FP     TN     FN
     5     9    45    95

Precision / Recall
    0.3571    0.0500


Completed iteration:9
Prediction points:147
  TP     FP     TN     FN
    35     7    39    66

Precision / Recall
    0.8333    0.3465


Completed iteration:10
Prediction points:177
  TP     FP     TN     FN
    34    14    41    88

Precision / Recall
    0.7083    0.2787


Completed iteration:11
Prediction points:138
  TP     FP     TN     FN
   102    27     7     2

Precision / Recall
    0.7907    0.9808


Completed iteration:12
Prediction points:170
  TP     FP     TN     FN
    77    30    24    39

Precision / Recall
    0.7196    0.6638


Completed iteration:13
Prediction points:119
  TP     FP     TN     FN
    76    25     9     9

Precision / Recall
    0.7525    0.8941


Completed iteration:14
Prediction points:163
  TP     FP     TN     FN
     4     5    41   113

Precision / Recall
    0.4444    0.0342


Completed iteration:15
Prediction points:183
  TP     FP     TN     FN
    34    17    37    95

Precision / Recall
    0.6667    0.2636


Completed iteration:16
Prediction points:126
  TP     FP     TN     FN
    52     8    22    44

Precision / Recall
    0.8667    0.5417


Completed iteration:17
Prediction points:154
  TP     FP     TN     FN
   113    36     5     0

Precision / Recall
    0.7584    1.0000


Completed iteration:18
Prediction points:139
  TP     FP     TN     FN
    66    27    19    27

Precision / Recall
    0.7097    0.7097


Completed iteration:19
Prediction points:158
  TP     FP     TN     FN
    77    21    25    35

Precision / Recall
    0.7857    0.6875


Completed iteration:20
Prediction points:142
  TP     FP     TN     FN
    70    18    28    26

Precision / Recall
    0.7955    0.7292


Completed iteration:21
Prediction points:170
  TP     FP     TN     FN
    14    11    34   111

Precision / Recall
    0.5600    0.1120


Completed iteration:22
Prediction points:143
  TP     FP     TN     FN
    57    10    29    47

Precision / Recall
    0.8507    0.5481


Completed iteration:23
Prediction points:134
  TP     FP     TN     FN
    31    12    31    60

Precision / Recall
    0.7209    0.3407


Completed iteration:24
Prediction points:169
  TP     FP     TN     FN
    16     5    40   108

Precision / Recall
    0.7619    0.1290


Completed iteration:25
Prediction points:126
  TP     FP     TN     FN
    14     4    27    81

Precision / Recall
    0.7778    0.1474


Completed iteration:26
Prediction points:138
  TP     FP     TN     FN
    89    25    17     7

Precision / Recall
    0.7807    0.9271


Completed iteration:27
Prediction points:159
  TP     FP     TN     FN
    14     9    36   100

Precision / Recall
    0.6087    0.1228


Completed iteration:28
Prediction points:179
  TP     FP     TN     FN
    62    15    42    60

Precision / Recall
    0.8052    0.5082


Completed iteration:29
Prediction points:170
  TP     FP     TN     FN
    78    24    27    41

Precision / Recall
    0.7647    0.6555


Completed iteration:30
Prediction points:137
  TP     FP     TN     FN
    80    20    16    21

Precision / Recall
    0.8000    0.7921

Overall results (hybrid)
Confidence threshold=0.9
Filtered datapoints
AUC ave err std
    0.5445

    0.0725

    0.0725

Precision / Recall macro
    0.7071    0.4408

Precision / Recall micro
    0.7517    0.4299

    TPR       FPR       TNR       FNR       cutoff
computation time (s)
  649.7430

