!!!!below quality measures have been removed due to insufficient data!!!!!!!!!!!!
    ' TriangleSize'

Keeping QMs:
name        p values
    ' Spread'    '2.48e-07'

    ' Limit'    '2.57e-07'

    ' OrthoNorm'    '0.000358'

Deleting QMs:
name        p values
    ' Extension'    '0.978'

    'GraspIt_Epsilon'    '0.892'

    ' Volume'    '0.537'

    'GraspIt_Volume'    '0.376'

    'GraspIt_ContactEnergy'    '0.0879'

    ' PerpSym'    '0.0627'

    ' ParallelSym'    '0.00685'

binThreshold:10

Completed iteration:1
Prediction points:219
  TP     FP     TN     FN
   101    34    18    66

Precision / Recall
    0.7481    0.6048


Completed iteration:2
Prediction points:237
  TP     FP     TN     FN
   165    57    11     4

Precision / Recall
    0.7432    0.9763


Completed iteration:3
Prediction points:238
  TP     FP     TN     FN
    48    40    30   120

Precision / Recall
    0.5455    0.2857


Completed iteration:4
Prediction points:228
  TP     FP     TN     FN
   112    57    15    44

Precision / Recall
    0.6627    0.7179


Completed iteration:5
Prediction points:241
  TP     FP     TN     FN
   152    69    12     8

Precision / Recall
    0.6878    0.9500


Completed iteration:6
Prediction points:228
  TP     FP     TN     FN
    81    37    31    79

Precision / Recall
    0.6864    0.5062


Completed iteration:7
Prediction points:224
  TP     FP     TN     FN
   141    47    19    17

Precision / Recall
    0.7500    0.8924


Completed iteration:8
Prediction points:235
  TP     FP     TN     FN
    71    32    34    98

Precision / Recall
    0.6893    0.4201


Completed iteration:9
Prediction points:244
  TP     FP     TN     FN
    50    41    44   109

Precision / Recall
    0.5495    0.3145


Completed iteration:10
Prediction points:237
  TP     FP     TN     FN
    87    43    31    76

Precision / Recall
    0.6692    0.5337


Completed iteration:11
Prediction points:236
  TP     FP     TN     FN
    64    31    42    99

Precision / Recall
    0.6737    0.3926


Completed iteration:12
Prediction points:241
  TP     FP     TN     FN
   166    57    14     4

Precision / Recall
    0.7444    0.9765


Completed iteration:13
Prediction points:214
  TP     FP     TN     FN
   116    53    18    27

Precision / Recall
    0.6864    0.8112


Completed iteration:14
Prediction points:232
  TP     FP     TN     FN
   156    55    13     8

Precision / Recall
    0.7393    0.9512


Completed iteration:15
Prediction points:241
  TP     FP     TN     FN
   145    50    18    28

Precision / Recall
    0.7436    0.8382


Completed iteration:16
Prediction points:244
  TP     FP     TN     FN
   168    61     9     6

Precision / Recall
    0.7336    0.9655


Completed iteration:17
Prediction points:239
  TP     FP     TN     FN
   157    66    11     5

Precision / Recall
    0.7040    0.9691


Completed iteration:18
Prediction points:224
  TP     FP     TN     FN
    63    30    36    95

Precision / Recall
    0.6774    0.3987


Completed iteration:19
Prediction points:236
  TP     FP     TN     FN
    65    33    34   104

Precision / Recall
    0.6633    0.3846


Completed iteration:20
Prediction points:244
  TP     FP     TN     FN
    76    39    29   100

Precision / Recall
    0.6609    0.4318


Completed iteration:21
Prediction points:240
  TP     FP     TN     FN
   115    47    32    46

Precision / Recall
    0.7099    0.7143


Completed iteration:22
Prediction points:244
  TP     FP     TN     FN
   131    58    19    36

Precision / Recall
    0.6931    0.7844


Completed iteration:23
Prediction points:210
  TP     FP     TN     FN
   138    51    14     7

Precision / Recall
    0.7302    0.9517


Completed iteration:24
Prediction points:216
  TP     FP     TN     FN
    96    35    21    64

Precision / Recall
    0.7328    0.6000


Completed iteration:25
Prediction points:226
  TP     FP     TN     FN
    70    33    32    91

Precision / Recall
    0.6796    0.4348


Completed iteration:26
Prediction points:234
  TP     FP     TN     FN
    64    35    39    96

Precision / Recall
    0.6465    0.4000


Completed iteration:27
Prediction points:244
  TP     FP     TN     FN
    95    39    32    78

Precision / Recall
    0.7090    0.5491


Completed iteration:28
Prediction points:238
  TP     FP     TN     FN
   144    63    14    17

Precision / Recall
    0.6957    0.8944


Completed iteration:29
Prediction points:225
  TP     FP     TN     FN
    92    48    21    64

Precision / Recall
    0.6571    0.5897


Completed iteration:30
Prediction points:237
  TP     FP     TN     FN
   133    46    17    41

Precision / Recall
    0.7430    0.7644

Overall results (hybrid)
Confidence threshold=0.5
Filtered datapoints
AUC ave err std
    0.5032

    0.0573

    0.0573

Precision / Recall macro
    0.6918    0.6668

Precision / Recall micro
    0.7017    0.6659


Completed iteration:1
Prediction points:196
  TP     FP     TN     FN
   123    48    20     5

Precision / Recall
    0.7193    0.9609


Completed iteration:2
Prediction points:191
  TP     FP     TN     FN
   117    56    13     5

Precision / Recall
    0.6763    0.9590


Completed iteration:3
Prediction points:214
  TP     FP     TN     FN
    35    26    46   107

Precision / Recall
    0.5738    0.2465


Completed iteration:4
Prediction points:221
  TP     FP     TN     FN
    34    24    46   117

Precision / Recall
    0.5862    0.2252


Completed iteration:5
Prediction points:210
  TP     FP     TN     FN
   118    49    15    28

Precision / Recall
    0.7066    0.8082


Completed iteration:6
Prediction points:224
  TP     FP     TN     FN
   108    38    24    54

Precision / Recall
    0.7397    0.6667


Completed iteration:7
Prediction points:215
  TP     FP     TN     FN
   116    44    24    31

Precision / Recall
    0.7250    0.7891


Completed iteration:8
Prediction points:213
  TP     FP     TN     FN
    69    33    32    79

Precision / Recall
    0.6765    0.4662


Completed iteration:9
Prediction points:181
  TP     FP     TN     FN
    42    35    25    79

Precision / Recall
    0.5455    0.3471


Completed iteration:10
Prediction points:220
  TP     FP     TN     FN
    66    36    31    87

Precision / Recall
    0.6471    0.4314


Completed iteration:11
Prediction points:222
  TP     FP     TN     FN
    85    46    26    65

Precision / Recall
    0.6489    0.5667


Completed iteration:12
Prediction points:206
  TP     FP     TN     FN
    99    45    28    34

Precision / Recall
    0.6875    0.7444


Completed iteration:13
Prediction points:215
  TP     FP     TN     FN
   112    47    20    36

Precision / Recall
    0.7044    0.7568


Completed iteration:14
Prediction points:193
  TP     FP     TN     FN
   131    43    13     6

Precision / Recall
    0.7529    0.9562


Completed iteration:15
Prediction points:219
  TP     FP     TN     FN
    69    41    35    74

Precision / Recall
    0.6273    0.4825


Completed iteration:16
Prediction points:206
  TP     FP     TN     FN
    53    27    37    89

Precision / Recall
    0.6625    0.3732


Completed iteration:17
Prediction points:224
  TP     FP     TN     FN
    62    37    34    91

Precision / Recall
    0.6263    0.4052


Completed iteration:18
Prediction points:209
  TP     FP     TN     FN
   125    48    14    22

Precision / Recall
    0.7225    0.8503


Completed iteration:19
Prediction points:207
  TP     FP     TN     FN
   119    45    18    25

Precision / Recall
    0.7256    0.8264


Completed iteration:20
Prediction points:204
  TP     FP     TN     FN
   141    43    17     3

Precision / Recall
    0.7663    0.9792


Completed iteration:21
Prediction points:222
  TP     FP     TN     FN
   150    55    12     5

Precision / Recall
    0.7317    0.9677


Completed iteration:22
Prediction points:218
  TP     FP     TN     FN
    89    43    28    58

Precision / Recall
    0.6742    0.6054


Completed iteration:23
Prediction points:196
  TP     FP     TN     FN
    82    29    22    63

Precision / Recall
    0.7387    0.5655


Completed iteration:24
Prediction points:223
  TP     FP     TN     FN
    97    39    29    58

Precision / Recall
    0.7132    0.6258


Completed iteration:25
Prediction points:216
  TP     FP     TN     FN
   134    63    15     4

Precision / Recall
    0.6802    0.9710


Completed iteration:26
Prediction points:207
  TP     FP     TN     FN
   134    53    12     8

Precision / Recall
    0.7166    0.9437


Completed iteration:27
Prediction points:184
  TP     FP     TN     FN
   107    51    18     8

Precision / Recall
    0.6772    0.9304


Completed iteration:28
Prediction points:215
  TP     FP     TN     FN
   113    52    25    25

Precision / Recall
    0.6848    0.8188


Completed iteration:29
Prediction points:218
  TP     FP     TN     FN
    69    48    30    71

Precision / Recall
    0.5897    0.4929


Completed iteration:30
Prediction points:222
  TP     FP     TN     FN
    78    36    26    82

Precision / Recall
    0.6842    0.4875

Overall results (hybrid)
Confidence threshold=0.6
Filtered datapoints
AUC ave err std
    0.5193

    0.0641

    0.0641

Precision / Recall macro
    0.6804    0.6750

Precision / Recall micro
    0.6921    0.6697


Completed iteration:1
Prediction points:153
  TP     FP     TN     FN
    84    36    15    18

Precision / Recall
    0.7000    0.8235


Completed iteration:2
Prediction points:207
  TP     FP     TN     FN
    63    32    25    87

Precision / Recall
    0.6632    0.4200


Completed iteration:3
Prediction points:189
  TP     FP     TN     FN
    50    21    30    88

Precision / Recall
    0.7042    0.3623


Completed iteration:4
Prediction points:142
  TP     FP     TN     FN
    94    35    12     1

Precision / Recall
    0.7287    0.9895


Completed iteration:5
Prediction points:194
  TP     FP     TN     FN
   112    48    14    20

Precision / Recall
    0.7000    0.8485


Completed iteration:6
Prediction points:144
  TP     FP     TN     FN
    89    36    14     5

Precision / Recall
    0.7120    0.9468


Completed iteration:7
Prediction points:132
  TP     FP     TN     FN
    85    25    17     5

Precision / Recall
    0.7727    0.9444


Completed iteration:8
Prediction points:201
  TP     FP     TN     FN
    83    41    28    49

Precision / Recall
    0.6694    0.6288


Completed iteration:9
Prediction points:170
  TP     FP     TN     FN
   111    32    18     9

Precision / Recall
    0.7762    0.9250


Completed iteration:10
Prediction points:199
  TP     FP     TN     FN
    35    28    52    84

Precision / Recall
    0.5556    0.2941


Completed iteration:11
Prediction points:183
  TP     FP     TN     FN
    97    27    26    33

Precision / Recall
    0.7823    0.7462


Completed iteration:12
Prediction points:179
  TP     FP     TN     FN
   130    35    12     2

Precision / Recall
    0.7879    0.9848


Completed iteration:13
Prediction points:202
  TP     FP     TN     FN
    49    34    33    86

Precision / Recall
    0.5904    0.3630


Completed iteration:14
Prediction points:193
  TP     FP     TN     FN
    40    19    38    96

Precision / Recall
    0.6780    0.2941


Completed iteration:15
Prediction points:159
  TP     FP     TN     FN
    98    35    18     8

Precision / Recall
    0.7368    0.9245


Completed iteration:16
Prediction points:136
  TP     FP     TN     FN
    77    30    14    15

Precision / Recall
    0.7196    0.8370


Completed iteration:17
Prediction points:142
  TP     FP     TN     FN
    96    35     7     4

Precision / Recall
    0.7328    0.9600


Completed iteration:18
Prediction points:165
  TP     FP     TN     FN
   103    49     8     5

Precision / Recall
    0.6776    0.9537


Completed iteration:19
Prediction points:186
  TP     FP     TN     FN
    49    17    31    89

Precision / Recall
    0.7424    0.3551


Completed iteration:20
Prediction points:182
  TP     FP     TN     FN
   119    41    14     8

Precision / Recall
    0.7438    0.9370


Completed iteration:21
Prediction points:158
  TP     FP     TN     FN
    70    46    10    32

Precision / Recall
    0.6034    0.6863


Completed iteration:22
Prediction points:197
  TP     FP     TN     FN
    73    34    34    56

Precision / Recall
    0.6822    0.5659


Completed iteration:23
Prediction points:205
  TP     FP     TN     FN
    61    29    31    84

Precision / Recall
    0.6778    0.4207


Completed iteration:24
Prediction points:191
  TP     FP     TN     FN
    47    24    37    83

Precision / Recall
    0.6620    0.3615


Completed iteration:25
Prediction points:218
  TP     FP     TN     FN
    50    32    33   103

Precision / Recall
    0.6098    0.3268


Completed iteration:26
Prediction points:201
  TP     FP     TN     FN
    52    29    26    94

Precision / Recall
    0.6420    0.3562


Completed iteration:27
Prediction points:155
  TP     FP     TN     FN
    46    33    20    56

Precision / Recall
    0.5823    0.4510


Completed iteration:28
Prediction points:182
  TP     FP     TN     FN
    47    26    34    75

Precision / Recall
    0.6438    0.3852


Completed iteration:29
Prediction points:142
  TP     FP     TN     FN
    36    23    25    58

Precision / Recall
    0.6102    0.3830


Completed iteration:30
Prediction points:204
  TP     FP     TN     FN
    86    34    30    54

Precision / Recall
    0.7167    0.6143

Overall results (hybrid)
Confidence threshold=0.7
Filtered datapoints
AUC ave err std
    0.5246

    0.0783

    0.0783

Precision / Recall macro
    0.6868    0.6363

Precision / Recall micro
    0.6979    0.6134


Completed iteration:1
Prediction points:200
  TP     FP     TN     FN
    26    15    51   108

Precision / Recall
    0.6341    0.1940


Completed iteration:2
Prediction points:169
  TP     FP     TN     FN
    47    24    28    70

Precision / Recall
    0.6620    0.4017


Completed iteration:3
Prediction points:171
  TP     FP     TN     FN
    58    28    27    58

Precision / Recall
    0.6744    0.5000


Completed iteration:4
Prediction points:130
  TP     FP     TN     FN
    80    27    13    10

Precision / Recall
    0.7477    0.8889


Completed iteration:5
Prediction points:171
  TP     FP     TN     FN
   114    40    10     7

Precision / Recall
    0.7403    0.9421


Completed iteration:6
Prediction points:154
  TP     FP     TN     FN
    40    20    29    65

Precision / Recall
    0.6667    0.3810


Completed iteration:7
Prediction points:162
  TP     FP     TN     FN
    73    26    22    41

Precision / Recall
    0.7374    0.6404


Completed iteration:8
Prediction points:126
  TP     FP     TN     FN
    42    12    26    46

Precision / Recall
    0.7778    0.4773


Completed iteration:9
Prediction points:152
  TP     FP     TN     FN
    58    13    24    57

Precision / Recall
    0.8169    0.5043


Completed iteration:10
Prediction points:186
  TP     FP     TN     FN
   124    46    14     2

Precision / Recall
    0.7294    0.9841


Completed iteration:11
Prediction points:118
  TP     FP     TN     FN
    39    19    16    44

Precision / Recall
    0.6724    0.4699


Completed iteration:12
Prediction points:132
  TP     FP     TN     FN
    13    11    33    75

Precision / Recall
    0.5417    0.1477


Completed iteration:13
Prediction points:119
  TP     FP     TN     FN
    59    30    11    19

Precision / Recall
    0.6629    0.7564


Completed iteration:14
Prediction points:167
  TP     FP     TN     FN
    23    12    40    92

Precision / Recall
    0.6571    0.2000


Completed iteration:15
Prediction points:151
  TP     FP     TN     FN
    60    31    20    40

Precision / Recall
    0.6593    0.6000


Completed iteration:16
Prediction points:182
  TP     FP     TN     FN
    38    15    36    93

Precision / Recall
    0.7170    0.2901


Completed iteration:17
Prediction points:111
  TP     FP     TN     FN
    67    25    11     8

Precision / Recall
    0.7283    0.8933


Completed iteration:18
Prediction points:166
  TP     FP     TN     FN
    59    31    27    49

Precision / Recall
    0.6556    0.5463


Completed iteration:19
Prediction points:162
  TP     FP     TN     FN
    38    28    27    69

Precision / Recall
    0.5758    0.3551


Completed iteration:20
Prediction points:149
  TP     FP     TN     FN
    46    16    25    62

Precision / Recall
    0.7419    0.4259


Completed iteration:21
Prediction points:181
  TP     FP     TN     FN
    28    23    34    96

Precision / Recall
    0.5490    0.2258


Completed iteration:22
Prediction points:124
  TP     FP     TN     FN
    48    25    17    34

Precision / Recall
    0.6575    0.5854


Completed iteration:23
Prediction points:112
  TP     FP     TN     FN
    56    30    14    12

Precision / Recall
    0.6512    0.8235


Completed iteration:24
Prediction points:203
  TP     FP     TN     FN
    38    22    37   106

Precision / Recall
    0.6333    0.2639


Completed iteration:25
Prediction points:120
  TP     FP     TN     FN
    43    16    24    37

Precision / Recall
    0.7288    0.5375


Completed iteration:26
Prediction points:153
  TP     FP     TN     FN
    61    23    22    47

Precision / Recall
    0.7262    0.5648


Completed iteration:27
Prediction points:136
  TP     FP     TN     FN
    87    30    14     5

Precision / Recall
    0.7436    0.9457


Completed iteration:28
Prediction points:177
  TP     FP     TN     FN
    38    18    26    95

Precision / Recall
    0.6786    0.2857


Completed iteration:29
Prediction points:157
  TP     FP     TN     FN
    54    23    27    53

Precision / Recall
    0.7013    0.5047


Completed iteration:30
Prediction points:112
  TP     FP     TN     FN
    61    38     8     5

Precision / Recall
    0.6162    0.9242

Overall results (hybrid)
Confidence threshold=0.8
Filtered datapoints
AUC ave err std
    0.5179

    0.0590

    0.0590

Precision / Recall macro
    0.6828    0.5420

Precision / Recall micro
    0.6929    0.5181


Completed iteration:1
Prediction points:106
  TP     FP     TN     FN
    46    22    12    26

Precision / Recall
    0.6765    0.6389


Completed iteration:2
Prediction points:76
  TP     FP     TN     FN
    24    15    15    22

Precision / Recall
    0.6154    0.5217


Completed iteration:3
Prediction points:60
  TP     FP     TN     FN
    37    12    10     1

Precision / Recall
    0.7551    0.9737


Completed iteration:4
Prediction points:135
  TP     FP     TN     FN
    27     9    27    72

Precision / Recall
    0.7500    0.2727


Completed iteration:5
Prediction points:40
  TP     FP     TN     FN
    13     6    12     9

Precision / Recall
    0.6842    0.5909


Completed iteration:6
Prediction points:128
  TP     FP     TN     FN
    21    11    21    75

Precision / Recall
    0.6563    0.2188


Completed iteration:7
Prediction points:118
  TP     FP     TN     FN
    12     7    30    69

Precision / Recall
    0.6316    0.1481


Completed iteration:8
Prediction points:132
  TP     FP     TN     FN
    86    30    16     0

Precision / Recall
    0.7414    1.0000


Completed iteration:9
Prediction points:57
  TP     FP     TN     FN
    24    11    15     7

Precision / Recall
    0.6857    0.7742


Completed iteration:10
Prediction points:161
  TP     FP     TN     FN
    22    11    44    84

Precision / Recall
    0.6667    0.2075


Completed iteration:11
Prediction points:155
  TP     FP     TN     FN
    11     4    37   103

Precision / Recall
    0.7333    0.0965


Completed iteration:12
Prediction points:109
  TP     FP     TN     FN
    22    13    28    46

Precision / Recall
    0.6286    0.3235


Completed iteration:13
Prediction points:118
  TP     FP     TN     FN
    74    28     8     8

Precision / Recall
    0.7255    0.9024


Completed iteration:14
Prediction points:149
  TP     FP     TN     FN
    21    12    27    89

Precision / Recall
    0.6364    0.1909


Completed iteration:15
Prediction points:92
  TP     FP     TN     FN
    49    25    12     6

Precision / Recall
    0.6622    0.8909


Completed iteration:16
Prediction points:103
  TP     FP     TN     FN
    12     5    23    63

Precision / Recall
    0.7059    0.1600


Completed iteration:17
Prediction points:152
  TP     FP     TN     FN
    21    14    31    86

Precision / Recall
    0.6000    0.1963


Completed iteration:18
Prediction points:51
  TP     FP     TN     FN
    29    11     8     3

Precision / Recall
    0.7250    0.9063


Completed iteration:19
Prediction points:152
  TP     FP     TN     FN
    44    10    33    65

Precision / Recall
    0.8148    0.4037


Completed iteration:20
Prediction points:67
  TP     FP     TN     FN
     5     2    24    36

Precision / Recall
    0.7143    0.1220


Completed iteration:21
Prediction points:70
  TP     FP     TN     FN
    12    13    10    35

Precision / Recall
    0.4800    0.2553


Completed iteration:22
Prediction points:155
  TP     FP     TN     FN
    23     9    37    86

Precision / Recall
    0.7188    0.2110


Completed iteration:23
Prediction points:84
  TP     FP     TN     FN
    45    16    15     8

Precision / Recall
    0.7377    0.8491


Completed iteration:24
Prediction points:60
  TP     FP     TN     FN
    28    14    13     5

Precision / Recall
    0.6667    0.8485


Completed iteration:25
Prediction points:37
  TP     FP     TN     FN
    18     7     7     5

Precision / Recall
    0.7200    0.7826


Completed iteration:26
Prediction points:144
  TP     FP     TN     FN
    71    27    19    27

Precision / Recall
    0.7245    0.7245


Completed iteration:27
Prediction points:97
  TP     FP     TN     FN
    17     5    20    55

Precision / Recall
    0.7727    0.2361


Completed iteration:28
Prediction points:69
  TP     FP     TN     FN
    31    11    18     9

Precision / Recall
    0.7381    0.7750


Completed iteration:29
Prediction points:165
  TP     FP     TN     FN
   108    41    10     6

Precision / Recall
    0.7248    0.9474


Completed iteration:30
Prediction points:133
  TP     FP     TN     FN
    21    12    28    72

Precision / Recall
    0.6364    0.2258

Overall results (hybrid)
Confidence threshold=0.9
Filtered datapoints
AUC ave err std
    0.5532

    0.0928

    0.0928

Precision / Recall macro
    0.6909    0.5131

Precision / Recall micro
    0.7022    0.4526

    TPR       FPR       TNR       FNR       cutoff
computation time (s)
  349.0800

