!!!!below quality measures have been removed due to insufficient data!!!!!!!!!!!!
binThreshold:30
crowdsource cutoff:0.8
using confidence:1
Number of bins: 31
Average bin size: 1.683871e+01

Eliminated 0 points
if system_dependent('IsDebugMode')==1, dbstep; end
if system_dependent('IsDebugMode')==1, dbstep; end
if system_dependent('IsDebugMode')==1, dbstep; end
Constructing neighborhood graph...
Computing shortest paths...
Checking for outliers...
  Number of connected components in graph: 3
  Embedding component 1 with 65 points.
Constructing low-dimensional embeddings (Classical MDS)...
if system_dependent('IsDebugMode')==1, dbstep; end
Displayed 65 points
if system_dependent('IsDebugMode')==1, dbstep; end
if system_dependent('IsDebugMode')==1, dbstep; end
Constructing neighborhood graph...
Computing shortest paths...
Checking for outliers...
  Number of connected components in graph: 1
  Embedding component 1 with 130 points.
Constructing low-dimensional embeddings (Classical MDS)...
if system_dependent('IsDebugMode')==1, dbstep; end
Displayed 130 points
if system_dependent('IsDebugMode')==1, dbstep; end
if system_dependent('IsDebugMode')==1, dbcont; end
Constructing neighborhood graph...
Computing shortest paths...
Checking for outliers...
  Number of connected components in graph: 1
  Embedding component 1 with 130 points.
Constructing low-dimensional embeddings (Classical MDS)...
Displayed 130 points
Constructing neighborhood graph...
Computing shortest paths...
Checking for outliers...
  Number of connected components in graph: 1
  Embedding component 1 with 130 points.
Constructing low-dimensional embeddings (Classical MDS)...
Displayed 130 points
Constructing neighborhood graph...
Computing shortest paths...
Checking for outliers...
  Number of connected components in graph: 1
  Embedding component 1 with 130 points.
Constructing low-dimensional embeddings (Classical MDS)...
Displayed 130 points
Constructing neighborhood graph...
Computing shortest paths...
Checking for outliers...
  Number of connected components in graph: 1
  Embedding component 1 with 130 points.
Constructing low-dimensional embeddings (Classical MDS)...
Displayed 130 points
if system_dependent('IsDebugMode')==1, dbstep; end
if system_dependent('IsDebugMode')==1, dbstep; end
if system_dependent('IsDebugMode')==1, dbstep; end
Constructing neighborhood graph...
Computing shortest paths...
Checking for outliers...
  Number of connected components in graph: 3
  Embedding component 1 with 65 points.
Constructing low-dimensional embeddings (Classical MDS)...
if system_dependent('IsDebugMode')==1, dbstep; end
Displayed 65 points
if system_dependent('IsDebugMode')==1, dbstep; end
if system_dependent('IsDebugMode')==1, dbstep; end
Constructing neighborhood graph...
Computing shortest paths...
Checking for outliers...
  Number of connected components in graph: 1
  Embedding component 1 with 130 points.
Constructing low-dimensional embeddings (Classical MDS)...
if system_dependent('IsDebugMode')==1, dbstep; end
Displayed 130 points
if system_dependent('IsDebugMode')==1, dbstep; end
if system_dependent('IsDebugMode')==1, dbstep in; end
if system_dependent('IsDebugMode')==1, dbstep; end
if system_dependent('IsDebugMode')==1, dbstep; end
if system_dependent('IsDebugMode')==1, dbstep; end
if system_dependent('IsDebugMode')==1, dbstep; end
if system_dependent('IsDebugMode')==1, dbstep; end
if system_dependent('IsDebugMode')==1, dbstep; end
if system_dependent('IsDebugMode')==1, dbstep; end
Constructing neighborhood graph...
Computing shortest paths...
Checking for outliers...
  Number of connected components in graph: 1
  Embedding component 1 with 130 points.
Constructing low-dimensional embeddings (Classical MDS)...
if system_dependent('IsDebugMode')==1, dbstep out; end
if system_dependent('IsDebugMode')==1, dbcont; end
Displayed 130 points
Constructing neighborhood graph...
Computing shortest paths...
Checking for outliers...
  Number of connected components in graph: 1
  Embedding component 1 with 130 points.
Constructing low-dimensional embeddings (Classical MDS)...
Displayed 130 points
Constructing neighborhood graph...
Computing shortest paths...
Checking for outliers...
  Number of connected components in graph: 1
  Embedding component 1 with 130 points.
Constructing low-dimensional embeddings (Classical MDS)...
Displayed 130 points
Constructing neighborhood graph...
Computing shortest paths...
Checking for outliers...
  Number of connected components in graph: 1
  Embedding component 1 with 130 points.
Constructing low-dimensional embeddings (Classical MDS)...
Displayed 130 points
if system_dependent('IsDebugMode')==1, dbstep; end
if system_dependent('IsDebugMode')==1, dbcont; end
Constructing neighborhood graph...
Computing shortest paths...
Checking for outliers...
  Number of connected components in graph: 3
  Embedding component 1 with 65 points.
Constructing low-dimensional embeddings (Classical MDS)...
Displayed 65 points
Constructing neighborhood graph...
Computing shortest paths...
Checking for outliers...
  Number of connected components in graph: 1
  Embedding component 1 with 130 points.
Constructing low-dimensional embeddings (Classical MDS)...
Displayed 130 points
Constructing neighborhood graph...
Computing shortest paths...
Checking for outliers...
  Number of connected components in graph: 1
  Embedding component 1 with 130 points.
Constructing low-dimensional embeddings (Classical MDS)...
Displayed 130 points
Constructing neighborhood graph...
Computing shortest paths...
Checking for outliers...
  Number of connected components in graph: 1
  Embedding component 1 with 130 points.
Constructing low-dimensional embeddings (Classical MDS)...
Displayed 130 points
Constructing neighborhood graph...
Computing shortest paths...
Checking for outliers...
  Number of connected components in graph: 1
  Embedding component 1 with 130 points.
Constructing low-dimensional embeddings (Classical MDS)...
Displayed 130 points
Constructing neighborhood graph...
Computing shortest paths...
Checking for outliers...
  Number of connected components in graph: 1
  Embedding component 1 with 130 points.
Constructing low-dimensional embeddings (Classical MDS)...
Displayed 130 points
if system_dependent('IsDebugMode')==1, dbquit; end
GP_crowdsource(.8,30)
