!!!!below quality measures have been removed due to insufficient data!!!!!!!!!!!!
binThreshold:30
crowdsource cutoff:0.8
using confidence:1
Number of bins: 31
Average bin size: 1.683871e+01

Eliminated 0 points
Completed iteration 1

Eliminated 0 points
Completed iteration 2

Eliminated 0 points
Completed iteration 3

Eliminated 0 points
Completed iteration 4

Eliminated 0 points
Completed iteration 5

Eliminated 0 points
Completed iteration 6

Eliminated 0 points
Completed iteration 7

Eliminated 0 points
Completed iteration 8

Eliminated 0 points
Completed iteration 9

Eliminated 0 points
Completed iteration 10

Eliminated 0 points
Completed iteration 11

Eliminated 0 points
Completed iteration 12

Eliminated 0 points
Completed iteration 13

Eliminated 0 points
Completed iteration 14

Eliminated 0 points
Completed iteration 15

Eliminated 0 points
Completed iteration 16

Eliminated 0 points
Completed iteration 17

Eliminated 0 points
Completed iteration 18

Eliminated 0 points
Completed iteration 19

Eliminated 0 points
Completed iteration 20

Eliminated 0 points
Completed iteration 21

Eliminated 0 points
Completed iteration 22

Eliminated 0 points
Completed iteration 23

Eliminated 0 points
Completed iteration 24

Eliminated 0 points
Completed iteration 25

Eliminated 0 points
Completed iteration 26

Eliminated 0 points
Completed iteration 27

Eliminated 0 points
Completed iteration 28

Eliminated 0 points
Completed iteration 29

Eliminated 0 points
Completed iteration 30
Printing all grasps falling into high-precision nodes. Conf=0.000000
Node index 61
  123.0000   -1.2860   -1.1031
  126.0000   -1.3861   -1.1349
  129.0000   -1.2763   -1.0982
  131.0000   -0.9495   -1.1644
  135.0000   -1.2508   -1.0639
  136.0000   -1.0430   -1.0751
  140.0000   -1.1285   -1.1208
  141.0000   -1.1939   -1.1441
  142.0000   -1.1464   -1.0991
  143.0000   -1.1035   -1.1816
  144.0000   -1.1265   -1.2011
  145.0000   -0.9449   -1.0563
  146.0000   -0.5410   -0.7897
  148.0000   -0.7518   -1.0837
  154.0000   -1.1294   -1.1484
  155.0000   -0.9471   -1.1330
  156.0000   -0.9658   -1.1098
  158.0000   -1.3263   -1.1428
  161.0000   -1.0231   -1.1010
  165.0000   -1.1258   -1.0835
  166.0000   -1.1304   -1.0308
  169.0000   -1.3514   -0.9588
  171.0000   -0.4153   -0.7345
  174.0000   -1.2337   -1.0074
  183.0000   -0.0074   -0.3402
  187.0000    0.4195   -0.0820
  203.0000    0.4120   -0.0735
  221.0000   -0.1590   -0.3876
  234.0000   -6.8296    5.9323
  288.0000   -6.8296    5.9323
  308.0000   -0.8761   -0.6106
  349.0000    0.0155   -0.8047
  359.0000    0.1543   -1.0458
  362.0000    0.0998   -0.9155
  363.0000    0.0933   -0.9662
  364.0000    0.1674   -0.8661
  367.0000    0.1480   -0.9396
  372.0000    0.1446   -0.9280
  373.0000   -0.1175   -0.9002
  380.0000    0.0154   -0.9871
  381.0000   -0.0080   -0.9778
  382.0000    0.0480   -0.9783
  384.0000    0.1921   -0.8193
  389.0000    0.2769   -0.8132
  392.0000    0.0905   -0.9055
  404.0000    0.5607   -0.3474
  422.0000   -0.0029   -0.7633
  441.0000   -0.0068   -0.7290
  462.0000   -1.2304   -1.0035
  492.0000   -0.9812   -0.7521
  503.0000   -1.5664   -1.3933

51 points dumped in total
index 123: -1.286012, -1.103101
index 126: -1.386119, -1.134917
index 129: -1.276321, -1.098237
index 131: -0.949541, -1.164423
index 135: -1.250809, -1.063940
index 136: -1.042996, -1.075127
index 140: -1.128468, -1.120816
index 141: -1.193948, -1.144144
index 142: -1.146417, -1.099074
index 143: -1.103512, -1.181596
index 144: -1.126458, -1.201077
index 145: -0.944932, -1.056272
index 146: -0.541017, -0.789709
index 148: -0.751847, -1.083688
index 154: -1.129444, -1.148398
index 155: -0.947082, -1.132953
index 156: -0.965784, -1.109754
index 158: -1.326341, -1.142790
index 161: -1.023142, -1.100964
index 165: -1.125796, -1.083487
index 166: -1.130412, -1.030786
index 169: -1.351438, -0.958782
index 171: -0.415313, -0.734486
index 174: -1.233745, -1.007385
index 183: -0.007381, -0.340177
index 187: 0.419478, -0.081951
index 203: 0.412045, -0.073475
index 221: -0.159020, -0.387640
index 234: -6.829649, 5.932283
index 288: -6.829649, 5.932283
index 308: -0.876082, -0.610554
index 349: 0.015452, -0.804719
index 359: 0.154335, -1.045792
index 362: 0.099808, -0.915471
index 363: 0.093325, -0.966153
index 364: 0.167403, -0.866064
index 367: 0.147970, -0.939631
index 372: 0.144624, -0.928034
index 373: -0.117469, -0.900169
index 380: 0.015444, -0.987143
index 381: -0.007965, -0.977824
index 382: 0.048045, -0.978256
index 384: 0.192055, -0.819327
index 389: 0.276863, -0.813190
index 392: 0.090475, -0.905511
index 404: 0.560708, -0.347423
index 422: -0.002932, -0.763330
index 441: -0.006808, -0.728974
index 462: -1.230404, -1.003526
index 492: -0.981164, -0.752083
index 503: -1.566423, -1.393328
Interpolation failed - throwing out 1 points
Interpolation failed - throwing out 2 points
TPR Info by Lines: FPR Threshold/TPR/TPR STD ERR/TPR STD
    0.0500    0.1000    0.1500
    0.3108    0.3773    0.4164
    0.0360    0.0443    0.0446
    0.0360    0.0443    0.0446

Overall results (hybrid)
Confidence threshold=0
Filtered datapoints
Prediction points: 130.000000 (stddev 0.000000)
Individual AUCs:
    0.5901
    0.5813
    0.6335
    0.6568
    0.6968
    0.6300
    0.6458
    0.6470
    0.6875
    0.6508
    0.6098
    0.7213
    0.6129
    0.6419
    0.6293
    0.7128
    0.6422
    0.6082
    0.6718
    0.6445
    0.7637
    0.6254
    0.6517
    0.6279
    0.4147
    0.7029
    0.6446
    0.6717
    0.6036
    0.7179

p-value (Wilcoxon signed ranked test): 0.000002
AUC ave err std
    0.6446

    0.0605

    0.0605

Precision / Recall macro
    0.9362    0.3265

Precision / Recall micro
    0.9336    0.3262

Std devs
    0.0464    0.0599


Eliminated 49 points
Completed iteration 1

Eliminated 74 points
Completed iteration 2

Eliminated 60 points
Completed iteration 3

Eliminated 64 points
Completed iteration 4

Eliminated 71 points
Completed iteration 5

Eliminated 82 points
Completed iteration 6

Eliminated 54 points
Completed iteration 7

Eliminated 79 points
Completed iteration 8

Eliminated 87 points
Completed iteration 9

Eliminated 70 points
Completed iteration 10

Eliminated 78 points
Completed iteration 11

Eliminated 65 points
Completed iteration 12

Eliminated 68 points
Completed iteration 13

Eliminated 61 points
Completed iteration 14

Eliminated 61 points
Completed iteration 15

Eliminated 67 points
Completed iteration 16

Eliminated 92 points
Completed iteration 17

Eliminated 60 points
Completed iteration 18

Eliminated 56 points
Completed iteration 19

Eliminated 72 points
Completed iteration 20

Eliminated 66 points
Completed iteration 21

Eliminated 55 points
Completed iteration 22

Eliminated 87 points
Completed iteration 23

Eliminated 73 points
Completed iteration 24

Eliminated 62 points
Completed iteration 25

Eliminated 66 points
Completed iteration 26

Eliminated 82 points
Completed iteration 27

Eliminated 51 points
Completed iteration 28

Eliminated 61 points
Completed iteration 29

Eliminated 67 points
Completed iteration 30
Printing all grasps falling into high-precision nodes. Conf=0.500000
Node index 21
  133.0000   -0.0972   -0.5695
  137.0000   -0.0035   -0.4807
  164.0000    0.1139    0.1288
  222.0000   -0.2298   -0.6370
  241.0000    0.6677    0.4557
  251.0000    0.2939    0.2990
  257.0000    0.2523    0.3165
  262.0000    0.2294    0.3334
  265.0000    0.4408    0.3647
  272.0000   -0.2322   -0.0789
  277.0000    0.1776    0.3277
  289.0000    0.0411   -0.4544
  313.0000   -0.0859   -0.4315
  324.0000    0.3914   -0.7584
  331.0000    0.1256   -0.4845
  334.0000    0.2290   -0.8072
  338.0000   -0.0110   -0.5117
  352.0000    0.1040   -0.4730
  357.0000    0.4987   -0.5761
  368.0000    0.6070    0.1004
  387.0000    0.3069   -0.8166
  411.0000    0.3561   -0.6198
  413.0000   -0.0145   -0.7294
  418.0000   -0.0143   -0.7239
  419.0000    0.2517   -0.6242
  429.0000    0.3642   -0.3874
  439.0000    0.6322   -0.3536
  445.0000    0.2194    0.1792
  447.0000    0.3458   -0.5330
  460.0000    0.2466   -0.5846

Node index 45
  302.0000    0.0112   -0.5155
  312.0000    0.3276   -0.6721
  317.0000    0.4537   -0.6457
  318.0000    0.3156   -0.4720
  328.0000    0.7668   -0.2627
  342.0000   -0.0541   -0.5214
  358.0000    0.3223   -0.8622
  361.0000    0.4764   -0.8169
  385.0000    0.5816   -0.4596
  394.0000    0.4076   -0.7946
  416.0000    0.1682   -0.7233
  417.0000    0.0546   -0.7203
  425.0000    0.2748   -0.5124
  426.0000    0.2563   -0.6375
  432.0000    0.2119   -0.6607
  437.0000    0.1376   -0.6311
  453.0000    0.5616   -0.4939
  456.0000    0.4009   -0.6149

Node index 61
  123.0000   -1.2860   -1.1031
  126.0000   -1.3861   -1.1349
  129.0000   -1.2763   -1.0982
  131.0000   -0.9495   -1.1644
  135.0000   -1.2508   -1.0639
  136.0000   -1.0430   -1.0751
  140.0000   -1.1285   -1.1208
  141.0000   -1.1939   -1.1441
  142.0000   -1.1464   -1.0991
  143.0000   -1.1035   -1.1816
  144.0000   -1.1265   -1.2011
  145.0000   -0.9449   -1.0563
  146.0000   -0.5410   -0.7897
  148.0000   -0.7518   -1.0837
  154.0000   -1.1294   -1.1484
  155.0000   -0.9471   -1.1330
  156.0000   -0.9658   -1.1098
  158.0000   -1.3263   -1.1428
  161.0000   -1.0231   -1.1010
  165.0000   -1.1258   -1.0835
  166.0000   -1.1304   -1.0308
  169.0000   -1.3514   -0.9588
  171.0000   -0.4153   -0.7345
  174.0000   -1.2337   -1.0074
  183.0000   -0.0074   -0.3402
  187.0000    0.4195   -0.0820
  203.0000    0.4120   -0.0735
  221.0000   -0.1590   -0.3876
  234.0000   -6.8296    5.9323
  288.0000   -6.8296    5.9323
  308.0000   -0.8761   -0.6106
  349.0000    0.0155   -0.8047
  359.0000    0.1543   -1.0458
  362.0000    0.0998   -0.9155
  363.0000    0.0933   -0.9662
  364.0000    0.1674   -0.8661
  367.0000    0.1480   -0.9396
  372.0000    0.1446   -0.9280
  373.0000   -0.1175   -0.9002
  380.0000    0.0154   -0.9871
  381.0000   -0.0080   -0.9778
  382.0000    0.0480   -0.9783
  384.0000    0.1921   -0.8193
  389.0000    0.2769   -0.8132
  392.0000    0.0905   -0.9055
  404.0000    0.5607   -0.3474
  422.0000   -0.0029   -0.7633
  441.0000   -0.0068   -0.7290
  462.0000   -1.2304   -1.0035
  492.0000   -0.9812   -0.7521
  503.0000   -1.5664   -1.3933

99 points dumped in total
index 123: -1.286012, -1.103101
index 126: -1.386119, -1.134917
index 129: -1.276321, -1.098237
index 131: -0.949541, -1.164423
index 133: -0.097228, -0.569516
index 135: -1.250809, -1.063940
index 136: -1.042996, -1.075127
index 137: -0.003499, -0.480654
index 140: -1.128468, -1.120816
index 141: -1.193948, -1.144144
index 142: -1.146417, -1.099074
index 143: -1.103512, -1.181596
index 144: -1.126458, -1.201077
index 145: -0.944932, -1.056272
index 146: -0.541017, -0.789709
index 148: -0.751847, -1.083688
index 154: -1.129444, -1.148398
index 155: -0.947082, -1.132953
index 156: -0.965784, -1.109754
index 158: -1.326341, -1.142790
index 161: -1.023142, -1.100964
index 164: 0.113930, 0.128786
index 165: -1.125796, -1.083487
index 166: -1.130412, -1.030786
index 169: -1.351438, -0.958782
index 171: -0.415313, -0.734486
index 174: -1.233745, -1.007385
index 183: -0.007381, -0.340177
index 187: 0.419478, -0.081951
index 203: 0.412045, -0.073475
index 221: -0.159020, -0.387640
index 222: -0.229827, -0.637012
index 234: -6.829649, 5.932283
index 241: 0.667745, 0.455659
index 251: 0.293945, 0.298972
index 257: 0.252341, 0.316534
index 262: 0.229431, 0.333448
index 265: 0.440795, 0.364719
index 272: -0.232181, -0.078949
index 277: 0.177622, 0.327670
index 288: -6.829649, 5.932283
index 289: 0.041133, -0.454373
index 302: 0.011193, -0.515459
index 308: -0.876082, -0.610554
index 312: 0.327552, -0.672094
index 313: -0.085936, -0.431462
index 317: 0.453667, -0.645690
index 318: 0.315610, -0.472040
index 324: 0.391450, -0.758403
index 328: 0.766844, -0.262657
index 331: 0.125569, -0.484463
index 334: 0.229013, -0.807171
index 338: -0.010998, -0.511679
index 342: -0.054087, -0.521437
index 349: 0.015452, -0.804719
index 352: 0.104047, -0.473020
index 357: 0.498666, -0.576095
index 358: 0.322345, -0.862207
index 359: 0.154335, -1.045792
index 361: 0.476434, -0.816948
index 362: 0.099808, -0.915471
index 363: 0.093325, -0.966153
index 364: 0.167403, -0.866064
index 367: 0.147970, -0.939631
index 368: 0.607005, 0.100438
index 372: 0.144624, -0.928034
index 373: -0.117469, -0.900169
index 380: 0.015444, -0.987143
index 381: -0.007965, -0.977824
index 382: 0.048045, -0.978256
index 384: 0.192055, -0.819327
index 385: 0.581607, -0.459552
index 387: 0.306900, -0.816591
index 389: 0.276863, -0.813190
index 392: 0.090475, -0.905511
index 394: 0.407647, -0.794572
index 404: 0.560708, -0.347423
index 411: 0.356147, -0.619765
index 413: -0.014482, -0.729398
index 416: 0.168205, -0.723279
index 417: 0.054628, -0.720293
index 418: -0.014319, -0.723861
index 419: 0.251748, -0.624211
index 422: -0.002932, -0.763330
index 425: 0.274810, -0.512404
index 426: 0.256349, -0.637506
index 429: 0.364166, -0.387402
index 432: 0.211942, -0.660727
index 437: 0.137557, -0.631084
index 439: 0.632173, -0.353580
index 441: -0.006808, -0.728974
index 445: 0.219406, 0.179204
index 447: 0.345808, -0.532963
index 453: 0.561584, -0.493914
index 456: 0.400858, -0.614878
index 460: 0.246552, -0.584550
index 462: -1.230404, -1.003526
index 492: -0.981164, -0.752083
index 503: -1.566423, -1.393328
Interpolation failed - throwing out 1 points
Interpolation failed - throwing out 2 points
Interpolation failed - throwing out 3 points
Interpolation failed - throwing out 4 points
Interpolation failed - throwing out 5 points
Interpolation failed - throwing out 6 points
Interpolation failed - throwing out 7 points
Interpolation failed - throwing out 8 points
Interpolation failed - throwing out 9 points
Interpolation failed - throwing out 10 points
TPR Info by Lines: FPR Threshold/TPR/TPR STD ERR/TPR STD
    0.0500    0.1000    0.1500
    0.3855    0.5133    0.5722
    0.0525    0.0607    0.0715
    0.0525    0.0607    0.0715

Overall results (hybrid)
Confidence threshold=0.5
Filtered datapoints
Prediction points: 62.000000 (stddev 10.995297)
Individual AUCs:
    0.7524
    0.7594
    0.7553
    0.7072
    0.7082
    0.7500
    0.6957
    0.6634
    0.7500
    0.7332
    0.7524
    0.7170
    0.7966
    0.4310
    0.6593
    0.8660
    0.9152
    0.7652
    0.7649
    0.7231
    0.7756
    0.7444
    0.7688
    0.7810
    0.7809
    0.8074
    0.8432
    0.8177
    0.7048
    0.7587

p-value (Wilcoxon signed ranked test): 0.000002
AUC ave err std
    0.7483

    0.0812

    0.0812

Precision / Recall macro
    0.9330    0.2848

Precision / Recall micro
    0.9347    0.2851

Std devs
    0.0491    0.0568


Eliminated 80 points
Completed iteration 1

Eliminated 63 points
Completed iteration 2

Eliminated 69 points
Completed iteration 3

Eliminated 65 points
Completed iteration 4

Eliminated 76 points
Completed iteration 5

Eliminated 76 points
Completed iteration 6

Eliminated 64 points
Completed iteration 7

Eliminated 60 points
Completed iteration 8

Eliminated 71 points
Completed iteration 9

Eliminated 59 points
Completed iteration 10

Eliminated 68 points
Completed iteration 11

Eliminated 74 points
Completed iteration 12

Eliminated 66 points
Completed iteration 13

Eliminated 67 points
Completed iteration 14

Eliminated 64 points
Completed iteration 15

Eliminated 54 points
Completed iteration 16

Eliminated 78 points
Completed iteration 17

Eliminated 52 points
Completed iteration 18

Eliminated 68 points
Completed iteration 19

Eliminated 62 points
Completed iteration 20

Eliminated 73 points
Completed iteration 21

Eliminated 74 points
Completed iteration 22

Eliminated 55 points
Completed iteration 23

Eliminated 62 points
Completed iteration 24

Eliminated 57 points
Completed iteration 25

Eliminated 76 points
Completed iteration 26

Eliminated 62 points
Completed iteration 27

Eliminated 65 points
Completed iteration 28

Eliminated 51 points
Completed iteration 29

Eliminated 64 points
Completed iteration 30
Printing all grasps falling into high-precision nodes. Conf=0.600000
Node index 61
  123.0000   -1.2860   -1.1031
  126.0000   -1.3861   -1.1349
  129.0000   -1.2763   -1.0982
  131.0000   -0.9495   -1.1644
  135.0000   -1.2508   -1.0639
  136.0000   -1.0430   -1.0751
  140.0000   -1.1285   -1.1208
  141.0000   -1.1939   -1.1441
  142.0000   -1.1464   -1.0991
  143.0000   -1.1035   -1.1816
  144.0000   -1.1265   -1.2011
  145.0000   -0.9449   -1.0563
  146.0000   -0.5410   -0.7897
  148.0000   -0.7518   -1.0837
  154.0000   -1.1294   -1.1484
  155.0000   -0.9471   -1.1330
  156.0000   -0.9658   -1.1098
  158.0000   -1.3263   -1.1428
  161.0000   -1.0231   -1.1010
  165.0000   -1.1258   -1.0835
  166.0000   -1.1304   -1.0308
  169.0000   -1.3514   -0.9588
  171.0000   -0.4153   -0.7345
  174.0000   -1.2337   -1.0074
  183.0000   -0.0074   -0.3402
  187.0000    0.4195   -0.0820
  203.0000    0.4120   -0.0735
  221.0000   -0.1590   -0.3876
  234.0000   -6.8296    5.9323
  288.0000   -6.8296    5.9323
  308.0000   -0.8761   -0.6106
  349.0000    0.0155   -0.8047
  359.0000    0.1543   -1.0458
  362.0000    0.0998   -0.9155
  363.0000    0.0933   -0.9662
  364.0000    0.1674   -0.8661
  367.0000    0.1480   -0.9396
  372.0000    0.1446   -0.9280
  373.0000   -0.1175   -0.9002
  380.0000    0.0154   -0.9871
  381.0000   -0.0080   -0.9778
  382.0000    0.0480   -0.9783
  384.0000    0.1921   -0.8193
  389.0000    0.2769   -0.8132
  392.0000    0.0905   -0.9055
  404.0000    0.5607   -0.3474
  422.0000   -0.0029   -0.7633
  441.0000   -0.0068   -0.7290
  462.0000   -1.2304   -1.0035
  492.0000   -0.9812   -0.7521
  503.0000   -1.5664   -1.3933

51 points dumped in total
index 123: -1.286012, -1.103101
index 126: -1.386119, -1.134917
index 129: -1.276321, -1.098237
index 131: -0.949541, -1.164423
index 135: -1.250809, -1.063940
index 136: -1.042996, -1.075127
index 140: -1.128468, -1.120816
index 141: -1.193948, -1.144144
index 142: -1.146417, -1.099074
index 143: -1.103512, -1.181596
index 144: -1.126458, -1.201077
index 145: -0.944932, -1.056272
index 146: -0.541017, -0.789709
index 148: -0.751847, -1.083688
index 154: -1.129444, -1.148398
index 155: -0.947082, -1.132953
index 156: -0.965784, -1.109754
index 158: -1.326341, -1.142790
index 161: -1.023142, -1.100964
index 165: -1.125796, -1.083487
index 166: -1.130412, -1.030786
index 169: -1.351438, -0.958782
index 171: -0.415313, -0.734486
index 174: -1.233745, -1.007385
index 183: -0.007381, -0.340177
index 187: 0.419478, -0.081951
index 203: 0.412045, -0.073475
index 221: -0.159020, -0.387640
index 234: -6.829649, 5.932283
index 288: -6.829649, 5.932283
index 308: -0.876082, -0.610554
index 349: 0.015452, -0.804719
index 359: 0.154335, -1.045792
index 362: 0.099808, -0.915471
index 363: 0.093325, -0.966153
index 364: 0.167403, -0.866064
index 367: 0.147970, -0.939631
index 372: 0.144624, -0.928034
index 373: -0.117469, -0.900169
index 380: 0.015444, -0.987143
index 381: -0.007965, -0.977824
index 382: 0.048045, -0.978256
index 384: 0.192055, -0.819327
index 389: 0.276863, -0.813190
index 392: 0.090475, -0.905511
index 404: 0.560708, -0.347423
index 422: -0.002932, -0.763330
index 441: -0.006808, -0.728974
index 462: -1.230404, -1.003526
index 492: -0.981164, -0.752083
index 503: -1.566423, -1.393328
Interpolation failed - throwing out 1 points
Interpolation failed - throwing out 2 points
Interpolation failed - throwing out 3 points
Interpolation failed - throwing out 4 points
Interpolation failed - throwing out 5 points
Interpolation failed - throwing out 6 points
Interpolation failed - throwing out 7 points
TPR Info by Lines: FPR Threshold/TPR/TPR STD ERR/TPR STD
    0.0500    0.1000    0.1500
    0.3753    0.5366    0.6112
    0.0474    0.0612    0.0678
    0.0474    0.0612    0.0678

Overall results (hybrid)
Confidence threshold=0.6
Filtered datapoints
Prediction points: 64.166667 (stddev 7.839262)
Individual AUCs:
    0.8112
    0.8171
    0.8116
    0.8163
    0.7315
    0.7730
    0.8182
    0.8360
    0.7398
    0.7571
    0.7255
    0.7938
    0.7476
    0.8031
    0.7323
    0.7384
    0.8107
    0.6886
    0.8483
    0.7474
    0.8804
    0.8283
    0.8146
    0.7337
    0.7228
    0.7447
    0.6923
    0.6798
    0.6794
    0.7037

p-value (Wilcoxon signed ranked test): 0.000002
AUC ave err std
    0.7676

    0.0547

    0.0547

Precision / Recall macro
    0.9356    0.3076

Precision / Recall micro
    0.9341    0.3077

Std devs
    0.0420    0.0674


Eliminated 79 points
Completed iteration 1

Eliminated 76 points
Completed iteration 2

Eliminated 82 points
Completed iteration 3

Eliminated 59 points
Completed iteration 4

Eliminated 51 points
Completed iteration 5

Eliminated 77 points
Completed iteration 6

Eliminated 59 points
Completed iteration 7

Eliminated 68 points
Completed iteration 8

Eliminated 73 points
Completed iteration 9

Eliminated 78 points
Completed iteration 10

Eliminated 72 points
Completed iteration 11

Eliminated 77 points
Completed iteration 12

Eliminated 68 points
Completed iteration 13

Eliminated 68 points
Completed iteration 14

Eliminated 55 points
Completed iteration 15

Eliminated 81 points
Completed iteration 16

Eliminated 64 points
Completed iteration 17

Eliminated 73 points
Completed iteration 18

Eliminated 87 points
Completed iteration 19

Eliminated 64 points
Completed iteration 20

Eliminated 68 points
Completed iteration 21

Eliminated 75 points
Completed iteration 22

Eliminated 62 points
Completed iteration 23

Eliminated 68 points
Completed iteration 24

Eliminated 66 points
Completed iteration 25

Eliminated 85 points
Completed iteration 26

Eliminated 77 points
Completed iteration 27

Eliminated 76 points
Completed iteration 28

Eliminated 71 points
Completed iteration 29

Eliminated 70 points
Completed iteration 30
Printing all grasps falling into high-precision nodes. Conf=0.700000
Node index 61
  123.0000   -1.2860   -1.1031
  126.0000   -1.3861   -1.1349
  129.0000   -1.2763   -1.0982
  131.0000   -0.9495   -1.1644
  135.0000   -1.2508   -1.0639
  136.0000   -1.0430   -1.0751
  140.0000   -1.1285   -1.1208
  141.0000   -1.1939   -1.1441
  142.0000   -1.1464   -1.0991
  143.0000   -1.1035   -1.1816
  144.0000   -1.1265   -1.2011
  145.0000   -0.9449   -1.0563
  146.0000   -0.5410   -0.7897
  148.0000   -0.7518   -1.0837
  154.0000   -1.1294   -1.1484
  155.0000   -0.9471   -1.1330
  156.0000   -0.9658   -1.1098
  158.0000   -1.3263   -1.1428
  161.0000   -1.0231   -1.1010
  165.0000   -1.1258   -1.0835
  166.0000   -1.1304   -1.0308
  169.0000   -1.3514   -0.9588
  171.0000   -0.4153   -0.7345
  174.0000   -1.2337   -1.0074
  183.0000   -0.0074   -0.3402
  187.0000    0.4195   -0.0820
  203.0000    0.4120   -0.0735
  221.0000   -0.1590   -0.3876
  234.0000   -6.8296    5.9323
  288.0000   -6.8296    5.9323
  308.0000   -0.8761   -0.6106
  349.0000    0.0155   -0.8047
  359.0000    0.1543   -1.0458
  362.0000    0.0998   -0.9155
  363.0000    0.0933   -0.9662
  364.0000    0.1674   -0.8661
  367.0000    0.1480   -0.9396
  372.0000    0.1446   -0.9280
  373.0000   -0.1175   -0.9002
  380.0000    0.0154   -0.9871
  381.0000   -0.0080   -0.9778
  382.0000    0.0480   -0.9783
  384.0000    0.1921   -0.8193
  389.0000    0.2769   -0.8132
  392.0000    0.0905   -0.9055
  404.0000    0.5607   -0.3474
  422.0000   -0.0029   -0.7633
  441.0000   -0.0068   -0.7290
  462.0000   -1.2304   -1.0035
  492.0000   -0.9812   -0.7521
  503.0000   -1.5664   -1.3933

51 points dumped in total
index 123: -1.286012, -1.103101
index 126: -1.386119, -1.134917
index 129: -1.276321, -1.098237
index 131: -0.949541, -1.164423
index 135: -1.250809, -1.063940
index 136: -1.042996, -1.075127
index 140: -1.128468, -1.120816
index 141: -1.193948, -1.144144
index 142: -1.146417, -1.099074
index 143: -1.103512, -1.181596
index 144: -1.126458, -1.201077
index 145: -0.944932, -1.056272
index 146: -0.541017, -0.789709
index 148: -0.751847, -1.083688
index 154: -1.129444, -1.148398
index 155: -0.947082, -1.132953
index 156: -0.965784, -1.109754
index 158: -1.326341, -1.142790
index 161: -1.023142, -1.100964
index 165: -1.125796, -1.083487
index 166: -1.130412, -1.030786
index 169: -1.351438, -0.958782
index 171: -0.415313, -0.734486
index 174: -1.233745, -1.007385
index 183: -0.007381, -0.340177
index 187: 0.419478, -0.081951
index 203: 0.412045, -0.073475
index 221: -0.159020, -0.387640
index 234: -6.829649, 5.932283
index 288: -6.829649, 5.932283
index 308: -0.876082, -0.610554
index 349: 0.015452, -0.804719
index 359: 0.154335, -1.045792
index 362: 0.099808, -0.915471
index 363: 0.093325, -0.966153
index 364: 0.167403, -0.866064
index 367: 0.147970, -0.939631
index 372: 0.144624, -0.928034
index 373: -0.117469, -0.900169
index 380: 0.015444, -0.987143
index 381: -0.007965, -0.977824
index 382: 0.048045, -0.978256
index 384: 0.192055, -0.819327
index 389: 0.276863, -0.813190
index 392: 0.090475, -0.905511
index 404: 0.560708, -0.347423
index 422: -0.002932, -0.763330
index 441: -0.006808, -0.728974
index 462: -1.230404, -1.003526
index 492: -0.981164, -0.752083
index 503: -1.566423, -1.393328
Interpolation failed - throwing out 1 points
Interpolation failed - throwing out 2 points
TPR Info by Lines: FPR Threshold/TPR/TPR STD ERR/TPR STD
    0.0500    0.1000    0.1500
    0.4085    0.5173    0.5819
    0.0494    0.0570    0.0658
    0.0494    0.0570    0.0658

Overall results (hybrid)
Confidence threshold=0.7
Filtered datapoints
Prediction points: 59.033333 (stddev 8.636264)
Individual AUCs:
    0.8130
    0.7996
    0.6658
    0.8192
    0.7323
    0.5628
    0.7301
    0.6979
    0.7309
    0.7000
    0.6809
    0.7269
    0.8300
    0.7727
    0.8060
    0.7073
    0.7155
    0.8854
    0.8462
    0.7809
    0.6865
    0.7633
    0.7975
    0.5685
    0.8684
    0.8262
    0.8721
    0.8413
    0.7545
    0.8420

p-value (Wilcoxon signed ranked test): 0.000002
AUC ave err std
    0.7608

    0.0818

    0.0818

Precision / Recall macro
    0.9277    0.2892

Precision / Recall micro
    0.9265    0.2896

Std devs
    0.0544    0.0513


Eliminated 78 points
Completed iteration 1

Eliminated 74 points
Completed iteration 2

Eliminated 63 points
Completed iteration 3

Eliminated 102 points
Completed iteration 4

Eliminated 77 points
Completed iteration 5

Eliminated 62 points
Completed iteration 6

Eliminated 79 points
Completed iteration 7

Eliminated 87 points
Completed iteration 8

Eliminated 65 points
Completed iteration 9

Eliminated 53 points
Completed iteration 10

Eliminated 66 points
Completed iteration 11

Eliminated 105 points
Completed iteration 12

Eliminated 70 points
Completed iteration 13

Eliminated 58 points
Completed iteration 14

Eliminated 82 points
Completed iteration 15

Eliminated 67 points
Completed iteration 16

Eliminated 63 points
Completed iteration 17

Eliminated 54 points
Completed iteration 18

Eliminated 73 points
Completed iteration 19

Eliminated 72 points
Completed iteration 20

Eliminated 69 points
Completed iteration 21

Eliminated 97 points
Completed iteration 22

Eliminated 76 points
Completed iteration 23

Eliminated 61 points
Completed iteration 24

Eliminated 105 points
Completed iteration 25

Eliminated 79 points
Completed iteration 26

Eliminated 54 points
Completed iteration 27

Eliminated 69 points
Completed iteration 28

Eliminated 58 points
Completed iteration 29

Eliminated 80 points
Completed iteration 30
Printing all grasps falling into high-precision nodes. Conf=0.800000
Node index 61
  123.0000   -1.2860   -1.1031
  126.0000   -1.3861   -1.1349
  129.0000   -1.2763   -1.0982
  131.0000   -0.9495   -1.1644
  135.0000   -1.2508   -1.0639
  136.0000   -1.0430   -1.0751
  140.0000   -1.1285   -1.1208
  141.0000   -1.1939   -1.1441
  142.0000   -1.1464   -1.0991
  143.0000   -1.1035   -1.1816
  144.0000   -1.1265   -1.2011
  145.0000   -0.9449   -1.0563
  146.0000   -0.5410   -0.7897
  148.0000   -0.7518   -1.0837
  154.0000   -1.1294   -1.1484
  155.0000   -0.9471   -1.1330
  156.0000   -0.9658   -1.1098
  158.0000   -1.3263   -1.1428
  161.0000   -1.0231   -1.1010
  165.0000   -1.1258   -1.0835
  166.0000   -1.1304   -1.0308
  169.0000   -1.3514   -0.9588
  171.0000   -0.4153   -0.7345
  174.0000   -1.2337   -1.0074
  183.0000   -0.0074   -0.3402
  187.0000    0.4195   -0.0820
  203.0000    0.4120   -0.0735
  221.0000   -0.1590   -0.3876
  234.0000   -6.8296    5.9323
  288.0000   -6.8296    5.9323
  308.0000   -0.8761   -0.6106
  349.0000    0.0155   -0.8047
  359.0000    0.1543   -1.0458
  362.0000    0.0998   -0.9155
  363.0000    0.0933   -0.9662
  364.0000    0.1674   -0.8661
  367.0000    0.1480   -0.9396
  372.0000    0.1446   -0.9280
  373.0000   -0.1175   -0.9002
  380.0000    0.0154   -0.9871
  381.0000   -0.0080   -0.9778
  382.0000    0.0480   -0.9783
  384.0000    0.1921   -0.8193
  389.0000    0.2769   -0.8132
  392.0000    0.0905   -0.9055
  404.0000    0.5607   -0.3474
  422.0000   -0.0029   -0.7633
  441.0000   -0.0068   -0.7290
  462.0000   -1.2304   -1.0035
  492.0000   -0.9812   -0.7521
  503.0000   -1.5664   -1.3933

51 points dumped in total
index 123: -1.286012, -1.103101
index 126: -1.386119, -1.134917
index 129: -1.276321, -1.098237
index 131: -0.949541, -1.164423
index 135: -1.250809, -1.063940
index 136: -1.042996, -1.075127
index 140: -1.128468, -1.120816
index 141: -1.193948, -1.144144
index 142: -1.146417, -1.099074
index 143: -1.103512, -1.181596
index 144: -1.126458, -1.201077
index 145: -0.944932, -1.056272
index 146: -0.541017, -0.789709
index 148: -0.751847, -1.083688
index 154: -1.129444, -1.148398
index 155: -0.947082, -1.132953
index 156: -0.965784, -1.109754
index 158: -1.326341, -1.142790
index 161: -1.023142, -1.100964
index 165: -1.125796, -1.083487
index 166: -1.130412, -1.030786
index 169: -1.351438, -0.958782
index 171: -0.415313, -0.734486
index 174: -1.233745, -1.007385
index 183: -0.007381, -0.340177
index 187: 0.419478, -0.081951
index 203: 0.412045, -0.073475
index 221: -0.159020, -0.387640
index 234: -6.829649, 5.932283
index 288: -6.829649, 5.932283
index 308: -0.876082, -0.610554
index 349: 0.015452, -0.804719
index 359: 0.154335, -1.045792
index 362: 0.099808, -0.915471
index 363: 0.093325, -0.966153
index 364: 0.167403, -0.866064
index 367: 0.147970, -0.939631
index 372: 0.144624, -0.928034
index 373: -0.117469, -0.900169
index 380: 0.015444, -0.987143
index 381: -0.007965, -0.977824
index 382: 0.048045, -0.978256
index 384: 0.192055, -0.819327
index 389: 0.276863, -0.813190
index 392: 0.090475, -0.905511
index 404: 0.560708, -0.347423
index 422: -0.002932, -0.763330
index 441: -0.006808, -0.728974
index 462: -1.230404, -1.003526
index 492: -0.981164, -0.752083
index 503: -1.566423, -1.393328
Interpolation failed - throwing out 1 points
Interpolation failed - throwing out 2 points
Interpolation failed - throwing out 3 points
Interpolation failed - throwing out 4 points
Interpolation failed - throwing out 5 points
TPR Info by Lines: FPR Threshold/TPR/TPR STD ERR/TPR STD
    0.0500    0.1000    0.1500
    0.3691    0.5317    0.6254
    0.0597    0.0716    0.0823
    0.0597    0.0716    0.0823

Overall results (hybrid)
Confidence threshold=0.8
Filtered datapoints
Prediction points: 56.733333 (stddev 14.550586)
Individual AUCs:
    0.9275
    0.6630
    0.8000
    0.8400
    0.7769
    0.7700
    0.7239
    0.6993
    0.7956
    0.6817
    0.7983
    0.8030
    0.9520
    0.7529
    0.8034
    0.7460
    0.7010
    0.6680
    0.5741
    0.7500
    0.6576
    0.8210
    0.7336
    0.7789
    0.8478
    0.8073
    0.7247
    0.6368
    0.6346
    0.6512

p-value (Wilcoxon signed ranked test): 0.000002
AUC ave err std
    0.7507

    0.0859

    0.0859

Precision / Recall macro
    0.9449    0.2646

Precision / Recall micro
    0.9398    0.2649

Std devs
    0.0518    0.0697


Eliminated 102 points
Completed iteration 1

Eliminated 98 points
Completed iteration 2

Eliminated 89 points
Completed iteration 3

Eliminated 104 points
Completed iteration 4

Eliminated 88 points
Completed iteration 5

Eliminated 100 points
Completed iteration 6

Eliminated 64 points
Completed iteration 7

Eliminated 72 points
Completed iteration 8

Eliminated 71 points
Completed iteration 9

Eliminated 83 points
Completed iteration 10

Eliminated 100 points
Completed iteration 11

Eliminated 99 points
Completed iteration 12

Eliminated 99 points
Completed iteration 13

Eliminated 90 points
Completed iteration 14

Eliminated 75 points
Completed iteration 15

Eliminated 100 points
Completed iteration 16

Eliminated 91 points
Completed iteration 17

Eliminated 98 points
Completed iteration 18

Eliminated 58 points
Completed iteration 19

Eliminated 92 points
Completed iteration 20

Eliminated 88 points
Completed iteration 21

Eliminated 78 points
Completed iteration 22

Eliminated 77 points
Completed iteration 23

Eliminated 98 points
Completed iteration 24

Eliminated 60 points
Completed iteration 25

Eliminated 63 points
Completed iteration 26

Eliminated 98 points
Completed iteration 27

Eliminated 88 points
Completed iteration 28

Eliminated 77 points
Completed iteration 29

Eliminated 89 points
Completed iteration 30
Printing all grasps falling into high-precision nodes. Conf=0.900000
Node index 61
  123.0000   -1.2860   -1.1031
  126.0000   -1.3861   -1.1349
  129.0000   -1.2763   -1.0982
  131.0000   -0.9495   -1.1644
  135.0000   -1.2508   -1.0639
  136.0000   -1.0430   -1.0751
  140.0000   -1.1285   -1.1208
  141.0000   -1.1939   -1.1441
  142.0000   -1.1464   -1.0991
  143.0000   -1.1035   -1.1816
  144.0000   -1.1265   -1.2011
  145.0000   -0.9449   -1.0563
  146.0000   -0.5410   -0.7897
  148.0000   -0.7518   -1.0837
  154.0000   -1.1294   -1.1484
  155.0000   -0.9471   -1.1330
  156.0000   -0.9658   -1.1098
  158.0000   -1.3263   -1.1428
  161.0000   -1.0231   -1.1010
  165.0000   -1.1258   -1.0835
  166.0000   -1.1304   -1.0308
  169.0000   -1.3514   -0.9588
  171.0000   -0.4153   -0.7345
  174.0000   -1.2337   -1.0074
  183.0000   -0.0074   -0.3402
  187.0000    0.4195   -0.0820
  203.0000    0.4120   -0.0735
  221.0000   -0.1590   -0.3876
  234.0000   -6.8296    5.9323
  288.0000   -6.8296    5.9323
  308.0000   -0.8761   -0.6106
  349.0000    0.0155   -0.8047
  359.0000    0.1543   -1.0458
  362.0000    0.0998   -0.9155
  363.0000    0.0933   -0.9662
  364.0000    0.1674   -0.8661
  367.0000    0.1480   -0.9396
  372.0000    0.1446   -0.9280
  373.0000   -0.1175   -0.9002
  380.0000    0.0154   -0.9871
  381.0000   -0.0080   -0.9778
  382.0000    0.0480   -0.9783
  384.0000    0.1921   -0.8193
  389.0000    0.2769   -0.8132
  392.0000    0.0905   -0.9055
  404.0000    0.5607   -0.3474
  422.0000   -0.0029   -0.7633
  441.0000   -0.0068   -0.7290
  462.0000   -1.2304   -1.0035
  492.0000   -0.9812   -0.7521
  503.0000   -1.5664   -1.3933

51 points dumped in total
index 123: -1.286012, -1.103101
index 126: -1.386119, -1.134917
index 129: -1.276321, -1.098237
index 131: -0.949541, -1.164423
index 135: -1.250809, -1.063940
index 136: -1.042996, -1.075127
index 140: -1.128468, -1.120816
index 141: -1.193948, -1.144144
index 142: -1.146417, -1.099074
index 143: -1.103512, -1.181596
index 144: -1.126458, -1.201077
index 145: -0.944932, -1.056272
index 146: -0.541017, -0.789709
index 148: -0.751847, -1.083688
index 154: -1.129444, -1.148398
index 155: -0.947082, -1.132953
index 156: -0.965784, -1.109754
index 158: -1.326341, -1.142790
index 161: -1.023142, -1.100964
index 165: -1.125796, -1.083487
index 166: -1.130412, -1.030786
index 169: -1.351438, -0.958782
index 171: -0.415313, -0.734486
index 174: -1.233745, -1.007385
index 183: -0.007381, -0.340177
index 187: 0.419478, -0.081951
index 203: 0.412045, -0.073475
index 221: -0.159020, -0.387640
index 234: -6.829649, 5.932283
index 288: -6.829649, 5.932283
index 308: -0.876082, -0.610554
index 349: 0.015452, -0.804719
index 359: 0.154335, -1.045792
index 362: 0.099808, -0.915471
index 363: 0.093325, -0.966153
index 364: 0.167403, -0.866064
index 367: 0.147970, -0.939631
index 372: 0.144624, -0.928034
index 373: -0.117469, -0.900169
index 380: 0.015444, -0.987143
index 381: -0.007965, -0.977824
index 382: 0.048045, -0.978256
index 384: 0.192055, -0.819327
index 389: 0.276863, -0.813190
index 392: 0.090475, -0.905511
index 404: 0.560708, -0.347423
index 422: -0.002932, -0.763330
index 441: -0.006808, -0.728974
index 462: -1.230404, -1.003526
index 492: -0.981164, -0.752083
index 503: -1.566423, -1.393328
Interpolation failed - throwing out 1 points
Interpolation failed - throwing out 2 points
Interpolation failed - throwing out 3 points
Interpolation failed - throwing out 4 points
Interpolation failed - throwing out 5 points
Interpolation failed - throwing out 6 points
TPR Info by Lines: FPR Threshold/TPR/TPR STD ERR/TPR STD
    0.0500    0.1000    0.1500
    0.5003    0.6105    0.6722
    0.0634    0.0722    0.0801
    0.0634    0.0722    0.0801

Overall results (hybrid)
Confidence threshold=0.9
Filtered datapoints
Prediction points: 43.700000 (stddev 13.691553)
Individual AUCs:
    0.8980
    0.9107
    0.8277
    0.8800
    0.7407
    0.8880
    0.7255
    0.7581
    0.7283
    0.7730
    0.8977
    0.8571
    0.7976
    0.7133
    0.7149
    0.9006
    0.8131
    0.9886
    0.6924
    0.8314
    0.7692
    0.7984
    0.7198
    0.8391
    0.7570
    0.8651
    0.7321
    0.7303
    0.7363
    0.7788

p-value (Wilcoxon signed ranked test): 0.000002
AUC ave err std
    0.8021

    0.0762

    0.0762

Precision / Recall macro
    0.9586    0.2139

Precision / Recall micro
    0.9487    0.2128

Std devs
    0.0524    0.0721

computation time (s)
  176.8440

