!!!!below quality measures have been removed due to insufficient data!!!!!!!!!!!!
binThreshold:30
crowdsource cutoff:30
using confidence:1
Number of bins: 31
Average bin size: 1.683871e+01

Eliminated 0 points
if system_dependent('IsDebugMode')==1, dbstep; end
if system_dependent('IsDebugMode')==1, dbstep; end
if system_dependent('IsDebugMode')==1, dbcont; end
Constructing neighborhood graph...
Computing shortest paths...
Checking for outliers...
  Number of connected components in graph: 3
  Embedding component 1 with 65 points.
Constructing low-dimensional embeddings (Classical MDS)...
Displayed 65 points
61 / 130 points correct
Constructing neighborhood graph...
Computing shortest paths...
Checking for outliers...
  Number of connected components in graph: 1
  Embedding component 1 with 130 points.
Constructing low-dimensional embeddings (Classical MDS)...
Displayed 130 points
61 / 130 points correct
Constructing neighborhood graph...
Computing shortest paths...
Checking for outliers...
  Number of connected components in graph: 1
  Embedding component 1 with 130 points.
Constructing low-dimensional embeddings (Classical MDS)...
Displayed 130 points
61 / 130 points correct
Constructing neighborhood graph...
Computing shortest paths...
Checking for outliers...
  Number of connected components in graph: 1
  Embedding component 1 with 130 points.
Constructing low-dimensional embeddings (Classical MDS)...
Displayed 130 points
61 / 130 points correct
Constructing neighborhood graph...
Computing shortest paths...
Checking for outliers...
  Number of connected components in graph: 1
  Embedding component 1 with 130 points.
Constructing low-dimensional embeddings (Classical MDS)...
Displayed 130 points
61 / 130 points correct
Constructing neighborhood graph...
Computing shortest paths...
Checking for outliers...
  Number of connected components in graph: 1
  Embedding component 1 with 130 points.
Constructing low-dimensional embeddings (Classical MDS)...
Displayed 130 points
61 / 130 points correct
if system_dependent('IsDebugMode')==1, dbcont; end
Constructing neighborhood graph...
Computing shortest paths...
Checking for outliers...
  Number of connected components in graph: 3
  Embedding component 1 with 65 points.
Constructing low-dimensional embeddings (Classical MDS)...
Displayed 65 points
63 / 130 points correct
Constructing neighborhood graph...
Computing shortest paths...
Checking for outliers...
  Number of connected components in graph: 1
  Embedding component 1 with 130 points.
Constructing low-dimensional embeddings (Classical MDS)...
Displayed 130 points
63 / 130 points correct
Constructing neighborhood graph...
Computing shortest paths...
Checking for outliers...
  Number of connected components in graph: 1
  Embedding component 1 with 130 points.
Constructing low-dimensional embeddings (Classical MDS)...
Displayed 130 points
63 / 130 points correct
Constructing neighborhood graph...
Computing shortest paths...
Checking for outliers...
  Number of connected components in graph: 1
  Embedding component 1 with 130 points.
Constructing low-dimensional embeddings (Classical MDS)...
Displayed 130 points
63 / 130 points correct
Constructing neighborhood graph...
Computing shortest paths...
Checking for outliers...
  Number of connected components in graph: 1
  Embedding component 1 with 130 points.
Constructing low-dimensional embeddings (Classical MDS)...
Displayed 130 points
63 / 130 points correct
Constructing neighborhood graph...
Computing shortest paths...
Checking for outliers...
  Number of connected components in graph: 1
  Embedding component 1 with 130 points.
Constructing low-dimensional embeddings (Classical MDS)...
Displayed 130 points
63 / 130 points correct
if system_dependent('IsDebugMode')==1, dbcont; end
Constructing neighborhood graph...
Computing shortest paths...
Checking for outliers...
  Number of connected components in graph: 3
  Embedding component 1 with 65 points.
Constructing low-dimensional embeddings (Classical MDS)...
Displayed 65 points
67 / 130 points correct
Constructing neighborhood graph...
Computing shortest paths...
Checking for outliers...
  Number of connected components in graph: 1
  Embedding component 1 with 130 points.
Constructing low-dimensional embeddings (Classical MDS)...
Displayed 130 points
67 / 130 points correct
Constructing neighborhood graph...
Computing shortest paths...
Checking for outliers...
  Number of connected components in graph: 1
  Embedding component 1 with 130 points.
Constructing low-dimensional embeddings (Classical MDS)...
Displayed 130 points
67 / 130 points correct
Constructing neighborhood graph...
Computing shortest paths...
Checking for outliers...
  Number of connected components in graph: 1
  Embedding component 1 with 130 points.
Constructing low-dimensional embeddings (Classical MDS)...
Displayed 130 points
67 / 130 points correct
Constructing neighborhood graph...
Computing shortest paths...
Checking for outliers...
  Number of connected components in graph: 1
  Embedding component 1 with 130 points.
Constructing low-dimensional embeddings (Classical MDS)...
Displayed 130 points
67 / 130 points correct
Constructing neighborhood graph...
Computing shortest paths...
Checking for outliers...
  Number of connected components in graph: 1
  Embedding component 1 with 130 points.
Constructing low-dimensional embeddings (Classical MDS)...
Displayed 130 points
67 / 130 points correct
if system_dependent('IsDebugMode')==1, dbquit; end
close all
