!!!!below quality measures have been removed due to insufficient data!!!!!!!!!!!!
binThreshold:30
crowdsource cutoff:30
using confidence:1
Number of bins: 31
Average bin size: 1.683871e+01

getNodeConfidences(dataNodes(validationIndices), nodeIndices, mf >= lrCutoff, groundtruth(validationIndices) >= physicalCutoff);
getNodeConfidences(dataNodes(validationIndices), nodeIndices, mf >= lrCutoff, groundtruth(validationIndices) >= physicalCutoff)

ans =

    0.6667
    1.0000
    0.7143
    0.2500
    0.6667
    1.0000
    0.2500
    1.0000
    0.8000
    0.8571
    0.6250
    0.6667
    0.8333
    1.0000
    0.8000
       NaN
    1.0000
       NaN
    0.7500
       NaN
       NaN
       NaN
    0.8333
         0
       NaN
    0.7826
    0.5000
       NaN
       NaN
    0.8667
    0.6667

getNodeAccuracies(dataNodes(validationIndices), nodeIndices, mf >= lrCutoff, groundtruth(validationIndices) >= physicalCutoff)
<a href="matlab: opentoline('Z:\Thesis\robotic-grasp\getNodeAccuracies.m',11,1)">11  </a>    accuracies = zeros(size(nodeIndices));
if system_dependent('IsDebugMode')==1, dbstep; end
if system_dependent('IsDebugMode')==1, dbstep; end
if system_dependent('IsDebugMode')==1, dbstep; end
if system_dependent('IsDebugMode')==1, dbstep; end
if system_dependent('IsDebugMode')==1, dbstep; end
if system_dependent('IsDebugMode')==1, dbstep; end
if system_dependent('IsDebugMode')==1, dbcont; end

ans =

    0.6667
    1.0000
    0.7143
    0.2500
    0.6667
    1.0000
    0.2500
    1.0000
    0.8000
    0.8571
    0.6250
    0.6667
    0.8333
    1.0000
    0.8000
       NaN
    1.0000
       NaN
    0.7500
       NaN
       NaN
       NaN
    0.8333
         0
       NaN
    0.7826
    0.5000
       NaN
       NaN
    0.8667
    0.6667

a = getNodeAccuracies(dataNodes(validationIndices), nodeIndices, mf >= lrCutoff, groundtruth(validationIndices) >= physicalCutoff);
<a href="matlab: opentoline('Z:\Thesis\robotic-grasp\getNodeAccuracies.m',11,1)">11  </a>    accuracies = zeros(size(nodeIndices));
if system_dependent('IsDebugMode')==1, dbcont; end
[getNodeConfidences(dataNodes(validationIndices), nodeIndices, mf >= lrCutoff, groundtruth(validationIndices) >= physicalCutoff) a]

ans =

    0.6667    0.6667
    1.0000    1.0000
    0.7143    0.7143
    0.2500    0.2500
    0.6667    0.6667
    1.0000    1.0000
    0.2500    0.2500
    1.0000    1.0000
    0.8000    0.8000
    0.8571    0.8571
    0.6250    0.6250
    0.6667    0.6667
    0.8333    0.8333
    1.0000    1.0000
    0.8000    0.8000
       NaN       NaN
    1.0000    1.0000
       NaN       NaN
    0.7500    0.7500
       NaN       NaN
       NaN       NaN
       NaN       NaN
    0.8333    0.8333
         0         0
       NaN       NaN
    0.7826    0.7826
    0.5000    0.5000
       NaN       NaN
       NaN       NaN
    0.8667    0.8667
    0.6667    0.6667

a = getNodeAccuracies(dataNodes(validationIndices), nodeIndices, mf >= lrCutoff, groundtruth(validationIndices) >= physicalCutoff);
<a href="matlab: opentoline('Z:\Thesis\robotic-grasp\getNodeAccuracies.m',11,1)">11  </a>    accuracies = zeros(size(nodeIndices));
if system_dependent('IsDebugMode')==1, dbstep; end
if system_dependent('IsDebugMode')==1, dbstep; end
if system_dependent('IsDebugMode')==1, dbstep; end
if system_dependent('IsDebugMode')==1, dbstep; end
if system_dependent('IsDebugMode')==1, dbstep; end
if system_dependent('IsDebugMode')==1, dbstep; end
if system_dependent('IsDebugMode')==1, dbstep; end
if system_dependent('IsDebugMode')==1, dbstep; end
if system_dependent('IsDebugMode')==1, dbstep; end
if system_dependent('IsDebugMode')==1, dbstep; end
if system_dependent('IsDebugMode')==1, dbstep; end
if system_dependent('IsDebugMode')==1, dbstep; end
if system_dependent('IsDebugMode')==1, dbstep; end
if system_dependent('IsDebugMode')==1, dbstep; end
if system_dependent('IsDebugMode')==1, dbstep; end
if system_dependent('IsDebugMode')==1, dbcont; end
sum(predictions)

ans =

   130

dbup
In workspace belonging to <a href="matlab: opentoline('Z:\Thesis\robotic-grasp\GP_crowdsource.m',254,1)">GP_crowdsource at 254</a>
sum(y)

ans =

   377

if system_dependent('IsDebugMode')==1, dbquit; end
if system_dependent('IsDebugMode')==1, dbquit; end
GP_crowdsource(30,30)
