!!!!below quality measures have been removed due to insufficient data!!!!!!!!!!!!
binThreshold:30
crowdsource cutoff:30
using confidence:1
Number of bins: 31
Average bin size: 1.683871e+01

Eliminated 0 points
Completed iteration 1

Eliminated 0 points
Completed iteration 2

Eliminated 0 points
Completed iteration 3

Eliminated 0 points
Completed iteration 4

Eliminated 0 points
Completed iteration 5

Eliminated 0 points
Completed iteration 6

Eliminated 0 points
Completed iteration 7

Eliminated 0 points
Completed iteration 8

Eliminated 0 points
Completed iteration 9

Eliminated 0 points
Completed iteration 10

Eliminated 0 points
Completed iteration 11

Eliminated 0 points
Completed iteration 12

Eliminated 0 points
Completed iteration 13

Eliminated 0 points
Completed iteration 14

Eliminated 0 points
Completed iteration 15

Eliminated 0 points
Completed iteration 16

Eliminated 0 points
Completed iteration 17

Eliminated 0 points
Completed iteration 18

Eliminated 0 points
Completed iteration 19

Eliminated 0 points
Completed iteration 20

Eliminated 0 points
Completed iteration 21

Eliminated 0 points
Completed iteration 22

Eliminated 0 points
Completed iteration 23

Eliminated 0 points
Completed iteration 24

Eliminated 0 points
Completed iteration 25

Eliminated 0 points
Completed iteration 26

Eliminated 0 points
Completed iteration 27

Eliminated 0 points
Completed iteration 28

Eliminated 0 points
Completed iteration 29

Eliminated 0 points
Completed iteration 30
Printing all grasps falling into high-precision nodes. Conf=0.000000
Node index 40
  115.0000    1.3628    1.0332
  125.0000    0.3519   -0.1576
  252.0000    0.2069    0.2599
  293.0000    0.7703   -0.2687
  326.0000    0.0786   -0.5988
  333.0000    0.3716   -0.5294
  337.0000    0.2168   -0.5907
  354.0000    0.0398   -0.0666
  356.0000    0.0574   -0.0819
  366.0000    0.6678   -0.4178
  370.0000    0.5878   -0.2162
  383.0000    0.5180   -0.4665
  408.0000    1.4970    0.4215
  440.0000    0.9816    0.1423
  451.0000    0.5255   -0.2630
  508.0000    0.1012   -0.3952

Node index 45
  302.0000    0.0112   -0.5155
  312.0000    0.3276   -0.6721
  317.0000    0.4537   -0.6457
  318.0000    0.3156   -0.4720
  328.0000    0.7668   -0.2627
  342.0000   -0.0541   -0.5214
  358.0000    0.3223   -0.8622
  361.0000    0.4764   -0.8169
  385.0000    0.5816   -0.4596
  394.0000    0.4076   -0.7946
  416.0000    0.1682   -0.7233
  417.0000    0.0546   -0.7203
  425.0000    0.2748   -0.5124
  426.0000    0.2563   -0.6375
  432.0000    0.2119   -0.6607
  437.0000    0.1376   -0.6311
  453.0000    0.5616   -0.4939
  456.0000    0.4009   -0.6149

Node index 61
  123.0000   -1.2860   -1.1031
  126.0000   -1.3861   -1.1349
  129.0000   -1.2763   -1.0982
  131.0000   -0.9495   -1.1644
  135.0000   -1.2508   -1.0639
  136.0000   -1.0430   -1.0751
  140.0000   -1.1285   -1.1208
  141.0000   -1.1939   -1.1441
  142.0000   -1.1464   -1.0991
  143.0000   -1.1035   -1.1816
  144.0000   -1.1265   -1.2011
  145.0000   -0.9449   -1.0563
  146.0000   -0.5410   -0.7897
  148.0000   -0.7518   -1.0837
  154.0000   -1.1294   -1.1484
  155.0000   -0.9471   -1.1330
  156.0000   -0.9658   -1.1098
  158.0000   -1.3263   -1.1428
  161.0000   -1.0231   -1.1010
  165.0000   -1.1258   -1.0835
  166.0000   -1.1304   -1.0308
  169.0000   -1.3514   -0.9588
  171.0000   -0.4153   -0.7345
  174.0000   -1.2337   -1.0074
  183.0000   -0.0074   -0.3402
  187.0000    0.4195   -0.0820
  203.0000    0.4120   -0.0735
  221.0000   -0.1590   -0.3876
  234.0000   -6.8296    5.9323
  288.0000   -6.8296    5.9323
  308.0000   -0.8761   -0.6106
  349.0000    0.0155   -0.8047
  359.0000    0.1543   -1.0458
  362.0000    0.0998   -0.9155
  363.0000    0.0933   -0.9662
  364.0000    0.1674   -0.8661
  367.0000    0.1480   -0.9396
  372.0000    0.1446   -0.9280
  373.0000   -0.1175   -0.9002
  380.0000    0.0154   -0.9871
  381.0000   -0.0080   -0.9778
  382.0000    0.0480   -0.9783
  384.0000    0.1921   -0.8193
  389.0000    0.2769   -0.8132
  392.0000    0.0905   -0.9055
  404.0000    0.5607   -0.3474
  422.0000   -0.0029   -0.7633
  441.0000   -0.0068   -0.7290
  462.0000   -1.2304   -1.0035
  492.0000   -0.9812   -0.7521
  503.0000   -1.5664   -1.3933

85 points dumped in total
index 115: 1.362757, 1.033249
index 123: -1.286012, -1.103101
index 125: 0.351854, -0.157623
index 126: -1.386119, -1.134917
index 129: -1.276321, -1.098237
index 131: -0.949541, -1.164423
index 135: -1.250809, -1.063940
index 136: -1.042996, -1.075127
index 140: -1.128468, -1.120816
index 141: -1.193948, -1.144144
index 142: -1.146417, -1.099074
index 143: -1.103512, -1.181596
index 144: -1.126458, -1.201077
index 145: -0.944932, -1.056272
index 146: -0.541017, -0.789709
index 148: -0.751847, -1.083688
index 154: -1.129444, -1.148398
index 155: -0.947082, -1.132953
index 156: -0.965784, -1.109754
index 158: -1.326341, -1.142790
index 161: -1.023142, -1.100964
index 165: -1.125796, -1.083487
index 166: -1.130412, -1.030786
index 169: -1.351438, -0.958782
index 171: -0.415313, -0.734486
index 174: -1.233745, -1.007385
index 183: -0.007381, -0.340177
index 187: 0.419478, -0.081951
index 203: 0.412045, -0.073475
index 221: -0.159020, -0.387640
index 234: -6.829649, 5.932283
index 252: 0.206904, 0.259901
index 288: -6.829649, 5.932283
index 293: 0.770302, -0.268702
index 302: 0.011193, -0.515459
index 308: -0.876082, -0.610554
index 312: 0.327552, -0.672094
index 317: 0.453667, -0.645690
index 318: 0.315610, -0.472040
index 326: 0.078584, -0.598787
index 328: 0.766844, -0.262657
index 333: 0.371626, -0.529432
index 337: 0.216790, -0.590723
index 342: -0.054087, -0.521437
index 349: 0.015452, -0.804719
index 354: 0.039814, -0.066639
index 356: 0.057426, -0.081872
index 358: 0.322345, -0.862207
index 359: 0.154335, -1.045792
index 361: 0.476434, -0.816948
index 362: 0.099808, -0.915471
index 363: 0.093325, -0.966153
index 364: 0.167403, -0.866064
index 366: 0.667760, -0.417805
index 367: 0.147970, -0.939631
index 370: 0.587848, -0.216198
index 372: 0.144624, -0.928034
index 373: -0.117469, -0.900169
index 380: 0.015444, -0.987143
index 381: -0.007965, -0.977824
index 382: 0.048045, -0.978256
index 383: 0.518006, -0.466504
index 384: 0.192055, -0.819327
index 385: 0.581607, -0.459552
index 389: 0.276863, -0.813190
index 392: 0.090475, -0.905511
index 394: 0.407647, -0.794572
index 404: 0.560708, -0.347423
index 408: 1.496982, 0.421458
index 416: 0.168205, -0.723279
index 417: 0.054628, -0.720293
index 422: -0.002932, -0.763330
index 425: 0.274810, -0.512404
index 426: 0.256349, -0.637506
index 432: 0.211942, -0.660727
index 437: 0.137557, -0.631084
index 440: 0.981575, 0.142324
index 441: -0.006808, -0.728974
index 451: 0.525452, -0.263001
index 453: 0.561584, -0.493914
index 456: 0.400858, -0.614878
index 462: -1.230404, -1.003526
index 492: -0.981164, -0.752083
index 503: -1.566423, -1.393328
index 508: 0.101169, -0.395157
Interpolation failed - throwing out 1 points
Interpolation failed - throwing out 2 points
Interpolation failed - throwing out 3 points
TPR Info by Lines: FPR Threshold/TPR/TPR STD ERR/TPR STD
    0.0500    0.1000    0.1500
    0.2654    0.3893    0.4644
    0.0299    0.0455    0.0412
    0.0299    0.0455    0.0412

Overall results (hybrid)
Confidence threshold=0
Filtered datapoints
Prediction points: 130.000000 (stddev 0.000000)
Individual AUCs:
    0.8095
    0.8290
    0.7050
    0.7227
    0.7869
    0.7614
    0.6650
    0.7397
    0.7246
    0.7844
    0.7641
    0.7762
    0.7538
    0.7757
    0.7405
    0.6878
    0.6982
    0.7187
    0.7738
    0.7316
    0.8395
    0.7370
    0.7553
    0.8341
    0.7877
    0.7326
    0.7969
    0.7443
    0.7465
    0.7480

p-value (Wilcoxon signed ranked test): 0.000002
AUC ave err std
    0.7557

    0.0422

    0.0422

Precision / Recall macro
    0.7434    0.9951

Precision / Recall micro
    0.7432    0.9951

Std devs
    0.0338    0.0089


Eliminated 20 points
Completed iteration 1

Eliminated 20 points
Completed iteration 2

Eliminated 23 points
Completed iteration 3

Eliminated 16 points
Completed iteration 4

Eliminated 16 points
Completed iteration 5

Eliminated 20 points
Completed iteration 6

Eliminated 21 points
Completed iteration 7

Eliminated 18 points
Completed iteration 8

Eliminated 24 points
Completed iteration 9

Eliminated 14 points
Completed iteration 10

Eliminated 23 points
Completed iteration 11

Eliminated 26 points
Completed iteration 12

Eliminated 15 points
Completed iteration 13

Eliminated 20 points
Completed iteration 14

Eliminated 2 points
Completed iteration 15

Eliminated 17 points
Completed iteration 16

Eliminated 17 points
Completed iteration 17

Eliminated 6 points
Completed iteration 18

Eliminated 35 points
Completed iteration 19

Eliminated 9 points
Completed iteration 20

Eliminated 23 points
Completed iteration 21

Eliminated 15 points
Completed iteration 22

Eliminated 8 points
Completed iteration 23

Eliminated 6 points
Completed iteration 24

Eliminated 14 points
Completed iteration 25

Eliminated 36 points
Completed iteration 26

Eliminated 30 points
Completed iteration 27

Eliminated 19 points
Completed iteration 28

Eliminated 22 points
Completed iteration 29

Eliminated 10 points
Completed iteration 30
Printing all grasps falling into high-precision nodes. Conf=0.500000
Node index 40
  115.0000    1.3628    1.0332
  125.0000    0.3519   -0.1576
  252.0000    0.2069    0.2599
  293.0000    0.7703   -0.2687
  326.0000    0.0786   -0.5988
  333.0000    0.3716   -0.5294
  337.0000    0.2168   -0.5907
  354.0000    0.0398   -0.0666
  356.0000    0.0574   -0.0819
  366.0000    0.6678   -0.4178
  370.0000    0.5878   -0.2162
  383.0000    0.5180   -0.4665
  408.0000    1.4970    0.4215
  440.0000    0.9816    0.1423
  451.0000    0.5255   -0.2630
  508.0000    0.1012   -0.3952

Node index 45
  302.0000    0.0112   -0.5155
  312.0000    0.3276   -0.6721
  317.0000    0.4537   -0.6457
  318.0000    0.3156   -0.4720
  328.0000    0.7668   -0.2627
  342.0000   -0.0541   -0.5214
  358.0000    0.3223   -0.8622
  361.0000    0.4764   -0.8169
  385.0000    0.5816   -0.4596
  394.0000    0.4076   -0.7946
  416.0000    0.1682   -0.7233
  417.0000    0.0546   -0.7203
  425.0000    0.2748   -0.5124
  426.0000    0.2563   -0.6375
  432.0000    0.2119   -0.6607
  437.0000    0.1376   -0.6311
  453.0000    0.5616   -0.4939
  456.0000    0.4009   -0.6149

Node index 61
  123.0000   -1.2860   -1.1031
  126.0000   -1.3861   -1.1349
  129.0000   -1.2763   -1.0982
  131.0000   -0.9495   -1.1644
  135.0000   -1.2508   -1.0639
  136.0000   -1.0430   -1.0751
  140.0000   -1.1285   -1.1208
  141.0000   -1.1939   -1.1441
  142.0000   -1.1464   -1.0991
  143.0000   -1.1035   -1.1816
  144.0000   -1.1265   -1.2011
  145.0000   -0.9449   -1.0563
  146.0000   -0.5410   -0.7897
  148.0000   -0.7518   -1.0837
  154.0000   -1.1294   -1.1484
  155.0000   -0.9471   -1.1330
  156.0000   -0.9658   -1.1098
  158.0000   -1.3263   -1.1428
  161.0000   -1.0231   -1.1010
  165.0000   -1.1258   -1.0835
  166.0000   -1.1304   -1.0308
  169.0000   -1.3514   -0.9588
  171.0000   -0.4153   -0.7345
  174.0000   -1.2337   -1.0074
  183.0000   -0.0074   -0.3402
  187.0000    0.4195   -0.0820
  203.0000    0.4120   -0.0735
  221.0000   -0.1590   -0.3876
  234.0000   -6.8296    5.9323
  288.0000   -6.8296    5.9323
  308.0000   -0.8761   -0.6106
  349.0000    0.0155   -0.8047
  359.0000    0.1543   -1.0458
  362.0000    0.0998   -0.9155
  363.0000    0.0933   -0.9662
  364.0000    0.1674   -0.8661
  367.0000    0.1480   -0.9396
  372.0000    0.1446   -0.9280
  373.0000   -0.1175   -0.9002
  380.0000    0.0154   -0.9871
  381.0000   -0.0080   -0.9778
  382.0000    0.0480   -0.9783
  384.0000    0.1921   -0.8193
  389.0000    0.2769   -0.8132
  392.0000    0.0905   -0.9055
  404.0000    0.5607   -0.3474
  422.0000   -0.0029   -0.7633
  441.0000   -0.0068   -0.7290
  462.0000   -1.2304   -1.0035
  492.0000   -0.9812   -0.7521
  503.0000   -1.5664   -1.3933

85 points dumped in total
index 115: 1.362757, 1.033249
index 123: -1.286012, -1.103101
index 125: 0.351854, -0.157623
index 126: -1.386119, -1.134917
index 129: -1.276321, -1.098237
index 131: -0.949541, -1.164423
index 135: -1.250809, -1.063940
index 136: -1.042996, -1.075127
index 140: -1.128468, -1.120816
index 141: -1.193948, -1.144144
index 142: -1.146417, -1.099074
index 143: -1.103512, -1.181596
index 144: -1.126458, -1.201077
index 145: -0.944932, -1.056272
index 146: -0.541017, -0.789709
index 148: -0.751847, -1.083688
index 154: -1.129444, -1.148398
index 155: -0.947082, -1.132953
index 156: -0.965784, -1.109754
index 158: -1.326341, -1.142790
index 161: -1.023142, -1.100964
index 165: -1.125796, -1.083487
index 166: -1.130412, -1.030786
index 169: -1.351438, -0.958782
index 171: -0.415313, -0.734486
index 174: -1.233745, -1.007385
index 183: -0.007381, -0.340177
index 187: 0.419478, -0.081951
index 203: 0.412045, -0.073475
index 221: -0.159020, -0.387640
index 234: -6.829649, 5.932283
index 252: 0.206904, 0.259901
index 288: -6.829649, 5.932283
index 293: 0.770302, -0.268702
index 302: 0.011193, -0.515459
index 308: -0.876082, -0.610554
index 312: 0.327552, -0.672094
index 317: 0.453667, -0.645690
index 318: 0.315610, -0.472040
index 326: 0.078584, -0.598787
index 328: 0.766844, -0.262657
index 333: 0.371626, -0.529432
index 337: 0.216790, -0.590723
index 342: -0.054087, -0.521437
index 349: 0.015452, -0.804719
index 354: 0.039814, -0.066639
index 356: 0.057426, -0.081872
index 358: 0.322345, -0.862207
index 359: 0.154335, -1.045792
index 361: 0.476434, -0.816948
index 362: 0.099808, -0.915471
index 363: 0.093325, -0.966153
index 364: 0.167403, -0.866064
index 366: 0.667760, -0.417805
index 367: 0.147970, -0.939631
index 370: 0.587848, -0.216198
index 372: 0.144624, -0.928034
index 373: -0.117469, -0.900169
index 380: 0.015444, -0.987143
index 381: -0.007965, -0.977824
index 382: 0.048045, -0.978256
index 383: 0.518006, -0.466504
index 384: 0.192055, -0.819327
index 385: 0.581607, -0.459552
index 389: 0.276863, -0.813190
index 392: 0.090475, -0.905511
index 394: 0.407647, -0.794572
index 404: 0.560708, -0.347423
index 408: 1.496982, 0.421458
index 416: 0.168205, -0.723279
index 417: 0.054628, -0.720293
index 422: -0.002932, -0.763330
index 425: 0.274810, -0.512404
index 426: 0.256349, -0.637506
index 432: 0.211942, -0.660727
index 437: 0.137557, -0.631084
index 440: 0.981575, 0.142324
index 441: -0.006808, -0.728974
index 451: 0.525452, -0.263001
index 453: 0.561584, -0.493914
index 456: 0.400858, -0.614878
index 462: -1.230404, -1.003526
index 492: -0.981164, -0.752083
index 503: -1.566423, -1.393328
index 508: 0.101169, -0.395157
Interpolation failed - throwing out 1 points
TPR Info by Lines: FPR Threshold/TPR/TPR STD ERR/TPR STD
    0.0500    0.1000    0.1500
    0.3052    0.4010    0.4747
    0.0397    0.0489    0.0604
    0.0397    0.0489    0.0604

Overall results (hybrid)
Confidence threshold=0.5
Filtered datapoints
Prediction points: 111.833333 (stddev 7.926748)
Individual AUCs:
    0.7801
    0.6735
    0.7238
    0.7704
    0.7448
    0.7647
    0.6623
    0.7670
    0.7526
    0.7058
    0.6914
    0.8066
    0.7471
    0.6923
    0.8034
    0.8462
    0.6796
    0.7061
    0.8046
    0.8246
    0.7257
    0.7154
    0.7504
    0.6215
    0.7753
    0.8549
    0.6381
    0.8280
    0.6906
    0.7935

p-value (Wilcoxon signed ranked test): 0.000002
AUC ave err std
    0.7447

    0.0612

    0.0612

Precision / Recall macro
    0.7570    0.8788

Precision / Recall micro
    0.7565    0.8781

Std devs
    0.0437    0.0526


Eliminated 24 points
Completed iteration 1

Eliminated 39 points
Completed iteration 2

Eliminated 38 points
Completed iteration 3

Eliminated 26 points
Completed iteration 4

Eliminated 37 points
Completed iteration 5

Eliminated 40 points
Completed iteration 6

Eliminated 21 points
Completed iteration 7

Eliminated 4 points
Completed iteration 8

Eliminated 36 points
Completed iteration 9

Eliminated 29 points
Completed iteration 10

Eliminated 16 points
Completed iteration 11

Eliminated 42 points
Completed iteration 12

Eliminated 45 points
Completed iteration 13

Eliminated 23 points
Completed iteration 14

Eliminated 21 points
Completed iteration 15

Eliminated 20 points
Completed iteration 16

Eliminated 19 points
Completed iteration 17

Eliminated 25 points
Completed iteration 18

Eliminated 35 points
Completed iteration 19

Eliminated 28 points
Completed iteration 20

Eliminated 30 points
Completed iteration 21

Eliminated 41 points
Completed iteration 22

Eliminated 31 points
Completed iteration 23

Eliminated 42 points
Completed iteration 24

Eliminated 17 points
Completed iteration 25

Eliminated 31 points
Completed iteration 26

Eliminated 23 points
Completed iteration 27

Eliminated 39 points
Completed iteration 28

Eliminated 49 points
Completed iteration 29

Eliminated 39 points
Completed iteration 30
Printing all grasps falling into high-precision nodes. Conf=0.600000
Node index 38
   35.0000    2.9052    1.2529
   37.0000    3.7287    1.9034
   85.0000   -0.0721    0.0767
   97.0000    1.1114    0.2118
  177.0000   -0.1871    0.1660
  190.0000    0.9671    0.2542
  200.0000    0.8080    0.2173
  202.0000    5.4912    3.5439
  214.0000    0.8091    0.2481
  229.0000    1.3332    0.6928
  305.0000    0.4325   -0.0456
  315.0000    0.5263   -0.1834
  369.0000    0.3783   -0.1504
  376.0000    1.0714   -0.1223
  448.0000    0.6975   -0.0222
  455.0000    0.5641    0.0755
  485.0000    0.4975    0.4891

Node index 61
  123.0000   -1.2860   -1.1031
  126.0000   -1.3861   -1.1349
  129.0000   -1.2763   -1.0982
  131.0000   -0.9495   -1.1644
  135.0000   -1.2508   -1.0639
  136.0000   -1.0430   -1.0751
  140.0000   -1.1285   -1.1208
  141.0000   -1.1939   -1.1441
  142.0000   -1.1464   -1.0991
  143.0000   -1.1035   -1.1816
  144.0000   -1.1265   -1.2011
  145.0000   -0.9449   -1.0563
  146.0000   -0.5410   -0.7897
  148.0000   -0.7518   -1.0837
  154.0000   -1.1294   -1.1484
  155.0000   -0.9471   -1.1330
  156.0000   -0.9658   -1.1098
  158.0000   -1.3263   -1.1428
  161.0000   -1.0231   -1.1010
  165.0000   -1.1258   -1.0835
  166.0000   -1.1304   -1.0308
  169.0000   -1.3514   -0.9588
  171.0000   -0.4153   -0.7345
  174.0000   -1.2337   -1.0074
  183.0000   -0.0074   -0.3402
  187.0000    0.4195   -0.0820
  203.0000    0.4120   -0.0735
  221.0000   -0.1590   -0.3876
  234.0000   -6.8296    5.9323
  288.0000   -6.8296    5.9323
  308.0000   -0.8761   -0.6106
  349.0000    0.0155   -0.8047
  359.0000    0.1543   -1.0458
  362.0000    0.0998   -0.9155
  363.0000    0.0933   -0.9662
  364.0000    0.1674   -0.8661
  367.0000    0.1480   -0.9396
  372.0000    0.1446   -0.9280
  373.0000   -0.1175   -0.9002
  380.0000    0.0154   -0.9871
  381.0000   -0.0080   -0.9778
  382.0000    0.0480   -0.9783
  384.0000    0.1921   -0.8193
  389.0000    0.2769   -0.8132
  392.0000    0.0905   -0.9055
  404.0000    0.5607   -0.3474
  422.0000   -0.0029   -0.7633
  441.0000   -0.0068   -0.7290
  462.0000   -1.2304   -1.0035
  492.0000   -0.9812   -0.7521
  503.0000   -1.5664   -1.3933

68 points dumped in total
index 35: 2.905234, 1.252891
index 37: 3.728735, 1.903431
index 85: -0.072122, 0.076659
index 97: 1.111377, 0.211799
index 123: -1.286012, -1.103101
index 126: -1.386119, -1.134917
index 129: -1.276321, -1.098237
index 131: -0.949541, -1.164423
index 135: -1.250809, -1.063940
index 136: -1.042996, -1.075127
index 140: -1.128468, -1.120816
index 141: -1.193948, -1.144144
index 142: -1.146417, -1.099074
index 143: -1.103512, -1.181596
index 144: -1.126458, -1.201077
index 145: -0.944932, -1.056272
index 146: -0.541017, -0.789709
index 148: -0.751847, -1.083688
index 154: -1.129444, -1.148398
index 155: -0.947082, -1.132953
index 156: -0.965784, -1.109754
index 158: -1.326341, -1.142790
index 161: -1.023142, -1.100964
index 165: -1.125796, -1.083487
index 166: -1.130412, -1.030786
index 169: -1.351438, -0.958782
index 171: -0.415313, -0.734486
index 174: -1.233745, -1.007385
index 177: -0.187101, 0.166046
index 183: -0.007381, -0.340177
index 187: 0.419478, -0.081951
index 190: 0.967111, 0.254192
index 200: 0.808042, 0.217258
index 202: 5.491166, 3.543913
index 203: 0.412045, -0.073475
index 214: 0.809103, 0.248104
index 221: -0.159020, -0.387640
index 229: 1.333176, 0.692830
index 234: -6.829649, 5.932283
index 288: -6.829649, 5.932283
index 305: 0.432463, -0.045603
index 308: -0.876082, -0.610554
index 315: 0.526262, -0.183407
index 349: 0.015452, -0.804719
index 359: 0.154335, -1.045792
index 362: 0.099808, -0.915471
index 363: 0.093325, -0.966153
index 364: 0.167403, -0.866064
index 367: 0.147970, -0.939631
index 369: 0.378318, -0.150377
index 372: 0.144624, -0.928034
index 373: -0.117469, -0.900169
index 376: 1.071397, -0.122346
index 380: 0.015444, -0.987143
index 381: -0.007965, -0.977824
index 382: 0.048045, -0.978256
index 384: 0.192055, -0.819327
index 389: 0.276863, -0.813190
index 392: 0.090475, -0.905511
index 404: 0.560708, -0.347423
index 422: -0.002932, -0.763330
index 441: -0.006808, -0.728974
index 448: 0.697472, -0.022184
index 455: 0.564097, 0.075453
index 462: -1.230404, -1.003526
index 485: 0.497450, 0.489058
index 492: -0.981164, -0.752083
index 503: -1.566423, -1.393328
Interpolation failed - throwing out 1 points
TPR Info by Lines: FPR Threshold/TPR/TPR STD ERR/TPR STD
    0.0500    0.1000    0.1500
    0.2427    0.3719    0.4694
    0.0410    0.0552    0.0618
    0.0410    0.0552    0.0618

Overall results (hybrid)
Confidence threshold=0.6
Filtered datapoints
Prediction points: 99.666667 (stddev 10.363508)
Individual AUCs:
    0.7546
    0.6510
    0.8082
    0.6917
    0.6474
    0.7723
    0.7155
    0.7486
    0.6949
    0.7968
    0.7721
    0.8184
    0.8362
    0.8775
    0.7676
    0.7671
    0.7372
    0.6800
    0.7772
    0.8118
    0.7676
    0.6182
    0.8709
    0.7465
    0.7094
    0.6872
    0.6185
    0.7524
    0.6922
    0.7568

p-value (Wilcoxon signed ranked test): 0.000002
AUC ave err std
    0.7449

    0.0672

    0.0672

Precision / Recall macro
    0.7708    0.8004

Precision / Recall micro
    0.7694    0.7995

Std devs
    0.0363    0.0766


Eliminated 40 points
Completed iteration 1

Eliminated 38 points
Completed iteration 2

Eliminated 52 points
Completed iteration 3

Eliminated 44 points
Completed iteration 4

Eliminated 36 points
Completed iteration 5

Eliminated 51 points
Completed iteration 6

Eliminated 33 points
Completed iteration 7

Eliminated 46 points
Completed iteration 8

Eliminated 70 points
Completed iteration 9

Eliminated 38 points
Completed iteration 10

Eliminated 33 points
Completed iteration 11

Eliminated 72 points
Completed iteration 12

Eliminated 60 points
Completed iteration 13

Eliminated 62 points
Completed iteration 14

Eliminated 57 points
Completed iteration 15

Eliminated 44 points
Completed iteration 16

Eliminated 31 points
Completed iteration 17

Eliminated 36 points
Completed iteration 18

Eliminated 68 points
Completed iteration 19

Eliminated 63 points
Completed iteration 20

Eliminated 57 points
Completed iteration 21

Eliminated 43 points
Completed iteration 22

Eliminated 44 points
Completed iteration 23

Eliminated 45 points
Completed iteration 24

Eliminated 32 points
Completed iteration 25

Eliminated 49 points
Completed iteration 26

Eliminated 58 points
Completed iteration 27

Eliminated 28 points
Completed iteration 28

Eliminated 53 points
Completed iteration 29

Eliminated 75 points
Completed iteration 30
Printing all grasps falling into high-precision nodes. Conf=0.700000
Node index 40
  115.0000    1.3628    1.0332
  125.0000    0.3519   -0.1576
  252.0000    0.2069    0.2599
  293.0000    0.7703   -0.2687
  326.0000    0.0786   -0.5988
  333.0000    0.3716   -0.5294
  337.0000    0.2168   -0.5907
  354.0000    0.0398   -0.0666
  356.0000    0.0574   -0.0819
  366.0000    0.6678   -0.4178
  370.0000    0.5878   -0.2162
  383.0000    0.5180   -0.4665
  408.0000    1.4970    0.4215
  440.0000    0.9816    0.1423
  451.0000    0.5255   -0.2630
  508.0000    0.1012   -0.3952

Node index 61
  123.0000   -1.2860   -1.1031
  126.0000   -1.3861   -1.1349
  129.0000   -1.2763   -1.0982
  131.0000   -0.9495   -1.1644
  135.0000   -1.2508   -1.0639
  136.0000   -1.0430   -1.0751
  140.0000   -1.1285   -1.1208
  141.0000   -1.1939   -1.1441
  142.0000   -1.1464   -1.0991
  143.0000   -1.1035   -1.1816
  144.0000   -1.1265   -1.2011
  145.0000   -0.9449   -1.0563
  146.0000   -0.5410   -0.7897
  148.0000   -0.7518   -1.0837
  154.0000   -1.1294   -1.1484
  155.0000   -0.9471   -1.1330
  156.0000   -0.9658   -1.1098
  158.0000   -1.3263   -1.1428
  161.0000   -1.0231   -1.1010
  165.0000   -1.1258   -1.0835
  166.0000   -1.1304   -1.0308
  169.0000   -1.3514   -0.9588
  171.0000   -0.4153   -0.7345
  174.0000   -1.2337   -1.0074
  183.0000   -0.0074   -0.3402
  187.0000    0.4195   -0.0820
  203.0000    0.4120   -0.0735
  221.0000   -0.1590   -0.3876
  234.0000   -6.8296    5.9323
  288.0000   -6.8296    5.9323
  308.0000   -0.8761   -0.6106
  349.0000    0.0155   -0.8047
  359.0000    0.1543   -1.0458
  362.0000    0.0998   -0.9155
  363.0000    0.0933   -0.9662
  364.0000    0.1674   -0.8661
  367.0000    0.1480   -0.9396
  372.0000    0.1446   -0.9280
  373.0000   -0.1175   -0.9002
  380.0000    0.0154   -0.9871
  381.0000   -0.0080   -0.9778
  382.0000    0.0480   -0.9783
  384.0000    0.1921   -0.8193
  389.0000    0.2769   -0.8132
  392.0000    0.0905   -0.9055
  404.0000    0.5607   -0.3474
  422.0000   -0.0029   -0.7633
  441.0000   -0.0068   -0.7290
  462.0000   -1.2304   -1.0035
  492.0000   -0.9812   -0.7521
  503.0000   -1.5664   -1.3933

67 points dumped in total
index 115: 1.362757, 1.033249
index 123: -1.286012, -1.103101
index 125: 0.351854, -0.157623
index 126: -1.386119, -1.134917
index 129: -1.276321, -1.098237
index 131: -0.949541, -1.164423
index 135: -1.250809, -1.063940
index 136: -1.042996, -1.075127
index 140: -1.128468, -1.120816
index 141: -1.193948, -1.144144
index 142: -1.146417, -1.099074
index 143: -1.103512, -1.181596
index 144: -1.126458, -1.201077
index 145: -0.944932, -1.056272
index 146: -0.541017, -0.789709
index 148: -0.751847, -1.083688
index 154: -1.129444, -1.148398
index 155: -0.947082, -1.132953
index 156: -0.965784, -1.109754
index 158: -1.326341, -1.142790
index 161: -1.023142, -1.100964
index 165: -1.125796, -1.083487
index 166: -1.130412, -1.030786
index 169: -1.351438, -0.958782
index 171: -0.415313, -0.734486
index 174: -1.233745, -1.007385
index 183: -0.007381, -0.340177
index 187: 0.419478, -0.081951
index 203: 0.412045, -0.073475
index 221: -0.159020, -0.387640
index 234: -6.829649, 5.932283
index 252: 0.206904, 0.259901
index 288: -6.829649, 5.932283
index 293: 0.770302, -0.268702
index 308: -0.876082, -0.610554
index 326: 0.078584, -0.598787
index 333: 0.371626, -0.529432
index 337: 0.216790, -0.590723
index 349: 0.015452, -0.804719
index 354: 0.039814, -0.066639
index 356: 0.057426, -0.081872
index 359: 0.154335, -1.045792
index 362: 0.099808, -0.915471
index 363: 0.093325, -0.966153
index 364: 0.167403, -0.866064
index 366: 0.667760, -0.417805
index 367: 0.147970, -0.939631
index 370: 0.587848, -0.216198
index 372: 0.144624, -0.928034
index 373: -0.117469, -0.900169
index 380: 0.015444, -0.987143
index 381: -0.007965, -0.977824
index 382: 0.048045, -0.978256
index 383: 0.518006, -0.466504
index 384: 0.192055, -0.819327
index 389: 0.276863, -0.813190
index 392: 0.090475, -0.905511
index 404: 0.560708, -0.347423
index 408: 1.496982, 0.421458
index 422: -0.002932, -0.763330
index 440: 0.981575, 0.142324
index 441: -0.006808, -0.728974
index 451: 0.525452, -0.263001
index 462: -1.230404, -1.003526
index 492: -0.981164, -0.752083
index 503: -1.566423, -1.393328
index 508: 0.101169, -0.395157
Interpolation failed - throwing out 1 points
Interpolation failed - throwing out 2 points
Interpolation failed - throwing out 3 points
Interpolation failed - throwing out 4 points
Interpolation failed - throwing out 5 points
TPR Info by Lines: FPR Threshold/TPR/TPR STD ERR/TPR STD
    0.0500    0.1000    0.1500
    0.2987    0.3833    0.4427
    0.0363    0.0489    0.0626
    0.0363    0.0489    0.0626

Overall results (hybrid)
Confidence threshold=0.7
Filtered datapoints
Prediction points: 81.400000 (stddev 13.247251)
Individual AUCs:
    0.8566
    0.7237
    0.9006
    0.7573
    0.7715
    0.7203
    0.7281
    0.8054
    0.7496
    0.7354
    0.7119
    0.7104
    0.8611
    0.6348
    0.7535
    0.6554
    0.7860
    0.7569
    0.6033
    0.7045
    0.7801
    0.7944
    0.7574
    0.7180
    0.7949
    0.6950
    0.7914
    0.7186
    0.7908
    0.8469

p-value (Wilcoxon signed ranked test): 0.000002
AUC ave err std
    0.7538

    0.0656

    0.0656

Precision / Recall macro
    0.7816    0.6578

Precision / Recall micro
    0.7804    0.6584

Std devs
    0.0485    0.1012


Eliminated 90 points
Completed iteration 1

Eliminated 44 points
Completed iteration 2

Eliminated 83 points
Completed iteration 3

Eliminated 74 points
Completed iteration 4

Eliminated 76 points
Completed iteration 5

Eliminated 66 points
Completed iteration 6

Eliminated 81 points
Completed iteration 7

Eliminated 79 points
Completed iteration 8

Eliminated 55 points
Completed iteration 9

Eliminated 64 points
Completed iteration 10

Eliminated 55 points
Completed iteration 11

Eliminated 72 points
Completed iteration 12

Eliminated 83 points
Completed iteration 13

Eliminated 84 points
Completed iteration 14

Eliminated 50 points
Completed iteration 15

Eliminated 78 points
Completed iteration 16

Eliminated 70 points
Completed iteration 17

Eliminated 69 points
Completed iteration 18

Eliminated 81 points
Completed iteration 19

Eliminated 74 points
Completed iteration 20

Eliminated 48 points
Completed iteration 21

Eliminated 94 points
Completed iteration 22

Eliminated 57 points
Completed iteration 23

Eliminated 73 points
Completed iteration 24

Eliminated 76 points
Completed iteration 25

Eliminated 65 points
Completed iteration 26

Eliminated 71 points
Completed iteration 27

Eliminated 94 points
Completed iteration 28

Eliminated 56 points
Completed iteration 29

Eliminated 39 points
Completed iteration 30
Printing all grasps falling into high-precision nodes. Conf=0.800000
0 points dumped in total
Interpolation failed - throwing out 1 points
Interpolation failed - throwing out 2 points
TPR Info by Lines: FPR Threshold/TPR/TPR STD ERR/TPR STD
    0.0500    0.1000    0.1500
    0.2906    0.3960    0.4631
    0.0494    0.0807    0.1007
    0.0494    0.0807    0.1007

Overall results (hybrid)
Confidence threshold=0.8
Filtered datapoints
Prediction points: 59.966667 (stddev 14.389851)
Individual AUCs:
    0.3333
    0.7937
    0.8405
    0.7708
    0.7248
    0.7195
    0.6474
    0.8280
    0.5844
    0.6647
    0.6856
    0.8472
    0.7514
    0.8000
    0.7460
    0.8576
    0.8071
    0.6348
    0.6799
    0.8416
    0.8597
    0.5313
    0.8761
    0.7397
    0.7636
    0.7520
    0.6913
    0.7635
    0.6907
    0.7202

p-value (Wilcoxon signed ranked test): 0.000002
AUC ave err std
    0.7315

    0.1127

    0.1127

Precision / Recall macro
    0.7987    0.5013

Precision / Recall micro
    0.7984    0.5009

Std devs
    0.0473    0.1186


Eliminated 101 points
Completed iteration 1

Eliminated 92 points
Completed iteration 2

Eliminated 85 points
Completed iteration 3

Eliminated 93 points
Completed iteration 4

Eliminated 94 points
Completed iteration 5

Eliminated 86 points
Completed iteration 6

Eliminated 94 points
Completed iteration 7

Eliminated 79 points
Completed iteration 8

Eliminated 71 points
Completed iteration 9

Eliminated 106 points
Completed iteration 10

Eliminated 91 points
Completed iteration 11

Eliminated 96 points
Completed iteration 12

Eliminated 92 points
Completed iteration 13

Eliminated 96 points
Completed iteration 14

Eliminated 91 points
Completed iteration 15

Eliminated 73 points
Completed iteration 16

Eliminated 83 points
Completed iteration 17

Eliminated 71 points
Completed iteration 18

Eliminated 88 points
Completed iteration 19

Eliminated 81 points
Completed iteration 20

Eliminated 97 points
Completed iteration 21

Eliminated 74 points
Completed iteration 22

Eliminated 97 points
Completed iteration 23

Eliminated 86 points
Completed iteration 24

Eliminated 82 points
Completed iteration 25

Eliminated 88 points
Completed iteration 26

Eliminated 100 points
Completed iteration 27

Eliminated 102 points
Completed iteration 28

Eliminated 86 points
Completed iteration 29

Eliminated 94 points
Completed iteration 30
Printing all grasps falling into high-precision nodes. Conf=0.900000
0 points dumped in total
Interpolation failed - throwing out 1 points
Interpolation failed - throwing out 2 points
Interpolation failed - throwing out 3 points
TPR Info by Lines: FPR Threshold/TPR/TPR STD ERR/TPR STD
    0.0500    0.1000    0.1500
    0.3009    0.4077    0.4927
    0.0650    0.0710    0.0816
    0.0650    0.0710    0.0816

Overall results (hybrid)
Confidence threshold=0.9
Filtered datapoints
Prediction points: 41.033333 (stddev 9.264256)
Individual AUCs:
    0.7800
    0.9292
    0.6975
    0.6288
    0.7094
    0.8160
    0.6182
    0.8184
    0.8025
    0.7556
    0.5345
    0.8602
    0.7778
    0.7837
    0.7323
    0.7000
    0.7573
    0.8311
    0.6507
    0.6765
    0.7581
    0.8844
    0.5972
    0.6094
    0.7445
    0.8051
    0.6944
    0.7727
    0.7576
    0.5419

p-value (Wilcoxon signed ranked test): 0.000002
AUC ave err std
    0.7342

    0.0965

    0.0965

Precision / Recall macro
    0.7933    0.3467

Precision / Recall micro
    0.7919    0.3447

Std devs
    0.0654    0.0823

computation time (s)
  198.9910

