!!!!below quality measures have been removed due to insufficient data!!!!!!!!!!!!
binThreshold:30
crowdsource cutoff:30
using confidence:1
Number of bins: 31
Average bin size: 1.683871e+01

Using threshold of 0.840677
Eliminated 0 points
Completed iteration 1

Using threshold of 0.785320
Eliminated 0 points
Completed iteration 2

Using threshold of 0.829316
Eliminated 0 points
Completed iteration 3

Using threshold of 0.718921
Eliminated 0 points
Completed iteration 4

Using threshold of 0.705477
Eliminated 0 points
Completed iteration 5

Using threshold of 0.859655
Eliminated 0 points
Completed iteration 6

Using threshold of 0.751555
Eliminated 0 points
Completed iteration 7

Using threshold of 0.849362
Eliminated 0 points
Completed iteration 8

Using threshold of 0.769332
Eliminated 0 points
Completed iteration 9

Using threshold of 0.799687
Eliminated 0 points
Completed iteration 10

Using threshold of 0.778395
Eliminated 0 points
Completed iteration 11

Using threshold of 0.773350
Eliminated 0 points
Completed iteration 12

Using threshold of 0.641473
Eliminated 0 points
Completed iteration 13

Using threshold of 0.700302
Eliminated 0 points
Completed iteration 14

Using threshold of 0.824287
Eliminated 0 points
Completed iteration 15

Using threshold of 0.815888
Eliminated 0 points
Completed iteration 16

Using threshold of 0.649244
Eliminated 0 points
Completed iteration 17

Using threshold of 0.690171
Eliminated 0 points
Completed iteration 18

Using threshold of 0.726987
Eliminated 0 points
Completed iteration 19

Using threshold of 0.783049
Eliminated 0 points
Completed iteration 20

Using threshold of 0.773159
Eliminated 0 points
Completed iteration 21

Using threshold of 0.822541
Eliminated 0 points
Completed iteration 22

Using threshold of 0.798528
Eliminated 0 points
Completed iteration 23

Using threshold of 0.830749
Eliminated 0 points
Completed iteration 24

Using threshold of 0.700333
Eliminated 0 points
Completed iteration 25

Using threshold of 0.838488
Eliminated 0 points
Completed iteration 26

Using threshold of 0.758635
Eliminated 0 points
Completed iteration 27

Using threshold of 0.763939
Eliminated 0 points
Completed iteration 28

Using threshold of 0.674890
Eliminated 0 points
Completed iteration 29

Using threshold of 0.782002
Eliminated 0 points
Completed iteration 30
Printing all grasps falling into high-precision nodes. Conf=0.000000
Node index 40
  115.0000    1.3628    1.0332
  125.0000    0.3519   -0.1576
  252.0000    0.2069    0.2599
  293.0000    0.7703   -0.2687
  326.0000    0.0786   -0.5988
  333.0000    0.3716   -0.5294
  337.0000    0.2168   -0.5907
  354.0000    0.0398   -0.0666
  356.0000    0.0574   -0.0819
  366.0000    0.6678   -0.4178
  370.0000    0.5878   -0.2162
  383.0000    0.5180   -0.4665
  408.0000    1.4970    0.4215
  440.0000    0.9816    0.1423
  451.0000    0.5255   -0.2630
  508.0000    0.1012   -0.3952

Node index 21
  133.0000   -0.0972   -0.5695
  137.0000   -0.0035   -0.4807
  164.0000    0.1139    0.1288
  222.0000   -0.2298   -0.6370
  241.0000    0.6677    0.4557
  251.0000    0.2939    0.2990
  257.0000    0.2523    0.3165
  262.0000    0.2294    0.3334
  265.0000    0.4408    0.3647
  272.0000   -0.2322   -0.0789
  277.0000    0.1776    0.3277
  289.0000    0.0411   -0.4544
  313.0000   -0.0859   -0.4315
  324.0000    0.3914   -0.7584
  331.0000    0.1256   -0.4845
  334.0000    0.2290   -0.8072
  338.0000   -0.0110   -0.5117
  352.0000    0.1040   -0.4730
  357.0000    0.4987   -0.5761
  368.0000    0.6070    0.1004
  387.0000    0.3069   -0.8166
  411.0000    0.3561   -0.6198
  413.0000   -0.0145   -0.7294
  418.0000   -0.0143   -0.7239
  419.0000    0.2517   -0.6242
  429.0000    0.3642   -0.3874
  439.0000    0.6322   -0.3536
  445.0000    0.2194    0.1792
  447.0000    0.3458   -0.5330
  460.0000    0.2466   -0.5846

Node index 45
  302.0000    0.0112   -0.5155
  312.0000    0.3276   -0.6721
  317.0000    0.4537   -0.6457
  318.0000    0.3156   -0.4720
  328.0000    0.7668   -0.2627
  342.0000   -0.0541   -0.5214
  358.0000    0.3223   -0.8622
  361.0000    0.4764   -0.8169
  385.0000    0.5816   -0.4596
  394.0000    0.4076   -0.7946
  416.0000    0.1682   -0.7233
  417.0000    0.0546   -0.7203
  425.0000    0.2748   -0.5124
  426.0000    0.2563   -0.6375
  432.0000    0.2119   -0.6607
  437.0000    0.1376   -0.6311
  453.0000    0.5616   -0.4939
  456.0000    0.4009   -0.6149

Node index 57
   67.0000   -2.1259   -1.4177
   68.0000   -2.3429   -1.1328
   78.0000   -1.7194   -1.2948
  103.0000   -2.8176   -2.0438
  122.0000   -0.5581   -0.5040
  124.0000   -1.1305   -0.7679
  127.0000   -1.1601   -0.8040
  130.0000   -1.1453   -0.9386
  132.0000   -0.7011   -0.9513
  134.0000   -0.8443   -0.5429
  147.0000   -1.1858   -0.3776
  149.0000   -1.2632   -0.9886
  151.0000   -0.5791   -0.7894
  152.0000   -0.7450   -0.8380
  153.0000   -1.0937   -0.7782
  157.0000   -0.7650   -0.8137
  160.0000   -1.2250   -0.9459
  162.0000   -1.4917   -0.3572
  167.0000   -1.2187   -0.9455
  168.0000   -1.3225   -1.0916
  170.0000   -1.5344   -0.9281
  172.0000   -0.9938   -0.6851
  176.0000   -2.5912   -1.8322
  194.0000    0.1831   -0.2570
  215.0000   -1.6905   -1.3000
  238.0000   -2.0736   -0.9760
  266.0000   -2.0253   -1.0550
  276.0000   -2.4499   -1.8707
  279.0000   -2.2501   -0.8559
  280.0000   -1.9920   -1.0267
  286.0000   -2.0867   -1.5871
  287.0000   -3.0797   -1.8254
  290.0000   -0.3866   -0.5717
  292.0000   -1.7200   -1.4219
  295.0000   -0.8148   -0.6502
  297.0000   -1.0801   -1.0696
  298.0000   -0.9638   -0.9980
  300.0000   -0.7782   -0.7768
  304.0000   -0.3551   -0.5729
  306.0000   -1.2417   -1.1069
  307.0000    0.0033   -0.7212
  311.0000   -2.2280   -1.7615
  314.0000   -0.9510   -0.9884
  321.0000   -0.7482   -0.8567
  322.0000   -0.8288   -0.6662
  323.0000   -0.7713   -0.9000
  325.0000    0.1380   -0.1850
  327.0000   -0.5555   -0.7136
  329.0000   -1.3425   -1.2264
  330.0000   -0.7656   -0.8337
  335.0000   -0.7418   -0.9214
  336.0000   -1.1783   -1.1401
  343.0000   -0.4533   -0.4491
  344.0000   -0.9831   -0.8307
  375.0000    0.1698   -0.7707
  406.0000   -0.7790   -0.7044
  409.0000   -0.7559   -0.7972
  442.0000   -0.6745   -0.6296
  444.0000   -0.4205   -0.4958
  452.0000   -0.4787   -0.5017
  466.0000   -0.4916   -0.8257
  467.0000   -1.4066   -0.9233
  473.0000   -1.2340   -1.4673
  474.0000   -1.2293   -1.2933
  477.0000   -1.5658   -1.4407
  479.0000   -0.9252   -0.8568
  480.0000   -1.3259   -1.3526
  481.0000   -1.2862   -1.2316
  484.0000   -1.3318   -1.1700
  486.0000   -1.4858   -1.3710
  487.0000   -0.8320   -0.9825
  490.0000   -1.8167   -1.1704
  493.0000   -1.8556   -1.2130
  495.0000   -1.4455   -1.3225
  496.0000   -1.4852   -1.2752
  498.0000   -0.8356   -1.0471
  499.0000   -0.4489   -0.7827
  500.0000   -0.4497   -0.8029
  502.0000   -1.2154   -1.2022
  504.0000   -1.4288   -1.2941
  505.0000   -0.7296   -0.8693
  509.0000   -0.2548   -0.7767
  510.0000   -1.3004   -1.0624
  513.0000   -0.3015   -0.7047

Node index 61
  123.0000   -1.2860   -1.1031
  126.0000   -1.3861   -1.1349
  129.0000   -1.2763   -1.0982
  131.0000   -0.9495   -1.1644
  135.0000   -1.2508   -1.0639
  136.0000   -1.0430   -1.0751
  140.0000   -1.1285   -1.1208
  141.0000   -1.1939   -1.1441
  142.0000   -1.1464   -1.0991
  143.0000   -1.1035   -1.1816
  144.0000   -1.1265   -1.2011
  145.0000   -0.9449   -1.0563
  146.0000   -0.5410   -0.7897
  148.0000   -0.7518   -1.0837
  154.0000   -1.1294   -1.1484
  155.0000   -0.9471   -1.1330
  156.0000   -0.9658   -1.1098
  158.0000   -1.3263   -1.1428
  161.0000   -1.0231   -1.1010
  165.0000   -1.1258   -1.0835
  166.0000   -1.1304   -1.0308
  169.0000   -1.3514   -0.9588
  171.0000   -0.4153   -0.7345
  174.0000   -1.2337   -1.0074
  183.0000   -0.0074   -0.3402
  187.0000    0.4195   -0.0820
  203.0000    0.4120   -0.0735
  221.0000   -0.1590   -0.3876
  234.0000   -6.8296    5.9323
  288.0000   -6.8296    5.9323
  308.0000   -0.8761   -0.6106
  349.0000    0.0155   -0.8047
  359.0000    0.1543   -1.0458
  362.0000    0.0998   -0.9155
  363.0000    0.0933   -0.9662
  364.0000    0.1674   -0.8661
  367.0000    0.1480   -0.9396
  372.0000    0.1446   -0.9280
  373.0000   -0.1175   -0.9002
  380.0000    0.0154   -0.9871
  381.0000   -0.0080   -0.9778
  382.0000    0.0480   -0.9783
  384.0000    0.1921   -0.8193
  389.0000    0.2769   -0.8132
  392.0000    0.0905   -0.9055
  404.0000    0.5607   -0.3474
  422.0000   -0.0029   -0.7633
  441.0000   -0.0068   -0.7290
  462.0000   -1.2304   -1.0035
  492.0000   -0.9812   -0.7521
  503.0000   -1.5664   -1.3933

199 points dumped in total
index 67: -2.125909, -1.417658
index 68: -2.342895, -1.132808
index 78: -1.719379, -1.294816
index 103: -2.817629, -2.043760
index 115: 1.362757, 1.033249
index 122: -0.558099, -0.503974
index 123: -1.286012, -1.103101
index 124: -1.130501, -0.767871
index 125: 0.351854, -0.157623
index 126: -1.386119, -1.134917
index 127: -1.160069, -0.804013
index 129: -1.276321, -1.098237
index 130: -1.145290, -0.938597
index 131: -0.949541, -1.164423
index 132: -0.701133, -0.951303
index 133: -0.097228, -0.569516
index 134: -0.844260, -0.542885
index 135: -1.250809, -1.063940
index 136: -1.042996, -1.075127
index 137: -0.003499, -0.480654
index 140: -1.128468, -1.120816
index 141: -1.193948, -1.144144
index 142: -1.146417, -1.099074
index 143: -1.103512, -1.181596
index 144: -1.126458, -1.201077
index 145: -0.944932, -1.056272
index 146: -0.541017, -0.789709
index 147: -1.185786, -0.377608
index 148: -0.751847, -1.083688
index 149: -1.263181, -0.988641
index 151: -0.579094, -0.789368
index 152: -0.745019, -0.838046
index 153: -1.093745, -0.778180
index 154: -1.129444, -1.148398
index 155: -0.947082, -1.132953
index 156: -0.965784, -1.109754
index 157: -0.764989, -0.813689
index 158: -1.326341, -1.142790
index 160: -1.225026, -0.945871
index 161: -1.023142, -1.100964
index 162: -1.491707, -0.357246
index 164: 0.113930, 0.128786
index 165: -1.125796, -1.083487
index 166: -1.130412, -1.030786
index 167: -1.218660, -0.945457
index 168: -1.322536, -1.091553
index 169: -1.351438, -0.958782
index 170: -1.534442, -0.928102
index 171: -0.415313, -0.734486
index 172: -0.993785, -0.685078
index 174: -1.233745, -1.007385
index 176: -2.591165, -1.832172
index 183: -0.007381, -0.340177
index 187: 0.419478, -0.081951
index 194: 0.183101, -0.256960
index 203: 0.412045, -0.073475
index 215: -1.690475, -1.299979
index 221: -0.159020, -0.387640
index 222: -0.229827, -0.637012
index 234: -6.829649, 5.932283
index 238: -2.073635, -0.975987
index 241: 0.667745, 0.455659
index 251: 0.293945, 0.298972
index 252: 0.206904, 0.259901
index 257: 0.252341, 0.316534
index 262: 0.229431, 0.333448
index 265: 0.440795, 0.364719
index 266: -2.025267, -1.055002
index 272: -0.232181, -0.078949
index 276: -2.449896, -1.870652
index 277: 0.177622, 0.327670
index 279: -2.250111, -0.855948
index 280: -1.992033, -1.026713
index 286: -2.086730, -1.587125
index 287: -3.079666, -1.825402
index 288: -6.829649, 5.932283
index 289: 0.041133, -0.454373
index 290: -0.386567, -0.571687
index 292: -1.719955, -1.421915
index 293: 0.770302, -0.268702
index 295: -0.814772, -0.650177
index 297: -1.080132, -1.069617
index 298: -0.963819, -0.998035
index 300: -0.778216, -0.776829
index 302: 0.011193, -0.515459
index 304: -0.355057, -0.572852
index 306: -1.241693, -1.106919
index 307: 0.003285, -0.721154
index 308: -0.876082, -0.610554
index 311: -2.228041, -1.761469
index 312: 0.327552, -0.672094
index 313: -0.085936, -0.431462
index 314: -0.950988, -0.988441
index 317: 0.453667, -0.645690
index 318: 0.315610, -0.472040
index 321: -0.748152, -0.856680
index 322: -0.828751, -0.666202
index 323: -0.771331, -0.899954
index 324: 0.391450, -0.758403
index 325: 0.138034, -0.185048
index 326: 0.078584, -0.598787
index 327: -0.555540, -0.713639
index 328: 0.766844, -0.262657
index 329: -1.342504, -1.226385
index 330: -0.765630, -0.833691
index 331: 0.125569, -0.484463
index 333: 0.371626, -0.529432
index 334: 0.229013, -0.807171
index 335: -0.741842, -0.921426
index 336: -1.178289, -1.140094
index 337: 0.216790, -0.590723
index 338: -0.010998, -0.511679
index 342: -0.054087, -0.521437
index 343: -0.453338, -0.449113
index 344: -0.983137, -0.830703
index 349: 0.015452, -0.804719
index 352: 0.104047, -0.473020
index 354: 0.039814, -0.066639
index 356: 0.057426, -0.081872
index 357: 0.498666, -0.576095
index 358: 0.322345, -0.862207
index 359: 0.154335, -1.045792
index 361: 0.476434, -0.816948
index 362: 0.099808, -0.915471
index 363: 0.093325, -0.966153
index 364: 0.167403, -0.866064
index 366: 0.667760, -0.417805
index 367: 0.147970, -0.939631
index 368: 0.607005, 0.100438
index 370: 0.587848, -0.216198
index 372: 0.144624, -0.928034
index 373: -0.117469, -0.900169
index 375: 0.169817, -0.770719
index 380: 0.015444, -0.987143
index 381: -0.007965, -0.977824
index 382: 0.048045, -0.978256
index 383: 0.518006, -0.466504
index 384: 0.192055, -0.819327
index 385: 0.581607, -0.459552
index 387: 0.306900, -0.816591
index 389: 0.276863, -0.813190
index 392: 0.090475, -0.905511
index 394: 0.407647, -0.794572
index 404: 0.560708, -0.347423
index 406: -0.779036, -0.704378
index 408: 1.496982, 0.421458
index 409: -0.755855, -0.797195
index 411: 0.356147, -0.619765
index 413: -0.014482, -0.729398
index 416: 0.168205, -0.723279
index 417: 0.054628, -0.720293
index 418: -0.014319, -0.723861
index 419: 0.251748, -0.624211
index 422: -0.002932, -0.763330
index 425: 0.274810, -0.512404
index 426: 0.256349, -0.637506
index 429: 0.364166, -0.387402
index 432: 0.211942, -0.660727
index 437: 0.137557, -0.631084
index 439: 0.632173, -0.353580
index 440: 0.981575, 0.142324
index 441: -0.006808, -0.728974
index 442: -0.674493, -0.629573
index 444: -0.420537, -0.495800
index 445: 0.219406, 0.179204
index 447: 0.345808, -0.532963
index 451: 0.525452, -0.263001
index 452: -0.478669, -0.501672
index 453: 0.561584, -0.493914
index 456: 0.400858, -0.614878
index 460: 0.246552, -0.584550
index 462: -1.230404, -1.003526
index 466: -0.491633, -0.825738
index 467: -1.406630, -0.923317
index 473: -1.233997, -1.467305
index 474: -1.229256, -1.293296
index 477: -1.565839, -1.440663
index 479: -0.925219, -0.856849
index 480: -1.325920, -1.352649
index 481: -1.286218, -1.231622
index 484: -1.331808, -1.169952
index 486: -1.485831, -1.371000
index 487: -0.832004, -0.982482
index 490: -1.816739, -1.170421
index 492: -0.981164, -0.752083
index 493: -1.855611, -1.212984
index 495: -1.445544, -1.322524
index 496: -1.485228, -1.275195
index 498: -0.835550, -1.047116
index 499: -0.448876, -0.782731
index 500: -0.449675, -0.802861
index 502: -1.215397, -1.202163
index 503: -1.566423, -1.393328
index 504: -1.428800, -1.294066
index 505: -0.729567, -0.869252
index 508: 0.101169, -0.395157
index 509: -0.254820, -0.776722
index 510: -1.300414, -1.062360
index 513: -0.301487, -0.704750
Interpolation failed - throwing out 1 points
Interpolation failed - throwing out 2 points
Interpolation failed - throwing out 3 points
TPR Info by Lines: FPR Threshold/TPR/TPR STD ERR/TPR STD
    0.0500    0.1000    0.1500
    0.2654    0.3893    0.4644
    0.0299    0.0455    0.0412
    0.0299    0.0455    0.0412

Overall results (hybrid)
Confidence threshold=0
Filtered datapoints
Prediction points: 130.000000 (stddev 0.000000)
Individual AUCs:
    0.8095
    0.8290
    0.7050
    0.7227
    0.7869
    0.7614
    0.6650
    0.7397
    0.7246
    0.7844
    0.7641
    0.7762
    0.7538
    0.7757
    0.7405
    0.6878
    0.6982
    0.7187
    0.7738
    0.7316
    0.8395
    0.7370
    0.7553
    0.8341
    0.7877
    0.7326
    0.7969
    0.7443
    0.7465
    0.7480

p-value (Wilcoxon signed ranked test): 0.000002
AUC ave err std
    0.7557

    0.0422

    0.0422

Precision / Recall macro
    0.8703    0.5930

Precision / Recall micro
    0.8674    0.5933

Std devs
    0.0403    0.1250


Using threshold of 0.733875
Eliminated 33 points
Completed iteration 1

Using threshold of 0.796270
Eliminated 18 points
Completed iteration 2

Using threshold of 0.780714
Eliminated 42 points
Completed iteration 3

Using threshold of 0.843389
Eliminated 31 points
Completed iteration 4

Using threshold of 0.806859
Eliminated 33 points
Completed iteration 5

Using threshold of 0.738499
Eliminated 17 points
Completed iteration 6

Using threshold of 0.867361
Eliminated 57 points
Completed iteration 7

Using threshold of 0.824141
Eliminated 69 points
Completed iteration 8

Using threshold of 0.692521
Eliminated 27 points
Completed iteration 9

Using threshold of 0.651334
Eliminated 18 points
Completed iteration 10

Using threshold of 0.728313
Eliminated 36 points
Completed iteration 11

Using threshold of 0.765015
Eliminated 42 points
Completed iteration 12

Using threshold of 0.651390
Eliminated 32 points
Completed iteration 13

Using threshold of 0.760676
Eliminated 43 points
Completed iteration 14

Using threshold of 0.712675
Eliminated 16 points
Completed iteration 15

Using threshold of 0.715904
Eliminated 30 points
Completed iteration 16

Using threshold of 0.696928
Eliminated 13 points
Completed iteration 17

Using threshold of 0.792551
Eliminated 29 points
Completed iteration 18

Using threshold of 0.831285
Eliminated 30 points
Completed iteration 19

Using threshold of 0.785371
Eliminated 32 points
Completed iteration 20

Using threshold of 0.811951
Eliminated 40 points
Completed iteration 21

Using threshold of 0.745035
Eliminated 24 points
Completed iteration 22

Using threshold of 0.780456
Eliminated 27 points
Completed iteration 23

Using threshold of 0.809826
Eliminated 31 points
Completed iteration 24

Using threshold of 0.783018
Eliminated 32 points
Completed iteration 25

Using threshold of 0.789764
Eliminated 53 points
Completed iteration 26

Using threshold of 0.868564
Eliminated 22 points
Completed iteration 27

Using threshold of 0.702910
Eliminated 31 points
Completed iteration 28

Using threshold of 0.817112
Eliminated 26 points
Completed iteration 29

Using threshold of 0.679659
Eliminated 24 points
Completed iteration 30
Printing all grasps falling into high-precision nodes. Conf=0.500000
Node index 40
  115.0000    1.3628    1.0332
  125.0000    0.3519   -0.1576
  252.0000    0.2069    0.2599
  293.0000    0.7703   -0.2687
  326.0000    0.0786   -0.5988
  333.0000    0.3716   -0.5294
  337.0000    0.2168   -0.5907
  354.0000    0.0398   -0.0666
  356.0000    0.0574   -0.0819
  366.0000    0.6678   -0.4178
  370.0000    0.5878   -0.2162
  383.0000    0.5180   -0.4665
  408.0000    1.4970    0.4215
  440.0000    0.9816    0.1423
  451.0000    0.5255   -0.2630
  508.0000    0.1012   -0.3952

Node index 21
  133.0000   -0.0972   -0.5695
  137.0000   -0.0035   -0.4807
  164.0000    0.1139    0.1288
  222.0000   -0.2298   -0.6370
  241.0000    0.6677    0.4557
  251.0000    0.2939    0.2990
  257.0000    0.2523    0.3165
  262.0000    0.2294    0.3334
  265.0000    0.4408    0.3647
  272.0000   -0.2322   -0.0789
  277.0000    0.1776    0.3277
  289.0000    0.0411   -0.4544
  313.0000   -0.0859   -0.4315
  324.0000    0.3914   -0.7584
  331.0000    0.1256   -0.4845
  334.0000    0.2290   -0.8072
  338.0000   -0.0110   -0.5117
  352.0000    0.1040   -0.4730
  357.0000    0.4987   -0.5761
  368.0000    0.6070    0.1004
  387.0000    0.3069   -0.8166
  411.0000    0.3561   -0.6198
  413.0000   -0.0145   -0.7294
  418.0000   -0.0143   -0.7239
  419.0000    0.2517   -0.6242
  429.0000    0.3642   -0.3874
  439.0000    0.6322   -0.3536
  445.0000    0.2194    0.1792
  447.0000    0.3458   -0.5330
  460.0000    0.2466   -0.5846

Node index 45
  302.0000    0.0112   -0.5155
  312.0000    0.3276   -0.6721
  317.0000    0.4537   -0.6457
  318.0000    0.3156   -0.4720
  328.0000    0.7668   -0.2627
  342.0000   -0.0541   -0.5214
  358.0000    0.3223   -0.8622
  361.0000    0.4764   -0.8169
  385.0000    0.5816   -0.4596
  394.0000    0.4076   -0.7946
  416.0000    0.1682   -0.7233
  417.0000    0.0546   -0.7203
  425.0000    0.2748   -0.5124
  426.0000    0.2563   -0.6375
  432.0000    0.2119   -0.6607
  437.0000    0.1376   -0.6311
  453.0000    0.5616   -0.4939
  456.0000    0.4009   -0.6149

Node index 61
  123.0000   -1.2860   -1.1031
  126.0000   -1.3861   -1.1349
  129.0000   -1.2763   -1.0982
  131.0000   -0.9495   -1.1644
  135.0000   -1.2508   -1.0639
  136.0000   -1.0430   -1.0751
  140.0000   -1.1285   -1.1208
  141.0000   -1.1939   -1.1441
  142.0000   -1.1464   -1.0991
  143.0000   -1.1035   -1.1816
  144.0000   -1.1265   -1.2011
  145.0000   -0.9449   -1.0563
  146.0000   -0.5410   -0.7897
  148.0000   -0.7518   -1.0837
  154.0000   -1.1294   -1.1484
  155.0000   -0.9471   -1.1330
  156.0000   -0.9658   -1.1098
  158.0000   -1.3263   -1.1428
  161.0000   -1.0231   -1.1010
  165.0000   -1.1258   -1.0835
  166.0000   -1.1304   -1.0308
  169.0000   -1.3514   -0.9588
  171.0000   -0.4153   -0.7345
  174.0000   -1.2337   -1.0074
  183.0000   -0.0074   -0.3402
  187.0000    0.4195   -0.0820
  203.0000    0.4120   -0.0735
  221.0000   -0.1590   -0.3876
  234.0000   -6.8296    5.9323
  288.0000   -6.8296    5.9323
  308.0000   -0.8761   -0.6106
  349.0000    0.0155   -0.8047
  359.0000    0.1543   -1.0458
  362.0000    0.0998   -0.9155
  363.0000    0.0933   -0.9662
  364.0000    0.1674   -0.8661
  367.0000    0.1480   -0.9396
  372.0000    0.1446   -0.9280
  373.0000   -0.1175   -0.9002
  380.0000    0.0154   -0.9871
  381.0000   -0.0080   -0.9778
  382.0000    0.0480   -0.9783
  384.0000    0.1921   -0.8193
  389.0000    0.2769   -0.8132
  392.0000    0.0905   -0.9055
  404.0000    0.5607   -0.3474
  422.0000   -0.0029   -0.7633
  441.0000   -0.0068   -0.7290
  462.0000   -1.2304   -1.0035
  492.0000   -0.9812   -0.7521
  503.0000   -1.5664   -1.3933

115 points dumped in total
index 115: 1.362757, 1.033249
index 123: -1.286012, -1.103101
index 125: 0.351854, -0.157623
index 126: -1.386119, -1.134917
index 129: -1.276321, -1.098237
index 131: -0.949541, -1.164423
index 133: -0.097228, -0.569516
index 135: -1.250809, -1.063940
index 136: -1.042996, -1.075127
index 137: -0.003499, -0.480654
index 140: -1.128468, -1.120816
index 141: -1.193948, -1.144144
index 142: -1.146417, -1.099074
index 143: -1.103512, -1.181596
index 144: -1.126458, -1.201077
index 145: -0.944932, -1.056272
index 146: -0.541017, -0.789709
index 148: -0.751847, -1.083688
index 154: -1.129444, -1.148398
index 155: -0.947082, -1.132953
index 156: -0.965784, -1.109754
index 158: -1.326341, -1.142790
index 161: -1.023142, -1.100964
index 164: 0.113930, 0.128786
index 165: -1.125796, -1.083487
index 166: -1.130412, -1.030786
index 169: -1.351438, -0.958782
index 171: -0.415313, -0.734486
index 174: -1.233745, -1.007385
index 183: -0.007381, -0.340177
index 187: 0.419478, -0.081951
index 203: 0.412045, -0.073475
index 221: -0.159020, -0.387640
index 222: -0.229827, -0.637012
index 234: -6.829649, 5.932283
index 241: 0.667745, 0.455659
index 251: 0.293945, 0.298972
index 252: 0.206904, 0.259901
index 257: 0.252341, 0.316534
index 262: 0.229431, 0.333448
index 265: 0.440795, 0.364719
index 272: -0.232181, -0.078949
index 277: 0.177622, 0.327670
index 288: -6.829649, 5.932283
index 289: 0.041133, -0.454373
index 293: 0.770302, -0.268702
index 302: 0.011193, -0.515459
index 308: -0.876082, -0.610554
index 312: 0.327552, -0.672094
index 313: -0.085936, -0.431462
index 317: 0.453667, -0.645690
index 318: 0.315610, -0.472040
index 324: 0.391450, -0.758403
index 326: 0.078584, -0.598787
index 328: 0.766844, -0.262657
index 331: 0.125569, -0.484463
index 333: 0.371626, -0.529432
index 334: 0.229013, -0.807171
index 337: 0.216790, -0.590723
index 338: -0.010998, -0.511679
index 342: -0.054087, -0.521437
index 349: 0.015452, -0.804719
index 352: 0.104047, -0.473020
index 354: 0.039814, -0.066639
index 356: 0.057426, -0.081872
index 357: 0.498666, -0.576095
index 358: 0.322345, -0.862207
index 359: 0.154335, -1.045792
index 361: 0.476434, -0.816948
index 362: 0.099808, -0.915471
index 363: 0.093325, -0.966153
index 364: 0.167403, -0.866064
index 366: 0.667760, -0.417805
index 367: 0.147970, -0.939631
index 368: 0.607005, 0.100438
index 370: 0.587848, -0.216198
index 372: 0.144624, -0.928034
index 373: -0.117469, -0.900169
index 380: 0.015444, -0.987143
index 381: -0.007965, -0.977824
index 382: 0.048045, -0.978256
index 383: 0.518006, -0.466504
index 384: 0.192055, -0.819327
index 385: 0.581607, -0.459552
index 387: 0.306900, -0.816591
index 389: 0.276863, -0.813190
index 392: 0.090475, -0.905511
index 394: 0.407647, -0.794572
index 404: 0.560708, -0.347423
index 408: 1.496982, 0.421458
index 411: 0.356147, -0.619765
index 413: -0.014482, -0.729398
index 416: 0.168205, -0.723279
index 417: 0.054628, -0.720293
index 418: -0.014319, -0.723861
index 419: 0.251748, -0.624211
index 422: -0.002932, -0.763330
index 425: 0.274810, -0.512404
index 426: 0.256349, -0.637506
index 429: 0.364166, -0.387402
index 432: 0.211942, -0.660727
index 437: 0.137557, -0.631084
index 439: 0.632173, -0.353580
index 440: 0.981575, 0.142324
index 441: -0.006808, -0.728974
index 445: 0.219406, 0.179204
index 447: 0.345808, -0.532963
index 451: 0.525452, -0.263001
index 453: 0.561584, -0.493914
index 456: 0.400858, -0.614878
index 460: 0.246552, -0.584550
index 462: -1.230404, -1.003526
index 492: -0.981164, -0.752083
index 503: -1.566423, -1.393328
index 508: 0.101169, -0.395157
Interpolation failed - throwing out 1 points
TPR Info by Lines: FPR Threshold/TPR/TPR STD ERR/TPR STD
    0.0500    0.1000    0.1500
    0.2996    0.4074    0.4836
    0.0409    0.0591    0.0647
    0.0409    0.0591    0.0647

Overall results (hybrid)
Confidence threshold=0.5
Filtered datapoints
Prediction points: 98.066667 (stddev 12.325844)
Individual AUCs:
    0.7887
    0.6926
    0.7639
    0.7998
    0.7442
    0.7505
    0.6253
    0.8647
    0.7479
    0.6967
    0.6303
    0.7714
    0.7515
    0.7262
    0.7876
    0.8598
    0.6999
    0.7562
    0.8184
    0.8247
    0.7539
    0.7286
    0.7761
    0.6070
    0.8156
    0.9375
    0.6146
    0.8215
    0.6677
    0.8008

p-value (Wilcoxon signed ranked test): 0.000002
AUC ave err std
    0.7541

    0.0775

    0.0775

Precision / Recall macro
    0.8694    0.5253

Precision / Recall micro
    0.8664    0.5258

Std devs
    0.0549    0.1133


Using threshold of 0.734169
Eliminated 50 points
Completed iteration 1

Using threshold of 0.787048
Eliminated 39 points
Completed iteration 2

Using threshold of 0.772293
Eliminated 29 points
Completed iteration 3

Using threshold of 0.772983
Eliminated 29 points
Completed iteration 4

Using threshold of 0.796020
Eliminated 39 points
Completed iteration 5

Using threshold of 0.812101
Eliminated 52 points
Completed iteration 6

Using threshold of 0.808751
Eliminated 44 points
Completed iteration 7

Using threshold of 0.765880
Eliminated 17 points
Completed iteration 8

Using threshold of 0.735896
Eliminated 46 points
Completed iteration 9

Using threshold of 0.849906
Eliminated 46 points
Completed iteration 10

Using threshold of 0.762328
Eliminated 31 points
Completed iteration 11

Using threshold of 0.754574
Eliminated 28 points
Completed iteration 12

Using threshold of 0.869956
Eliminated 40 points
Completed iteration 13

Using threshold of 0.811822
Eliminated 43 points
Completed iteration 14

Using threshold of 0.849510
Eliminated 45 points
Completed iteration 15

Using threshold of 0.786402
Eliminated 53 points
Completed iteration 16

Using threshold of 0.822701
Eliminated 53 points
Completed iteration 17

Using threshold of 0.825116
Eliminated 31 points
Completed iteration 18

Using threshold of 0.700383
Eliminated 20 points
Completed iteration 19

Using threshold of 0.781205
Eliminated 32 points
Completed iteration 20

Using threshold of 0.747330
Eliminated 36 points
Completed iteration 21

Using threshold of 0.801097
Eliminated 32 points
Completed iteration 22

Using threshold of 0.737465
Eliminated 13 points
Completed iteration 23

Using threshold of 0.794545
Eliminated 44 points
Completed iteration 24

Using threshold of 0.751965
Eliminated 32 points
Completed iteration 25

Using threshold of 0.778981
Eliminated 34 points
Completed iteration 26

Using threshold of 0.853673
Eliminated 26 points
Completed iteration 27

Using threshold of 0.715674
Eliminated 37 points
Completed iteration 28

Using threshold of 0.810393
Eliminated 38 points
Completed iteration 29

Using threshold of 0.825157
Eliminated 35 points
Completed iteration 30
Printing all grasps falling into high-precision nodes. Conf=0.600000
Node index 61
  123.0000   -1.2860   -1.1031
  126.0000   -1.3861   -1.1349
  129.0000   -1.2763   -1.0982
  131.0000   -0.9495   -1.1644
  135.0000   -1.2508   -1.0639
  136.0000   -1.0430   -1.0751
  140.0000   -1.1285   -1.1208
  141.0000   -1.1939   -1.1441
  142.0000   -1.1464   -1.0991
  143.0000   -1.1035   -1.1816
  144.0000   -1.1265   -1.2011
  145.0000   -0.9449   -1.0563
  146.0000   -0.5410   -0.7897
  148.0000   -0.7518   -1.0837
  154.0000   -1.1294   -1.1484
  155.0000   -0.9471   -1.1330
  156.0000   -0.9658   -1.1098
  158.0000   -1.3263   -1.1428
  161.0000   -1.0231   -1.1010
  165.0000   -1.1258   -1.0835
  166.0000   -1.1304   -1.0308
  169.0000   -1.3514   -0.9588
  171.0000   -0.4153   -0.7345
  174.0000   -1.2337   -1.0074
  183.0000   -0.0074   -0.3402
  187.0000    0.4195   -0.0820
  203.0000    0.4120   -0.0735
  221.0000   -0.1590   -0.3876
  234.0000   -6.8296    5.9323
  288.0000   -6.8296    5.9323
  308.0000   -0.8761   -0.6106
  349.0000    0.0155   -0.8047
  359.0000    0.1543   -1.0458
  362.0000    0.0998   -0.9155
  363.0000    0.0933   -0.9662
  364.0000    0.1674   -0.8661
  367.0000    0.1480   -0.9396
  372.0000    0.1446   -0.9280
  373.0000   -0.1175   -0.9002
  380.0000    0.0154   -0.9871
  381.0000   -0.0080   -0.9778
  382.0000    0.0480   -0.9783
  384.0000    0.1921   -0.8193
  389.0000    0.2769   -0.8132
  392.0000    0.0905   -0.9055
  404.0000    0.5607   -0.3474
  422.0000   -0.0029   -0.7633
  441.0000   -0.0068   -0.7290
  462.0000   -1.2304   -1.0035
  492.0000   -0.9812   -0.7521
  503.0000   -1.5664   -1.3933

51 points dumped in total
index 123: -1.286012, -1.103101
index 126: -1.386119, -1.134917
index 129: -1.276321, -1.098237
index 131: -0.949541, -1.164423
index 135: -1.250809, -1.063940
index 136: -1.042996, -1.075127
index 140: -1.128468, -1.120816
index 141: -1.193948, -1.144144
index 142: -1.146417, -1.099074
index 143: -1.103512, -1.181596
index 144: -1.126458, -1.201077
index 145: -0.944932, -1.056272
index 146: -0.541017, -0.789709
index 148: -0.751847, -1.083688
index 154: -1.129444, -1.148398
index 155: -0.947082, -1.132953
index 156: -0.965784, -1.109754
index 158: -1.326341, -1.142790
index 161: -1.023142, -1.100964
index 165: -1.125796, -1.083487
index 166: -1.130412, -1.030786
index 169: -1.351438, -0.958782
index 171: -0.415313, -0.734486
index 174: -1.233745, -1.007385
index 183: -0.007381, -0.340177
index 187: 0.419478, -0.081951
index 203: 0.412045, -0.073475
index 221: -0.159020, -0.387640
index 234: -6.829649, 5.932283
index 288: -6.829649, 5.932283
index 308: -0.876082, -0.610554
index 349: 0.015452, -0.804719
index 359: 0.154335, -1.045792
index 362: 0.099808, -0.915471
index 363: 0.093325, -0.966153
index 364: 0.167403, -0.866064
index 367: 0.147970, -0.939631
index 372: 0.144624, -0.928034
index 373: -0.117469, -0.900169
index 380: 0.015444, -0.987143
index 381: -0.007965, -0.977824
index 382: 0.048045, -0.978256
index 384: 0.192055, -0.819327
index 389: 0.276863, -0.813190
index 392: 0.090475, -0.905511
index 404: 0.560708, -0.347423
index 422: -0.002932, -0.763330
index 441: -0.006808, -0.728974
index 462: -1.230404, -1.003526
index 492: -0.981164, -0.752083
index 503: -1.566423, -1.393328
Interpolation failed - throwing out 1 points
TPR Info by Lines: FPR Threshold/TPR/TPR STD ERR/TPR STD
    0.0500    0.1000    0.1500
    0.2476    0.3917    0.4779
    0.0431    0.0585    0.0660
    0.0431    0.0585    0.0660

Overall results (hybrid)
Confidence threshold=0.6
Filtered datapoints
Prediction points: 93.533333 (stddev 10.224154)
Individual AUCs:
    0.7903
    0.6555
    0.8019
    0.6893
    0.6175
    0.8028
    0.7382
    0.7815
    0.7049
    0.8006
    0.7807
    0.7733
    0.8329
    0.9018
    0.7994
    0.7974
    0.7205
    0.6506
    0.7530
    0.7749
    0.7495
    0.6103
    0.8487
    0.7536
    0.7162
    0.6788
    0.6484
    0.7738
    0.7013
    0.7683

p-value (Wilcoxon signed ranked test): 0.000002
AUC ave err std
    0.7472

    0.0693

    0.0693

Precision / Recall macro
    0.8849    0.4536

Precision / Recall micro
    0.8842    0.4541

Std devs
    0.0434    0.0986


Using threshold of 0.824530
Eliminated 32 points
Completed iteration 1

Using threshold of 0.765406
Eliminated 31 points
Completed iteration 2

Using threshold of 0.773086
Eliminated 64 points
Completed iteration 3

Using threshold of 0.771050
Eliminated 57 points
Completed iteration 4

Using threshold of 0.722157
Eliminated 27 points
Completed iteration 5

Using threshold of 0.773425
Eliminated 33 points
Completed iteration 6

Using threshold of 0.686786
Eliminated 22 points
Completed iteration 7

Using threshold of 0.810810
Eliminated 55 points
Completed iteration 8

Using threshold of 0.817404
Eliminated 46 points
Completed iteration 9

Using threshold of 0.715507
Eliminated 47 points
Completed iteration 10

Using threshold of 0.745700
Eliminated 21 points
Completed iteration 11

Using threshold of 0.850258
Eliminated 88 points
Completed iteration 12

Using threshold of 0.741800
Eliminated 35 points
Completed iteration 13

Using threshold of 0.729957
Eliminated 27 points
Completed iteration 14

Using threshold of 0.734354
Eliminated 54 points
Completed iteration 15

Using threshold of 0.816574
Eliminated 65 points
Completed iteration 16

Using threshold of 0.708477
Eliminated 27 points
Completed iteration 17

Using threshold of 0.724059
Eliminated 38 points
Completed iteration 18

Using threshold of 0.762573
Eliminated 54 points
Completed iteration 19

Using threshold of 0.701401
Eliminated 48 points
Completed iteration 20

Using threshold of 0.738096
Eliminated 65 points
Completed iteration 21

Using threshold of 0.711117
Eliminated 56 points
Completed iteration 22

Using threshold of 0.845378
Eliminated 53 points
Completed iteration 23

Using threshold of 0.754863
Eliminated 28 points
Completed iteration 24

Using threshold of 0.804606
Eliminated 54 points
Completed iteration 25

Using threshold of 0.710484
Eliminated 41 points
Completed iteration 26

Using threshold of 0.743875
Eliminated 70 points
Completed iteration 27

Using threshold of 0.689269
Eliminated 44 points
Completed iteration 28

Using threshold of 0.844402
Eliminated 54 points
Completed iteration 29

Using threshold of 0.720523
Eliminated 50 points
Completed iteration 30
Printing all grasps falling into high-precision nodes. Conf=0.700000
Node index 40
  115.0000    1.3628    1.0332
  125.0000    0.3519   -0.1576
  252.0000    0.2069    0.2599
  293.0000    0.7703   -0.2687
  326.0000    0.0786   -0.5988
  333.0000    0.3716   -0.5294
  337.0000    0.2168   -0.5907
  354.0000    0.0398   -0.0666
  356.0000    0.0574   -0.0819
  366.0000    0.6678   -0.4178
  370.0000    0.5878   -0.2162
  383.0000    0.5180   -0.4665
  408.0000    1.4970    0.4215
  440.0000    0.9816    0.1423
  451.0000    0.5255   -0.2630
  508.0000    0.1012   -0.3952

Node index 61
  123.0000   -1.2860   -1.1031
  126.0000   -1.3861   -1.1349
  129.0000   -1.2763   -1.0982
  131.0000   -0.9495   -1.1644
  135.0000   -1.2508   -1.0639
  136.0000   -1.0430   -1.0751
  140.0000   -1.1285   -1.1208
  141.0000   -1.1939   -1.1441
  142.0000   -1.1464   -1.0991
  143.0000   -1.1035   -1.1816
  144.0000   -1.1265   -1.2011
  145.0000   -0.9449   -1.0563
  146.0000   -0.5410   -0.7897
  148.0000   -0.7518   -1.0837
  154.0000   -1.1294   -1.1484
  155.0000   -0.9471   -1.1330
  156.0000   -0.9658   -1.1098
  158.0000   -1.3263   -1.1428
  161.0000   -1.0231   -1.1010
  165.0000   -1.1258   -1.0835
  166.0000   -1.1304   -1.0308
  169.0000   -1.3514   -0.9588
  171.0000   -0.4153   -0.7345
  174.0000   -1.2337   -1.0074
  183.0000   -0.0074   -0.3402
  187.0000    0.4195   -0.0820
  203.0000    0.4120   -0.0735
  221.0000   -0.1590   -0.3876
  234.0000   -6.8296    5.9323
  288.0000   -6.8296    5.9323
  308.0000   -0.8761   -0.6106
  349.0000    0.0155   -0.8047
  359.0000    0.1543   -1.0458
  362.0000    0.0998   -0.9155
  363.0000    0.0933   -0.9662
  364.0000    0.1674   -0.8661
  367.0000    0.1480   -0.9396
  372.0000    0.1446   -0.9280
  373.0000   -0.1175   -0.9002
  380.0000    0.0154   -0.9871
  381.0000   -0.0080   -0.9778
  382.0000    0.0480   -0.9783
  384.0000    0.1921   -0.8193
  389.0000    0.2769   -0.8132
  392.0000    0.0905   -0.9055
  404.0000    0.5607   -0.3474
  422.0000   -0.0029   -0.7633
  441.0000   -0.0068   -0.7290
  462.0000   -1.2304   -1.0035
  492.0000   -0.9812   -0.7521
  503.0000   -1.5664   -1.3933

67 points dumped in total
index 115: 1.362757, 1.033249
index 123: -1.286012, -1.103101
index 125: 0.351854, -0.157623
index 126: -1.386119, -1.134917
index 129: -1.276321, -1.098237
index 131: -0.949541, -1.164423
index 135: -1.250809, -1.063940
index 136: -1.042996, -1.075127
index 140: -1.128468, -1.120816
index 141: -1.193948, -1.144144
index 142: -1.146417, -1.099074
index 143: -1.103512, -1.181596
index 144: -1.126458, -1.201077
index 145: -0.944932, -1.056272
index 146: -0.541017, -0.789709
index 148: -0.751847, -1.083688
index 154: -1.129444, -1.148398
index 155: -0.947082, -1.132953
index 156: -0.965784, -1.109754
index 158: -1.326341, -1.142790
index 161: -1.023142, -1.100964
index 165: -1.125796, -1.083487
index 166: -1.130412, -1.030786
index 169: -1.351438, -0.958782
index 171: -0.415313, -0.734486
index 174: -1.233745, -1.007385
index 183: -0.007381, -0.340177
index 187: 0.419478, -0.081951
index 203: 0.412045, -0.073475
index 221: -0.159020, -0.387640
index 234: -6.829649, 5.932283
index 252: 0.206904, 0.259901
index 288: -6.829649, 5.932283
index 293: 0.770302, -0.268702
index 308: -0.876082, -0.610554
index 326: 0.078584, -0.598787
index 333: 0.371626, -0.529432
index 337: 0.216790, -0.590723
index 349: 0.015452, -0.804719
index 354: 0.039814, -0.066639
index 356: 0.057426, -0.081872
index 359: 0.154335, -1.045792
index 362: 0.099808, -0.915471
index 363: 0.093325, -0.966153
index 364: 0.167403, -0.866064
index 366: 0.667760, -0.417805
index 367: 0.147970, -0.939631
index 370: 0.587848, -0.216198
index 372: 0.144624, -0.928034
index 373: -0.117469, -0.900169
index 380: 0.015444, -0.987143
index 381: -0.007965, -0.977824
index 382: 0.048045, -0.978256
index 383: 0.518006, -0.466504
index 384: 0.192055, -0.819327
index 389: 0.276863, -0.813190
index 392: 0.090475, -0.905511
index 404: 0.560708, -0.347423
index 408: 1.496982, 0.421458
index 422: -0.002932, -0.763330
index 440: 0.981575, 0.142324
index 441: -0.006808, -0.728974
index 451: 0.525452, -0.263001
index 462: -1.230404, -1.003526
index 492: -0.981164, -0.752083
index 503: -1.566423, -1.393328
index 508: 0.101169, -0.395157
Interpolation failed - throwing out 1 points
Interpolation failed - throwing out 2 points
Interpolation failed - throwing out 3 points
Interpolation failed - throwing out 4 points
Interpolation failed - throwing out 5 points
Interpolation failed - throwing out 6 points
TPR Info by Lines: FPR Threshold/TPR/TPR STD ERR/TPR STD
    0.0500    0.1000    0.1500
    0.3190    0.4228    0.4810
    0.0384    0.0503    0.0638
    0.0384    0.0503    0.0638

Overall results (hybrid)
Confidence threshold=0.7
Filtered datapoints
Prediction points: 83.800000 (stddev 16.000862)
Individual AUCs:
    0.7788
    0.6944
    0.8950
    0.8160
    0.7652
    0.6644
    0.7771
    0.8695
    0.8089
    0.7368
    0.7252
    0.7622
    0.8232
    0.7023
    0.8218
    0.6568
    0.7553
    0.7418
    0.7564
    0.8078
    0.8757
    0.8033
    0.7305
    0.7165
    0.7934
    0.6429
    0.8120
    0.7621
    0.7546
    0.8772

p-value (Wilcoxon signed ranked test): 0.000002
AUC ave err std
    0.7709

    0.0648

    0.0648

Precision / Recall macro
    0.8708    0.4907

Precision / Recall micro
    0.8655    0.4915

Std devs
    0.0467    0.1071


Using threshold of 0.814962
Eliminated 63 points
Completed iteration 1

Using threshold of 0.718254
Eliminated 47 points
Completed iteration 2

Using threshold of 0.748458
Eliminated 45 points
Completed iteration 3

Using threshold of 0.744617
Eliminated 55 points
Completed iteration 4

Using threshold of 0.723579
Eliminated 58 points
Completed iteration 5

Using threshold of 0.778201
Eliminated 32 points
Completed iteration 6

Using threshold of 0.777326
Eliminated 57 points
Completed iteration 7

Using threshold of 0.763828
Eliminated 90 points
Completed iteration 8

Using threshold of 0.780419
Eliminated 56 points
Completed iteration 9

Using threshold of 0.681228
Eliminated 53 points
Completed iteration 10

Using threshold of 0.742582
Eliminated 41 points
Completed iteration 11

Using threshold of 0.690357
Eliminated 33 points
Completed iteration 12

Using threshold of 0.793360
Eliminated 44 points
Completed iteration 13

Using threshold of 0.690980
Eliminated 41 points
Completed iteration 14

Using threshold of 0.743410
Eliminated 48 points
Completed iteration 15

Using threshold of 0.796619
Eliminated 54 points
Completed iteration 16

Using threshold of 0.799519
Eliminated 70 points
Completed iteration 17

Using threshold of 0.748819
Eliminated 38 points
Completed iteration 18

Using threshold of 0.774919
Eliminated 60 points
Completed iteration 19

Using threshold of 0.777598
Eliminated 51 points
Completed iteration 20

Using threshold of 0.701921
Eliminated 40 points
Completed iteration 21

Using threshold of 0.779142
Eliminated 57 points
Completed iteration 22

Using threshold of 0.849578
Eliminated 54 points
Completed iteration 23

Using threshold of 0.832248
Eliminated 50 points
Completed iteration 24

Using threshold of 0.707404
Eliminated 53 points
Completed iteration 25

Using threshold of 0.678717
Eliminated 42 points
Completed iteration 26

Using threshold of 0.746254
Eliminated 52 points
Completed iteration 27

Using threshold of 0.713150
Eliminated 49 points
Completed iteration 28

Using threshold of 0.747885
Eliminated 34 points
Completed iteration 29

Using threshold of 0.764719
Eliminated 39 points
Completed iteration 30
Printing all grasps falling into high-precision nodes. Conf=0.800000
Node index 61
  123.0000   -1.2860   -1.1031
  126.0000   -1.3861   -1.1349
  129.0000   -1.2763   -1.0982
  131.0000   -0.9495   -1.1644
  135.0000   -1.2508   -1.0639
  136.0000   -1.0430   -1.0751
  140.0000   -1.1285   -1.1208
  141.0000   -1.1939   -1.1441
  142.0000   -1.1464   -1.0991
  143.0000   -1.1035   -1.1816
  144.0000   -1.1265   -1.2011
  145.0000   -0.9449   -1.0563
  146.0000   -0.5410   -0.7897
  148.0000   -0.7518   -1.0837
  154.0000   -1.1294   -1.1484
  155.0000   -0.9471   -1.1330
  156.0000   -0.9658   -1.1098
  158.0000   -1.3263   -1.1428
  161.0000   -1.0231   -1.1010
  165.0000   -1.1258   -1.0835
  166.0000   -1.1304   -1.0308
  169.0000   -1.3514   -0.9588
  171.0000   -0.4153   -0.7345
  174.0000   -1.2337   -1.0074
  183.0000   -0.0074   -0.3402
  187.0000    0.4195   -0.0820
  203.0000    0.4120   -0.0735
  221.0000   -0.1590   -0.3876
  234.0000   -6.8296    5.9323
  288.0000   -6.8296    5.9323
  308.0000   -0.8761   -0.6106
  349.0000    0.0155   -0.8047
  359.0000    0.1543   -1.0458
  362.0000    0.0998   -0.9155
  363.0000    0.0933   -0.9662
  364.0000    0.1674   -0.8661
  367.0000    0.1480   -0.9396
  372.0000    0.1446   -0.9280
  373.0000   -0.1175   -0.9002
  380.0000    0.0154   -0.9871
  381.0000   -0.0080   -0.9778
  382.0000    0.0480   -0.9783
  384.0000    0.1921   -0.8193
  389.0000    0.2769   -0.8132
  392.0000    0.0905   -0.9055
  404.0000    0.5607   -0.3474
  422.0000   -0.0029   -0.7633
  441.0000   -0.0068   -0.7290
  462.0000   -1.2304   -1.0035
  492.0000   -0.9812   -0.7521
  503.0000   -1.5664   -1.3933

51 points dumped in total
index 123: -1.286012, -1.103101
index 126: -1.386119, -1.134917
index 129: -1.276321, -1.098237
index 131: -0.949541, -1.164423
index 135: -1.250809, -1.063940
index 136: -1.042996, -1.075127
index 140: -1.128468, -1.120816
index 141: -1.193948, -1.144144
index 142: -1.146417, -1.099074
index 143: -1.103512, -1.181596
index 144: -1.126458, -1.201077
index 145: -0.944932, -1.056272
index 146: -0.541017, -0.789709
index 148: -0.751847, -1.083688
index 154: -1.129444, -1.148398
index 155: -0.947082, -1.132953
index 156: -0.965784, -1.109754
index 158: -1.326341, -1.142790
index 161: -1.023142, -1.100964
index 165: -1.125796, -1.083487
index 166: -1.130412, -1.030786
index 169: -1.351438, -0.958782
index 171: -0.415313, -0.734486
index 174: -1.233745, -1.007385
index 183: -0.007381, -0.340177
index 187: 0.419478, -0.081951
index 203: 0.412045, -0.073475
index 221: -0.159020, -0.387640
index 234: -6.829649, 5.932283
index 288: -6.829649, 5.932283
index 308: -0.876082, -0.610554
index 349: 0.015452, -0.804719
index 359: 0.154335, -1.045792
index 362: 0.099808, -0.915471
index 363: 0.093325, -0.966153
index 364: 0.167403, -0.866064
index 367: 0.147970, -0.939631
index 372: 0.144624, -0.928034
index 373: -0.117469, -0.900169
index 380: 0.015444, -0.987143
index 381: -0.007965, -0.977824
index 382: 0.048045, -0.978256
index 384: 0.192055, -0.819327
index 389: 0.276863, -0.813190
index 392: 0.090475, -0.905511
index 404: 0.560708, -0.347423
index 422: -0.002932, -0.763330
index 441: -0.006808, -0.728974
index 462: -1.230404, -1.003526
index 492: -0.981164, -0.752083
index 503: -1.566423, -1.393328
Interpolation failed - throwing out 1 points
Interpolation failed - throwing out 2 points
TPR Info by Lines: FPR Threshold/TPR/TPR STD ERR/TPR STD
    0.0500    0.1000    0.1500
    0.2674    0.3810    0.4607
    0.0438    0.0673    0.0738
    0.0438    0.0673    0.0738

Overall results (hybrid)
Confidence threshold=0.8
Filtered datapoints
Prediction points: 79.800000 (stddev 11.862430)
Individual AUCs:
    0.6964
    0.7888
    0.8438
    0.7320
    0.7567
    0.7393
    0.7460
    0.8672
    0.6429
    0.7129
    0.6357
    0.8482
    0.8178
    0.7885
    0.7229
    0.8624
    0.9379
    0.6448
    0.8213
    0.7406
    0.8151
    0.5260
    0.8307
    0.7230
    0.8559
    0.7897
    0.7492
    0.7326
    0.7170
    0.7026

p-value (Wilcoxon signed ranked test): 0.000002
AUC ave err std
    0.7596

    0.0849

    0.0849

Precision / Recall macro
    0.8817    0.4397

Precision / Recall micro
    0.8735    0.4391

Std devs
    0.0594    0.0826


Using threshold of 0.851514
Eliminated 82 points
Completed iteration 1

Using threshold of 0.748966
Eliminated 51 points
Completed iteration 2

Using threshold of 0.860546
Eliminated 76 points
Completed iteration 3

Using threshold of 0.801152
Eliminated 73 points
Completed iteration 4

Using threshold of 0.733893
Eliminated 77 points
Completed iteration 5

Using threshold of 0.769313
Eliminated 45 points
Completed iteration 6

Using threshold of 0.782679
Eliminated 35 points
Completed iteration 7

Using threshold of 0.772038
Eliminated 48 points
Completed iteration 8

Using threshold of 0.794161
Eliminated 63 points
Completed iteration 9

Using threshold of 0.783910
Eliminated 95 points
Completed iteration 10

Using threshold of 0.799117
Eliminated 82 points
Completed iteration 11

Using threshold of 0.664240
Eliminated 50 points
Completed iteration 12

Using threshold of 0.750838
Eliminated 60 points
Completed iteration 13

Using threshold of 0.756315
Eliminated 86 points
Completed iteration 14

Using threshold of 0.825180
Eliminated 61 points
Completed iteration 15

Using threshold of 0.806039
Eliminated 76 points
Completed iteration 16

Using threshold of 0.781538
Eliminated 56 points
Completed iteration 17

Using threshold of 0.713686
Eliminated 65 points
Completed iteration 18

Using threshold of 0.786532
Eliminated 37 points
Completed iteration 19

Using threshold of 0.678521
Eliminated 51 points
Completed iteration 20

Using threshold of 0.636140
Eliminated 56 points
Completed iteration 21

Using threshold of 0.729339
Eliminated 52 points
Completed iteration 22

Using threshold of 0.777967
Eliminated 87 points
Completed iteration 23

Using threshold of 0.672447
Eliminated 44 points
Completed iteration 24

Using threshold of 0.809547
Eliminated 72 points
Completed iteration 25

Using threshold of 0.803617
Eliminated 70 points
Completed iteration 26

Using threshold of 0.812068
Eliminated 70 points
Completed iteration 27

Using threshold of 0.813918
Eliminated 60 points
Completed iteration 28

Using threshold of 0.857654
Eliminated 63 points
Completed iteration 29

Using threshold of 0.798291
Eliminated 76 points
Completed iteration 30
Printing all grasps falling into high-precision nodes. Conf=0.900000
Node index 40
  115.0000    1.3628    1.0332
  125.0000    0.3519   -0.1576
  252.0000    0.2069    0.2599
  293.0000    0.7703   -0.2687
  326.0000    0.0786   -0.5988
  333.0000    0.3716   -0.5294
  337.0000    0.2168   -0.5907
  354.0000    0.0398   -0.0666
  356.0000    0.0574   -0.0819
  366.0000    0.6678   -0.4178
  370.0000    0.5878   -0.2162
  383.0000    0.5180   -0.4665
  408.0000    1.4970    0.4215
  440.0000    0.9816    0.1423
  451.0000    0.5255   -0.2630
  508.0000    0.1012   -0.3952

Node index 61
  123.0000   -1.2860   -1.1031
  126.0000   -1.3861   -1.1349
  129.0000   -1.2763   -1.0982
  131.0000   -0.9495   -1.1644
  135.0000   -1.2508   -1.0639
  136.0000   -1.0430   -1.0751
  140.0000   -1.1285   -1.1208
  141.0000   -1.1939   -1.1441
  142.0000   -1.1464   -1.0991
  143.0000   -1.1035   -1.1816
  144.0000   -1.1265   -1.2011
  145.0000   -0.9449   -1.0563
  146.0000   -0.5410   -0.7897
  148.0000   -0.7518   -1.0837
  154.0000   -1.1294   -1.1484
  155.0000   -0.9471   -1.1330
  156.0000   -0.9658   -1.1098
  158.0000   -1.3263   -1.1428
  161.0000   -1.0231   -1.1010
  165.0000   -1.1258   -1.0835
  166.0000   -1.1304   -1.0308
  169.0000   -1.3514   -0.9588
  171.0000   -0.4153   -0.7345
  174.0000   -1.2337   -1.0074
  183.0000   -0.0074   -0.3402
  187.0000    0.4195   -0.0820
  203.0000    0.4120   -0.0735
  221.0000   -0.1590   -0.3876
  234.0000   -6.8296    5.9323
  288.0000   -6.8296    5.9323
  308.0000   -0.8761   -0.6106
  349.0000    0.0155   -0.8047
  359.0000    0.1543   -1.0458
  362.0000    0.0998   -0.9155
  363.0000    0.0933   -0.9662
  364.0000    0.1674   -0.8661
  367.0000    0.1480   -0.9396
  372.0000    0.1446   -0.9280
  373.0000   -0.1175   -0.9002
  380.0000    0.0154   -0.9871
  381.0000   -0.0080   -0.9778
  382.0000    0.0480   -0.9783
  384.0000    0.1921   -0.8193
  389.0000    0.2769   -0.8132
  392.0000    0.0905   -0.9055
  404.0000    0.5607   -0.3474
  422.0000   -0.0029   -0.7633
  441.0000   -0.0068   -0.7290
  462.0000   -1.2304   -1.0035
  492.0000   -0.9812   -0.7521
  503.0000   -1.5664   -1.3933

67 points dumped in total
index 115: 1.362757, 1.033249
index 123: -1.286012, -1.103101
index 125: 0.351854, -0.157623
index 126: -1.386119, -1.134917
index 129: -1.276321, -1.098237
index 131: -0.949541, -1.164423
index 135: -1.250809, -1.063940
index 136: -1.042996, -1.075127
index 140: -1.128468, -1.120816
index 141: -1.193948, -1.144144
index 142: -1.146417, -1.099074
index 143: -1.103512, -1.181596
index 144: -1.126458, -1.201077
index 145: -0.944932, -1.056272
index 146: -0.541017, -0.789709
index 148: -0.751847, -1.083688
index 154: -1.129444, -1.148398
index 155: -0.947082, -1.132953
index 156: -0.965784, -1.109754
index 158: -1.326341, -1.142790
index 161: -1.023142, -1.100964
index 165: -1.125796, -1.083487
index 166: -1.130412, -1.030786
index 169: -1.351438, -0.958782
index 171: -0.415313, -0.734486
index 174: -1.233745, -1.007385
index 183: -0.007381, -0.340177
index 187: 0.419478, -0.081951
index 203: 0.412045, -0.073475
index 221: -0.159020, -0.387640
index 234: -6.829649, 5.932283
index 252: 0.206904, 0.259901
index 288: -6.829649, 5.932283
index 293: 0.770302, -0.268702
index 308: -0.876082, -0.610554
index 326: 0.078584, -0.598787
index 333: 0.371626, -0.529432
index 337: 0.216790, -0.590723
index 349: 0.015452, -0.804719
index 354: 0.039814, -0.066639
index 356: 0.057426, -0.081872
index 359: 0.154335, -1.045792
index 362: 0.099808, -0.915471
index 363: 0.093325, -0.966153
index 364: 0.167403, -0.866064
index 366: 0.667760, -0.417805
index 367: 0.147970, -0.939631
index 370: 0.587848, -0.216198
index 372: 0.144624, -0.928034
index 373: -0.117469, -0.900169
index 380: 0.015444, -0.987143
index 381: -0.007965, -0.977824
index 382: 0.048045, -0.978256
index 383: 0.518006, -0.466504
index 384: 0.192055, -0.819327
index 389: 0.276863, -0.813190
index 392: 0.090475, -0.905511
index 404: 0.560708, -0.347423
index 408: 1.496982, 0.421458
index 422: -0.002932, -0.763330
index 440: 0.981575, 0.142324
index 441: -0.006808, -0.728974
index 451: 0.525452, -0.263001
index 462: -1.230404, -1.003526
index 492: -0.981164, -0.752083
index 503: -1.566423, -1.393328
index 508: 0.101169, -0.395157
Interpolation failed - throwing out 1 points
Interpolation failed - throwing out 2 points
Interpolation failed - throwing out 3 points
TPR Info by Lines: FPR Threshold/TPR/TPR STD ERR/TPR STD
    0.0500    0.1000    0.1500
    0.3081    0.4141    0.4910
    0.0474    0.0577    0.0676
    0.0474    0.0577    0.0676

Overall results (hybrid)
Confidence threshold=0.9
Filtered datapoints
Prediction points: 66.033333 (stddev 15.399246)
Individual AUCs:
    0.7384
    0.7833
    0.6682
    0.7426
    0.8333
    0.7954
    0.6614
    0.6977
    0.8355
    0.7639
    0.5879
    0.7796
    0.8370
    0.6380
    0.8284
    0.6529
    0.7986
    0.8398
    0.7099
    0.7105
    0.7595
    0.8352
    0.6036
    0.7099
    0.7455
    0.7793
    0.8696
    0.7844
    0.7904
    0.7122

p-value (Wilcoxon signed ranked test): 0.000002
AUC ave err std
    0.7497

    0.0746

    0.0746

Precision / Recall macro
    0.8713    0.3703

Precision / Recall micro
    0.8677    0.3702

Std devs
    0.0567    0.0976

computation time (s)
  226.0440

