!!!!below quality measures have been removed due to insufficient data!!!!!!!!!!!!
binThreshold:30
energy base:30
using confidence:1
Number of bins: 31
Average bin size: 1.683871e+01

Using threshold of 0.769063
Eliminated 0 points
Completed iteration 1

Using threshold of 0.766361
Eliminated 0 points
Completed iteration 2

Using threshold of 0.700648
Eliminated 0 points
Completed iteration 3

Using threshold of 0.810609
Eliminated 0 points
Completed iteration 4

Using threshold of 0.722747
Eliminated 0 points
Completed iteration 5

Using threshold of 0.805027
Eliminated 0 points
Completed iteration 6

Using threshold of 0.682182
Eliminated 0 points
Completed iteration 7

Using threshold of 0.763674
Eliminated 0 points
Completed iteration 8

Using threshold of 0.730108
Eliminated 0 points
Completed iteration 9

Using threshold of 0.814114
Eliminated 0 points
Completed iteration 10

Using threshold of 0.680807
Eliminated 0 points
Completed iteration 11

Using threshold of 0.684303
Eliminated 0 points
Completed iteration 12

Using threshold of 0.794328
Eliminated 0 points
Completed iteration 13

Using threshold of 0.741704
Eliminated 0 points
Completed iteration 14

Using threshold of 0.815987
Eliminated 0 points
Completed iteration 15

Using threshold of 0.815695
Eliminated 0 points
Completed iteration 16

Using threshold of 0.758795
Eliminated 0 points
Completed iteration 17

Using threshold of 0.785673
Eliminated 0 points
Completed iteration 18

Using threshold of 0.758916
Eliminated 0 points
Completed iteration 19

Using threshold of 0.772266
Eliminated 0 points
Completed iteration 20

Using threshold of 0.684214
Eliminated 0 points
Completed iteration 21

Using threshold of 0.747189
Eliminated 0 points
Completed iteration 22

Using threshold of 0.833774
Eliminated 0 points
Completed iteration 23

Using threshold of 0.757829
Eliminated 0 points
Completed iteration 24

Using threshold of 0.763272
Eliminated 0 points
Completed iteration 25

Using threshold of 0.844612
Eliminated 0 points
Completed iteration 26

Using threshold of 0.830367
Eliminated 0 points
Completed iteration 27

Using threshold of 0.669444
Eliminated 0 points
Completed iteration 28

Using threshold of 0.805655
Eliminated 0 points
Completed iteration 29

Using threshold of 0.685203
Eliminated 0 points
Completed iteration 30
Printing all grasps falling into high-precision nodes. Conf=0.000000
Node index 40
  115.0000    1.3628    1.0332
  125.0000    0.3519   -0.1576
  252.0000    0.2069    0.2599
  293.0000    0.7703   -0.2687
  326.0000    0.0786   -0.5988
  333.0000    0.3716   -0.5294
  337.0000    0.2168   -0.5907
  354.0000    0.0398   -0.0666
  356.0000    0.0574   -0.0819
  366.0000    0.6678   -0.4178
  370.0000    0.5878   -0.2162
  383.0000    0.5180   -0.4665
  408.0000    1.4970    0.4215
  440.0000    0.9816    0.1423
  451.0000    0.5255   -0.2630
  508.0000    0.1012   -0.3952

Node index 21
  133.0000   -0.0972   -0.5695
  137.0000   -0.0035   -0.4807
  164.0000    0.1139    0.1288
  222.0000   -0.2298   -0.6370
  241.0000    0.6677    0.4557
  251.0000    0.2939    0.2990
  257.0000    0.2523    0.3165
  262.0000    0.2294    0.3334
  265.0000    0.4408    0.3647
  272.0000   -0.2322   -0.0789
  277.0000    0.1776    0.3277
  289.0000    0.0411   -0.4544
  313.0000   -0.0859   -0.4315
  324.0000    0.3914   -0.7584
  331.0000    0.1256   -0.4845
  334.0000    0.2290   -0.8072
  338.0000   -0.0110   -0.5117
  352.0000    0.1040   -0.4730
  357.0000    0.4987   -0.5761
  368.0000    0.6070    0.1004
  387.0000    0.3069   -0.8166
  411.0000    0.3561   -0.6198
  413.0000   -0.0145   -0.7294
  418.0000   -0.0143   -0.7239
  419.0000    0.2517   -0.6242
  429.0000    0.3642   -0.3874
  439.0000    0.6322   -0.3536
  445.0000    0.2194    0.1792
  447.0000    0.3458   -0.5330
  460.0000    0.2466   -0.5846

Node index 45
  302.0000    0.0112   -0.5155
  312.0000    0.3276   -0.6721
  317.0000    0.4537   -0.6457
  318.0000    0.3156   -0.4720
  328.0000    0.7668   -0.2627
  342.0000   -0.0541   -0.5214
  358.0000    0.3223   -0.8622
  361.0000    0.4764   -0.8169
  385.0000    0.5816   -0.4596
  394.0000    0.4076   -0.7946
  416.0000    0.1682   -0.7233
  417.0000    0.0546   -0.7203
  425.0000    0.2748   -0.5124
  426.0000    0.2563   -0.6375
  432.0000    0.2119   -0.6607
  437.0000    0.1376   -0.6311
  453.0000    0.5616   -0.4939
  456.0000    0.4009   -0.6149

Node index 46
    9.0000    0.3852    0.1582
   12.0000    0.3805   -0.4414
   20.0000    0.7842   -0.2148
   25.0000    0.7440   -0.1721
   43.0000    0.4654   -0.3435
   47.0000    0.9946    0.1396
   48.0000    0.5515   -0.1025
   69.0000    0.6783    0.0157
   80.0000    0.4962   -0.0932
   82.0000    0.7894    0.0208
  113.0000    0.4321    0.5203
  114.0000    0.8188   -0.0014
  138.0000    0.1525   -0.3917
  273.0000    0.1067    0.2377
  275.0000   -0.1027    0.0703
  395.0000    0.6711   -0.4699
  397.0000    0.9565    0.1029
  454.0000    0.4912   -0.3366

Node index 57
   67.0000   -2.1259   -1.4177
   68.0000   -2.3429   -1.1328
   78.0000   -1.7194   -1.2948
  103.0000   -2.8176   -2.0438
  122.0000   -0.5581   -0.5040
  124.0000   -1.1305   -0.7679
  127.0000   -1.1601   -0.8040
  130.0000   -1.1453   -0.9386
  132.0000   -0.7011   -0.9513
  134.0000   -0.8443   -0.5429
  147.0000   -1.1858   -0.3776
  149.0000   -1.2632   -0.9886
  151.0000   -0.5791   -0.7894
  152.0000   -0.7450   -0.8380
  153.0000   -1.0937   -0.7782
  157.0000   -0.7650   -0.8137
  160.0000   -1.2250   -0.9459
  162.0000   -1.4917   -0.3572
  167.0000   -1.2187   -0.9455
  168.0000   -1.3225   -1.0916
  170.0000   -1.5344   -0.9281
  172.0000   -0.9938   -0.6851
  176.0000   -2.5912   -1.8322
  194.0000    0.1831   -0.2570
  215.0000   -1.6905   -1.3000
  238.0000   -2.0736   -0.9760
  266.0000   -2.0253   -1.0550
  276.0000   -2.4499   -1.8707
  279.0000   -2.2501   -0.8559
  280.0000   -1.9920   -1.0267
  286.0000   -2.0867   -1.5871
  287.0000   -3.0797   -1.8254
  290.0000   -0.3866   -0.5717
  292.0000   -1.7200   -1.4219
  295.0000   -0.8148   -0.6502
  297.0000   -1.0801   -1.0696
  298.0000   -0.9638   -0.9980
  300.0000   -0.7782   -0.7768
  304.0000   -0.3551   -0.5729
  306.0000   -1.2417   -1.1069
  307.0000    0.0033   -0.7212
  311.0000   -2.2280   -1.7615
  314.0000   -0.9510   -0.9884
  321.0000   -0.7482   -0.8567
  322.0000   -0.8288   -0.6662
  323.0000   -0.7713   -0.9000
  325.0000    0.1380   -0.1850
  327.0000   -0.5555   -0.7136
  329.0000   -1.3425   -1.2264
  330.0000   -0.7656   -0.8337
  335.0000   -0.7418   -0.9214
  336.0000   -1.1783   -1.1401
  343.0000   -0.4533   -0.4491
  344.0000   -0.9831   -0.8307
  375.0000    0.1698   -0.7707
  406.0000   -0.7790   -0.7044
  409.0000   -0.7559   -0.7972
  442.0000   -0.6745   -0.6296
  444.0000   -0.4205   -0.4958
  452.0000   -0.4787   -0.5017
  466.0000   -0.4916   -0.8257
  467.0000   -1.4066   -0.9233
  473.0000   -1.2340   -1.4673
  474.0000   -1.2293   -1.2933
  477.0000   -1.5658   -1.4407
  479.0000   -0.9252   -0.8568
  480.0000   -1.3259   -1.3526
  481.0000   -1.2862   -1.2316
  484.0000   -1.3318   -1.1700
  486.0000   -1.4858   -1.3710
  487.0000   -0.8320   -0.9825
  490.0000   -1.8167   -1.1704
  493.0000   -1.8556   -1.2130
  495.0000   -1.4455   -1.3225
  496.0000   -1.4852   -1.2752
  498.0000   -0.8356   -1.0471
  499.0000   -0.4489   -0.7827
  500.0000   -0.4497   -0.8029
  502.0000   -1.2154   -1.2022
  504.0000   -1.4288   -1.2941
  505.0000   -0.7296   -0.8693
  509.0000   -0.2548   -0.7767
  510.0000   -1.3004   -1.0624
  513.0000   -0.3015   -0.7047

Node index 61
  123.0000   -1.2860   -1.1031
  126.0000   -1.3861   -1.1349
  129.0000   -1.2763   -1.0982
  131.0000   -0.9495   -1.1644
  135.0000   -1.2508   -1.0639
  136.0000   -1.0430   -1.0751
  140.0000   -1.1285   -1.1208
  141.0000   -1.1939   -1.1441
  142.0000   -1.1464   -1.0991
  143.0000   -1.1035   -1.1816
  144.0000   -1.1265   -1.2011
  145.0000   -0.9449   -1.0563
  146.0000   -0.5410   -0.7897
  148.0000   -0.7518   -1.0837
  154.0000   -1.1294   -1.1484
  155.0000   -0.9471   -1.1330
  156.0000   -0.9658   -1.1098
  158.0000   -1.3263   -1.1428
  161.0000   -1.0231   -1.1010
  165.0000   -1.1258   -1.0835
  166.0000   -1.1304   -1.0308
  169.0000   -1.3514   -0.9588
  171.0000   -0.4153   -0.7345
  174.0000   -1.2337   -1.0074
  183.0000   -0.0074   -0.3402
  187.0000    0.4195   -0.0820
  203.0000    0.4120   -0.0735
  221.0000   -0.1590   -0.3876
  234.0000   -6.8296    5.9323
  288.0000   -6.8296    5.9323
  308.0000   -0.8761   -0.6106
  349.0000    0.0155   -0.8047
  359.0000    0.1543   -1.0458
  362.0000    0.0998   -0.9155
  363.0000    0.0933   -0.9662
  364.0000    0.1674   -0.8661
  367.0000    0.1480   -0.9396
  372.0000    0.1446   -0.9280
  373.0000   -0.1175   -0.9002
  380.0000    0.0154   -0.9871
  381.0000   -0.0080   -0.9778
  382.0000    0.0480   -0.9783
  384.0000    0.1921   -0.8193
  389.0000    0.2769   -0.8132
  392.0000    0.0905   -0.9055
  404.0000    0.5607   -0.3474
  422.0000   -0.0029   -0.7633
  441.0000   -0.0068   -0.7290
  462.0000   -1.2304   -1.0035
  492.0000   -0.9812   -0.7521
  503.0000   -1.5664   -1.3933

217 points dumped in total
index 9: 0.385192, 0.158186
index 12: 0.380488, -0.441436
index 20: 0.784191, -0.214795
index 25: 0.744005, -0.172133
index 43: 0.465410, -0.343466
index 47: 0.994604, 0.139589
index 48: 0.551505, -0.102494
index 67: -2.125909, -1.417658
index 68: -2.342895, -1.132808
index 69: 0.678297, 0.015681
index 78: -1.719379, -1.294816
index 80: 0.496186, -0.093180
index 82: 0.789441, 0.020764
index 103: -2.817629, -2.043760
index 113: 0.432127, 0.520325
index 114: 0.818814, -0.001385
index 115: 1.362757, 1.033249
index 122: -0.558099, -0.503974
index 123: -1.286012, -1.103101
index 124: -1.130501, -0.767871
index 125: 0.351854, -0.157623
index 126: -1.386119, -1.134917
index 127: -1.160069, -0.804013
index 129: -1.276321, -1.098237
index 130: -1.145290, -0.938597
index 131: -0.949541, -1.164423
index 132: -0.701133, -0.951303
index 133: -0.097228, -0.569516
index 134: -0.844260, -0.542885
index 135: -1.250809, -1.063940
index 136: -1.042996, -1.075127
index 137: -0.003499, -0.480654
index 138: 0.152502, -0.391677
index 140: -1.128468, -1.120816
index 141: -1.193948, -1.144144
index 142: -1.146417, -1.099074
index 143: -1.103512, -1.181596
index 144: -1.126458, -1.201077
index 145: -0.944932, -1.056272
index 146: -0.541017, -0.789709
index 147: -1.185786, -0.377608
index 148: -0.751847, -1.083688
index 149: -1.263181, -0.988641
index 151: -0.579094, -0.789368
index 152: -0.745019, -0.838046
index 153: -1.093745, -0.778180
index 154: -1.129444, -1.148398
index 155: -0.947082, -1.132953
index 156: -0.965784, -1.109754
index 157: -0.764989, -0.813689
index 158: -1.326341, -1.142790
index 160: -1.225026, -0.945871
index 161: -1.023142, -1.100964
index 162: -1.491707, -0.357246
index 164: 0.113930, 0.128786
index 165: -1.125796, -1.083487
index 166: -1.130412, -1.030786
index 167: -1.218660, -0.945457
index 168: -1.322536, -1.091553
index 169: -1.351438, -0.958782
index 170: -1.534442, -0.928102
index 171: -0.415313, -0.734486
index 172: -0.993785, -0.685078
index 174: -1.233745, -1.007385
index 176: -2.591165, -1.832172
index 183: -0.007381, -0.340177
index 187: 0.419478, -0.081951
index 194: 0.183101, -0.256960
index 203: 0.412045, -0.073475
index 215: -1.690475, -1.299979
index 221: -0.159020, -0.387640
index 222: -0.229827, -0.637012
index 234: -6.829649, 5.932283
index 238: -2.073635, -0.975987
index 241: 0.667745, 0.455659
index 251: 0.293945, 0.298972
index 252: 0.206904, 0.259901
index 257: 0.252341, 0.316534
index 262: 0.229431, 0.333448
index 265: 0.440795, 0.364719
index 266: -2.025267, -1.055002
index 272: -0.232181, -0.078949
index 273: 0.106678, 0.237712
index 275: -0.102694, 0.070342
index 276: -2.449896, -1.870652
index 277: 0.177622, 0.327670
index 279: -2.250111, -0.855948
index 280: -1.992033, -1.026713
index 286: -2.086730, -1.587125
index 287: -3.079666, -1.825402
index 288: -6.829649, 5.932283
index 289: 0.041133, -0.454373
index 290: -0.386567, -0.571687
index 292: -1.719955, -1.421915
index 293: 0.770302, -0.268702
index 295: -0.814772, -0.650177
index 297: -1.080132, -1.069617
index 298: -0.963819, -0.998035
index 300: -0.778216, -0.776829
index 302: 0.011193, -0.515459
index 304: -0.355057, -0.572852
index 306: -1.241693, -1.106919
index 307: 0.003285, -0.721154
index 308: -0.876082, -0.610554
index 311: -2.228041, -1.761469
index 312: 0.327552, -0.672094
index 313: -0.085936, -0.431462
index 314: -0.950988, -0.988441
index 317: 0.453667, -0.645690
index 318: 0.315610, -0.472040
index 321: -0.748152, -0.856680
index 322: -0.828751, -0.666202
index 323: -0.771331, -0.899954
index 324: 0.391450, -0.758403
index 325: 0.138034, -0.185048
index 326: 0.078584, -0.598787
index 327: -0.555540, -0.713639
index 328: 0.766844, -0.262657
index 329: -1.342504, -1.226385
index 330: -0.765630, -0.833691
index 331: 0.125569, -0.484463
index 333: 0.371626, -0.529432
index 334: 0.229013, -0.807171
index 335: -0.741842, -0.921426
index 336: -1.178289, -1.140094
index 337: 0.216790, -0.590723
index 338: -0.010998, -0.511679
index 342: -0.054087, -0.521437
index 343: -0.453338, -0.449113
index 344: -0.983137, -0.830703
index 349: 0.015452, -0.804719
index 352: 0.104047, -0.473020
index 354: 0.039814, -0.066639
index 356: 0.057426, -0.081872
index 357: 0.498666, -0.576095
index 358: 0.322345, -0.862207
index 359: 0.154335, -1.045792
index 361: 0.476434, -0.816948
index 362: 0.099808, -0.915471
index 363: 0.093325, -0.966153
index 364: 0.167403, -0.866064
index 366: 0.667760, -0.417805
index 367: 0.147970, -0.939631
index 368: 0.607005, 0.100438
index 370: 0.587848, -0.216198
index 372: 0.144624, -0.928034
index 373: -0.117469, -0.900169
index 375: 0.169817, -0.770719
index 380: 0.015444, -0.987143
index 381: -0.007965, -0.977824
index 382: 0.048045, -0.978256
index 383: 0.518006, -0.466504
index 384: 0.192055, -0.819327
index 385: 0.581607, -0.459552
index 387: 0.306900, -0.816591
index 389: 0.276863, -0.813190
index 392: 0.090475, -0.905511
index 394: 0.407647, -0.794572
index 395: 0.671067, -0.469926
index 397: 0.956462, 0.102943
index 404: 0.560708, -0.347423
index 406: -0.779036, -0.704378
index 408: 1.496982, 0.421458
index 409: -0.755855, -0.797195
index 411: 0.356147, -0.619765
index 413: -0.014482, -0.729398
index 416: 0.168205, -0.723279
index 417: 0.054628, -0.720293
index 418: -0.014319, -0.723861
index 419: 0.251748, -0.624211
index 422: -0.002932, -0.763330
index 425: 0.274810, -0.512404
index 426: 0.256349, -0.637506
index 429: 0.364166, -0.387402
index 432: 0.211942, -0.660727
index 437: 0.137557, -0.631084
index 439: 0.632173, -0.353580
index 440: 0.981575, 0.142324
index 441: -0.006808, -0.728974
index 442: -0.674493, -0.629573
index 444: -0.420537, -0.495800
index 445: 0.219406, 0.179204
index 447: 0.345808, -0.532963
index 451: 0.525452, -0.263001
index 452: -0.478669, -0.501672
index 453: 0.561584, -0.493914
index 454: 0.491185, -0.336628
index 456: 0.400858, -0.614878
index 460: 0.246552, -0.584550
index 462: -1.230404, -1.003526
index 466: -0.491633, -0.825738
index 467: -1.406630, -0.923317
index 473: -1.233997, -1.467305
index 474: -1.229256, -1.293296
index 477: -1.565839, -1.440663
index 479: -0.925219, -0.856849
index 480: -1.325920, -1.352649
index 481: -1.286218, -1.231622
index 484: -1.331808, -1.169952
index 486: -1.485831, -1.371000
index 487: -0.832004, -0.982482
index 490: -1.816739, -1.170421
index 492: -0.981164, -0.752083
index 493: -1.855611, -1.212984
index 495: -1.445544, -1.322524
index 496: -1.485228, -1.275195
index 498: -0.835550, -1.047116
index 499: -0.448876, -0.782731
index 500: -0.449675, -0.802861
index 502: -1.215397, -1.202163
index 503: -1.566423, -1.393328
index 504: -1.428800, -1.294066
index 505: -0.729567, -0.869252
index 508: 0.101169, -0.395157
index 509: -0.254820, -0.776722
index 510: -1.300414, -1.062360
index 513: -0.301487, -0.704750
Interpolation failed - throwing out 1 points
Interpolation failed - throwing out 2 points
Interpolation failed - throwing out 3 points
Interpolation failed - throwing out 4 points
Interpolation failed - throwing out 5 points
Interpolation failed - throwing out 6 points
Interpolation failed - throwing out 7 points
TPR Info by Lines: FPR Threshold/TPR/TPR STD ERR/TPR STD
    0.0500    0.1000    0.1500
    0.3071    0.4089    0.5010
    0.0250    0.0360    0.0352
    0.0250    0.0360    0.0352

Overall results (hybrid)
Confidence threshold=0
Filtered datapoints
Prediction points: 172.000000 (stddev 0.000000)
Individual AUCs:
    0.7755
    0.7749
    0.8016
    0.7394
    0.7918
    0.7739
    0.7378
    0.7148
    0.7612
    0.6776
    0.7097
    0.6938
    0.7110
    0.7862
    0.7915
    0.7582
    0.7644
    0.7934
    0.7963
    0.7878
    0.8370
    0.8330
    0.7795
    0.7552
    0.7959
    0.7824
    0.7227
    0.7325
    0.7648
    0.8337

p-value (Wilcoxon signed ranked test): 0.000002
AUC ave err std
    0.7659

    0.0404

    0.0404

Precision / Recall macro
    0.8715    0.6207

Precision / Recall micro
    0.8690    0.6199

Std devs
    0.0362    0.0793


Using threshold of 0.726772
Eliminated 29 points
Completed iteration 1

Using threshold of 0.609541
Eliminated 18 points
Completed iteration 2

Using threshold of 0.726798
Eliminated 39 points
Completed iteration 3

Using threshold of 0.736490
Eliminated 29 points
Completed iteration 4

Using threshold of 0.652438
Eliminated 21 points
Completed iteration 5

Using threshold of 0.779369
Eliminated 20 points
Completed iteration 6

Using threshold of 0.779965
Eliminated 62 points
Completed iteration 7

Using threshold of 0.728419
Eliminated 32 points
Completed iteration 8

Using threshold of 0.771633
Eliminated 30 points
Completed iteration 9

Using threshold of 0.707118
Eliminated 31 points
Completed iteration 10

Using threshold of 0.791700
Eliminated 30 points
Completed iteration 11

Using threshold of 0.643768
Eliminated 27 points
Completed iteration 12

Using threshold of 0.783214
Eliminated 21 points
Completed iteration 13

Using threshold of 0.721307
Eliminated 27 points
Completed iteration 14

Using threshold of 0.755594
Eliminated 24 points
Completed iteration 15

Using threshold of 0.687224
Eliminated 16 points
Completed iteration 16

Using threshold of 0.737694
Eliminated 22 points
Completed iteration 17

Using threshold of 0.806357
Eliminated 25 points
Completed iteration 18

Using threshold of 0.780767
Eliminated 49 points
Completed iteration 19

Using threshold of 0.777481
Eliminated 39 points
Completed iteration 20

Using threshold of 0.790557
Eliminated 49 points
Completed iteration 21

Using threshold of 0.682260
Eliminated 26 points
Completed iteration 22

Using threshold of 0.713979
Eliminated 12 points
Completed iteration 23

Using threshold of 0.822136
Eliminated 43 points
Completed iteration 24

Using threshold of 0.822694
Eliminated 26 points
Completed iteration 25

Using threshold of 0.760501
Eliminated 27 points
Completed iteration 26

Using threshold of 0.794186
Eliminated 55 points
Completed iteration 27

Using threshold of 0.724023
Eliminated 23 points
Completed iteration 28

Using threshold of 0.775332
Eliminated 15 points
Completed iteration 29

Using threshold of 0.737834
Eliminated 43 points
Completed iteration 30
Printing all grasps falling into high-precision nodes. Conf=0.500000
Node index 40
  115.0000    1.3628    1.0332
  125.0000    0.3519   -0.1576
  252.0000    0.2069    0.2599
  293.0000    0.7703   -0.2687
  326.0000    0.0786   -0.5988
  333.0000    0.3716   -0.5294
  337.0000    0.2168   -0.5907
  354.0000    0.0398   -0.0666
  356.0000    0.0574   -0.0819
  366.0000    0.6678   -0.4178
  370.0000    0.5878   -0.2162
  383.0000    0.5180   -0.4665
  408.0000    1.4970    0.4215
  440.0000    0.9816    0.1423
  451.0000    0.5255   -0.2630
  508.0000    0.1012   -0.3952

Node index 21
  133.0000   -0.0972   -0.5695
  137.0000   -0.0035   -0.4807
  164.0000    0.1139    0.1288
  222.0000   -0.2298   -0.6370
  241.0000    0.6677    0.4557
  251.0000    0.2939    0.2990
  257.0000    0.2523    0.3165
  262.0000    0.2294    0.3334
  265.0000    0.4408    0.3647
  272.0000   -0.2322   -0.0789
  277.0000    0.1776    0.3277
  289.0000    0.0411   -0.4544
  313.0000   -0.0859   -0.4315
  324.0000    0.3914   -0.7584
  331.0000    0.1256   -0.4845
  334.0000    0.2290   -0.8072
  338.0000   -0.0110   -0.5117
  352.0000    0.1040   -0.4730
  357.0000    0.4987   -0.5761
  368.0000    0.6070    0.1004
  387.0000    0.3069   -0.8166
  411.0000    0.3561   -0.6198
  413.0000   -0.0145   -0.7294
  418.0000   -0.0143   -0.7239
  419.0000    0.2517   -0.6242
  429.0000    0.3642   -0.3874
  439.0000    0.6322   -0.3536
  445.0000    0.2194    0.1792
  447.0000    0.3458   -0.5330
  460.0000    0.2466   -0.5846

Node index 61
  123.0000   -1.2860   -1.1031
  126.0000   -1.3861   -1.1349
  129.0000   -1.2763   -1.0982
  131.0000   -0.9495   -1.1644
  135.0000   -1.2508   -1.0639
  136.0000   -1.0430   -1.0751
  140.0000   -1.1285   -1.1208
  141.0000   -1.1939   -1.1441
  142.0000   -1.1464   -1.0991
  143.0000   -1.1035   -1.1816
  144.0000   -1.1265   -1.2011
  145.0000   -0.9449   -1.0563
  146.0000   -0.5410   -0.7897
  148.0000   -0.7518   -1.0837
  154.0000   -1.1294   -1.1484
  155.0000   -0.9471   -1.1330
  156.0000   -0.9658   -1.1098
  158.0000   -1.3263   -1.1428
  161.0000   -1.0231   -1.1010
  165.0000   -1.1258   -1.0835
  166.0000   -1.1304   -1.0308
  169.0000   -1.3514   -0.9588
  171.0000   -0.4153   -0.7345
  174.0000   -1.2337   -1.0074
  183.0000   -0.0074   -0.3402
  187.0000    0.4195   -0.0820
  203.0000    0.4120   -0.0735
  221.0000   -0.1590   -0.3876
  234.0000   -6.8296    5.9323
  288.0000   -6.8296    5.9323
  308.0000   -0.8761   -0.6106
  349.0000    0.0155   -0.8047
  359.0000    0.1543   -1.0458
  362.0000    0.0998   -0.9155
  363.0000    0.0933   -0.9662
  364.0000    0.1674   -0.8661
  367.0000    0.1480   -0.9396
  372.0000    0.1446   -0.9280
  373.0000   -0.1175   -0.9002
  380.0000    0.0154   -0.9871
  381.0000   -0.0080   -0.9778
  382.0000    0.0480   -0.9783
  384.0000    0.1921   -0.8193
  389.0000    0.2769   -0.8132
  392.0000    0.0905   -0.9055
  404.0000    0.5607   -0.3474
  422.0000   -0.0029   -0.7633
  441.0000   -0.0068   -0.7290
  462.0000   -1.2304   -1.0035
  492.0000   -0.9812   -0.7521
  503.0000   -1.5664   -1.3933

97 points dumped in total
index 115: 1.362757, 1.033249
index 123: -1.286012, -1.103101
index 125: 0.351854, -0.157623
index 126: -1.386119, -1.134917
index 129: -1.276321, -1.098237
index 131: -0.949541, -1.164423
index 133: -0.097228, -0.569516
index 135: -1.250809, -1.063940
index 136: -1.042996, -1.075127
index 137: -0.003499, -0.480654
index 140: -1.128468, -1.120816
index 141: -1.193948, -1.144144
index 142: -1.146417, -1.099074
index 143: -1.103512, -1.181596
index 144: -1.126458, -1.201077
index 145: -0.944932, -1.056272
index 146: -0.541017, -0.789709
index 148: -0.751847, -1.083688
index 154: -1.129444, -1.148398
index 155: -0.947082, -1.132953
index 156: -0.965784, -1.109754
index 158: -1.326341, -1.142790
index 161: -1.023142, -1.100964
index 164: 0.113930, 0.128786
index 165: -1.125796, -1.083487
index 166: -1.130412, -1.030786
index 169: -1.351438, -0.958782
index 171: -0.415313, -0.734486
index 174: -1.233745, -1.007385
index 183: -0.007381, -0.340177
index 187: 0.419478, -0.081951
index 203: 0.412045, -0.073475
index 221: -0.159020, -0.387640
index 222: -0.229827, -0.637012
index 234: -6.829649, 5.932283
index 241: 0.667745, 0.455659
index 251: 0.293945, 0.298972
index 252: 0.206904, 0.259901
index 257: 0.252341, 0.316534
index 262: 0.229431, 0.333448
index 265: 0.440795, 0.364719
index 272: -0.232181, -0.078949
index 277: 0.177622, 0.327670
index 288: -6.829649, 5.932283
index 289: 0.041133, -0.454373
index 293: 0.770302, -0.268702
index 308: -0.876082, -0.610554
index 313: -0.085936, -0.431462
index 324: 0.391450, -0.758403
index 326: 0.078584, -0.598787
index 331: 0.125569, -0.484463
index 333: 0.371626, -0.529432
index 334: 0.229013, -0.807171
index 337: 0.216790, -0.590723
index 338: -0.010998, -0.511679
index 349: 0.015452, -0.804719
index 352: 0.104047, -0.473020
index 354: 0.039814, -0.066639
index 356: 0.057426, -0.081872
index 357: 0.498666, -0.576095
index 359: 0.154335, -1.045792
index 362: 0.099808, -0.915471
index 363: 0.093325, -0.966153
index 364: 0.167403, -0.866064
index 366: 0.667760, -0.417805
index 367: 0.147970, -0.939631
index 368: 0.607005, 0.100438
index 370: 0.587848, -0.216198
index 372: 0.144624, -0.928034
index 373: -0.117469, -0.900169
index 380: 0.015444, -0.987143
index 381: -0.007965, -0.977824
index 382: 0.048045, -0.978256
index 383: 0.518006, -0.466504
index 384: 0.192055, -0.819327
index 387: 0.306900, -0.816591
index 389: 0.276863, -0.813190
index 392: 0.090475, -0.905511
index 404: 0.560708, -0.347423
index 408: 1.496982, 0.421458
index 411: 0.356147, -0.619765
index 413: -0.014482, -0.729398
index 418: -0.014319, -0.723861
index 419: 0.251748, -0.624211
index 422: -0.002932, -0.763330
index 429: 0.364166, -0.387402
index 439: 0.632173, -0.353580
index 440: 0.981575, 0.142324
index 441: -0.006808, -0.728974
index 445: 0.219406, 0.179204
index 447: 0.345808, -0.532963
index 451: 0.525452, -0.263001
index 460: 0.246552, -0.584550
index 462: -1.230404, -1.003526
index 492: -0.981164, -0.752083
index 503: -1.566423, -1.393328
index 508: 0.101169, -0.395157
Interpolation failed - throwing out 1 points
Interpolation failed - throwing out 2 points
TPR Info by Lines: FPR Threshold/TPR/TPR STD ERR/TPR STD
    0.0500    0.1000    0.1500
    0.3067    0.4286    0.5294
    0.0278    0.0372    0.0409
    0.0278    0.0372    0.0409

Overall results (hybrid)
Confidence threshold=0.5
Filtered datapoints
Prediction points: 141.666667 (stddev 12.118192)
Individual AUCs:
    0.8195
    0.8243
    0.8153
    0.7682
    0.7261
    0.7394
    0.8165
    0.8038
    0.7690
    0.7499
    0.7670
    0.7566
    0.6652
    0.7750
    0.7906
    0.7885
    0.7472
    0.7921
    0.8576
    0.7618
    0.7013
    0.7513
    0.6887
    0.7941
    0.7623
    0.7559
    0.7822
    0.7874
    0.7082
    0.6927

p-value (Wilcoxon signed ranked test): 0.000002
AUC ave err std
    0.7653

    0.0443

    0.0443

Precision / Recall macro
    0.8692    0.5860

Precision / Recall micro
    0.8650    0.5859

Std devs
    0.0386    0.0950


Using threshold of 0.761803
Eliminated 37 points
Completed iteration 1

Using threshold of 0.744858
Eliminated 21 points
Completed iteration 2

Using threshold of 0.751421
Eliminated 26 points
Completed iteration 3

Using threshold of 0.825395
Eliminated 49 points
Completed iteration 4

Using threshold of 0.765921
Eliminated 25 points
Completed iteration 5

Using threshold of 0.798932
Eliminated 36 points
Completed iteration 6

Using threshold of 0.809069
Eliminated 56 points
Completed iteration 7

Using threshold of 0.777084
Eliminated 38 points
Completed iteration 8

Using threshold of 0.665800
Eliminated 29 points
Completed iteration 9

Using threshold of 0.837628
Eliminated 52 points
Completed iteration 10

Using threshold of 0.833533
Eliminated 45 points
Completed iteration 11

Using threshold of 0.741403
Eliminated 51 points
Completed iteration 12

Using threshold of 0.831581
Eliminated 44 points
Completed iteration 13

Using threshold of 0.665512
Eliminated 51 points
Completed iteration 14

Using threshold of 0.742341
Eliminated 35 points
Completed iteration 15

Using threshold of 0.688924
Eliminated 24 points
Completed iteration 16

Using threshold of 0.784560
Eliminated 35 points
Completed iteration 17

Using threshold of 0.798559
Eliminated 40 points
Completed iteration 18

Using threshold of 0.829344
Eliminated 24 points
Completed iteration 19

Using threshold of 0.817791
Eliminated 44 points
Completed iteration 20

Using threshold of 0.770609
Eliminated 47 points
Completed iteration 21

Using threshold of 0.783491
Eliminated 59 points
Completed iteration 22

Using threshold of 0.744852
Eliminated 45 points
Completed iteration 23

Using threshold of 0.745211
Eliminated 39 points
Completed iteration 24

Using threshold of 0.710909
Eliminated 22 points
Completed iteration 25

Using threshold of 0.700930
Eliminated 22 points
Completed iteration 26

Using threshold of 0.729381
Eliminated 30 points
Completed iteration 27

Using threshold of 0.776218
Eliminated 46 points
Completed iteration 28

Using threshold of 0.797623
Eliminated 64 points
Completed iteration 29

Using threshold of 0.701224
Eliminated 29 points
Completed iteration 30
Printing all grasps falling into high-precision nodes. Conf=0.600000
Node index 40
  115.0000    1.3628    1.0332
  125.0000    0.3519   -0.1576
  252.0000    0.2069    0.2599
  293.0000    0.7703   -0.2687
  326.0000    0.0786   -0.5988
  333.0000    0.3716   -0.5294
  337.0000    0.2168   -0.5907
  354.0000    0.0398   -0.0666
  356.0000    0.0574   -0.0819
  366.0000    0.6678   -0.4178
  370.0000    0.5878   -0.2162
  383.0000    0.5180   -0.4665
  408.0000    1.4970    0.4215
  440.0000    0.9816    0.1423
  451.0000    0.5255   -0.2630
  508.0000    0.1012   -0.3952

Node index 45
  302.0000    0.0112   -0.5155
  312.0000    0.3276   -0.6721
  317.0000    0.4537   -0.6457
  318.0000    0.3156   -0.4720
  328.0000    0.7668   -0.2627
  342.0000   -0.0541   -0.5214
  358.0000    0.3223   -0.8622
  361.0000    0.4764   -0.8169
  385.0000    0.5816   -0.4596
  394.0000    0.4076   -0.7946
  416.0000    0.1682   -0.7233
  417.0000    0.0546   -0.7203
  425.0000    0.2748   -0.5124
  426.0000    0.2563   -0.6375
  432.0000    0.2119   -0.6607
  437.0000    0.1376   -0.6311
  453.0000    0.5616   -0.4939
  456.0000    0.4009   -0.6149

Node index 61
  123.0000   -1.2860   -1.1031
  126.0000   -1.3861   -1.1349
  129.0000   -1.2763   -1.0982
  131.0000   -0.9495   -1.1644
  135.0000   -1.2508   -1.0639
  136.0000   -1.0430   -1.0751
  140.0000   -1.1285   -1.1208
  141.0000   -1.1939   -1.1441
  142.0000   -1.1464   -1.0991
  143.0000   -1.1035   -1.1816
  144.0000   -1.1265   -1.2011
  145.0000   -0.9449   -1.0563
  146.0000   -0.5410   -0.7897
  148.0000   -0.7518   -1.0837
  154.0000   -1.1294   -1.1484
  155.0000   -0.9471   -1.1330
  156.0000   -0.9658   -1.1098
  158.0000   -1.3263   -1.1428
  161.0000   -1.0231   -1.1010
  165.0000   -1.1258   -1.0835
  166.0000   -1.1304   -1.0308
  169.0000   -1.3514   -0.9588
  171.0000   -0.4153   -0.7345
  174.0000   -1.2337   -1.0074
  183.0000   -0.0074   -0.3402
  187.0000    0.4195   -0.0820
  203.0000    0.4120   -0.0735
  221.0000   -0.1590   -0.3876
  234.0000   -6.8296    5.9323
  288.0000   -6.8296    5.9323
  308.0000   -0.8761   -0.6106
  349.0000    0.0155   -0.8047
  359.0000    0.1543   -1.0458
  362.0000    0.0998   -0.9155
  363.0000    0.0933   -0.9662
  364.0000    0.1674   -0.8661
  367.0000    0.1480   -0.9396
  372.0000    0.1446   -0.9280
  373.0000   -0.1175   -0.9002
  380.0000    0.0154   -0.9871
  381.0000   -0.0080   -0.9778
  382.0000    0.0480   -0.9783
  384.0000    0.1921   -0.8193
  389.0000    0.2769   -0.8132
  392.0000    0.0905   -0.9055
  404.0000    0.5607   -0.3474
  422.0000   -0.0029   -0.7633
  441.0000   -0.0068   -0.7290
  462.0000   -1.2304   -1.0035
  492.0000   -0.9812   -0.7521
  503.0000   -1.5664   -1.3933

85 points dumped in total
index 115: 1.362757, 1.033249
index 123: -1.286012, -1.103101
index 125: 0.351854, -0.157623
index 126: -1.386119, -1.134917
index 129: -1.276321, -1.098237
index 131: -0.949541, -1.164423
index 135: -1.250809, -1.063940
index 136: -1.042996, -1.075127
index 140: -1.128468, -1.120816
index 141: -1.193948, -1.144144
index 142: -1.146417, -1.099074
index 143: -1.103512, -1.181596
index 144: -1.126458, -1.201077
index 145: -0.944932, -1.056272
index 146: -0.541017, -0.789709
index 148: -0.751847, -1.083688
index 154: -1.129444, -1.148398
index 155: -0.947082, -1.132953
index 156: -0.965784, -1.109754
index 158: -1.326341, -1.142790
index 161: -1.023142, -1.100964
index 165: -1.125796, -1.083487
index 166: -1.130412, -1.030786
index 169: -1.351438, -0.958782
index 171: -0.415313, -0.734486
index 174: -1.233745, -1.007385
index 183: -0.007381, -0.340177
index 187: 0.419478, -0.081951
index 203: 0.412045, -0.073475
index 221: -0.159020, -0.387640
index 234: -6.829649, 5.932283
index 252: 0.206904, 0.259901
index 288: -6.829649, 5.932283
index 293: 0.770302, -0.268702
index 302: 0.011193, -0.515459
index 308: -0.876082, -0.610554
index 312: 0.327552, -0.672094
index 317: 0.453667, -0.645690
index 318: 0.315610, -0.472040
index 326: 0.078584, -0.598787
index 328: 0.766844, -0.262657
index 333: 0.371626, -0.529432
index 337: 0.216790, -0.590723
index 342: -0.054087, -0.521437
index 349: 0.015452, -0.804719
index 354: 0.039814, -0.066639
index 356: 0.057426, -0.081872
index 358: 0.322345, -0.862207
index 359: 0.154335, -1.045792
index 361: 0.476434, -0.816948
index 362: 0.099808, -0.915471
index 363: 0.093325, -0.966153
index 364: 0.167403, -0.866064
index 366: 0.667760, -0.417805
index 367: 0.147970, -0.939631
index 370: 0.587848, -0.216198
index 372: 0.144624, -0.928034
index 373: -0.117469, -0.900169
index 380: 0.015444, -0.987143
index 381: -0.007965, -0.977824
index 382: 0.048045, -0.978256
index 383: 0.518006, -0.466504
index 384: 0.192055, -0.819327
index 385: 0.581607, -0.459552
index 389: 0.276863, -0.813190
index 392: 0.090475, -0.905511
index 394: 0.407647, -0.794572
index 404: 0.560708, -0.347423
index 408: 1.496982, 0.421458
index 416: 0.168205, -0.723279
index 417: 0.054628, -0.720293
index 422: -0.002932, -0.763330
index 425: 0.274810, -0.512404
index 426: 0.256349, -0.637506
index 432: 0.211942, -0.660727
index 437: 0.137557, -0.631084
index 440: 0.981575, 0.142324
index 441: -0.006808, -0.728974
index 451: 0.525452, -0.263001
index 453: 0.561584, -0.493914
index 456: 0.400858, -0.614878
index 462: -1.230404, -1.003526
index 492: -0.981164, -0.752083
index 503: -1.566423, -1.393328
index 508: 0.101169, -0.395157
Interpolation failed - throwing out 1 points
Interpolation failed - throwing out 2 points
TPR Info by Lines: FPR Threshold/TPR/TPR STD ERR/TPR STD
    0.0500    0.1000    0.1500
    0.3190    0.4433    0.5226
    0.0207    0.0316    0.0399
    0.0207    0.0316    0.0399

Overall results (hybrid)
Confidence threshold=0.6
Filtered datapoints
Prediction points: 133.166667 (stddev 11.962826)
Individual AUCs:
    0.7395
    0.7931
    0.8101
    0.8053
    0.7575
    0.8112
    0.7180
    0.7602
    0.6829
    0.8065
    0.7809
    0.7223
    0.7676
    0.7009
    0.7959
    0.7890
    0.8352
    0.7834
    0.8162
    0.7905
    0.8185
    0.8436
    0.7800
    0.7825
    0.8051
    0.7596
    0.7700
    0.7078
    0.7531
    0.7584

p-value (Wilcoxon signed ranked test): 0.000002
AUC ave err std
    0.7748

    0.0398

    0.0398

Precision / Recall macro
    0.8818    0.5487

Precision / Recall micro
    0.8787    0.5482

Std devs
    0.0328    0.0878


Using threshold of 0.700221
Eliminated 49 points
Completed iteration 1

Using threshold of 0.701355
Eliminated 32 points
Completed iteration 2

Using threshold of 0.692651
Eliminated 44 points
Completed iteration 3

Using threshold of 0.823578
Eliminated 44 points
Completed iteration 4

Using threshold of 0.744771
Eliminated 48 points
Completed iteration 5

Using threshold of 0.691196
Eliminated 46 points
Completed iteration 6

Using threshold of 0.731346
Eliminated 54 points
Completed iteration 7

Using threshold of 0.760693
Eliminated 73 points
Completed iteration 8

Using threshold of 0.692838
Eliminated 35 points
Completed iteration 9

Using threshold of 0.782067
Eliminated 78 points
Completed iteration 10

Using threshold of 0.727887
Eliminated 33 points
Completed iteration 11

Using threshold of 0.686389
Eliminated 26 points
Completed iteration 12

Using threshold of 0.828202
Eliminated 61 points
Completed iteration 13

Using threshold of 0.761768
Eliminated 26 points
Completed iteration 14

Using threshold of 0.838522
Eliminated 58 points
Completed iteration 15

Using threshold of 0.829856
Eliminated 71 points
Completed iteration 16

Using threshold of 0.762023
Eliminated 45 points
Completed iteration 17

Using threshold of 0.793929
Eliminated 35 points
Completed iteration 18

Using threshold of 0.773849
Eliminated 43 points
Completed iteration 19

Using threshold of 0.785621
Eliminated 54 points
Completed iteration 20

Using threshold of 0.740235
Eliminated 34 points
Completed iteration 21

Using threshold of 0.697373
Eliminated 21 points
Completed iteration 22

Using threshold of 0.756315
Eliminated 28 points
Completed iteration 23

Using threshold of 0.807294
Eliminated 70 points
Completed iteration 24

Using threshold of 0.810808
Eliminated 79 points
Completed iteration 25

Using threshold of 0.761666
Eliminated 53 points
Completed iteration 26

Using threshold of 0.769960
Eliminated 58 points
Completed iteration 27

Using threshold of 0.762430
Eliminated 26 points
Completed iteration 28

Using threshold of 0.669746
Eliminated 42 points
Completed iteration 29

Using threshold of 0.766428
Eliminated 38 points
Completed iteration 30
Printing all grasps falling into high-precision nodes. Conf=0.700000
Node index 40
  115.0000    1.3628    1.0332
  125.0000    0.3519   -0.1576
  252.0000    0.2069    0.2599
  293.0000    0.7703   -0.2687
  326.0000    0.0786   -0.5988
  333.0000    0.3716   -0.5294
  337.0000    0.2168   -0.5907
  354.0000    0.0398   -0.0666
  356.0000    0.0574   -0.0819
  366.0000    0.6678   -0.4178
  370.0000    0.5878   -0.2162
  383.0000    0.5180   -0.4665
  408.0000    1.4970    0.4215
  440.0000    0.9816    0.1423
  451.0000    0.5255   -0.2630
  508.0000    0.1012   -0.3952

Node index 21
  133.0000   -0.0972   -0.5695
  137.0000   -0.0035   -0.4807
  164.0000    0.1139    0.1288
  222.0000   -0.2298   -0.6370
  241.0000    0.6677    0.4557
  251.0000    0.2939    0.2990
  257.0000    0.2523    0.3165
  262.0000    0.2294    0.3334
  265.0000    0.4408    0.3647
  272.0000   -0.2322   -0.0789
  277.0000    0.1776    0.3277
  289.0000    0.0411   -0.4544
  313.0000   -0.0859   -0.4315
  324.0000    0.3914   -0.7584
  331.0000    0.1256   -0.4845
  334.0000    0.2290   -0.8072
  338.0000   -0.0110   -0.5117
  352.0000    0.1040   -0.4730
  357.0000    0.4987   -0.5761
  368.0000    0.6070    0.1004
  387.0000    0.3069   -0.8166
  411.0000    0.3561   -0.6198
  413.0000   -0.0145   -0.7294
  418.0000   -0.0143   -0.7239
  419.0000    0.2517   -0.6242
  429.0000    0.3642   -0.3874
  439.0000    0.6322   -0.3536
  445.0000    0.2194    0.1792
  447.0000    0.3458   -0.5330
  460.0000    0.2466   -0.5846

Node index 61
  123.0000   -1.2860   -1.1031
  126.0000   -1.3861   -1.1349
  129.0000   -1.2763   -1.0982
  131.0000   -0.9495   -1.1644
  135.0000   -1.2508   -1.0639
  136.0000   -1.0430   -1.0751
  140.0000   -1.1285   -1.1208
  141.0000   -1.1939   -1.1441
  142.0000   -1.1464   -1.0991
  143.0000   -1.1035   -1.1816
  144.0000   -1.1265   -1.2011
  145.0000   -0.9449   -1.0563
  146.0000   -0.5410   -0.7897
  148.0000   -0.7518   -1.0837
  154.0000   -1.1294   -1.1484
  155.0000   -0.9471   -1.1330
  156.0000   -0.9658   -1.1098
  158.0000   -1.3263   -1.1428
  161.0000   -1.0231   -1.1010
  165.0000   -1.1258   -1.0835
  166.0000   -1.1304   -1.0308
  169.0000   -1.3514   -0.9588
  171.0000   -0.4153   -0.7345
  174.0000   -1.2337   -1.0074
  183.0000   -0.0074   -0.3402
  187.0000    0.4195   -0.0820
  203.0000    0.4120   -0.0735
  221.0000   -0.1590   -0.3876
  234.0000   -6.8296    5.9323
  288.0000   -6.8296    5.9323
  308.0000   -0.8761   -0.6106
  349.0000    0.0155   -0.8047
  359.0000    0.1543   -1.0458
  362.0000    0.0998   -0.9155
  363.0000    0.0933   -0.9662
  364.0000    0.1674   -0.8661
  367.0000    0.1480   -0.9396
  372.0000    0.1446   -0.9280
  373.0000   -0.1175   -0.9002
  380.0000    0.0154   -0.9871
  381.0000   -0.0080   -0.9778
  382.0000    0.0480   -0.9783
  384.0000    0.1921   -0.8193
  389.0000    0.2769   -0.8132
  392.0000    0.0905   -0.9055
  404.0000    0.5607   -0.3474
  422.0000   -0.0029   -0.7633
  441.0000   -0.0068   -0.7290
  462.0000   -1.2304   -1.0035
  492.0000   -0.9812   -0.7521
  503.0000   -1.5664   -1.3933

97 points dumped in total
index 115: 1.362757, 1.033249
index 123: -1.286012, -1.103101
index 125: 0.351854, -0.157623
index 126: -1.386119, -1.134917
index 129: -1.276321, -1.098237
index 131: -0.949541, -1.164423
index 133: -0.097228, -0.569516
index 135: -1.250809, -1.063940
index 136: -1.042996, -1.075127
index 137: -0.003499, -0.480654
index 140: -1.128468, -1.120816
index 141: -1.193948, -1.144144
index 142: -1.146417, -1.099074
index 143: -1.103512, -1.181596
index 144: -1.126458, -1.201077
index 145: -0.944932, -1.056272
index 146: -0.541017, -0.789709
index 148: -0.751847, -1.083688
index 154: -1.129444, -1.148398
index 155: -0.947082, -1.132953
index 156: -0.965784, -1.109754
index 158: -1.326341, -1.142790
index 161: -1.023142, -1.100964
index 164: 0.113930, 0.128786
index 165: -1.125796, -1.083487
index 166: -1.130412, -1.030786
index 169: -1.351438, -0.958782
index 171: -0.415313, -0.734486
index 174: -1.233745, -1.007385
index 183: -0.007381, -0.340177
index 187: 0.419478, -0.081951
index 203: 0.412045, -0.073475
index 221: -0.159020, -0.387640
index 222: -0.229827, -0.637012
index 234: -6.829649, 5.932283
index 241: 0.667745, 0.455659
index 251: 0.293945, 0.298972
index 252: 0.206904, 0.259901
index 257: 0.252341, 0.316534
index 262: 0.229431, 0.333448
index 265: 0.440795, 0.364719
index 272: -0.232181, -0.078949
index 277: 0.177622, 0.327670
index 288: -6.829649, 5.932283
index 289: 0.041133, -0.454373
index 293: 0.770302, -0.268702
index 308: -0.876082, -0.610554
index 313: -0.085936, -0.431462
index 324: 0.391450, -0.758403
index 326: 0.078584, -0.598787
index 331: 0.125569, -0.484463
index 333: 0.371626, -0.529432
index 334: 0.229013, -0.807171
index 337: 0.216790, -0.590723
index 338: -0.010998, -0.511679
index 349: 0.015452, -0.804719
index 352: 0.104047, -0.473020
index 354: 0.039814, -0.066639
index 356: 0.057426, -0.081872
index 357: 0.498666, -0.576095
index 359: 0.154335, -1.045792
index 362: 0.099808, -0.915471
index 363: 0.093325, -0.966153
index 364: 0.167403, -0.866064
index 366: 0.667760, -0.417805
index 367: 0.147970, -0.939631
index 368: 0.607005, 0.100438
index 370: 0.587848, -0.216198
index 372: 0.144624, -0.928034
index 373: -0.117469, -0.900169
index 380: 0.015444, -0.987143
index 381: -0.007965, -0.977824
index 382: 0.048045, -0.978256
index 383: 0.518006, -0.466504
index 384: 0.192055, -0.819327
index 387: 0.306900, -0.816591
index 389: 0.276863, -0.813190
index 392: 0.090475, -0.905511
index 404: 0.560708, -0.347423
index 408: 1.496982, 0.421458
index 411: 0.356147, -0.619765
index 413: -0.014482, -0.729398
index 418: -0.014319, -0.723861
index 419: 0.251748, -0.624211
index 422: -0.002932, -0.763330
index 429: 0.364166, -0.387402
index 439: 0.632173, -0.353580
index 440: 0.981575, 0.142324
index 441: -0.006808, -0.728974
index 445: 0.219406, 0.179204
index 447: 0.345808, -0.532963
index 451: 0.525452, -0.263001
index 460: 0.246552, -0.584550
index 462: -1.230404, -1.003526
index 492: -0.981164, -0.752083
index 503: -1.566423, -1.393328
index 508: 0.101169, -0.395157
Interpolation failed - throwing out 1 points
Interpolation failed - throwing out 2 points
TPR Info by Lines: FPR Threshold/TPR/TPR STD ERR/TPR STD
    0.0500    0.1000    0.1500
    0.2678    0.4128    0.5098
    0.0258    0.0378    0.0433
    0.0258    0.0378    0.0433

Overall results (hybrid)
Confidence threshold=0.7
Filtered datapoints
Prediction points: 125.200000 (stddev 16.320920)
Individual AUCs:
    0.7616
    0.6469
    0.7815
    0.8422
    0.7224
    0.7270
    0.7564
    0.8227
    0.6988
    0.7814
    0.7040
    0.8237
    0.8271
    0.8178
    0.6442
    0.8423
    0.8130
    0.8449
    0.7015
    0.7839
    0.8203
    0.7867
    0.8223
    0.7877
    0.8259
    0.7966
    0.7542
    0.7739
    0.7859
    0.8317

p-value (Wilcoxon signed ranked test): 0.000002
AUC ave err std
    0.7776

    0.0561

    0.0561

Precision / Recall macro
    0.8845    0.5168

Precision / Recall micro
    0.8805    0.5155

Std devs
    0.0406    0.1257


Using threshold of 0.724370
Eliminated 53 points
Completed iteration 1

Using threshold of 0.720040
Eliminated 59 points
Completed iteration 2

Using threshold of 0.688943
Eliminated 34 points
Completed iteration 3

Using threshold of 0.739041
Eliminated 68 points
Completed iteration 4

Using threshold of 0.731370
Eliminated 70 points
Completed iteration 5

Using threshold of 0.782489
Eliminated 71 points
Completed iteration 6

Using threshold of 0.808276
Eliminated 90 points
Completed iteration 7

Using threshold of 0.694314
Eliminated 54 points
Completed iteration 8

Using threshold of 0.797924
Eliminated 41 points
Completed iteration 9

Using threshold of 0.819151
Eliminated 95 points
Completed iteration 10

Using threshold of 0.825963
Eliminated 59 points
Completed iteration 11

Using threshold of 0.677149
Eliminated 70 points
Completed iteration 12

Using threshold of 0.819875
Eliminated 62 points
Completed iteration 13

Using threshold of 0.768991
Eliminated 60 points
Completed iteration 14

Using threshold of 0.717404
Eliminated 63 points
Completed iteration 15

Using threshold of 0.902055
Eliminated 79 points
Completed iteration 16

Using threshold of 0.752604
Eliminated 54 points
Completed iteration 17

Using threshold of 0.745598
Eliminated 50 points
Completed iteration 18

Using threshold of 0.790781
Eliminated 81 points
Completed iteration 19

Using threshold of 0.798770
Eliminated 57 points
Completed iteration 20

Using threshold of 0.800834
Eliminated 70 points
Completed iteration 21

Using threshold of 0.806204
Eliminated 57 points
Completed iteration 22

Using threshold of 0.705616
Eliminated 64 points
Completed iteration 23

Using threshold of 0.701504
Eliminated 53 points
Completed iteration 24

Using threshold of 0.687417
Eliminated 35 points
Completed iteration 25

Using threshold of 0.692934
Eliminated 53 points
Completed iteration 26

Using threshold of 0.825567
Eliminated 65 points
Completed iteration 27

Using threshold of 0.782604
Eliminated 71 points
Completed iteration 28

Using threshold of 0.733757
Eliminated 85 points
Completed iteration 29

Using threshold of 0.808077
Eliminated 51 points
Completed iteration 30
Printing all grasps falling into high-precision nodes. Conf=0.800000
Node index 40
  115.0000    1.3628    1.0332
  125.0000    0.3519   -0.1576
  252.0000    0.2069    0.2599
  293.0000    0.7703   -0.2687
  326.0000    0.0786   -0.5988
  333.0000    0.3716   -0.5294
  337.0000    0.2168   -0.5907
  354.0000    0.0398   -0.0666
  356.0000    0.0574   -0.0819
  366.0000    0.6678   -0.4178
  370.0000    0.5878   -0.2162
  383.0000    0.5180   -0.4665
  408.0000    1.4970    0.4215
  440.0000    0.9816    0.1423
  451.0000    0.5255   -0.2630
  508.0000    0.1012   -0.3952

Node index 21
  133.0000   -0.0972   -0.5695
  137.0000   -0.0035   -0.4807
  164.0000    0.1139    0.1288
  222.0000   -0.2298   -0.6370
  241.0000    0.6677    0.4557
  251.0000    0.2939    0.2990
  257.0000    0.2523    0.3165
  262.0000    0.2294    0.3334
  265.0000    0.4408    0.3647
  272.0000   -0.2322   -0.0789
  277.0000    0.1776    0.3277
  289.0000    0.0411   -0.4544
  313.0000   -0.0859   -0.4315
  324.0000    0.3914   -0.7584
  331.0000    0.1256   -0.4845
  334.0000    0.2290   -0.8072
  338.0000   -0.0110   -0.5117
  352.0000    0.1040   -0.4730
  357.0000    0.4987   -0.5761
  368.0000    0.6070    0.1004
  387.0000    0.3069   -0.8166
  411.0000    0.3561   -0.6198
  413.0000   -0.0145   -0.7294
  418.0000   -0.0143   -0.7239
  419.0000    0.2517   -0.6242
  429.0000    0.3642   -0.3874
  439.0000    0.6322   -0.3536
  445.0000    0.2194    0.1792
  447.0000    0.3458   -0.5330
  460.0000    0.2466   -0.5846

Node index 61
  123.0000   -1.2860   -1.1031
  126.0000   -1.3861   -1.1349
  129.0000   -1.2763   -1.0982
  131.0000   -0.9495   -1.1644
  135.0000   -1.2508   -1.0639
  136.0000   -1.0430   -1.0751
  140.0000   -1.1285   -1.1208
  141.0000   -1.1939   -1.1441
  142.0000   -1.1464   -1.0991
  143.0000   -1.1035   -1.1816
  144.0000   -1.1265   -1.2011
  145.0000   -0.9449   -1.0563
  146.0000   -0.5410   -0.7897
  148.0000   -0.7518   -1.0837
  154.0000   -1.1294   -1.1484
  155.0000   -0.9471   -1.1330
  156.0000   -0.9658   -1.1098
  158.0000   -1.3263   -1.1428
  161.0000   -1.0231   -1.1010
  165.0000   -1.1258   -1.0835
  166.0000   -1.1304   -1.0308
  169.0000   -1.3514   -0.9588
  171.0000   -0.4153   -0.7345
  174.0000   -1.2337   -1.0074
  183.0000   -0.0074   -0.3402
  187.0000    0.4195   -0.0820
  203.0000    0.4120   -0.0735
  221.0000   -0.1590   -0.3876
  234.0000   -6.8296    5.9323
  288.0000   -6.8296    5.9323
  308.0000   -0.8761   -0.6106
  349.0000    0.0155   -0.8047
  359.0000    0.1543   -1.0458
  362.0000    0.0998   -0.9155
  363.0000    0.0933   -0.9662
  364.0000    0.1674   -0.8661
  367.0000    0.1480   -0.9396
  372.0000    0.1446   -0.9280
  373.0000   -0.1175   -0.9002
  380.0000    0.0154   -0.9871
  381.0000   -0.0080   -0.9778
  382.0000    0.0480   -0.9783
  384.0000    0.1921   -0.8193
  389.0000    0.2769   -0.8132
  392.0000    0.0905   -0.9055
  404.0000    0.5607   -0.3474
  422.0000   -0.0029   -0.7633
  441.0000   -0.0068   -0.7290
  462.0000   -1.2304   -1.0035
  492.0000   -0.9812   -0.7521
  503.0000   -1.5664   -1.3933

97 points dumped in total
index 115: 1.362757, 1.033249
index 123: -1.286012, -1.103101
index 125: 0.351854, -0.157623
index 126: -1.386119, -1.134917
index 129: -1.276321, -1.098237
index 131: -0.949541, -1.164423
index 133: -0.097228, -0.569516
index 135: -1.250809, -1.063940
index 136: -1.042996, -1.075127
index 137: -0.003499, -0.480654
index 140: -1.128468, -1.120816
index 141: -1.193948, -1.144144
index 142: -1.146417, -1.099074
index 143: -1.103512, -1.181596
index 144: -1.126458, -1.201077
index 145: -0.944932, -1.056272
index 146: -0.541017, -0.789709
index 148: -0.751847, -1.083688
index 154: -1.129444, -1.148398
index 155: -0.947082, -1.132953
index 156: -0.965784, -1.109754
index 158: -1.326341, -1.142790
index 161: -1.023142, -1.100964
index 164: 0.113930, 0.128786
index 165: -1.125796, -1.083487
index 166: -1.130412, -1.030786
index 169: -1.351438, -0.958782
index 171: -0.415313, -0.734486
index 174: -1.233745, -1.007385
index 183: -0.007381, -0.340177
index 187: 0.419478, -0.081951
index 203: 0.412045, -0.073475
index 221: -0.159020, -0.387640
index 222: -0.229827, -0.637012
index 234: -6.829649, 5.932283
index 241: 0.667745, 0.455659
index 251: 0.293945, 0.298972
index 252: 0.206904, 0.259901
index 257: 0.252341, 0.316534
index 262: 0.229431, 0.333448
index 265: 0.440795, 0.364719
index 272: -0.232181, -0.078949
index 277: 0.177622, 0.327670
index 288: -6.829649, 5.932283
index 289: 0.041133, -0.454373
index 293: 0.770302, -0.268702
index 308: -0.876082, -0.610554
index 313: -0.085936, -0.431462
index 324: 0.391450, -0.758403
index 326: 0.078584, -0.598787
index 331: 0.125569, -0.484463
index 333: 0.371626, -0.529432
index 334: 0.229013, -0.807171
index 337: 0.216790, -0.590723
index 338: -0.010998, -0.511679
index 349: 0.015452, -0.804719
index 352: 0.104047, -0.473020
index 354: 0.039814, -0.066639
index 356: 0.057426, -0.081872
index 357: 0.498666, -0.576095
index 359: 0.154335, -1.045792
index 362: 0.099808, -0.915471
index 363: 0.093325, -0.966153
index 364: 0.167403, -0.866064
index 366: 0.667760, -0.417805
index 367: 0.147970, -0.939631
index 368: 0.607005, 0.100438
index 370: 0.587848, -0.216198
index 372: 0.144624, -0.928034
index 373: -0.117469, -0.900169
index 380: 0.015444, -0.987143
index 381: -0.007965, -0.977824
index 382: 0.048045, -0.978256
index 383: 0.518006, -0.466504
index 384: 0.192055, -0.819327
index 387: 0.306900, -0.816591
index 389: 0.276863, -0.813190
index 392: 0.090475, -0.905511
index 404: 0.560708, -0.347423
index 408: 1.496982, 0.421458
index 411: 0.356147, -0.619765
index 413: -0.014482, -0.729398
index 418: -0.014319, -0.723861
index 419: 0.251748, -0.624211
index 422: -0.002932, -0.763330
index 429: 0.364166, -0.387402
index 439: 0.632173, -0.353580
index 440: 0.981575, 0.142324
index 441: -0.006808, -0.728974
index 445: 0.219406, 0.179204
index 447: 0.345808, -0.532963
index 451: 0.525452, -0.263001
index 460: 0.246552, -0.584550
index 462: -1.230404, -1.003526
index 492: -0.981164, -0.752083
index 503: -1.566423, -1.393328
index 508: 0.101169, -0.395157
Interpolation failed - throwing out 1 points
TPR Info by Lines: FPR Threshold/TPR/TPR STD ERR/TPR STD
    0.0500    0.1000    0.1500
    0.3782    0.4998    0.6037
    0.0365    0.0468    0.0525
    0.0365    0.0468    0.0525

Overall results (hybrid)
Confidence threshold=0.8
Filtered datapoints
Prediction points: 109.533333 (stddev 14.516895)
Individual AUCs:
    0.8513
    0.8572
    0.8400
    0.7857
    0.8865
    0.8675
    0.8438
    0.8677
    0.7491
    0.8312
    0.8383
    0.7736
    0.7199
    0.7782
    0.7381
    0.6819
    0.7799
    0.8039
    0.9253
    0.8119
    0.8210
    0.8003
    0.8259
    0.8040
    0.7585
    0.7794
    0.7852
    0.8336
    0.8328
    0.8500

p-value (Wilcoxon signed ranked test): 0.000002
AUC ave err std
    0.8107

    0.0517

    0.0517

Precision / Recall macro
    0.9081    0.4915

Precision / Recall micro
    0.9055    0.4925

Std devs
    0.0401    0.0859


Using threshold of 0.832246
Eliminated 103 points
Completed iteration 1

Using threshold of 0.796620
Eliminated 103 points
Completed iteration 2

Using threshold of 0.736071
Eliminated 80 points
Completed iteration 3

Using threshold of 0.795727
Eliminated 73 points
Completed iteration 4

Using threshold of 0.774173
Eliminated 59 points
Completed iteration 5

Using threshold of 0.875587
Eliminated 102 points
Completed iteration 6

Using threshold of 0.743941
Eliminated 86 points
Completed iteration 7

Using threshold of 0.778398
Eliminated 98 points
Completed iteration 8

Using threshold of 0.765944
Eliminated 69 points
Completed iteration 9

Using threshold of 0.670123
Eliminated 70 points
Completed iteration 10

Using threshold of 0.787607
Eliminated 96 points
Completed iteration 11

Using threshold of 0.637382
Eliminated 84 points
Completed iteration 12

Using threshold of 0.790444
Eliminated 101 points
Completed iteration 13

Using threshold of 0.787607
Eliminated 69 points
Completed iteration 14

Using threshold of 0.828584
Eliminated 93 points
Completed iteration 15

Using threshold of 0.731037
Eliminated 61 points
Completed iteration 16

Using threshold of 0.746099
Eliminated 69 points
Completed iteration 17

Using threshold of 0.764477
Eliminated 75 points
Completed iteration 18

Using threshold of 0.816511
Eliminated 93 points
Completed iteration 19

Using threshold of 0.773196
Eliminated 61 points
Completed iteration 20

Using threshold of 0.678003
Eliminated 57 points
Completed iteration 21

Using threshold of 0.787833
Eliminated 104 points
Completed iteration 22

Using threshold of 0.695812
Eliminated 80 points
Completed iteration 23

Using threshold of 0.800582
Eliminated 74 points
Completed iteration 24

Using threshold of 0.816554
Eliminated 79 points
Completed iteration 25

Using threshold of 0.738653
Eliminated 109 points
Completed iteration 26

Using threshold of 0.727748
Eliminated 72 points
Completed iteration 27

Using threshold of 0.694254
Eliminated 85 points
Completed iteration 28

Using threshold of 0.780180
Eliminated 101 points
Completed iteration 29

Using threshold of 0.648886
Eliminated 58 points
Completed iteration 30
Printing all grasps falling into high-precision nodes. Conf=0.900000
Node index 40
  115.0000    1.3628    1.0332
  125.0000    0.3519   -0.1576
  252.0000    0.2069    0.2599
  293.0000    0.7703   -0.2687
  326.0000    0.0786   -0.5988
  333.0000    0.3716   -0.5294
  337.0000    0.2168   -0.5907
  354.0000    0.0398   -0.0666
  356.0000    0.0574   -0.0819
  366.0000    0.6678   -0.4178
  370.0000    0.5878   -0.2162
  383.0000    0.5180   -0.4665
  408.0000    1.4970    0.4215
  440.0000    0.9816    0.1423
  451.0000    0.5255   -0.2630
  508.0000    0.1012   -0.3952

Node index 61
  123.0000   -1.2860   -1.1031
  126.0000   -1.3861   -1.1349
  129.0000   -1.2763   -1.0982
  131.0000   -0.9495   -1.1644
  135.0000   -1.2508   -1.0639
  136.0000   -1.0430   -1.0751
  140.0000   -1.1285   -1.1208
  141.0000   -1.1939   -1.1441
  142.0000   -1.1464   -1.0991
  143.0000   -1.1035   -1.1816
  144.0000   -1.1265   -1.2011
  145.0000   -0.9449   -1.0563
  146.0000   -0.5410   -0.7897
  148.0000   -0.7518   -1.0837
  154.0000   -1.1294   -1.1484
  155.0000   -0.9471   -1.1330
  156.0000   -0.9658   -1.1098
  158.0000   -1.3263   -1.1428
  161.0000   -1.0231   -1.1010
  165.0000   -1.1258   -1.0835
  166.0000   -1.1304   -1.0308
  169.0000   -1.3514   -0.9588
  171.0000   -0.4153   -0.7345
  174.0000   -1.2337   -1.0074
  183.0000   -0.0074   -0.3402
  187.0000    0.4195   -0.0820
  203.0000    0.4120   -0.0735
  221.0000   -0.1590   -0.3876
  234.0000   -6.8296    5.9323
  288.0000   -6.8296    5.9323
  308.0000   -0.8761   -0.6106
  349.0000    0.0155   -0.8047
  359.0000    0.1543   -1.0458
  362.0000    0.0998   -0.9155
  363.0000    0.0933   -0.9662
  364.0000    0.1674   -0.8661
  367.0000    0.1480   -0.9396
  372.0000    0.1446   -0.9280
  373.0000   -0.1175   -0.9002
  380.0000    0.0154   -0.9871
  381.0000   -0.0080   -0.9778
  382.0000    0.0480   -0.9783
  384.0000    0.1921   -0.8193
  389.0000    0.2769   -0.8132
  392.0000    0.0905   -0.9055
  404.0000    0.5607   -0.3474
  422.0000   -0.0029   -0.7633
  441.0000   -0.0068   -0.7290
  462.0000   -1.2304   -1.0035
  492.0000   -0.9812   -0.7521
  503.0000   -1.5664   -1.3933

67 points dumped in total
index 115: 1.362757, 1.033249
index 123: -1.286012, -1.103101
index 125: 0.351854, -0.157623
index 126: -1.386119, -1.134917
index 129: -1.276321, -1.098237
index 131: -0.949541, -1.164423
index 135: -1.250809, -1.063940
index 136: -1.042996, -1.075127
index 140: -1.128468, -1.120816
index 141: -1.193948, -1.144144
index 142: -1.146417, -1.099074
index 143: -1.103512, -1.181596
index 144: -1.126458, -1.201077
index 145: -0.944932, -1.056272
index 146: -0.541017, -0.789709
index 148: -0.751847, -1.083688
index 154: -1.129444, -1.148398
index 155: -0.947082, -1.132953
index 156: -0.965784, -1.109754
index 158: -1.326341, -1.142790
index 161: -1.023142, -1.100964
index 165: -1.125796, -1.083487
index 166: -1.130412, -1.030786
index 169: -1.351438, -0.958782
index 171: -0.415313, -0.734486
index 174: -1.233745, -1.007385
index 183: -0.007381, -0.340177
index 187: 0.419478, -0.081951
index 203: 0.412045, -0.073475
index 221: -0.159020, -0.387640
index 234: -6.829649, 5.932283
index 252: 0.206904, 0.259901
index 288: -6.829649, 5.932283
index 293: 0.770302, -0.268702
index 308: -0.876082, -0.610554
index 326: 0.078584, -0.598787
index 333: 0.371626, -0.529432
index 337: 0.216790, -0.590723
index 349: 0.015452, -0.804719
index 354: 0.039814, -0.066639
index 356: 0.057426, -0.081872
index 359: 0.154335, -1.045792
index 362: 0.099808, -0.915471
index 363: 0.093325, -0.966153
index 364: 0.167403, -0.866064
index 366: 0.667760, -0.417805
index 367: 0.147970, -0.939631
index 370: 0.587848, -0.216198
index 372: 0.144624, -0.928034
index 373: -0.117469, -0.900169
index 380: 0.015444, -0.987143
index 381: -0.007965, -0.977824
index 382: 0.048045, -0.978256
index 383: 0.518006, -0.466504
index 384: 0.192055, -0.819327
index 389: 0.276863, -0.813190
index 392: 0.090475, -0.905511
index 404: 0.560708, -0.347423
index 408: 1.496982, 0.421458
index 422: -0.002932, -0.763330
index 440: 0.981575, 0.142324
index 441: -0.006808, -0.728974
index 451: 0.525452, -0.263001
index 462: -1.230404, -1.003526
index 492: -0.981164, -0.752083
index 503: -1.566423, -1.393328
index 508: 0.101169, -0.395157
Interpolation failed - throwing out 1 points
TPR Info by Lines: FPR Threshold/TPR/TPR STD ERR/TPR STD
    0.0500    0.1000    0.1500
    0.3386    0.4286    0.4941
    0.0446    0.0581    0.0669
    0.0446    0.0581    0.0669

Overall results (hybrid)
Confidence threshold=0.9
Filtered datapoints
Prediction points: 89.866667 (stddev 16.096119)
Individual AUCs:
    0.8429
    0.6818
    0.8168
    0.6913
    0.7632
    0.8047
    0.5991
    0.8124
    0.7729
    0.7852
    0.6379
    0.8424
    0.8485
    0.8864
    0.8160
    0.6940
    0.8352
    0.7245
    0.7230
    0.7395
    0.7694
    0.7497
    0.6957
    0.8325
    0.6451
    0.7667
    0.7931
    0.7268
    0.7952
    0.7119

p-value (Wilcoxon signed ranked test): 0.000002
AUC ave err std
    0.7601

    0.0701

    0.0701

Precision / Recall macro
    0.8830    0.3819

Precision / Recall micro
    0.8827    0.3815

Std devs
    0.0426    0.0867

computation time (s)
  282.6100

