!!!!below quality measures have been removed due to insufficient data!!!!!!!!!!!!
    ' TriangleSize'

Keeping QMs:
name        p values
    ' Spread'    '2.48e-07'

    ' Limit'    '2.57e-07'

    ' OrthoNorm'    '0.000358'

Deleting QMs:
name        p values
    ' Extension'    '0.978'

    'GraspIt_Epsilon'    '0.892'

    ' Volume'    '0.537'

    'GraspIt_Volume'    '0.376'

    'GraspIt_ContactEnergy'    '0.0879'

    ' PerpSym'    '0.0627'

    ' ParallelSym'    '0.00685'

binThreshold:15

Number of bins: 27
Average bin size: 9.037037e+00
Not enough valid test points; skipping iteration.

Number of bins: 29
Average bin size: 8.413793e+00
Completed iteration:2
Prediction points:22
  TP     FP     TN     FN
     5     2     5    10

Precision / Recall
    0.7143    0.3333


Number of bins: 28
Average bin size: 8.714286e+00
Not enough valid test points; skipping iteration.

Number of bins: 24
Average bin size: 1.016667e+01
Completed iteration:4
Prediction points:20
  TP     FP     TN     FN
     3     0     5    12

Precision / Recall
    1.0000    0.2000


Number of bins: 25
Average bin size: 9.760000e+00
Not enough valid test points; skipping iteration.

Number of bins: 29
Average bin size: 8.413793e+00
Completed iteration:6
Prediction points:19
  TP     FP     TN     FN
     1     3     3    12

Precision / Recall
    0.2500    0.0769


Number of bins: 28
Average bin size: 8.714286e+00
Completed iteration:7
Prediction points:24
  TP     FP     TN     FN
     5     2     4    13

Precision / Recall
    0.7143    0.2778


Number of bins: 27
Average bin size: 9.037037e+00
Not enough valid test points; skipping iteration.

Number of bins: 28
Average bin size: 8.714286e+00
Completed iteration:9
Prediction points:20
  TP     FP     TN     FN
     7     3     5     5

Precision / Recall
    0.7000    0.5833


Number of bins: 28
Average bin size: 8.714286e+00
Completed iteration:10
Prediction points:11
  TP     FP     TN     FN
     4     0     3     4

Precision / Recall
    1.0000    0.5000


Number of bins: 29
Average bin size: 8.413793e+00
Completed iteration:11
Prediction points:40
  TP     FP     TN     FN
    10     4     4    22

Precision / Recall
    0.7143    0.3125


Number of bins: 28
Average bin size: 8.714286e+00
Completed iteration:12
Prediction points:12
  TP     FP     TN     FN
     4     0     6     2

Precision / Recall
    1.0000    0.6667


Number of bins: 28
Average bin size: 8.714286e+00
Not enough valid test points; skipping iteration.

Number of bins: 29
Average bin size: 8.413793e+00
Completed iteration:14
Prediction points:32
  TP     FP     TN     FN
    11     4     4    13

Precision / Recall
    0.7333    0.4583


Number of bins: 28
Average bin size: 8.714286e+00
Completed iteration:15
Prediction points:30
  TP     FP     TN     FN
     5     7     6    12

Precision / Recall
    0.4167    0.2941


Number of bins: 26
Average bin size: 9.384615e+00
Not enough valid test points; skipping iteration.

Number of bins: 30
Average bin size: 8.133333e+00
Completed iteration:17
Prediction points:19
  TP     FP     TN     FN
    11     3     4     1

Precision / Recall
    0.7857    0.9167


Number of bins: 29
Average bin size: 8.413793e+00
Completed iteration:18
Prediction points:32
  TP     FP     TN     FN
     3     1    12    16

Precision / Recall
    0.7500    0.1579


Number of bins: 28
Average bin size: 8.714286e+00
Completed iteration:19
Prediction points:37
  TP     FP     TN     FN
     7     2     9    19

Precision / Recall
    0.7778    0.2692


Number of bins: 29
Average bin size: 8.413793e+00
Completed iteration:20
Prediction points:11
  TP     FP     TN     FN
     5     2     3     1

Precision / Recall
    0.7143    0.8333


Number of bins: 28
Average bin size: 8.714286e+00
Not enough valid test points; skipping iteration.

Number of bins: 28
Average bin size: 8.714286e+00
Not enough valid test points; skipping iteration.

Number of bins: 27
Average bin size: 9.037037e+00
Completed iteration:23
Prediction points:18
  TP     FP     TN     FN
     1     0     4    13

Precision / Recall
    1.0000    0.0714


Number of bins: 26
Average bin size: 9.384615e+00
Completed iteration:24
Prediction points:11
  TP     FP     TN     FN
     1     2     2     6

Precision / Recall
    0.3333    0.1429


Number of bins: 30
Average bin size: 8.133333e+00
Completed iteration:25
Prediction points:33
  TP     FP     TN     FN
     9    11     6     7

Precision / Recall
    0.4500    0.5625


Number of bins: 28
Average bin size: 8.714286e+00
Not enough valid test points; skipping iteration.

Number of bins: 29
Average bin size: 8.413793e+00
Completed iteration:27
Prediction points:15
  TP     FP     TN     FN
     0     2     4     9

Precision / Recall
     0     0


Number of bins: 27
Average bin size: 9.037037e+00
Completed iteration:28
Prediction points:33
  TP     FP     TN     FN
    10     1     5    17

Precision / Recall
    0.9091    0.3704


Number of bins: 29
Average bin size: 8.413793e+00
Not enough valid test points; skipping iteration.

Number of bins: 30
Average bin size: 8.133333e+00
Completed iteration:30
Prediction points:10
  TP     FP     TN     FN
     4     0     1     5

Precision / Recall
    1.0000    0.4444

Overall results (hybrid)
Confidence threshold=0.5
Filtered datapoints
AUC ave err std
    0.5426

    0.1558

    0.1558

Precision / Recall macro
   NaN   NaN

Precision / Recall micro
    0.6839    0.3475


Number of bins: 29
Average bin size: 8.413793e+00
Not enough valid test points; skipping iteration.

Number of bins: 30
Average bin size: 8.133333e+00
Not enough valid test points; skipping iteration.

Number of bins: 29
Average bin size: 8.413793e+00
Not enough valid test points; skipping iteration.

Number of bins: 25
Average bin size: 9.760000e+00
Not enough valid test points; skipping iteration.

Number of bins: 29
Average bin size: 8.413793e+00
Completed iteration:5
Prediction points:21
  TP     FP     TN     FN
     6     3     3     9

Precision / Recall
    0.6667    0.4000


Number of bins: 29
Average bin size: 8.413793e+00
Not enough valid test points; skipping iteration.

Number of bins: 27
Average bin size: 9.037037e+00
Not enough valid test points; skipping iteration.

Number of bins: 29
Average bin size: 8.413793e+00
Completed iteration:8
Prediction points:11
  TP     FP     TN     FN
     3     0     3     5

Precision / Recall
    1.0000    0.3750


Number of bins: 29
Average bin size: 8.413793e+00
Completed iteration:9
Prediction points:13
  TP     FP     TN     FN
     0     1     4     8

Precision / Recall
     0     0


Number of bins: 27
Average bin size: 9.037037e+00
Not enough valid test points; skipping iteration.

Number of bins: 28
Average bin size: 8.714286e+00
Not enough valid test points; skipping iteration.

Number of bins: 28
Average bin size: 8.714286e+00
Not enough valid test points; skipping iteration.

Number of bins: 27
Average bin size: 9.037037e+00
Not enough valid test points; skipping iteration.

Number of bins: 29
Average bin size: 8.413793e+00
Completed iteration:14
Prediction points:13
  TP     FP     TN     FN
     2     1     3     7

Precision / Recall
    0.6667    0.2222


Number of bins: 27
Average bin size: 9.037037e+00
Not enough valid test points; skipping iteration.

Number of bins: 30
Average bin size: 8.133333e+00
Completed iteration:16
Prediction points:10
  TP     FP     TN     FN
     3     1     2     4

Precision / Recall
    0.7500    0.4286


Number of bins: 24
Average bin size: 1.016667e+01
Not enough valid test points; skipping iteration.

Number of bins: 27
Average bin size: 9.037037e+00
Not enough valid test points; skipping iteration.

Number of bins: 30
Average bin size: 8.133333e+00
Completed iteration:19
Prediction points:27
  TP     FP     TN     FN
    10     2     7     8

Precision / Recall
    0.8333    0.5556


Number of bins: 29
Average bin size: 8.413793e+00
Not enough valid test points; skipping iteration.

Number of bins: 25
Average bin size: 9.760000e+00
Not enough valid test points; skipping iteration.

Number of bins: 27
Average bin size: 9.037037e+00
Completed iteration:22
Prediction points:11
  TP     FP     TN     FN
     1     0     4     6

Precision / Recall
    1.0000    0.1429


Number of bins: 26
Average bin size: 9.384615e+00
Not enough valid test points; skipping iteration.

Number of bins: 27
Average bin size: 9.037037e+00
Not enough valid test points; skipping iteration.

Number of bins: 29
Average bin size: 8.413793e+00
Not enough valid test points; skipping iteration.

Number of bins: 25
Average bin size: 9.760000e+00
Not enough valid test points; skipping iteration.

Number of bins: 27
Average bin size: 9.037037e+00
Not enough valid test points; skipping iteration.

Number of bins: 27
Average bin size: 9.037037e+00
Not enough valid test points; skipping iteration.

Number of bins: 27
Average bin size: 9.037037e+00
Completed iteration:29
Prediction points:10
  TP     FP     TN     FN
     5     1     3     1

Precision / Recall
    0.8333    0.8333


Number of bins: 31
Average bin size: 7.870968e+00
Completed iteration:30
Prediction points:15
  TP     FP     TN     FN
     3     1     6     5

Precision / Recall
    0.7500    0.3750

Overall results (hybrid)
Confidence threshold=0.6
Filtered datapoints
AUC ave err std
    0.5797

    0.1247

    0.1247

Precision / Recall macro
   NaN   NaN

Precision / Recall micro
    0.6875    0.3438


Number of bins: 30
Average bin size: 8.133333e+00
Completed iteration:1
Prediction points:10
  TP     FP     TN     FN
     1     0     4     5

Precision / Recall
    1.0000    0.1667


Number of bins: 26
Average bin size: 9.384615e+00
Not enough valid test points; skipping iteration.

Number of bins: 28
Average bin size: 8.714286e+00
Not enough valid test points; skipping iteration.

Number of bins: 29
Average bin size: 8.413793e+00
Not enough valid test points; skipping iteration.

Number of bins: 24
Average bin size: 1.016667e+01
Completed iteration:5
Prediction points:12
  TP     FP     TN     FN
     1     1     4     6

Precision / Recall
    0.5000    0.1429


Number of bins: 29
Average bin size: 8.413793e+00
Not enough valid test points; skipping iteration.

Number of bins: 29
Average bin size: 8.413793e+00
Not enough valid test points; skipping iteration.

Number of bins: 28
Average bin size: 8.714286e+00
Completed iteration:8
Prediction points:12
  TP     FP     TN     FN
     5     4     1     2

Precision / Recall
    0.5556    0.7143


Number of bins: 27
Average bin size: 9.037037e+00
Not enough valid test points; skipping iteration.

Number of bins: 27
Average bin size: 9.037037e+00
Not enough valid test points; skipping iteration.

Number of bins: 25
Average bin size: 9.760000e+00
Not enough valid test points; skipping iteration.

Number of bins: 30
Average bin size: 8.133333e+00
Not enough valid test points; skipping iteration.

Number of bins: 27
Average bin size: 9.037037e+00
Not enough valid test points; skipping iteration.

Number of bins: 28
Average bin size: 8.714286e+00
Not enough valid test points; skipping iteration.

Number of bins: 29
Average bin size: 8.413793e+00
Not enough valid test points; skipping iteration.

Number of bins: 29
Average bin size: 8.413793e+00
Not enough valid test points; skipping iteration.

Number of bins: 31
Average bin size: 7.870968e+00
Not enough valid test points; skipping iteration.

Number of bins: 28
Average bin size: 8.714286e+00
Not enough valid test points; skipping iteration.

Number of bins: 28
Average bin size: 8.714286e+00
Not enough valid test points; skipping iteration.

Number of bins: 29
Average bin size: 8.413793e+00
Not enough valid test points; skipping iteration.

Number of bins: 29
Average bin size: 8.413793e+00
Not enough valid test points; skipping iteration.

Number of bins: 29
Average bin size: 8.413793e+00
Not enough valid test points; skipping iteration.

Number of bins: 30
Average bin size: 8.133333e+00
Completed iteration:23
Prediction points:11
  TP     FP     TN     FN
     2     1     2     6

Precision / Recall
    0.6667    0.2500


Number of bins: 27
Average bin size: 9.037037e+00
Not enough valid test points; skipping iteration.

Number of bins: 27
Average bin size: 9.037037e+00
Completed iteration:25
Prediction points:12
  TP     FP     TN     FN
     7     2     0     3

Precision / Recall
    0.7778    0.7000


Number of bins: 30
Average bin size: 8.133333e+00
Not enough valid test points; skipping iteration.

Number of bins: 29
Average bin size: 8.413793e+00
Not enough valid test points; skipping iteration.

Number of bins: 26
Average bin size: 9.384615e+00
Not enough valid test points; skipping iteration.

Number of bins: 27
Average bin size: 9.037037e+00
Not enough valid test points; skipping iteration.

Number of bins: 27
Average bin size: 9.037037e+00
Not enough valid test points; skipping iteration.
Overall results (hybrid)
Confidence threshold=0.7
Filtered datapoints
AUC ave err std
    0.4640

    0.0827

    0.0827

Precision / Recall macro
   NaN   NaN

Precision / Recall micro
    0.7086    0.3508


Number of bins: 29
Average bin size: 8.413793e+00
Not enough valid test points; skipping iteration.

Number of bins: 28
Average bin size: 8.714286e+00
Not enough valid test points; skipping iteration.

Number of bins: 29
Average bin size: 8.413793e+00
Not enough valid test points; skipping iteration.

Number of bins: 30
Average bin size: 8.133333e+00
Not enough valid test points; skipping iteration.

Number of bins: 28
Average bin size: 8.714286e+00
Not enough valid test points; skipping iteration.

Number of bins: 33
Average bin size: 7.393939e+00
Not enough valid test points; skipping iteration.

Number of bins: 32
Average bin size: 7.625000e+00
Not enough valid test points; skipping iteration.

Number of bins: 27
Average bin size: 9.037037e+00
Not enough valid test points; skipping iteration.

Number of bins: 29
Average bin size: 8.413793e+00
Not enough valid test points; skipping iteration.

Number of bins: 31
Average bin size: 7.870968e+00
Not enough valid test points; skipping iteration.

Number of bins: 27
Average bin size: 9.037037e+00
Not enough valid test points; skipping iteration.

Number of bins: 30
Average bin size: 8.133333e+00
Not enough valid test points; skipping iteration.

Number of bins: 28
Average bin size: 8.714286e+00
Not enough valid test points; skipping iteration.

Number of bins: 31
Average bin size: 7.870968e+00
Not enough valid test points; skipping iteration.

Number of bins: 27
Average bin size: 9.037037e+00
Not enough valid test points; skipping iteration.

Number of bins: 27
Average bin size: 9.037037e+00
Not enough valid test points; skipping iteration.

Number of bins: 28
Average bin size: 8.714286e+00
Not enough valid test points; skipping iteration.

Number of bins: 28
Average bin size: 8.714286e+00
Not enough valid test points; skipping iteration.

Number of bins: 26
Average bin size: 9.384615e+00
Not enough valid test points; skipping iteration.

Number of bins: 32
Average bin size: 7.625000e+00
Not enough valid test points; skipping iteration.

Number of bins: 27
Average bin size: 9.037037e+00
Not enough valid test points; skipping iteration.

Number of bins: 27
Average bin size: 9.037037e+00
Not enough valid test points; skipping iteration.

Number of bins: 30
Average bin size: 8.133333e+00
Not enough valid test points; skipping iteration.

Number of bins: 29
Average bin size: 8.413793e+00
Not enough valid test points; skipping iteration.

Number of bins: 27
Average bin size: 9.037037e+00
Not enough valid test points; skipping iteration.

Number of bins: 29
Average bin size: 8.413793e+00
Not enough valid test points; skipping iteration.

Number of bins: 31
Average bin size: 7.870968e+00
Not enough valid test points; skipping iteration.

Number of bins: 29
Average bin size: 8.413793e+00
Completed iteration:28
Prediction points:11
  TP     FP     TN     FN
     1     0     1     9

Precision / Recall
    1.0000    0.1000


Number of bins: 27
Average bin size: 9.037037e+00
Not enough valid test points; skipping iteration.

Number of bins: 27
Average bin size: 9.037037e+00
Not enough valid test points; skipping iteration.
Overall results (hybrid)
Confidence threshold=0.8
Filtered datapoints
AUC ave err std
    0.5500

     0

     0

Precision / Recall macro
   NaN   NaN

Precision / Recall micro
    0.6950    0.3403


Number of bins: 28
Average bin size: 8.714286e+00
Not enough valid test points; skipping iteration.

Number of bins: 27
Average bin size: 9.037037e+00
Not enough valid test points; skipping iteration.

Number of bins: 28
Average bin size: 8.714286e+00
Not enough valid test points; skipping iteration.

Number of bins: 30
Average bin size: 8.133333e+00
Not enough valid test points; skipping iteration.

Number of bins: 27
Average bin size: 9.037037e+00
Completed iteration:5
Prediction points:10
  TP     FP     TN     FN
     2     3     2     3

Precision / Recall
    0.4000    0.4000


Number of bins: 28
Average bin size: 8.714286e+00
Not enough valid test points; skipping iteration.

Number of bins: 24
Average bin size: 1.016667e+01
Not enough valid test points; skipping iteration.

Number of bins: 27
Average bin size: 9.037037e+00
Not enough valid test points; skipping iteration.

Number of bins: 27
Average bin size: 9.037037e+00
Not enough valid test points; skipping iteration.

Number of bins: 27
Average bin size: 9.037037e+00
Not enough valid test points; skipping iteration.

Number of bins: 28
Average bin size: 8.714286e+00
Not enough valid test points; skipping iteration.

Number of bins: 26
Average bin size: 9.384615e+00
Not enough valid test points; skipping iteration.

Number of bins: 27
Average bin size: 9.037037e+00
Not enough valid test points; skipping iteration.

Number of bins: 28
Average bin size: 8.714286e+00
Not enough valid test points; skipping iteration.

Number of bins: 30
Average bin size: 8.133333e+00
Not enough valid test points; skipping iteration.

Number of bins: 27
Average bin size: 9.037037e+00
Not enough valid test points; skipping iteration.

Number of bins: 29
Average bin size: 8.413793e+00
Not enough valid test points; skipping iteration.

Number of bins: 29
Average bin size: 8.413793e+00
Not enough valid test points; skipping iteration.

Number of bins: 27
Average bin size: 9.037037e+00
Not enough valid test points; skipping iteration.

Number of bins: 26
Average bin size: 9.384615e+00
Not enough valid test points; skipping iteration.

Number of bins: 31
Average bin size: 7.870968e+00
Completed iteration:21
Prediction points:16
  TP     FP     TN     FN
     6     1     6     3

Precision / Recall
    0.8571    0.6667


Number of bins: 28
Average bin size: 8.714286e+00
Not enough valid test points; skipping iteration.

Number of bins: 27
Average bin size: 9.037037e+00
Not enough valid test points; skipping iteration.

Number of bins: 28
Average bin size: 8.714286e+00
Not enough valid test points; skipping iteration.

Number of bins: 29
Average bin size: 8.413793e+00
Not enough valid test points; skipping iteration.

Number of bins: 27
Average bin size: 9.037037e+00
Not enough valid test points; skipping iteration.

Number of bins: 28
Average bin size: 8.714286e+00
Not enough valid test points; skipping iteration.

Number of bins: 28
Average bin size: 8.714286e+00
Not enough valid test points; skipping iteration.

Number of bins: 31
Average bin size: 7.870968e+00
Not enough valid test points; skipping iteration.

Number of bins: 26
Average bin size: 9.384615e+00
Not enough valid test points; skipping iteration.
Overall results (hybrid)
Confidence threshold=0.9
Filtered datapoints
AUC ave err std
    0.5810

    0.2559

    0.2559

Precision / Recall macro
   NaN   NaN

Precision / Recall micro
    0.6954    0.3559

    TPR       FPR       TNR       FNR       cutoff
computation time (s)
   1.4880e+03

