!!!!below quality measures have been removed due to insufficient data!!!!!!!!!!!!
    ' TriangleSize'

Keeping QMs:
name        p values
    ' Spread'    '2.48e-07'

    ' Limit'    '2.57e-07'

    ' OrthoNorm'    '0.000358'

Deleting QMs:
name        p values
    ' Extension'    '0.978'

    'GraspIt_Epsilon'    '0.892'

    ' Volume'    '0.537'

    'GraspIt_Volume'    '0.376'

    'GraspIt_ContactEnergy'    '0.0879'

    ' PerpSym'    '0.0627'

    ' ParallelSym'    '0.00685'

binThreshold:20

Number of bins: 20
Average bin size: 1.220000e+01
Not enough valid test points; skipping iteration.

Number of bins: 24
Average bin size: 1.016667e+01
Completed iteration:2
Prediction points:20
  TP     FP     TN     FN
     5     2     4     9

Precision / Recall
    0.7143    0.3571


Number of bins: 23
Average bin size: 1.060870e+01
Not enough valid test points; skipping iteration.

Number of bins: 19
Average bin size: 1.284211e+01
Completed iteration:4
Prediction points:18
  TP     FP     TN     FN
     3     0     4    11

Precision / Recall
    1.0000    0.2143


Number of bins: 20
Average bin size: 1.220000e+01
Not enough valid test points; skipping iteration.

Number of bins: 23
Average bin size: 1.060870e+01
Completed iteration:6
Prediction points:19
  TP     FP     TN     FN
     1     3     3    12

Precision / Recall
    0.2500    0.0769


Number of bins: 23
Average bin size: 1.060870e+01
Completed iteration:7
Prediction points:36
  TP     FP     TN     FN
     9     0     6    21

Precision / Recall
    1.0000    0.3000


Number of bins: 22
Average bin size: 1.109091e+01
Not enough valid test points; skipping iteration.

Number of bins: 25
Average bin size: 9.760000e+00
Not enough valid test points; skipping iteration.

Number of bins: 19
Average bin size: 1.284211e+01
Completed iteration:10
Prediction points:11
  TP     FP     TN     FN
     4     0     3     4

Precision / Recall
    1.0000    0.5000


Number of bins: 24
Average bin size: 1.016667e+01
Completed iteration:11
Prediction points:23
  TP     FP     TN     FN
    10     4     3     6

Precision / Recall
    0.7143    0.6250


Number of bins: 23
Average bin size: 1.060870e+01
Completed iteration:12
Prediction points:12
  TP     FP     TN     FN
     4     0     6     2

Precision / Recall
    1.0000    0.6667


Number of bins: 22
Average bin size: 1.109091e+01
Not enough valid test points; skipping iteration.

Number of bins: 25
Average bin size: 9.760000e+00
Completed iteration:14
Prediction points:46
  TP     FP     TN     FN
    17    11     4    14

Precision / Recall
    0.6071    0.5484


Number of bins: 22
Average bin size: 1.109091e+01
Completed iteration:15
Prediction points:28
  TP     FP     TN     FN
     5     7     6    10

Precision / Recall
    0.4167    0.3333


Number of bins: 21
Average bin size: 1.161905e+01
Not enough valid test points; skipping iteration.

Number of bins: 21
Average bin size: 1.161905e+01
Not enough valid test points; skipping iteration.

Number of bins: 21
Average bin size: 1.161905e+01
Completed iteration:18
Prediction points:29
  TP     FP     TN     FN
     9     5     7     8

Precision / Recall
    0.6429    0.5294


Number of bins: 24
Average bin size: 1.016667e+01
Completed iteration:19
Prediction points:35
  TP     FP     TN     FN
     7     2     8    18

Precision / Recall
    0.7778    0.2800


Number of bins: 24
Average bin size: 1.016667e+01
Completed iteration:20
Prediction points:10
  TP     FP     TN     FN
     4     1     3     2

Precision / Recall
    0.8000    0.6667


Number of bins: 19
Average bin size: 1.284211e+01
Not enough valid test points; skipping iteration.

Number of bins: 25
Average bin size: 9.760000e+00
Not enough valid test points; skipping iteration.

Number of bins: 24
Average bin size: 1.016667e+01
Completed iteration:23
Prediction points:18
  TP     FP     TN     FN
     1     0     4    13

Precision / Recall
    1.0000    0.0714


Number of bins: 22
Average bin size: 1.109091e+01
Completed iteration:24
Prediction points:11
  TP     FP     TN     FN
     1     2     2     6

Precision / Recall
    0.3333    0.1429


Number of bins: 19
Average bin size: 1.284211e+01
Completed iteration:25
Prediction points:24
  TP     FP     TN     FN
     8     6     8     2

Precision / Recall
    0.5714    0.8000


Number of bins: 22
Average bin size: 1.109091e+01
Not enough valid test points; skipping iteration.

Number of bins: 22
Average bin size: 1.109091e+01
Not enough valid test points; skipping iteration.

Number of bins: 20
Average bin size: 1.220000e+01
Completed iteration:28
Prediction points:41
  TP     FP     TN     FN
    11     2     7    21

Precision / Recall
    0.8462    0.3438


Number of bins: 21
Average bin size: 1.161905e+01
Not enough valid test points; skipping iteration.

Number of bins: 21
Average bin size: 1.161905e+01
Not enough valid test points; skipping iteration.
Overall results (hybrid)
Confidence threshold=0.5
Filtered datapoints
AUC ave err std
    0.5551

    0.1513

    0.1513

Precision / Recall macro
   NaN   NaN

Precision / Recall micro
    0.6875    0.3837


Number of bins: 21
Average bin size: 1.161905e+01
Not enough valid test points; skipping iteration.

Number of bins: 25
Average bin size: 9.760000e+00
Not enough valid test points; skipping iteration.

Number of bins: 21
Average bin size: 1.161905e+01
Not enough valid test points; skipping iteration.

Number of bins: 22
Average bin size: 1.109091e+01
Not enough valid test points; skipping iteration.

Number of bins: 19
Average bin size: 1.284211e+01
Completed iteration:5
Prediction points:15
  TP     FP     TN     FN
     6     3     2     4

Precision / Recall
    0.6667    0.6000


Number of bins: 22
Average bin size: 1.109091e+01
Not enough valid test points; skipping iteration.

Number of bins: 23
Average bin size: 1.060870e+01
Not enough valid test points; skipping iteration.

Number of bins: 21
Average bin size: 1.161905e+01
Completed iteration:8
Prediction points:17
  TP     FP     TN     FN
     7     4     2     4

Precision / Recall
    0.6364    0.6364


Number of bins: 24
Average bin size: 1.016667e+01
Not enough valid test points; skipping iteration.

Number of bins: 22
Average bin size: 1.109091e+01
Not enough valid test points; skipping iteration.

Number of bins: 24
Average bin size: 1.016667e+01
Not enough valid test points; skipping iteration.

Number of bins: 24
Average bin size: 1.016667e+01
Not enough valid test points; skipping iteration.

Number of bins: 22
Average bin size: 1.109091e+01
Not enough valid test points; skipping iteration.

Number of bins: 24
Average bin size: 1.016667e+01
Completed iteration:14
Prediction points:13
  TP     FP     TN     FN
     2     1     3     7

Precision / Recall
    0.6667    0.2222


Number of bins: 21
Average bin size: 1.161905e+01
Not enough valid test points; skipping iteration.

Number of bins: 22
Average bin size: 1.109091e+01
Not enough valid test points; skipping iteration.

Number of bins: 20
Average bin size: 1.220000e+01
Not enough valid test points; skipping iteration.

Number of bins: 20
Average bin size: 1.220000e+01
Not enough valid test points; skipping iteration.

Number of bins: 23
Average bin size: 1.060870e+01
Completed iteration:19
Prediction points:17
  TP     FP     TN     FN
     5     1     6     5

Precision / Recall
    0.8333    0.5000


Number of bins: 21
Average bin size: 1.161905e+01
Not enough valid test points; skipping iteration.

Number of bins: 20
Average bin size: 1.220000e+01
Not enough valid test points; skipping iteration.

Number of bins: 24
Average bin size: 1.016667e+01
Not enough valid test points; skipping iteration.

Number of bins: 22
Average bin size: 1.109091e+01
Not enough valid test points; skipping iteration.

Number of bins: 21
Average bin size: 1.161905e+01
Not enough valid test points; skipping iteration.

Number of bins: 22
Average bin size: 1.109091e+01
Not enough valid test points; skipping iteration.

Number of bins: 22
Average bin size: 1.109091e+01
Not enough valid test points; skipping iteration.

Number of bins: 21
Average bin size: 1.161905e+01
Not enough valid test points; skipping iteration.

Number of bins: 21
Average bin size: 1.161905e+01
Not enough valid test points; skipping iteration.

Number of bins: 21
Average bin size: 1.161905e+01
Completed iteration:29
Prediction points:10
  TP     FP     TN     FN
     5     1     3     1

Precision / Recall
    0.8333    0.8333


Number of bins: 23
Average bin size: 1.060870e+01
Completed iteration:30
Prediction points:23
  TP     FP     TN     FN
     7     8     3     5

Precision / Recall
    0.4667    0.5833

Overall results (hybrid)
Confidence threshold=0.6
Filtered datapoints
AUC ave err std
    0.5615

    0.1413

    0.1413

Precision / Recall macro
   NaN   NaN

Precision / Recall micro
    0.6815    0.4115


Number of bins: 21
Average bin size: 1.161905e+01
Completed iteration:1
Prediction points:10
  TP     FP     TN     FN
     1     0     4     5

Precision / Recall
    1.0000    0.1667


Number of bins: 21
Average bin size: 1.161905e+01
Not enough valid test points; skipping iteration.

Number of bins: 22
Average bin size: 1.109091e+01
Not enough valid test points; skipping iteration.

Number of bins: 22
Average bin size: 1.109091e+01
Not enough valid test points; skipping iteration.

Number of bins: 21
Average bin size: 1.161905e+01
Completed iteration:5
Prediction points:12
  TP     FP     TN     FN
     1     1     4     6

Precision / Recall
    0.5000    0.1429


Number of bins: 23
Average bin size: 1.060870e+01
Not enough valid test points; skipping iteration.

Number of bins: 25
Average bin size: 9.760000e+00
Completed iteration:7
Prediction points:16
  TP     FP     TN     FN
     3     6     5     2

Precision / Recall
    0.3333    0.6000


Number of bins: 21
Average bin size: 1.161905e+01
Not enough valid test points; skipping iteration.

Number of bins: 21
Average bin size: 1.161905e+01
Not enough valid test points; skipping iteration.

Number of bins: 21
Average bin size: 1.161905e+01
Not enough valid test points; skipping iteration.

Number of bins: 18
Average bin size: 1.355556e+01
Not enough valid test points; skipping iteration.

Number of bins: 19
Average bin size: 1.284211e+01
Not enough valid test points; skipping iteration.

Number of bins: 22
Average bin size: 1.109091e+01
Not enough valid test points; skipping iteration.

Number of bins: 23
Average bin size: 1.060870e+01
Not enough valid test points; skipping iteration.

Number of bins: 22
Average bin size: 1.109091e+01
Not enough valid test points; skipping iteration.

Number of bins: 23
Average bin size: 1.060870e+01
Not enough valid test points; skipping iteration.

Number of bins: 23
Average bin size: 1.060870e+01
Not enough valid test points; skipping iteration.

Number of bins: 22
Average bin size: 1.109091e+01
Not enough valid test points; skipping iteration.

Number of bins: 24
Average bin size: 1.016667e+01
Not enough valid test points; skipping iteration.

Number of bins: 23
Average bin size: 1.060870e+01
Not enough valid test points; skipping iteration.

Number of bins: 24
Average bin size: 1.016667e+01
Not enough valid test points; skipping iteration.

Number of bins: 24
Average bin size: 1.016667e+01
Not enough valid test points; skipping iteration.

Number of bins: 19
Average bin size: 1.284211e+01
Completed iteration:23
Prediction points:11
  TP     FP     TN     FN
     2     1     2     6

Precision / Recall
    0.6667    0.2500


Number of bins: 24
Average bin size: 1.016667e+01
Not enough valid test points; skipping iteration.

Number of bins: 22
Average bin size: 1.109091e+01
Not enough valid test points; skipping iteration.

Number of bins: 21
Average bin size: 1.161905e+01
Not enough valid test points; skipping iteration.

Number of bins: 24
Average bin size: 1.016667e+01
Not enough valid test points; skipping iteration.

Number of bins: 20
Average bin size: 1.220000e+01
Not enough valid test points; skipping iteration.

Number of bins: 22
Average bin size: 1.109091e+01
Not enough valid test points; skipping iteration.

Number of bins: 23
Average bin size: 1.060870e+01
Not enough valid test points; skipping iteration.
Overall results (hybrid)
Confidence threshold=0.7
Filtered datapoints
AUC ave err std
    0.5101

    0.0573

    0.0573

Precision / Recall macro
   NaN   NaN

Precision / Recall micro
    0.6405    0.4224


Number of bins: 23
Average bin size: 1.060870e+01
Not enough valid test points; skipping iteration.

Number of bins: 20
Average bin size: 1.220000e+01
Not enough valid test points; skipping iteration.

Number of bins: 23
Average bin size: 1.060870e+01
Not enough valid test points; skipping iteration.

Number of bins: 23
Average bin size: 1.060870e+01
Not enough valid test points; skipping iteration.

Number of bins: 21
Average bin size: 1.161905e+01
Not enough valid test points; skipping iteration.

Number of bins: 24
Average bin size: 1.016667e+01
Not enough valid test points; skipping iteration.

Number of bins: 24
Average bin size: 1.016667e+01
Not enough valid test points; skipping iteration.

Number of bins: 22
Average bin size: 1.109091e+01
Not enough valid test points; skipping iteration.

Number of bins: 24
Average bin size: 1.016667e+01
Not enough valid test points; skipping iteration.

Number of bins: 23
Average bin size: 1.060870e+01
Not enough valid test points; skipping iteration.

Number of bins: 25
Average bin size: 9.760000e+00
Not enough valid test points; skipping iteration.

Number of bins: 22
Average bin size: 1.109091e+01
Not enough valid test points; skipping iteration.

Number of bins: 23
Average bin size: 1.060870e+01
Not enough valid test points; skipping iteration.

Number of bins: 22
Average bin size: 1.109091e+01
Not enough valid test points; skipping iteration.

Number of bins: 22
Average bin size: 1.109091e+01
Not enough valid test points; skipping iteration.

Number of bins: 19
Average bin size: 1.284211e+01
Not enough valid test points; skipping iteration.

Number of bins: 22
Average bin size: 1.109091e+01
Not enough valid test points; skipping iteration.

Number of bins: 23
Average bin size: 1.060870e+01
Not enough valid test points; skipping iteration.

Number of bins: 21
Average bin size: 1.161905e+01
Not enough valid test points; skipping iteration.

Number of bins: 25
Average bin size: 9.760000e+00
Not enough valid test points; skipping iteration.

Number of bins: 19
Average bin size: 1.284211e+01
Not enough valid test points; skipping iteration.

Number of bins: 22
Average bin size: 1.109091e+01
Completed iteration:22
Prediction points:26
  TP     FP     TN     FN
     8    11     4     3

Precision / Recall
    0.4211    0.7273


Number of bins: 22
Average bin size: 1.109091e+01
Completed iteration:23
Prediction points:15
  TP     FP     TN     FN
     4     2     2     7

Precision / Recall
    0.6667    0.3636


Number of bins: 21
Average bin size: 1.161905e+01
Not enough valid test points; skipping iteration.

Number of bins: 22
Average bin size: 1.109091e+01
Not enough valid test points; skipping iteration.

Number of bins: 23
Average bin size: 1.060870e+01
Not enough valid test points; skipping iteration.

Number of bins: 26
Average bin size: 9.384615e+00
Not enough valid test points; skipping iteration.

Number of bins: 24
Average bin size: 1.016667e+01
Not enough valid test points; skipping iteration.

Number of bins: 22
Average bin size: 1.109091e+01
Not enough valid test points; skipping iteration.

Number of bins: 23
Average bin size: 1.060870e+01
Not enough valid test points; skipping iteration.
Overall results (hybrid)
Confidence threshold=0.8
Filtered datapoints
AUC ave err std
    0.4644

    0.0461

    0.0461

Precision / Recall macro
   NaN   NaN

Precision / Recall micro
    0.6171    0.4390


Number of bins: 21
Average bin size: 1.161905e+01
Not enough valid test points; skipping iteration.

Number of bins: 22
Average bin size: 1.109091e+01
Not enough valid test points; skipping iteration.

Number of bins: 23
Average bin size: 1.060870e+01
Not enough valid test points; skipping iteration.

Number of bins: 21
Average bin size: 1.161905e+01
Not enough valid test points; skipping iteration.

Number of bins: 22
Average bin size: 1.109091e+01
Completed iteration:5
Prediction points:10
  TP     FP     TN     FN
     2     3     2     3

Precision / Recall
    0.4000    0.4000


Number of bins: 23
Average bin size: 1.060870e+01
Not enough valid test points; skipping iteration.

Number of bins: 23
Average bin size: 1.060870e+01
Not enough valid test points; skipping iteration.

Number of bins: 21
Average bin size: 1.161905e+01
Not enough valid test points; skipping iteration.

Number of bins: 22
Average bin size: 1.109091e+01
Not enough valid test points; skipping iteration.

Number of bins: 21
Average bin size: 1.161905e+01
Not enough valid test points; skipping iteration.

Number of bins: 22
Average bin size: 1.109091e+01
Not enough valid test points; skipping iteration.

Number of bins: 20
Average bin size: 1.220000e+01
Not enough valid test points; skipping iteration.

Number of bins: 22
Average bin size: 1.109091e+01
Not enough valid test points; skipping iteration.

Number of bins: 23
Average bin size: 1.060870e+01
Not enough valid test points; skipping iteration.

Number of bins: 24
Average bin size: 1.016667e+01
Not enough valid test points; skipping iteration.

Number of bins: 24
Average bin size: 1.016667e+01
Not enough valid test points; skipping iteration.

Number of bins: 23
Average bin size: 1.060870e+01
Not enough valid test points; skipping iteration.

Number of bins: 23
Average bin size: 1.060870e+01
Not enough valid test points; skipping iteration.

Number of bins: 21
Average bin size: 1.161905e+01
Not enough valid test points; skipping iteration.

Number of bins: 24
Average bin size: 1.016667e+01
Not enough valid test points; skipping iteration.

Number of bins: 23
Average bin size: 1.060870e+01
Completed iteration:21
Prediction points:16
  TP     FP     TN     FN
     6     1     6     3

Precision / Recall
    0.8571    0.6667


Number of bins: 24
Average bin size: 1.016667e+01
Not enough valid test points; skipping iteration.

Number of bins: 20
Average bin size: 1.220000e+01
Not enough valid test points; skipping iteration.

Number of bins: 22
Average bin size: 1.109091e+01
Not enough valid test points; skipping iteration.

Number of bins: 22
Average bin size: 1.109091e+01
Not enough valid test points; skipping iteration.

Number of bins: 21
Average bin size: 1.161905e+01
Not enough valid test points; skipping iteration.

Number of bins: 21
Average bin size: 1.161905e+01
Not enough valid test points; skipping iteration.

Number of bins: 21
Average bin size: 1.161905e+01
Not enough valid test points; skipping iteration.

Number of bins: 23
Average bin size: 1.060870e+01
Not enough valid test points; skipping iteration.

Number of bins: 22
Average bin size: 1.109091e+01
Not enough valid test points; skipping iteration.
Overall results (hybrid)
Confidence threshold=0.9
Filtered datapoints
AUC ave err std
    0.5810

    0.2559

    0.2559

Precision / Recall macro
   NaN   NaN

Precision / Recall micro
    0.6216    0.4545

    TPR       FPR       TNR       FNR       cutoff
computation time (s)
   1.1427e+03

