!!!!below quality measures have been removed due to insufficient data!!!!!!!!!!!!
    ' TriangleSize'

Keeping QMs:
name        p values
    ' Spread'    '2.48e-07'

    ' Limit'    '2.57e-07'

    ' OrthoNorm'    '0.000358'

Deleting QMs:
name        p values
    ' Extension'    '0.978'

    'GraspIt_Epsilon'    '0.892'

    ' Volume'    '0.537'

    'GraspIt_Volume'    '0.376'

    'GraspIt_ContactEnergy'    '0.0879'

    ' PerpSym'    '0.0627'

    ' ParallelSym'    '0.00685'

binThreshold:20

Number of bins: 20
Average bin size: 1.220000e+01
Completed iteration:1
Prediction points:19
  TP     FP     TN     FN
    11     6     0     2

Precision / Recall
    0.6471    0.8462


Number of bins: 24
Average bin size: 1.016667e+01
Completed iteration:2
Prediction points:12
  TP     FP     TN     FN
     7     4     0     1

Precision / Recall
    0.6364    0.8750


Number of bins: 23
Average bin size: 1.060870e+01
Not enough valid test points; skipping iteration.

Number of bins: 19
Average bin size: 1.284211e+01
Not enough valid test points; skipping iteration.

Number of bins: 20
Average bin size: 1.220000e+01
Not enough valid test points; skipping iteration.

Number of bins: 23
Average bin size: 1.060870e+01
Not enough valid test points; skipping iteration.

Number of bins: 23
Average bin size: 1.060870e+01
Completed iteration:7
Prediction points:11
  TP     FP     TN     FN
     4     3     1     3

Precision / Recall
    0.5714    0.5714


Number of bins: 22
Average bin size: 1.109091e+01
Completed iteration:8
Prediction points:18
  TP     FP     TN     FN
     5     1     5     7

Precision / Recall
    0.8333    0.4167


Number of bins: 25
Average bin size: 9.760000e+00
Not enough valid test points; skipping iteration.

Number of bins: 19
Average bin size: 1.284211e+01
Not enough valid test points; skipping iteration.

Number of bins: 24
Average bin size: 1.016667e+01
Completed iteration:11
Prediction points:15
  TP     FP     TN     FN
     5     2     3     5

Precision / Recall
    0.7143    0.5000


Number of bins: 23
Average bin size: 1.060870e+01
Not enough valid test points; skipping iteration.

Number of bins: 22
Average bin size: 1.109091e+01
Completed iteration:13
Prediction points:17
  TP     FP     TN     FN
     8     5     3     1

Precision / Recall
    0.6154    0.8889


Number of bins: 25
Average bin size: 9.760000e+00
Completed iteration:14
Prediction points:19
  TP     FP     TN     FN
     5     1     4     9

Precision / Recall
    0.8333    0.3571


Number of bins: 22
Average bin size: 1.109091e+01
Completed iteration:15
Prediction points:19
  TP     FP     TN     FN
     8     9     2     0

Precision / Recall
    0.4706    1.0000


Number of bins: 21
Average bin size: 1.161905e+01
Not enough valid test points; skipping iteration.

Number of bins: 21
Average bin size: 1.161905e+01
Completed iteration:17
Prediction points:22
  TP     FP     TN     FN
    13     4     1     4

Precision / Recall
    0.7647    0.7647


Number of bins: 21
Average bin size: 1.161905e+01
Completed iteration:18
Prediction points:18
  TP     FP     TN     FN
     5     5     3     5

Precision / Recall
    0.5000    0.5000


Number of bins: 24
Average bin size: 1.016667e+01
Not enough valid test points; skipping iteration.

Number of bins: 24
Average bin size: 1.016667e+01
Not enough valid test points; skipping iteration.

Number of bins: 19
Average bin size: 1.284211e+01
Completed iteration:21
Prediction points:18
  TP     FP     TN     FN
     8     2     2     6

Precision / Recall
    0.8000    0.5714


Number of bins: 25
Average bin size: 9.760000e+00
Not enough valid test points; skipping iteration.

Number of bins: 24
Average bin size: 1.016667e+01
Not enough valid test points; skipping iteration.

Number of bins: 22
Average bin size: 1.109091e+01
Completed iteration:24
Prediction points:19
  TP     FP     TN     FN
     0     3     2    14

Precision / Recall
     0     0


Number of bins: 19
Average bin size: 1.284211e+01
Completed iteration:25
Prediction points:19
  TP     FP     TN     FN
     8     1     6     4

Precision / Recall
    0.8889    0.6667


Number of bins: 22
Average bin size: 1.109091e+01
Not enough valid test points; skipping iteration.

Number of bins: 22
Average bin size: 1.109091e+01
Not enough valid test points; skipping iteration.

Number of bins: 20
Average bin size: 1.220000e+01
Completed iteration:28
Prediction points:32
  TP     FP     TN     FN
    16     5     4     7

Precision / Recall
    0.7619    0.6957


Number of bins: 21
Average bin size: 1.161905e+01
Not enough valid test points; skipping iteration.

Number of bins: 21
Average bin size: 1.161905e+01
Not enough valid test points; skipping iteration.
Overall results (hybrid)
Confidence threshold=0.5
Filtered datapoints
AUC ave err std
    0.5168

    0.1338

    0.1338

Precision / Recall macro
   NaN   NaN

Precision / Recall micro
    0.6688    0.6023


Number of bins: 21
Average bin size: 1.161905e+01
Not enough valid test points; skipping iteration.

Number of bins: 25
Average bin size: 9.760000e+00
Not enough valid test points; skipping iteration.

Number of bins: 21
Average bin size: 1.161905e+01
Not enough valid test points; skipping iteration.

Number of bins: 22
Average bin size: 1.109091e+01
Not enough valid test points; skipping iteration.

Number of bins: 19
Average bin size: 1.284211e+01
Not enough valid test points; skipping iteration.

Number of bins: 22
Average bin size: 1.109091e+01
Not enough valid test points; skipping iteration.

Number of bins: 23
Average bin size: 1.060870e+01
Not enough valid test points; skipping iteration.

Number of bins: 21
Average bin size: 1.161905e+01
Completed iteration:8
Prediction points:10
  TP     FP     TN     FN
     1     3     5     1

Precision / Recall
    0.2500    0.5000


Number of bins: 24
Average bin size: 1.016667e+01
Not enough valid test points; skipping iteration.

Number of bins: 22
Average bin size: 1.109091e+01
Not enough valid test points; skipping iteration.

Number of bins: 24
Average bin size: 1.016667e+01
Not enough valid test points; skipping iteration.

Number of bins: 24
Average bin size: 1.016667e+01
Not enough valid test points; skipping iteration.

Number of bins: 22
Average bin size: 1.109091e+01
Not enough valid test points; skipping iteration.

Number of bins: 24
Average bin size: 1.016667e+01
Not enough valid test points; skipping iteration.

Number of bins: 21
Average bin size: 1.161905e+01
Not enough valid test points; skipping iteration.

Number of bins: 22
Average bin size: 1.109091e+01
Not enough valid test points; skipping iteration.

Number of bins: 20
Average bin size: 1.220000e+01
Not enough valid test points; skipping iteration.

Number of bins: 20
Average bin size: 1.220000e+01
Not enough valid test points; skipping iteration.

Number of bins: 23
Average bin size: 1.060870e+01
Completed iteration:19
Prediction points:12
  TP     FP     TN     FN
     5     2     4     1

Precision / Recall
    0.7143    0.8333


Number of bins: 21
Average bin size: 1.161905e+01
Not enough valid test points; skipping iteration.

Number of bins: 20
Average bin size: 1.220000e+01
Not enough valid test points; skipping iteration.

Number of bins: 24
Average bin size: 1.016667e+01
Not enough valid test points; skipping iteration.

Number of bins: 22
Average bin size: 1.109091e+01
Not enough valid test points; skipping iteration.

Number of bins: 21
Average bin size: 1.161905e+01
Not enough valid test points; skipping iteration.

Number of bins: 22
Average bin size: 1.109091e+01
Completed iteration:25
Prediction points:14
  TP     FP     TN     FN
     3     5     5     1

Precision / Recall
    0.3750    0.7500


Number of bins: 22
Average bin size: 1.109091e+01
Completed iteration:26
Prediction points:22
  TP     FP     TN     FN
     8     4     5     5

Precision / Recall
    0.6667    0.6154


Number of bins: 21
Average bin size: 1.161905e+01
Not enough valid test points; skipping iteration.

Number of bins: 21
Average bin size: 1.161905e+01
Not enough valid test points; skipping iteration.

Number of bins: 21
Average bin size: 1.161905e+01
Not enough valid test points; skipping iteration.

Number of bins: 23
Average bin size: 1.060870e+01
Not enough valid test points; skipping iteration.
Overall results (hybrid)
Confidence threshold=0.6
Filtered datapoints
AUC ave err std
    0.6307

    0.0836

    0.0836

Precision / Recall macro
   NaN   NaN

Precision / Recall micro
    0.6294    0.6221


Number of bins: 21
Average bin size: 1.161905e+01
Completed iteration:1
Prediction points:11
  TP     FP     TN     FN
     7     1     0     3

Precision / Recall
    0.8750    0.7000


Number of bins: 21
Average bin size: 1.161905e+01
Not enough valid test points; skipping iteration.

Number of bins: 22
Average bin size: 1.109091e+01
Not enough valid test points; skipping iteration.

Number of bins: 22
Average bin size: 1.109091e+01
Not enough valid test points; skipping iteration.

Number of bins: 21
Average bin size: 1.161905e+01
Not enough valid test points; skipping iteration.

Number of bins: 23
Average bin size: 1.060870e+01
Not enough valid test points; skipping iteration.

Number of bins: 25
Average bin size: 9.760000e+00
Not enough valid test points; skipping iteration.

Number of bins: 21
Average bin size: 1.161905e+01
Completed iteration:8
Prediction points:11
  TP     FP     TN     FN
     5     2     3     1

Precision / Recall
    0.7143    0.8333


Number of bins: 21
Average bin size: 1.161905e+01
Not enough valid test points; skipping iteration.

Number of bins: 21
Average bin size: 1.161905e+01
Not enough valid test points; skipping iteration.

Number of bins: 18
Average bin size: 1.355556e+01
Not enough valid test points; skipping iteration.

Number of bins: 19
Average bin size: 1.284211e+01
Not enough valid test points; skipping iteration.

Number of bins: 22
Average bin size: 1.109091e+01
Not enough valid test points; skipping iteration.

Number of bins: 23
Average bin size: 1.060870e+01
Not enough valid test points; skipping iteration.

Number of bins: 22
Average bin size: 1.109091e+01
Not enough valid test points; skipping iteration.

Number of bins: 23
Average bin size: 1.060870e+01
Not enough valid test points; skipping iteration.

Number of bins: 23
Average bin size: 1.060870e+01
Not enough valid test points; skipping iteration.

Number of bins: 22
Average bin size: 1.109091e+01
Not enough valid test points; skipping iteration.

Number of bins: 24
Average bin size: 1.016667e+01
Not enough valid test points; skipping iteration.

Number of bins: 23
Average bin size: 1.060870e+01
Not enough valid test points; skipping iteration.

Number of bins: 24
Average bin size: 1.016667e+01
Not enough valid test points; skipping iteration.

Number of bins: 24
Average bin size: 1.016667e+01
Not enough valid test points; skipping iteration.

Number of bins: 19
Average bin size: 1.284211e+01
Not enough valid test points; skipping iteration.

Number of bins: 24
Average bin size: 1.016667e+01
Not enough valid test points; skipping iteration.

Number of bins: 22
Average bin size: 1.109091e+01
Not enough valid test points; skipping iteration.

Number of bins: 21
Average bin size: 1.161905e+01
Not enough valid test points; skipping iteration.

Number of bins: 24
Average bin size: 1.016667e+01
Not enough valid test points; skipping iteration.

Number of bins: 20
Average bin size: 1.220000e+01
Not enough valid test points; skipping iteration.

Number of bins: 22
Average bin size: 1.109091e+01
Not enough valid test points; skipping iteration.

Number of bins: 23
Average bin size: 1.060870e+01
Not enough valid test points; skipping iteration.
Overall results (hybrid)
Confidence threshold=0.7
Filtered datapoints
AUC ave err std
    0.5333

    0.2593

    0.2593

Precision / Recall macro
   NaN   NaN

Precision / Recall micro
    0.6524    0.6185


Number of bins: 23
Average bin size: 1.060870e+01
Not enough valid test points; skipping iteration.

Number of bins: 20
Average bin size: 1.220000e+01
Not enough valid test points; skipping iteration.

Number of bins: 23
Average bin size: 1.060870e+01
Completed iteration:3
Prediction points:12
  TP     FP     TN     FN
     2     3     2     5

Precision / Recall
    0.4000    0.2857


Number of bins: 23
Average bin size: 1.060870e+01
Completed iteration:4
Prediction points:11
  TP     FP     TN     FN
     8     1     2     0

Precision / Recall
    0.8889    1.0000


Number of bins: 21
Average bin size: 1.161905e+01
Not enough valid test points; skipping iteration.

Number of bins: 24
Average bin size: 1.016667e+01
Not enough valid test points; skipping iteration.

Number of bins: 24
Average bin size: 1.016667e+01
Not enough valid test points; skipping iteration.

Number of bins: 22
Average bin size: 1.109091e+01
Not enough valid test points; skipping iteration.

Number of bins: 24
Average bin size: 1.016667e+01
Not enough valid test points; skipping iteration.

Number of bins: 23
Average bin size: 1.060870e+01
Not enough valid test points; skipping iteration.

Number of bins: 25
Average bin size: 9.760000e+00
Not enough valid test points; skipping iteration.

Number of bins: 22
Average bin size: 1.109091e+01
Not enough valid test points; skipping iteration.

Number of bins: 23
Average bin size: 1.060870e+01
Not enough valid test points; skipping iteration.

Number of bins: 22
Average bin size: 1.109091e+01
Not enough valid test points; skipping iteration.

Number of bins: 22
Average bin size: 1.109091e+01
Not enough valid test points; skipping iteration.

Number of bins: 19
Average bin size: 1.284211e+01
Not enough valid test points; skipping iteration.

Number of bins: 22
Average bin size: 1.109091e+01
Not enough valid test points; skipping iteration.

Number of bins: 23
Average bin size: 1.060870e+01
Not enough valid test points; skipping iteration.

Number of bins: 21
Average bin size: 1.161905e+01
Not enough valid test points; skipping iteration.

Number of bins: 25
Average bin size: 9.760000e+00
Completed iteration:20
Prediction points:17
  TP     FP     TN     FN
     7     0     5     5

Precision / Recall
    1.0000    0.5833


Number of bins: 19
Average bin size: 1.284211e+01
Not enough valid test points; skipping iteration.

Number of bins: 22
Average bin size: 1.109091e+01
Not enough valid test points; skipping iteration.

Number of bins: 22
Average bin size: 1.109091e+01
Not enough valid test points; skipping iteration.

Number of bins: 21
Average bin size: 1.161905e+01
Not enough valid test points; skipping iteration.

Number of bins: 22
Average bin size: 1.109091e+01
Not enough valid test points; skipping iteration.

Number of bins: 23
Average bin size: 1.060870e+01
Completed iteration:26
Prediction points:28
  TP     FP     TN     FN
    13     5     2     8

Precision / Recall
    0.7222    0.6190


Number of bins: 26
Average bin size: 9.384615e+00
Not enough valid test points; skipping iteration.

Number of bins: 24
Average bin size: 1.016667e+01
Not enough valid test points; skipping iteration.

Number of bins: 22
Average bin size: 1.109091e+01
Not enough valid test points; skipping iteration.

Number of bins: 23
Average bin size: 1.060870e+01
Not enough valid test points; skipping iteration.
Overall results (hybrid)
Confidence threshold=0.8
Filtered datapoints
AUC ave err std
    0.6051

    0.2443

    0.2443

Precision / Recall macro
   NaN   NaN

Precision / Recall micro
    0.6754    0.6202


Number of bins: 21
Average bin size: 1.161905e+01
Not enough valid test points; skipping iteration.

Number of bins: 22
Average bin size: 1.109091e+01
Not enough valid test points; skipping iteration.

Number of bins: 23
Average bin size: 1.060870e+01
Not enough valid test points; skipping iteration.

Number of bins: 21
Average bin size: 1.161905e+01
Completed iteration:4
Prediction points:18
  TP     FP     TN     FN
     9     5     3     1

Precision / Recall
    0.6429    0.9000


Number of bins: 22
Average bin size: 1.109091e+01
Not enough valid test points; skipping iteration.

Number of bins: 23
Average bin size: 1.060870e+01
Not enough valid test points; skipping iteration.

Number of bins: 23
Average bin size: 1.060870e+01
Not enough valid test points; skipping iteration.

Number of bins: 21
Average bin size: 1.161905e+01
Not enough valid test points; skipping iteration.

Number of bins: 22
Average bin size: 1.109091e+01
Not enough valid test points; skipping iteration.

Number of bins: 21
Average bin size: 1.161905e+01
Not enough valid test points; skipping iteration.

Number of bins: 22
Average bin size: 1.109091e+01
Not enough valid test points; skipping iteration.

Number of bins: 20
Average bin size: 1.220000e+01
Not enough valid test points; skipping iteration.

Number of bins: 22
Average bin size: 1.109091e+01
Completed iteration:13
Prediction points:10
  TP     FP     TN     FN
     1     1     2     6

Precision / Recall
    0.5000    0.1429


Number of bins: 23
Average bin size: 1.060870e+01
Not enough valid test points; skipping iteration.

Number of bins: 24
Average bin size: 1.016667e+01
Not enough valid test points; skipping iteration.

Number of bins: 24
Average bin size: 1.016667e+01
Completed iteration:16
Prediction points:18
  TP     FP     TN     FN
     2     0     1    15

Precision / Recall
    1.0000    0.1176


Number of bins: 23
Average bin size: 1.060870e+01
Not enough valid test points; skipping iteration.

Number of bins: 23
Average bin size: 1.060870e+01
Not enough valid test points; skipping iteration.

Number of bins: 21
Average bin size: 1.161905e+01
Not enough valid test points; skipping iteration.

Number of bins: 24
Average bin size: 1.016667e+01
Not enough valid test points; skipping iteration.

Number of bins: 23
Average bin size: 1.060870e+01
Completed iteration:21
Prediction points:18
  TP     FP     TN     FN
     7     0     1    10

Precision / Recall
    1.0000    0.4118


Number of bins: 24
Average bin size: 1.016667e+01
Not enough valid test points; skipping iteration.

Number of bins: 20
Average bin size: 1.220000e+01
Not enough valid test points; skipping iteration.

Number of bins: 22
Average bin size: 1.109091e+01
Not enough valid test points; skipping iteration.

Number of bins: 22
Average bin size: 1.109091e+01
Not enough valid test points; skipping iteration.

Number of bins: 21
Average bin size: 1.161905e+01
Not enough valid test points; skipping iteration.

Number of bins: 21
Average bin size: 1.161905e+01
Not enough valid test points; skipping iteration.

Number of bins: 21
Average bin size: 1.161905e+01
Not enough valid test points; skipping iteration.

Number of bins: 23
Average bin size: 1.060870e+01
Not enough valid test points; skipping iteration.

Number of bins: 22
Average bin size: 1.109091e+01
Not enough valid test points; skipping iteration.
Overall results (hybrid)
Confidence threshold=0.9
Filtered datapoints
AUC ave err std
    0.5767

    0.1294

    0.1294

Precision / Recall macro
   NaN   NaN

Precision / Recall micro
    0.6739    0.5439

    TPR       FPR       TNR       FNR       cutoff
computation time (s)
  605.8730

