!!!!below quality measures have been removed due to insufficient data!!!!!!!!!!!!
    ' TriangleSize'

Keeping QMs:
name        p values
    ' Spread'    '2.48e-07'

    ' Limit'    '2.57e-07'

    ' OrthoNorm'    '0.000358'

Deleting QMs:
name        p values
    ' Extension'    '0.978'

    'GraspIt_Epsilon'    '0.892'

    ' Volume'    '0.537'

    'GraspIt_Volume'    '0.376'

    'GraspIt_ContactEnergy'    '0.0879'

    ' PerpSym'    '0.0627'

    ' ParallelSym'    '0.00685'

binThreshold:10

Number of bins: 41
Average bin size: 5.951220e+00
Completed iteration:1
Prediction points:22
  TP     FP     TN     FN
    18     2     2     0

Precision / Recall
    0.9000    1.0000


Number of bins: 40
Average bin size: 6.100000e+00
Completed iteration:2
Prediction points:12
  TP     FP     TN     FN
     6     4     0     2

Precision / Recall
    0.6000    0.7500


Number of bins: 39
Average bin size: 6.256410e+00
Completed iteration:3
Prediction points:35
  TP     FP     TN     FN
     2     1     3    29

Precision / Recall
    0.6667    0.0645


Number of bins: 43
Average bin size: 5.674419e+00
Completed iteration:4
Prediction points:17
  TP     FP     TN     FN
     7     4     3     3

Precision / Recall
    0.6364    0.7000


Number of bins: 40
Average bin size: 6.100000e+00
Completed iteration:5
Prediction points:14
  TP     FP     TN     FN
     6     1     4     3

Precision / Recall
    0.8571    0.6667


Number of bins: 41
Average bin size: 5.951220e+00
Completed iteration:6
Prediction points:11
  TP     FP     TN     FN
     0     2     1     8

Precision / Recall
     0     0


Number of bins: 40
Average bin size: 6.100000e+00
Not enough valid test points; skipping iteration.

Number of bins: 37
Average bin size: 6.594595e+00
Completed iteration:8
Prediction points:17
  TP     FP     TN     FN
     4     4     2     7

Precision / Recall
    0.5000    0.3636


Number of bins: 42
Average bin size: 5.809524e+00
Completed iteration:9
Prediction points:28
  TP     FP     TN     FN
    11     4     5     8

Precision / Recall
    0.7333    0.5789


Number of bins: 38
Average bin size: 6.421053e+00
Completed iteration:10
Prediction points:33
  TP     FP     TN     FN
    14     5     6     8

Precision / Recall
    0.7368    0.6364


Number of bins: 42
Average bin size: 5.809524e+00
Completed iteration:11
Prediction points:43
  TP     FP     TN     FN
     7     2     6    28

Precision / Recall
    0.7778    0.2000


Number of bins: 38
Average bin size: 6.421053e+00
Completed iteration:12
Prediction points:16
  TP     FP     TN     FN
     1     0     1    14

Precision / Recall
    1.0000    0.0667


Number of bins: 39
Average bin size: 6.256410e+00
Completed iteration:13
Prediction points:25
  TP     FP     TN     FN
     7     5     6     7

Precision / Recall
    0.5833    0.5000


Number of bins: 44
Average bin size: 5.545455e+00
Completed iteration:14
Prediction points:21
  TP     FP     TN     FN
     8     2     5     6

Precision / Recall
    0.8000    0.5714


Number of bins: 38
Average bin size: 6.421053e+00
Not enough valid test points; skipping iteration.

Number of bins: 43
Average bin size: 5.674419e+00
Completed iteration:16
Prediction points:18
  TP     FP     TN     FN
    11     6     0     1

Precision / Recall
    0.6471    0.9167


Number of bins: 40
Average bin size: 6.100000e+00
Completed iteration:17
Prediction points:10
  TP     FP     TN     FN
     4     1     4     1

Precision / Recall
    0.8000    0.8000


Number of bins: 43
Average bin size: 5.674419e+00
Completed iteration:18
Prediction points:28
  TP     FP     TN     FN
     3     5    10    10

Precision / Recall
    0.3750    0.2308


Number of bins: 37
Average bin size: 6.594595e+00
Completed iteration:19
Prediction points:49
  TP     FP     TN     FN
     0     1     9    39

Precision / Recall
     0     0


Number of bins: 42
Average bin size: 5.809524e+00
Completed iteration:20
Prediction points:21
  TP     FP     TN     FN
     2     1     4    14

Precision / Recall
    0.6667    0.1250


Number of bins: 41
Average bin size: 5.951220e+00
Completed iteration:21
Prediction points:19
  TP     FP     TN     FN
     8     4     7     0

Precision / Recall
    0.6667    1.0000


Number of bins: 39
Average bin size: 6.256410e+00
Not enough valid test points; skipping iteration.

Number of bins: 39
Average bin size: 6.256410e+00
Not enough valid test points; skipping iteration.

Number of bins: 39
Average bin size: 6.256410e+00
Completed iteration:24
Prediction points:18
  TP     FP     TN     FN
     1     0     4    13

Precision / Recall
    1.0000    0.0714


Number of bins: 41
Average bin size: 5.951220e+00
Completed iteration:25
Prediction points:22
  TP     FP     TN     FN
     1     2     2    17

Precision / Recall
    0.3333    0.0556


Number of bins: 38
Average bin size: 6.421053e+00
Completed iteration:26
Prediction points:24
  TP     FP     TN     FN
    14     8     1     1

Precision / Recall
    0.6364    0.9333


Number of bins: 39
Average bin size: 6.256410e+00
Completed iteration:27
Prediction points:36
  TP     FP     TN     FN
    20    11     4     1

Precision / Recall
    0.6452    0.9524


Number of bins: 36
Average bin size: 6.777778e+00
Not enough valid test points; skipping iteration.

Number of bins: 41
Average bin size: 5.951220e+00
Completed iteration:29
Prediction points:29
  TP     FP     TN     FN
    23     4     2     0

Precision / Recall
    0.8519    1.0000


Number of bins: 39
Average bin size: 6.256410e+00
Not enough valid test points; skipping iteration.
Overall results (hybrid)
Confidence threshold=0.5
Filtered datapoints
AUC ave err std
    0.5303

    0.1592

    0.1592

Precision / Recall macro
   NaN   NaN

Precision / Recall micro
    0.6926    0.4472


Number of bins: 43
Average bin size: 5.674419e+00
Not enough valid test points; skipping iteration.

Number of bins: 42
Average bin size: 5.809524e+00
Not enough valid test points; skipping iteration.

Number of bins: 41
Average bin size: 5.951220e+00
Not enough valid test points; skipping iteration.

Number of bins: 42
Average bin size: 5.809524e+00
Not enough valid test points; skipping iteration.

Number of bins: 41
Average bin size: 5.951220e+00
Not enough valid test points; skipping iteration.

Number of bins: 40
Average bin size: 6.100000e+00
Not enough valid test points; skipping iteration.

Number of bins: 42
Average bin size: 5.809524e+00
Not enough valid test points; skipping iteration.

Number of bins: 38
Average bin size: 6.421053e+00
Not enough valid test points; skipping iteration.

Number of bins: 41
Average bin size: 5.951220e+00
Completed iteration:9
Prediction points:12
  TP     FP     TN     FN
     5     4     3     0

Precision / Recall
    0.5556    1.0000


Number of bins: 41
Average bin size: 5.951220e+00
Not enough valid test points; skipping iteration.

Number of bins: 38
Average bin size: 6.421053e+00
Completed iteration:11
Prediction points:14
  TP     FP     TN     FN
     0     3     5     6

Precision / Recall
     0     0


Number of bins: 35
Average bin size: 6.971429e+00
Not enough valid test points; skipping iteration.

Number of bins: 39
Average bin size: 6.256410e+00
Completed iteration:13
Prediction points:12
  TP     FP     TN     FN
     2     0     1     9

Precision / Recall
    1.0000    0.1818


Number of bins: 40
Average bin size: 6.100000e+00
Not enough valid test points; skipping iteration.

Number of bins: 40
Average bin size: 6.100000e+00
Not enough valid test points; skipping iteration.

Number of bins: 41
Average bin size: 5.951220e+00
Not enough valid test points; skipping iteration.

Number of bins: 42
Average bin size: 5.809524e+00
Completed iteration:17
Prediction points:14
  TP     FP     TN     FN
     0     1     4     9

Precision / Recall
     0     0


Number of bins: 41
Average bin size: 5.951220e+00
Not enough valid test points; skipping iteration.

Number of bins: 39
Average bin size: 6.256410e+00
Completed iteration:19
Prediction points:12
  TP     FP     TN     FN
     4     3     3     2

Precision / Recall
    0.5714    0.6667


Number of bins: 45
Average bin size: 5.422222e+00
Not enough valid test points; skipping iteration.

Number of bins: 42
Average bin size: 5.809524e+00
Not enough valid test points; skipping iteration.

Number of bins: 41
Average bin size: 5.951220e+00
Completed iteration:22
Prediction points:17
  TP     FP     TN     FN
     1     0     5    11

Precision / Recall
    1.0000    0.0833


Number of bins: 37
Average bin size: 6.594595e+00
Completed iteration:23
Prediction points:10
  TP     FP     TN     FN
     2     0     0     8

Precision / Recall
    1.0000    0.2000


Number of bins: 42
Average bin size: 5.809524e+00
Completed iteration:24
Prediction points:12
  TP     FP     TN     FN
     2     1     8     1

Precision / Recall
    0.6667    0.6667


Number of bins: 41
Average bin size: 5.951220e+00
Not enough valid test points; skipping iteration.

Number of bins: 40
Average bin size: 6.100000e+00
Not enough valid test points; skipping iteration.

Number of bins: 40
Average bin size: 6.100000e+00
Not enough valid test points; skipping iteration.

Number of bins: 42
Average bin size: 5.809524e+00
Not enough valid test points; skipping iteration.

Number of bins: 38
Average bin size: 6.421053e+00
Completed iteration:29
Prediction points:18
  TP     FP     TN     FN
     1     0     6    11

Precision / Recall
    1.0000    0.0833


Number of bins: 43
Average bin size: 5.674419e+00
Completed iteration:30
Prediction points:12
  TP     FP     TN     FN
     7     2     3     0

Precision / Recall
    0.7778    1.0000

Overall results (hybrid)
Confidence threshold=0.6
Filtered datapoints
AUC ave err std
   NaN

   NaN

   NaN

Precision / Recall macro
   NaN   NaN

Precision / Recall micro
    0.6622    0.4515


Number of bins: 40
Average bin size: 6.100000e+00
Not enough valid test points; skipping iteration.

Number of bins: 41
Average bin size: 5.951220e+00
Not enough valid test points; skipping iteration.

Number of bins: 40
Average bin size: 6.100000e+00
Not enough valid test points; skipping iteration.

Number of bins: 41
Average bin size: 5.951220e+00
Completed iteration:4
Prediction points:16
  TP     FP     TN     FN
     2     1     4     9

Precision / Recall
    0.6667    0.1818


Number of bins: 42
Average bin size: 5.809524e+00
Not enough valid test points; skipping iteration.

Number of bins: 37
Average bin size: 6.594595e+00
Not enough valid test points; skipping iteration.

Number of bins: 42
Average bin size: 5.809524e+00
Not enough valid test points; skipping iteration.

Number of bins: 42
Average bin size: 5.809524e+00
Not enough valid test points; skipping iteration.

Number of bins: 40
Average bin size: 6.100000e+00
Not enough valid test points; skipping iteration.

Number of bins: 40
Average bin size: 6.100000e+00
Completed iteration:10
Prediction points:11
  TP     FP     TN     FN
     1     2     3     5

Precision / Recall
    0.3333    0.1667


Number of bins: 41
Average bin size: 5.951220e+00
Not enough valid test points; skipping iteration.

Number of bins: 38
Average bin size: 6.421053e+00
Not enough valid test points; skipping iteration.

Number of bins: 39
Average bin size: 6.256410e+00
Not enough valid test points; skipping iteration.

Number of bins: 40
Average bin size: 6.100000e+00
Not enough valid test points; skipping iteration.

Number of bins: 42
Average bin size: 5.809524e+00
Completed iteration:15
Prediction points:11
  TP     FP     TN     FN
     5     1     2     3

Precision / Recall
    0.8333    0.6250


Number of bins: 43
Average bin size: 5.674419e+00
Not enough valid test points; skipping iteration.

Number of bins: 41
Average bin size: 5.951220e+00
Not enough valid test points; skipping iteration.

Number of bins: 41
Average bin size: 5.951220e+00
Not enough valid test points; skipping iteration.

Number of bins: 41
Average bin size: 5.951220e+00
Not enough valid test points; skipping iteration.

Number of bins: 41
Average bin size: 5.951220e+00
Not enough valid test points; skipping iteration.

Number of bins: 43
Average bin size: 5.674419e+00
Not enough valid test points; skipping iteration.

Number of bins: 39
Average bin size: 6.256410e+00
Completed iteration:22
Prediction points:12
  TP     FP     TN     FN
     5     4     3     0

Precision / Recall
    0.5556    1.0000


Number of bins: 41
Average bin size: 5.951220e+00
Not enough valid test points; skipping iteration.

Number of bins: 41
Average bin size: 5.951220e+00
Not enough valid test points; skipping iteration.

Number of bins: 39
Average bin size: 6.256410e+00
Not enough valid test points; skipping iteration.

Number of bins: 39
Average bin size: 6.256410e+00
Not enough valid test points; skipping iteration.

Number of bins: 36
Average bin size: 6.777778e+00
Not enough valid test points; skipping iteration.

Number of bins: 40
Average bin size: 6.100000e+00
Not enough valid test points; skipping iteration.

Number of bins: 40
Average bin size: 6.100000e+00
Not enough valid test points; skipping iteration.

Number of bins: 41
Average bin size: 5.951220e+00
Not enough valid test points; skipping iteration.
Overall results (hybrid)
Confidence threshold=0.7
Filtered datapoints
AUC ave err std
    0.5586

    0.1496

    0.1496

Precision / Recall macro
   NaN   NaN

Precision / Recall micro
    0.6512    0.4430


Number of bins: 42
Average bin size: 5.809524e+00
Not enough valid test points; skipping iteration.

Number of bins: 43
Average bin size: 5.674419e+00
Not enough valid test points; skipping iteration.

Number of bins: 38
Average bin size: 6.421053e+00
Not enough valid test points; skipping iteration.

Number of bins: 39
Average bin size: 6.256410e+00
Not enough valid test points; skipping iteration.

Number of bins: 43
Average bin size: 5.674419e+00
Not enough valid test points; skipping iteration.

Number of bins: 44
Average bin size: 5.545455e+00
Not enough valid test points; skipping iteration.

Number of bins: 41
Average bin size: 5.951220e+00
Not enough valid test points; skipping iteration.

Number of bins: 35
Average bin size: 6.971429e+00
Not enough valid test points; skipping iteration.

Number of bins: 41
Average bin size: 5.951220e+00
Not enough valid test points; skipping iteration.

Number of bins: 40
Average bin size: 6.100000e+00
Not enough valid test points; skipping iteration.

Number of bins: 40
Average bin size: 6.100000e+00
Not enough valid test points; skipping iteration.

Number of bins: 38
Average bin size: 6.421053e+00
Not enough valid test points; skipping iteration.

Number of bins: 40
Average bin size: 6.100000e+00
Not enough valid test points; skipping iteration.

Number of bins: 42
Average bin size: 5.809524e+00
Not enough valid test points; skipping iteration.

Number of bins: 37
Average bin size: 6.594595e+00
Not enough valid test points; skipping iteration.

Number of bins: 40
Average bin size: 6.100000e+00
Completed iteration:16
Prediction points:14
  TP     FP     TN     FN
     0     1     2    11

Precision / Recall
     0     0


Number of bins: 45
Average bin size: 5.422222e+00
Not enough valid test points; skipping iteration.

Number of bins: 35
Average bin size: 6.971429e+00
Not enough valid test points; skipping iteration.

Number of bins: 36
Average bin size: 6.777778e+00
Not enough valid test points; skipping iteration.

Number of bins: 39
Average bin size: 6.256410e+00
Completed iteration:20
Prediction points:15
  TP     FP     TN     FN
     3     3     4     5

Precision / Recall
    0.5000    0.3750


Number of bins: 39
Average bin size: 6.256410e+00
Not enough valid test points; skipping iteration.

Number of bins: 42
Average bin size: 5.809524e+00
Not enough valid test points; skipping iteration.

Number of bins: 42
Average bin size: 5.809524e+00
Not enough valid test points; skipping iteration.

Number of bins: 42
Average bin size: 5.809524e+00
Not enough valid test points; skipping iteration.

Number of bins: 45
Average bin size: 5.422222e+00
Not enough valid test points; skipping iteration.

Number of bins: 37
Average bin size: 6.594595e+00
Not enough valid test points; skipping iteration.

Number of bins: 40
Average bin size: 6.100000e+00
Not enough valid test points; skipping iteration.

Number of bins: 41
Average bin size: 5.951220e+00
Not enough valid test points; skipping iteration.

Number of bins: 42
Average bin size: 5.809524e+00
Not enough valid test points; skipping iteration.

Number of bins: 39
Average bin size: 6.256410e+00
Completed iteration:30
Prediction points:11
  TP     FP     TN     FN
     2     1     2     6

Precision / Recall
    0.6667    0.2500

Overall results (hybrid)
Confidence threshold=0.8
Filtered datapoints
AUC ave err std
    0.4216

    0.0768

    0.0768

Precision / Recall macro
   NaN   NaN

Precision / Recall micro
    0.6378    0.4058


Number of bins: 38
Average bin size: 6.421053e+00
Not enough valid test points; skipping iteration.

Number of bins: 40
Average bin size: 6.100000e+00
Not enough valid test points; skipping iteration.

Number of bins: 39
Average bin size: 6.256410e+00
Not enough valid test points; skipping iteration.

Number of bins: 38
Average bin size: 6.421053e+00
Not enough valid test points; skipping iteration.

Number of bins: 38
Average bin size: 6.421053e+00
Not enough valid test points; skipping iteration.

Number of bins: 39
Average bin size: 6.256410e+00
Not enough valid test points; skipping iteration.

Number of bins: 40
Average bin size: 6.100000e+00
Completed iteration:7
Prediction points:11
  TP     FP     TN     FN
     1     0     3     7

Precision / Recall
    1.0000    0.1250


Number of bins: 35
Average bin size: 6.971429e+00
Not enough valid test points; skipping iteration.

Number of bins: 41
Average bin size: 5.951220e+00
Not enough valid test points; skipping iteration.

Number of bins: 40
Average bin size: 6.100000e+00
Not enough valid test points; skipping iteration.

Number of bins: 41
Average bin size: 5.951220e+00
Not enough valid test points; skipping iteration.

Number of bins: 40
Average bin size: 6.100000e+00
Not enough valid test points; skipping iteration.

Number of bins: 41
Average bin size: 5.951220e+00
Not enough valid test points; skipping iteration.

Number of bins: 38
Average bin size: 6.421053e+00
Not enough valid test points; skipping iteration.

Number of bins: 43
Average bin size: 5.674419e+00
Not enough valid test points; skipping iteration.

Number of bins: 39
Average bin size: 6.256410e+00
Not enough valid test points; skipping iteration.

Number of bins: 41
Average bin size: 5.951220e+00
Not enough valid test points; skipping iteration.

Number of bins: 41
Average bin size: 5.951220e+00
Not enough valid test points; skipping iteration.

Number of bins: 34
Average bin size: 7.176471e+00
Not enough valid test points; skipping iteration.

Number of bins: 37
Average bin size: 6.594595e+00
Not enough valid test points; skipping iteration.

Number of bins: 40
Average bin size: 6.100000e+00
Not enough valid test points; skipping iteration.

Number of bins: 37
Average bin size: 6.594595e+00
Not enough valid test points; skipping iteration.

Number of bins: 39
Average bin size: 6.256410e+00
Not enough valid test points; skipping iteration.

Number of bins: 42
Average bin size: 5.809524e+00
Not enough valid test points; skipping iteration.

Number of bins: 39
Average bin size: 6.256410e+00
Not enough valid test points; skipping iteration.

Number of bins: 39
Average bin size: 6.256410e+00
Not enough valid test points; skipping iteration.

Number of bins: 39
Average bin size: 6.256410e+00
Not enough valid test points; skipping iteration.

Number of bins: 40
Average bin size: 6.100000e+00
Not enough valid test points; skipping iteration.

Number of bins: 40
Average bin size: 6.100000e+00
Not enough valid test points; skipping iteration.

Number of bins: 39
Average bin size: 6.256410e+00
Not enough valid test points; skipping iteration.
Overall results (hybrid)
Confidence threshold=0.9
Filtered datapoints
AUC ave err std
    0.5625

     0

     0

Precision / Recall macro
   NaN   NaN

Precision / Recall micro
    0.6396    0.3987

    TPR       FPR       TNR       FNR       cutoff
computation time (s)
  688.9270

