!!!!below quality measures have been removed due to insufficient data!!!!!!!!!!!!
    ' TriangleSize'

Keeping QMs:
name        p values
    ' Spread'    '2.48e-07'

    ' Limit'    '2.57e-07'

    ' OrthoNorm'    '0.000358'

Deleting QMs:
name        p values
    ' Extension'    '0.978'

    'GraspIt_Epsilon'    '0.892'

    ' Volume'    '0.537'

    'GraspIt_Volume'    '0.376'

    'GraspIt_ContactEnergy'    '0.0879'

    ' PerpSym'    '0.0627'

    ' ParallelSym'    '0.00685'

binThreshold:20

Number of bins: 20
Average bin size: 1.220000e+01
Completed iteration:1
Prediction points:13
  TP     FP     TN     FN
     6     1     0     6

Precision / Recall
    0.8571    0.5000


Number of bins: 24
Average bin size: 1.016667e+01
Completed iteration:2
Prediction points:29
  TP     FP     TN     FN
     7     4     9     9

Precision / Recall
    0.6364    0.4375


Number of bins: 23
Average bin size: 1.060870e+01
Completed iteration:3
Prediction points:24
  TP     FP     TN     FN
     7     5     2    10

Precision / Recall
    0.5833    0.4118


Number of bins: 19
Average bin size: 1.284211e+01
Completed iteration:4
Prediction points:12
  TP     FP     TN     FN
     3     0     0     9

Precision / Recall
    1.0000    0.2500


Number of bins: 20
Average bin size: 1.220000e+01
Not enough valid test points; skipping iteration.

Number of bins: 23
Average bin size: 1.060870e+01
Completed iteration:6
Prediction points:26
  TP     FP     TN     FN
     4     1     7    14

Precision / Recall
    0.8000    0.2222


Number of bins: 23
Average bin size: 1.060870e+01
Completed iteration:7
Prediction points:12
  TP     FP     TN     FN
     1     1     4     6

Precision / Recall
    0.5000    0.1429


Number of bins: 22
Average bin size: 1.109091e+01
Completed iteration:8
Prediction points:45
  TP     FP     TN     FN
    21    15     3     6

Precision / Recall
    0.5833    0.7778


Number of bins: 25
Average bin size: 9.760000e+00
Not enough valid test points; skipping iteration.

Number of bins: 19
Average bin size: 1.284211e+01
Completed iteration:10
Prediction points:11
  TP     FP     TN     FN
     4     0     3     4

Precision / Recall
    1.0000    0.5000


Number of bins: 24
Average bin size: 1.016667e+01
Not enough valid test points; skipping iteration.

Number of bins: 23
Average bin size: 1.060870e+01
Completed iteration:12
Prediction points:23
  TP     FP     TN     FN
     1     0     5    17

Precision / Recall
    1.0000    0.0556


Number of bins: 22
Average bin size: 1.109091e+01
Not enough valid test points; skipping iteration.

Number of bins: 25
Average bin size: 9.760000e+00
Completed iteration:14
Prediction points:46
  TP     FP     TN     FN
    10     8     7    21

Precision / Recall
    0.5556    0.3226


Number of bins: 22
Average bin size: 1.109091e+01
Completed iteration:15
Prediction points:11
  TP     FP     TN     FN
     0     2     5     4

Precision / Recall
     0     0


Number of bins: 21
Average bin size: 1.161905e+01
Completed iteration:16
Prediction points:23
  TP     FP     TN     FN
    13     1     4     5

Precision / Recall
    0.9286    0.7222


Number of bins: 21
Average bin size: 1.161905e+01
Completed iteration:17
Prediction points:39
  TP     FP     TN     FN
     5     1     7    26

Precision / Recall
    0.8333    0.1613


Number of bins: 21
Average bin size: 1.161905e+01
Completed iteration:18
Prediction points:67
  TP     FP     TN     FN
    35     7     8    17

Precision / Recall
    0.8333    0.6731


Number of bins: 24
Average bin size: 1.016667e+01
Completed iteration:19
Prediction points:30
  TP     FP     TN     FN
     7     1     7    15

Precision / Recall
    0.8750    0.3182


Number of bins: 24
Average bin size: 1.016667e+01
Not enough valid test points; skipping iteration.

Number of bins: 19
Average bin size: 1.284211e+01
Not enough valid test points; skipping iteration.

Number of bins: 25
Average bin size: 9.760000e+00
Completed iteration:22
Prediction points:13
  TP     FP     TN     FN
     3     3     2     5

Precision / Recall
    0.5000    0.3750


Number of bins: 24
Average bin size: 1.016667e+01
Completed iteration:23
Prediction points:45
  TP     FP     TN     FN
    16     6    11    12

Precision / Recall
    0.7273    0.5714


Number of bins: 22
Average bin size: 1.109091e+01
Not enough valid test points; skipping iteration.

Number of bins: 19
Average bin size: 1.284211e+01
Not enough valid test points; skipping iteration.

Number of bins: 22
Average bin size: 1.109091e+01
Not enough valid test points; skipping iteration.

Number of bins: 22
Average bin size: 1.109091e+01
Not enough valid test points; skipping iteration.

Number of bins: 20
Average bin size: 1.220000e+01
Completed iteration:28
Prediction points:18
  TP     FP     TN     FN
     4     1     3    10

Precision / Recall
    0.8000    0.2857


Number of bins: 21
Average bin size: 1.161905e+01
Not enough valid test points; skipping iteration.

Number of bins: 21
Average bin size: 1.161905e+01
Not enough valid test points; skipping iteration.
Overall results (hybrid)
Confidence threshold=0.5
Filtered datapoints
AUC ave err std
   NaN

   NaN

   NaN

Precision / Recall macro
   NaN   NaN

Precision / Recall micro
    0.7206    0.4286


Number of bins: 21
Average bin size: 1.161905e+01
Not enough valid test points; skipping iteration.

Number of bins: 25
Average bin size: 9.760000e+00
Completed iteration:2
Prediction points:14
  TP     FP     TN     FN
     6     3     2     3

Precision / Recall
    0.6667    0.6667


Number of bins: 21
Average bin size: 1.161905e+01
Not enough valid test points; skipping iteration.

Number of bins: 22
Average bin size: 1.109091e+01
Not enough valid test points; skipping iteration.

Number of bins: 19
Average bin size: 1.284211e+01
Not enough valid test points; skipping iteration.

Number of bins: 22
Average bin size: 1.109091e+01
Completed iteration:6
Prediction points:26
  TP     FP     TN     FN
     9     8     5     4

Precision / Recall
    0.5294    0.6923


Number of bins: 23
Average bin size: 1.060870e+01
Not enough valid test points; skipping iteration.

Number of bins: 21
Average bin size: 1.161905e+01
Completed iteration:8
Prediction points:17
  TP     FP     TN     FN
     6     4     2     5

Precision / Recall
    0.6000    0.5455


Number of bins: 24
Average bin size: 1.016667e+01
Completed iteration:9
Prediction points:25
  TP     FP     TN     FN
    10     1     3    11

Precision / Recall
    0.9091    0.4762


Number of bins: 22
Average bin size: 1.109091e+01
Not enough valid test points; skipping iteration.

Number of bins: 24
Average bin size: 1.016667e+01
Not enough valid test points; skipping iteration.

Number of bins: 24
Average bin size: 1.016667e+01
Completed iteration:12
Prediction points:15
  TP     FP     TN     FN
     1     0     2    12

Precision / Recall
    1.0000    0.0769


Number of bins: 22
Average bin size: 1.109091e+01
Not enough valid test points; skipping iteration.

Number of bins: 24
Average bin size: 1.016667e+01
Completed iteration:14
Prediction points:54
  TP     FP     TN     FN
     4     1    11    38

Precision / Recall
    0.8000    0.0952


Number of bins: 21
Average bin size: 1.161905e+01
Not enough valid test points; skipping iteration.

Number of bins: 22
Average bin size: 1.109091e+01
Not enough valid test points; skipping iteration.

Number of bins: 20
Average bin size: 1.220000e+01
Not enough valid test points; skipping iteration.

Number of bins: 20
Average bin size: 1.220000e+01
Not enough valid test points; skipping iteration.

Number of bins: 23
Average bin size: 1.060870e+01
Completed iteration:19
Prediction points:12
  TP     FP     TN     FN
     2     2     4     4

Precision / Recall
    0.5000    0.3333


Number of bins: 21
Average bin size: 1.161905e+01
Not enough valid test points; skipping iteration.

Number of bins: 20
Average bin size: 1.220000e+01
Not enough valid test points; skipping iteration.

Number of bins: 24
Average bin size: 1.016667e+01
Not enough valid test points; skipping iteration.

Number of bins: 22
Average bin size: 1.109091e+01
Completed iteration:23
Prediction points:26
  TP     FP     TN     FN
     9     1     3    13

Precision / Recall
    0.9000    0.4091


Number of bins: 21
Average bin size: 1.161905e+01
Not enough valid test points; skipping iteration.

Number of bins: 22
Average bin size: 1.109091e+01
Not enough valid test points; skipping iteration.

Number of bins: 22
Average bin size: 1.109091e+01
Not enough valid test points; skipping iteration.

Number of bins: 21
Average bin size: 1.161905e+01
Not enough valid test points; skipping iteration.

Number of bins: 21
Average bin size: 1.161905e+01
Not enough valid test points; skipping iteration.

Number of bins: 21
Average bin size: 1.161905e+01
Not enough valid test points; skipping iteration.

Number of bins: 23
Average bin size: 1.060870e+01
Not enough valid test points; skipping iteration.
Overall results (hybrid)
Confidence threshold=0.6
Filtered datapoints
AUC ave err std
    0.5310

    0.0524

    0.0524

Precision / Recall macro
   NaN   NaN

Precision / Recall micro
    0.7529    0.4000


Number of bins: 21
Average bin size: 1.161905e+01
Completed iteration:1
Prediction points:10
  TP     FP     TN     FN
     1     1     3     5

Precision / Recall
    0.5000    0.1667


Number of bins: 21
Average bin size: 1.161905e+01
Not enough valid test points; skipping iteration.

Number of bins: 22
Average bin size: 1.109091e+01
Not enough valid test points; skipping iteration.

Number of bins: 22
Average bin size: 1.109091e+01
Not enough valid test points; skipping iteration.

Number of bins: 21
Average bin size: 1.161905e+01
Completed iteration:5
Prediction points:14
  TP     FP     TN     FN
     3     0     3     8

Precision / Recall
    1.0000    0.2727


Number of bins: 23
Average bin size: 1.060870e+01
Not enough valid test points; skipping iteration.

Number of bins: 25
Average bin size: 9.760000e+00
Not enough valid test points; skipping iteration.

Number of bins: 21
Average bin size: 1.161905e+01
Not enough valid test points; skipping iteration.

Number of bins: 21
Average bin size: 1.161905e+01
Not enough valid test points; skipping iteration.

Number of bins: 21
Average bin size: 1.161905e+01
Not enough valid test points; skipping iteration.

Number of bins: 18
Average bin size: 1.355556e+01
Not enough valid test points; skipping iteration.

Number of bins: 19
Average bin size: 1.284211e+01
Not enough valid test points; skipping iteration.

Number of bins: 22
Average bin size: 1.109091e+01
Not enough valid test points; skipping iteration.

Number of bins: 23
Average bin size: 1.060870e+01
Completed iteration:14
Prediction points:12
  TP     FP     TN     FN
     1     0     4     7

Precision / Recall
    1.0000    0.1250


Number of bins: 22
Average bin size: 1.109091e+01
Not enough valid test points; skipping iteration.

Number of bins: 23
Average bin size: 1.060870e+01
Not enough valid test points; skipping iteration.

Number of bins: 23
Average bin size: 1.060870e+01
Not enough valid test points; skipping iteration.

Number of bins: 22
Average bin size: 1.109091e+01
Not enough valid test points; skipping iteration.

Number of bins: 24
Average bin size: 1.016667e+01
Not enough valid test points; skipping iteration.

Number of bins: 23
Average bin size: 1.060870e+01
Completed iteration:20
Prediction points:12
  TP     FP     TN     FN
     3     1     1     7

Precision / Recall
    0.7500    0.3000


Number of bins: 24
Average bin size: 1.016667e+01
Not enough valid test points; skipping iteration.

Number of bins: 24
Average bin size: 1.016667e+01
Not enough valid test points; skipping iteration.

Number of bins: 19
Average bin size: 1.284211e+01
Not enough valid test points; skipping iteration.

Number of bins: 24
Average bin size: 1.016667e+01
Not enough valid test points; skipping iteration.

Number of bins: 22
Average bin size: 1.109091e+01
Not enough valid test points; skipping iteration.

Number of bins: 21
Average bin size: 1.161905e+01
Not enough valid test points; skipping iteration.

Number of bins: 24
Average bin size: 1.016667e+01
Completed iteration:27
Prediction points:16
  TP     FP     TN     FN
     4     5     1     6

Precision / Recall
    0.4444    0.4000


Number of bins: 20
Average bin size: 1.220000e+01
Not enough valid test points; skipping iteration.

Number of bins: 22
Average bin size: 1.109091e+01
Not enough valid test points; skipping iteration.

Number of bins: 23
Average bin size: 1.060870e+01
Not enough valid test points; skipping iteration.
Overall results (hybrid)
Confidence threshold=0.7
Filtered datapoints
AUC ave err std
    0.4681

    0.1379

    0.1379

Precision / Recall macro
   NaN   NaN

Precision / Recall micro
    0.7345    0.4180


Number of bins: 23
Average bin size: 1.060870e+01
Not enough valid test points; skipping iteration.

Number of bins: 20
Average bin size: 1.220000e+01
Not enough valid test points; skipping iteration.

Number of bins: 23
Average bin size: 1.060870e+01
Not enough valid test points; skipping iteration.

Number of bins: 23
Average bin size: 1.060870e+01
Not enough valid test points; skipping iteration.

Number of bins: 21
Average bin size: 1.161905e+01
Not enough valid test points; skipping iteration.

Number of bins: 24
Average bin size: 1.016667e+01
Not enough valid test points; skipping iteration.

Number of bins: 24
Average bin size: 1.016667e+01
Not enough valid test points; skipping iteration.

Number of bins: 22
Average bin size: 1.109091e+01
Not enough valid test points; skipping iteration.

Number of bins: 24
Average bin size: 1.016667e+01
Not enough valid test points; skipping iteration.

Number of bins: 23
Average bin size: 1.060870e+01
Not enough valid test points; skipping iteration.

Number of bins: 25
Average bin size: 9.760000e+00
Not enough valid test points; skipping iteration.

Number of bins: 22
Average bin size: 1.109091e+01
Not enough valid test points; skipping iteration.

Number of bins: 23
Average bin size: 1.060870e+01
Completed iteration:13
Prediction points:11
  TP     FP     TN     FN
     3     3     3     2

Precision / Recall
    0.5000    0.6000


Number of bins: 22
Average bin size: 1.109091e+01
Not enough valid test points; skipping iteration.

Number of bins: 22
Average bin size: 1.109091e+01
Not enough valid test points; skipping iteration.

Number of bins: 19
Average bin size: 1.284211e+01
Not enough valid test points; skipping iteration.

Number of bins: 22
Average bin size: 1.109091e+01
Completed iteration:17
Prediction points:11
  TP     FP     TN     FN
     3     2     5     1

Precision / Recall
    0.6000    0.7500


Number of bins: 23
Average bin size: 1.060870e+01
Not enough valid test points; skipping iteration.

Number of bins: 21
Average bin size: 1.161905e+01
Not enough valid test points; skipping iteration.

Number of bins: 25
Average bin size: 9.760000e+00
Not enough valid test points; skipping iteration.

Number of bins: 19
Average bin size: 1.284211e+01
Not enough valid test points; skipping iteration.

Number of bins: 22
Average bin size: 1.109091e+01
Not enough valid test points; skipping iteration.

Number of bins: 22
Average bin size: 1.109091e+01
Not enough valid test points; skipping iteration.

Number of bins: 21
Average bin size: 1.161905e+01
Not enough valid test points; skipping iteration.

Number of bins: 22
Average bin size: 1.109091e+01
Not enough valid test points; skipping iteration.

Number of bins: 23
Average bin size: 1.060870e+01
Not enough valid test points; skipping iteration.

Number of bins: 26
Average bin size: 9.384615e+00
Not enough valid test points; skipping iteration.

Number of bins: 24
Average bin size: 1.016667e+01
Not enough valid test points; skipping iteration.

Number of bins: 22
Average bin size: 1.109091e+01
Not enough valid test points; skipping iteration.

Number of bins: 23
Average bin size: 1.060870e+01
Not enough valid test points; skipping iteration.
Overall results (hybrid)
Confidence threshold=0.8
Filtered datapoints
AUC ave err std
    0.6411

    0.1288

    0.1288

Precision / Recall macro
   NaN   NaN

Precision / Recall micro
    0.7198    0.4533


Number of bins: 21
Average bin size: 1.161905e+01
Not enough valid test points; skipping iteration.

Number of bins: 22
Average bin size: 1.109091e+01
Completed iteration:2
Prediction points:12
  TP     FP     TN     FN
     3     2     0     7

Precision / Recall
    0.6000    0.3000


Number of bins: 23
Average bin size: 1.060870e+01
Not enough valid test points; skipping iteration.

Number of bins: 21
Average bin size: 1.161905e+01
Not enough valid test points; skipping iteration.

Number of bins: 22
Average bin size: 1.109091e+01
Not enough valid test points; skipping iteration.

Number of bins: 23
Average bin size: 1.060870e+01
Not enough valid test points; skipping iteration.

Number of bins: 23
Average bin size: 1.060870e+01
Not enough valid test points; skipping iteration.

Number of bins: 21
Average bin size: 1.161905e+01
Not enough valid test points; skipping iteration.

Number of bins: 22
Average bin size: 1.109091e+01
Not enough valid test points; skipping iteration.

Number of bins: 21
Average bin size: 1.161905e+01
Not enough valid test points; skipping iteration.

Number of bins: 22
Average bin size: 1.109091e+01
Not enough valid test points; skipping iteration.

Number of bins: 20
Average bin size: 1.220000e+01
Not enough valid test points; skipping iteration.

Number of bins: 22
Average bin size: 1.109091e+01
Not enough valid test points; skipping iteration.

Number of bins: 23
Average bin size: 1.060870e+01
Not enough valid test points; skipping iteration.

Number of bins: 24
Average bin size: 1.016667e+01
Not enough valid test points; skipping iteration.

Number of bins: 24
Average bin size: 1.016667e+01
Not enough valid test points; skipping iteration.

Number of bins: 23
Average bin size: 1.060870e+01
Not enough valid test points; skipping iteration.

Number of bins: 23
Average bin size: 1.060870e+01
Not enough valid test points; skipping iteration.

Number of bins: 21
Average bin size: 1.161905e+01
Not enough valid test points; skipping iteration.

Number of bins: 24
Average bin size: 1.016667e+01
Not enough valid test points; skipping iteration.

Number of bins: 23
Average bin size: 1.060870e+01
Completed iteration:21
Prediction points:16
  TP     FP     TN     FN
     7     2     5     2

Precision / Recall
    0.7778    0.7778


Number of bins: 24
Average bin size: 1.016667e+01
Not enough valid test points; skipping iteration.

Number of bins: 20
Average bin size: 1.220000e+01
Completed iteration:23
Prediction points:14
  TP     FP     TN     FN
     1     1     6     6

Precision / Recall
    0.5000    0.1429


Number of bins: 22
Average bin size: 1.109091e+01
Completed iteration:24
Prediction points:10
  TP     FP     TN     FN
     1     0     1     8

Precision / Recall
    1.0000    0.1111


Number of bins: 22
Average bin size: 1.109091e+01
Not enough valid test points; skipping iteration.

Number of bins: 21
Average bin size: 1.161905e+01
Not enough valid test points; skipping iteration.

Number of bins: 21
Average bin size: 1.161905e+01
Not enough valid test points; skipping iteration.

Number of bins: 21
Average bin size: 1.161905e+01
Completed iteration:28
Prediction points:11
  TP     FP     TN     FN
     3     1     1     6

Precision / Recall
    0.7500    0.3333


Number of bins: 23
Average bin size: 1.060870e+01
Not enough valid test points; skipping iteration.

Number of bins: 22
Average bin size: 1.109091e+01
Not enough valid test points; skipping iteration.
Overall results (hybrid)
Confidence threshold=0.9
Filtered datapoints
AUC ave err std
    0.4737

    0.2177

    0.2177

Precision / Recall macro
   NaN   NaN

Precision / Recall micro
    0.7095    0.4410

    TPR       FPR       TNR       FNR       cutoff
computation time (s)
  816.2550

