!!!!below quality measures have been removed due to insufficient data!!!!!!!!!!!!
    ' TriangleSize'

Keeping QMs:
name        p values
    ' Spread'    '2.48e-07'

    ' Limit'    '2.57e-07'

    ' OrthoNorm'    '0.000358'

Deleting QMs:
name        p values
    ' Extension'    '0.978'

    'GraspIt_Epsilon'    '0.892'

    ' Volume'    '0.537'

    'GraspIt_Volume'    '0.376'

    'GraspIt_ContactEnergy'    '0.0879'

    ' PerpSym'    '0.0627'

    ' ParallelSym'    '0.00685'

binThreshold:20

Number of bins: 20
Average bin size: 1.220000e+01
Completed iteration:1
Prediction points:13
  TP     FP     TN     FN
     4     0     1     8

Precision / Recall
    1.0000    0.3333


Number of bins: 24
Average bin size: 1.016667e+01
Completed iteration:2
Prediction points:12
  TP     FP     TN     FN
     6     4     0     2

Precision / Recall
    0.6000    0.7500


Number of bins: 23
Average bin size: 1.060870e+01
Completed iteration:3
Prediction points:18
  TP     FP     TN     FN
     0     2     3    13

Precision / Recall
     0     0


Number of bins: 19
Average bin size: 1.284211e+01
Not enough valid test points; skipping iteration.

Number of bins: 20
Average bin size: 1.220000e+01
Not enough valid test points; skipping iteration.

Number of bins: 23
Average bin size: 1.060870e+01
Completed iteration:6
Prediction points:19
  TP     FP     TN     FN
     0     2     4    13

Precision / Recall
     0     0


Number of bins: 23
Average bin size: 1.060870e+01
Completed iteration:7
Prediction points:25
  TP     FP     TN     FN
     1     0     3    21

Precision / Recall
    1.0000    0.0455


Number of bins: 22
Average bin size: 1.109091e+01
Not enough valid test points; skipping iteration.

Number of bins: 25
Average bin size: 9.760000e+00
Not enough valid test points; skipping iteration.

Number of bins: 19
Average bin size: 1.284211e+01
Completed iteration:10
Prediction points:11
  TP     FP     TN     FN
     4     0     3     4

Precision / Recall
    1.0000    0.5000


Number of bins: 24
Average bin size: 1.016667e+01
Completed iteration:11
Prediction points:19
  TP     FP     TN     FN
     5     2     4     8

Precision / Recall
    0.7143    0.3846


Number of bins: 23
Average bin size: 1.060870e+01
Completed iteration:12
Prediction points:16
  TP     FP     TN     FN
     1     0     1    14

Precision / Recall
    1.0000    0.0667


Number of bins: 22
Average bin size: 1.109091e+01
Completed iteration:13
Prediction points:17
  TP     FP     TN     FN
     7     5     3     2

Precision / Recall
    0.5833    0.7778


Number of bins: 25
Average bin size: 9.760000e+00
Completed iteration:14
Prediction points:19
  TP     FP     TN     FN
     6     2     3     8

Precision / Recall
    0.7500    0.4286


Number of bins: 22
Average bin size: 1.109091e+01
Completed iteration:15
Prediction points:19
  TP     FP     TN     FN
     8     9     2     0

Precision / Recall
    0.4706    1.0000


Number of bins: 21
Average bin size: 1.161905e+01
Completed iteration:16
Prediction points:41
  TP     FP     TN     FN
     3     0     8    30

Precision / Recall
    1.0000    0.0909


Number of bins: 21
Average bin size: 1.161905e+01
Completed iteration:17
Prediction points:22
  TP     FP     TN     FN
     2     1     4    15

Precision / Recall
    0.6667    0.1176


Number of bins: 21
Average bin size: 1.161905e+01
Completed iteration:18
Prediction points:18
  TP     FP     TN     FN
     3     5     3     7

Precision / Recall
    0.3750    0.3000


Number of bins: 24
Average bin size: 1.016667e+01
Completed iteration:19
Prediction points:26
  TP     FP     TN     FN
     0     1     6    19

Precision / Recall
     0     0


Number of bins: 24
Average bin size: 1.016667e+01
Completed iteration:20
Prediction points:18
  TP     FP     TN     FN
     1     1     2    14

Precision / Recall
    0.5000    0.0667


Number of bins: 19
Average bin size: 1.284211e+01
Completed iteration:21
Prediction points:18
  TP     FP     TN     FN
     2     0     4    12

Precision / Recall
    1.0000    0.1429


Number of bins: 25
Average bin size: 9.760000e+00
Not enough valid test points; skipping iteration.

Number of bins: 24
Average bin size: 1.016667e+01
Not enough valid test points; skipping iteration.

Number of bins: 22
Average bin size: 1.109091e+01
Not enough valid test points; skipping iteration.

Number of bins: 19
Average bin size: 1.284211e+01
Completed iteration:25
Prediction points:19
  TP     FP     TN     FN
     9     3     4     3

Precision / Recall
    0.7500    0.7500


Number of bins: 22
Average bin size: 1.109091e+01
Not enough valid test points; skipping iteration.

Number of bins: 22
Average bin size: 1.109091e+01
Completed iteration:27
Prediction points:22
  TP     FP     TN     FN
     1     1     6    14

Precision / Recall
    0.5000    0.0667


Number of bins: 20
Average bin size: 1.220000e+01
Not enough valid test points; skipping iteration.

Number of bins: 21
Average bin size: 1.161905e+01
Completed iteration:29
Prediction points:17
  TP     FP     TN     FN
     3     0     3    11

Precision / Recall
    1.0000    0.2143


Number of bins: 21
Average bin size: 1.161905e+01
Not enough valid test points; skipping iteration.
Overall results (hybrid)
Confidence threshold=0.5
Filtered datapoints
AUC ave err std
    0.5063

    0.1228

    0.1228

Precision / Recall macro
   NaN   NaN

Precision / Recall micro
    0.6346    0.2324


Number of bins: 21
Average bin size: 1.161905e+01
Not enough valid test points; skipping iteration.

Number of bins: 25
Average bin size: 9.760000e+00
Not enough valid test points; skipping iteration.

Number of bins: 21
Average bin size: 1.161905e+01
Not enough valid test points; skipping iteration.

Number of bins: 22
Average bin size: 1.109091e+01
Not enough valid test points; skipping iteration.

Number of bins: 19
Average bin size: 1.284211e+01
Not enough valid test points; skipping iteration.

Number of bins: 22
Average bin size: 1.109091e+01
Not enough valid test points; skipping iteration.

Number of bins: 23
Average bin size: 1.060870e+01
Not enough valid test points; skipping iteration.

Number of bins: 21
Average bin size: 1.161905e+01
Completed iteration:8
Prediction points:17
  TP     FP     TN     FN
     2     1     1    13

Precision / Recall
    0.6667    0.1333


Number of bins: 24
Average bin size: 1.016667e+01
Completed iteration:9
Prediction points:16
  TP     FP     TN     FN
     1     1     6     8

Precision / Recall
    0.5000    0.1111


Number of bins: 22
Average bin size: 1.109091e+01
Not enough valid test points; skipping iteration.

Number of bins: 24
Average bin size: 1.016667e+01
Not enough valid test points; skipping iteration.

Number of bins: 24
Average bin size: 1.016667e+01
Not enough valid test points; skipping iteration.

Number of bins: 22
Average bin size: 1.109091e+01
Completed iteration:13
Prediction points:12
  TP     FP     TN     FN
     2     0     1     9

Precision / Recall
    1.0000    0.1818


Number of bins: 24
Average bin size: 1.016667e+01
Not enough valid test points; skipping iteration.

Number of bins: 21
Average bin size: 1.161905e+01
Not enough valid test points; skipping iteration.

Number of bins: 22
Average bin size: 1.109091e+01
Not enough valid test points; skipping iteration.

Number of bins: 20
Average bin size: 1.220000e+01
Not enough valid test points; skipping iteration.

Number of bins: 20
Average bin size: 1.220000e+01
Not enough valid test points; skipping iteration.

Number of bins: 23
Average bin size: 1.060870e+01
Completed iteration:19
Prediction points:12
  TP     FP     TN     FN
     4     3     3     2

Precision / Recall
    0.5714    0.6667


Number of bins: 21
Average bin size: 1.161905e+01
Not enough valid test points; skipping iteration.

Number of bins: 20
Average bin size: 1.220000e+01
Not enough valid test points; skipping iteration.

Number of bins: 24
Average bin size: 1.016667e+01
Not enough valid test points; skipping iteration.

Number of bins: 22
Average bin size: 1.109091e+01
Not enough valid test points; skipping iteration.

Number of bins: 21
Average bin size: 1.161905e+01
Not enough valid test points; skipping iteration.

Number of bins: 22
Average bin size: 1.109091e+01
Not enough valid test points; skipping iteration.

Number of bins: 22
Average bin size: 1.109091e+01
Not enough valid test points; skipping iteration.

Number of bins: 21
Average bin size: 1.161905e+01
Not enough valid test points; skipping iteration.

Number of bins: 21
Average bin size: 1.161905e+01
Not enough valid test points; skipping iteration.

Number of bins: 21
Average bin size: 1.161905e+01
Completed iteration:29
Prediction points:18
  TP     FP     TN     FN
     1     0     6    11

Precision / Recall
    1.0000    0.0833


Number of bins: 23
Average bin size: 1.060870e+01
Not enough valid test points; skipping iteration.
Overall results (hybrid)
Confidence threshold=0.6
Filtered datapoints
AUC ave err std
    0.5033

    0.1126

    0.1126

Precision / Recall macro
   NaN   NaN

Precision / Recall micro
    0.6408    0.2237


Number of bins: 21
Average bin size: 1.161905e+01
Not enough valid test points; skipping iteration.

Number of bins: 21
Average bin size: 1.161905e+01
Not enough valid test points; skipping iteration.

Number of bins: 22
Average bin size: 1.109091e+01
Not enough valid test points; skipping iteration.

Number of bins: 22
Average bin size: 1.109091e+01
Completed iteration:4
Prediction points:15
  TP     FP     TN     FN
     1     0     5     9

Precision / Recall
    1.0000    0.1000


Number of bins: 21
Average bin size: 1.161905e+01
Completed iteration:5
Prediction points:12
  TP     FP     TN     FN
     6     4     1     1

Precision / Recall
    0.6000    0.8571


Number of bins: 23
Average bin size: 1.060870e+01
Not enough valid test points; skipping iteration.

Number of bins: 25
Average bin size: 9.760000e+00
Not enough valid test points; skipping iteration.

Number of bins: 21
Average bin size: 1.161905e+01
Not enough valid test points; skipping iteration.

Number of bins: 21
Average bin size: 1.161905e+01
Not enough valid test points; skipping iteration.

Number of bins: 21
Average bin size: 1.161905e+01
Not enough valid test points; skipping iteration.

Number of bins: 18
Average bin size: 1.355556e+01
Not enough valid test points; skipping iteration.

Number of bins: 19
Average bin size: 1.284211e+01
Not enough valid test points; skipping iteration.

Number of bins: 22
Average bin size: 1.109091e+01
Not enough valid test points; skipping iteration.

Number of bins: 23
Average bin size: 1.060870e+01
Not enough valid test points; skipping iteration.

Number of bins: 22
Average bin size: 1.109091e+01
Not enough valid test points; skipping iteration.

Number of bins: 23
Average bin size: 1.060870e+01
Not enough valid test points; skipping iteration.

Number of bins: 23
Average bin size: 1.060870e+01
Not enough valid test points; skipping iteration.

Number of bins: 22
Average bin size: 1.109091e+01
Not enough valid test points; skipping iteration.

Number of bins: 24
Average bin size: 1.016667e+01
Not enough valid test points; skipping iteration.

Number of bins: 23
Average bin size: 1.060870e+01
Not enough valid test points; skipping iteration.

Number of bins: 24
Average bin size: 1.016667e+01
Not enough valid test points; skipping iteration.

Number of bins: 24
Average bin size: 1.016667e+01
Not enough valid test points; skipping iteration.

Number of bins: 19
Average bin size: 1.284211e+01
Not enough valid test points; skipping iteration.

Number of bins: 24
Average bin size: 1.016667e+01
Not enough valid test points; skipping iteration.

Number of bins: 22
Average bin size: 1.109091e+01
Not enough valid test points; skipping iteration.

Number of bins: 21
Average bin size: 1.161905e+01
Not enough valid test points; skipping iteration.

Number of bins: 24
Average bin size: 1.016667e+01
Not enough valid test points; skipping iteration.

Number of bins: 20
Average bin size: 1.220000e+01
Not enough valid test points; skipping iteration.

Number of bins: 22
Average bin size: 1.109091e+01
Not enough valid test points; skipping iteration.

Number of bins: 23
Average bin size: 1.060870e+01
Not enough valid test points; skipping iteration.
Overall results (hybrid)
Confidence threshold=0.7
Filtered datapoints
AUC ave err std
    0.5393

    0.0152

    0.0152

Precision / Recall macro
   NaN   NaN

Precision / Recall micro
    0.6404    0.2340


Number of bins: 23
Average bin size: 1.060870e+01
Not enough valid test points; skipping iteration.

Number of bins: 20
Average bin size: 1.220000e+01
Not enough valid test points; skipping iteration.

Number of bins: 23
Average bin size: 1.060870e+01
Not enough valid test points; skipping iteration.

Number of bins: 23
Average bin size: 1.060870e+01
Completed iteration:4
Prediction points:11
  TP     FP     TN     FN
     7     1     2     1

Precision / Recall
    0.8750    0.8750


Number of bins: 21
Average bin size: 1.161905e+01
Not enough valid test points; skipping iteration.

Number of bins: 24
Average bin size: 1.016667e+01
Not enough valid test points; skipping iteration.

Number of bins: 24
Average bin size: 1.016667e+01
Not enough valid test points; skipping iteration.

Number of bins: 22
Average bin size: 1.109091e+01
Not enough valid test points; skipping iteration.

Number of bins: 24
Average bin size: 1.016667e+01
Not enough valid test points; skipping iteration.

Number of bins: 23
Average bin size: 1.060870e+01
Not enough valid test points; skipping iteration.

Number of bins: 25
Average bin size: 9.760000e+00
Not enough valid test points; skipping iteration.

Number of bins: 22
Average bin size: 1.109091e+01
Not enough valid test points; skipping iteration.

Number of bins: 23
Average bin size: 1.060870e+01
Not enough valid test points; skipping iteration.

Number of bins: 22
Average bin size: 1.109091e+01
Not enough valid test points; skipping iteration.

Number of bins: 22
Average bin size: 1.109091e+01
Not enough valid test points; skipping iteration.

Number of bins: 19
Average bin size: 1.284211e+01
Not enough valid test points; skipping iteration.

Number of bins: 22
Average bin size: 1.109091e+01
Not enough valid test points; skipping iteration.

Number of bins: 23
Average bin size: 1.060870e+01
Not enough valid test points; skipping iteration.

Number of bins: 21
Average bin size: 1.161905e+01
Not enough valid test points; skipping iteration.

Number of bins: 25
Average bin size: 9.760000e+00
Completed iteration:20
Prediction points:17
  TP     FP     TN     FN
     4     0     5     8

Precision / Recall
    1.0000    0.3333


Number of bins: 19
Average bin size: 1.284211e+01
Not enough valid test points; skipping iteration.

Number of bins: 22
Average bin size: 1.109091e+01
Not enough valid test points; skipping iteration.

Number of bins: 22
Average bin size: 1.109091e+01
Completed iteration:23
Prediction points:13
  TP     FP     TN     FN
     5     4     3     1

Precision / Recall
    0.5556    0.8333


Number of bins: 21
Average bin size: 1.161905e+01
Not enough valid test points; skipping iteration.

Number of bins: 22
Average bin size: 1.109091e+01
Not enough valid test points; skipping iteration.

Number of bins: 23
Average bin size: 1.060870e+01
Not enough valid test points; skipping iteration.

Number of bins: 26
Average bin size: 9.384615e+00
Not enough valid test points; skipping iteration.

Number of bins: 24
Average bin size: 1.016667e+01
Not enough valid test points; skipping iteration.

Number of bins: 22
Average bin size: 1.109091e+01
Not enough valid test points; skipping iteration.

Number of bins: 23
Average bin size: 1.060870e+01
Completed iteration:30
Prediction points:13
  TP     FP     TN     FN
     3     2     2     6

Precision / Recall
    0.6000    0.3333

Overall results (hybrid)
Confidence threshold=0.8
Filtered datapoints
AUC ave err std
    0.6213

    0.1488

    0.1488

Precision / Recall macro
   NaN   NaN

Precision / Recall micro
    0.6569    0.2795


Number of bins: 21
Average bin size: 1.161905e+01
Not enough valid test points; skipping iteration.

Number of bins: 22
Average bin size: 1.109091e+01
Not enough valid test points; skipping iteration.

Number of bins: 23
Average bin size: 1.060870e+01
Not enough vali!!!!below quality measures have been removed due to insufficient data!!!!!!!!!!!!
    ' TriangleSize'

Keeping QMs:
name        p values
    ' Spread'    '2.48e-07'

    ' Limit'    '2.57e-07'

    ' OrthoNorm'    '0.000358'

Deleting QMs:
name        p values
    ' Extension'    '0.978'

    'GraspIt_Epsilon'    '0.892'

    ' Volume'    '0.537'

    'GraspIt_Volume'    '0.376'

    'GraspIt_ContactEnergy'    '0.0879'

    ' PerpSym'    '0.0627'

    ' ParallelSym'    '0.00685'

binThreshold:15

Number of bins: 27
Average bin size: 9.037037e+00
Completed iteration:1
Prediction points:39
  TP     FP     TN     FN
    19     5     4    11

Precision / Recall
    0.7917    0.6333


Number of bins: 29
Average bin size: 8.413793e+00
Completed iteration:2
Prediction points:31
  TP     FP     TN     FN
     7     4    10    10

Precision / Recall
    0.6364    0.4118


Number of bins: 28
Average bin size: 8.714286e+00
Completed iteration:3
Prediction points:28
  TP     FP     TN     FN
     7     5     2    14

Precision / Recall
    0.5833    0.3333


Number of bins: 24
Average bin size: 1.016667e+01
Completed iteration:4
Prediction points:14
  TP     FP     TN     FN
     1     1     0    12

Precision / Recall
    0.5000    0.0769

{Operation terminated by user during <a href="matlab:helpUtils.errorDocCallback('solve_chol', 'Z:\RobotGrasp2\util\solve_chol.m', 0)" style="font-weight:bold">solve_chol</a>


In <a href="matlab:helpUtils.errorDocCallback('infExact', 'Z:\RobotGrasp2\inf\infExact.m', 33)" style="font-weight:bold">infExact</a> (<a href="matlab: opentoline('Z:\RobotGrasp2\inf\infExact.m',33,0)">line 33</a>)
    Q = solve_chol(L,eye(n))/sn2 - alpha*alpha';    % precompute for convenience

In <a href="matlab:helpUtils.errorDocCallback('gp', 'Z:\RobotGrasp2\gp.m', 112)" style="font-weight:bold">gp</a> (<a href="matlab: opentoline('Z:\RobotGrasp2\gp.m',112,0)">line 112</a>)
      [post nlZ dnlZ] = inf(hyp, mean, cov, lik, x, y);

In <a href="matlab:helpUtils.errorDocCallback('minimize', 'Z:\RobotGrasp2\util\minimize.m', 141)" style="font-weight:bold">minimize</a> (<a href="matlab: opentoline('Z:\RobotGrasp2\util\minimize.m',141,0)">line 141</a>)
    [f3 df3] = feval(f, rewrap(Z,X+x3*s), varargin{:});

In <a href="matlab:helpUtils.errorDocCallback('GP_GraspIt_TP_hybrid_kdtree', 'Z:\Thesis\GP_GraspIt_TP_hybrid_kdtree.m', 268)" style="font-weight:bold">GP_GraspIt_TP_hybrid_kdtree</a> (<a href="matlab: opentoline('Z:\Thesis\GP_GraspIt_TP_hybrid_kdtree.m',268,0)">line 268</a>)
        hyp = minimize(hyp, @gp, -1000, inffunc, meanfunc, covfunc, likfunc, trainData, trainy);
} 
<a href="matlab: opentoline('Z:\RobotGrasp2\gp.m',112,1)">112 </a>      [post nlZ dnlZ] = inf(hyp, mean, cov, lik, x, y);
if system_dependent('IsDebugMode')==1, dbquit; end
x = -2:0.2:2;
y = -2:0.2:3;
[X,Y] = meshgrid(x,y);
X

X =

  Columns 1 through 13

   -2.0000   -1.8000   -1.6000   -1.4000   -1.2000   -1.0000   -0.8000   -0.6000   -0.4000   -0.2000         0    0.2000    0.4000
   -2.0000   -1.8000   -1.6000   -1.4000   -1.2000   -1.0000   -0.8000   -0.6000   -0.4000   -0.2000         0    0.2000    0.4000
   -2.0000   -1.8000   -1.6000   -1.4000   -1.2000   -1.0000   -0.8000   -0.6000   -0.4000   -0.2000         0    0.2000    0.4000
   -2.0000   -1.8000   -1.6000   -1.4000   -1.2000   -1.0000   -0.8000   -0.6000   -0.4000   -0.2000         0    0.2000    0.4000
   -2.0000   -1.8000   -1.6000   -1.4000   -1.2000   -1.0000   -0.8000   -0.6000   -0.4000   -0.2000         0    0.2000    0.4000
   -2.0000   -1.8000   -1.6000   -1.4000   -1.2000   -1.0000   -0.8000   -0.6000   -0.4000   -0.2000         0    0.2000    0.4000
   -2.0000   -1.8000   -1.6000   -1.4000   -1.2000   -1.0000   -0.8000   -0.6000   -0.4000   -0.2000         0    0.2000    0.4000
   -2.0000   -1.8000   -1.6000   -1.4000   -1.2000   -1.0000   -0.8000   -0.6000   -0.4000   -0.2000         0    0.2000    0.4000
   -2.0000   -1.8000   -1.6000   -1.4000   -1.2000   -1.0000   -0.8000   -0.6000   -0.4000   -0.2000         0    0.2000    0.4000
   -2.0000   -1.8000   -1.6000   -1.4000   -1.2000   -1.0000   -0.8000   -0.6000   -0.4000   -0.2000         0    0.2000    0.4000
   -2.0000   -1.8000   -1.6000   -1.4000   -1.2000   -1.0000   -0.8000   -0.6000   -0.4000   -0.2000         0    0.2000    0.4000
   -2.0000   -1.8000   -1.6000   -1.4000   -1.2000   -1.0000   -0.8000   -0.6000   -0.4000   -0.2000         0    0.2000    0.4000
   -2.0000   -1.8000   -1.6000   -1.4000   -1.2000   -1.0000   -0.8000   -0.6000   -0.4000   -0.2000         0    0.2000    0.4000
   -2.0000   -1.8000   -1.6000   -1.4000   -1.2000   -1.0000   -0.8000   -0.6000   -0.4000   -0.2000         0    0.2000    0.4000
   -2.0000   -1.8000   -1.6000   -1.4000   -1.2000   -1.0000   -0.8000   -0.6000   -0.4000   -0.2000         0    0.2000    0.4000
   -2.0000   -1.8000   -1.6000   -1.4000   -1.2000   -1.0000   -0.8000   -0.6000   -0.4000   -0.2000         0    0.2000    0.4000
   -2.0000   -1.8000   -1.6000   -1.4000   -1.2000   -1.0000   -0.8000   -0.6000   -0.4000   -0.2000         0    0.2000    0.4000
   -2.0000   -1.8000   -1.6000   -1.4000   -1.2000   -1.0000   -0.8000   -0.6000   -0.4000   -0.2000         0    0.2000    0.4000
   -2.0000   -1.8000   -1.6000   -1.4000   -1.2000   -1.0000   -0.8000   -0.6000   -0.4000   -0.2000         0    0.2000    0.4000
   -2.0000   -1.8000   -1.6000   -1.4000   -1.2000   -1.0000   -0.8000   -0.6000   -0.4000   -0.2000         0    0.2000    0.4000
   -2.0000   -1.8000   -1.6000   -1.4000   -1.2000   -1.0000   -0.8000   -0.6000   -0.4000   -0.2000         0    0.2000    0.4000
   -2.0000   -1.8000   -1.6000   -1.4000   -1.2000   -1.0000   -0.8000   -0.6000   -0.4000   -0.2000         0    0.2000    0.4000
   -2.0000   -1.8000   -1.6000   -1.4000   -1.2000   -1.0000   -0.8000   -0.6000   -0.4000   -0.2000         0    0.2000    0.4000
   -2.0000   -1.8000   -1.6000   -1.4000   -1.2000   -1.0000   -0.8000   -0.6000   -0.4000   -0.2000         0    0.2000    0.4000
   -2.0000   -1.8000   -1.6000   -1.4000   -1.2000   -1.0000   -0.8000   -0.6000   -0.4000   -0.2000         0    0.2000    0.4000
   -2.0000   -1.8000   -1.6000   -1.4000   -1.2000   -1.0000   -0.8000   -0.6000   -0.4000   -0.2000         0    0.2000    0.4000

  Columns 14 through 21

    0.6000    0.8000    1.0000    1.2000    1.4000    1.6000    1.8000    2.0000
    0.6000    0.8000    1.0000    1.2000    1.4000    1.6000    1.8000    2.0000
    0.6000    0.8000    1.0000    1.2000    1.4000    1.6000    1.8000    2.0000
    0.6000    0.8000    1.0000    1.2000    1.4000    1.6000    1.8000    2.0000
    0.6000    0.8000    1.0000    1.2000    1.4000    1.6000    1.8000    2.0000
    0.6000    0.8000    1.0000    1.2000    1.4000    1.6000    1.8000    2.0000
    0.6000    0.8000    1.0000    1.2000    1.4000    1.6000    1.8000    2.0000
    0.6000    0.8000    1.0000    1.2000    1.4000    1.6000    1.8000    2.0000
    0.6000    0.8000    1.0000    1.2000    1.4000    1.6000    1.8000    2.0000
    0.6000    0.8000    1.0000    1.2000    1.4000    1.6000    1.8000    2.0000
    0.6000    0.8000    1.0000    1.2000    1.4000    1.6000    1.8000    2.0000
    0.6000    0.8000    1.0000    1.2000    1.4000    1.6000    1.8000    2.0000
    0.6000    0.8000    1.0000    1.2000    1.4000    1.6000    1.8000    2.0000
    0.6000    0.8000    1.0000    1.2000    1.4000    1.6000    1.8000    2.0000
    0.6000    0.8000    1.0000    1.2000    1.4000    1.6000    1.8000    2.0000
    0.6000    0.8000    1.0000    1.2000    1.4000    1.6000    1.8000    2.0000
    0.6000    0.8000    1.0000    1.2000    1.4000    1.6000    1.8000    2.0000
    0.6000    0.8000    1.0000    1.2000    1.4000    1.6000    1.8000    2.0000
    0.6000    0.8000    1.0000    1.2000    1.4000    1.6000    1.8000    2.0000
    0.6000    0.8000    1.0000    1.2000    1.4000    1.6000    1.8000    2.0000
    0.6000    0.8000    1.0000    1.2000    1.4000    1.6000    1.8000    2.0000
    0.6000    0.8000    1.0000    1.2000    1.4000    1.6000    1.8000    2.0000
    0.6000    0.8000    1.0000    1.2000    1.4000    1.6000    1.8000    2.0000
    0.6000    0.8000    1.0000    1.2000    1.4000    1.6000    1.8000    2.0000
    0.6000    0.8000    1.0000    1.2000    1.4000    1.6000    1.8000    2.0000
    0.6000    0.8000    1.0000    1.2000    1.4000    1.6000    1.8000    2.0000

Y

Y =

  Columns 1 through 13

   -2.0000   -2.0000   -2.0000   -2.0000   -2.0000   -2.0000   -2.0000   -2.0000   -2.0000   -2.0000   -2.0000   -2.0000   -2.0000
   -1.8000   -1.8000   -1.8000   -1.8000   -1.8000   -1.8000   -1.8000   -1.8000   -1.8000   -1.8000   -1.8000   -1.8000   -1.8000
   -1.6000   -1.6000   -1.6000   -1.6000   -1.6000   -1.6000   -1.6000   -1.6000   -1.6000   -1.6000   -1.6000   -1.6000   -1.6000
   -1.4000   -1.4000   -1.4000   -1.4000   -1.4000   -1.4000   -1.4000   -1.4000   -1.4000   -1.4000   -1.4000   -1.4000   -1.4000
   -1.2000   -1.2000   -1.2000   -1.2000   -1.2000   -1.2000   -1.2000   -1.2000   -1.2000   -1.2000   -1.2000   -1.2000   -1.2000
   -1.0000   -1.0000   -1.0000   -1.0000   -1.0000   -1.0000   -1.0000   -1.0000   -1.0000   -1.0000   -1.0000   -1.0000   -1.0000
   -0.8000   -0.8000   -0.8000   -0.8000   -0.8000   -0.8000   -0.8000   -0.8000   -0.8000   -0.8000   -0.8000   -0.8000   -0.8000
   -0.6000   -0.6000   -0.6000   -0.6000   -0.6000   -0.6000   -0.6000   -0.6000   -0.6000   -0.6000   -0.6000   -0.6000   -0.6000
   -0.4000   -0.4000   -0.4000   -0.4000   -0.4000   -0.4000   -0.4000   -0.4000   -0.4000   -0.4000   -0.4000   -0.4000   -0.4000
   -0.2000   -0.2000   -0.2000   -0.2000   -0.2000   -0.2000   -0.2000   -0.2000   -0.2000   -0.2000   -0.2000   -0.2000   -0.2000
         0         0         0         0         0         0         0         0         0         0         0         0         0
    0.2000    0.2000    0.2000    0.2000    0.2000    0.2000    0.2000    0.2000    0.2000    0.2000    0.2000    0.2000    0.2000
    0.4000    0.4000    0.4000    0.4000    0.4000    0.4000    0.4000    0.4000    0.4000    0.4000    0.4000    0.4000    0.4000
    0.6000    0.6000    0.6000    0.6000    0.6000    0.6000    0.6000    0.6000    0.6000    0.6000    0.6000    0.6000    0.6000
    0.8000    0.8000    0.8000    0.8000    0.8000    0.8000    0.8000    0.8000    0.8000    0.8000    0.8000    0.8000    0.8000
    1.0000    1.0000    1.0000    1.0000    1.0000    1.0000    1.0000    1.0000    1.0000    1.0000    1.0000    1.0000    1.0000
    1.2000    1.2000    1.2000    1.2000    1.2000    1.2000    1.2000    1.2000    1.2000    1.2000    1.2000    1.2000    1.2000
    1.4000    1.4000    1.4000    1.4000    1.4000    1.4000    1.4000    1.4000    1.4000    1.4000    1.4000    1.4000    1.4000
    1.6000    1.6000    1.6000    1.6000    1.6000    1.6000    1.6000    1.6000    1.6000    1.6000    1.6000    1.6000    1.6000
    1.8000    1.8000    1.8000    1.8000    1.8000    1.8000    1.8000    1.8000    1.8000    1.8000    1.8000    1.8000    1.8000
    2.0000    2.0000    2.0000    2.0000    2.0000    2.0000    2.0000    2.0000    2.0000    2.0000    2.0000    2.0000    2.0000
    2.2000    2.2000    2.2000    2.2000    2.2000    2.2000    2.2000    2.2000    2.2000    2.2000    2.2000    2.2000    2.2000
    2.4000    2.4000    2.4000    2.4000    2.4000    2.4000    2.4000    2.4000    2.4000    2.4000    2.4000    2.4000    2.4000
    2.6000    2.6000    2.6000    2.6000    2.6000    2.6000    2.6000    2.6000    2.6000    2.6000    2.6000    2.6000    2.6000
    2.8000    2.8000    2.8000    2.8000    2.8000    2.8000    2.8000    2.8000    2.8000    2.8000    2.8000    2.8000    2.8000
    3.0000    3.0000    3.0000    3.0000    3.0000    3.0000    3.0000    3.0000    3.0000    3.0000    3.0000    3.0000    3.0000

  Columns 14 through 21

   -2.0000   -2.0000   -2.0000   -2.0000   -2.0000   -2.0000   -2.0000   -2.0000
   -1.8000   -1.8000   -1.8000   -1.8000   -1.8000   -1.8000   -1.8000   -1.8000
   -1.6000   -1.6000   -1.6000   -1.6000   -1.6000   -1.6000   -1.6000   -1.6000
   -1.4000   -1.4000   -1.4000   -1.4000   -1.4000   -1.4000   -1.4000   -1.4000
   -1.2000   -1.2000   -1.2000   -1.2000   -1.2000   -1.2000   -1.2000   -1.2000
   -1.0000   -1.0000   -1.0000   -1.0000   -1.0000   -1.0000   -1.0000   -1.0000
   -0.8000   -0.8000   -0.8000   -0.8000   -0.8000   -0.8000   -0.8000   -0.8000
   -0.6000   -0.6000   -0.6000   -0.6000   -0.6000   -0.6000   -0.6000   -0.6000
   -0.4000   -0.4000   -0.4000   -0.4000   -0.4000   -0.4000   -0.4000   -0.4000
   -0.2000   -0.2000   -0.2000   -0.2000   -0.2000   -0.2000   -0.2000   -0.2000
         0         0         0         0         0         0         0         0
    0.2000    0.2000    0.2000    0.2000    0.2000    0.2000    0.2000    0.2000
    0.4000    0.4000    0.4000    0.4000    0.4000    0.4000    0.4000    0.4000
    0.6000    0.6000    0.6000    0.6000    0.6000    0.6000    0.6000    0.6000
    0.8000    0.8000    0.8000    0.8000    0.8000    0.8000    0.8000    0.8000
    1.0000    1.0000    1.0000    1.0000    1.0000    1.0000    1.0000    1.0000
    1.2000    1.2000    1.2000    1.2000    1.2000    1.2000    1.2000    1.2000
    1.4000    1.4000    1.4000    1.4000    1.4000    1.4000    1.4000    1.4000
    1.6000    1.6000    1.6000    1.6000    1.6000    1.6000    1.6000    1.6000
    1.8000    1.8000    1.8000    1.8000    1.8000    1.8000    1.8000    1.8000
    2.0000    2.0000    2.0000    2.0000    2.0000    2.0000    2.0000    2.0000
    2.2000    2.2000    2.2000    2.2000    2.2000    2.2000    2.2000    2.2000
    2.4000    2.4000    2.4000    2.4000    2.4000    2.4000    2.4000    2.4000
    2.6000    2.6000    2.6000    2.6000    2.6000    2.6000    2.6000    2.6000
    2.8000    2.8000    2.8000    2.8000    2.8000    2.8000    2.8000    2.8000
    3.0000    3.0000    3.0000    3.0000    3.0000    3.0000    3.0000    3.0000

x

x =

  Columns 1 through 13

   -2.0000   -1.8000   -1.6000   -1.4000   -1.2000   -1.0000   -0.8000   -0.6000   -0.4000   -0.2000         0    0.2000    0.4000

  Columns 14 through 21

    0.6000    0.8000    1.0000    1.2000    1.4000    1.6000    1.8000    2.0000

Z = X.*exp(-X.^2-Y.^2);
Z = X.*exp(-X.^2-Y.^2);
Z

Z =

  Columns 1 through 13

   -0.0007   -0.0013   -0.0023   -0.0036   -0.0052   -0.0067   -0.0077   -0.0077   -0.0062   -0.0035         0    0.0035    0.0062
   -0.0014   -0.0028   -0.0048   -0.0077   -0.0111   -0.0144   -0.0165   -0.0164   -0.0133   -0.0075         0    0.0075    0.0133
   -0.0028   -0.0054   -0.0096   -0.0152   -0.0220   -0.0284   -0.0326   -0.0324   -0.0263   -0.0149         0    0.0149    0.0263
   -0.0052   -0.0099   -0.0174   -0.0278   -0.0400   -0.0518   -0.0594   -0.0590   -0.0480   -0.0271         0    0.0271    0.0480
   -0.0087   -0.0167   -0.0293   -0.0467   -0.0674   -0.0872   -0.0999   -0.0992   -0.0808   -0.0455         0    0.0455    0.0808
   -0.0135   -0.0259   -0.0455   -0.0725   -0.1046   -0.1353   -0.1552   -0.1540   -0.1254   -0.0707         0    0.0707    0.1254
   -0.0193   -0.0372   -0.0652   -0.1040   -0.1499   -0.1940   -0.2224   -0.2207   -0.1797   -0.1013         0    0.1013    0.1797
   -0.0256   -0.0492   -0.0863   -0.1376   -0.1984   -0.2567   -0.2943   -0.2921   -0.2378   -0.1341         0    0.1341    0.2378
   -0.0312   -0.0601   -0.1054   -0.1680   -0.2423   -0.3135   -0.3595   -0.3567   -0.2905   -0.1637         0    0.1637    0.2905
   -0.0352   -0.0677   -0.1188   -0.1895   -0.2732   -0.3535   -0.4053   -0.4022   -0.3275   -0.1846         0    0.1846    0.3275
   -0.0366   -0.0705   -0.1237   -0.1972   -0.2843   -0.3679   -0.4218   -0.4186   -0.3409   -0.1922         0    0.1922    0.3409
   -0.0352   -0.0677   -0.1188   -0.1895   -0.2732   -0.3535   -0.4053   -0.4022   -0.3275   -0.1846         0    0.1846    0.3275
   -0.0312   -0.0601   -0.1054   -0.1680   -0.2423   -0.3135   -0.3595   -0.3567   -0.2905   -0.1637         0    0.1637    0.2905
   -0.0256   -0.0492   -0.0863   -0.1376   -0.1984   -0.2567   -0.2943   -0.2921   -0.2378   -0.1341         0    0.1341    0.2378
   -0.0193   -0.0372   -0.0652   -0.1040   -0.1499   -0.1940   -0.2224   -0.2207   -0.1797   -0.1013         0    0.1013    0.1797
   -0.0135   -0.0259   -0.0455   -0.0725   -0.1046   -0.1353   -0.1552   -0.1540  d test points; skipping iteration.

Number of bins: 21
Average bin size: 1.161905e+01
Not enough valid test points; skipping iteration.

Number of bins: 22
Average bin size: 1.109091e+01
Not enough valid test points; skipping iteration.

Number of bins: 23
Average bin size: 1.060870e+01
Not enough valid test points; skipping iteration.

Number of bins: 23
Average bin size: 1.060870e+01
Completed iteration:7
Prediction points:12
  TP     FP     TN     FN
     1     0     3     8

Precision / Recall
    1.0000    0.1111


Number of bins: 21
Average bin size: 1.161905e+01
Not enough valid test points; skipping iteration.

Number of bins: 22
Average bin size: 1.109091e+01
Not enough valid test points; skipping iteration.

Number of bins: 21
Average bin size: 1.161905e+01
Not enough valid test points; skipping iteration.

Number of bins: 22
Average bin size: 1.109091e+01
Not enough valid test points; skipping iteration.

Number of bins: 20
Average bin size: 1.220000e+01
Not enough valid test points; skipping iteration.

Number of bins: 22
Average bin size: 1.109091e+01
Not enough valid test points; skipping iteration.

Number of bins: 23
Average bin size: 1.060870e+01
Not enough valid test points; skipping iteration.

Number of bins: 24
Average bin size: 1.016667e+01
Not enough valid test points; skipping iteration.

Number of bins: 24
Average bin size: 1.016667e+01
Not enough valid test points; skipping iteration.

Number of bins: 23
Average bin size: 1.060870e+01
Not enough valid test points; skipping iteration.

Number of bins: 23
Average bin size: 1.060870e+01
Not enough valid test points; skipping iteration.

Number of bins: 21
Average bin size: 1.161905e+01
Not enough valid test points; skipping iteration.

Number of bins: 24
Average bin size: 1.016667e+01
Not enough valid test points; skipping iteration.

Number of bins: 23
Average bin size: 1.060870e+01
Not enough valid test points; skipping iteration.

Number of bins: 24
Average bin size: 1.016667e+01
Not enough valid test points; skipping iteration.

Number of bins: 20
Average bin size: 1.220000e+01
Not enough valid test points; skipping iteration.

Number of bins: 22
Average bin size: 1.109091e+01
Completed iteration:24
Prediction points:20
  TP     FP     TN     FN
     8     2     4     6

Precision / Recall
    0.8000    0.5714


Number of bins: 22
Average bin size: 1.109091e+01
Not enough valid test points; skipping iteration.

Number of bins: 21
Average bin size: 1.161905e+01
Not enough valid test points; skipping iteration.

Number of bins: 21
Average bin size: 1.161905e+01
Not enough valid test points; skipping iteration.

Number of bins: 21
Average bin size: 1.161905e+01
Not enough valid test points; skipping iteration.

Number of bins: 23
Average bin size: 1.060870e+01
Not enough valid test points; skipping iteration.

Number of bins: 22
Average bin size: 1.109091e+01
Not enough valid test points; skipping iteration.
Overall results (hybrid)
Confidence threshold=0.9
Filtered datapoints
AUC ave err std
    0.5873

    0.0449

    0.0449

Precision / Recall macro
   NaN   NaN

Precision / Recall micro
    0.6667    0.3034

    TPR       FPR       TNR       FNR       cutoff
computation time (s)
  637.5250

 -0.1254   -0.0707         0    0.0707    0.1254
   -0.0087   -0.0167   -0.0293   -0.0467   -0.0674   -0.0872   -0.0999   -0.0992   -0.0808   -0.0455         0    0.0455    0.0808
   -0.0052   -0.0099   -0.0174   -0.0278   -0.0400   -0.0518   -0.0594   -0.0590   -0.0480   -0.0271         0    0.0271    0.0480
   -0.0028   -0.0054   -0.0096   -0.0152   -0.0220   -0.0284   -0.0326   -0.0324   -0.0263   -0.0149         0    0.0149    0.0263
   -0.0014   -0.0028   -0.0048   -0.0077   -0.0111   -0.0144   -0.0165   -0.0164   -0.0133   -0.0075         0    0.0075    0.0133
   -0.0007   -0.0013   -0.0023   -0.0036   -0.0052   -0.0067   -0.0077   -0.0077   -0.0062   -0.0035         0    0.0035    0.0062
   -0.0003   -0.0006   -0.0010   -0.0016   -0.0022   -0.0029   -0.0033   -0.0033   -0.0027   -0.0015         0    0.0015    0.0027
   -0.0001   -0.0002   -0.0004   -0.0006   -0.0009   -0.0012   -0.0013   -0.0013   -0.0011   -0.0006         0    0.0006    0.0011
   -0.0000   -0.0001   -0.0001   -0.0002   -0.0003   -0.0004   -0.0005   -0.0005   -0.0004   -0.0002         0    0.0002    0.0004
   -0.0000   -0.0000   -0.0000   -0.0001   -0.0001   -0.0001   -0.0002   -0.0002   -0.0001   -0.0001         0    0.0001    0.0001
   -0.0000   -0.0000   -0.0000   -0.0000   -0.0000   -0.0000   -0.0001   -0.0001   -0.0000   -0.0000         0    0.0000    0.0000

  Columns 14 through 21

    0.0077    0.0077    0.0067    0.0052    0.0036    0.0023    0.0013    0.0007
    0.0164    0.0165    0.0144    0.0111    0.0077    0.0048    0.0028    0.0014
    0.0324    0.0326    0.0284    0.0220    0.0152    0.0096    0.0054    0.0028
    0.0590    0.0594    0.0518    0.0400    0.0278    0.0174    0.0099    0.0052
    0.0992    0.0999    0.0872    0.0674    0.0467    0.0293    0.0167    0.0087
    0.1540    0.1552    0.1353    0.1046    0.0725    0.0455    0.0259    0.0135
    0.2207    0.2224    0.1940    0.1499    0.1040    0.0652    0.0372    0.0193
    0.2921    0.2943    0.2567    0.1984    0.1376    0.0863    0.0492    0.0256
    0.3567    0.3595    0.3135    0.2423    0.1680    0.1054    0.0601    0.0312
    0.4022    0.4053    0.3535    0.2732    0.1895    0.1188    0.0677    0.0352
    0.4186    0.4218    0.3679    0.2843    0.1972    0.1237    0.0705    0.0366
    0.4022    0.4053    0.3535    0.2732    0.1895    0.1188    0.0677    0.0352
    0.3567    0.3595    0.3135    0.2423    0.1680    0.1054    0.0601    0.0312
    0.2921    0.2943    0.2567    0.1984    0.1376    0.0863    0.0492    0.0256
    0.2207    0.2224    0.1940    0.1499    0.1040    0.0652    0.0372    0.0193
    0.1540    0.1552    0.1353    0.1046    0.0725    0.0455    0.0259    0.0135
    0.0992    0.0999    0.0872    0.0674    0.0467    0.0293    0.0167    0.0087
    0.0590    0.0594    0.0518    0.0400    0.0278    0.0174    0.0099    0.0052
    0.0324    0.0326    0.0284    0.0220    0.0152    0.0096    0.0054    0.0028
    0.0164    0.0165    0.0144    0.0111    0.0077    0.0048    0.0028    0.0014
    0.0077    0.0077    0.0067    0.0052    0.0036    0.0023    0.0013    0.0007
    0.0033    0.0033    0.0029    0.0022    0.0016    0.0010    0.0006    0.0003
    0.0013    0.0013    0.0012    0.0009    0.0006    0.0004    0.0002    0.0001
    0.0005    0.0005    0.0004    0.0003    0.0002    0.0001    0.0001    0.0000
    0.0002    0.0002    0.0001    0.0001    0.0001    0.0000    0.0000    0.0000
    0.0001    0.0001    0.0000    0.0000    0.0000    0.0000    0.0000    0.0000


v = [1:10]

v =

     1     2     3     4     5     6     7     8     9    10

v = [(1:10)' (12:22)']
{Error using <a href="matlab:helpUtils.errorDocCallback('horzcat')" style="font-weight:bold">horzcat</a>
Dimensions of matrices being concatenated are not consistent.
} 
v = [(1:10)' (13:22)']

v =

     1    13
     2    14
     3    15
     4    16
     5    17
     6    18
     7    19
     8    20
     9    21
    10    22

v(1:2:10,:)

ans =

     1    13
     3    15
     5    17
     7    19
     9    21

GP_GraspIt_TP_baseline
[Warning: Directory access failure: Z:\Thesis\thesisStartup.m] 
[> In <a href="matlab: opentoline('\\stak\apps\MatlabR2013b\toolbox\matlab\general\path.m',110,1)">path at 110</a>
  In <a href="matlab: opentoline('\\stak\apps\MatlabR2013b\toolbox\matlab\general\addpath.m',87,1)">addpath at 87</a>
  In <a href="matlab: opentoline('Z:\Thesis\GP_GraspIt_TP_baseline.m',9,1)">GP_GraspIt_TP_baseline at 9</a>] 
[Warning: Directory access failure: Z:\Thesis\thesisCleanup.m] 
[> In <a href="matlab: opentoline('\\stak\apps\MatlabR2013b\toolbox\matlab\general\path.m',110,1)">path at 110</a>
  In <a href="matlab: opentoline('\\stak\apps\MatlabR2013b\toolbox\matlab\general\addpath.m',87,1)">addpath at 87</a>
  In <a href="matlab: opentoline('Z:\Thesis\GP_GraspIt_TP_baseline.m',10,1)">GP_GraspIt_TP_baseline at 10</a>] 
