!!!!below quality measures have been removed due to insufficient data!!!!!!!!!!!!
    ' TriangleSize'

Keeping QMs:
name        p values
    ' Spread'    '2.48e-07'

    ' Limit'    '2.57e-07'

    ' OrthoNorm'    '0.000358'

Deleting QMs:
name        p values
    ' Extension'    '0.978'

    'GraspIt_Epsilon'    '0.892'

    ' Volume'    '0.537'

    'GraspIt_Volume'    '0.376'

    'GraspIt_ContactEnergy'    '0.0879'

    ' PerpSym'    '0.0627'

    ' ParallelSym'    '0.00685'

binThreshold:10

if system_dependent('IsDebugMode')==1, dbcont; end
if system_dependent('IsDebugMode')==1, dbcont; end
Not enough valid test points; skipping iteration.

if system_dependent('IsDebugMode')==1, dbcont; end
Completed iteration:2
Prediction points:12
  TP     FP     TN     FN
     7     4     0     1

Precision / Recall
    0.6364    0.8750


Completed iteration:3
Prediction points:14
  TP     FP     TN     FN
     3     4     3     4

Precision / Recall
    0.4286    0.4286


Completed iteration:4
Prediction points:13
  TP     FP     TN     FN
     6     2     3     2

Precision / Recall
    0.7500    0.7500


Completed iteration:5
Prediction points:14
  TP     FP     TN     FN
     6     1     4     3

Precision / Recall
    0.8571    0.6667


Not enough valid test points; skipping iteration.

Completed iteration:7
Prediction points:11
  TP     FP     TN     FN
     4     3     1     3

Precision / Recall
    0.5714    0.5714


Completed iteration:8
Prediction points:17
  TP     FP     TN     FN
     5     0     6     6

Precision / Recall
    1.0000    0.4545


Not enough valid test points; skipping iteration.

Not enough valid test points; skipping iteration.

Completed iteration:11
Prediction points:15
  TP     FP     TN     FN
     5     2     3     5

Precision / Recall
    0.7143    0.5000


Not enough valid test points; skipping iteration.

Completed iteration:13
Prediction points:17
  TP     FP     TN     FN
     8     5     3     1

Precision / Recall
    0.6154    0.8889


Completed iteration:14
Prediction points:21
  TP     FP     TN     FN
     8     2     5     6

Precision / Recall
    0.8000    0.5714


Not enough valid test points; skipping iteration.

Not enough valid test points; skipping iteration.

Completed iteration:17
Prediction points:10
  TP     FP     TN     FN
     4     1     4     1

Precision / Recall
    0.8000    0.8000


Completed iteration:18
Prediction points:24
  TP     FP     TN     FN
     7     6     5     6

Precision / Recall
    0.5385    0.5385


Not enough valid test points; skipping iteration.

Not enough valid test points; skipping iteration.

Completed iteration:21
Prediction points:11
  TP     FP     TN     FN
     2     2     7     0

Precision / Recall
    0.5000    1.0000


Not enough valid test points; skipping iteration.

Not enough valid test points; skipping iteration.

Completed iteration:24
Prediction points:12
  TP     FP     TN     FN
     0     3     2     7

Precision / Recall
     0     0


Completed iteration:25
Prediction points:20
  TP     FP     TN     FN
     0     2     1    17

Precision / Recall
     0     0


Not enough valid test points; skipping iteration.

Not enough valid test points; skipping iteration.

Completed iteration:28
Prediction points:10
  TP     FP     TN     FN
     0     1     2     7

Precision / Recall
     0     0


Not enough valid test points; skipping iteration.

Not enough valid test points; skipping iteration.
Overall results (hybrid)
Confidence threshold=0.5
Filtered datapoints
AUC ave err std
    0.5415

    0.2135

    0.2135

Precision / Recall macro
   NaN   NaN

Precision / Recall micro
    0.6311    0.4851


Not enough valid test points; skipping iteration.

Not enough valid test points; skipping iteration.

Not enough valid test points; skipping iteration.

Not enough valid test points; skipping iteration.

Not enough valid test points; skipping iteration.

Not enough valid test points; skipping iteration.

Not enough valid test points; skipping iteration.

Completed iteration:8
Prediction points:10
  TP     FP     TN     FN
     1     3     5     1

Precision / Recall
    0.2500    0.5000


Not enough valid test points; skipping iteration.

Not enough valid test points; skipping iteration.

Not enough valid test points; skipping iteration.

Not enough valid test points; skipping iteration.

Not enough valid test points; skipping iteration.

Not enough valid test points; skipping iteration.

Not enough valid test points; skipping iteration.

Not enough valid test points; skipping iteration.

Not enough valid test points; skipping iteration.

Not enough valid test points; skipping iteration.

Completed iteration:19
Prediction points:12
  TP     FP     TN     FN
     5     2     4     1

Precision / Recall
    0.7143    0.8333


Not enough valid test points; skipping iteration.

Not enough valid test points; skipping iteration.

Not enough valid test points; skipping iteration.

Not enough valid test points; skipping iteration.

Completed iteration:24
Prediction points:16
  TP     FP     TN     FN
     7     0     8     1

Precision / Recall
    1.0000    0.8750


Not enough valid test points; skipping iteration.

Not enough valid test points; skipping iteration.
{Operation terminated by user during <a href="matlab:helpUtils.errorDocCallback('covSEard', 'Z:\RobotGrasp2\cov\covSEard.m', 42)" style="font-weight:bold">covSEard</a> (<a href="matlab: opentoline('Z:\RobotGrasp2\cov\covSEard.m',42,0)">line 42</a>)


In <a href="matlab:helpUtils.errorDocCallback('infExact', 'Z:\RobotGrasp2\inf\infExact.m', 35)" style="font-weight:bold">infExact</a> (<a href="matlab: opentoline('Z:\RobotGrasp2\inf\infExact.m',35,0)">line 35</a>)
      dnlZ.cov(i) = sum(sum(Q.*feval(cov{:}, hyp.cov, x, [], i)))/2;

In <a href="matlab:helpUtils.errorDocCallback('gp', 'Z:\RobotGrasp2\gp.m', 112)" style="font-weight:bold">gp</a> (<a href="matlab: opentoline('Z:\RobotGrasp2\gp.m',112,0)">line 112</a>)
      [post nlZ dnlZ] = inf(hyp, mean, cov, lik, x, y);

In <a href="matlab:helpUtils.errorDocCallback('minimize', 'Z:\RobotGrasp2\util\minimize.m', 97)" style="font-weight:bold">minimize</a> (<a href="matlab: opentoline('Z:\RobotGrasp2\util\minimize.m',97,0)">line 97</a>)
        [f3 df3] = feval(f, rewrap(Z,X+x3*s), varargin{:});

In <a href="matlab:helpUtils.errorDocCallback('GP_GraspIt_TP_hybrid_kdtree', 'Z:\Thesis\GP_GraspIt_TP_hybrid_kdtree.m', 257)" style="font-weight:bold">GP_GraspIt_TP_hybrid_kdtree</a> (<a href="matlab: opentoline('Z:\Thesis\GP_GraspIt_TP_hybrid_kdtree.m',257,0)">line 257</a>)
        hyp = minimize(hyp, @gp, -1000, inffunc, meanfunc, covfunc, likfunc, trainData, trainy);
} 
if system_dependent('IsDebugMode')==1, dbquit; end
