!!!!below quality measures have been removed due to insufficient data!!!!!!!!!!!!
    ' TriangleSize'

Keeping QMs:
name        p values
    ' Spread'    '2.48e-07'

    ' Limit'    '2.57e-07'

    ' OrthoNorm'    '0.000358'

Deleting QMs:
name        p values
    ' Extension'    '0.978'

    'GraspIt_Epsilon'    '0.892'

    ' Volume'    '0.537'

    'GraspIt_Volume'    '0.376'

    'GraspIt_ContactEnergy'    '0.0879'

    ' PerpSym'    '0.0627'

    ' ParallelSym'    '0.00685'

binThreshold:10

Number of bins: 41
Average bin size: 5.951220e+00
Completed iteration:1
Prediction points:49
  TP     FP     TN     FN
    13     4    10    22

Precision / Recall
    0.7647    0.3714


Number of bins: 40
Average bin size: 6.100000e+00
Completed iteration:2
Prediction points:37
  TP     FP     TN     FN
     7     4    12    14

Precision / Recall
    0.6364    0.3333


Number of bins: 39
Average bin size: 6.256410e+00
Completed iteration:3
Prediction points:35
  TP     FP     TN     FN
     4     2     2    27

Precision / Recall
    0.6667    0.1290


Number of bins: 43
Average bin size: 5.674419e+00
Completed iteration:4
Prediction points:33
  TP     FP     TN     FN
     3     2     6    22

Precision / Recall
    0.6000    0.1200


Number of bins: 40
Average bin size: 6.100000e+00
Completed iteration:5
Prediction points:17
  TP     FP     TN     FN
     3     0     5     9

Precision / Recall
    1.0000    0.2500


Number of bins: 41
Average bin size: 5.951220e+00
Completed iteration:6
Prediction points:24
  TP     FP     TN     FN
     5     3     3    13

Precision / Recall
    0.6250    0.2778


Number of bins: 40
Average bin size: 6.100000e+00
Not enough valid test points; skipping iteration.

Number of bins: 37
Average bin size: 6.594595e+00
Completed iteration:8
Prediction points:24
  TP     FP     TN     FN
     5    10     3     6

Precision / Recall
    0.3333    0.4545


Number of bins: 42
Average bin size: 5.809524e+00
Completed iteration:9
Prediction points:32
  TP     FP     TN     FN
     3     2     8    19

Precision / Recall
    0.6000    0.1364


Number of bins: 38
Average bin size: 6.421053e+00
Completed iteration:10
Prediction points:29
  TP     FP     TN     FN
     5     2     8    14

Precision / Recall
    0.7143    0.2632


Number of bins: 42
Average bin size: 5.809524e+00
Completed iteration:11
Prediction points:32
  TP     FP     TN     FN
     1     0     6    25

Precision / Recall
    1.0000    0.0385


Number of bins: 38
Average bin size: 6.421053e+00
Not enough valid test points; skipping iteration.

Number of bins: 39
Average bin size: 6.256410e+00
Completed iteration:13
Prediction points:11
  TP     FP     TN     FN
     0     1     3     7

Precision / Recall
     0     0


Number of bins: 44
Average bin size: 5.545455e+00
Completed iteration:14
Prediction points:24
  TP     FP     TN     FN
     9     1     6     8

Precision / Recall
    0.9000    0.5294


Number of bins: 38
Average bin size: 6.421053e+00
Completed iteration:15
Prediction points:21
  TP     FP     TN     FN
     0     2     9    10

Precision / Recall
     0     0


Number of bins: 43
Average bin size: 5.674419e+00
Completed iteration:16
Prediction points:46
  TP     FP     TN     FN
    11     6     6    23

Precision / Recall
    0.6471    0.3235


Number of bins: 40
Average bin size: 6.100000e+00
Completed iteration:17
Prediction points:39
  TP     FP     TN     FN
    20     6     5     8

Precision / Recall
    0.7692    0.7143


Number of bins: 43
Average bin size: 5.674419e+00
Completed iteration:18
Prediction points:59
  TP     FP     TN     FN
    15     6    16    22

Precision / Recall
    0.7143    0.4054


Number of bins: 37
Average bin size: 6.594595e+00
Completed iteration:19
Prediction points:53
  TP     FP     TN     FN
     7     1    10    35

Precision / Recall
    0.8750    0.1667


Number of bins: 42
Average bin size: 5.809524e+00
Completed iteration:20
Prediction points:18
  TP     FP     TN     FN
     7     0     3     8

Precision / Recall
    1.0000    0.4667


Number of bins: 41
Average bin size: 5.951220e+00
Completed iteration:21
Prediction points:17
  TP     FP     TN     FN
     2     2     9     4

Precision / Recall
    0.5000    0.3333


Number of bins: 39
Average bin size: 6.256410e+00
Completed iteration:22
Prediction points:11
  TP     FP     TN     FN
     2     1     3     5

Precision / Recall
    0.6667    0.2857


Number of bins: 39
Average bin size: 6.256410e+00
Completed iteration:23
Prediction points:71
  TP     FP     TN     FN
    13     4    17    37

Precision / Recall
    0.7647    0.2600


Number of bins: 39
Average bin size: 6.256410e+00
Completed iteration:24
Prediction points:36
  TP     FP     TN     FN
    11     0     9    16

Precision / Recall
    1.0000    0.4074


Number of bins: 41
Average bin size: 5.951220e+00
Completed iteration:25
Prediction points:39
  TP     FP     TN     FN
    13     2     7    17

Precision / Recall
    0.8667    0.4333


Number of bins: 38
Average bin size: 6.421053e+00
Completed iteration:26
Prediction points:24
  TP     FP     TN     FN
     1     0     8    15

Precision / Recall
    1.0000    0.0625


Number of bins: 39
Average bin size: 6.256410e+00
Completed iteration:27
Prediction points:27
  TP     FP     TN     FN
     3     2    11    11

Precision / Recall
    0.6000    0.2143


Number of bins: 36
Average bin size: 6.777778e+00
Completed iteration:28
Prediction points:22
  TP     FP     TN     FN
     6     0     5    11

Precision / Recall
    1.0000    0.3529


Number of bins: 41
Average bin size: 5.951220e+00
Completed iteration:29
Prediction points:38
  TP     FP     TN     FN
    15     1     8    14

Precision / Recall
    0.9375    0.5172


Number of bins: 39
Average bin size: 6.256410e+00
Completed iteration:30
Prediction points:13
  TP     FP     TN     FN
     2     3     6     2

Precision / Recall
    0.4000    0.5000

Overall results (hybrid)
Confidence threshold=0.5
Filtered datapoints
AUC ave err std
    0.5351

    0.1123

    0.1123

Precision / Recall macro
   NaN   NaN

Precision / Recall micro
    0.7352    0.3049


Number of bins: 43
Average bin size: 5.674419e+00
Completed iteration:1
Prediction points:17
  TP     FP     TN     FN
     1     1     2    13

Precision / Recall
    0.5000    0.0714


Number of bins: 42
Average bin size: 5.809524e+00
Completed iteration:2
Prediction points:14
  TP     FP     TN     FN
     6     3     2     3

Precision / Recall
    0.6667    0.6667


Number of bins: 41
Average bin size: 5.951220e+00
Not enough valid test points; skipping iteration.

Number of bins: 42
Average bin size: 5.809524e+00
Not enough valid test points; skipping iteration.

Number of bins: 41
Average bin size: 5.951220e+00
Completed iteration:5
Prediction points:22
  TP     FP     TN     FN
     3     3     6    10

Precision / Recall
    0.5000    0.2308


Number of bins: 40
Average bin size: 6.100000e+00
Completed iteration:6
Prediction points:15
  TP     FP     TN     FN
     5     2     5     3

Precision / Recall
    0.7143    0.6250


Number of bins: 42
Average bin size: 5.809524e+00
Not enough valid test points; skipping iteration.

Number of bins: 38
Average bin size: 6.421053e+00
Completed iteration:8
Prediction points:11
  TP     FP     TN     FN
     3     0     3     5

Precision / Recall
    1.0000    0.3750


Number of bins: 41
Average bin size: 5.951220e+00
Completed iteration:9
Prediction points:29
  TP     FP     TN     FN
    10     2     9     8

Precision / Recall
    0.8333    0.5556


Number of bins: 41
Average bin size: 5.951220e+00
Not enough valid test points; skipping iteration.

Number of bins: 38
Average bin size: 6.421053e+00
Completed iteration:11
Prediction points:13
  TP     FP     TN     FN
     7     0     0     6

Precision / Recall
    1.0000    0.5385


Number of bins: 35
Average bin size: 6.971429e+00
Completed iteration:12
Prediction points:22
  TP     FP     TN     FN
     4     0     5    13

Precision / Recall
    1.0000    0.2353


Number of bins: 39
Average bin size: 6.256410e+00
Completed iteration:13
Prediction points:15
  TP     FP     TN     FN
     0     1     6     8

Precision / Recall
     0     0


Number of bins: 40
Average bin size: 6.100000e+00
Completed iteration:14
Prediction points:35
  TP     FP     TN     FN
     4     1     7    23

Precision / Recall
    0.8000    0.1481


Number of bins: 40
Average bin size: 6.100000e+00
Not enough valid test points; skipping iteration.

Number of bins: 41
Average bin size: 5.951220e+00
Not enough valid test points; skipping iteration.

Number of bins: 42
Average bin size: 5.809524e+00
Completed iteration:17
Prediction points:24
  TP     FP     TN     FN
     2     5     6    11

Precision / Recall
    0.2857    0.1538


Number of bins: 41
Average bin size: 5.951220e+00
Completed iteration:18
Prediction points:10
  TP     FP     TN     FN
     0     1     5     4

Precision / Recall
     0     0


Number of bins: 39
Average bin size: 6.256410e+00
Completed iteration:19
Prediction points:13
  TP     FP     TN     FN
     2     2     4     5

Precision / Recall
    0.5000    0.2857


Number of bins: 45
Average bin size: 5.422222e+00
Completed iteration:20
Prediction points:12
  TP     FP     TN     FN
     5     3     3     1

Precision / Recall
    0.6250    0.8333


Number of bins: 42
Average bin size: 5.809524e+00
Completed iteration:21
Prediction points:14
  TP     FP     TN     FN
     0     1     9     4

Precision / Recall
     0     0


Number of bins: 41
Average bin size: 5.951220e+00
Completed iteration:22
Prediction points:17
  TP     FP     TN     FN
     6     5     1     5

Precision / Recall
    0.5455    0.5455


Number of bins: 37
Average bin size: 6.594595e+00
Completed iteration:23
Prediction points:36
  TP     FP     TN     FN
    16     3     3    14

Precision / Recall
    0.8421    0.5333


Number of bins: 42
Average bin size: 5.809524e+00
Not enough valid test points; skipping iteration.

Number of bins: 41
Average bin size: 5.951220e+00
Completed iteration:25
Prediction points:15
  TP     FP     TN     FN
     3     0     7     5

Precision / Recall
    1.0000    0.3750


Number of bins: 40
Average bin size: 6.100000e+00
Not enough valid test points; skipping iteration.

Number of bins: 40
Average bin size: 6.100000e+00
Completed iteration:27
Prediction points:24
  TP     FP     TN     FN
     4     2     5    13

Precision / Recall
    0.6667    0.2353


Number of bins: 42
Average bin size: 5.809524e+00
Not enough valid test points; skipping iteration.

Number of bins: 38
Average bin size: 6.421053e+00
Not enough valid test points; skipping iteration.

Number of bins: 43
Average bin size: 5.674419e+00
Not enough valid test points; skipping iteration.
Overall results (hybrid)
Confidence threshold=0.6
Filtered datapoints
AUC ave err std
   NaN

   NaN

   NaN

Precision / Recall macro
   NaN   NaN

Precision / Recall micro
    0.7240    0.3110


Number of bins: 40
Average bin size: 6.100000e+00
Completed iteration:1
Prediction points:10
  TP     FP     TN     FN
     1     1     3     5

Precision / Recall
    0.5000    0.1667


Number of bins: 41
Average bin size: 5.951220e+00
Not enough valid test points; skipping iteration.

Number of bins: 40
Average bin size: 6.100000e+00
Not enough valid test points; skipping iteration.

Number of bins: 41
Average bin size: 5.951220e+00
Not enough valid test points; skipping iteration.

Number of bins: 42
Average bin size: 5.809524e+00
Not enough valid test points; skipping iteration.

Number of bins: 37
Average bin size: 6.594595e+00
Completed iteration:6
Prediction points:12
  TP     FP     TN     FN
     2     5     0     5

Precision / Recall
    0.2857    0.2857


Number of bins: 42
Average bin size: 5.809524e+00
Not enough valid test points; skipping iteration.

Number of bins: 42
Average bin size: 5.809524e+00
Completed iteration:8
Prediction points:11
  TP     FP     TN     FN
     1     1     4     5

Precision / Recall
    0.5000    0.1667


Number of bins: 40
Average bin size: 6.100000e+00
Not enough valid test points; skipping iteration.

Number of bins: 40
Average bin size: 6.100000e+00
Not enough valid test points; skipping iteration.

Number of bins: 41
Average bin size: 5.951220e+00
Not enough valid test points; skipping iteration.

Number of bins: 38
Average bin size: 6.421053e+00
Not enough valid test points; skipping iteration.

Number of bins: 39
Average bin size: 6.256410e+00
Not enough valid test points; skipping iteration.

Number of bins: 40
Average bin size: 6.100000e+00
Not enough valid test points; skipping iteration.

Number of bins: 42
Average bin size: 5.809524e+00
Not enough valid test points; skipping iteration.

Number of bins: 43
Average bin size: 5.674419e+00
Completed iteration:16
Prediction points:18
  TP     FP     TN     FN
     6     1     7     4

Precision / Recall
    0.8571    0.6000


Number of bins: 41
Average bin size: 5.951220e+00
Completed iteration:17
Prediction points:10
  TP     FP     TN     FN
     1     2     5     2

Precision / Recall
    0.3333    0.3333


Number of bins: 41
Average bin size: 5.951220e+00
Not enough valid test points; skipping iteration.

Number of bins: 41
Average bin size: 5.951220e+00
Not enough valid test points; skipping iteration.

Number of bins: 41
Average bin size: 5.951220e+00
Completed iteration:20
Prediction points:12
  TP     FP     TN     FN
     3     1     1     7

Precision / Recall
    0.7500    0.3000


Number of bins: 43
Average bin size: 5.674419e+00
Not enough valid test points; skipping iteration.

Number of bins: 39
Average bin size: 6.256410e+00
Not enough valid test points; skipping iteration.

Number of bins: 41
Average bin size: 5.951220e+00
Not enough valid test points; skipping iteration.

Number of bins: 41
Average bin size: 5.951220e+00
Not enough valid test points; skipping iteration.

Number of bins: 39
Average bin size: 6.256410e+00
Not enough valid test points; skipping iteration.

Number of bins: 39
Average bin size: 6.256410e+00
Not enough valid test points; skipping iteration.

Number of bins: 36
Average bin size: 6.777778e+00
Completed iteration:27
Prediction points:20
  TP     FP     TN     FN
     9     6     0     5

Precision / Recall
    0.6000    0.6429


Number of bins: 40
Average bin size: 6.100000e+00
Not enough valid test points; skipping iteration.

Number of bins: 40
Average bin size: 6.100000e+00
Not enough valid test points; skipping iteration.

Number of bins: 41
Average bin size: 5.951220e+00
Not enough valid test points; skipping iteration.
Overall results (hybrid)
Confidence threshold=0.7
Filtered datapoints
AUC ave err std
    0.4382

    0.1833

    0.1833

Precision / Recall macro
   NaN   NaN

Precision / Recall micro
    0.7198    0.3251


Number of bins: 42
Average bin size: 5.809524e+00
Not enough valid test points; skipping iteration.

Number of bins: 43
Average bin size: 5.674419e+00
Not enough valid test points; skipping iteration.

Number of bins: 38
Average bin size: 6.421053e+00
Not enough valid test points; skipping iteration.

Number of bins: 39
Average bin size: 6.256410e+00
Not enough valid test points; skipping iteration.

Number of bins: 43
Average bin size: 5.674419e+00
Not enough valid test points; skipping iteration.

Number of bins: 44
Average bin size: 5.545455e+00
Not enough valid test points; skipping iteration.

Number of bins: 41
Average bin size: 5.951220e+00
Not enough valid test points; skipping iteration.

Number of bins: 35
Average bin size: 6.971429e+00
Not enough valid test points; skipping iteration.

Number of bins: 41
Average bin size: 5.951220e+00
Not enough valid test points; skipping iteration.

Number of bins: 40
Average bin size: 6.100000e+00
Not enough valid test points; skipping iteration.

Number of bins: 40
Average bin size: 6.100000e+00
Not enough valid test points; skipping iteration.

Number of bins: 38
Average bin size: 6.421053e+00
Not enough valid test points; skipping iteration.

Number of bins: 40
Average bin size: 6.100000e+00
Completed iteration:13
Prediction points:33
  TP     FP     TN     FN
    15     6     5     7

Precision / Recall
    0.7143    0.6818


Number of bins: 42
Average bin size: 5.809524e+00
Not enough valid test points; skipping iteration.

Number of bins: 37
Average bin size: 6.594595e+00
Not enough valid test points; skipping iteration.

Number of bins: 40
Average bin size: 6.100000e+00
Not enough valid test points; skipping iteration.

Number of bins: 45
Average bin size: 5.422222e+00
Completed iteration:17
Prediction points:13
  TP     FP     TN     FN
     4     3     5     1

Precision / Recall
    0.5714    0.8000


Number of bins: 35
Average bin size: 6.971429e+00
Not enough valid test points; skipping iteration.

Number of bins: 36
Average bin size: 6.777778e+00
Not enough valid test points; skipping iteration.

Number of bins: 39
Average bin size: 6.256410e+00
Not enough valid test points; skipping iteration.

Number of bins: 39
Average bin size: 6.256410e+00
Not enough valid test points; skipping iteration.

Number of bins: 42
Average bin size: 5.809524e+00
Not enough valid test points; skipping iteration.

Number of bins: 42
Average bin size: 5.809524e+00
Not enough valid test points; skipping iteration.

Number of bins: 42
Average bin size: 5.809524e+00
Not enough valid test points; skipping iteration.

Number of bins: 45
Average bin size: 5.422222e+00
Not enough valid test points; skipping iteration.

Number of bins: 37
Average bin size: 6.594595e+00
Not enough valid test points; skipping iteration.

Number of bins: 40
Average bin size: 6.100000e+00
Not enough valid test points; skipping iteration.

Number of bins: 41
Average bin size: 5.951220e+00
Not enough valid test points; skipping iteration.

Number of bins: 42
Average bin size: 5.809524e+00
Not enough valid test points; skipping iteration.

Number of bins: 39
Average bin size: 6.256410e+00
Not enough valid test points; skipping iteration.
Overall results (hybrid)
Confidence threshold=0.8
Filtered datapoints
AUC ave err std
    0.6403

    0.1020

    0.1020

Precision / Recall macro
   NaN   NaN

Precision / Recall micro
    0.7233    0.3556


Number of bins: 38
Average bin size: 6.421053e+00
Not enough valid test points; skipping iteration.

Number of bins: 40
Average bin size: 6.100000e+00
Completed iteration:2
Prediction points:12
  TP     FP     TN     FN
     5     0     1     6

Precision / Recall
    1.0000    0.4545


Number of bins: 39
Average bin size: 6.256410e+00
Not enough valid test points; skipping iteration.

Number of bins: 38
Average bin size: 6.421053e+00
Not enough valid test points; skipping iteration.

Number of bins: 38
Average bin size: 6.421053e+00
Not enough valid test points; skipping iteration.

Number of bins: 39
Average bin size: 6.256410e+00
Not enough valid test points; skipping iteration.

Number of bins: 40
Average bin size: 6.100000e+00
Not enough valid test points; skipping iteration.

Number of bins: 35
Average bin size: 6.971429e+00
Not enough valid test points; skipping iteration.

Number of bins: 41
Average bin size: 5.951220e+00
Not enough valid test points; skipping iteration.

Number of bins: 40
Average bin size: 6.100000e+00
Not enough valid test points; skipping iteration.

Number of bins: 41
Average bin size: 5.951220e+00
Not enough valid test points; skipping iteration.

Number of bins: 40
Average bin size: 6.100000e+00
Not enough valid test points; skipping iteration.

Number of bins: 41
Average bin size: 5.951220e+00
Not enough valid test points; skipping iteration.

Number of bins: 38
Average bin size: 6.421053e+00
Not enough valid test points; skipping iteration.

Number of bins: 43
Average bin size: 5.674419e+00
Not enough valid test points; skipping iteration.

Number of bins: 39
Average bin size: 6.256410e+00
Not enough valid test points; skipping iteration.

Number of bins: 41
Average bin size: 5.951220e+00
Not enough valid test points; skipping iteration.

Number of bins: 41
Average bin size: 5.951220e+00
Not enough valid test points; skipping iteration.

Number of bins: 34
Average bin size: 7.176471e+00
Not enough valid test points; skipping iteration.

Number of bins: 37
Average bin size: 6.594595e+00
Not enough valid test points; skipping iteration.

Number of bins: 40
Average bin size: 6.100000e+00
Completed iteration:21
Prediction points:10
  TP     FP     TN     FN
     4     2     4     0

Precision / Recall
    0.6667    1.0000


Number of bins: 37
Average bin size: 6.594595e+00
Not enough valid test points; skipping iteration.

Number of bins: 39
Average bin size: 6.256410e+00
Completed iteration:23
Prediction points:12
  TP     FP     TN     FN
     1     1     5     5

Precision / Recall
    0.5000    0.1667


Number of bins: 42
Average bin size: 5.809524e+00
Not enough valid test points; skipping iteration.

Number of bins: 39
Average bin size: 6.256410e+00
Not enough valid test points; skipping iteration.

Number of bins: 39
Average bin size: 6.256410e+00
Not enough valid test points; skipping iteration.

Number of bins: 39
Average bin size: 6.256410e+00
Not enough valid test points; skipping iteration.

Number of bins: 40
Average bin size: 6.100000e+00
Not enough valid test points; skipping iteration.

Number of bins: 40
Average bin size: 6.100000e+00
Not enough valid test points; skipping iteration.

Number of bins: 39
Average bin size: 6.256410e+00
Not enough valid test points; skipping iteration.
Overall results (hybrid)
Confidence threshold=0.9
Filtered datapoints
AUC ave err std
    0.6869

    0.1703

    0.1703

Precision / Recall macro
   NaN   NaN

Precision / Recall micro
    0.7211    0.3451

    TPR       FPR       TNR       FNR       cutoff
computation time (s)
  878.9500

