!!!!below quality measures have been removed due to insufficient data!!!!!!!!!!!!
    ' TriangleSize'

Keeping QMs:
name        p values
    ' Spread'    '2.48e-07'

    ' Limit'    '2.57e-07'

    ' OrthoNorm'    '0.000358'

Deleting QMs:
name        p values
    ' Extension'    '0.978'

    'GraspIt_Epsilon'    '0.892'

    ' Volume'    '0.537'

    'GraspIt_Volume'    '0.376'

    'GraspIt_ContactEnergy'    '0.0879'

    ' PerpSym'    '0.0627'

    ' ParallelSym'    '0.00685'

binThreshold:10

Number of bins: 41
Average bin size: 5.951220e+00
Not enough valid test points; skipping iteration.

Number of bins: 40
Average bin size: 6.100000e+00
Completed iteration:2
Prediction points:12
  TP     FP     TN     FN
     7     4     0     1

Precision / Recall
    0.6364    0.8750


Number of bins: 39
Average bin size: 6.256410e+00
Completed iteration:3
Prediction points:14
  TP     FP     TN     FN
     3     4     3     4

Precision / Recall
    0.4286    0.4286


Number of bins: 43
Average bin size: 5.674419e+00
Completed iteration:4
Prediction points:13
  TP     FP     TN     FN
     6     2     3     2

Precision / Recall
    0.7500    0.7500


Number of bins: 40
Average bin size: 6.100000e+00
Completed iteration:5
Prediction points:14
  TP     FP     TN     FN
     6     1     4     3

Precision / Recall
    0.8571    0.6667


Number of bins: 41
Average bin size: 5.951220e+00
Not enough valid test points; skipping iteration.

Number of bins: 40
Average bin size: 6.100000e+00
Completed iteration:7
Prediction points:11
  TP     FP     TN     FN
     4     3     1     3

Precision / Recall
    0.5714    0.5714


Number of bins: 37
Average bin size: 6.594595e+00
Completed iteration:8
Prediction points:17
  TP     FP     TN     FN
     5     0     6     6

Precision / Recall
    1.0000    0.4545


Number of bins: 42
Average bin size: 5.809524e+00
Not enough valid test points; skipping iteration.

Number of bins: 38
Average bin size: 6.421053e+00
Not enough valid test points; skipping iteration.

Number of bins: 42
Average bin size: 5.809524e+00
Completed iteration:11
Prediction points:15
  TP     FP     TN     FN
     5     2     3     5

Precision / Recall
    0.7143    0.5000


Number of bins: 38
Average bin size: 6.421053e+00
Not enough valid test points; skipping iteration.

Number of bins: 39
Average bin size: 6.256410e+00
Completed iteration:13
Prediction points:17
  TP     FP     TN     FN
     8     5     3     1

Precision / Recall
    0.6154    0.8889


Number of bins: 44
Average bin size: 5.545455e+00
Completed iteration:14
Prediction points:21
  TP     FP     TN     FN
     8     2     5     6

Precision / Recall
    0.8000    0.5714


Number of bins: 38
Average bin size: 6.421053e+00
Not enough valid test points; skipping iteration.

Number of bins: 43
Average bin size: 5.674419e+00
Not enough valid test points; skipping iteration.

Number of bins: 40
Average bin size: 6.100000e+00
Completed iteration:17
Prediction points:10
  TP     FP     TN     FN
     4     1     4     1

Precision / Recall
    0.8000    0.8000


Number of bins: 43
Average bin size: 5.674419e+00
Completed iteration:18
Prediction points:24
  TP     FP     TN     FN
     7     6     5     6

Precision / Recall
    0.5385    0.5385


Number of bins: 37
Average bin size: 6.594595e+00
Not enough valid test points; skipping iteration.

Number of bins: 42
Average bin size: 5.809524e+00
Not enough valid test points; skipping iteration.

Number of bins: 41
Average bin size: 5.951220e+00
Completed iteration:21
Prediction points:11
  TP     FP     TN     FN
     2     2     7     0

Precision / Recall
    0.5000    1.0000


Number of bins: 39
Average bin size: 6.256410e+00
Not enough valid test points; skipping iteration.

Number of bins: 39
Average bin size: 6.256410e+00
Not enough valid test points; skipping iteration.

Number of bins: 39
Average bin size: 6.256410e+00
Completed iteration:24
Prediction points:12
  TP     FP     TN     FN
     0     3     2     7

Precision / Recall
     0     0


Number of bins: 41
Average bin size: 5.951220e+00
Completed iteration:25
Prediction points:20
  TP     FP     TN     FN
     0     2     1    17

Precision / Recall
     0     0


Number of bins: 38
Average bin size: 6.421053e+00
Not enough valid test points; skipping iteration.

Number of bins: 39
Average bin size: 6.256410e+00
Not enough valid test points; skipping iteration.

Number of bins: 36
Average bin size: 6.777778e+00
Completed iteration:28
Prediction points:10
  TP     FP     TN     FN
     0     1     2     7

Precision / Recall
     0     0


Number of bins: 41
Average bin size: 5.951220e+00
Not enough valid test points; skipping iteration.

Number of bins: 39
Average bin size: 6.256410e+00
Not enough valid test points; skipping iteration.
Overall results (hybrid)
Confidence threshold=0.5
Filtered datapoints
AUC ave err std
    0.5415

    0.2135

    0.2135

Precision / Recall macro
   NaN   NaN

Precision / Recall micro
    0.6311    0.4851


Number of bins: 43
Average bin size: 5.674419e+00
Not enough valid test points; skipping iteration.

Number of bins: 42
Average bin size: 5.809524e+00
Not enough valid test points; skipping iteration.

Number of bins: 41
Average bin size: 5.951220e+00
Not enough valid test points; skipping iteration.

Number of bins: 42
Average bin size: 5.809524e+00
Not enough valid test points; skipping iteration.

Number of bins: 41
Average bin size: 5.951220e+00
Not enough valid test points; skipping iteration.

Number of bins: 40
Average bin size: 6.100000e+00
Not enough valid test points; skipping iteration.

Number of bins: 42
Average bin size: 5.809524e+00
Not enough valid test points; skipping iteration.

Number of bins: 38
Average bin size: 6.421053e+00
Completed iteration:8
Prediction points:10
  TP     FP     TN     FN
     1     3     5     1

Precision / Recall
    0.2500    0.5000


Number of bins: 41
Average bin size: 5.951220e+00
Not enough valid test points; skipping iteration.

Number of bins: 41
Average bin size: 5.951220e+00
Not enough valid test points; skipping iteration.

Number of bins: 38
Average bin size: 6.421053e+00
Not enough valid test points; skipping iteration.

Number of bins: 35
Average bin size: 6.971429e+00
Not enough valid test points; skipping iteration.

Number of bins: 39
Average bin size: 6.256410e+00
Not enough valid test points; skipping iteration.

Number of bins: 40
Average bin size: 6.100000e+00
Not enough valid test points; skipping iteration.

Number of bins: 40
Average bin size: 6.100000e+00
Not enough valid test points; skipping iteration.

Number of bins: 41
Average bin size: 5.951220e+00
Not enough valid test points; skipping iteration.

Number of bins: 42
Average bin size: 5.809524e+00
Not enough valid test points; skipping iteration.

Number of bins: 41
Average bin size: 5.951220e+00
Not enough valid test points; skipping iteration.

Number of bins: 39
Average bin size: 6.256410e+00
Completed iteration:19
Prediction points:12
  TP     FP     TN     FN
     5     2     4     1

Precision / Recall
    0.7143    0.8333


Number of bins: 45
Average bin size: 5.422222e+00
Not enough valid test points; skipping iteration.

Number of bins: 42
Average bin size: 5.809524e+00
Not enough valid test points; skipping iteration.

Number of bins: 41
Average bin size: 5.951220e+00
Not enough valid test points; skipping iteration.

Number of bins: 37
Average bin size: 6.594595e+00
Not enough valid test points; skipping iteration.

Number of bins: 42
Average bin size: 5.809524e+00
Completed iteration:24
Prediction points:16
  TP     FP     TN     FN
     7     0     8     1

Precision / Recall
    1.0000    0.8750


Number of bins: 41
Average bin size: 5.951220e+00
Not enough valid test points; skipping iteration.

Number of bins: 40
Average bin size: 6.100000e+00
Not enough valid test points; skipping iteration.

Number of bins: 40
Average bin size: 6.100000e+00
Not enough valid test points; skipping iteration.

Number of bins: 42
Average bin size: 5.809524e+00
Not enough valid test points; skipping iteration.

Number of bins: 38
Average bin size: 6.421053e+00
Not enough valid test points; skipping iteration.

Number of bins: 43
Average bin size: 5.674419e+00
Not enough valid test points; skipping iteration.
Overall results (hybrid)
Confidence threshold=0.6
Filtered datapoints
AUC ave err std
    0.7500

    0.1875

    0.1875

Precision / Recall macro
   NaN   NaN

Precision / Recall micro
    0.6460    0.5530


Number of bins: 40
Average bin size: 6.100000e+00
Completed iteration:1
Prediction points:11
  TP     FP     TN     FN
     7     1     0     3

Precision / Recall
    0.8750    0.7000


Number of bins: 41
Average bin size: 5.951220e+00
Not enough valid test points; skipping iteration.

Number of bins: 40
Average bin size: 6.100000e+00
Not enough valid test points; skipping iteration.

Number of bins: 41
Average bin size: 5.951220e+00
Not enough valid test points; skipping iteration.

Number of bins: 42
Average bin size: 5.809524e+00
Not enough valid test points; skipping iteration.

Number of bins: 37
Average bin size: 6.594595e+00
Not enough valid test points; skipping iteration.

Number of bins: 42
Average bin size: 5.809524e+00
Not enough valid test points; skipping iteration.

Number of bins: 42
Average bin size: 5.809524e+00
Completed iteration:8
Prediction points:11
  TP     FP     TN     FN
     5     2     3     1

Precision / Recall
    0.7143    0.8333


Number of bins: 40
Average bin size: 6.100000e+00
Not enough valid test points; skipping iteration.

Number of bins: 40
Average bin size: 6.100000e+00
Not enough valid test points; skipping iteration.

Number of bins: 41
Average bin size: 5.951220e+00
Not enough valid test points; skipping iteration.

Number of bins: 38
Average bin size: 6.421053e+00
Not enough valid test points; skipping iteration.

Number of bins: 39
Average bin size: 6.256410e+00
Not enough valid test points; skipping iteration.

Number of bins: 40
Average bin size: 6.100000e+00
Not enough valid test points; skipping iteration.

Number of bins: 42
Average bin size: 5.809524e+00
Not enough valid test points; skipping iteration.

Number of bins: 43
Average bin size: 5.674419e+00
Not enough valid test points; skipping iteration.

Number of bins: 41
Average bin size: 5.951220e+00
Not enough valid test points; skipping iteration.

Number of bins: 41
Average bin size: 5.951220e+00
Not enough valid test points; skipping iteration.

Number of bins: 41
Average bin size: 5.951220e+00
Not enough valid test points; skipping iteration.

Number of bins: 41
Average bin size: 5.951220e+00
Not enough valid test points; skipping iteration.

Number of bins: 43
Average bin size: 5.674419e+00
Not enough valid test points; skipping iteration.

Number of bins: 39
Average bin size: 6.256410e+00
Not enough valid test points; skipping iteration.

Number of bins: 41
Average bin size: 5.951220e+00
Not enough valid test points; skipping iteration.

Number of bins: 41
Average bin size: 5.951220e+00
Not enough valid test points; skipping iteration.

Number of bins: 39
Average bin size: 6.256410e+00
Not enough valid test points; skipping iteration.

Number of bins: 39
Average bin size: 6.256410e+00
Not enough valid test points; skipping iteration.

Number of bins: 36
Average bin size: 6.777778e+00
Not enough valid test points; skipping iteration.

Number of bins: 40
Average bin size: 6.100000e+00
Not enough valid test points; skipping iteration.

Number of bins: 40
Average bin size: 6.100000e+00
Not enough valid test points; skipping iteration.

Number of bins: 41
Average bin size: 5.951220e+00
Not enough valid test points; skipping iteration.
Overall results (hybrid)
Confidence threshold=0.7
Filtered datapoints
AUC ave err std
    0.5333

    0.2593

    0.2593

Precision / Recall macro
   NaN   NaN

Precision / Recall micro
    0.6774    0.5753


Number of bins: 42
Average bin size: 5.809524e+00
Not enough valid test points; skipping iteration.

Number of bins: 43
Average bin size: 5.674419e+00
Not enough valid test points; skipping iteration.

Number of bins: 38
Average bin size: 6.421053e+00
Completed iteration:3
Prediction points:12
  TP     FP     TN     FN
     2     3     2     5

Precision / Recall
    0.4000    0.2857


Number of bins: 39
Average bin size: 6.256410e+00
Not enough valid test points; skipping iteration.

Number of bins: 43
Average bin size: 5.674419e+00
Not enough valid test points; skipping iteration.

Number of bins: 44
Average bin size: 5.545455e+00
Not enough valid test points; skipping iteration.

Number of bins: 41
Average bin size: 5.951220e+00
Not enough valid test points; skipping iteration.

Number of bins: 35
Average bin size: 6.971429e+00
Not enough valid test points; skipping iteration.

Number of bins: 41
Average bin size: 5.951220e+00
Not enough valid test points; skipping iteration.

Number of bins: 40
Average bin size: 6.100000e+00
Not enough valid test points; skipping iteration.

Number of bins: 40
Average bin size: 6.100000e+00
Not enough valid test points; skipping iteration.

Number of bins: 38
Average bin size: 6.421053e+00
Not enough valid test points; skipping iteration.

Number of bins: 40
Average bin size: 6.100000e+00
Not enough valid test points; skipping iteration.

Number of bins: 42
Average bin size: 5.809524e+00
Not enough valid test points; skipping iteration.

Number of bins: 37
Average bin size: 6.594595e+00
Not enough valid test points; skipping iteration.

Number of bins: 40
Average bin size: 6.100000e+00
Not enough valid test points; skipping iteration.

Number of bins: 45
Average bin size: 5.422222e+00
Not enough valid test points; skipping iteration.

Number of bins: 35
Average bin size: 6.971429e+00
Not enough valid test points; skipping iteration.

Number of bins: 36
Average bin size: 6.777778e+00
Not enough valid test points; skipping iteration.

Number of bins: 39
Average bin size: 6.256410e+00
Completed iteration:20
Prediction points:10
  TP     FP     TN     FN
     3     3     2     2

Precision / Recall
    0.5000    0.6000


Number of bins: 39
Average bin size: 6.256410e+00
Not enough valid test points; skipping iteration.

Number of bins: 42
Average bin size: 5.809524e+00
Not enough valid test points; skipping iteration.

Number of bins: 42
Average bin size: 5.809524e+00
Not enough valid test points; skipping iteration.

Number of bins: 42
Average bin size: 5.809524e+00
Not enough valid test points; skipping iteration.

Number of bins: 45
Average bin size: 5.422222e+00
Not enough valid test points; skipping iteration.

Number of bins: 37
Average bin size: 6.594595e+00
Completed iteration:26
Prediction points:10
  TP     FP     TN     FN
     2     0     2     6

Precision / Recall
    1.0000    0.2500


Number of bins: 40
Average bin size: 6.100000e+00
Not enough valid test points; skipping iteration.

Number of bins: 41
Average bin size: 5.951220e+00
Not enough valid test points; skipping iteration.

Number of bins: 42
Average bin size: 5.809524e+00
Not enough valid test points; skipping iteration.

Number of bins: 39
Average bin size: 6.256410e+00
Not enough valid test points; skipping iteration.
Overall results (hybrid)
Confidence threshold=0.8
Filtered datapoints
AUC ave err std
    0.4893

    0.1414

    0.1414

Precision / Recall macro
   NaN   NaN

Precision / Recall micro
    0.6769    0.5535


Number of bins: 38
Average bin size: 6.421053e+00
Not enough valid test points; skipping iteration.

Number of bins: 40
Average bin size: 6.100000e+00
Not enough valid test points; skipping iteration.

Number of bins: 39
Average bin size: 6.256410e+00
Not enough valid test points; skipping iteration.

Number of bins: 38
Average bin size: 6.421053e+00
Completed iteration:4
Prediction points:13
  TP     FP     TN     FN
     5     3     3     2

Precision / Recall
    0.6250    0.7143


Number of bins: 38
Average bin size: 6.421053e+00
Not enough valid test points; skipping iteration.

Number of bins: 39
Average bin size: 6.256410e+00
Not enough valid test points; skipping iteration.

Number of bins: 40
Average bin size: 6.100000e+00
Not enough valid test points; skipping iteration.

Number of bins: 35
Average bin size: 6.971429e+00
Not enough valid test points; skipping iteration.

Number of bins: 41
Average bin size: 5.951220e+00
Not enough valid test points; skipping iteration.

Number of bins: 40
Average bin size: 6.100000e+00
Not enough valid test points; skipping iteration.

Number of bins: 41
Average bin size: 5.951220e+00
Not enough valid test points; skipping iteration.

Number of bins: 40
Average bin size: 6.100000e+00
Not enough valid test points; skipping iteration.

Number of bins: 41
Average bin size: 5.951220e+00
Completed iteration:13
Prediction points:12
  TP     FP     TN     FN
     2     1     2     7

Precision / Recall
    0.6667    0.2222


Number of bins: 38
Average bin size: 6.421053e+00
Not enough valid test points; skipping iteration.

Number of bins: 43
Average bin size: 5.674419e+00
Not enough valid test points; skipping iteration.

Number of bins: 39
Average bin size: 6.256410e+00
Not enough valid test points; skipping iteration.

Number of bins: 41
Average bin size: 5.951220e+00
Completed iteration:17
Prediction points:11
  TP     FP     TN     FN
     1     1     3     6

Precision / Recall
    0.5000    0.1429


Number of bins: 41
Average bin size: 5.951220e+00
Not enough valid test points; skipping iteration.

Number of bins: 34
Average bin size: 7.176471e+00
Not enough valid test points; skipping iteration.

Number of bins: 37
Average bin size: 6.594595e+00
Not enough valid test points; skipping iteration.

Number of bins: 40
Average bin size: 6.100000e+00
Not enough valid test points; skipping iteration.

Number of bins: 37
Average bin size: 6.594595e+00
Not enough valid test points; skipping iteration.

Number of bins: 39
Average bin size: 6.256410e+00
Not enough valid test points; skipping iteration.

Number of bins: 42
Average bin size: 5.809524e+00
Not enough valid test points; skipping iteration.

Number of bins: 39
Average bin size: 6.256410e+00
Not enough valid test points; skipping iteration.

Number of bins: 39
Average bin size: 6.256410e+00
Not enough valid test points; skipping iteration.

Number of bins: 39
Average bin size: 6.256410e+00
Not enough valid test points; skipping iteration.

Number of bins: 40
Average bin size: 6.100000e+00
Not enough valid test points; skipping iteration.

Number of bins: 40
Average bin size: 6.100000e+00
Not enough valid test points; skipping iteration.

Number of bins: 39
Average bin size: 6.256410e+00
Not enough valid test points; skipping iteration.
Overall results (hybrid)
Confidence threshold=0.9
Filtered datapoints
AUC ave err std
    0.4993

    0.0934

    0.0934

Precision / Recall macro
   NaN   NaN

Precision / Recall micro
    0.6667    0.4875

    TPR       FPR       TNR       FNR       cutoff
computation time (s)
  619.9590

