!!!!below quality measures have been removed due to insufficient data!!!!!!!!!!!!
    ' TriangleSize'

Keeping QMs:
name        p values
    ' Spread'    '2.48e-07'

    ' Limit'    '2.57e-07'

    ' OrthoNorm'    '0.000358'

Deleting QMs:
name        p values
    ' Extension'    '0.978'

    'GraspIt_Epsilon'    '0.892'

    ' Volume'    '0.537'

    'GraspIt_Volume'    '0.376'

    'GraspIt_ContactEnergy'    '0.0879'

    ' PerpSym'    '0.0627'

    ' ParallelSym'    '0.00685'

binThreshold:15

Number of bins: 27
Average bin size: 9.037037e+00
Not enough valid test points; skipping iteration.

Number of bins: 29
Average bin size: 8.413793e+00
Completed iteration:2
Prediction points:12
  TP     FP     TN     FN
     7     4     0     1

Precision / Recall
    0.6364    0.8750


Number of bins: 28
Average bin size: 8.714286e+00
Not enough valid test points; skipping iteration.

Number of bins: 24
Average bin size: 1.016667e+01
Completed iteration:4
Prediction points:24
  TP     FP     TN     FN
    10     4     3     7

Precision / Recall
    0.7143    0.5882


Number of bins: 25
Average bin size: 9.760000e+00
Not enough valid test points; skipping iteration.

Number of bins: 29
Average bin size: 8.413793e+00
Not enough valid test points; skipping iteration.

Number of bins: 28
Average bin size: 8.714286e+00
Completed iteration:7
Prediction points:11
  TP     FP     TN     FN
     4     3     1     3

Precision / Recall
    0.5714    0.5714


Number of bins: 27
Average bin size: 9.037037e+00
Completed iteration:8
Prediction points:18
  TP     FP     TN     FN
     5     1     5     7

Precision / Recall
    0.8333    0.4167


Number of bins: 28
Average bin size: 8.714286e+00
Not enough valid test points; skipping iteration.

Number of bins: 28
Average bin size: 8.714286e+00
Not enough valid test points; skipping iteration.

Number of bins: 29
Average bin size: 8.413793e+00
Completed iteration:11
Prediction points:15
  TP     FP     TN     FN
     5     2     3     5

Precision / Recall
    0.7143    0.5000


Number of bins: 28
Average bin size: 8.714286e+00
Not enough valid test points; skipping iteration.

Number of bins: 28
Average bin size: 8.714286e+00
Completed iteration:13
Prediction points:17
  TP     FP     TN     FN
     8     5     3     1

Precision / Recall
    0.6154    0.8889


Number of bins: 29
Average bin size: 8.413793e+00
Completed iteration:14
Prediction points:19
  TP     FP     TN     FN
     5     1     4     9

Precision / Recall
    0.8333    0.3571


Number of bins: 28
Average bin size: 8.714286e+00
Not enough valid test points; skipping iteration.

Number of bins: 26
Average bin size: 9.384615e+00
Not enough valid test points; skipping iteration.

Number of bins: 30
Average bin size: 8.133333e+00
Completed iteration:17
Prediction points:10
  TP     FP     TN     FN
     4     1     4     1

Precision / Recall
    0.8000    0.8000


Number of bins: 29
Average bin size: 8.413793e+00
Completed iteration:18
Prediction points:21
  TP     FP     TN     FN
     6     6     3     6

Precision / Recall
    0.5000    0.5000


Number of bins: 28
Average bin size: 8.714286e+00
Not enough valid test points; skipping iteration.

Number of bins: 29
Average bin size: 8.413793e+00
Not enough valid test points; skipping iteration.

Number of bins: 28
Average bin size: 8.714286e+00
Completed iteration:21
Prediction points:12
  TP     FP     TN     FN
     6     2     2     2

Precision / Recall
    0.7500    0.7500


Number of bins: 28
Average bin size: 8.714286e+00
Not enough valid test points; skipping iteration.

Number of bins: 27
Average bin size: 9.037037e+00
Not enough valid test points; skipping iteration.

Number of bins: 26
Average bin size: 9.384615e+00
Completed iteration:24
Prediction points:19
  TP     FP     TN     FN
     0     3     2    14

Precision / Recall
     0     0


Number of bins: 30
Average bin size: 8.133333e+00
Not enough valid test points; skipping iteration.

Number of bins: 28
Average bin size: 8.714286e+00
Not enough valid test points; skipping iteration.

Number of bins: 29
Average bin size: 8.413793e+00
Not enough valid test points; skipping iteration.

Number of bins: 27
Average bin size: 9.037037e+00
Completed iteration:28
Prediction points:29
  TP     FP     TN     FN
    15     5     2     7

Precision / Recall
    0.7500    0.6818


Number of bins: 29
Average bin size: 8.413793e+00
Not enough valid test points; skipping iteration.

Number of bins: 30
Average bin size: 8.133333e+00
Not enough valid test points; skipping iteration.
Overall results (hybrid)
Confidence threshold=0.5
Filtered datapoints
AUC ave err std
    0.5223

    0.1509

    0.1509

Precision / Recall macro
   NaN   NaN

Precision / Recall micro
    0.6696    0.5435


Number of bins: 29
Average bin size: 8.413793e+00
Not enough valid test points; skipping iteration.

Number of bins: 30
Average bin size: 8.133333e+00
Not enough valid test points; skipping iteration.

Number of bins: 29
Average bin size: 8.413793e+00
Not enough valid test points; skipping iteration.

Number of bins: 25
Average bin size: 9.760000e+00
Not enough valid test points; skipping iteration.

Number of bins: 29
Average bin size: 8.413793e+00
Not enough valid test points; skipping iteration.

Number of bins: 29
Average bin size: 8.413793e+00
Not enough valid test points; skipping iteration.

Number of bins: 27
Average bin size: 9.037037e+00
Not enough valid test points; skipping iteration.

Number of bins: 29
Average bin size: 8.413793e+00
Completed iteration:8
Prediction points:10
  TP     FP     TN     FN
     1     3     5     1

Precision / Recall
    0.2500    0.5000


Number of bins: 29
Average bin size: 8.413793e+00
Not enough valid test points; skipping iteration.

Number of bins: 27
Average bin size: 9.037037e+00
Not enough valid test points; skipping iteration.

Number of bins: 28
Average bin size: 8.714286e+00
Not enough valid test points; skipping iteration.

Number of bins: 28
Average bin size: 8.714286e+00
Not enough valid test points; skipping iteration.

Number of bins: 27
Average bin size: 9.037037e+00
Not enough valid test points; skipping iteration.

Number of bins: 29
Average bin size: 8.413793e+00
Not enough valid test points; skipping iteration.

Number of bins: 27
Average bin size: 9.037037e+00
Not enough valid test points; skipping iteration.

Number of bins: 30
Average bin size: 8.133333e+00
Not enough valid test points; skipping iteration.

Number of bins: 24
Average bin size: 1.016667e+01
Not enough valid test points; skipping iteration.

Number of bins: 27
Average bin size: 9.037037e+00
Not enough valid test points; skipping iteration.

Number of bins: 30
Average bin size: 8.133333e+00
Completed iteration:19
Prediction points:12
  TP     FP     TN     FN
     5     2     4     1

Precision / Recall
    0.7143    0.8333


Number of bins: 29
Average bin size: 8.413793e+00
Not enough valid test points; skipping iteration.

Number of bins: 25
Average bin size: 9.760000e+00
Not enough valid test points; skipping iteration.

Number of bins: 27
Average bin size: 9.037037e+00
Not enough valid test points; skipping iteration.

Number of bins: 26
Average bin size: 9.384615e+00
Not enough valid test points; skipping iteration.

Number of bins: 27
Average bin size: 9.037037e+00
Completed iteration:24
Prediction points:16
  TP     FP     TN     FN
     7     0     8     1

Precision / Recall
    1.0000    0.8750


Number of bins: 29
Average bin size: 8.413793e+00
Completed iteration:25
Prediction points:16
  TP     FP     TN     FN
     3     5     7     1

Precision / Recall
    0.3750    0.7500


Number of bins: 25
Average bin size: 9.760000e+00
Not enough valid test points; skipping iteration.

Number of bins: 27
Average bin size: 9.037037e+00
Not enough valid test points; skipping iteration.

Number of bins: 27
Average bin size: 9.037037e+00
Not enough valid test points; skipping iteration.

Number of bins: 27
Average bin size: 9.037037e+00
Not enough valid test points; skipping iteration.

Number of bins: 31
Average bin size: 7.870968e+00
Not enough valid test points; skipping iteration.
Overall results (hybrid)
Confidence threshold=0.6
Filtered datapoints
AUC ave err std
    0.7292

    0.1587

    0.1587

Precision / Recall macro
   NaN   NaN

Precision / Recall micro
    0.6667    0.6515


Number of bins: 30
Average bin size: 8.133333e+00
Completed iteration:1
Prediction points:11
  TP     FP     TN     FN
     7     1     0     3

Precision / Recall
    0.8750    0.7000


Number of bins: 26
Average bin size: 9.384615e+00
Not enough valid test points; skipping iteration.

Number of bins: 28
Average bin size: 8.714286e+00
Not enough valid test points; skipping iteration.

Number of bins: 29
Average bin size: 8.413793e+00
Not enough valid test points; skipping iteration.

Number of bins: 24
Average bin size: 1.016667e+01
Not enough valid test points; skipping iteration.

Number of bins: 29
Average bin size: 8.413793e+00
Not enough valid test points; skipping iteration.

Number of bins: 29
Average bin size: 8.413793e+00
Not enough valid test points; skipping iteration.

Number of bins: 28
Average bin size: 8.714286e+00
Completed iteration:8
Prediction points:11
  TP     FP     TN     FN
     5     2     3     1

Precision / Recall
    0.7143    0.8333


Number of bins: 27
Average bin size: 9.037037e+00
Not enough valid test points; skipping iteration.

Number of bins: 27
Average bin size: 9.037037e+00
Not enough valid test points; skipping iteration.

Number of bins: 25
Average bin size: 9.760000e+00
Not enough valid test points; skipping iteration.

Number of bins: 30
Average bin size: 8.133333e+00
Not enough valid test points; skipping iteration.

Number of bins: 27
Average bin size: 9.037037e+00
Not enough valid test points; skipping iteration.

Number of bins: 28
Average bin size: 8.714286e+00
Not enough valid test points; skipping iteration.

Number of bins: 29
Average bin size: 8.413793e+00
Not enough valid test points; skipping iteration.

Number of bins: 29
Average bin size: 8.413793e+00
Not enough valid test points; skipping iteration.

Number of bins: 31
Average bin size: 7.870968e+00
Not enough valid test points; skipping iteration.

Number of bins: 28
Average bin size: 8.714286e+00
Not enough valid test points; skipping iteration.

Number of bins: 28
Average bin size: 8.714286e+00
Not enough valid test points; skipping iteration.

Number of bins: 29
Average bin size: 8.413793e+00
Not enough valid test points; skipping iteration.

Number of bins: 29
Average bin size: 8.413793e+00
Not enough valid test points; skipping iteration.

Number of bins: 29
Average bin size: 8.413793e+00
Not enough valid test points; skipping iteration.

Number of bins: 30
Average bin size: 8.133333e+00
Not enough valid test points; skipping iteration.

Number of bins: 27
Average bin size: 9.037037e+00
Not enough valid test points; skipping iteration.

Number of bins: 27
Average bin size: 9.037037e+00
Not enough valid test points; skipping iteration.

Number of bins: 30
Average bin size: 8.133333e+00
Not enough valid test points; skipping iteration.

Number of bins: 29
Average bin size: 8.413793e+00
Not enough valid test points; skipping iteration.

Number of bins: 26
Average bin size: 9.384615e+00
Not enough valid test points; skipping iteration.

Number of bins: 27
Average bin size: 9.037037e+00
Not enough valid test points; skipping iteration.

Number of bins: 27
Average bin size: 9.037037e+00
Not enough valid test points; skipping iteration.
Overall results (hybrid)
Confidence threshold=0.7
Filtered datapoints
AUC ave err std
    0.5333

    0.2593

    0.2593

Precision / Recall macro
   NaN   NaN

Precision / Recall micro
    0.6929    0.6644


Number of bins: 29
Average bin size: 8.413793e+00
Not enough valid test points; skipping iteration.

Number of bins: 28
Average bin size: 8.714286e+00
Not enough valid test points; skipping iteration.

Number of bins: 29
Average bin size: 8.413793e+00
Completed iteration:3
Prediction points:12
  TP     FP     TN     FN
     2     3     2     5

Precision / Recall
    0.4000    0.2857


Number of bins: 30
Average bin size: 8.133333e+00
Completed iteration:4
Prediction points:11
  TP     FP     TN     FN
     8     1     2     0

Precision / Recall
    0.8889    1.0000


Number of bins: 28
Average bin size: 8.714286e+00
Not enough valid test points; skipping iteration.

Number of bins: 33
Average bin size: 7.393939e+00
Not enough valid test points; skipping iteration.

Number of bins: 32
Average bin size: 7.625000e+00
Not enough valid test points; skipping iteration.

Number of bins: 27
Average bin size: 9.037037e+00
Not enough valid test points; skipping iteration.

Number of bins: 29
Average bin size: 8.413793e+00
Not enough valid test points; skipping iteration.

Number of bins: 31
Average bin size: 7.870968e+00
Not enough valid test points; skipping iteration.

Number of bins: 27
Average bin size: 9.037037e+00
Not enough valid test points; skipping iteration.

Number of bins: 30
Average bin size: 8.133333e+00
Not enough valid test points; skipping iteration.

Number of bins: 28
Average bin size: 8.714286e+00
Not enough valid test points; skipping iteration.

Number of bins: 31
Average bin size: 7.870968e+00
Not enough valid test points; skipping iteration.

Number of bins: 27
Average bin size: 9.037037e+00
Not enough valid test points; skipping iteration.

Number of bins: 27
Average bin size: 9.037037e+00
Not enough valid test points; skipping iteration.

Number of bins: 28
Average bin size: 8.714286e+00
Not enough valid test points; skipping iteration.

Number of bins: 28
Average bin size: 8.714286e+00
Not enough valid test points; skipping iteration.

Number of bins: 26
Average bin size: 9.384615e+00
Not enough valid test points; skipping iteration.

Number of bins: 32
Average bin size: 7.625000e+00
Completed iteration:20
Prediction points:17
  TP     FP     TN     FN
     7     0     5     5

Precision / Recall
    1.0000    0.5833


Number of bins: 27
Average bin size: 9.037037e+00
Completed iteration:21
Prediction points:15
  TP     FP     TN     FN
     4     0     5     6

Precision / Recall
    1.0000    0.4000


Number of bins: 27
Average bin size: 9.037037e+00
Not enough valid test points; skipping iteration.

Number of bins: 30
Average bin size: 8.133333e+00
Not enough valid test points; skipping iteration.

Number of bins: 29
Average bin size: 8.413793e+00
Not enough valid test points; skipping iteration.

Number of bins: 27
Average bin size: 9.037037e+00
Not enough valid test points; skipping iteration.

Number of bins: 29
Average bin size: 8.413793e+00
Completed iteration:26
Prediction points:10
  TP     FP     TN     FN
     2     0     2     6

Precision / Recall
    1.0000    0.2500


Number of bins: 31
Average bin size: 7.870968e+00
Not enough valid test points; skipping iteration.

Number of bins: 29
Average bin size: 8.413793e+00
Not enough valid test points; skipping iteration.

Number of bins: 27
Average bin size: 9.037037e+00
Not enough valid test points; skipping iteration.

Number of bins: 27
Average bin size: 9.037037e+00
Not enough valid test points; skipping iteration.
Overall results (hybrid)
Confidence threshold=0.8
Filtered datapoints
AUC ave err std
    0.6586

    0.1941

    0.1941

Precision / Recall macro
   NaN   NaN

Precision / Recall micro
    0.7172    0.6265


Number of bins: 28
Average bin size: 8.714286e+00
Not enough valid test points; skipping iteration.

Number of bins: 27
Average bin size: 9.037037e+00
Not enough valid test points; skipping iteration.

Number of bins: 28
Average bin size: 8.714286e+00
Not enough valid test points; skipping iteration.

Number of bins: 30
Average bin size: 8.133333e+00
Completed iteration:4
Prediction points:15
  TP     FP     TN     FN
     6     4     3     2

Precision / Recall
    0.6000    0.7500


Number of bins: 27
Average bin size: 9.037037e+00
Not enough valid test points; skipping iteration.

Number of bins: 28
Average bin size: 8.714286e+00
Not enough valid test points; skipping iteration.

Number of bins: 24
Average bin size: 1.016667e+01
Not enough valid test points; skipping iteration.

Number of bins: 27
Average bin size: 9.037037e+00
Not enough valid test points; skipping iteration.

Number of bins: 27
Average bin size: 9.037037e+00
Not enough valid test points; skipping iteration.

Number of bins: 27
Average bin size: 9.037037e+00
Not enough valid test points; skipping iteration.

Number of bins: 28
Average bin size: 8.714286e+00
Not enough valid test points; skipping iteration.

Number of bins: 26
Average bin size: 9.384615e+00
Not enough valid test points; skipping iteration.

Number of bins: 27
Average bin size: 9.037037e+00
Completed iteration:13
Prediction points:10
  TP     FP     TN     FN
     1     1     2     6

Precision / Recall
    0.5000    0.1429


Number of bins: 28
Average bin size: 8.714286e+00
Completed iteration:14
Prediction points:10
  TP     FP     TN     FN
     2     2     2     4

Precision / Recall
    0.5000    0.3333


Number of bins: 30
Average bin size: 8.133333e+00
Not enough valid test points; skipping iteration.

Number of bins: 27
Average bin size: 9.037037e+00
Completed iteration:16
Prediction points:18
  TP     FP     TN     FN
     2     0     1    15

Precision / Recall
    1.0000    0.1176


Number of bins: 29
Average bin size: 8.413793e+00
Not enough valid test points; skipping iteration.

Number of bins: 29
Average bin size: 8.413793e+00
Not enough valid test points; skipping iteration.

Number of bins: 27
Average bin size: 9.037037e+00
Not enough valid test points; skipping iteration.

Number of bins: 26
Average bin size: 9.384615e+00
Not enough valid test points; skipping iteration.

Number of bins: 31
Average bin size: 7.870968e+00
Not enough valid test points; skipping iteration.

Number of bins: 28
Average bin size: 8.714286e+00
Not enough valid test points; skipping iteration.

Number of bins: 27
Average bin size: 9.037037e+00
Not enough valid test points; skipping iteration.

Number of bins: 28
Average bin size: 8.714286e+00
Not enough valid test points; skipping iteration.

Number of bins: 29
Average bin size: 8.413793e+00
Not enough valid test points; skipping iteration.

Number of bins: 27
Average bin size: 9.037037e+00
Not enough valid test points; skipping iteration.

Number of bins: 28
Average bin size: 8.714286e+00
Not enough valid test points; skipping iteration.

Number of bins: 28
Average bin size: 8.714286e+00
Not enough valid test points; skipping iteration.

Number of bins: 31
Average bin size: 7.870968e+00
Not enough valid test points; skipping iteration.

Number of bins: 26
Average bin size: 9.384615e+00
Not enough valid test points; skipping iteration.
Overall results (hybrid)
Confidence threshold=0.9
Filtered datapoints
AUC ave err std
    0.4924

    0.0952

    0.0952

Precision / Recall macro
   NaN   NaN

Precision / Recall micro
    0.6963    0.5434

    TPR       FPR       TNR       FNR       cutoff
computation time (s)
  570.2430

