!!!!below quality measures have been removed due to insufficient data!!!!!!!!!!!!
    ' TriangleSize'

Keeping QMs:
name        p values
    ' Spread'    '2.48e-07'

    ' Limit'    '2.57e-07'

    ' OrthoNorm'    '0.000358'

Deleting QMs:
name        p values
    ' Extension'    '0.978'

    'GraspIt_Epsilon'    '0.892'

    ' Volume'    '0.537'

    'GraspIt_Volume'    '0.376'

    'GraspIt_ContactEnergy'    '0.0879'

    ' PerpSym'    '0.0627'

    ' ParallelSym'    '0.00685'

binThreshold:10

Number of bins: 41
Average bin size: 5.951220e+00
Completed iteration:1
Prediction points:28
  TP     FP     TN     FN
     5     3     5    15

Precision / Recall
    0.6250    0.2500


Number of bins: 40
Average bin size: 6.100000e+00
Completed iteration:2
Prediction points:28
  TP     FP     TN     FN
     5     2     7    14

Precision / Recall
    0.7143    0.2632


Number of bins: 39
Average bin size: 6.256410e+00
Completed iteration:3
Prediction points:20
  TP     FP     TN     FN
     3     0     2    15

Precision / Recall
    1.0000    0.1667


Number of bins: 43
Average bin size: 5.674419e+00
Completed iteration:4
Prediction points:33
  TP     FP     TN     FN
     8     0    10    15

Precision / Recall
    1.0000    0.3478


Number of bins: 40
Average bin size: 6.100000e+00
Not enough valid test points; skipping iteration.

Number of bins: 41
Average bin size: 5.951220e+00
Completed iteration:6
Prediction points:11
  TP     FP     TN     FN
     1     3     0     7

Precision / Recall
    0.2500    0.1250


Number of bins: 40
Average bin size: 6.100000e+00
Completed iteration:7
Prediction points:33
  TP     FP     TN     FN
     6     3     4    20

Precision / Recall
    0.6667    0.2308


Number of bins: 37
Average bin size: 6.594595e+00
Completed iteration:8
Prediction points:20
  TP     FP     TN     FN
     7     1     6     6

Precision / Recall
    0.8750    0.5385


Number of bins: 42
Average bin size: 5.809524e+00
Completed iteration:9
Prediction points:30
  TP     FP     TN     FN
     2     1     8    19

Precision / Recall
    0.6667    0.0952


Number of bins: 38
Average bin size: 6.421053e+00
Completed iteration:10
Prediction points:29
  TP     FP     TN     FN
     5     1     9    14

Precision / Recall
    0.8333    0.2632


Number of bins: 42
Average bin size: 5.809524e+00
Completed iteration:11
Prediction points:41
  TP     FP     TN     FN
     8     3     5    25

Precision / Recall
    0.7273    0.2424


Number of bins: 38
Average bin size: 6.421053e+00
Completed iteration:12
Prediction points:14
  TP     FP     TN     FN
     5     3     4     2

Precision / Recall
    0.6250    0.7143


Number of bins: 39
Average bin size: 6.256410e+00
Completed iteration:13
Prediction points:14
  TP     FP     TN     FN
     2     0     5     7

Precision / Recall
    1.0000    0.2222


Number of bins: 44
Average bin size: 5.545455e+00
Completed iteration:14
Prediction points:35
  TP     FP     TN     FN
    11     4     6    14

Precision / Recall
    0.7333    0.4400


Number of bins: 38
Average bin size: 6.421053e+00
Completed iteration:15
Prediction points:19
  TP     FP     TN     FN
     0     1     5    13

Precision / Recall
     0     0


Number of bins: 43
Average bin size: 5.674419e+00
Completed iteration:16
Prediction points:23
  TP     FP     TN     FN
    13     3     2     5

Precision / Recall
    0.8125    0.7222


Number of bins: 40
Average bin size: 6.100000e+00
Completed iteration:17
Prediction points:22
  TP     FP     TN     FN
    14     3     4     1

Precision / Recall
    0.8235    0.9333


Number of bins: 43
Average bin size: 5.674419e+00
Completed iteration:18
Prediction points:42
  TP     FP     TN     FN
    11     6    14    11

Precision / Recall
    0.6471    0.5000


Number of bins: 37
Average bin size: 6.594595e+00
Completed iteration:19
Prediction points:58
  TP     FP     TN     FN
     7     2    11    38

Precision / Recall
    0.7778    0.1556


Number of bins: 42
Average bin size: 5.809524e+00
Completed iteration:20
Prediction points:19
  TP     FP     TN     FN
     5     2     3     9

Precision / Recall
    0.7143    0.3571


Number of bins: 41
Average bin size: 5.951220e+00
Completed iteration:21
Prediction points:17
  TP     FP     TN     FN
     3     3     9     2

Precision / Recall
    0.5000    0.6000


Number of bins: 39
Average bin size: 6.256410e+00
Not enough valid test points; skipping iteration.

Number of bins: 39
Average bin size: 6.256410e+00
Completed iteration:23
Prediction points:49
  TP     FP     TN     FN
     6     2     8    33

Precision / Recall
    0.7500    0.1538


Number of bins: 39
Average bin size: 6.256410e+00
Completed iteration:24
Prediction points:21
  TP     FP     TN     FN
     2     3     6    10

Precision / Recall
    0.4000    0.1667


Number of bins: 41
Average bin size: 5.951220e+00
Completed iteration:25
Prediction points:34
  TP     FP     TN     FN
     3     6     4    21

Precision / Recall
    0.3333    0.1250


Number of bins: 38
Average bin size: 6.421053e+00
Completed iteration:26
Prediction points:17
  TP     FP     TN     FN
     5     2     4     6

Precision / Recall
    0.7143    0.4545


Number of bins: 39
Average bin size: 6.256410e+00
Completed iteration:27
Prediction points:24
  TP     FP     TN     FN
     7     7     4     6

Precision / Recall
    0.5000    0.5385


Number of bins: 36
Average bin size: 6.777778e+00
Completed iteration:28
Prediction points:28
  TP     FP     TN     FN
     5     2     5    16

Precision / Recall
    0.7143    0.2381


Number of bins: 41
Average bin size: 5.951220e+00
Completed iteration:29
Prediction points:12
  TP     FP     TN     FN
     9     1     2     0

Precision / Recall
    0.9000    1.0000


Number of bins: 39
Average bin size: 6.256410e+00
Completed iteration:30
Prediction points:20
  TP     FP     TN     FN
    10     4     5     1

Precision / Recall
    0.7143    0.9091

Overall results (hybrid)
Confidence threshold=0.5
Filtered datapoints
AUC ave err std
    0.5304

    0.1553

    0.1553

Precision / Recall macro
   NaN   NaN

Precision / Recall micro
    0.7029    0.3275


Number of bins: 43
Average bin size: 5.674419e+00
Not enough valid test points; skipping iteration.

Number of bins: 42
Average bin size: 5.809524e+00
Not enough valid test points; skipping iteration.

Number of bins: 41
Average bin size: 5.951220e+00
Not enough valid test points; skipping iteration.

Number of bins: 42
Average bin size: 5.809524e+00
Not enough valid test points; skipping iteration.

Number of bins: 41
Average bin size: 5.951220e+00
Completed iteration:5
Prediction points:20
  TP     FP     TN     FN
     5     2     3    10

Precision / Recall
    0.7143    0.3333


Number of bins: 40
Average bin size: 6.100000e+00
Not enough valid test points; skipping iteration.

Number of bins: 42
Average bin size: 5.809524e+00
Not enough valid test points; skipping iteration.

Number of bins: 38
Average bin size: 6.421053e+00
Completed iteration:8
Prediction points:11
  TP     FP     TN     FN
     3     0     3     5

Precision / Recall
    1.0000    0.3750


Number of bins: 41
Average bin size: 5.951220e+00
Completed iteration:9
Prediction points:16
  TP     FP     TN     FN
     8     6     2     0

Precision / Recall
    0.5714    1.0000


Number of bins: 41
Average bin size: 5.951220e+00
Not enough valid test points; skipping iteration.

Number of bins: 38
Average bin size: 6.421053e+00
Not enough valid test points; skipping iteration.

Number of bins: 35
Average bin size: 6.971429e+00
Not enough valid test points; skipping iteration.

Number of bins: 39
Average bin size: 6.256410e+00
Completed iteration:13
Prediction points:24
  TP     FP     TN     FN
     9     0     7     8

Precision / Recall
    1.0000    0.5294


Number of bins: 40
Average bin size: 6.100000e+00
Completed iteration:14
Prediction points:13
  TP     FP     TN     FN
     2     1     3     7

Precision / Recall
    0.6667    0.2222


Number of bins: 40
Average bin size: 6.100000e+00
Not enough valid test points; skipping iteration.

Number of bins: 41
Average bin size: 5.951220e+00
Completed iteration:16
Prediction points:10
  TP     FP     TN     FN
     3     1     2     4

Precision / Recall
    0.7500    0.4286


Number of bins: 42
Average bin size: 5.809524e+00
Completed iteration:17
Prediction points:14
  TP     FP     TN     FN
     1     1     4     8

Precision / Recall
    0.5000    0.1111


Number of bins: 41
Average bin size: 5.951220e+00
Not enough valid test points; skipping iteration.

Number of bins: 39
Average bin size: 6.256410e+00
Completed iteration:19
Prediction points:27
  TP     FP     TN     FN
    10     2     7     8

Precision / Recall
    0.8333    0.5556


Number of bins: 45
Average bin size: 5.422222e+00
Not enough valid test points; skipping iteration.

Number of bins: 42
Average bin size: 5.809524e+00
Completed iteration:21
Prediction points:14
  TP     FP     TN     FN
     1     4     6     3

Precision / Recall
    0.2000    0.2500


Number of bins: 41
Average bin size: 5.951220e+00
Completed iteration:22
Prediction points:12
  TP     FP     TN     FN
     1     0     5     6

Precision / Recall
    1.0000    0.1429


Number of bins: 37
Average bin size: 6.594595e+00
Completed iteration:23
Prediction points:10
  TP     FP     TN     FN
     1     0     0     9

Precision / Recall
    1.0000    0.1000


Number of bins: 42
Average bin size: 5.809524e+00
Not enough valid test points; skipping iteration.

Number of bins: 41
Average bin size: 5.951220e+00
Completed iteration:25
Prediction points:10
  TP     FP     TN     FN
     3     1     2     4

Precision / Recall
    0.7500    0.4286


Number of bins: 40
Average bin size: 6.100000e+00
Not enough valid test points; skipping iteration.

Number of bins: 40
Average bin size: 6.100000e+00
Not enough valid test points; skipping iteration.

Number of bins: 42
Average bin size: 5.809524e+00
Completed iteration:28
Prediction points:10
  TP     FP     TN     FN
     1     1     2     6

Precision / Recall
    0.5000    0.1429


Number of bins: 38
Average bin size: 6.421053e+00
Not enough valid test points; skipping iteration.

Number of bins: 43
Average bin size: 5.674419e+00
Completed iteration:30
Prediction points:16
  TP     FP     TN     FN
     3     1     6     6

Precision / Recall
    0.7500    0.3333

Overall results (hybrid)
Confidence threshold=0.6
Filtered datapoints
AUC ave err std
   NaN

   NaN

   NaN

Precision / Recall macro
    0.6851    0.3524

Precision / Recall micro
    0.6939    0.3383


Number of bins: 40
Average bin size: 6.100000e+00
Completed iteration:1
Prediction points:10
  TP     FP     TN     FN
     1     0     4     5

Precision / Recall
    1.0000    0.1667


Number of bins: 41
Average bin size: 5.951220e+00
Not enough valid test points; skipping iteration.

Number of bins: 40
Average bin size: 6.100000e+00
Not enough valid test points; skipping iteration.

Number of bins: 41
Average bin size: 5.951220e+00
Not enough valid test points; skipping iteration.

Number of bins: 42
Average bin size: 5.809524e+00
Not enough valid test points; skipping iteration.

Number of bins: 37
Average bin size: 6.594595e+00
Not enough valid test points; skipping iteration.

Number of bins: 42
Average bin size: 5.809524e+00
Not enough valid test points; skipping iteration.

Number of bins: 42
Average bin size: 5.809524e+00
Completed iteration:8
Prediction points:19
  TP     FP     TN     FN
     7     5     2     5

Precision / Recall
    0.5833    0.5833


Number of bins: 40
Average bin size: 6.100000e+00
Not enough valid test points; skipping iteration.

Number of bins: 40
Average bin size: 6.100000e+00
Not enough valid test points; skipping iteration.

Number of bins: 41
Average bin size: 5.951220e+00
Not enough valid test points; skipping iteration.

Number of bins: 38
Average bin size: 6.421053e+00
Not enough valid test points; skipping iteration.

Number of bins: 39
Average bin size: 6.256410e+00
Not enough valid test points; skipping iteration.

Number of bins: 40
Average bin size: 6.100000e+00
Completed iteration:14
Prediction points:12
  TP     FP     TN     FN
     1     5     1     5

Precision / Recall
    0.1667    0.1667


Number of bins: 42
Average bin size: 5.809524e+00
Not enough valid test points; skipping iteration.

Number of bins: 43
Average bin size: 5.674419e+00
Not enough valid test points; skipping iteration.

Number of bins: 41
Average bin size: 5.951220e+00
Not enough valid test points; skipping iteration.

Number of bins: 41
Average bin size: 5.951220e+00
Not enough valid test points; skipping iteration.

Number of bins: 41
Average bin size: 5.951220e+00
Not enough valid test points; skipping iteration.

Number of bins: 41
Average bin size: 5.951220e+00
Not enough valid test points; skipping iteration.

Number of bins: 43
Average bin size: 5.674419e+00
Not enough valid test points; skipping iteration.

Number of bins: 39
Average bin size: 6.256410e+00
Not enough valid test points; skipping iteration.

Number of bins: 41
Average bin size: 5.951220e+00
Completed iteration:23
Prediction points:11
  TP     FP     TN     FN
     2     1     2     6

Precision / Recall
    0.6667    0.2500


Number of bins: 41
Average bin size: 5.951220e+00
Not enough valid test points; skipping iteration.

Number of bins: 39
Average bin size: 6.256410e+00
Not enough valid test points; skipping iteration.

Number of bins: 39
Average bin size: 6.256410e+00
Not enough valid test points; skipping iteration.

Number of bins: 36
Average bin size: 6.777778e+00
Not enough valid test points; skipping iteration.

Number of bins: 40
Average bin size: 6.100000e+00
Not enough valid test points; skipping iteration.

Number of bins: 40
Average bin size: 6.100000e+00
Not enough valid test points; skipping iteration.

Number of bins: 41
Average bin size: 5.951220e+00
Not enough valid test points; skipping iteration.
Overall results (hybrid)
Confidence threshold=0.7
Filtered datapoints
AUC ave err std
    0.4107

    0.1753

    0.1753

Precision / Recall macro
    0.6559    0.3597

Precision / Recall micro
    0.6700    0.3514


Number of bins: 42
Average bin size: 5.809524e+00
Not enough valid test points; skipping iteration.

Number of bins: 43
Average bin size: 5.674419e+00
Not enough valid test points; skipping iteration.

Number of bins: 38
Average bin size: 6.421053e+00
Not enough valid test points; skipping iteration.

Number of bins: 39
Average bin size: 6.256410e+00
Not enough valid test points; skipping iteration.

Number of bins: 43
Average bin size: 5.674419e+00
Not enough valid test points; skipping iteration.

Number of bins: 44
Average bin size: 5.545455e+00
Not enough valid test points; skipping iteration.

Number of bins: 41
Average bin size: 5.951220e+00
Not enough valid test points; skipping iteration.

Number of bins: 35
Average bin size: 6.971429e+00
Not enough valid test points; skipping iteration.

Number of bins: 41
Average bin size: 5.951220e+00
Not enough valid test points; skipping iteration.

Number of bins: 40
Average bin size: 6.100000e+00
Not enough valid test points; skipping iteration.

Number of bins: 40
Average bin size: 6.100000e+00
Not enough valid test points; skipping iteration.

Number of bins: 38
Average bin size: 6.421053e+00
Not enough valid test points; skipping iteration.

Number of bins: 40
Average bin size: 6.100000e+00
Not enough valid test points; skipping iteration.

Number of bins: 42
Average bin size: 5.809524e+00
Not enough valid test points; skipping iteration.

Number of bins: 37
Average bin size: 6.594595e+00
Not enough valid test points; skipping iteration.

Number of bins: 40
Average bin size: 6.100000e+00
Completed iteration:16
Prediction points:18
  TP     FP     TN     FN
     8     1     3     6

Precision / Recall
    0.8889    0.5714


Number of bins: 45
Average bin size: 5.422222e+00
Not enough valid test points; skipping iteration.

Number of bins: 35
Average bin size: 6.971429e+00
Not enough valid test points; skipping iteration.

Number of bins: 36
Average bin size: 6.777778e+00
Not enough valid test points; skipping iteration.

Number of bins: 39
Average bin size: 6.256410e+00
Not enough valid test points; skipping iteration.

Number of bins: 39
Average bin size: 6.256410e+00
Not enough valid test points; skipping iteration.

Number of bins: 42
Average bin size: 5.809524e+00
Not enough valid test points; skipping iteration.

Number of bins: 42
Average bin size: 5.809524e+00
Completed iteration:23
Prediction points:12
  TP     FP     TN     FN
     3     0     5     4

Precision / Recall
    1.0000    0.4286


Number of bins: 42
Average bin size: 5.809524e+00
Not enough valid test points; skipping iteration.

Number of bins: 45
Average bin size: 5.422222e+00
Not enough valid test points; skipping iteration.

Number of bins: 37
Average bin size: 6.594595e+00
Not enough valid test points; skipping iteration.

Number of bins: 40
Average bin size: 6.100000e+00
Not enough valid test points; skipping iteration.

Number of bins: 41
Average bin size: 5.951220e+00
Completed iteration:28
Prediction points:11
  TP     FP     TN     FN
     1     0     1     9

Precision / Recall
    1.0000    0.1000


Number of bins: 42
Average bin size: 5.809524e+00
Not enough valid test points; skipping iteration.

Number of bins: 39
Average bin size: 6.256410e+00
Not enough valid test points; skipping iteration.
Overall results (hybrid)
Confidence threshold=0.8
Filtered datapoints
AUC ave err std
    0.6417

    0.0838

    0.0838

Precision / Recall macro
    0.6883    0.3690

Precision / Recall micro
    0.6860    0.3586


Number of bins: 38
Average bin size: 6.421053e+00
Not enough valid test points; skipping iteration.

Number of bins: 40
Average bin size: 6.100000e+00
Not enough valid test points; skipping iteration.

Number of bins: 39
Average bin size: 6.256410e+00
Not enough valid test points; skipping iteration.

Number of bins: 38
Average bin size: 6.421053e+00
Not enough valid test points; skipping iteration.

Number of bins: 38
Average bin size: 6.421053e+00
Completed iteration:5
Prediction points:10
  TP     FP     TN     FN
     2     3     2     3

Precision / Recall
    0.4000    0.4000


Number of bins: 39
Average bin size: 6.256410e+00
Not enough valid test points; skipping iteration.

Number of bins: 40
Average bin size: 6.100000e+00
Not enough valid test points; skipping iteration.

Number of bins: 35
Average bin size: 6.971429e+00
Not enough valid test points; skipping iteration.

Number of bins: 41
Average bin size: 5.951220e+00
Not enough valid test points; skipping iteration.

Number of bins: 40
Average bin size: 6.100000e+00
Completed iteration:10
Prediction points:10
  TP     FP     TN     FN
     2     0     4     4

Precision / Recall
    1.0000    0.3333


Number of bins: 41
Average bin size: 5.951220e+00
Not enough valid test points; skipping iteration.

Number of bins: 40
Average bin size: 6.100000e+00
Not enough valid test points; skipping iteration.

Number of bins: 41
Average bin size: 5.951220e+00
Not enough valid test points; skipping iteration.

Number of bins: 38
Average bin size: 6.421053e+00
Not enough valid test points; skipping iteration.

Number of bins: 43
Average bin size: 5.674419e+00
Not enough valid test points; skipping iteration.

Number of bins: 39
Average bin size: 6.256410e+00
Not enough valid test points; skipping iteration.

Number of bins: 41
Average bin size: 5.951220e+00
Not enough valid test points; skipping iteration.

Number of bins: 41
Average bin size: 5.951220e+00
Not enough valid test points; skipping iteration.

Number of bins: 34
Average bin size: 7.176471e+00
Not enough valid test points; skipping iteration.

Number of bins: 37
Average bin size: 6.594595e+00
Not enough valid test points; skipping iteration.

Number of bins: 40
Average bin size: 6.100000e+00
Completed iteration:21
Prediction points:10
  TP     FP     TN     FN
     4     4     2     0

Precision / Recall
    0.5000    1.0000


Number of bins: 37
Average bin size: 6.594595e+00
Not enough valid test points; skipping iteration.

Number of bins: 39
Average bin size: 6.256410e+00
Not enough valid test points; skipping iteration.

Number of bins: 42
Average bin size: 5.809524e+00
Not enough valid test points; skipping iteration.

Number of bins: 39
Average bin size: 6.256410e+00
Not enough valid test points; skipping iteration.

Number of bins: 39
Average bin size: 6.256410e+00
Completed iteration:26
Prediction points:12
  TP     FP     TN     FN
     6     1     5     0

Precision / Recall
    0.8571    1.0000


Number of bins: 39
Average bin size: 6.256410e+00
Not enough valid test points; skipping iteration.

Number of bins: 40
Average bin size: 6.100000e+00
Not enough valid test points; skipping iteration.

Number of bins: 40
Average bin size: 6.100000e+00
Not enough valid test points; skipping iteration.

Number of bins: 39
Average bin size: 6.256410e+00
Not enough valid test points; skipping iteration.
Overall results (hybrid)
Confidence threshold=0.9
Filtered datapoints
AUC ave err std
    0.6625

    0.2110

    0.2110

Precision / Recall macro
    0.6982    0.4168

Precision / Recall micro
    0.6863    0.3804

    TPR       FPR       TNR       FNR       cutoff
computation time (s)
   1.2107e+03

