!!!!below quality measures have been removed due to insufficient data!!!!!!!!!!!!
    ' TriangleSize'

binThreshold:60
energy base:50
using confidence:1
Number of bins: 15
Average bin size: 2.213333e+01
Eliminated 45 points
Completed iteration:1
Prediction points:199
  TP     FP     TN     FN
   111    25    17    46

Precision / Recall
    0.8162    0.7070

Number of bins: 15
Average bin size: 2.293333e+01
Eliminated 42 points
Completed iteration:2
Prediction points:202
  TP     FP     TN     FN
    72    20    37    73

Precision / Recall
    0.7826    0.4966

Number of bins: 16
Average bin size: 2.031250e+01
Eliminated 32 points
Completed iteration:3
Prediction points:212
  TP     FP     TN     FN
   104    48    12    48

Precision / Recall
    0.6842    0.6842

Number of bins: 16
Average bin size: 2.106250e+01
Eliminated 33 points
Completed iteration:4
Prediction points:211
  TP     FP     TN     FN
    81    29    34    67

Precision / Recall
    0.7364    0.5473

Number of bins: 18
Average bin size: 1.827778e+01
Eliminated 36 points
Completed iteration:5
Prediction points:208
  TP     FP     TN     FN
    88    35    34    51

Precision / Recall
    0.7154    0.6331

Number of bins: 14
Average bin size: 2.457143e+01
Eliminated 52 points
Completed iteration:6
Prediction points:192
  TP     FP     TN     FN
   107    38     8    39

Precision / Recall
    0.7379    0.7329

Number of bins: 15
Average bin size: 2.273333e+01
Eliminated 46 points
Completed iteration:7
Prediction points:198
  TP     FP     TN     FN
    81    18    24    75

Precision / Recall
    0.8182    0.5192

Number of bins: 15
Average bin size: 2.233333e+01
Eliminated 77 points
Completed iteration:8
Prediction points:167
  TP     FP     TN     FN
    81    25    25    36

Precision / Recall
    0.7642    0.6923

Number of bins: 17
Average bin size: 1.947059e+01
Eliminated 95 points
Completed iteration:9
Prediction points:149
  TP     FP     TN     FN
    69    27    28    25

Precision / Recall
    0.7188    0.7340

Number of bins: 17
Average bin size: 20
Eliminated 26 points
Completed iteration:10
Prediction points:218
  TP     FP     TN     FN
   101    42    24    51

Precision / Recall
    0.7063    0.6645

Number of bins: 17
Average bin size: 1.988235e+01
Eliminated 74 points
Completed iteration:11
Prediction points:170
  TP     FP     TN     FN
    62    22    30    56

Precision / Recall
    0.7381    0.5254

Number of bins: 16
Average bin size: 2.075000e+01
Eliminated 52 points
Completed iteration:12
Prediction points:192
  TP     FP     TN     FN
   115    28    19    30

Precision / Recall
    0.8042    0.7931

Number of bins: 15
Average bin size: 2.206667e+01
Eliminated 23 points
Completed iteration:13
Prediction points:221
  TP     FP     TN     FN
   106    48    18    49

Precision / Recall
    0.6883    0.6839

Number of bins: 19
Average bin size: 1.810526e+01
Eliminated 107 points
Completed iteration:14
Prediction points:137
  TP     FP     TN     FN
    82    31     9    15

Precision / Recall
    0.7257    0.8454

Number of bins: 16
Average bin size: 2.068750e+01
Eliminated 57 points
Completed iteration:15
Prediction points:187
  TP     FP     TN     FN
   100    32    22    33

Precision / Recall
    0.7576    0.7519

Number of bins: 16
Average bin size: 2.118750e+01
Eliminated 68 points
Completed iteration:16
Prediction points:176
  TP     FP     TN     FN
   108    33    16    19

Precision / Recall
    0.7660    0.8504

Number of bins: 16
Average bin size: 2.112500e+01
Eliminated 113 points
Completed iteration:17
Prediction points:131
  TP     FP     TN     FN
    65    37    12    17

Precision / Recall
    0.6373    0.7927

Number of bins: 19
Average bin size: 1.721053e+01
Eliminated 90 points
Completed iteration:18
Prediction points:154
  TP     FP     TN     FN
    77    35    16    26

Precision / Recall
    0.6875    0.7476

Number of bins: 16
Average bin size: 2.125000e+01
Eliminated 29 points
Completed iteration:19
Prediction points:215
  TP     FP     TN     FN
   117    36    16    46

Precision / Recall
    0.7647    0.7178

Number of bins: 17
Average bin size: 1.935294e+01
Eliminated 43 points
Completed iteration:20
Prediction points:201
  TP     FP     TN     FN
    84    39    18    60

Precision / Recall
    0.6829    0.5833

Number of bins: 16
Average bin size: 2.006250e+01
Eliminated 70 points
Completed iteration:21
Prediction points:174
  TP     FP     TN     FN
    69    24    35    46

Precision / Recall
    0.7419    0.6000

Number of bins: 17
Average bin size: 2.011765e+01
Eliminated 42 points
Completed iteration:22
Prediction points:202
  TP     FP     TN     FN
   104    31    20    47

Precision / Recall
    0.7704    0.6887

Number of bins: 15
Average bin size: 22
Eliminated 69 points
Completed iteration:23
Prediction points:175
  TP     FP     TN     FN
    44    18    43    70

Precision / Recall
    0.7097    0.3860

Number of bins: 15
Average bin size: 2.280000e+01
Eliminated 21 points
Completed iteration:24
Prediction points:223
  TP     FP     TN     FN
   109    33    25    56

Precision / Recall
    0.7676    0.6606

Number of bins: 16
Average bin size: 2.056250e+01
Eliminated 71 points
Completed iteration:25
Prediction points:173
  TP     FP     TN     FN
    76    24    26    47

Precision / Recall
    0.7600    0.6179

Number of bins: 16
Average bin size: 21
Eliminated 70 points
Completed iteration:26
Prediction points:174
  TP     FP     TN     FN
    64    32    25    53

Precision / Recall
    0.6667    0.5470

Number of bins: 14
Average bin size: 2.357143e+01
Eliminated 51 points
Completed iteration:27
Prediction points:193
  TP     FP     TN     FN
   107    36    13    37

Precision / Recall
    0.7483    0.7431

Number of bins: 17
Average bin size: 1.929412e+01
Eliminated 87 points
Completed iteration:28
Prediction points:157
  TP     FP     TN     FN
    84    28    16    29

Precision / Recall
    0.7500    0.7434

Number of bins: 17
Average bin size: 1.976471e+01
Eliminated 36 points
Completed iteration:29
Prediction points:208
  TP     FP     TN     FN
    82    38    23    65

Precision / Recall
    0.6833    0.5578

Number of bins: 19
Average bin size: 1.763158e+01
Eliminated 64 points
Completed iteration:30
Prediction points:180
  TP     FP     TN     FN
   112    33     9    26

Precision / Recall
    0.7724    0.8116

Overall results (hybrid)
Confidence threshold=0.5
Filtered datapoints
AUC ave err std
    0.5238

    0.0669

    0.0669

Precision / Recall macro
    0.7368    0.6686

Precision / Recall micro
    0.7380    0.6655

Number of bins: 19
Average bin size: 1.747368e+01
Eliminated 123 points
Completed iteration:1
Prediction points:121
  TP     FP     TN     FN
    78    17    11    15

Precision / Recall
    0.8211    0.8387

Number of bins: 17
Average bin size: 2.017647e+01
Eliminated 79 points
Completed iteration:2
Prediction points:165
  TP     FP     TN     FN
    85    20    26    34

Precision / Recall
    0.8095    0.7143

Number of bins: 18
Average bin size: 1.827778e+01
Eliminated 120 points
Completed iteration:3
Prediction points:124
  TP     FP     TN     FN
    83    28     4     9

Precision / Recall
    0.7477    0.9022

Number of bins: 16
Average bin size: 2.075000e+01
Eliminated 127 points
Completed iteration:4
Prediction points:117
  TP     FP     TN     FN
    77    19     5    16

Precision / Recall
    0.8021    0.8280

Number of bins: 14
Average bin size: 2.392857e+01
Eliminated 62 points
Completed iteration:5
Prediction points:182
  TP     FP     TN     FN
   107    30    14    31

Precision / Recall
    0.7810    0.7754

Number of bins: 19
Average bin size: 1.726316e+01
Eliminated 91 points
Completed iteration:6
Prediction points:153
  TP     FP     TN     FN
    76    31    11    35

Precision / Recall
    0.7103    0.6847

Number of bins: 17
Average bin size: 1.988235e+01
Eliminated 78 points
Completed iteration:7
Prediction points:166
  TP     FP     TN     FN
    89    22    27    28

Precision / Recall
    0.8018    0.7607

Number of bins: 13
Average bin size: 2.553846e+01
Eliminated 55 points
Completed iteration:8
Prediction points:189
  TP     FP     TN     FN
    73    22    20    74

Precision / Recall
    0.7684    0.4966

Number of bins: 17
Average bin size: 1.958824e+01
Eliminated 130 points
Completed iteration:9
Prediction points:114
  TP     FP     TN     FN
    68    26     8    12

Precision / Recall
    0.7234    0.8500

Number of bins: 16
Average bin size: 2.012500e+01
Eliminated 94 points
Completed iteration:10
Prediction points:150
  TP     FP     TN     FN
    38    10    26    76

Precision / Recall
    0.7917    0.3333

Number of bins: 17
Average bin size: 1.917647e+01
Eliminated 75 points
Completed iteration:11
Prediction points:169
  TP     FP     TN     FN
    82    35    20    32

Precision / Recall
    0.7009    0.7193

Number of bins: 16
Average bin size: 2.068750e+01
Eliminated 121 points
Completed iteration:12
Prediction points:123
  TP     FP     TN     FN
    40    27    20    36

Precision / Recall
    0.5970    0.5263

Number of bins: 14
Average bin size: 2.392857e+01
Eliminated 142 points
Completed iteration:13
Prediction points:102
  TP     FP     TN     FN
    65    14     9    14

Precision / Recall
    0.8228    0.8228

Number of bins: 19
Average bin size: 1.742105e+01
Eliminated 80 points
Completed iteration:14
Prediction points:164
  TP     FP     TN     FN
   109    32     4    19

Precision / Recall
    0.7730    0.8516

Number of bins: 20
Average bin size: 1.710000e+01
Eliminated 119 points
Completed iteration:15
Prediction points:125
  TP     FP     TN     FN
    72    22    13    18

Precision / Recall
    0.7660    0.8000

Number of bins: 16
Average bin size: 2.187500e+01
Eliminated 108 points
Completed iteration:16
Prediction points:136
  TP     FP     TN     FN
    90    15    11    20

Precision / Recall
    0.8571    0.8182

Number of bins: 15
Average bin size: 2.233333e+01
Eliminated 60 points
Completed iteration:17
Prediction points:184
  TP     FP     TN     FN
    80    44    21    39

Precision / Recall
    0.6452    0.6723

Number of bins: 16
Average bin size: 2.193750e+01
Eliminated 95 points
Completed iteration:18
Prediction points:149
  TP     FP     TN     FN
    70    26    10    43

Precision / Recall
    0.7292    0.6195

Number of bins: 18
Average bin size: 1.838889e+01
Eliminated 82 points
Completed iteration:19
Prediction points:162
  TP     FP     TN     FN
    96    30     8    28

Precision / Recall
    0.7619    0.7742

Number of bins: 18
Average bin size: 1.855556e+01
Eliminated 139 points
Completed iteration:20
Prediction points:105
  TP     FP     TN     FN
    75    12     8    10

Precision / Recall
    0.8621    0.8824

Number of bins: 16
Average bin size: 2.056250e+01
Eliminated 69 points
Completed iteration:21
Prediction points:175
  TP     FP     TN     FN
    54    19    22    80

Precision / Recall
    0.7397    0.4030

Number of bins: 17
Average bin size: 1.976471e+01
Eliminated 66 points
Completed iteration:22
Prediction points:178
  TP     FP     TN     FN
    80    27    18    53

Precision / Recall
    0.7477    0.6015

Number of bins: 16
Average bin size: 2.093750e+01
Eliminated 158 points
Completed iteration:23
Prediction points:86
  TP     FP     TN     FN
    60    11     3    12

Precision / Recall
    0.8451    0.8333

Number of bins: 16
Average bin size: 2.168750e+01
Eliminated 117 points
Completed iteration:24
Prediction points:127
  TP     FP     TN     FN
    94    32     0     1

Precision / Recall
    0.7460    0.9895

Number of bins: 19
Average bin size: 1.763158e+01
Eliminated 100 points
Completed iteration:25
Prediction points:144
  TP     FP     TN     FN
    69    16    24    35

Precision / Recall
    0.8118    0.6635

Number of bins: 16
Average bin size: 2.131250e+01
Eliminated 47 points
Completed iteration:26
Prediction points:197
  TP     FP     TN     FN
    95    28    26    48

Precision / Recall
    0.7724    0.6643

Number of bins: 15
Average bin size: 2.206667e+01
Eliminated 113 points
Completed iteration:27
Prediction points:131
  TP     FP     TN     FN
    63    12    21    35

Precision / Recall
    0.8400    0.6429

Number of bins: 18
Average bin size: 1.894444e+01
Eliminated 69 points
Completed iteration:28
Prediction points:175
  TP     FP     TN     FN
    72    21    27    55

Precision / Recall
    0.7742    0.5669

Number of bins: 15
Average bin size: 2.226667e+01
Eliminated 30 points
Completed iteration:29
Prediction points:214
  TP     FP     TN     FN
    94    24    43    53

Precision / Recall
    0.7966    0.6395

Number of bins: 19
Average bin size: 1.768421e+01
Eliminated 137 points
Completed iteration:30
Prediction points:107
  TP     FP     TN     FN
    73    23     3     8

Precision / Recall
    0.7604    0.9012

Overall results (hybrid)
Confidence threshold=0.6
Filtered datapoints
AUC ave err std
    0.5747

    0.0774

    0.0774

Precision / Recall macro
    0.7702    0.7192

Precision / Recall micro
    0.7685    0.7042

Number of bins: 20
Average bin size: 1.675000e+01
Eliminated 78 points
Completed iteration:1
Prediction points:166
  TP     FP     TN     FN
   103    30    16    17

Precision / Recall
    0.7744    0.8583

Number of bins: 15
Average bin size: 2.253333e+01
Eliminated 117 points
Completed iteration:2
Prediction points:127
  TP     FP     TN     FN
    54    21    14    38

Precision / Recall
    0.7200    0.5870

Number of bins: 17
Average bin size: 1.941176e+01
Eliminated 120 points
Completed iteration:3
Prediction points:124
  TP     FP     TN     FN
    75    11     9    29

Precision / Recall
    0.8721    0.7212

Number of bins: 16
Average bin size: 2.081250e+01
Eliminated 48 points
Completed iteration:4
Prediction points:196
  TP     FP     TN     FN
    82    29    32    53

Precision / Recall
    0.7387    0.6074

Number of bins: 15
Average bin size: 2.186667e+01
Eliminated 138 points
Completed iteration:5
Prediction points:106
  TP     FP     TN     FN
    41     8    13    44

Precision / Recall
    0.8367    0.4824

Number of bins: 16
Average bin size: 2.062500e+01
Eliminated 129 points
Completed iteration:6
Prediction points:115
  TP     FP     TN     FN
    53    11    20    31

Precision / Recall
    0.8281    0.6310

Number of bins: 16
Average bin size: 2.118750e+01
Eliminated 121 points
Completed iteration:7
Prediction points:123
  TP     FP     TN     FN
    62    18     8    35

Precision / Recall
    0.7750    0.6392

Number of bins: 18
Average bin size: 1.827778e+01
Eliminated 168 points
Completed iteration:8
Prediction points:76
  TP     FP     TN     FN
    47    12     7    10

Precision / Recall
    0.7966    0.8246

Number of bins: 18
Average bin size: 1.877778e+01
Eliminated 157 points
Completed iteration:9
Prediction points:87
  TP     FP     TN     FN
    28     3    20    36

Precision / Recall
    0.9032    0.4375

Number of bins: 17
Average bin size: 1.941176e+01
Eliminated 112 points
Completed iteration:10
Prediction points:132
  TP     FP     TN     FN
    43    17    33    39

Precision / Recall
    0.7167    0.5244

Number of bins: 16
Average bin size: 2.093750e+01
Eliminated 108 points
Completed iteration:11
Prediction points:136
  TP     FP     TN     FN
    68     7    24    37

Precision / Recall
    0.9067    0.6476

Number of bins: 18
Average bin size: 1.861111e+01
Eliminated 157 points
Completed iteration:12
Prediction points:87
  TP     FP     TN     FN
    64    12     6     5

Precision / Recall
    0.8421    0.9275

Number of bins: 17
Average bin size: 1.958824e+01
Eliminated 96 points
Completed iteration:13
Prediction points:148
  TP     FP     TN     FN
    70    16    15    47

Precision / Recall
    0.8140    0.5983

Number of bins: 19
Average bin size: 1.768421e+01
Eliminated 164 points
Completed iteration:14
Prediction points:80
  TP     FP     TN     FN
    47    21     2    10

Precision / Recall
    0.6912    0.8246

Number of bins: 18
Average bin size: 1.883333e+01
Eliminated 99 points
Completed iteration:15
Prediction points:145
  TP     FP     TN     FN
    58    11    26    50

Precision / Recall
    0.8406    0.5370

Number of bins: 17
Average bin size: 20
Eliminated 89 points
Completed iteration:16
Prediction points:155
  TP     FP     TN     FN
   108    27    11     9

Precision / Recall
    0.8000    0.9231

Number of bins: 15
Average bin size: 2.153333e+01
Eliminated 125 points
Completed iteration:17
Prediction points:119
  TP     FP     TN     FN
    41    14    15    49

Precision / Recall
    0.7455    0.4556

Number of bins: 18
Average bin size: 1.866667e+01
Eliminated 66 points
Completed iteration:18
Prediction points:178
  TP     FP     TN     FN
    63    23    35    57

Precision / Recall
    0.7326    0.5250

Number of bins: 17
Average bin size: 1.935294e+01
Eliminated 77 points
Completed iteration:19
Prediction points:167
  TP     FP     TN     FN
    72    14    25    56

Precision / Recall
    0.8372    0.5625

Number of bins: 17
Average bin size: 1.994118e+01
Eliminated 111 points
Completed iteration:20
Prediction points:133
  TP     FP     TN     FN
    68    23    11    31

Precision / Recall
    0.7473    0.6869

Number of bins: 17
Average bin size: 1.958824e+01
Eliminated 96 points
Completed iteration:21
Prediction points:148
  TP     FP     TN     FN
    82    35    11    20

Precision / Recall
    0.7009    0.8039

Number of bins: 16
Average bin size: 2.056250e+01
Eliminated 136 points
Completed iteration:22
Prediction points:108
  TP     FP     TN     FN
    63    13    14    18

Precision / Recall
    0.8289    0.7778

Number of bins: 19
Average bin size: 1.794737e+01
Eliminated 125 points
Completed iteration:23
Prediction points:119
  TP     FP     TN     FN
    50    14    10    45

Precision / Recall
    0.7813    0.5263

Number of bins: 18
Average bin size: 1.883333e+01
Eliminated 77 points
Completed iteration:24
Prediction points:167
  TP     FP     TN     FN
    61    24    24    58

Precision / Recall
    0.7176    0.5126

Number of bins: 15
Average bin size: 2.186667e+01
Eliminated 104 points
Completed iteration:25
Prediction points:140
  TP     FP     TN     FN
    78    22     5    35

Precision / Recall
    0.7800    0.6903

Number of bins: 18
Average bin size: 1.866667e+01
Eliminated 130 points
Completed iteration:26
Prediction points:114
  TP     FP     TN     FN
    59     7    13    35

Precision / Recall
    0.8939    0.6277

Number of bins: 16
Average bin size: 2.068750e+01
Eliminated 150 points
Completed iteration:27
Prediction points:94
  TP     FP     TN     FN
    65    25     3     1

Precision / Recall
    0.7222    0.9848

Number of bins: 15
Average bin size: 2.213333e+01
Eliminated 67 points
Completed iteration:28
Prediction points:177
  TP     FP     TN     FN
    84    30    24    39

Precision / Recall
    0.7368    0.6829

Number of bins: 15
Average bin size: 2.213333e+01
Eliminated 101 points
Completed iteration:29
Prediction points:143
  TP     FP     TN     FN
    73    21    13    36

Precision / Recall
    0.7766    0.6697

Number of bins: 17
Average bin size: 1.982353e+01
Eliminated 115 points
Completed iteration:30
Prediction points:129
  TP     FP     TN     FN
    46    10    27    46

Precision / Recall
    0.8214    0.5000

Overall results (hybrid)
Confidence threshold=0.7
Filtered datapoints
AUC ave err std
    0.5831

    0.0784

    0.0784

Precision / Recall macro
    0.7893    0.6592

Precision / Recall micro
    0.7829    0.6525

Number of bins: 17
Average bin size: 1.994118e+01
Eliminated 143 points
Completed iteration:1
Prediction points:101
  TP     FP     TN     FN
    66    12    12    11

Precision / Recall
    0.8462    0.8571

Number of bins: 20
Average bin size: 1.715000e+01
Eliminated 220 points
Completed iteration:2
Prediction points:24
  TP     FP     TN     FN
    11     2     2     9

Precision / Recall
    0.8462    0.5500

Number of bins: 17
Average bin size: 1.970588e+01
Eliminated 155 points
Completed iteration:3
Prediction points:89
  TP     FP     TN     FN
    43    14    13    19

Precision / Recall
    0.7544    0.6935

Number of bins: 18
Average bin size: 1.850000e+01
Eliminated 165 points
Completed iteration:4
Prediction points:79
  TP     FP     TN     FN
    26     7    17    29

Precision / Recall
    0.7879    0.4727

Number of bins: 16
Average bin size: 2.087500e+01
Eliminated 119 points
Completed iteration:5
Prediction points:125
  TP     FP     TN     FN
    70    14    20    21

Precision / Recall
    0.8333    0.7692

Number of bins: 17
Average bin size: 1.982353e+01
Eliminated 142 points
Completed iteration:6
Prediction points:102
  TP     FP     TN     FN
    52    17    11    22

Precision / Recall
    0.7536    0.7027

Number of bins: 19
Average bin size: 1.763158e+01
Eliminated 187 points
Completed iteration:7
Prediction points:57
  TP     FP     TN     FN
    46    11     0     0

Precision / Recall
    0.8070    1.0000

Number of bins: 16
Average bin size: 2.062500e+01
Eliminated 186 points
Completed iteration:8
Prediction points:58
  TP     FP     TN     FN
    12     3     9    34

Precision / Recall
    0.8000    0.2609

Number of bins: 16
Average bin size: 2.081250e+01
Eliminated 200 points
Completed iteration:9
Prediction points:44
  TP     FP     TN     FN
    22     7     6     9

Precision / Recall
    0.7586    0.7097

Number of bins: 17
Average bin size: 1.964706e+01
Eliminated 145 points
Completed iteration:10
Prediction points:99
  TP     FP     TN     FN
    29     5    19    46

Precision / Recall
    0.8529    0.3867

Number of bins: 13
Average bin size: 2.638462e+01
Eliminated 172 points
Completed iteration:11
Prediction points:72
  TP     FP     TN     FN
    42     8    11    11

Precision / Recall
    0.8400    0.7925

Number of bins: 16
Average bin size: 2.118750e+01
Eliminated 188 points
Completed iteration:12
Prediction points:56
  TP     FP     TN     FN
    45     5     4     2

Precision / Recall
    0.9000    0.9574

Number of bins: 17
Average bin size: 1.958824e+01
Eliminated 184 points
Completed iteration:13
Prediction points:60
  TP     FP     TN     FN
    20     6    18    16

Precision / Recall
    0.7692    0.5556

Number of bins: 19
Average bin size: 1.768421e+01
Eliminated 213 points
Completed iteration:14
Prediction points:31
  TP     FP     TN     FN
    26     4     1     0

Precision / Recall
    0.8667    1.0000

Number of bins: 19
Average bin size: 1.778947e+01
Eliminated 157 points
Completed iteration:15
Prediction points:87
  TP     FP     TN     FN
    43     2    11    31

Precision / Recall
    0.9556    0.5811

Number of bins: 17
Average bin size: 1.964706e+01
Eliminated 224 points
Completed iteration:16
Prediction points:20
  TP     FP     TN     FN
    16     3     0     1

Precision / Recall
    0.8421    0.9412

Number of bins: 18
Average bin size: 1.883333e+01
Eliminated 122 points
Completed iteration:17
Prediction points:122
  TP     FP     TN     FN
    39    12    19    52

Precision / Recall
    0.7647    0.4286

Number of bins: 15
Average bin size: 2.273333e+01
Eliminated 205 points
Completed iteration:18
Prediction points:39
  TP     FP     TN     FN
    20     6     5     8

Precision / Recall
    0.7692    0.7143

Number of bins: 15
Average bin size: 2.246667e+01
Eliminated 205 points
Completed iteration:19
Prediction points:39
  TP     FP     TN     FN
    33     6     0     0

Precision / Recall
    0.8462    1.0000

Number of bins: 16
Average bin size: 21
Eliminated 155 points
Completed iteration:20
Prediction points:89
  TP     FP     TN     FN
    31    13    23    22

Precision / Recall
    0.7045    0.5849

Number of bins: 14
Average bin size: 2.407143e+01
Eliminated 167 points
Completed iteration:21
Prediction points:77
  TP     FP     TN     FN
    17     2    12    46

Precision / Recall
    0.8947    0.2698

Number of bins: 17
Average bin size: 1.994118e+01
Eliminated 216 points
Completed iteration:22
Prediction points:28
  TP     FP     TN     FN
    14     5     1     8

Precision / Recall
    0.7368    0.6364

Number of bins: 17
Average bin size: 1.982353e+01
Eliminated 180 points
Completed iteration:23
Prediction points:64
  TP     FP     TN     FN
    45    15     2     2

Precision / Recall
    0.7500    0.9574

Number of bins: 20
Average bin size: 1.695000e+01
Eliminated 176 points
Completed iteration:24
Prediction points:68
  TP     FP     TN     FN
    27     2     7    32

Precision / Recall
    0.9310    0.4576

Number of bins: 16
Average bin size: 2.087500e+01
Eliminated 159 points
Completed iteration:25
Prediction points:85
  TP     FP     TN     FN
    48    10     8    19

Precision / Recall
    0.8276    0.7164

Number of bins: 17
Average bin size: 1.952941e+01
Eliminated 180 points
Completed iteration:26
Prediction points:64
  TP     FP     TN     FN
    25     1     9    29

Precision / Recall
    0.9615    0.4630

Number of bins: 17
Average bin size: 1.952941e+01
Eliminated 138 points
Completed iteration:27
Prediction points:106
  TP     FP     TN     FN
    39     8    30    29

Precision / Recall
    0.8298    0.5735

Number of bins: 14
Average bin size: 2.357143e+01
Eliminated 167 points
Completed iteration:28
Prediction points:77
  TP     FP     TN     FN
    46     7     5    19

Precision / Recall
    0.8679    0.7077

Number of bins: 17
Average bin size: 2.047059e+01
Eliminated 116 points
Completed iteration:29
Prediction points:128
  TP     FP     TN     FN
    25    12    22    69

Precision / Recall
    0.6757    0.2660

Number of bins: 16
Average bin size: 2.068750e+01
Eliminated 189 points
Completed iteration:30
Prediction points:55
  TP     FP     TN     FN
    20     5    10    20

Precision / Recall
    0.8000    0.5000

Overall results (hybrid)
Confidence threshold=0.8
Filtered datapoints
AUC ave err std
   NaN

   NaN

   NaN

Precision / Recall macro
    0.8191    0.6502

Precision / Recall micro
    0.8167    0.6183

Number of bins: 15
Average bin size: 2.153333e+01
Eliminated 219 points
Completed iteration:1
Prediction points:25
  TP     FP     TN     FN
    21     4     0     0

Precision / Recall
    0.8400    1.0000

Number of bins: 16
Average bin size: 2.075000e+01
Eliminated 217 points
Completed iteration:2
Prediction points:27
  TP     FP     TN     FN
     1     0     9    17

Precision / Recall
    1.0000    0.0556

Number of bins: 16
Average bin size: 2.118750e+01
Eliminated 176 points
Completed iteration:3
Prediction points:68
  TP     FP     TN     FN
    27     2     8    31

Precision / Recall
    0.9310    0.4655

Number of bins: 16
Average bin size: 2.081250e+01
Eliminated 221 points
Completed iteration:4
Prediction points:23
  TP     FP     TN     FN
     5     1     1    16

Precision / Recall
    0.8333    0.2381

Number of bins: 15
Average bin size: 2.186667e+01
Eliminated 235 points
Not enough valid test points; skipping iteration.
Number of bins: 19
Average bin size: 1.831579e+01
Eliminated 140 points
Completed iteration:6
Prediction points:104
  TP     FP     TN     FN
    39     6    16    43

Precision / Recall
    0.8667    0.4756

Number of bins: 13
Average bin size: 2.576923e+01
Eliminated 218 points
Completed iteration:7
Prediction points:26
  TP     FP     TN     FN
    19     2     0     5

Precision / Recall
    0.9048    0.7917

Number of bins: 19
Average bin size: 1.821053e+01
Eliminated 241 points
Not enough valid test points; skipping iteration.
Number of bins: 15
Average bin size: 2.206667e+01
Eliminated 171 points
Completed iteration:9
Prediction points:73
  TP     FP     TN     FN
    15     3    23    32

Precision / Recall
    0.8333    0.3191

Number of bins: 15
Average bin size: 22
Eliminated 240 points
Not enough valid test points; skipping iteration.
Number of bins: 18
Average bin size: 1.872222e+01
Eliminated 159 points
Completed iteration:11
Prediction points:85
  TP     FP     TN     FN
    68     6     4     7

Precision / Recall
    0.9189    0.9067

Number of bins: 14
Average bin size: 2.350000e+01
Eliminated 244 points
Not enough valid test points; skipping iteration.
Number of bins: 12
Average bin size: 2.683333e+01
Eliminated 136 points
Completed iteration:13
Prediction points:108
  TP     FP     TN     FN
    39     4    19    46

Precision / Recall
    0.9070    0.4588

Number of bins: 17
Average bin size: 1.952941e+01
Eliminated 200 points
Completed iteration:14
Prediction points:44
  TP     FP     TN     FN
    12     0     5    27

Precision / Recall
    1.0000    0.3077

Number of bins: 16
Average bin size: 2.087500e+01
Eliminated 161 points
Completed iteration:15
Prediction points:83
  TP     FP     TN     FN
    24     4    10    45

Precision / Recall
    0.8571    0.3478

Number of bins: 18
Average bin size: 1.877778e+01
Eliminated 236 points
Not enough valid test points; skipping iteration.
Number of bins: 17
Average bin size: 1.952941e+01
Eliminated 191 points
Completed iteration:17
Prediction points:53
  TP     FP     TN     FN
    22     0    12    19

Precision / Recall
    1.0000    0.5366

Number of bins: 13
Average bin size: 2.561538e+01
Eliminated 234 points
Completed iteration:18
Prediction points:10
  TP     FP     TN     FN
     9     1     0     0

Precision / Recall
    0.9000    1.0000

Number of bins: 17
Average bin size: 1.964706e+01
Eliminated 172 points
Completed iteration:19
Prediction points:72
  TP     FP     TN     FN
    48     1    12    11

Precision / Recall
    0.9796    0.8136

Number of bins: 16
Average bin size: 2.056250e+01
Eliminated 240 points
Not enough valid test points; skipping iteration.
Number of bins: 14
Average bin size: 24
Eliminated 240 points
Not enough valid test points; skipping iteration.
Number of bins: 18
Average bin size: 1.833333e+01
Eliminated 242 points
Not enough valid test points; skipping iteration.
Number of bins: 16
Average bin size: 2.075000e+01
Eliminated 172 points
Completed iteration:23
Prediction points:72
  TP     FP     TN     FN
    31     3    16    22

Precision / Recall
    0.9118    0.5849

Number of bins: 18
Average bin size: 1.877778e+01
Eliminated 224 points
Completed iteration:24
Prediction points:20
  TP     FP     TN     FN
    10     2     8     0

Precision / Recall
    0.8333    1.0000

Number of bins: 15
Average bin size: 2.206667e+01
Eliminated 215 points
Completed iteration:25
Prediction points:29
  TP     FP     TN     FN
    20     9     0     0

Precision / Recall
    0.6897    1.0000

Number of bins: 17
Average bin size: 1.952941e+01
Eliminated 227 points
Completed iteration:26
Prediction points:17
  TP     FP     TN     FN
    11     2     0     4

Precision / Recall
    0.8462    0.7333

Number of bins: 17
Average bin size: 1.982353e+01
Eliminated 188 points
Completed iteration:27
Prediction points:56
  TP     FP     TN     FN
    38     2     6    10

Precision / Recall
    0.9500    0.7917

Number of bins: 16
Average bin size: 2.093750e+01
Eliminated 218 points
Completed iteration:28
Prediction points:26
  TP     FP     TN     FN
    26     0     0     0

Precision / Recall
     1     1

Number of bins: 16
Average bin size: 2.031250e+01
Eliminated 210 points
Completed iteration:29
Prediction points:34
  TP     FP     TN     FN
    31     3     0     0

Precision / Recall
    0.9118    1.0000

Number of bins: 16
Average bin size: 2.125000e+01
Eliminated 232 points
Completed iteration:30
Prediction points:12
  TP     FP     TN     FN
     8     1     0     3

Precision / Recall
    0.8889    0.7273

Overall results (hybrid)
Confidence threshold=0.9
Filtered datapoints
AUC ave err std
   NaN

   NaN

   NaN

Precision / Recall macro
   NaN   NaN

Precision / Recall micro
    0.9034    0.6079

computation time (s)
  -1.6115e+03

