!!!!below quality measures have been removed due to insufficient data!!!!!!!!!!!!
    ' TriangleSize'

binThreshold:50
energy base:50
using confidence:1
Number of bins: 16
Average bin size: 2.075000e+01
Eliminated 45 points
Completed iteration:1
Prediction points:199
  TP     FP     TN     FN
   111    26    16    46

Precision / Recall
    0.8102    0.7070

Number of bins: 15
Average bin size: 2.293333e+01
Eliminated 42 points
Completed iteration:2
Prediction points:202
  TP     FP     TN     FN
    72    20    37    73

Precision / Recall
    0.7826    0.4966

Number of bins: 18
Average bin size: 1.805556e+01
Eliminated 32 points
Completed iteration:3
Prediction points:212
  TP     FP     TN     FN
   106    47    13    46

Precision / Recall
    0.6928    0.6974

Number of bins: 18
Average bin size: 1.872222e+01
Eliminated 33 points
Completed iteration:4
Prediction points:211
  TP     FP     TN     FN
    75    30    33    73

Precision / Recall
    0.7143    0.5068

Number of bins: 20
Average bin size: 1.645000e+01
Eliminated 41 points
Completed iteration:5
Prediction points:203
  TP     FP     TN     FN
    85    33    34    51

Precision / Recall
    0.7203    0.6250

Number of bins: 17
Average bin size: 2.023529e+01
Eliminated 52 points
Completed iteration:6
Prediction points:192
  TP     FP     TN     FN
   103    36    10    43

Precision / Recall
    0.7410    0.7055

Number of bins: 18
Average bin size: 1.894444e+01
Eliminated 69 points
Completed iteration:7
Prediction points:175
  TP     FP     TN     FN
    93    18    19    45

Precision / Recall
    0.8378    0.6739

Number of bins: 17
Average bin size: 1.970588e+01
Eliminated 89 points
Completed iteration:8
Prediction points:155
  TP     FP     TN     FN
    77    27    21    30

Precision / Recall
    0.7404    0.7196

Number of bins: 19
Average bin size: 1.742105e+01
Eliminated 95 points
Completed iteration:9
Prediction points:149
  TP     FP     TN     FN
    69    27    28    25

Precision / Recall
    0.7188    0.7340

Number of bins: 20
Average bin size: 17
Eliminated 26 points
Completed iteration:10
Prediction points:218
  TP     FP     TN     FN
   131    44    22    21

Precision / Recall
    0.7486    0.8618

Number of bins: 19
Average bin size: 1.778947e+01
Eliminated 74 points
Completed iteration:11
Prediction points:170
  TP     FP     TN     FN
    76    23    29    42

Precision / Recall
    0.7677    0.6441

Number of bins: 19
Average bin size: 1.747368e+01
Eliminated 65 points
Completed iteration:12
Prediction points:179
  TP     FP     TN     FN
   105    24    21    29

Precision / Recall
    0.8140    0.7836

Number of bins: 19
Average bin size: 1.742105e+01
Eliminated 25 points
Completed iteration:13
Prediction points:219
  TP     FP     TN     FN
   111    53    12    43

Precision / Recall
    0.6768    0.7208

Number of bins: 22
Average bin size: 1.563636e+01
Eliminated 100 points
Completed iteration:14
Prediction points:144
  TP     FP     TN     FN
    89    31     9    15

Precision / Recall
    0.7417    0.8558

Number of bins: 18
Average bin size: 1.838889e+01
Eliminated 19 points
Completed iteration:15
Prediction points:225
  TP     FP     TN     FN
   123    35    25    42

Precision / Recall
    0.7785    0.7455

Number of bins: 21
Average bin size: 1.614286e+01
Eliminated 73 points
Completed iteration:16
Prediction points:171
  TP     FP     TN     FN
   111    37    12    11

Precision / Recall
    0.7500    0.9098

Number of bins: 22
Average bin size: 1.536364e+01
Eliminated 80 points
Completed iteration:17
Prediction points:164
  TP     FP     TN     FN
    62    27    21    54

Precision / Recall
    0.6966    0.5345

Number of bins: 23
Average bin size: 1.421739e+01
Eliminated 64 points
Completed iteration:18
Prediction points:180
  TP     FP     TN     FN
    94    37    22    27

Precision / Recall
    0.7176    0.7769

Number of bins: 19
Average bin size: 1.789474e+01
Eliminated 42 points
Completed iteration:19
Prediction points:202
  TP     FP     TN     FN
   107    33    16    46

Precision / Recall
    0.7643    0.6993

Number of bins: 20
Average bin size: 1.645000e+01
Eliminated 51 points
Completed iteration:20
Prediction points:193
  TP     FP     TN     FN
   105    49     6    33

Precision / Recall
    0.6818    0.7609

Number of bins: 17
Average bin size: 1.888235e+01
Eliminated 70 points
Completed iteration:21
Prediction points:174
  TP     FP     TN     FN
    71    24    35    44

Precision / Recall
    0.7474    0.6174

Number of bins: 20
Average bin size: 1.710000e+01
Eliminated 43 points
Completed iteration:22
Prediction points:201
  TP     FP     TN     FN
   107    31    20    43

Precision / Recall
    0.7754    0.7133

Number of bins: 17
Average bin size: 1.941176e+01
Eliminated 34 points
Completed iteration:23
Prediction points:210
  TP     FP     TN     FN
    83    35    33    59

Precision / Recall
    0.7034    0.5845

Number of bins: 20
Average bin size: 1.710000e+01
Eliminated 57 points
Completed iteration:24
Prediction points:187
  TP     FP     TN     FN
   106    38    15    28

Precision / Recall
    0.7361    0.7910

Number of bins: 17
Average bin size: 1.935294e+01
Eliminated 71 points
Completed iteration:25
Prediction points:173
  TP     FP     TN     FN
    84    25    25    39

Precision / Recall
    0.7706    0.6829

Number of bins: 21
Average bin size: 16
Eliminated 17 points
Completed iteration:26
Prediction points:227
  TP     FP     TN     FN
   115    44    25    43

Precision / Recall
    0.7233    0.7278

Number of bins: 15
Average bin size: 22
Eliminated 74 points
Completed iteration:27
Prediction points:170
  TP     FP     TN     FN
   102    36    10    22

Precision / Recall
    0.7391    0.8226

Number of bins: 21
Average bin size: 1.561905e+01
Eliminated 49 points
Completed iteration:28
Prediction points:195
  TP     FP     TN     FN
    98    29    23    45

Precision / Recall
    0.7717    0.6853

Number of bins: 20
Average bin size: 1.680000e+01
Eliminated 38 points
Completed iteration:29
Prediction points:206
  TP     FP     TN     FN
    83    41    20    62

Precision / Recall
    0.6694    0.5724

Number of bins: 19
Average bin size: 1.763158e+01
Eliminated 64 points
Completed iteration:30
Prediction points:180
  TP     FP     TN     FN
   112    33     9    26

Precision / Recall
    0.7724    0.8116

Overall results (hybrid)
Confidence threshold=0.5
Filtered datapoints
AUC ave err std
    0.5347

    0.0767

    0.0767

Precision / Recall macro
    0.7435    0.7056

Precision / Recall micro
    0.7427    0.7038

Number of bins: 20
Average bin size: 1.660000e+01
Eliminated 123 points
Completed iteration:1
Prediction points:121
  TP     FP     TN     FN
    86    22     6     7

Precision / Recall
    0.7963    0.9247

Number of bins: 20
Average bin size: 1.715000e+01
Eliminated 91 points
Completed iteration:2
Prediction points:153
  TP     FP     TN     FN
    54    13    29    57

Precision / Recall
    0.8060    0.4865

Number of bins: 22
Average bin size: 1.495455e+01
Eliminated 79 points
Completed iteration:3
Prediction points:165
  TP     FP     TN     FN
    99    28    12    26

Precision / Recall
    0.7795    0.7920

Number of bins: 17
Average bin size: 1.952941e+01
Eliminated 127 points
Completed iteration:4
Prediction points:117
  TP     FP     TN     FN
    77    19     5    16

Precision / Recall
    0.8021    0.8280

Number of bins: 19
Average bin size: 1.763158e+01
Eliminated 102 points
Completed iteration:5
Prediction points:142
  TP     FP     TN     FN
    77    18    11    36

Precision / Recall
    0.8105    0.6814

Number of bins: 22
Average bin size: 1.490909e+01
Eliminated 126 points
Completed iteration:6
Prediction points:118
  TP     FP     TN     FN
    79    31     5     3

Precision / Recall
    0.7182    0.9634

Number of bins: 20
Average bin size: 1.690000e+01
Eliminated 78 points
Completed iteration:7
Prediction points:166
  TP     FP     TN     FN
    87    23    26    30

Precision / Recall
    0.7909    0.7436

Number of bins: 19
Average bin size: 1.747368e+01
Eliminated 66 points
Completed iteration:8
Prediction points:178
  TP     FP     TN     FN
    65    20    16    77

Precision / Recall
    0.7647    0.4577

Number of bins: 21
Average bin size: 1.585714e+01
Eliminated 130 points
Completed iteration:9
Prediction points:114
  TP     FP     TN     FN
    68    26     8    12

Precision / Recall
    0.7234    0.8500

Number of bins: 18
Average bin size: 1.788889e+01
Eliminated 105 points
Completed iteration:10
Prediction points:139
  TP     FP     TN     FN
    51    13    20    55

Precision / Recall
    0.7969    0.4811

Number of bins: 17
Average bin size: 1.917647e+01
Eliminated 75 points
Completed iteration:11
Prediction points:169
  TP     FP     TN     FN
    82    35    20    32

Precision / Recall
    0.7009    0.7193

Number of bins: 17
Average bin size: 1.947059e+01
Eliminated 113 points
Completed iteration:12
Prediction points:131
  TP     FP     TN     FN
    48    27    20    36

Precision / Recall
    0.6400    0.5714

Number of bins: 16
Average bin size: 2.093750e+01
Eliminated 142 points
Completed iteration:13
Prediction points:102
  TP     FP     TN     FN
    65    14     9    14

Precision / Recall
    0.8228    0.8228

Number of bins: 22
Average bin size: 1.504545e+01
Eliminated 80 points
Completed iteration:14
Prediction points:164
  TP     FP     TN     FN
   104    31     5    24

Precision / Recall
    0.7704    0.8125

Number of bins: 24
Average bin size: 1.425000e+01
Eliminated 83 points
Completed iteration:15
Prediction points:161
  TP     FP     TN     FN
    99    27    15    20

Precision / Recall
    0.7857    0.8319

Number of bins: 19
Average bin size: 1.842105e+01
Eliminated 68 points
Completed iteration:16
Prediction points:176
  TP     FP     TN     FN
   124    24    10    18

Precision / Recall
    0.8378    0.8732

Number of bins: 15
Average bin size: 2.233333e+01
Eliminated 60 points
Completed iteration:17
Prediction points:184
  TP     FP     TN     FN
    80    44    21    39

Precision / Recall
    0.6452    0.6723

Number of bins: 20
Average bin size: 1.755000e+01
Eliminated 109 points
Completed iteration:18
Prediction points:135
  TP     FP     TN     FN
   100    33     1     1

Precision / Recall
    0.7519    0.9901

Number of bins: 19
Average bin size: 1.742105e+01
Eliminated 82 points
Completed iteration:19
Prediction points:162
  TP     FP     TN     FN
   101    31     7    23

Precision / Recall
    0.7652    0.8145

Number of bins: 22
Average bin size: 1.518182e+01
Eliminated 141 points
Completed iteration:20
Prediction points:103
  TP     FP     TN     FN
    74    11     8    10

Precision / Recall
    0.8706    0.8810

Number of bins: 18
Average bin size: 1.827778e+01
Eliminated 74 points
Completed iteration:21
Prediction points:170
  TP     FP     TN     FN
    81    26    14    49

Precision / Recall
    0.7570    0.6231

Number of bins: 23
Average bin size: 1.460870e+01
Eliminated 82 points
Completed iteration:22
Prediction points:162
  TP     FP     TN     FN
    71    23    16    52

Precision / Recall
    0.7553    0.5772

Number of bins: 17
Average bin size: 1.970588e+01
Eliminated 144 points
Completed iteration:23
Prediction points:100
  TP     FP     TN     FN
    63    11     6    20

Precision / Recall
    0.8514    0.7590

Number of bins: 20
Average bin size: 1.735000e+01
Eliminated 86 points
Completed iteration:24
Prediction points:158
  TP     FP     TN     FN
   100    29     6    23

Precision / Recall
    0.7752    0.8130

Number of bins: 23
Average bin size: 1.456522e+01
Eliminated 125 points
Completed iteration:25
Prediction points:119
  TP     FP     TN     FN
    83    27     4     5

Precision / Recall
    0.7545    0.9432

Number of bins: 20
Average bin size: 1.705000e+01
Eliminated 50 points
Completed iteration:26
Prediction points:194
  TP     FP     TN     FN
   104    30    23    37

Precision / Recall
    0.7761    0.7376

Number of bins: 16
Average bin size: 2.068750e+01
Eliminated 113 points
Completed iteration:27
Prediction points:131
  TP     FP     TN     FN
    65    12    21    33

Precision / Recall
    0.8442    0.6633

Number of bins: 23
Average bin size: 1.482609e+01
Eliminated 132 points
Completed iteration:28
Prediction points:112
  TP     FP     TN     FN
    58    10    12    32

Precision / Recall
    0.8529    0.6444

Number of bins: 20
Average bin size: 1.670000e+01
Eliminated 30 points
Completed iteration:29
Prediction points:214
  TP     FP     TN     FN
   111    26    41    36

Precision / Recall
    0.8102    0.7551

Number of bins: 23
Average bin size: 1.460870e+01
Eliminated 132 points
Completed iteration:30
Prediction points:112
  TP     FP     TN     FN
    78    23     3     8

Precision / Recall
    0.7723    0.9070

Overall results (hybrid)
Confidence threshold=0.6
Filtered datapoints
AUC ave err std
    0.5802

    0.0728

    0.0728

Precision / Recall macro
    0.7776    0.7540

Precision / Recall micro
    0.7749    0.7455

Number of bins: 22
Average bin size: 1.522727e+01
Eliminated 96 points
Completed iteration:1
Prediction points:148
  TP     FP     TN     FN
    98    28    10    12

Precision / Recall
    0.7778    0.8909

Number of bins: 17
Average bin size: 1.988235e+01
Eliminated 112 points
Completed iteration:2
Prediction points:132
  TP     FP     TN     FN
    64    20    15    33

Precision / Recall
    0.7619    0.6598

Number of bins: 20
Average bin size: 1.650000e+01
Eliminated 107 points
Completed iteration:3
Prediction points:137
  TP     FP     TN     FN
    79    15     7    36

Precision / Recall
    0.8404    0.6870

Number of bins: 19
Average bin size: 1.752632e+01
Eliminated 80 points
Completed iteration:4
Prediction points:164
  TP     FP     TN     FN
    86    30    17    31

Precision / Recall
    0.7414    0.7350

Number of bins: 18
Average bin size: 1.822222e+01
Eliminated 160 points
Completed iteration:5
Prediction points:84
  TP     FP     TN     FN
    39     6    12    27

Precision / Recall
    0.8667    0.5909

Number of bins: 20
Average bin size: 1.650000e+01
Eliminated 172 points
Completed iteration:6
Prediction points:72
  TP     FP     TN     FN
    56     8     1     7

Precision / Recall
    0.8750    0.8889

Number of bins: 21
Average bin size: 1.614286e+01
Eliminated 113 points
Completed iteration:7
Prediction points:131
  TP     FP     TN     FN
    70    20     8    33

Precision / Recall
    0.7778    0.6796

Number of bins: 18
Average bin size: 1.827778e+01
Eliminated 168 points
Completed iteration:8
Prediction points:76
  TP     FP     TN     FN
    47    12     7    10

Precision / Recall
    0.7966    0.8246

Number of bins: 20
Average bin size: 1.690000e+01
Eliminated 157 points
Completed iteration:9
Prediction points:87
  TP     FP     TN     FN
    28     3    20    36

Precision / Recall
    0.9032    0.4375

Number of bins: 18
Average bin size: 1.833333e+01
Eliminated 127 points
Completed iteration:10
Prediction points:117
  TP     FP     TN     FN
    52    18    25    22

Precision / Recall
    0.7429    0.7027

Number of bins: 20
Average bin size: 1.675000e+01
Eliminated 144 points
Completed iteration:11
Prediction points:100
  TP     FP     TN     FN
    53     8     9    30

Precision / Recall
    0.8689    0.6386

Number of bins: 23
Average bin size: 1.456522e+01
Eliminated 128 points
Completed iteration:12
Prediction points:116
  TP     FP     TN     FN
    71    10    10    25

Precision / Recall
    0.8765    0.7396

Number of bins: 19
Average bin size: 1.752632e+01
Eliminated 131 points
Completed iteration:13
Prediction points:113
  TP     FP     TN     FN
    70    16    10    17

Precision / Recall
    0.8140    0.8046

Number of bins: 22
Average bin size: 1.527273e+01
Eliminated 132 points
Completed iteration:14
Prediction points:112
  TP     FP     TN     FN
    50    21     9    32

Precision / Recall
    0.7042    0.6098

Number of bins: 22
Average bin size: 1.540909e+01
Eliminated 105 points
Completed iteration:15
Prediction points:139
  TP     FP     TN     FN
    59    12    25    43

Precision / Recall
    0.8310    0.5784

Number of bins: 17
Average bin size: 20
Eliminated 89 points
Completed iteration:16
Prediction points:155
  TP     FP     TN     FN
   108    27    11     9

Precision / Recall
    0.8000    0.9231

Number of bins: 17
Average bin size: 19
Eliminated 152 points
Completed iteration:17
Prediction points:92
  TP     FP     TN     FN
    46    16     5    25

Precision / Recall
    0.7419    0.6479

Number of bins: 22
Average bin size: 1.527273e+01
Eliminated 68 points
Completed iteration:18
Prediction points:176
  TP     FP     TN     FN
    67    21    36    52

Precision / Recall
    0.7614    0.5630

Number of bins: 21
Average bin size: 1.566667e+01
Eliminated 131 points
Completed iteration:19
Prediction points:113
  TP     FP     TN     FN
    65    14    14    20

Precision / Recall
    0.8228    0.7647

Number of bins: 19
Average bin size: 1.784211e+01
Eliminated 111 points
Completed iteration:20
Prediction points:133
  TP     FP     TN     FN
    73    27     7    26

Precision / Recall
    0.7300    0.7374

Number of bins: 19
Average bin size: 1.752632e+01
Eliminated 107 points
Completed iteration:21
Prediction points:137
  TP     FP     TN     FN
    69    27    14    27

Precision / Recall
    0.7188    0.7188

Number of bins: 18
Average bin size: 1.827778e+01
Eliminated 136 points
Completed iteration:22
Prediction points:108
  TP     FP     TN     FN
    55    10    17    26

Precision / Recall
    0.8462    0.6790

Number of bins: 20
Average bin size: 1.705000e+01
Eliminated 125 points
Completed iteration:23
Prediction points:119
  TP     FP     TN     FN
    54    14    10    41

Precision / Recall
    0.7941    0.5684

Number of bins: 24
Average bin size: 1.412500e+01
Eliminated 120 points
Completed iteration:24
Prediction points:124
  TP     FP     TN     FN
    69    24    10    21

Precision / Recall
    0.7419    0.7667

Number of bins: 19
Average bin size: 1.726316e+01
Eliminated 110 points
Completed iteration:25
Prediction points:134
  TP     FP     TN     FN
    74    19     5    36

Precision / Recall
    0.7957    0.6727

Number of bins: 18
Average bin size: 1.866667e+01
Eliminated 130 points
Completed iteration:26
Prediction points:114
  TP     FP     TN     FN
    59     7    13    35

Precision / Recall
    0.8939    0.6277

Number of bins: 18
Average bin size: 1.838889e+01
Eliminated 155 points
Completed iteration:27
Prediction points:89
  TP     FP     TN     FN
    63    24     1     1

Precision / Recall
    0.7241    0.9844

Number of bins: 20
Average bin size: 1.660000e+01
Eliminated 107 points
Completed iteration:28
Prediction points:137
  TP     FP     TN     FN
    79    31    12    15

Precision / Recall
    0.7182    0.8404

Number of bins: 21
Average bin size: 1.580952e+01
Eliminated 103 points
Completed iteration:29
Prediction points:141
  TP     FP     TN     FN
    78    22    13    28

Precision / Recall
    0.7800    0.7358

Number of bins: 18
Average bin size: 1.872222e+01
Eliminated 115 points
Completed iteration:30
Prediction points:129
  TP     FP     TN     FN
    48    10    27    44

Precision / Recall
    0.8276    0.5217

Overall results (hybrid)
Confidence threshold=0.7
Filtered datapoints
AUC ave err std
    0.5833

    0.0825

    0.0825

Precision / Recall macro
    0.7958    0.7073

Precision / Recall micro
    0.7877    0.7069

Number of bins: 19
Average bin size: 1.784211e+01
Eliminated 143 points
Completed iteration:1
Prediction points:101
  TP     FP     TN     FN
    66    12    12    11

Precision / Recall
    0.8462    0.8571

Number of bins: 21
Average bin size: 1.633333e+01
Eliminated 220 points
Completed iteration:2
Prediction points:24
  TP     FP     TN     FN
    11     2     2     9

Precision / Recall
    0.8462    0.5500

Number of bins: 18
Average bin size: 1.861111e+01
Eliminated 123 points
Completed iteration:3
Prediction points:121
  TP     FP     TN     FN
    71    18    13    19

Precision / Recall
    0.7978    0.7889

Number of bins: 18
Average bin size: 1.850000e+01
Eliminated 165 points
Completed iteration:4
Prediction points:79
  TP     FP     TN     FN
    26     7    17    29

Precision / Recall
    0.7879    0.4727

Number of bins: 19
Average bin size: 1.757895e+01
Eliminated 141 points
Completed iteration:5
Prediction points:103
  TP     FP     TN     FN
    47     8    19    29

Precision / Recall
    0.8545    0.6184

Number of bins: 19
Average bin size: 1.773684e+01
Eliminated 147 points
Completed iteration:6
Prediction points:97
  TP     FP     TN     FN
    49    13    13    22

Precision / Recall
    0.7903    0.6901

Number of bins: 21
Average bin size: 1.595238e+01
Eliminated 202 points
Completed iteration:7
Prediction points:42
  TP     FP     TN     FN
    37     4     1     0

Precision / Recall
    0.9024    1.0000

Number of bins: 20
Average bin size: 1.650000e+01
Eliminated 163 points
Completed iteration:8
Prediction points:81
  TP     FP     TN     FN
    34     7    12    28

Precision / Recall
    0.8293    0.5484

Number of bins: 17
Average bin size: 1.958824e+01
Eliminated 207 points
Completed iteration:9
Prediction points:37
  TP     FP     TN     FN
    20     3     6     8

Precision / Recall
    0.8696    0.7143

Number of bins: 23
Average bin size: 1.452174e+01
Eliminated 148 points
Completed iteration:10
Prediction points:96
  TP     FP     TN     FN
    50     6    18    22

Precision / Recall
    0.8929    0.6944

Number of bins: 17
Average bin size: 2.017647e+01
Eliminated 163 points
Completed iteration:11
Prediction points:81
  TP     FP     TN     FN
    48    11    11    11

Precision / Recall
    0.8136    0.8136

Number of bins: 17
Average bin size: 1.994118e+01
Eliminated 186 points
Completed iteration:12
Prediction points:58
  TP     FP     TN     FN
    47     5     4     2

Precision / Recall
    0.9038    0.9592

Number of bins: 19
Average bin size: 1.752632e+01
Eliminated 184 points
Completed iteration:13
Prediction points:60
  TP     FP     TN     FN
    20     6    18    16

Precision / Recall
    0.7692    0.5556

Number of bins: 21
Average bin size: 16
Eliminated 163 points
Completed iteration:14
Prediction points:81
  TP     FP     TN     FN
    45     5     7    24

Precision / Recall
    0.9000    0.6522

Number of bins: 22
Average bin size: 1.536364e+01
Eliminated 171 points
Completed iteration:15
Prediction points:73
  TP     FP     TN     FN
    55     4     5     9

Precision / Recall
    0.9322    0.8594

Number of bins: 21
Average bin size: 1.590476e+01
Eliminated 182 points
Completed iteration:16
Prediction points:62
  TP     FP     TN     FN
    36     4     5    17

Precision / Recall
    0.9000    0.6792

Number of bins: 20
Average bin size: 1.695000e+01
Eliminated 133 points
Completed iteration:17
Prediction points:111
  TP     FP     TN     FN
    31     8    19    53

Precision / Recall
    0.7949    0.3690

Number of bins: 15
Average bin size: 2.273333e+01
Eliminated 205 points
Completed iteration:18
Prediction points:39
  TP     FP     TN     FN
    20     6     5     8

Precision / Recall
    0.7692    0.7143

Number of bins: 16
Average bin size: 2.106250e+01
Eliminated 205 points
Completed iteration:19
Prediction points:39
  TP     FP     TN     FN
    33     6     0     0

Precision / Recall
    0.8462    1.0000

Number of bins: 20
Average bin size: 1.680000e+01
Eliminated 163 points
Completed iteration:20
Prediction points:81
  TP     FP     TN     FN
    40     9    13    19

Precision / Recall
    0.8163    0.6780

Number of bins: 16
Average bin size: 2.106250e+01
Eliminated 213 points
Completed iteration:21
Prediction points:31
  TP     FP     TN     FN
    13     2     6    10

Precision / Recall
    0.8667    0.5652

Number of bins: 18
Average bin size: 1.883333e+01
Eliminated 201 points
Completed iteration:22
Prediction points:43
  TP     FP     TN     FN
    19     6     2    16

Precision / Recall
    0.7600    0.5429

Number of bins: 18
Average bin size: 1.872222e+01
Eliminated 189 points
Completed iteration:23
Prediction points:55
  TP     FP     TN     FN
    39    13     1     2

Precision / Recall
    0.7500    0.9512

Number of bins: 23
Average bin size: 1.473913e+01
Eliminated 188 points
Completed iteration:24
Prediction points:56
  TP     FP     TN     FN
    26     2     4    24

Precision / Recall
    0.9286    0.5200

Number of bins: 17
Average bin size: 1.964706e+01
Eliminated 159 points
Completed iteration:25
Prediction points:85
  TP     FP     TN     FN
    48    10     8    19

Precision / Recall
    0.8276    0.7164

Number of bins: 19
Average bin size: 1.747368e+01
Eliminated 192 points
Completed iteration:26
Prediction points:52
  TP     FP     TN     FN
    33     3     1    15

Precision / Recall
    0.9167    0.6875

Number of bins: 18
Average bin size: 1.844444e+01
Eliminated 124 points
Completed iteration:27
Prediction points:120
  TP     FP     TN     FN
    50     8    31    31

Precision / Recall
    0.8621    0.6173

Number of bins: 17
Average bin size: 1.941176e+01
Eliminated 167 points
Completed iteration:28
Prediction points:77
  TP     FP     TN     FN
    48     7     5    17

Precision / Recall
    0.8727    0.7385

Number of bins: 21
Average bin size: 1.657143e+01
Eliminated 122 points
Completed iteration:29
Prediction points:122
  TP     FP     TN     FN
    55    14    20    33

Precision / Recall
    0.7971    0.6250

Number of bins: 17
Average bin size: 1.947059e+01
Eliminated 189 points
Completed iteration:30
Prediction points:55
  TP     FP     TN     FN
    20     5    10    20

Precision / Recall
    0.8000    0.5000

Overall results (hybrid)
Confidence threshold=0.8
Filtered datapoints
AUC ave err std
   NaN

   NaN

   NaN

Precision / Recall macro
    0.8415    0.6893

Precision / Recall micro
    0.8416    0.6849

Number of bins: 17
Average bin size: 19
Eliminated 211 points
Completed iteration:1
Prediction points:33
  TP     FP     TN     FN
    26     7     0     0

Precision / Recall
    0.7879    1.0000

Number of bins: 19
Average bin size: 1.747368e+01
Eliminated 211 points
Completed iteration:2
Prediction points:33
  TP     FP     TN     FN
     4     0     9    20

Precision / Recall
    1.0000    0.1667

Number of bins: 20
Average bin size: 1.695000e+01
Eliminated 215 points
Completed iteration:3
Prediction points:29
  TP     FP     TN     FN
    27     2     0     0

Precision / Recall
    0.9310    1.0000

Number of bins: 17
Average bin size: 1.958824e+01
Eliminated 221 points
Completed iteration:4
Prediction points:23
  TP     FP     TN     FN
     5     1     1    16

Precision / Recall
    0.8333    0.2381

Number of bins: 19
Average bin size: 1.726316e+01
Eliminated 235 points
Not enough valid test points; skipping iteration.
Number of bins: 23
Average bin size: 1.513043e+01
Eliminated 171 points
Completed iteration:6
Prediction points:73
  TP     FP     TN     FN
    40     7     9    17

Precision / Recall
    0.8511    0.7018

Number of bins: 17
Average bin size: 1.970588e+01
Eliminated 210 points
Completed iteration:7
Prediction points:34
  TP     FP     TN     FN
    21     3     1     9

Precision / Recall
    0.8750    0.7000

Number of bins: 22
Average bin size: 1.572727e+01
Eliminated 215 points
Completed iteration:8
Prediction points:29
  TP     FP     TN     FN
     7     0     7    15

Precision / Recall
    1.0000    0.3182

Number of bins: 17
Average bin size: 1.947059e+01
Eliminated 220 points
Completed iteration:9
Prediction points:24
  TP     FP     TN     FN
     9     3    10     2

Precision / Recall
    0.7500    0.8182

Number of bins: 21
Average bin size: 1.571429e+01
Eliminated 230 points
Completed iteration:10
Prediction points:14
  TP     FP     TN     FN
     8     3     1     2

Precision / Recall
    0.7273    0.8000

Number of bins: 18
Average bin size: 1.872222e+01
Eliminated 159 points
Completed iteration:11
Prediction points:85
  TP     FP     TN     FN
    68     6     4     7

Precision / Recall
    0.9189    0.9067

Number of bins: 20
Average bin size: 1.645000e+01
Eliminated 244 points
Not enough valid test points; skipping iteration.
Number of bins: 15
Average bin size: 2.146667e+01
Eliminated 182 points
Completed iteration:13
Prediction points:62
  TP     FP     TN     FN
    16     3    11    32

Precision / Recall
    0.8421    0.3333

Number of bins: 21
Average bin size: 1.580952e+01
Eliminated 244 points
Not enough valid test points; skipping iteration.
Number of bins: 17
Average bin size: 1.964706e+01
Eliminated 149 points
Completed iteration:15
Prediction points:95
  TP     FP     TN     FN
    34     6    10    45

Precision / Recall
    0.8500    0.4304

Number of bins: 20
Average bin size: 1.690000e+01
Eliminated 195 points
Completed iteration:16
Prediction points:49
  TP     FP     TN     FN
    26     2     6    15

Precision / Recall
    0.9286    0.6341

Number of bins: 22
Average bin size: 1.509091e+01
Eliminated 191 points
Completed iteration:17
Prediction points:53
  TP     FP     TN     FN
    25     0    12    16

Precision / Recall
    1.0000    0.6098

Number of bins: 17
Average bin size: 1.958824e+01
Eliminated 191 points
Completed iteration:18
Prediction points:53
  TP     FP     TN     FN
    11     2    13    27

Precision / Recall
    0.8462    0.2895

Number of bins: 19
Average bin size: 1.757895e+01
Eliminated 211 points
Completed iteration:19
Prediction points:33
  TP     FP     TN     FN
    32     1     0     0

Precision / Recall
    0.9697    1.0000

Number of bins: 20
Average bin size: 1.645000e+01
Eliminated 204 points
Completed iteration:20
Prediction points:40
  TP     FP     TN     FN
     5     0     8    27

Precision / Recall
    1.0000    0.1563

Number of bins: 19
Average bin size: 1.768421e+01
Eliminated 228 points
Completed iteration:21
Prediction points:16
  TP     FP     TN     FN
     9     1     3     3

Precision / Recall
    0.9000    0.7500

Number of bins: 21
Average bin size: 1.571429e+01
Eliminated 208 points
Completed iteration:22
Prediction points:36
  TP     FP     TN     FN
     4     0     6    26

Precision / Recall
    1.0000    0.1333

Number of bins: 19
Average bin size: 1.747368e+01
Eliminated 209 points
Completed iteration:23
Prediction points:35
  TP     FP     TN     FN
     6     3    13    13

Precision / Recall
    0.6667    0.3158

Number of bins: 23
Average bin size: 1.469565e+01
Eliminated 212 points
Completed iteration:24
Prediction points:32
  TP     FP     TN     FN
    21     3     8     0

Precision / Recall
    0.8750    1.0000

Number of bins: 16
Average bin size: 2.068750e+01
Eliminated 215 points
Completed iteration:25
Prediction points:29
  TP     FP     TN     FN
    20     9     0     0

Precision / Recall
    0.6897    1.0000

Number of bins: 19
Average bin size: 1.747368e+01
Eliminated 227 points
Completed iteration:26
Prediction points:17
  TP     FP     TN     FN
    11     2     0     4

Precision / Recall
    0.8462    0.7333

Number of bins: 20
Average bin size: 1.685000e+01
Eliminated 240 points
Not enough valid test points; skipping iteration.
Number of bins: 18
Average bin size: 1.861111e+01
Eliminated 218 points
Completed iteration:28
Prediction points:26
  TP     FP     TN     FN
    26     0     0     0

Precision / Recall
     1     1

Number of bins: 17
Average bin size: 1.911765e+01
Eliminated 210 points
Completed iteration:29
Prediction points:34
  TP     FP     TN     FN
    31     3     0     0

Precision / Recall
    0.9118    1.0000

Number of bins: 16
Average bin size: 2.125000e+01
Eliminated 232 points
Completed iteration:30
Prediction points:12
  TP     FP     TN     FN
     8     1     0     3

Precision / Recall
    0.8889    0.7273

Overall results (hybrid)
Confidence threshold=0.9
Filtered datapoints
AUC ave err std
   NaN

   NaN

   NaN

Precision / Recall macro
   NaN   NaN

Precision / Recall micro
    0.8803    0.6258

computation time (s)
   8.2814e+04

