!!!!below quality measures have been removed due to insufficient data!!!!!!!!!!!!
    ' TriangleSize'

binThreshold:50
energy base:40
using confidence:1
Number of bins: 16
Average bin size: 2.075000e+01
Eliminated 53 points
Completed iteration:1
Prediction points:191
  TP     FP     TN     FN
    84    24    17    66

Precision / Recall
    0.7778    0.5600

Number of bins: 15
Average bin size: 2.293333e+01
Eliminated 85 points
Completed iteration:2
Prediction points:159
  TP     FP     TN     FN
    59    19    30    51

Precision / Recall
    0.7564    0.5364

Number of bins: 18
Average bin size: 1.805556e+01
Eliminated 22 points
Completed iteration:3
Prediction points:222
  TP     FP     TN     FN
    90    36    24    72

Precision / Recall
    0.7143    0.5556

Number of bins: 18
Average bin size: 1.872222e+01
Eliminated 40 points
Completed iteration:4
Prediction points:204
  TP     FP     TN     FN
   113    48    12    31

Precision / Recall
    0.7019    0.7847

Number of bins: 20
Average bin size: 1.645000e+01
Eliminated 78 points
Completed iteration:5
Prediction points:166
  TP     FP     TN     FN
    65    20    37    44

Precision / Recall
    0.7647    0.5963

Number of bins: 17
Average bin size: 2.023529e+01
Eliminated 74 points
Completed iteration:6
Prediction points:170
  TP     FP     TN     FN
    96    32    18    24

Precision / Recall
    0.7500    0.8000

Number of bins: 18
Average bin size: 1.894444e+01
Eliminated 40 points
Completed iteration:7
Prediction points:204
  TP     FP     TN     FN
    98    26    23    57

Precision / Recall
    0.7903    0.6323

Number of bins: 17
Average bin size: 1.970588e+01
Eliminated 138 points
Completed iteration:8
Prediction points:106
  TP     FP     TN     FN
    59    19     8    20

Precision / Recall
    0.7564    0.7468

Number of bins: 19
Average bin size: 1.742105e+01
Eliminated 127 points
Completed iteration:9
Prediction points:117
  TP     FP     TN     FN
    68    24    15    10

Precision / Recall
    0.7391    0.8718

Number of bins: 20
Average bin size: 17
Eliminated 40 points
Completed iteration:10
Prediction points:204
  TP     FP     TN     FN
   124    43    18    19

Precision / Recall
    0.7425    0.8671

Number of bins: 19
Average bin size: 1.778947e+01
Eliminated 88 points
Completed iteration:11
Prediction points:156
  TP     FP     TN     FN
    76    30    14    36

Precision / Recall
    0.7170    0.6786

Number of bins: 19
Average bin size: 1.747368e+01
Eliminated 107 points
Completed iteration:12
Prediction points:137
  TP     FP     TN     FN
    99    22     4    12

Precision / Recall
    0.8182    0.8919

Number of bins: 19
Average bin size: 1.742105e+01
Eliminated 42 points
Completed iteration:13
Prediction points:202
  TP     FP     TN     FN
   100    40    21    41

Precision / Recall
    0.7143    0.7092

Number of bins: 22
Average bin size: 1.563636e+01
Eliminated 41 points
Completed iteration:14
Prediction points:203
  TP     FP     TN     FN
   107    34    21    41

Precision / Recall
    0.7589    0.7230

Number of bins: 18
Average bin size: 1.838889e+01
Eliminated 52 points
Completed iteration:15
Prediction points:192
  TP     FP     TN     FN
    94    30    26    42

Precision / Recall
    0.7581    0.6912

Number of bins: 21
Average bin size: 1.614286e+01
Eliminated 112 points
Completed iteration:16
Prediction points:132
  TP     FP     TN     FN
    69    24    17    22

Precision / Recall
    0.7419    0.7582

Number of bins: 22
Average bin size: 1.536364e+01
Eliminated 108 points
Completed iteration:17
Prediction points:136
  TP     FP     TN     FN
    70    24    19    23

Precision / Recall
    0.7447    0.7527

Number of bins: 23
Average bin size: 1.421739e+01
Eliminated 64 points
Completed iteration:18
Prediction points:180
  TP     FP     TN     FN
    99    47    12    22

Precision / Recall
    0.6781    0.8182

Number of bins: 19
Average bin size: 1.789474e+01
Eliminated 88 points
Completed iteration:19
Prediction points:156
  TP     FP     TN     FN
    75    26    12    43

Precision / Recall
    0.7426    0.6356

Number of bins: 20
Average bin size: 1.645000e+01
Eliminated 78 points
Completed iteration:20
Prediction points:166
  TP     FP     TN     FN
    53    22    24    67

Precision / Recall
    0.7067    0.4417

Number of bins: 17
Average bin size: 1.888235e+01
Eliminated 142 points
Completed iteration:21
Prediction points:102
  TP     FP     TN     FN
    60    24     7    11

Precision / Recall
    0.7143    0.8451

Number of bins: 20
Average bin size: 1.710000e+01
Eliminated 68 points
Completed iteration:22
Prediction points:176
  TP     FP     TN     FN
   108    36    13    19

Precision / Recall
    0.7500    0.8504

Number of bins: 17
Average bin size: 1.941176e+01
Eliminated 65 points
Completed iteration:23
Prediction points:179
  TP     FP     TN     FN
    71    36    25    47

Precision / Recall
    0.6636    0.6017

Number of bins: 20
Average bin size: 1.710000e+01
Eliminated 63 points
Completed iteration:24
Prediction points:181
  TP     FP     TN     FN
    96    27    19    39

Precision / Recall
    0.7805    0.7111

Number of bins: 17
Average bin size: 1.935294e+01
Eliminated 95 points
Completed iteration:25
Prediction points:149
  TP     FP     TN     FN
    79    27    22    21

Precision / Recall
    0.7453    0.7900

Number of bins: 21
Average bin size: 16
Eliminated 115 points
Completed iteration:26
Prediction points:129
  TP     FP     TN     FN
    74    21    18    16

Precision / Recall
    0.7789    0.8222

Number of bins: 15
Average bin size: 22
Eliminated 111 points
Completed iteration:27
Prediction points:133
  TP     FP     TN     FN
    66    19    14    34

Precision / Recall
    0.7765    0.6600

Number of bins: 21
Average bin size: 1.561905e+01
Eliminated 69 points
Completed iteration:28
Prediction points:175
  TP     FP     TN     FN
    71    21    31    52

Precision / Recall
    0.7717    0.5772

Number of bins: 20
Average bin size: 1.680000e+01
Eliminated 64 points
Completed iteration:29
Prediction points:180
  TP     FP     TN     FN
   101    31    20    28

Precision / Recall
    0.7652    0.7829

Number of bins: 19
Average bin size: 1.763158e+01
Eliminated 35 points
Completed iteration:30
Prediction points:209
  TP     FP     TN     FN
   106    27    24    52

Precision / Recall
    0.7970    0.6709

Overall results (hybrid)
Confidence threshold=0.5
Filtered datapoints
AUC ave err std
    0.5624

    0.0588

    0.0588

Precision / Recall macro
    0.7472    0.7121

Precision / Recall micro
    0.7465    0.7043

Number of bins: 20
Average bin size: 1.660000e+01
Eliminated 116 points
Completed iteration:1
Prediction points:128
  TP     FP     TN     FN
    85    26     6    11

Precision / Recall
    0.7658    0.8854

Number of bins: 20
Average bin size: 1.715000e+01
Eliminated 138 points
Completed iteration:2
Prediction points:106
  TP     FP     TN     FN
    51    14    20    21

Precision / Recall
    0.7846    0.7083

Number of bins: 22
Average bin size: 1.495455e+01
Eliminated 88 points
Completed iteration:3
Prediction points:156
  TP     FP     TN     FN
    84    28    19    25

Precision / Recall
    0.7500    0.7706

Number of bins: 17
Average bin size: 1.952941e+01
Eliminated 87 points
Completed iteration:4
Prediction points:157
  TP     FP     TN     FN
    83    26    12    36

Precision / Recall
    0.7615    0.6975

Number of bins: 19
Average bin size: 1.763158e+01
Eliminated 80 points
Completed iteration:5
Prediction points:164
  TP     FP     TN     FN
    60    16    27    61

Precision / Recall
    0.7895    0.4959

Number of bins: 22
Average bin size: 1.490909e+01
Eliminated 96 points
Completed iteration:6
Prediction points:148
  TP     FP     TN     FN
    86    26    12    24

Precision / Recall
    0.7679    0.7818

Number of bins: 20
Average bin size: 1.690000e+01
Eliminated 78 points
Completed iteration:7
Prediction points:166
  TP     FP     TN     FN
    72    18    25    51

Precision / Recall
    0.8000    0.5854

Number of bins: 19
Average bin size: 1.747368e+01
Eliminated 74 points
Completed iteration:8
Prediction points:170
  TP     FP     TN     FN
    47    12    24    87

Precision / Recall
    0.7966    0.3507

Number of bins: 21
Average bin size: 1.585714e+01
Eliminated 82 points
Completed iteration:9
Prediction points:162
  TP     FP     TN     FN
   102    33    11    16

Precision / Recall
    0.7556    0.8644

Number of bins: 18
Average bin size: 1.788889e+01
Eliminated 68 points
Completed iteration:10
Prediction points:176
  TP     FP     TN     FN
    57    15    31    73

Precision / Recall
    0.7917    0.4385

Number of bins: 17
Average bin size: 1.917647e+01
Eliminated 34 points
Completed iteration:11
Prediction points:210
  TP     FP     TN     FN
    76    20    44    70

Precision / Recall
    0.7917    0.5205

Number of bins: 17
Average bin size: 1.947059e+01
Eliminated 124 points
Completed iteration:12
Prediction points:120
  TP     FP     TN     FN
    48    16    20    36

Precision / Recall
    0.7500    0.5714

Number of bins: 16
Average bin size: 2.093750e+01
Eliminated 107 points
Completed iteration:13
Prediction points:137
  TP     FP     TN     FN
    53    10    21    53

Precision / Recall
    0.8413    0.5000

Number of bins: 22
Average bin size: 1.504545e+01
Eliminated 105 points
Completed iteration:14
Prediction points:139
  TP     FP     TN     FN
    98    24     4    13

Precision / Recall
    0.8033    0.8829

Number of bins: 24
Average bin size: 1.425000e+01
Eliminated 87 points
Completed iteration:15
Prediction points:157
  TP     FP     TN     FN
    80    16    27    34

Precision / Recall
    0.8333    0.7018

Number of bins: 19
Average bin size: 1.842105e+01
Eliminated 118 points
Completed iteration:16
Prediction points:126
  TP     FP     TN     FN
    83    16    10    17

Precision / Recall
    0.8384    0.8300

Number of bins: 15
Average bin size: 2.233333e+01
Eliminated 111 points
Completed iteration:17
Prediction points:133
  TP     FP     TN     FN
    46    15    33    39

Precision / Recall
    0.7541    0.5412

Number of bins: 20
Average bin size: 1.755000e+01
Eliminated 91 points
Completed iteration:18
Prediction points:153
  TP     FP     TN     FN
   103    31     9    10

Precision / Recall
    0.7687    0.9115

Number of bins: 19
Average bin size: 1.742105e+01
Eliminated 132 points
Completed iteration:19
Prediction points:112
  TP     FP     TN     FN
    68    19     6    19

Precision / Recall
    0.7816    0.7816

Number of bins: 22
Average bin size: 1.518182e+01
Eliminated 133 points
Completed iteration:20
Prediction points:111
  TP     FP     TN     FN
    78    16     4    13

Precision / Recall
    0.8298    0.8571

Number of bins: 18
Average bin size: 1.827778e+01
Eliminated 84 points
Completed iteration:21
Prediction points:160
  TP     FP     TN     FN
    73    35    13    39

Precision / Recall
    0.6759    0.6518

Number of bins: 23
Average bin size: 1.460870e+01
Eliminated 80 points
Completed iteration:22
Prediction points:164
  TP     FP     TN     FN
    86    26    15    37

Precision / Recall
    0.7679    0.6992

Number of bins: 17
Average bin size: 1.970588e+01
Eliminated 118 points
Completed iteration:23
Prediction points:126
  TP     FP     TN     FN
    67    14    12    33

Precision / Recall
    0.8272    0.6700

Number of bins: 20
Average bin size: 1.735000e+01
Eliminated 111 points
Completed iteration:24
Prediction points:133
  TP     FP     TN     FN
    79    19    16    19

Precision / Recall
    0.8061    0.8061

Number of bins: 23
Average bin size: 1.456522e+01
Eliminated 103 points
Completed iteration:25
Prediction points:141
  TP     FP     TN     FN
    87    30    10    14

Precision / Recall
    0.7436    0.8614

Number of bins: 20
Average bin size: 1.705000e+01
Eliminated 47 points
Completed iteration:26
Prediction points:197
  TP     FP     TN     FN
   106    36    18    37

Precision / Recall
    0.7465    0.7413

Number of bins: 16
Average bin size: 2.068750e+01
Eliminated 80 points
Completed iteration:27
Prediction points:164
  TP     FP     TN     FN
    84    19    18    43

Precision / Recall
    0.8155    0.6614

Number of bins: 23
Average bin size: 1.482609e+01
Eliminated 142 points
Completed iteration:28
Prediction points:102
  TP     FP     TN     FN
    56    20     2    24

Precision / Recall
    0.7368    0.7000

Number of bins: 20
Average bin size: 1.670000e+01
Eliminated 33 points
Completed iteration:29
Prediction points:211
  TP     FP     TN     FN
   113    35    31    32

Precision / Recall
    0.7635    0.7793

Number of bins: 23
Average bin size: 1.460870e+01
Eliminated 109 points
Completed iteration:30
Prediction points:135
  TP     FP     TN     FN
    86    15     9    25

Precision / Recall
    0.8515    0.7748

Overall results (hybrid)
Confidence threshold=0.6
Filtered datapoints
AUC ave err std
    0.5792

    0.0777

    0.0777

Precision / Recall macro
    0.7830    0.7007

Precision / Recall micro
    0.7805    0.6942

Number of bins: 22
Average bin size: 1.522727e+01
Eliminated 72 points
Completed iteration:1
Prediction points:172
  TP     FP     TN     FN
    93    25    21    33

Precision / Recall
    0.7881    0.7381

Number of bins: 17
Average bin size: 1.988235e+01
Eliminated 111 points
Completed iteration:2
Prediction points:133
  TP     FP     TN     FN
    38    15    22    58

Precision / Recall
    0.7170    0.3958

Number of bins: 20
Average bin size: 1.650000e+01
Eliminated 120 points
Completed iteration:3
Prediction points:124
  TP     FP     TN     FN
    74    15     5    30

Precision / Recall
    0.8315    0.7115

Number of bins: 19
Average bin size: 1.752632e+01
Eliminated 114 points
Completed iteration:4
Prediction points:130
  TP     FP     TN     FN
    73    25     7    25

Precision / Recall
    0.7449    0.7449

Number of bins: 18
Average bin size: 1.822222e+01
Eliminated 148 points
Completed iteration:5
Prediction points:96
  TP     FP     TN     FN
    50    12     8    26

Precision / Recall
    0.8065    0.6579

Number of bins: 20
Average bin size: 1.650000e+01
Eliminated 92 points
Completed iteration:6
Prediction points:152
  TP     FP     TN     FN
    88    11    18    35

Precision / Recall
    0.8889    0.7154

Number of bins: 21
Average bin size: 1.614286e+01
Eliminated 113 points
Completed iteration:7
Prediction points:131
  TP     FP     TN     FN
    88    28     8     7

Precision / Recall
    0.7586    0.9263

Number of bins: 18
Average bin size: 1.827778e+01
Eliminated 168 points
Completed iteration:8
Prediction points:76
  TP     FP     TN     FN
    52    16     3     5

Precision / Recall
    0.7647    0.9123

Number of bins: 20
Average bin size: 1.690000e+01
Eliminated 186 points
Completed iteration:9
Prediction points:58
  TP     FP     TN     FN
    44    12     2     0

Precision / Recall
    0.7857    1.0000

Number of bins: 18
Average bin size: 1.833333e+01
Eliminated 93 points
Completed iteration:10
Prediction points:151
  TP     FP     TN     FN
    68    27    28    28

Precision / Recall
    0.7158    0.7083

Number of bins: 20
Average bin size: 1.675000e+01
Eliminated 141 points
Completed iteration:11
Prediction points:103
  TP     FP     TN     FN
    81    14     1     7

Precision / Recall
    0.8526    0.9205

Number of bins: 23
Average bin size: 1.456522e+01
Eliminated 147 points
Completed iteration:12
Prediction points:97
  TP     FP     TN     FN
    82    14     1     0

Precision / Recall
    0.8542    1.0000

Number of bins: 19
Average bin size: 1.752632e+01
Eliminated 115 points
Completed iteration:13
Prediction points:129
  TP     FP     TN     FN
    70    11    17    31

Precision / Recall
    0.8642    0.6931

Number of bins: 22
Average bin size: 1.527273e+01
Eliminated 180 points
Completed iteration:14
Prediction points:64
  TP     FP     TN     FN
    40    13     5     6

Precision / Recall
    0.7547    0.8696

Number of bins: 22
Average bin size: 1.540909e+01
Eliminated 115 points
Completed iteration:15
Prediction points:129
  TP     FP     TN     FN
    65    10    22    32

Precision / Recall
    0.8667    0.6701

Number of bins: 17
Average bin size: 20
Eliminated 166 points
Completed iteration:16
Prediction points:78
  TP     FP     TN     FN
    55    14     2     7

Precision / Recall
    0.7971    0.8871

Number of bins: 17
Average bin size: 19
Eliminated 134 points
Completed iteration:17
Prediction points:110
  TP     FP     TN     FN
    37    10    21    42

Precision / Recall
    0.7872    0.4684

Number of bins: 22
Average bin size: 1.527273e+01
Eliminated 93 points
Completed iteration:18
Prediction points:151
  TP     FP     TN     FN
    45    22    23    61

Precision / Recall
    0.6716    0.4245

Number of bins: 21
Average bin size: 1.566667e+01
Eliminated 128 points
Completed iteration:19
Prediction points:116
  TP     FP     TN     FN
    67    16    12    21

Precision / Recall
    0.8072    0.7614

Number of bins: 19
Average bin size: 1.784211e+01
Eliminated 97 points
Completed iteration:20
Prediction points:147
  TP     FP     TN     FN
    73    24    15    35

Precision / Recall
    0.7526    0.6759

Number of bins: 19
Average bin size: 1.752632e+01
Eliminated 99 points
Completed iteration:21
Prediction points:145
  TP     FP     TN     FN
    66    23    20    36

Precision / Recall
    0.7416    0.6471

Number of bins: 18
Average bin size: 1.827778e+01
Eliminated 157 points
Completed iteration:22
Prediction points:87
  TP     FP     TN     FN
    54    15     7    11

Precision / Recall
    0.7826    0.8308

Number of bins: 20
Average bin size: 1.705000e+01
Eliminated 155 points
Completed iteration:23
Prediction points:89
  TP     FP     TN     FN
    42     7     6    34

Precision / Recall
    0.8571    0.5526

Number of bins: 24
Average bin size: 1.412500e+01
Eliminated 84 points
Completed iteration:24
Prediction points:160
  TP     FP     TN     FN
    68    16    32    44

Precision / Recall
    0.8095    0.6071

Number of bins: 19
Average bin size: 1.726316e+01
Eliminated 149 points
Completed iteration:25
Prediction points:95
  TP     FP     TN     FN
    65    11     3    16

Precision / Recall
    0.8553    0.8025

Number of bins: 18
Average bin size: 1.866667e+01
Eliminated 163 points
Completed iteration:26
Prediction points:81
  TP     FP     TN     FN
    58     5     5    13

Precision / Recall
    0.9206    0.8169

Number of bins: 18
Average bin size: 1.838889e+01
Eliminated 155 points
Completed iteration:27
Prediction points:89
  TP     FP     TN     FN
    59    23     2     5

Precision / Recall
    0.7195    0.9219

Number of bins: 20
Average bin size: 1.660000e+01
Eliminated 148 points
Completed iteration:28
Prediction points:96
  TP     FP     TN     FN
    44    21     7    24

Precision / Recall
    0.6769    0.6471

Number of bins: 21
Average bin size: 1.580952e+01
Eliminated 132 points
Completed iteration:29
Prediction points:112
  TP     FP     TN     FN
    58    16     9    29

Precision / Recall
    0.7838    0.6667

Number of bins: 18
Average bin size: 1.872222e+01
Eliminated 118 points
Completed iteration:30
Prediction points:126
  TP     FP     TN     FN
    82    19     9    16

Precision / Recall
    0.8119    0.8367

Overall results (hybrid)
Confidence threshold=0.7
Filtered datapoints
AUC ave err std
    0.5666

    0.0865

    0.0865

Precision / Recall macro
    0.7923    0.7403

Precision / Recall micro
    0.7932    0.7238

Number of bins: 19
Average bin size: 1.784211e+01
Eliminated 173 points
Completed iteration:1
Prediction points:71
  TP     FP     TN     FN
    33     7    16    15

Precision / Recall
    0.8250    0.6875

Number of bins: 21
Average bin size: 1.633333e+01
Eliminated 171 points
Completed iteration:2
Prediction points:73
  TP     FP     TN     FN
    17     2    20    34

Precision / Recall
    0.8947    0.3333

Number of bins: 18
Average bin size: 1.861111e+01
Eliminated 176 points
Completed iteration:3
Prediction points:68
  TP     FP     TN     FN
    18     3    18    29

Precision / Recall
    0.8571    0.3830

Number of bins: 18
Average bin size: 1.850000e+01
Eliminated 134 points
Completed iteration:4
Prediction points:110
  TP     FP     TN     FN
    73    19     4    14

Precision / Recall
    0.7935    0.8391

Number of bins: 19
Average bin size: 1.757895e+01
Eliminated 184 points
Completed iteration:5
Prediction points:60
  TP     FP     TN     FN
    21     2    18    19

Precision / Recall
    0.9130    0.5250

Number of bins: 19
Average bin size: 1.773684e+01
Eliminated 230 points
Completed iteration:6
Prediction points:14
  TP     FP     TN     FN
    10     1     0     3

Precision / Recall
    0.9091    0.7692

Number of bins: 21
Average bin size: 1.595238e+01
Eliminated 144 points
Completed iteration:7
Prediction points:100
  TP     FP     TN     FN
    72    11     7    10

Precision / Recall
    0.8675    0.8780

Number of bins: 20
Average bin size: 1.650000e+01
Eliminated 140 points
Completed iteration:8
Prediction points:104
  TP     FP     TN     FN
    32     6    22    44

Precision / Recall
    0.8421    0.4211

Number of bins: 17
Average bin size: 1.958824e+01
Eliminated 150 points
Completed iteration:9
Prediction points:94
  TP     FP     TN     FN
    49     9    13    23

Precision / Recall
    0.8448    0.6806

Number of bins: 23
Average bin size: 1.452174e+01
Eliminated 161 points
Completed iteration:10
Prediction points:83
  TP     FP     TN     FN
    35     8    12    28

Precision / Recall
    0.8140    0.5556

Number of bins: 17
Average bin size: 2.017647e+01
Eliminated 171 points
Completed iteration:11
Prediction points:73
  TP     FP     TN     FN
    42    11    11     9

Precision / Recall
    0.7925    0.8235

Number of bins: 17
Average bin size: 1.994118e+01
Eliminated 186 points
Completed iteration:12
Prediction points:58
  TP     FP     TN     FN
    27     5     4    22

Precision / Recall
    0.8438    0.5510

Number of bins: 19
Average bin size: 1.752632e+01
Eliminated 111 points
Completed iteration:13
Prediction points:133
  TP     FP     TN     FN
    54     9    26    44

Precision / Recall
    0.8571    0.5510

Number of bins: 21
Average bin size: 16
Eliminated 186 points
Completed iteration:14
Prediction points:58
  TP     FP     TN     FN
    27     4     7    20

Precision / Recall
    0.8710    0.5745

Number of bins: 22
Average bin size: 1.536364e+01
Eliminated 203 points
Completed iteration:15
Prediction points:41
  TP     FP     TN     FN
    29     4     0     8

Precision / Recall
    0.8788    0.7838

Number of bins: 21
Average bin size: 1.590476e+01
Eliminated 178 points
Completed iteration:16
Prediction points:66
  TP     FP     TN     FN
    15     2     9    40

Precision / Recall
    0.8824    0.2727

Number of bins: 20
Average bin size: 1.695000e+01
Eliminated 94 points
Completed iteration:17
Prediction points:150
  TP     FP     TN     FN
    37     8    38    67

Precision / Recall
    0.8222    0.3558

Number of bins: 15
Average bin size: 2.273333e+01
Eliminated 164 points
Completed iteration:18
Prediction points:80
  TP     FP     TN     FN
    19     3    25    33

Precision / Recall
    0.8636    0.3654

Number of bins: 16
Average bin size: 2.106250e+01
Eliminated 185 points
Completed iteration:19
Prediction points:59
  TP     FP     TN     FN
    35     6    10     8

Precision / Recall
    0.8537    0.8140

Number of bins: 20
Average bin size: 1.680000e+01
Eliminated 146 points
Completed iteration:20
Prediction points:98
  TP     FP     TN     FN
    24     8    29    37

Precision / Recall
    0.7500    0.3934

Number of bins: 16
Average bin size: 2.106250e+01
Eliminated 172 points
Completed iteration:21
Prediction points:72
  TP     FP     TN     FN
    28     5    20    19

Precision / Recall
    0.8485    0.5957

Number of bins: 18
Average bin size: 1.883333e+01
Eliminated 201 points
Completed iteration:22
Prediction points:43
  TP     FP     TN     FN
    30     4     4     5

Precision / Recall
    0.8824    0.8571

Number of bins: 18
Average bin size: 1.872222e+01
Eliminated 219 points
Completed iteration:23
Prediction points:25
  TP     FP     TN     FN
    13     5     3     4

Precision / Recall
    0.7222    0.7647

Number of bins: 23
Average bin size: 1.473913e+01
Eliminated 183 points
Completed iteration:24
Prediction points:61
  TP     FP     TN     FN
    21     3     6    31

Precision / Recall
    0.8750    0.4038

Number of bins: 17
Average bin size: 1.964706e+01
Eliminated 178 points
Completed iteration:25
Prediction points:66
  TP     FP     TN     FN
    29     8     9    20

Precision / Recall
    0.7838    0.5918

Number of bins: 19
Average bin size: 1.747368e+01
Eliminated 191 points
Completed iteration:26
Prediction points:53
  TP     FP     TN     FN
    23     5     7    18

Precision / Recall
    0.8214    0.5610

Number of bins: 18
Average bin size: 1.844444e+01
Eliminated 190 points
Completed iteration:27
Prediction points:54
  TP     FP     TN     FN
    31     7     7     9

Precision / Recall
    0.8158    0.7750

Number of bins: 17
Average bin size: 1.941176e+01
Eliminated 178 points
Completed iteration:28
Prediction points:66
  TP     FP     TN     FN
    36     4     6    20

Precision / Recall
    0.9000    0.6429

Number of bins: 21
Average bin size: 1.657143e+01
Eliminated 165 points
Completed iteration:29
Prediction points:79
  TP     FP     TN     FN
    29     6    13    31

Precision / Recall
    0.8286    0.4833

Number of bins: 17
Average bin size: 1.947059e+01
Eliminated 223 points
Completed iteration:30
Prediction points:21
  TP     FP     TN     FN
    15     6     0     0

Precision / Recall
    0.7143    1.0000

Overall results (hybrid)
Confidence threshold=0.8
Filtered datapoints
AUC ave err std
    0.6181

    0.0940

    0.0940

Precision / Recall macro
    0.8389    0.6078

Precision / Recall micro
    0.8362    0.5819

Number of bins: 17
Average bin size: 19
Eliminated 224 points
Completed iteration:1
Prediction points:20
  TP     FP     TN     FN
    15     5     0     0

Precision / Recall
    0.7500    1.0000

Number of bins: 19
Average bin size: 1.747368e+01
Eliminated 206 points
Completed iteration:2
Prediction points:38
  TP     FP     TN     FN
    25     1     2    10

Precision / Recall
    0.9615    0.7143

Number of bins: 20
Average bin size: 1.695000e+01
Eliminated 180 points
Completed iteration:3
Prediction points:64
  TP     FP     TN     FN
    54    10     0     0

Precision / Recall
    0.8438    1.0000

Number of bins: 17
Average bin size: 1.958824e+01
Eliminated 240 points
Not enough valid test points; skipping iteration.
Number of bins: 19
Average bin size: 1.726316e+01
Eliminated 235 points
Not enough valid test points; skipping iteration.
Number of bins: 23
Average bin size: 1.513043e+01
Eliminated 161 points
Completed iteration:6
Prediction points:83
  TP     FP     TN     FN
    44     6    10    23

Precision / Recall
    0.8800    0.6567

Number of bins: 17
Average bin size: 1.970588e+01
Eliminated 210 points
Completed iteration:7
Prediction points:34
  TP     FP     TN     FN
    13     1     3    17

Precision / Recall
    0.9286    0.4333

Number of bins: 22
Average bin size: 1.572727e+01
Eliminated 212 points
Completed iteration:8
Prediction points:32
  TP     FP     TN     FN
     1     0     8    23

Precision / Recall
    1.0000    0.0417

Number of bins: 17
Average bin size: 1.947059e+01
Eliminated 218 points
Completed iteration:9
Prediction points:26
  TP     FP     TN     FN
    11     2     9     4

Precision / Recall
    0.8462    0.7333

Number of bins: 21
Average bin size: 1.571429e+01
Eliminated 206 points
Completed iteration:10
Prediction points:38
  TP     FP     TN     FN
    18     2     7    11

Precision / Recall
    0.9000    0.6207

Number of bins: 18
Average bin size: 1.872222e+01
Eliminated 176 points
Completed iteration:11
Prediction points:68
  TP     FP     TN     FN
    59     7     0     2

Precision / Recall
    0.8939    0.9672

Number of bins: 20
Average bin size: 1.645000e+01
Eliminated 192 points
Completed iteration:12
Prediction points:52
  TP     FP     TN     FN
    12     1    17    22

Precision / Recall
    0.9231    0.3529

Number of bins: 15
Average bin size: 2.146667e+01
Eliminated 244 points
Not enough valid test points; skipping iteration.
Number of bins: 21
Average bin size: 1.580952e+01
Eliminated 190 points
Completed iteration:14
Prediction points:54
  TP     FP     TN     FN
     4     0    28    22

Precision / Recall
    1.0000    0.1538

Number of bins: 17
Average bin size: 1.964706e+01
Eliminated 209 points
Completed iteration:15
Prediction points:35
  TP     FP     TN     FN
    10     1     7    17

Precision / Recall
    0.9091    0.3704

Number of bins: 20
Average bin size: 1.690000e+01
Eliminated 236 points
Not enough valid test points; skipping iteration.
Number of bins: 22
Average bin size: 1.509091e+01
Eliminated 169 points
Completed iteration:17
Prediction points:75
  TP     FP     TN     FN
    14     0    22    39

Precision / Recall
    1.0000    0.2642

Number of bins: 17
Average bin size: 1.958824e+01
Eliminated 183 points
Completed iteration:18
Prediction points:61
  TP     FP     TN     FN
    31     5    12    13

Precision / Recall
    0.8611    0.7045

Number of bins: 19
Average bin size: 1.757895e+01
Eliminated 221 points
Completed iteration:19
Prediction points:23
  TP     FP     TN     FN
     5     0     9     9

Precision / Recall
    1.0000    0.3571

Number of bins: 20
Average bin size: 1.645000e+01
Eliminated 169 points
Completed iteration:20
Prediction points:75
  TP     FP     TN     FN
    39     2    14    20

Precision / Recall
    0.9512    0.6610

Number of bins: 19
Average bin size: 1.768421e+01
Eliminated 199 points
Completed iteration:21
Prediction points:45
  TP     FP     TN     FN
    20     2     6    17

Precision / Recall
    0.9091    0.5405

Number of bins: 21
Average bin size: 1.571429e+01
Eliminated 190 points
Completed iteration:22
Prediction points:54
  TP     FP     TN     FN
    10     0    13    31

Precision / Recall
    1.0000    0.2439

Number of bins: 19
Average bin size: 1.747368e+01
Eliminated 168 points
Completed iteration:23
Prediction points:76
  TP     FP     TN     FN
    17     5    17    37

Precision / Recall
    0.7727    0.3148

Number of bins: 23
Average bin size: 1.469565e+01
Eliminated 202 points
Completed iteration:24
Prediction points:42
  TP     FP     TN     FN
    20     0     5    17

Precision / Recall
    1.0000    0.5405

Number of bins: 16
Average bin size: 2.068750e+01
Eliminated 199 points
Completed iteration:25
Prediction points:45
  TP     FP     TN     FN
    18     0     6    21

Precision / Recall
    1.0000    0.4615

Number of bins: 19
Average bin size: 1.747368e+01
Eliminated 207 points
Completed iteration:26
Prediction points:37
  TP     FP     TN     FN
    13     2     7    15

Precision / Recall
    0.8667    0.4643

Number of bins: 20
Average bin size: 1.685000e+01
Eliminated 192 points
Completed iteration:27
Prediction points:52
  TP     FP     TN     FN
    17     0     9    26

Precision / Recall
    1.0000    0.3953

Number of bins: 18
Average bin size: 1.861111e+01
Eliminated 202 points
Completed iteration:28
Prediction points:42
  TP     FP     TN     FN
    27     1     5     9

Precision / Recall
    0.9643    0.7500

Number of bins: 17
Average bin size: 1.911765e+01
Eliminated 182 points
Completed iteration:29
Prediction points:62
  TP     FP     TN     FN
    23     6     3    30

Precision / Recall
    0.7931    0.4340

Number of bins: 16
Average bin size: 2.125000e+01
Eliminated 237 points
Not enough valid test points; skipping iteration.
Overall results (hybrid)
Confidence threshold=0.9
Filtered datapoints
AUC ave err std
    0.6595

    0.1424

    0.1424

Precision / Recall macro
   NaN   NaN

Precision / Recall micro
    0.8981    0.5445

computation time (s)
   NaN

