!!!!below quality measures have been removed due to insufficient data!!!!!!!!!!!!
    ' TriangleSize'

binThreshold:30
energy base:30
using confidence:1
Number of bins: 20
Average bin size: 1.660000e+01
Eliminated 86 points
Completed iteration:1
Prediction points:158
  TP     FP     TN     FN
    83    19    14    42

Precision / Recall
    0.8137    0.6640

Number of bins: 22
Average bin size: 1.563636e+01
Eliminated 95 points
Completed iteration:2
Prediction points:149
  TP     FP     TN     FN
    87    29     8    25

Precision / Recall
    0.7500    0.7768

Number of bins: 28
Average bin size: 1.160714e+01
Eliminated 89 points
Completed iteration:3
Prediction points:155
  TP     FP     TN     FN
    80    25    15    35

Precision / Recall
    0.7619    0.6957

Number of bins: 27
Average bin size: 1.248148e+01
Eliminated 117 points
Completed iteration:4
Prediction points:127
  TP     FP     TN     FN
    73    26     8    20

Precision / Recall
    0.7374    0.7849

Number of bins: 29
Average bin size: 1.134483e+01
Eliminated 85 points
Completed iteration:5
Prediction points:159
  TP     FP     TN     FN
    71    39    14    35

Precision / Recall
    0.6455    0.6698

Number of bins: 22
Average bin size: 1.563636e+01
Eliminated 98 points
Completed iteration:6
Prediction points:146
  TP     FP     TN     FN
    85    37     5    19

Precision / Recall
    0.6967    0.8173

Number of bins: 26
Average bin size: 1.311538e+01
Eliminated 100 points
Completed iteration:7
Prediction points:144
  TP     FP     TN     FN
    71    16    20    37

Precision / Recall
    0.8161    0.6574

Number of bins: 31
Average bin size: 1.080645e+01
Eliminated 93 points
Completed iteration:8
Prediction points:151
  TP     FP     TN     FN
    77    24    13    37

Precision / Recall
    0.7624    0.6754

Number of bins: 29
Average bin size: 1.141379e+01
Eliminated 70 points
Completed iteration:9
Prediction points:174
  TP     FP     TN     FN
    75    37    18    44

Precision / Recall
    0.6696    0.6303

Number of bins: 30
Average bin size: 1.133333e+01
Eliminated 102 points
Completed iteration:10
Prediction points:142
  TP     FP     TN     FN
    77    30     8    27

Precision / Recall
    0.7196    0.7404

Number of bins: 23
Average bin size: 1.469565e+01
Eliminated 116 points
Completed iteration:11
Prediction points:128
  TP     FP     TN     FN
    74    40     5     9

Precision / Recall
    0.6491    0.8916

Number of bins: 28
Average bin size: 1.185714e+01
Eliminated 117 points
Completed iteration:12
Prediction points:127
  TP     FP     TN     FN
    89    26     3     9

Precision / Recall
    0.7739    0.9082

Number of bins: 29
Average bin size: 1.141379e+01
Eliminated 86 points
Completed iteration:13
Prediction points:158
  TP     FP     TN     FN
    52    22    25    59

Precision / Recall
    0.7027    0.4685

Number of bins: 27
Average bin size: 1.274074e+01
Eliminated 87 points
Completed iteration:14
Prediction points:157
  TP     FP     TN     FN
    71    20    19    47

Precision / Recall
    0.7802    0.6017

Number of bins: 23
Average bin size: 1.439130e+01
Eliminated 90 points
Completed iteration:15
Prediction points:154
  TP     FP     TN     FN
    92    40    10    12

Precision / Recall
    0.6970    0.8846

Number of bins: 28
Average bin size: 1.210714e+01
Eliminated 88 points
Completed iteration:16
Prediction points:156
  TP     FP     TN     FN
    71    35    19    31

Precision / Recall
    0.6698    0.6961

Number of bins: 28
Average bin size: 1.207143e+01
Eliminated 83 points
Completed iteration:17
Prediction points:161
  TP     FP     TN     FN
    84    23    24    30

Precision / Recall
    0.7850    0.7368

Number of bins: 26
Average bin size: 1.257692e+01
Eliminated 58 points
Completed iteration:18
Prediction points:186
  TP     FP     TN     FN
    64    27    27    68

Precision / Recall
    0.7033    0.4848

Number of bins: 28
Average bin size: 1.214286e+01
Eliminated 93 points
Completed iteration:19
Prediction points:151
  TP     FP     TN     FN
    83    21    20    27

Precision / Recall
    0.7981    0.7545

Number of bins: 32
Average bin size: 1.028125e+01
Eliminated 82 points
Completed iteration:20
Prediction points:162
  TP     FP     TN     FN
    83    21    16    42

Precision / Recall
    0.7981    0.6640

Number of bins: 28
Average bin size: 1.146429e+01
Eliminated 107 points
Completed iteration:21
Prediction points:137
  TP     FP     TN     FN
    58    25    20    34

Precision / Recall
    0.6988    0.6304

Number of bins: 31
Average bin size: 1.103226e+01
Eliminated 117 points
Completed iteration:22
Prediction points:127
  TP     FP     TN     FN
    76    24    12    15

Precision / Recall
    0.7600    0.8352

Number of bins: 23
Average bin size: 1.434783e+01
Eliminated 63 points
Completed iteration:23
Prediction points:181
  TP     FP     TN     FN
    82    33    18    48

Precision / Recall
    0.7130    0.6308

Number of bins: 32
Average bin size: 1.068750e+01
Eliminated 75 points
Completed iteration:24
Prediction points:169
  TP     FP     TN     FN
   101    25    14    29

Precision / Recall
    0.8016    0.7769

Number of bins: 21
Average bin size: 1.566667e+01
Eliminated 113 points
Completed iteration:25
Prediction points:131
  TP     FP     TN     FN
    79    22    10    20

Precision / Recall
    0.7822    0.7980

Number of bins: 29
Average bin size: 1.158621e+01
Eliminated 70 points
Completed iteration:26
Prediction points:174
  TP     FP     TN     FN
    90    43    17    24

Precision / Recall
    0.6767    0.7895

Number of bins: 25
Average bin size: 1.320000e+01
Eliminated 103 points
Completed iteration:27
Prediction points:141
  TP     FP     TN     FN
    74    28     8    31

Precision / Recall
    0.7255    0.7048

Number of bins: 28
Average bin size: 1.171429e+01
Eliminated 121 points
Completed iteration:28
Prediction points:123
  TP     FP     TN     FN
    72    21    11    19

Precision / Recall
    0.7742    0.7912

Number of bins: 29
Average bin size: 1.158621e+01
Eliminated 89 points
Completed iteration:29
Prediction points:155
  TP     FP     TN     FN
    68    21    23    43

Precision / Recall
    0.7640    0.6126

Number of bins: 26
Average bin size: 1.288462e+01
Eliminated 66 points
Completed iteration:30
Prediction points:178
  TP     FP     TN     FN
   102    31    10    35

Precision / Recall
    0.7669    0.7445

Overall results (hybrid)
Confidence threshold=0.5
Filtered datapoints
AUC ave err std
    0.5425

    0.0596

    0.0596

Precision / Recall macro
    0.7398    0.7172

Precision / Recall micro
    0.7385    0.7109

Number of bins: 31
Average bin size: 1.070968e+01
Eliminated 139 points
Completed iteration:1
Prediction points:105
  TP     FP     TN     FN
    83    14     1     7

Precision / Recall
    0.8557    0.9222

Number of bins: 30
Average bin size: 1.143333e+01
Eliminated 157 points
Completed iteration:2
Prediction points:87
  TP     FP     TN     FN
    61    20     4     2

Precision / Recall
    0.7531    0.9683

Number of bins: 31
Average bin size: 1.061290e+01
Eliminated 98 points
Completed iteration:3
Prediction points:146
  TP     FP     TN     FN
    80    22    15    29

Precision / Recall
    0.7843    0.7339

Number of bins: 24
Average bin size: 1.383333e+01
Eliminated 120 points
Completed iteration:4
Prediction points:124
  TP     FP     TN     FN
    85    30     3     6

Precision / Recall
    0.7391    0.9341

Number of bins: 27
Average bin size: 1.240741e+01
Eliminated 108 points
Completed iteration:5
Prediction points:136
  TP     FP     TN     FN
    72    19    15    30

Precision / Recall
    0.7912    0.7059

Number of bins: 28
Average bin size: 1.171429e+01
Eliminated 137 points
Completed iteration:6
Prediction points:107
  TP     FP     TN     FN
    62    14    10    21

Precision / Recall
    0.8158    0.7470

Number of bins: 27
Average bin size: 1.251852e+01
Eliminated 127 points
Completed iteration:7
Prediction points:117
  TP     FP     TN     FN
    67    19    12    19

Precision / Recall
    0.7791    0.7791

Number of bins: 29
Average bin size: 1.144828e+01
Eliminated 104 points
Completed iteration:8
Prediction points:140
  TP     FP     TN     FN
    92    19     9    20

Precision / Recall
    0.8288    0.8214

Number of bins: 27
Average bin size: 1.233333e+01
Eliminated 112 points
Completed iteration:9
Prediction points:132
  TP     FP     TN     FN
    62    18    20    32

Precision / Recall
    0.7750    0.6596

Number of bins: 26
Average bin size: 1.238462e+01
Eliminated 145 points
Completed iteration:10
Prediction points:99
  TP     FP     TN     FN
    53    18     6    22

Precision / Recall
    0.7465    0.7067

Number of bins: 22
Average bin size: 1.481818e+01
Eliminated 84 points
Completed iteration:11
Prediction points:160
  TP     FP     TN     FN
    65    25    30    40

Precision / Recall
    0.7222    0.6190

Number of bins: 25
Average bin size: 1.324000e+01
Eliminated 106 points
Completed iteration:12
Prediction points:138
  TP     FP     TN     FN
    64    28    15    31

Precision / Recall
    0.6957    0.6737

Number of bins: 29
Average bin size: 1.155172e+01
Eliminated 178 points
Completed iteration:13
Prediction points:66
  TP     FP     TN     FN
    35     7     7    17

Precision / Recall
    0.8333    0.6731

Number of bins: 30
Average bin size: 1.103333e+01
Eliminated 122 points
Completed iteration:14
Prediction points:122
  TP     FP     TN     FN
    66    19    12    25

Precision / Recall
    0.7765    0.7253

Number of bins: 30
Average bin size: 1.140000e+01
Eliminated 143 points
Completed iteration:15
Prediction points:101
  TP     FP     TN     FN
    55    30     7     9

Precision / Recall
    0.6471    0.8594

Number of bins: 29
Average bin size: 1.206897e+01
Eliminated 128 points
Completed iteration:16
Prediction points:116
  TP     FP     TN     FN
    71    21     5    19

Precision / Recall
    0.7717    0.7889

Number of bins: 21
Average bin size: 1.595238e+01
Eliminated 70 points
Completed iteration:17
Prediction points:174
  TP     FP     TN     FN
    84    23    24    43

Precision / Recall
    0.7850    0.6614

Number of bins: 29
Average bin size: 1.210345e+01
Eliminated 143 points
Completed iteration:18
Prediction points:101
  TP     FP     TN     FN
    51     7    20    23

Precision / Recall
    0.8793    0.6892

Number of bins: 31
Average bin size: 1.067742e+01
Eliminated 118 points
Completed iteration:19
Prediction points:126
  TP     FP     TN     FN
    76    21     9    20

Precision / Recall
    0.7835    0.7917

Number of bins: 29
Average bin size: 1.151724e+01
Eliminated 115 points
Completed iteration:20
Prediction points:129
  TP     FP     TN     FN
    73    11    16    29

Precision / Recall
    0.8690    0.7157

Number of bins: 25
Average bin size: 1.316000e+01
Eliminated 92 points
Completed iteration:21
Prediction points:152
  TP     FP     TN     FN
    91    34     6    21

Precision / Recall
    0.7280    0.8125

Number of bins: 26
Average bin size: 1.292308e+01
Eliminated 152 points
Completed iteration:22
Prediction points:92
  TP     FP     TN     FN
    33    18     4    37

Precision / Recall
    0.6471    0.4714

Number of bins: 21
Average bin size: 1.595238e+01
Eliminated 152 points
Completed iteration:23
Prediction points:92
  TP     FP     TN     FN
    47    17    11    17

Precision / Recall
    0.7344    0.7344

Number of bins: 27
Average bin size: 1.285185e+01
Eliminated 63 points
Completed iteration:24
Prediction points:181
  TP     FP     TN     FN
    95    33    15    38

Precision / Recall
    0.7422    0.7143

Number of bins: 27
Average bin size: 1.240741e+01
Eliminated 122 points
Completed iteration:25
Prediction points:122
  TP     FP     TN     FN
    59    17    17    29

Precision / Recall
    0.7763    0.6705

Number of bins: 30
Average bin size: 1.136667e+01
Eliminated 121 points
Completed iteration:26
Prediction points:123
  TP     FP     TN     FN
    59    23     8    33

Precision / Recall
    0.7195    0.6413

Number of bins: 21
Average bin size: 1.576190e+01
Eliminated 122 points
Completed iteration:27
Prediction points:122
  TP     FP     TN     FN
    58    18    10    36

Precision / Recall
    0.7632    0.6170

Number of bins: 27
Average bin size: 1.262963e+01
Eliminated 79 points
Completed iteration:28
Prediction points:165
  TP     FP     TN     FN
    74    21    27    43

Precision / Recall
    0.7789    0.6325

Number of bins: 30
Average bin size: 1.113333e+01
Eliminated 94 points
Completed iteration:29
Prediction points:150
  TP     FP     TN     FN
    73    32    19    26

Precision / Recall
    0.6952    0.7374

Number of bins: 28
Average bin size: 12
Eliminated 116 points
Completed iteration:30
Prediction points:128
  TP     FP     TN     FN
    73    26     9    20

Precision / Recall
    0.7374    0.7849

Overall results (hybrid)
Confidence threshold=0.6
Filtered datapoints
AUC ave err std
    0.5609

    0.0908

    0.0908

Precision / Recall macro
    0.7651    0.7331

Precision / Recall micro
    0.7639    0.7307

Number of bins: 28
Average bin size: 1.196429e+01
Eliminated 158 points
Completed iteration:1
Prediction points:86
  TP     FP     TN     FN
    46    10     8    22

Precision / Recall
    0.8214    0.6765

Number of bins: 22
Average bin size: 1.536364e+01
Eliminated 140 points
Completed iteration:2
Prediction points:104
  TP     FP     TN     FN
    46     7    13    38

Precision / Recall
    0.8679    0.5476

Number of bins: 26
Average bin size: 1.269231e+01
Eliminated 129 points
Completed iteration:3
Prediction points:115
  TP     FP     TN     FN
    65    14    11    25

Precision / Recall
    0.8228    0.7222

Number of bins: 29
Average bin size: 1.148276e+01
Eliminated 140 points
Completed iteration:4
Prediction points:104
  TP     FP     TN     FN
    60    12    12    20

Precision / Recall
    0.8333    0.7500

Number of bins: 22
Average bin size: 1.490909e+01
Eliminated 148 points
Completed iteration:5
Prediction points:96
  TP     FP     TN     FN
    47    11    17    21

Precision / Recall
    0.8103    0.6912

Number of bins: 31
Average bin size: 1.064516e+01
Eliminated 147 points
Completed iteration:6
Prediction points:97
  TP     FP     TN     FN
    42    11     3    41

Precision / Recall
    0.7925    0.5060

Number of bins: 30
Average bin size: 1.130000e+01
Eliminated 118 points
Completed iteration:7
Prediction points:126
  TP     FP     TN     FN
    82    23     5    16

Precision / Recall
    0.7810    0.8367

Number of bins: 28
Average bin size: 1.175000e+01
Eliminated 104 points
Completed iteration:8
Prediction points:140
  TP     FP     TN     FN
    66    21    19    34

Precision / Recall
    0.7586    0.6600

Number of bins: 29
Average bin size: 1.165517e+01
Eliminated 176 points
Completed iteration:9
Prediction points:68
  TP     FP     TN     FN
    35     5     6    22

Precision / Recall
    0.8750    0.6140

Number of bins: 24
Average bin size: 1.375000e+01
Eliminated 132 points
Completed iteration:10
Prediction points:112
  TP     FP     TN     FN
    50    19    14    29

Precision / Recall
    0.7246    0.6329

Number of bins: 23
Average bin size: 1.456522e+01
Eliminated 129 points
Completed iteration:11
Prediction points:115
  TP     FP     TN     FN
    54    19    17    25

Precision / Recall
    0.7397    0.6835

Number of bins: 27
Average bin size: 1.240741e+01
Eliminated 146 points
Completed iteration:12
Prediction points:98
  TP     FP     TN     FN
    29     3    25    41

Precision / Recall
    0.9063    0.4143

Number of bins: 29
Average bin size: 1.148276e+01
Eliminated 137 points
Completed iteration:13
Prediction points:107
  TP     FP     TN     FN
    61    12    13    21

Precision / Recall
    0.8356    0.7439

Number of bins: 28
Average bin size: 12
Eliminated 104 points
Completed iteration:14
Prediction points:140
  TP     FP     TN     FN
    60    15    20    45

Precision / Recall
    0.8000    0.5714

Number of bins: 28
Average bin size: 1.210714e+01
Eliminated 109 points
Completed iteration:15
Prediction points:135
  TP     FP     TN     FN
    79    24    12    20

Precision / Recall
    0.7670    0.7980

Number of bins: 25
Average bin size: 1.360000e+01
Eliminated 147 points
Completed iteration:16
Prediction points:97
  TP     FP     TN     FN
    45    14    15    23

Precision / Recall
    0.7627    0.6618

Number of bins: 23
Average bin size: 1.404348e+01
Eliminated 98 points
Completed iteration:17
Prediction points:146
  TP     FP     TN     FN
    68    28    15    35

Precision / Recall
    0.7083    0.6602

Number of bins: 29
Average bin size: 1.158621e+01
Eliminated 160 points
Completed iteration:18
Prediction points:84
  TP     FP     TN     FN
    33    15    12    24

Precision / Recall
    0.6875    0.5789

Number of bins: 26
Average bin size: 1.265385e+01
Eliminated 121 points
Completed iteration:19
Prediction points:123
  TP     FP     TN     FN
    65     6    22    30

Precision / Recall
    0.9155    0.6842

Number of bins: 27
Average bin size: 1.255556e+01
Eliminated 148 points
Completed iteration:20
Prediction points:96
  TP     FP     TN     FN
    52    13     9    22

Precision / Recall
    0.8000    0.7027

Number of bins: 23
Average bin size: 1.447826e+01
Eliminated 102 points
Completed iteration:21
Prediction points:142
  TP     FP     TN     FN
    70    23    17    32

Precision / Recall
    0.7527    0.6863

Number of bins: 20
Average bin size: 1.645000e+01
Eliminated 141 points
Completed iteration:22
Prediction points:103
  TP     FP     TN     FN
    55    16    10    22

Precision / Recall
    0.7746    0.7143

Number of bins: 31
Average bin size: 11
Eliminated 123 points
Completed iteration:23
Prediction points:121
  TP     FP     TN     FN
    52    19    18    32

Precision / Recall
    0.7324    0.6190

Number of bins: 30
Average bin size: 1.130000e+01
Eliminated 121 points
Completed iteration:24
Prediction points:123
  TP     FP     TN     FN
    74    26     6    17

Precision / Recall
    0.7400    0.8132

Number of bins: 30
Average bin size: 1.093333e+01
Eliminated 189 points
Completed iteration:25
Prediction points:55
  TP     FP     TN     FN
    39     7     2     7

Precision / Recall
    0.8478    0.8478

Number of bins: 22
Average bin size: 1.527273e+01
Eliminated 120 points
Completed iteration:26
Prediction points:124
  TP     FP     TN     FN
    71    15    10    28

Precision / Recall
    0.8256    0.7172

Number of bins: 29
Average bin size: 1.141379e+01
Eliminated 120 points
Completed iteration:27
Prediction points:124
  TP     FP     TN     FN
    55    14    16    39

Precision / Recall
    0.7971    0.5851

Number of bins: 28
Average bin size: 1.185714e+01
Eliminated 215 points
Completed iteration:28
Prediction points:29
  TP     FP     TN     FN
    15     5     4     5

Precision / Recall
    0.7500    0.7500

Number of bins: 29
Average bin size: 1.144828e+01
Eliminated 104 points
Completed iteration:29
Prediction points:140
  TP     FP     TN     FN
    71    23    13    33

Precision / Recall
    0.7553    0.6827

Number of bins: 32
Average bin size: 1.053125e+01
Eliminated 167 points
Completed iteration:30
Prediction points:77
  TP     FP     TN     FN
    42     9     4    22

Precision / Recall
    0.8235    0.6563

Overall results (hybrid)
Confidence threshold=0.7
Filtered datapoints
AUC ave err std
    0.5734

    0.0866

    0.0866

Precision / Recall macro
    0.7936    0.6736

Precision / Recall micro
    0.7877    0.6731

Number of bins: 29
Average bin size: 1.168966e+01
Eliminated 149 points
Completed iteration:1
Prediction points:95
  TP     FP     TN     FN
    52     7    18    18

Precision / Recall
    0.8814    0.7429

Number of bins: 33
Average bin size: 1.039394e+01
Eliminated 178 points
Completed iteration:2
Prediction points:66
  TP     FP     TN     FN
    21     2     8    35

Precision / Recall
    0.9130    0.3750

Number of bins: 27
Average bin size: 1.240741e+01
Eliminated 195 points
Completed iteration:3
Prediction points:49
  TP     FP     TN     FN
    27     5     7    10

Precision / Recall
    0.8438    0.7297

Number of bins: 22
Average bin size: 1.513636e+01
Eliminated 192 points
Completed iteration:4
Prediction points:52
  TP     FP     TN     FN
    34     6     3     9

Precision / Recall
    0.8500    0.7907

Number of bins: 24
Average bin size: 1.391667e+01
Eliminated 178 points
Completed iteration:5
Prediction points:66
  TP     FP     TN     FN
    30     4    11    21

Precision / Recall
    0.8824    0.5882

Number of bins: 27
Average bin size: 1.248148e+01
Eliminated 185 points
Completed iteration:6
Prediction points:59
  TP     FP     TN     FN
    22     7     5    25

Precision / Recall
    0.7586    0.4681

Number of bins: 30
Average bin size: 1.116667e+01
Eliminated 202 points
Completed iteration:7
Prediction points:42
  TP     FP     TN     FN
    34     5     0     3

Precision / Recall
    0.8718    0.9189

Number of bins: 30
Average bin size: 11
Eliminated 188 points
Completed iteration:8
Prediction points:56
  TP     FP     TN     FN
    39     4     4     9

Precision / Recall
    0.9070    0.8125

Number of bins: 31
Average bin size: 1.074194e+01
Eliminated 125 points
Completed iteration:9
Prediction points:119
  TP     FP     TN     FN
    66    13    16    24

Precision / Recall
    0.8354    0.7333

Number of bins: 30
Average bin size: 1.113333e+01
Eliminated 177 points
Completed iteration:10
Prediction points:67
  TP     FP     TN     FN
    32     6     4    25

Precision / Recall
    0.8421    0.5614

Number of bins: 26
Average bin size: 1.319231e+01
Eliminated 221 points
Completed iteration:11
Prediction points:23
  TP     FP     TN     FN
    12     2     4     5

Precision / Recall
    0.8571    0.7059

Number of bins: 26
Average bin size: 1.303846e+01
Eliminated 162 points
Completed iteration:12
Prediction points:82
  TP     FP     TN     FN
    49     6    11    16

Precision / Recall
    0.8909    0.7538

Number of bins: 30
Average bin size: 1.110000e+01
Eliminated 159 points
Completed iteration:13
Prediction points:85
  TP     FP     TN     FN
    50    11     9    15

Precision / Recall
    0.8197    0.7692

Number of bins: 28
Average bin size: 12
Eliminated 136 points
Completed iteration:14
Prediction points:108
  TP     FP     TN     FN
    60    10    12    26

Precision / Recall
    0.8571    0.6977

Number of bins: 25
Average bin size: 1.352000e+01
Eliminated 130 points
Completed iteration:15
Prediction points:114
  TP     FP     TN     FN
    53     5    18    38

Precision / Recall
    0.9138    0.5824

Number of bins: 27
Average bin size: 1.237037e+01
Eliminated 171 points
Completed iteration:16
Prediction points:73
  TP     FP     TN     FN
    23     3    13    34

Precision / Recall
    0.8846    0.4035

Number of bins: 28
Average bin size: 1.210714e+01
Eliminated 193 points
Completed iteration:17
Prediction points:51
  TP     FP     TN     FN
    24     5     7    15

Precision / Recall
    0.8276    0.6154

Number of bins: 24
Average bin size: 1.420833e+01
Eliminated 213 points
Completed iteration:18
Prediction points:31
  TP     FP     TN     FN
    11     3     4    13

Precision / Recall
    0.7857    0.4583

Number of bins: 22
Average bin size: 1.531818e+01
Eliminated 205 points
Completed iteration:19
Prediction points:39
  TP     FP     TN     FN
    30     5     2     2

Precision / Recall
    0.8571    0.9375

Number of bins: 31
Average bin size: 1.083871e+01
Eliminated 165 points
Completed iteration:20
Prediction points:79
  TP     FP     TN     FN
    57    16     2     4

Precision / Recall
    0.7808    0.9344

Number of bins: 27
Average bin size: 1.248148e+01
Eliminated 170 points
Completed iteration:21
Prediction points:74
  TP     FP     TN     FN
    32     6    14    22

Precision / Recall
    0.8421    0.5926

Number of bins: 20
Average bin size: 1.695000e+01
Eliminated 169 points
Completed iteration:22
Prediction points:75
  TP     FP     TN     FN
    41     9    12    13

Precision / Recall
    0.8200    0.7593

Number of bins: 26
Average bin size: 1.296154e+01
Eliminated 176 points
Completed iteration:23
Prediction points:68
  TP     FP     TN     FN
    20     5    10    33

Precision / Recall
    0.8000    0.3774

Number of bins: 27
Average bin size: 1.255556e+01
Eliminated 184 points
Completed iteration:24
Prediction points:60
  TP     FP     TN     FN
    40     6     4    10

Precision / Recall
    0.8696    0.8000

Number of bins: 22
Average bin size: 1.518182e+01
Eliminated 215 points
Completed iteration:25
Prediction points:29
  TP     FP     TN     FN
     2     1     6    20

Precision / Recall
    0.6667    0.0909

Number of bins: 24
Average bin size: 1.383333e+01
Eliminated 157 points
Completed iteration:26
Prediction points:87
  TP     FP     TN     FN
    40    15    19    13

Precision / Recall
    0.7273    0.7547

Number of bins: 20
Average bin size: 1.660000e+01
Eliminated 196 points
Completed iteration:27
Prediction points:48
  TP     FP     TN     FN
    26    11     5     6

Precision / Recall
    0.7027    0.8125

Number of bins: 20
Average bin size: 1.650000e+01
Eliminated 188 points
Completed iteration:28
Prediction points:56
  TP     FP     TN     FN
    28     6     5    17

Precision / Recall
    0.8235    0.6222

Number of bins: 30
Average bin size: 1.160000e+01
Eliminated 136 points
Completed iteration:29
Prediction points:108
  TP     FP     TN     FN
    43     9    16    40

Precision / Recall
    0.8269    0.5181

Number of bins: 21
Average bin size: 1.576190e+01
Eliminated 170 points
Completed iteration:30
Prediction points:74
  TP     FP     TN     FN
    19     7    19    29

Precision / Recall
    0.7308    0.3958

Overall results (hybrid)
Confidence threshold=0.8
Filtered datapoints
AUC ave err std
    0.6233

    0.0700

    0.0700

Precision / Recall macro
    0.8290    0.6434

Precision / Recall micro
    0.8357    0.6490

Number of bins: 25
Average bin size: 1.292000e+01
Eliminated 198 points
Completed iteration:1
Prediction points:46
  TP     FP     TN     FN
    39     5     0     2

Precision / Recall
    0.8864    0.9512

Number of bins: 25
Average bin size: 1.328000e+01
Eliminated 212 points
Completed iteration:2
Prediction points:32
  TP     FP     TN     FN
    12     2     5    13

Precision / Recall
    0.8571    0.4800

Number of bins: 30
Average bin size: 1.130000e+01
Eliminated 155 points
Completed iteration:3
Prediction points:89
  TP     FP     TN     FN
    22     5    13    49

Precision / Recall
    0.8148    0.3099

Number of bins: 20
Average bin size: 1.665000e+01
Eliminated 210 points
Completed iteration:4
Prediction points:34
  TP     FP     TN     FN
    24     5     2     3

Precision / Recall
    0.8276    0.8889

Number of bins: 26
Average bin size: 1.261538e+01
Eliminated 180 points
Completed iteration:5
Prediction points:64
  TP     FP     TN     FN
    16     4    15    29

Precision / Recall
    0.8000    0.3556

Number of bins: 27
Average bin size: 1.288889e+01
Eliminated 178 points
Completed iteration:6
Prediction points:66
  TP     FP     TN     FN
    38     9     7    12

Precision / Recall
    0.8085    0.7600

Number of bins: 25
Average bin size: 1.340000e+01
Eliminated 205 points
Completed iteration:7
Prediction points:39
  TP     FP     TN     FN
    27     3     2     7

Precision / Recall
    0.9000    0.7941

Number of bins: 32
Average bin size: 1.081250e+01
Eliminated 217 points
Completed iteration:8
Prediction points:27
  TP     FP     TN     FN
    18     0     3     6

Precision / Recall
    1.0000    0.7500

Number of bins: 29
Average bin size: 1.141379e+01
Eliminated 192 points
Completed iteration:9
Prediction points:52
  TP     FP     TN     FN
    17     1    16    18

Precision / Recall
    0.9444    0.4857

Number of bins: 25
Average bin size: 1.320000e+01
Eliminated 185 points
Completed iteration:10
Prediction points:59
  TP     FP     TN     FN
    13     4    22    20

Precision / Recall
    0.7647    0.3939

Number of bins: 24
Average bin size: 1.404167e+01
Eliminated 193 points
Completed iteration:11
Prediction points:51
  TP     FP     TN     FN
    24     2     2    23

Precision / Recall
    0.9231    0.5106

Number of bins: 31
Average bin size: 1.061290e+01
Eliminated 207 points
Completed iteration:12
Prediction points:37
  TP     FP     TN     FN
    13     3     5    16

Precision / Recall
    0.8125    0.4483

Number of bins: 28
Average bin size: 1.150000e+01
Eliminated 206 points
Completed iteration:13
Prediction points:38
  TP     FP     TN     FN
    15     2     5    16

Precision / Recall
    0.8824    0.4839

Number of bins: 28
Average bin size: 1.185714e+01
Eliminated 165 points
Completed iteration:14
Prediction points:79
  TP     FP     TN     FN
    38     0    13    28

Precision / Recall
    1.0000    0.5758

Number of bins: 22
Average bin size: 1.518182e+01
Eliminated 197 points
Completed iteration:15
Prediction points:47
  TP     FP     TN     FN
    11     0    17    19

Precision / Recall
    1.0000    0.3667

Number of bins: 29
Average bin size: 1.165517e+01
Eliminated 207 points
Completed iteration:16
Prediction points:37
  TP     FP     TN     FN
    17     0     4    16

Precision / Recall
    1.0000    0.5152

Number of bins: 26
Average bin size: 1.276923e+01
Eliminated 183 points
Completed iteration:17
Prediction points:61
  TP     FP     TN     FN
    35     1     3    22

Precision / Recall
    0.9722    0.6140

Number of bins: 30
Average bin size: 1.110000e+01
Eliminated 184 points
Completed iteration:18
Prediction points:60
  TP     FP     TN     FN
    42     5     6     7

Precision / Recall
    0.8936    0.8571

Number of bins: 24
Average bin size: 1.391667e+01
Eliminated 192 points
Completed iteration:19
Prediction points:52
  TP     FP     TN     FN
    24     0    13    15

Precision / Recall
    1.0000    0.6154

Number of bins: 28
Average bin size: 1.175000e+01
Eliminated 149 points
Completed iteration:20
Prediction points:95
  TP     FP     TN     FN
    58     7    12    18

Precision / Recall
    0.8923    0.7632

Number of bins: 26
Average bin size: 1.292308e+01
Eliminated 210 points
Completed iteration:21
Prediction points:34
  TP     FP     TN     FN
    21     4     3     6

Precision / Recall
    0.8400    0.7778

Number of bins: 27
Average bin size: 1.222222e+01
Eliminated 222 points
Completed iteration:22
Prediction points:22
  TP     FP     TN     FN
     3     0     2    17

Precision / Recall
    1.0000    0.1500

Number of bins: 28
Average bin size: 1.185714e+01
Eliminated 213 points
Completed iteration:23
Prediction points:31
  TP     FP     TN     FN
     4     4     6    17

Precision / Recall
    0.5000    0.1905

Number of bins: 27
Average bin size: 1.251852e+01
Eliminated 195 points
Completed iteration:24
Prediction points:49
  TP     FP     TN     FN
    19     2    10    18

Precision / Recall
    0.9048    0.5135

Number of bins: 21
Average bin size: 1.576190e+01
Eliminated 222 points
Completed iteration:25
Prediction points:22
  TP     FP     TN     FN
    10     3     3     6

Precision / Recall
    0.7692    0.6250

Number of bins: 30
Average bin size: 1.106667e+01
Eliminated 196 points
Completed iteration:26
Prediction points:48
  TP     FP     TN     FN
    28     0     7    13

Precision / Recall
    1.0000    0.6829

Number of bins: 28
Average bin size: 1.203571e+01
Eliminated 214 points
Completed iteration:27
Prediction points:30
  TP     FP     TN     FN
     8     0     5    17

Precision / Recall
    1.0000    0.3200

Number of bins: 20
Average bin size: 1.675000e+01
Eliminated 232 points
Completed iteration:28
Prediction points:12
  TP     FP     TN     FN
     5     0     2     5

Precision / Recall
    1.0000    0.5000

Number of bins: 23
Average bin size: 1.413043e+01
Eliminated 187 points
Completed iteration:29
Prediction points:57
  TP     FP     TN     FN
    28     5     8    16

Precision / Recall
    0.8485    0.6364

Number of bins: 23
Average bin size: 1.478261e+01
Eliminated 212 points
Completed iteration:30
Prediction points:32
  TP     FP     TN     FN
    19     4     4     5

Precision / Recall
    0.8261    0.7917

Overall results (hybrid)
Confidence threshold=0.9
Filtered datapoints
AUC ave err std
    0.6628

    0.1398

    0.1398

Precision / Recall macro
    0.8889    0.5702

Precision / Recall micro
    0.8901    0.5854

computation time (s)
   NaN

