!!!!below quality measures have been removed due to insufficient data!!!!!!!!!!!!
    ' TriangleSize'

binThreshold:40
energy base:30
using confidence:1
Number of bins: 18
Average bin size: 1.844444e+01
Eliminated 86 points
Completed iteration:1
Prediction points:158
  TP     FP     TN     FN
    85    21    12    40

Precision / Recall
    0.8019    0.6800

Number of bins: 19
Average bin size: 1.810526e+01
Eliminated 112 points
Completed iteration:2
Prediction points:132
  TP     FP     TN     FN
    79    24     8    21

Precision / Recall
    0.7670    0.7900

Number of bins: 24
Average bin size: 1.354167e+01
Eliminated 76 points
Completed iteration:3
Prediction points:168
  TP     FP     TN     FN
    85    20    26    37

Precision / Recall
    0.8095    0.6967

Number of bins: 25
Average bin size: 1.348000e+01
Eliminated 90 points
Completed iteration:4
Prediction points:154
  TP     FP     TN     FN
    87    42     6    19

Precision / Recall
    0.6744    0.8208

Number of bins: 23
Average bin size: 1.430435e+01
Eliminated 91 points
Completed iteration:5
Prediction points:153
  TP     FP     TN     FN
    55    31    20    47

Precision / Recall
    0.6395    0.5392

Number of bins: 20
Average bin size: 1.720000e+01
Eliminated 57 points
Completed iteration:6
Prediction points:187
  TP     FP     TN     FN
    94    37     9    47

Precision / Recall
    0.7176    0.6667

Number of bins: 20
Average bin size: 1.705000e+01
Eliminated 81 points
Completed iteration:7
Prediction points:163
  TP     FP     TN     FN
    75    19    26    43

Precision / Recall
    0.7979    0.6356

Number of bins: 21
Average bin size: 1.595238e+01
Eliminated 50 points
Completed iteration:8
Prediction points:194
  TP     FP     TN     FN
    98    27    24    45

Precision / Recall
    0.7840    0.6853

Number of bins: 23
Average bin size: 1.439130e+01
Eliminated 58 points
Completed iteration:9
Prediction points:186
  TP     FP     TN     FN
    79    33    26    48

Precision / Recall
    0.7054    0.6220

Number of bins: 25
Average bin size: 1.360000e+01
Eliminated 77 points
Completed iteration:10
Prediction points:167
  TP     FP     TN     FN
    92    36    11    28

Precision / Recall
    0.7188    0.7667

Number of bins: 19
Average bin size: 1.778947e+01
Eliminated 115 points
Completed iteration:11
Prediction points:129
  TP     FP     TN     FN
    62    36     9    22

Precision / Recall
    0.6327    0.7381

Number of bins: 21
Average bin size: 1.580952e+01
Eliminated 71 points
Completed iteration:12
Prediction points:173
  TP     FP     TN     FN
    99    27    17    30

Precision / Recall
    0.7857    0.7674

Number of bins: 22
Average bin size: 1.504545e+01
Eliminated 125 points
Completed iteration:13
Prediction points:119
  TP     FP     TN     FN
    43    10    23    43

Precision / Recall
    0.8113    0.5000

Number of bins: 26
Average bin size: 1.323077e+01
Eliminated 87 points
Completed iteration:14
Prediction points:157
  TP     FP     TN     FN
    79    22    17    39

Precision / Recall
    0.7822    0.6695

Number of bins: 21
Average bin size: 1.576190e+01
Eliminated 89 points
Completed iteration:15
Prediction points:155
  TP     FP     TN     FN
    92    30    13    20

Precision / Recall
    0.7541    0.8214

Number of bins: 26
Average bin size: 1.303846e+01
Eliminated 88 points
Completed iteration:16
Prediction points:156
  TP     FP     TN     FN
    70    36    18    32

Precision / Recall
    0.6604    0.6863

Number of bins: 24
Average bin size: 1.408333e+01
Eliminated 91 points
Completed iteration:17
Prediction points:153
  TP     FP     TN     FN
    63    15    31    44

Precision / Recall
    0.8077    0.5888

Number of bins: 23
Average bin size: 1.421739e+01
Eliminated 46 points
Completed iteration:18
Prediction points:198
  TP     FP     TN     FN
    59    18    42    79

Precision / Recall
    0.7662    0.4275

Number of bins: 22
Average bin size: 1.545455e+01
Eliminated 77 points
Completed iteration:19
Prediction points:167
  TP     FP     TN     FN
    97    31    16    23

Precision / Recall
    0.7578    0.8083

Number of bins: 24
Average bin size: 1.370833e+01
Eliminated 62 points
Completed iteration:20
Prediction points:182
  TP     FP     TN     FN
    75    25    21    61

Precision / Recall
    0.7500    0.5515

Number of bins: 22
Average bin size: 1.459091e+01
Eliminated 69 points
Completed iteration:21
Prediction points:175
  TP     FP     TN     FN
    87    41    18    29

Precision / Recall
    0.6797    0.7500

Number of bins: 27
Average bin size: 1.266667e+01
Eliminated 107 points
Completed iteration:22
Prediction points:137
  TP     FP     TN     FN
    86    31     9    11

Precision / Recall
    0.7350    0.8866

Number of bins: 18
Average bin size: 1.833333e+01
Eliminated 87 points
Completed iteration:23
Prediction points:157
  TP     FP     TN     FN
    77    30    16    34

Precision / Recall
    0.7196    0.6937

Number of bins: 26
Average bin size: 1.315385e+01
Eliminated 49 points
Completed iteration:24
Prediction points:195
  TP     FP     TN     FN
    88    19    29    59

Precision / Recall
    0.8224    0.5986

Number of bins: 18
Average bin size: 1.827778e+01
Eliminated 81 points
Completed iteration:25
Prediction points:163
  TP     FP     TN     FN
    82    27    23    31

Precision / Recall
    0.7523    0.7257

Number of bins: 24
Average bin size: 14
Eliminated 81 points
Completed iteration:26
Prediction points:163
  TP     FP     TN     FN
    71    26    24    42

Precision / Recall
    0.7320    0.6283

Number of bins: 19
Average bin size: 1.736842e+01
Eliminated 113 points
Completed iteration:27
Prediction points:131
  TP     FP     TN     FN
    56    25     9    41

Precision / Recall
    0.6914    0.5773

Number of bins: 25
Average bin size: 1.312000e+01
Eliminated 112 points
Completed iteration:28
Prediction points:132
  TP     FP     TN     FN
    64    18    17    33

Precision / Recall
    0.7805    0.6598

Number of bins: 25
Average bin size: 1.344000e+01
Eliminated 68 points
Completed iteration:29
Prediction points:176
  TP     FP     TN     FN
    76    25    27    48

Precision / Recall
    0.7525    0.6129

Number of bins: 23
Average bin size: 1.456522e+01
Eliminated 95 points
Completed iteration:30
Prediction points:149
  TP     FP     TN     FN
    75    21    12    41

Precision / Recall
    0.7813    0.6466

Overall results (hybrid)
Confidence threshold=0.5
Filtered datapoints
AUC ave err std
    0.5584

    0.0720

    0.0720

Precision / Recall macro
    0.7457    0.6747

Precision / Recall micro
    0.7437    0.6721

Number of bins: 24
Average bin size: 1.383333e+01
Eliminated 145 points
Completed iteration:1
Prediction points:99
  TP     FP     TN     FN
    74    19     2     4

Precision / Recall
    0.7957    0.9487

Number of bins: 22
Average bin size: 1.559091e+01
Eliminated 92 points
Completed iteration:2
Prediction points:152
  TP     FP     TN     FN
    70    23    21    38

Precision / Recall
    0.7527    0.6481

Number of bins: 25
Average bin size: 1.316000e+01
Eliminated 63 points
Completed iteration:3
Prediction points:181
  TP     FP     TN     FN
    91    31    22    37

Precision / Recall
    0.7459    0.7109

Number of bins: 20
Average bin size: 1.660000e+01
Eliminated 149 points
Completed iteration:4
Prediction points:95
  TP     FP     TN     FN
    69    22     2     2

Precision / Recall
    0.7582    0.9718

Number of bins: 21
Average bin size: 1.595238e+01
Eliminated 129 points
Completed iteration:5
Prediction points:115
  TP     FP     TN     FN
    70    17    12    16

Precision / Recall
    0.8046    0.8140

Number of bins: 24
Average bin size: 1.366667e+01
Eliminated 104 points
Completed iteration:6
Prediction points:140
  TP     FP     TN     FN
    72    15    26    27

Precision / Recall
    0.8276    0.7273

Number of bins: 23
Average bin size: 1.469565e+01
Eliminated 150 points
Completed iteration:7
Prediction points:94
  TP     FP     TN     FN
    49    14    12    19

Precision / Recall
    0.7778    0.7206

Number of bins: 22
Average bin size: 1.509091e+01
Eliminated 80 points
Completed iteration:8
Prediction points:164
  TP     FP     TN     FN
    93    22    15    34

Precision / Recall
    0.8087    0.7323

Number of bins: 24
Average bin size: 1.387500e+01
Eliminated 83 points
Completed iteration:9
Prediction points:161
  TP     FP     TN     FN
    87    23    20    31

Precision / Recall
    0.7909    0.7373

Number of bins: 22
Average bin size: 1.463636e+01
Eliminated 126 points
Completed iteration:10
Prediction points:118
  TP     FP     TN     FN
    54    18    14    32

Precision / Recall
    0.7500    0.6279

Number of bins: 18
Average bin size: 1.811111e+01
Eliminated 63 points
Completed iteration:11
Prediction points:181
  TP     FP     TN     FN
    65    23    37    56

Precision / Recall
    0.7386    0.5372

Number of bins: 18
Average bin size: 1.838889e+01
Eliminated 103 points
Completed iteration:12
Prediction points:141
  TP     FP     TN     FN
    69    23    18    31

Precision / Recall
    0.7500    0.6900

Number of bins: 18
Average bin size: 1.861111e+01
Eliminated 145 points
Completed iteration:13
Prediction points:99
  TP     FP     TN     FN
    69    18     2    10

Precision / Recall
    0.7931    0.8734

Number of bins: 24
Average bin size: 1.379167e+01
Eliminated 157 points
Completed iteration:14
Prediction points:87
  TP     FP     TN     FN
    32    12    16    27

Precision / Recall
    0.7273    0.5424

Number of bins: 26
Average bin size: 1.315385e+01
Eliminated 135 points
Completed iteration:15
Prediction points:109
  TP     FP     TN     FN
    58    21    18    12

Precision / Recall
    0.7342    0.8286

Number of bins: 23
Average bin size: 1.521739e+01
Eliminated 132 points
Completed iteration:16
Prediction points:112
  TP     FP     TN     FN
    61    25     6    20

Precision / Recall
    0.7093    0.7531

Number of bins: 19
Average bin size: 1.763158e+01
Eliminated 54 points
Completed iteration:17
Prediction points:190
  TP     FP     TN     FN
    85    21    34    50

Precision / Recall
    0.8019    0.6296

Number of bins: 23
Average bin size: 1.526087e+01
Eliminated 137 points
Completed iteration:18
Prediction points:107
  TP     FP     TN     FN
    61     9    15    22

Precision / Recall
    0.8714    0.7349

Number of bins: 25
Average bin size: 1.324000e+01
Eliminated 84 points
Completed iteration:19
Prediction points:160
  TP     FP     TN     FN
    83    23    22    32

Precision / Recall
    0.7830    0.7217

Number of bins: 25
Average bin size: 1.336000e+01
Eliminated 71 points
Completed iteration:20
Prediction points:173
  TP     FP     TN     FN
   102    17    24    30

Precision / Recall
    0.8571    0.7727

Number of bins: 21
Average bin size: 1.566667e+01
Eliminated 62 points
Completed iteration:21
Prediction points:182
  TP     FP     TN     FN
   102    34    14    32

Precision / Recall
    0.7500    0.7612

Number of bins: 24
Average bin size: 14
Eliminated 109 points
Completed iteration:22
Prediction points:135
  TP     FP     TN     FN
    39    19    19    58

Precision / Recall
    0.6724    0.4021

Number of bins: 18
Average bin size: 1.861111e+01
Eliminated 166 points
Completed iteration:23
Prediction points:78
  TP     FP     TN     FN
    49    19     3     7

Precision / Recall
    0.7206    0.8750

Number of bins: 24
Average bin size: 1.445833e+01
Eliminated 86 points
Completed iteration:24
Prediction points:158
  TP     FP     TN     FN
    85    32    14    27

Precision / Recall
    0.7265    0.7589

Number of bins: 23
Average bin size: 1.456522e+01
Eliminated 74 points
Completed iteration:25
Prediction points:170
  TP     FP     TN     FN
    85    31    20    34

Precision / Recall
    0.7328    0.7143

Number of bins: 24
Average bin size: 1.420833e+01
Eliminated 99 points
Completed iteration:26
Prediction points:145
  TP     FP     TN     FN
    65    26    20    34

Precision / Recall
    0.7143    0.6566

Number of bins: 17
Average bin size: 1.947059e+01
Eliminated 120 points
Completed iteration:27
Prediction points:124
  TP     FP     TN     FN
    64    24     8    28

Precision / Recall
    0.7273    0.6957

Number of bins: 24
Average bin size: 1.420833e+01
Eliminated 93 points
Completed iteration:28
Prediction points:151
  TP     FP     TN     FN
    74    21    19    37

Precision / Recall
    0.7789    0.6667

Number of bins: 24
Average bin size: 1.391667e+01
Eliminated 57 points
Completed iteration:29
Prediction points:187
  TP     FP     TN     FN
    97    46    18    26

Precision / Recall
    0.6783    0.7886

Number of bins: 25
Average bin size: 1.344000e+01
Eliminated 116 points
Completed iteration:30
Prediction points:128
  TP     FP     TN     FN
    75    26     9    18

Precision / Recall
    0.7426    0.8065

Overall results (hybrid)
Confidence threshold=0.6
Filtered datapoints
AUC ave err std
    0.5707

    0.0790

    0.0790

Precision / Recall macro
    0.7607    0.7283

Precision / Recall micro
    0.7612    0.7211

Number of bins: 25
Average bin size: 1.340000e+01
Eliminated 158 points
Completed iteration:1
Prediction points:86
  TP     FP     TN     FN
    46    10     8    22

Precision / Recall
    0.8214    0.6765

Number of bins: 19
Average bin size: 1.778947e+01
Eliminated 120 points
Completed iteration:2
Prediction points:124
  TP     FP     TN     FN
    56    14    14    40

Precision / Recall
    0.8000    0.5833

Number of bins: 22
Average bin size: 15
Eliminated 175 points
Completed iteration:3
Prediction points:69
  TP     FP     TN     FN
    55     9     1     4

Precision / Recall
    0.8594    0.9322

Number of bins: 23
Average bin size: 1.447826e+01
Eliminated 113 points
Completed iteration:4
Prediction points:131
  TP     FP     TN     FN
    84    24     8    15

Precision / Recall
    0.7778    0.8485

Number of bins: 19
Average bin size: 1.726316e+01
Eliminated 162 points
Completed iteration:5
Prediction points:82
  TP     FP     TN     FN
    40    12     6    24

Precision / Recall
    0.7692    0.6250

Number of bins: 26
Average bin size: 1.269231e+01
Eliminated 144 points
Completed iteration:6
Prediction points:100
  TP     FP     TN     FN
    39     6     9    46

Precision / Recall
    0.8667    0.4588

Number of bins: 24
Average bin size: 1.412500e+01
Eliminated 121 points
Completed iteration:7
Prediction points:123
  TP     FP     TN     FN
    70    20    16    17

Precision / Recall
    0.7778    0.8046

Number of bins: 25
Average bin size: 1.316000e+01
Eliminated 96 points
Completed iteration:8
Prediction points:148
  TP     FP     TN     FN
    72    25    21    30

Precision / Recall
    0.7423    0.7059

Number of bins: 24
Average bin size: 1.408333e+01
Eliminated 164 points
Completed iteration:9
Prediction points:80
  TP     FP     TN     FN
    57    17     5     1

Precision / Recall
    0.7703    0.9828

Number of bins: 18
Average bin size: 1.833333e+01
Eliminated 135 points
Completed iteration:10
Prediction points:109
  TP     FP     TN     FN
    45    21    14    29

Precision / Recall
    0.6818    0.6081

Number of bins: 20
Average bin size: 1.675000e+01
Eliminated 148 points
Completed iteration:11
Prediction points:96
  TP     FP     TN     FN
    40    12    14    30

Precision / Recall
    0.7692    0.5714

Number of bins: 26
Average bin size: 1.288462e+01
Eliminated 121 points
Completed iteration:12
Prediction points:123
  TP     FP     TN     FN
    38     9    30    46

Precision / Recall
    0.8085    0.4524

Number of bins: 24
Average bin size: 1.387500e+01
Eliminated 69 points
Completed iteration:13
Prediction points:175
  TP     FP     TN     FN
    83    16    30    46

Precision / Recall
    0.8384    0.6434

Number of bins: 24
Average bin size: 14
Eliminated 132 points
Completed iteration:14
Prediction points:112
  TP     FP     TN     FN
    50    19    14    29

Precision / Recall
    0.7246    0.6329

Number of bins: 25
Average bin size: 1.356000e+01
Eliminated 119 points
Completed iteration:15
Prediction points:125
  TP     FP     TN     FN
    82    29     6     8

Precision / Recall
    0.7387    0.9111

Number of bins: 22
Average bin size: 1.545455e+01
Eliminated 147 points
Completed iteration:16
Prediction points:97
  TP     FP     TN     FN
    45    14    15    23

Precision / Recall
    0.7627    0.6618

Number of bins: 18
Average bin size: 1.794444e+01
Eliminated 90 points
Completed iteration:17
Prediction points:154
  TP     FP     TN     FN
    62    23    20    49

Precision / Recall
    0.7294    0.5586

Number of bins: 25
Average bin size: 1.344000e+01
Eliminated 171 points
Completed iteration:18
Prediction points:73
  TP     FP     TN     FN
    37     8    11    17

Precision / Recall
    0.8222    0.6852

Number of bins: 25
Average bin size: 1.316000e+01
Eliminated 103 points
Completed iteration:19
Prediction points:141
  TP     FP     TN     FN
    64     7    29    41

Precision / Recall
    0.9014    0.6095

Number of bins: 23
Average bin size: 1.473913e+01
Eliminated 177 points
Completed iteration:20
Prediction points:67
  TP     FP     TN     FN
    38     8     7    14

Precision / Recall
    0.8261    0.7308

Number of bins: 19
Average bin size: 1.752632e+01
Eliminated 57 points
Completed iteration:21
Prediction points:187
  TP     FP     TN     FN
    80    25    30    52

Precision / Recall
    0.7619    0.6061

Number of bins: 18
Average bin size: 1.827778e+01
Eliminated 130 points
Completed iteration:22
Prediction points:114
  TP     FP     TN     FN
    53    15    17    29

Precision / Recall
    0.7794    0.6463

Number of bins: 24
Average bin size: 1.420833e+01
Eliminated 155 points
Completed iteration:23
Prediction points:89
  TP     FP     TN     FN
    39    16    14    20

Precision / Recall
    0.7091    0.6610

Number of bins: 25
Average bin size: 1.356000e+01
Eliminated 84 points
Completed iteration:24
Prediction points:160
  TP     FP     TN     FN
    74    25    23    38

Precision / Recall
    0.7475    0.6607

Number of bins: 24
Average bin size: 1.366667e+01
Eliminated 166 points
Completed iteration:25
Prediction points:78
  TP     FP     TN     FN
    47     8     5    18

Precision / Recall
    0.8545    0.7231

Number of bins: 18
Average bin size: 1.866667e+01
Eliminated 116 points
Completed iteration:26
Prediction points:128
  TP     FP     TN     FN
    74    16    10    28

Precision / Recall
    0.8222    0.7255

Number of bins: 22
Average bin size: 1.504545e+01
Eliminated 189 points
Completed iteration:27
Prediction points:55
  TP     FP     TN     FN
    24     6     4    21

Precision / Recall
    0.8000    0.5333

Number of bins: 22
Average bin size: 1.509091e+01
Eliminated 216 points
Completed iteration:28
Prediction points:28
  TP     FP     TN     FN
    11     6     4     7

Precision / Recall
    0.6471    0.6111

Number of bins: 24
Average bin size: 1.383333e+01
Eliminated 112 points
Completed iteration:29
Prediction points:132
  TP     FP     TN     FN
    72    26    12    22

Precision / Recall
    0.7347    0.7660

Number of bins: 23
Average bin size: 1.465217e+01
Eliminated 146 points
Completed iteration:30
Prediction points:98
  TP     FP     TN     FN
    61    11     6    20

Precision / Recall
    0.8472    0.7531

Overall results (hybrid)
Confidence threshold=0.7
Filtered datapoints
AUC ave err std
    0.5680

    0.0755

    0.0755

Precision / Recall macro
    0.7831    0.6790

Precision / Recall micro
    0.7819    0.6757

Number of bins: 25
Average bin size: 1.356000e+01
Eliminated 115 points
Completed iteration:1
Prediction points:129
  TP     FP     TN     FN
    63    10    24    32

Precision / Recall
    0.8630    0.6632

Number of bins: 25
Average bin size: 1.372000e+01
Eliminated 133 points
Completed iteration:2
Prediction points:111
  TP     FP     TN     FN
    19     2    30    60

Precision / Recall
    0.9048    0.2405

Number of bins: 21
Average bin size: 1.595238e+01
Eliminated 188 points
Completed iteration:3
Prediction points:56
  TP     FP     TN     FN
    34     6     7     9

Precision / Recall
    0.8500    0.7907

Number of bins: 21
Average bin size: 1.585714e+01
Eliminated 192 points
Completed iteration:4
Prediction points:52
  TP     FP     TN     FN
    34     6     3     9

Precision / Recall
    0.8500    0.7907

Number of bins: 21
Average bin size: 1.590476e+01
Eliminated 191 points
Completed iteration:5
Prediction points:53
  TP     FP     TN     FN
    22     4     8    19

Precision / Recall
    0.8462    0.5366

Number of bins: 24
Average bin size: 1.404167e+01
Eliminated 185 points
Completed iteration:6
Prediction points:59
  TP     FP     TN     FN
    22     7     5    25

Precision / Recall
    0.7586    0.4681

Number of bins: 24
Average bin size: 1.395833e+01
Eliminated 167 points
Completed iteration:7
Prediction points:77
  TP     FP     TN     FN
    65    10     0     2

Precision / Recall
    0.8667    0.9701

Number of bins: 23
Average bin size: 1.434783e+01
Eliminated 161 points
Completed iteration:8
Prediction points:83
  TP     FP     TN     FN
    21     3    19    40

Precision / Recall
    0.8750    0.3443

Number of bins: 22
Average bin size: 1.513636e+01
Eliminated 173 points
Completed iteration:9
Prediction points:71
  TP     FP     TN     FN
    42     7     9    13

Precision / Recall
    0.8571    0.7636

Number of bins: 26
Average bin size: 1.284615e+01
Eliminated 181 points
Completed iteration:10
Prediction points:63
  TP     FP     TN     FN
    43     8     2    10

Precision / Recall
    0.8431    0.8113

Number of bins: 19
Average bin size: 1.805263e+01
Eliminated 205 points
Completed iteration:11
Prediction points:39
  TP     FP     TN     FN
     3     2    16    18

Precision / Recall
    0.6000    0.1429

Number of bins: 19
Average bin size: 1.784211e+01
Eliminated 175 points
Completed iteration:12
Prediction points:69
  TP     FP     TN     FN
    38     5    11    15

Precision / Recall
    0.8837    0.7170

Number of bins: 25
Average bin size: 1.332000e+01
Eliminated 145 points
Completed iteration:13
Prediction points:99
  TP     FP     TN     FN
    55    15    11    18

Precision / Recall
    0.7857    0.7534

Number of bins: 24
Average bin size: 14
Eliminated 161 points
Completed iteration:14
Prediction points:83
  TP     FP     TN     FN
    33     8    16    26

Precision / Recall
    0.8049    0.5593

Number of bins: 22
Average bin size: 1.536364e+01
Eliminated 152 points
Completed iteration:15
Prediction points:92
  TP     FP     TN     FN
    51     5    11    25

Precision / Recall
    0.9107    0.6711

Number of bins: 23
Average bin size: 1.452174e+01
Eliminated 198 points
Completed iteration:16
Prediction points:46
  TP     FP     TN     FN
    13     3    12    18

Precision / Recall
    0.8125    0.4194

Number of bins: 24
Average bin size: 1.412500e+01
Eliminated 183 points
Completed iteration:17
Prediction points:61
  TP     FP     TN     FN
    27     6     9    19

Precision / Recall
    0.8182    0.5870

Number of bins: 18
Average bin size: 1.894444e+01
Eliminated 226 points
Completed iteration:18
Prediction points:18
  TP     FP     TN     FN
     8     3     2     5

Precision / Recall
    0.7273    0.6154

Number of bins: 19
Average bin size: 1.773684e+01
Eliminated 205 points
Completed iteration:19
Prediction points:39
  TP     FP     TN     FN
    30     5     2     2

Precision / Recall
    0.8571    0.9375

Number of bins: 25
Average bin size: 1.344000e+01
Eliminated 157 points
Completed iteration:20
Prediction points:87
  TP     FP     TN     FN
    50    16    11    10

Precision / Recall
    0.7576    0.8333

Number of bins: 23
Average bin size: 1.465217e+01
Eliminated 216 points
Completed iteration:21
Prediction points:28
  TP     FP     TN     FN
    11     1     4    12

Precision / Recall
    0.9167    0.4783

Number of bins: 18
Average bin size: 1.883333e+01
Eliminated 128 points
Completed iteration:22
Prediction points:116
  TP     FP     TN     FN
    56    15    25    20

Precision / Recall
    0.7887    0.7368

Number of bins: 22
Average bin size: 1.531818e+01
Eliminated 197 points
Completed iteration:23
Prediction points:47
  TP     FP     TN     FN
    19     5     6    17

Precision / Recall
    0.7917    0.5278

Number of bins: 25
Average bin size: 1.356000e+01
Eliminated 184 points
Completed iteration:24
Prediction points:60
  TP     FP     TN     FN
    40     6     4    10

Precision / Recall
    0.8696    0.8000

Number of bins: 18
Average bin size: 1.855556e+01
Eliminated 215 points
Completed iteration:25
Prediction points:29
  TP     FP     TN     FN
     2     1     6    20

Precision / Recall
    0.6667    0.0909

Number of bins: 19
Average bin size: 1.747368e+01
Eliminated 158 points
Completed iteration:26
Prediction points:86
  TP     FP     TN     FN
    39    15    19    13

Precision / Recall
    0.7222    0.7500

Number of bins: 18
Average bin size: 1.844444e+01
Eliminated 196 points
Completed iteration:27
Prediction points:48
  TP     FP     TN     FN
    26    11     5     6

Precision / Recall
    0.7027    0.8125

Number of bins: 17
Average bin size: 1.941176e+01
Eliminated 171 points
Completed iteration:28
Prediction points:73
  TP     FP     TN     FN
    31     8     8    26

Precision / Recall
    0.7949    0.5439

Number of bins: 25
Average bin size: 1.392000e+01
Eliminated 127 points
Completed iteration:29
Prediction points:117
  TP     FP     TN     FN
    42     9    23    43

Precision / Recall
    0.8235    0.4941

Number of bins: 18
Average bin size: 1.838889e+01
Eliminated 170 points
Completed iteration:30
Prediction points:74
  TP     FP     TN     FN
    19     7    19    29

Precision / Recall
    0.7308    0.3958

Overall results (hybrid)
Confidence threshold=0.8
Filtered datapoints
AUC ave err std
    0.6218

    0.0737

    0.0737

Precision / Recall macro
    0.8093    0.6082

Precision / Recall micro
    0.8209    0.6266

Number of bins: 23
Average bin size: 1.404348e+01
Eliminated 209 points
Completed iteration:1
Prediction points:35
  TP     FP     TN     FN
    28     5     0     2

Precision / Recall
    0.8485    0.9333

Number of bins: 25
Average bin size: 1.328000e+01
Eliminated 212 points
Completed iteration:2
Prediction points:32
  TP     FP     TN     FN
    12     2     5    13

Precision / Recall
    0.8571    0.4800

Number of bins: 25
Average bin size: 1.356000e+01
Eliminated 156 points
Completed iteration:3
Prediction points:88
  TP     FP     TN     FN
     8     4    25    51

Precision / Recall
    0.6667    0.1356

Number of bins: 18
Average bin size: 1.850000e+01
Eliminated 212 points
Completed iteration:4
Prediction points:32
  TP     FP     TN     FN
    24     5     2     1

Precision / Recall
    0.8276    0.9600

Number of bins: 22
Average bin size: 1.490909e+01
Eliminated 198 points
Completed iteration:5
Prediction points:46
  TP     FP     TN     FN
     2     2    14    28

Precision / Recall
    0.5000    0.0667

Number of bins: 25
Average bin size: 1.392000e+01
Eliminated 158 points
Completed iteration:6
Prediction points:86
  TP     FP     TN     FN
    55    12     7    12

Precision / Recall
    0.8209    0.8209

Number of bins: 21
Average bin size: 1.595238e+01
Eliminated 205 points
Completed iteration:7
Prediction points:39
  TP     FP     TN     FN
    13     2     3    21

Precision / Recall
    0.8667    0.3824

Number of bins: 25
Average bin size: 1.384000e+01
Eliminated 218 points
Completed iteration:8
Prediction points:26
  TP     FP     TN     FN
    17     0     3     6

Precision / Recall
    1.0000    0.7391

Number of bins: 23
Average bin size: 1.439130e+01
Eliminated 191 points
Completed iteration:9
Prediction points:53
  TP     FP     TN     FN
    14     4     9    26

Precision / Recall
    0.7778    0.3500

Number of bins: 24
Average bin size: 1.375000e+01
Eliminated 185 points
Completed iteration:10
Prediction points:59
  TP     FP     TN     FN
    13     4    22    20

Precision / Recall
    0.7647    0.3939

Number of bins: 19
Average bin size: 1.773684e+01
Eliminated 192 points
Completed iteration:11
Prediction points:52
  TP     FP     TN     FN
    24     3     2    23

Precision / Recall
    0.8889    0.5106

Number of bins: 23
Average bin size: 1.430435e+01
Eliminated 213 points
Completed iteration:12
Prediction points:31
  TP     FP     TN     FN
    13     2     4    12

Precision / Recall
    0.8667    0.5200

Number of bins: 19
Average bin size: 1.694737e+01
Eliminated 228 points
Completed iteration:13
Prediction points:16
  TP     FP     TN     FN
    13     1     0     2

Precision / Recall
    0.9286    0.8667

Number of bins: 24
Average bin size: 1.383333e+01
Eliminated 213 points
Completed iteration:14
Prediction points:31
  TP     FP     TN     FN
    24     0     1     6

Precision / Recall
    1.0000    0.8000

Number of bins: 18
Average bin size: 1.855556e+01
Eliminated 182 points
Completed iteration:15
Prediction points:62
  TP     FP     TN     FN
    13     0    16    33

Precision / Recall
    1.0000    0.2826

Number of bins: 24
Average bin size: 1.408333e+01
Eliminated 226 points
Completed iteration:16
Prediction points:18
  TP     FP     TN     FN
    16     0     0     2

Precision / Recall
    1.0000    0.8889

Number of bins: 24
Average bin size: 1.383333e+01
Eliminated 167 points
Completed iteration:17
Prediction points:77
  TP     FP     TN     FN
    33     1    12    31

Precision / Recall
    0.9706    0.5156

Number of bins: 24
Average bin size: 1.387500e+01
Eliminated 174 points
Completed iteration:18
Prediction points:70
  TP     FP     TN     FN
    34     8    11    17

Precision / Recall
    0.8095    0.6667

Number of bins: 19
Average bin size: 1.757895e+01
Eliminated 195 points
Completed iteration:19
Prediction points:49
  TP     FP     TN     FN
    21     0    13    15

Precision / Recall
    1.0000    0.5833

Number of bins: 23
Average bin size: 1.430435e+01
Eliminated 176 points
Completed iteration:20
Prediction points:68
  TP     FP     TN     FN
    40     6     9    13

Precision / Recall
    0.8696    0.7547

Number of bins: 21
Average bin size: 16
Eliminated 232 points
Completed iteration:21
Prediction points:12
  TP     FP     TN     FN
     3     1     3     5

Precision / Recall
    0.7500    0.3750

Number of bins: 25
Average bin size: 1.320000e+01
Eliminated 212 points
Completed iteration:22
Prediction points:32
  TP     FP     TN     FN
     7     0     6    19

Precision / Recall
    1.0000    0.2692

Number of bins: 22
Average bin size: 1.509091e+01
Eliminated 202 points
Completed iteration:23
Prediction points:42
  TP     FP     TN     FN
     7     7    10    18

Precision / Recall
    0.5000    0.2800

Number of bins: 24
Average bin size: 1.408333e+01
Eliminated 205 points
Completed iteration:24
Prediction points:39
  TP     FP     TN     FN
    14     2     8    15

Precision / Recall
    0.8750    0.4828

Number of bins: 17
Average bin size: 1.947059e+01
Eliminated 211 points
Completed iteration:25
Prediction points:33
  TP     FP     TN     FN
    18     9     2     4

Precision / Recall
    0.6667    0.8182

Number of bins: 24
Average bin size: 1.383333e+01
Eliminated 231 points
Completed iteration:26
Prediction points:13
  TP     FP     TN     FN
    10     0     2     1

Precision / Recall
    1.0000    0.9091

Number of bins: 22
Average bin size: 1.531818e+01
Eliminated 199 points
Completed iteration:27
Prediction points:45
  TP     FP     TN     FN
    15     0     8    22

Precision / Recall
    1.0000    0.4054

Number of bins: 18
Average bin size: 1.861111e+01
Eliminated 232 points
Completed iteration:28
Prediction points:12
  TP     FP     TN     FN
     5     0     2     5

Precision / Recall
    1.0000    0.5000

Number of bins: 18
Average bin size: 1.805556e+01
Eliminated 184 points
Completed iteration:29
Prediction points:60
  TP     FP     TN     FN
    31     6     8    15

Precision / Recall
    0.8378    0.6739

Number of bins: 18
Average bin size: 1.888889e+01
Eliminated 212 points
Completed iteration:30
Prediction points:32
  TP     FP     TN     FN
    19     4     4     5

Precision / Recall
    0.8261    0.7917

Overall results (hybrid)
Confidence threshold=0.9
Filtered datapoints
AUC ave err std
   NaN

   NaN

   NaN

Precision / Recall macro
    0.8573    0.5719

Precision / Recall micro
    0.8585    0.5521

computation time (s)
   NaN

