!!!!below quality measures have been removed due to insufficient data!!!!!!!!!!!!
    ' TriangleSize'

binThreshold:50
energy base:30
using confidence:1
Number of bins: 16
Average bin size: 2.075000e+01
Eliminated 79 points
Completed iteration:1
Prediction points:165
  TP     FP     TN     FN
    90    30     7    38

Precision / Recall
    0.7500    0.7031

Number of bins: 15
Average bin size: 2.293333e+01
Eliminated 124 points
Completed iteration:2
Prediction points:120
  TP     FP     TN     FN
    71    26     9    14

Precision / Recall
    0.7320    0.8353

Number of bins: 18
Average bin size: 1.805556e+01
Eliminated 65 points
Completed iteration:3
Prediction points:179
  TP     FP     TN     FN
    82    19    28    50

Precision / Recall
    0.8119    0.6212

Number of bins: 18
Average bin size: 1.872222e+01
Eliminated 74 points
Completed iteration:4
Prediction points:170
  TP     FP     TN     FN
    96    42    10    22

Precision / Recall
    0.6957    0.8136

Number of bins: 20
Average bin size: 1.645000e+01
Eliminated 101 points
Completed iteration:5
Prediction points:143
  TP     FP     TN     FN
    54    36    12    41

Precision / Recall
    0.6000    0.5684

Number of bins: 17
Average bin size: 2.023529e+01
Eliminated 57 points
Completed iteration:6
Prediction points:187
  TP     FP     TN     FN
    90    37     9    51

Precision / Recall
    0.7087    0.6383

Number of bins: 18
Average bin size: 1.894444e+01
Eliminated 42 points
Completed iteration:7
Prediction points:202
  TP     FP     TN     FN
   107    25    26    44

Precision / Recall
    0.8106    0.7086

Number of bins: 17
Average bin size: 1.970588e+01
Eliminated 60 points
Completed iteration:8
Prediction points:184
  TP     FP     TN     FN
    95    28    20    41

Precision / Recall
    0.7724    0.6985

Number of bins: 19
Average bin size: 1.742105e+01
Eliminated 80 points
Completed iteration:9
Prediction points:164
  TP     FP     TN     FN
    76    30    22    36

Precision / Recall
    0.7170    0.6786

Number of bins: 20
Average bin size: 17
Eliminated 60 points
Completed iteration:10
Prediction points:184
  TP     FP     TN     FN
   100    40    12    32

Precision / Recall
    0.7143    0.7576

Number of bins: 19
Average bin size: 1.778947e+01
Eliminated 115 points
Completed iteration:11
Prediction points:129
  TP     FP     TN     FN
    62    36     9    22

Precision / Recall
    0.6327    0.7381

Number of bins: 19
Average bin size: 1.747368e+01
Eliminated 46 points
Completed iteration:12
Prediction points:198
  TP     FP     TN     FN
   111    29    19    39

Precision / Recall
    0.7929    0.7400

Number of bins: 19
Average bin size: 1.742105e+01
Eliminated 148 points
Completed iteration:13
Prediction points:96
  TP     FP     TN     FN
    28     6    17    45

Precision / Recall
    0.8235    0.3836

Number of bins: 22
Average bin size: 1.563636e+01
Eliminated 92 points
Completed iteration:14
Prediction points:152
  TP     FP     TN     FN
    76    20    15    41

Precision / Recall
    0.7917    0.6496

Number of bins: 18
Average bin size: 1.838889e+01
Eliminated 85 points
Completed iteration:15
Prediction points:159
  TP     FP     TN     FN
    81    27    17    34

Precision / Recall
    0.7500    0.7043

Number of bins: 21
Average bin size: 1.614286e+01
Eliminated 108 points
Completed iteration:16
Prediction points:136
  TP     FP     TN     FN
    57    33    17    29

Precision / Recall
    0.6333    0.6628

Number of bins: 22
Average bin size: 1.536364e+01
Eliminated 79 points
Completed iteration:17
Prediction points:165
  TP     FP     TN     FN
    81    19    27    38

Precision / Recall
    0.8100    0.6807

Number of bins: 23
Average bin size: 1.421739e+01
Eliminated 46 points
Completed iteration:18
Prediction points:198
  TP     FP     TN     FN
    59    18    42    79

Precision / Recall
    0.7662    0.4275

Number of bins: 19
Average bin size: 1.789474e+01
Eliminated 65 points
Completed iteration:19
Prediction points:179
  TP     FP     TN     FN
   117    40     8    14

Precision / Recall
    0.7452    0.8931

Number of bins: 20
Average bin size: 1.645000e+01
Eliminated 83 points
Completed iteration:20
Prediction points:161
  TP     FP     TN     FN
    82    29    16    34

Precision / Recall
    0.7387    0.7069

Number of bins: 17
Average bin size: 1.888235e+01
Eliminated 53 points
Completed iteration:21
Prediction points:191
  TP     FP     TN     FN
    90    35    24    42

Precision / Recall
    0.7200    0.6818

Number of bins: 20
Average bin size: 1.710000e+01
Eliminated 73 points
Completed iteration:22
Prediction points:171
  TP     FP     TN     FN
    79    26    32    34

Precision / Recall
    0.7524    0.6991

Number of bins: 17
Average bin size: 1.941176e+01
Eliminated 87 points
Completed iteration:23
Prediction points:157
  TP     FP     TN     FN
    77    30    16    34

Precision / Recall
    0.7196    0.6937

Number of bins: 20
Average bin size: 1.710000e+01
Eliminated 35 points
Completed iteration:24
Prediction points:209
  TP     FP     TN     FN
    80    16    33    80

Precision / Recall
    0.8333    0.5000

Number of bins: 17
Average bin size: 1.935294e+01
Eliminated 81 points
Completed iteration:25
Prediction points:163
  TP     FP     TN     FN
    84    27    23    29

Precision / Recall
    0.7568    0.7434

Number of bins: 21
Average bin size: 16
Eliminated 58 points
Completed iteration:26
Prediction points:186
  TP     FP     TN     FN
   104    33    22    27

Precision / Recall
    0.7591    0.7939

Number of bins: 15
Average bin size: 22
Eliminated 52 points
Completed iteration:27
Prediction points:192
  TP     FP     TN     FN
    95    40     9    48

Precision / Recall
    0.7037    0.6643

Number of bins: 21
Average bin size: 1.561905e+01
Eliminated 123 points
Completed iteration:28
Prediction points:121
  TP     FP     TN     FN
    54    14    18    35

Precision / Recall
    0.7941    0.6067

Number of bins: 20
Average bin size: 1.680000e+01
Eliminated 32 points
Completed iteration:29
Prediction points:212
  TP     FP     TN     FN
   103    42    25    42

Precision / Recall
    0.7103    0.7103

Number of bins: 19
Average bin size: 1.763158e+01
Eliminated 115 points
Completed iteration:30
Prediction points:129
  TP     FP     TN     FN
    80    20     5    24

Precision / Recall
    0.8000    0.7692

Overall results (hybrid)
Confidence threshold=0.5
Filtered datapoints
AUC ave err std
    0.5640

    0.0698

    0.0698

Precision / Recall macro
    0.7449    0.6824

Precision / Recall micro
    0.7426    0.6836

Number of bins: 20
Average bin size: 1.660000e+01
Eliminated 144 points
Completed iteration:1
Prediction points:100
  TP     FP     TN     FN
    74    18     4     4

Precision / Recall
    0.8043    0.9487

Number of bins: 20
Average bin size: 1.715000e+01
Eliminated 129 points
Completed iteration:2
Prediction points:115
  TP     FP     TN     FN
    61    18    19    17

Precision / Recall
    0.7722    0.7821

Number of bins: 22
Average bin size: 1.495455e+01
Eliminated 49 points
Completed iteration:3
Prediction points:195
  TP     FP     TN     FN
    92    29    32    42

Precision / Recall
    0.7603    0.6866

Number of bins: 17
Average bin size: 1.952941e+01
Eliminated 149 points
Completed iteration:4
Prediction points:95
  TP     FP     TN     FN
    69    23     1     2

Precision / Recall
    0.7500    0.9718

Number of bins: 19
Average bin size: 1.763158e+01
Eliminated 127 points
Completed iteration:5
Prediction points:117
  TP     FP     TN     FN
    72    17    12    16

Precision / Recall
    0.8090    0.8182

Number of bins: 22
Average bin size: 1.490909e+01
Eliminated 90 points
Completed iteration:6
Prediction points:154
  TP     FP     TN     FN
    75    18    23    38

Precision / Recall
    0.8065    0.6637

Number of bins: 20
Average bin size: 1.690000e+01
Eliminated 150 points
Completed iteration:7
Prediction points:94
  TP     FP     TN     FN
    39     9    17    29

Precision / Recall
    0.8125    0.5735

Number of bins: 19
Average bin size: 1.747368e+01
Eliminated 72 points
Completed iteration:8
Prediction points:172
  TP     FP     TN     FN
   105    26    12    29

Precision / Recall
    0.8015    0.7836

Number of bins: 21
Average bin size: 1.585714e+01
Eliminated 69 points
Completed iteration:9
Prediction points:175
  TP     FP     TN     FN
    96    25    24    30

Precision / Recall
    0.7934    0.7619

Number of bins: 18
Average bin size: 1.788889e+01
Eliminated 124 points
Completed iteration:10
Prediction points:120
  TP     FP     TN     FN
    56    17    15    32

Precision / Recall
    0.7671    0.6364

Number of bins: 17
Average bin size: 1.917647e+01
Eliminated 63 points
Completed iteration:11
Prediction points:181
  TP     FP     TN     FN
    66    22    38    55

Precision / Recall
    0.7500    0.5455

Number of bins: 17
Average bin size: 1.947059e+01
Eliminated 132 points
Completed iteration:12
Prediction points:112
  TP     FP     TN     FN
    60    20    11    21

Precision / Recall
    0.7500    0.7407

Number of bins: 16
Average bin size: 2.093750e+01
Eliminated 132 points
Completed iteration:13
Prediction points:112
  TP     FP     TN     FN
    34    11     9    58

Precision / Recall
    0.7556    0.3696

Number of bins: 22
Average bin size: 1.504545e+01
Eliminated 157 points
Completed iteration:14
Prediction points:87
  TP     FP     TN     FN
    32    12    16    27

Precision / Recall
    0.7273    0.5424

Number of bins: 24
Average bin size: 1.425000e+01
Eliminated 145 points
Completed iteration:15
Prediction points:99
  TP     FP     TN     FN
    49    16    20    14

Precision / Recall
    0.7538    0.7778

Number of bins: 19
Average bin size: 1.842105e+01
Eliminated 152 points
Completed iteration:16
Prediction points:92
  TP     FP     TN     FN
    54    24     3    11

Precision / Recall
    0.6923    0.8308

Number of bins: 15
Average bin size: 2.233333e+01
Eliminated 35 points
Completed iteration:17
Prediction points:209
  TP     FP     TN     FN
   101    34    29    45

Precision / Recall
    0.7481    0.6918

Number of bins: 20
Average bin size: 1.755000e+01
Eliminated 106 points
Completed iteration:18
Prediction points:138
  TP     FP     TN     FN
    48     5    35    50

Precision / Recall
    0.9057    0.4898

Number of bins: 19
Average bin size: 1.742105e+01
Eliminated 93 points
Completed iteration:19
Prediction points:151
  TP     FP     TN     FN
    66    23    28    34

Precision / Recall
    0.7416    0.6600

Number of bins: 22
Average bin size: 1.518182e+01
Eliminated 111 points
Completed iteration:20
Prediction points:133
  TP     FP     TN     FN
    69     9    25    30

Precision / Recall
    0.8846    0.6970

Number of bins: 18
Average bin size: 1.827778e+01
Eliminated 62 points
Completed iteration:21
Prediction points:182
  TP     FP     TN     FN
   104    32    16    30

Precision / Recall
    0.7647    0.7761

Number of bins: 23
Average bin size: 1.460870e+01
Eliminated 109 points
Completed iteration:22
Prediction points:135
  TP     FP     TN     FN
    33    15    23    64

Precision / Recall
    0.6875    0.3402

Number of bins: 17
Average bin size: 1.970588e+01
Eliminated 189 points
Completed iteration:23
Prediction points:55
  TP     FP     TN     FN
    37    10     2     6

Precision / Recall
    0.7872    0.8605

Number of bins: 20
Average bin size: 1.735000e+01
Eliminated 84 points
Completed iteration:24
Prediction points:160
  TP     FP     TN     FN
    78    26    17    39

Precision / Recall
    0.7500    0.6667

Number of bins: 23
Average bin size: 1.456522e+01
Eliminated 74 points
Completed iteration:25
Prediction points:170
  TP     FP     TN     FN
    85    31    20    34

Precision / Recall
    0.7328    0.7143

Number of bins: 20
Average bin size: 1.705000e+01
Eliminated 156 points
Completed iteration:26
Prediction points:88
  TP     FP     TN     FN
    44    17     6    21

Precision / Recall
    0.7213    0.6769

Number of bins: 16
Average bin size: 2.068750e+01
Eliminated 120 points
Completed iteration:27
Prediction points:124
  TP     FP     TN     FN
    71    28     4    21

Precision / Recall
    0.7172    0.7717

Number of bins: 23
Average bin size: 1.482609e+01
Eliminated 93 points
Completed iteration:28
Prediction points:151
  TP     FP     TN     FN
    74    21    19    37

Precision / Recall
    0.7789    0.6667

Number of bins: 20
Average bin size: 1.670000e+01
Eliminated 103 points
Completed iteration:29
Prediction points:141
  TP     FP     TN     FN
    82    38     9    12

Precision / Recall
    0.6833    0.8723

Number of bins: 23
Average bin size: 1.460870e+01
Eliminated 96 points
Completed iteration:30
Prediction points:148
  TP     FP     TN     FN
    77    22    13    36

Precision / Recall
    0.7778    0.6814

Overall results (hybrid)
Confidence threshold=0.6
Filtered datapoints
AUC ave err std
    0.5690

    0.0875

    0.0875

Precision / Recall macro
    0.7662    0.7000

Precision / Recall micro
    0.7648    0.6938

Number of bins: 22
Average bin size: 1.522727e+01
Eliminated 125 points
Completed iteration:1
Prediction points:119
  TP     FP     TN     FN
    75    16     8    20

Precision / Recall
    0.8242    0.7895

Number of bins: 17
Average bin size: 1.988235e+01
Eliminated 126 points
Completed iteration:2
Prediction points:118
  TP     FP     TN     FN
    51    13    14    40

Precision / Recall
    0.7969    0.5604

Number of bins: 20
Average bin size: 1.650000e+01
Eliminated 175 points
Completed iteration:3
Prediction points:69
  TP     FP     TN     FN
    55     9     1     4

Precision / Recall
    0.8594    0.9322

Number of bins: 19
Average bin size: 1.752632e+01
Eliminated 143 points
Completed iteration:4
Prediction points:101
  TP     FP     TN     FN
    66    17     6    12

Precision / Recall
    0.7952    0.8462

Number of bins: 18
Average bin size: 1.822222e+01
Eliminated 162 points
Completed iteration:5
Prediction points:82
  TP     FP     TN     FN
    40    12     6    24

Precision / Recall
    0.7692    0.6250

Number of bins: 20
Average bin size: 1.650000e+01
Eliminated 140 points
Completed iteration:6
Prediction points:104
  TP     FP     TN     FN
    44    10    12    38

Precision / Recall
    0.8148    0.5366

Number of bins: 21
Average bin size: 1.614286e+01
Eliminated 113 points
Completed iteration:7
Prediction points:131
  TP     FP     TN     FN
    78    20    16    17

Precision / Recall
    0.7959    0.8211

Number of bins: 18
Average bin size: 1.827778e+01
Eliminated 101 points
Completed iteration:8
Prediction points:143
  TP     FP     TN     FN
    58    19    20    46

Precision / Recall
    0.7532    0.5577

Number of bins: 20
Average bin size: 1.690000e+01
Eliminated 202 points
Completed iteration:9
Prediction points:42
  TP     FP     TN     FN
    25    11     5     1

Precision / Recall
    0.6944    0.9615

Number of bins: 18
Average bin size: 1.833333e+01
Eliminated 135 points
Completed iteration:10
Prediction points:109
  TP     FP     TN     FN
    45    21    14    29

Precision / Recall
    0.6818    0.6081

Number of bins: 20
Average bin size: 1.675000e+01
Eliminated 148 points
Completed iteration:11
Prediction points:96
  TP     FP     TN     FN
    40    12    14    30

Precision / Recall
    0.7692    0.5714

Number of bins: 23
Average bin size: 1.456522e+01
Eliminated 94 points
Completed iteration:12
Prediction points:150
  TP     FP     TN     FN
    60    13    31    46

Precision / Recall
    0.8219    0.5660

Number of bins: 19
Average bin size: 1.752632e+01
Eliminated 69 points
Completed iteration:13
Prediction points:175
  TP     FP     TN     FN
    90    18    28    39

Precision / Recall
    0.8333    0.6977

Number of bins: 22
Average bin size: 1.527273e+01
Eliminated 132 points
Completed iteration:14
Prediction points:112
  TP     FP     TN     FN
    58    24     9    21

Precision / Recall
    0.7073    0.7342

Number of bins: 22
Average bin size: 1.540909e+01
Eliminated 110 points
Completed iteration:15
Prediction points:134
  TP     FP     TN     FN
    90    32     4     8

Precision / Recall
    0.7377    0.9184

Number of bins: 17
Average bin size: 20
Eliminated 167 points
Completed iteration:16
Prediction points:77
  TP     FP     TN     FN
    41    13     4    19

Precision / Recall
    0.7593    0.6833

Number of bins: 17
Average bin size: 19
Eliminated 106 points
Completed iteration:17
Prediction points:138
  TP     FP     TN     FN
    52    18    20    48

Precision / Recall
    0.7429    0.5200

Number of bins: 22
Average bin size: 1.527273e+01
Eliminated 159 points
Completed iteration:18
Prediction points:85
  TP     FP     TN     FN
    48    17     6    14

Precision / Recall
    0.7385    0.7742

Number of bins: 21
Average bin size: 1.566667e+01
Eliminated 101 points
Completed iteration:19
Prediction points:143
  TP     FP     TN     FN
    62    12    24    45

Precision / Recall
    0.8378    0.5794

Number of bins: 19
Average bin size: 1.784211e+01
Eliminated 147 points
Completed iteration:20
Prediction points:97
  TP     FP     TN     FN
    51     8    14    24

Precision / Recall
    0.8644    0.6800

Number of bins: 19
Average bin size: 1.752632e+01
Eliminated 57 points
Completed iteration:21
Prediction points:187
  TP     FP     TN     FN
    80    25    30    52

Precision / Recall
    0.7619    0.6061

Number of bins: 18
Average bin size: 1.827778e+01
Eliminated 130 points
Completed iteration:22
Prediction points:114
  TP     FP     TN     FN
    53    15    17    29

Precision / Recall
    0.7794    0.6463

Number of bins: 20
Average bin size: 1.705000e+01
Eliminated 155 points
Completed iteration:23
Prediction points:89
  TP     FP     TN     FN
    64    19     1     5

Precision / Recall
    0.7711    0.9275

Number of bins: 24
Average bin size: 1.412500e+01
Eliminated 84 points
Completed iteration:24
Prediction points:160
  TP     FP     TN     FN
    74    25    23    38

Precision / Recall
    0.7475    0.6607

Number of bins: 19
Average bin size: 1.726316e+01
Eliminated 138 points
Completed iteration:25
Prediction points:106
  TP     FP     TN     FN
    76    12     4    14

Precision / Recall
    0.8636    0.8444

Number of bins: 18
Average bin size: 1.866667e+01
Eliminated 116 points
Completed iteration:26
Prediction points:128
  TP     FP     TN     FN
    74    16    10    28

Precision / Recall
    0.8222    0.7255

Number of bins: 18
Average bin size: 1.838889e+01
Eliminated 207 points
Completed iteration:27
Prediction points:37
  TP     FP     TN     FN
    19     6     3     9

Precision / Recall
    0.7600    0.6786

Number of bins: 20
Average bin size: 1.660000e+01
Eliminated 218 points
Completed iteration:28
Prediction points:26
  TP     FP     TN     FN
    10     6     4     6

Precision / Recall
    0.6250    0.6250

Number of bins: 21
Average bin size: 1.580952e+01
Eliminated 84 points
Completed iteration:29
Prediction points:160
  TP     FP     TN     FN
    83    27    15    35

Precision / Recall
    0.7545    0.7034

Number of bins: 18
Average bin size: 1.872222e+01
Eliminated 143 points
Completed iteration:30
Prediction points:101
  TP     FP     TN     FN
    76    16     1     8

Precision / Recall
    0.8261    0.9048

Overall results (hybrid)
Confidence threshold=0.7
Filtered datapoints
AUC ave err std
    0.5653

    0.0728

    0.0728

Precision / Recall macro
    0.7770    0.7095

Precision / Recall micro
    0.7829    0.6988

Number of bins: 19
Average bin size: 1.784211e+01
Eliminated 185 points
Completed iteration:1
Prediction points:59
  TP     FP     TN     FN
    24     6    16    13

Precision / Recall
    0.8000    0.6486

Number of bins: 21
Average bin size: 1.633333e+01
Eliminated 201 points
Completed iteration:2
Prediction points:43
  TP     FP     TN     FN
    10     1    10    22

Precision / Recall
    0.9091    0.3125

Number of bins: 18
Average bin size: 1.861111e+01
Eliminated 193 points
Completed iteration:3
Prediction points:51
  TP     FP     TN     FN
    34     5     6     6

Precision / Recall
    0.8718    0.8500

Number of bins: 18
Average bin size: 1.850000e+01
Eliminated 174 points
Completed iteration:4
Prediction points:70
  TP     FP     TN     FN
    44    14     3     9

Precision / Recall
    0.7586    0.8302

Number of bins: 19
Average bin size: 1.757895e+01
Eliminated 191 points
Completed iteration:5
Prediction points:53
  TP     FP     TN     FN
    22     4     8    19

Precision / Recall
    0.8462    0.5366

Number of bins: 19
Average bin size: 1.773684e+01
Eliminated 181 points
Completed iteration:6
Prediction points:63
  TP     FP     TN     FN
    44    14     1     4

Precision / Recall
    0.7586    0.9167

Number of bins: 21
Average bin size: 1.595238e+01
Eliminated 166 points
Completed iteration:7
Prediction points:78
  TP     FP     TN     FN
    64     9     1     4

Precision / Recall
    0.8767    0.9412

Number of bins: 20
Average bin size: 1.650000e+01
Eliminated 121 points
Completed iteration:8
Prediction points:123
  TP     FP     TN     FN
    24     3    32    64

Precision / Recall
    0.8889    0.2727

Number of bins: 17
Average bin size: 1.958824e+01
Eliminated 167 points
Completed iteration:9
Prediction points:77
  TP     FP     TN     FN
    50     7     9    11

Precision / Recall
    0.8772    0.8197

Number of bins: 23
Average bin size: 1.452174e+01
Eliminated 181 points
Completed iteration:10
Prediction points:63
  TP     FP     TN     FN
    43     8     2    10

Precision / Recall
    0.8431    0.8113

Number of bins: 17
Average bin size: 2.017647e+01
Eliminated 189 points
Completed iteration:11
Prediction points:55
  TP     FP     TN     FN
    31     9     2    13

Precision / Recall
    0.7750    0.7045

Number of bins: 17
Average bin size: 1.994118e+01
Eliminated 168 points
Completed iteration:12
Prediction points:76
  TP     FP     TN     FN
    31     4    16    25

Precision / Recall
    0.8857    0.5536

Number of bins: 19
Average bin size: 1.752632e+01
Eliminated 144 points
Completed iteration:13
Prediction points:100
  TP     FP     TN     FN
    32    10    16    42

Precision / Recall
    0.7619    0.4324

Number of bins: 21
Average bin size: 16
Eliminated 172 points
Completed iteration:14
Prediction points:72
  TP     FP     TN     FN
    23     8    16    25

Precision / Recall
    0.7419    0.4792

Number of bins: 22
Average bin size: 1.536364e+01
Eliminated 152 points
Completed iteration:15
Prediction points:92
  TP     FP     TN     FN
    51     5    11    25

Precision / Recall
    0.9107    0.6711

Number of bins: 21
Average bin size: 1.590476e+01
Eliminated 200 points
Completed iteration:16
Prediction points:44
  TP     FP     TN     FN
    12     2    12    18

Precision / Recall
    0.8571    0.4000

Number of bins: 20
Average bin size: 1.695000e+01
Eliminated 147 points
Completed iteration:17
Prediction points:97
  TP     FP     TN     FN
    29     6    17    45

Precision / Recall
    0.8286    0.3919

Number of bins: 15
Average bin size: 2.273333e+01
Eliminated 226 points
Completed iteration:18
Prediction points:18
  TP     FP     TN     FN
     8     3     2     5

Precision / Recall
    0.7273    0.6154

Number of bins: 16
Average bin size: 2.106250e+01
Eliminated 221 points
Completed iteration:19
Prediction points:23
  TP     FP     TN     FN
    17     3     2     1

Precision / Recall
    0.8500    0.9444

Number of bins: 20
Average bin size: 1.680000e+01
Eliminated 165 points
Completed iteration:20
Prediction points:79
  TP     FP     TN     FN
    26    11    18    24

Precision / Recall
    0.7027    0.5200

Number of bins: 16
Average bin size: 2.106250e+01
Eliminated 184 points
Completed iteration:21
Prediction points:60
  TP     FP     TN     FN
    10     1    10    39

Precision / Recall
    0.9091    0.2041

Number of bins: 18
Average bin size: 1.883333e+01
Eliminated 128 points
Completed iteration:22
Prediction points:116
  TP     FP     TN     FN
    56    15    25    20

Precision / Recall
    0.7887    0.7368

Number of bins: 18
Average bin size: 1.872222e+01
Eliminated 210 points
Completed iteration:23
Prediction points:34
  TP     FP     TN     FN
    13     4     6    11

Precision / Recall
    0.7647    0.5417

Number of bins: 23
Average bin size: 1.473913e+01
Eliminated 184 points
Completed iteration:24
Prediction points:60
  TP     FP     TN     FN
    40     6     4    10

Precision / Recall
    0.8696    0.8000

Number of bins: 17
Average bin size: 1.964706e+01
Eliminated 215 points
Completed iteration:25
Prediction points:29
  TP     FP     TN     FN
     2     1     6    20

Precision / Recall
    0.6667    0.0909

Number of bins: 19
Average bin size: 1.747368e+01
Eliminated 158 points
Completed iteration:26
Prediction points:86
  TP     FP     TN     FN
    39    15    19    13

Precision / Recall
    0.7222    0.7500

Number of bins: 18
Average bin size: 1.844444e+01
Eliminated 196 points
Completed iteration:27
Prediction points:48
  TP     FP     TN     FN
    26    11     5     6

Precision / Recall
    0.7027    0.8125

Number of bins: 17
Average bin size: 1.941176e+01
Eliminated 171 points
Completed iteration:28
Prediction points:73
  TP     FP     TN     FN
    31     8     8    26

Precision / Recall
    0.7949    0.5439

Number of bins: 21
Average bin size: 1.657143e+01
Eliminated 170 points
Completed iteration:29
Prediction points:74
  TP     FP     TN     FN
    27     6    18    23

Precision / Recall
    0.8182    0.5400

Number of bins: 17
Average bin size: 1.947059e+01
Eliminated 148 points
Completed iteration:30
Prediction points:96
  TP     FP     TN     FN
    32     7    21    36

Precision / Recall
    0.8205    0.4706

Overall results (hybrid)
Confidence threshold=0.8
Filtered datapoints
AUC ave err std
    0.6250

    0.0678

    0.0678

Precision / Recall macro
    0.8109    0.6047

Precision / Recall micro
    0.8129    0.6031

Number of bins: 17
Average bin size: 19
Eliminated 215 points
Completed iteration:1
Prediction points:29
  TP     FP     TN     FN
    22     5     0     2

Precision / Recall
    0.8148    0.9167

Number of bins: 19
Average bin size: 1.747368e+01
Eliminated 223 points
Completed iteration:2
Prediction points:21
  TP     FP     TN     FN
     3     2     5    11

Precision / Recall
    0.6000    0.2143

Number of bins: 20
Average bin size: 1.695000e+01
Eliminated 139 points
Completed iteration:3
Prediction points:105
  TP     FP     TN     FN
    32    12    25    36

Precision / Recall
    0.7273    0.4706

Number of bins: 17
Average bin size: 1.958824e+01
Eliminated 200 points
Completed iteration:4
Prediction points:44
  TP     FP     TN     FN
    28     6     3     7

Precision / Recall
    0.8235    0.8000

Number of bins: 19
Average bin size: 1.726316e+01
Eliminated 137 points
Completed iteration:5
Prediction points:107
  TP     FP     TN     FN
     4     2    31    70

Precision / Recall
    0.6667    0.0541

Number of bins: 23
Average bin size: 1.513043e+01
Eliminated 133 points
Completed iteration:6
Prediction points:111
  TP     FP     TN     FN
    55    12    13    31

Precision / Recall
    0.8209    0.6395

Number of bins: 17
Average bin size: 1.970588e+01
Eliminated 210 points
Completed iteration:7
Prediction points:34
  TP     FP     TN     FN
     9     1     3    21

Precision / Recall
    0.9000    0.3000

Number of bins: 22
Average bin size: 1.572727e+01
Eliminated 229 points
Completed iteration:8
Prediction points:15
  TP     FP     TN     FN
     6     0     3     6

Precision / Recall
    1.0000    0.5000

Number of bins: 17
Average bin size: 1.947059e+01
Eliminated 231 points
Completed iteration:9
Prediction points:13
  TP     FP     TN     FN
     1     0     5     7

Precision / Recall
    1.0000    0.1250

Number of bins: 21
Average bin size: 1.571429e+01
Eliminated 185 points
Completed iteration:10
Prediction points:59
  TP     FP     TN     FN
    13     4    22    20

Precision / Recall
    0.7647    0.3939

Number of bins: 18
Average bin size: 1.872222e+01
Eliminated 192 points
Completed iteration:11
Prediction points:52
  TP     FP     TN     FN
    24     3     2    23

Precision / Recall
    0.8889    0.5106

Number of bins: 20
Average bin size: 1.645000e+01
Eliminated 235 points
Not enough valid test points; skipping iteration.
Number of bins: 15
Average bin size: 2.146667e+01
Eliminated 244 points
Not enough valid test points; skipping iteration.
Number of bins: 21
Average bin size: 1.580952e+01
Eliminated 193 points
Completed iteration:14
Prediction points:51
  TP     FP     TN     FN
    24     0    13    14

Precision / Recall
    1.0000    0.6316

Number of bins: 17
Average bin size: 1.964706e+01
Eliminated 199 points
Completed iteration:15
Prediction points:45
  TP     FP     TN     FN
     4     0    14    27

Precision / Recall
    1.0000    0.1290

Number of bins: 20
Average bin size: 1.690000e+01
Eliminated 236 points
Not enough valid test points; skipping iteration.
Number of bins: 22
Average bin size: 1.509091e+01
Eliminated 167 points
Completed iteration:17
Prediction points:77
  TP     FP     TN     FN
    33     1    12    31

Precision / Recall
    0.9706    0.5156

Number of bins: 17
Average bin size: 1.958824e+01
Eliminated 189 points
Completed iteration:18
Prediction points:55
  TP     FP     TN     FN
    16     3     9    27

Precision / Recall
    0.8421    0.3721

Number of bins: 19
Average bin size: 1.757895e+01
Eliminated 195 points
Completed iteration:19
Prediction points:49
  TP     FP     TN     FN
    21     0    13    15

Precision / Recall
    1.0000    0.5833

Number of bins: 20
Average bin size: 1.645000e+01
Eliminated 176 points
Completed iteration:20
Prediction points:68
  TP     FP     TN     FN
    40     6     9    13

Precision / Recall
    0.8696    0.7547

Number of bins: 19
Average bin size: 1.768421e+01
Eliminated 232 points
Completed iteration:21
Prediction points:12
  TP     FP     TN     FN
     3     1     3     5

Precision / Recall
    0.7500    0.3750

Number of bins: 21
Average bin size: 1.571429e+01
Eliminated 202 points
Completed iteration:22
Prediction points:42
  TP     FP     TN     FN
     4     0     6    32

Precision / Recall
    1.0000    0.1111

Number of bins: 19
Average bin size: 1.747368e+01
Eliminated 202 points
Completed iteration:23
Prediction points:42
  TP     FP     TN     FN
     7     7    10    18

Precision / Recall
    0.5000    0.2800

Number of bins: 23
Average bin size: 1.469565e+01
Eliminated 205 points
Completed iteration:24
Prediction points:39
  TP     FP     TN     FN
    14     2     8    15

Precision / Recall
    0.8750    0.4828

Number of bins: 16
Average bin size: 2.068750e+01
Eliminated 215 points
Completed iteration:25
Prediction points:29
  TP     FP     TN     FN
    18     9     0     2

Precision / Recall
    0.6667    0.9000

Number of bins: 19
Average bin size: 1.747368e+01
Eliminated 231 points
Completed iteration:26
Prediction points:13
  TP     FP     TN     FN
    10     0     2     1

Precision / Recall
    1.0000    0.9091

Number of bins: 20
Average bin size: 1.685000e+01
Eliminated 199 points
Completed iteration:27
Prediction points:45
  TP     FP     TN     FN
    15     0     8    22

Precision / Recall
    1.0000    0.4054

Number of bins: 18
Average bin size: 1.861111e+01
Eliminated 232 points
Completed iteration:28
Prediction points:12
  TP     FP     TN     FN
     5     0     2     5

Precision / Recall
    1.0000    0.5000

Number of bins: 17
Average bin size: 1.911765e+01
Eliminated 184 points
Completed iteration:29
Prediction points:60
  TP     FP     TN     FN
    31     6     8    15

Precision / Recall
    0.8378    0.6739

Number of bins: 16
Average bin size: 2.125000e+01
Eliminated 219 points
Completed iteration:30
Prediction points:25
  TP     FP     TN     FN
    18     3     4     0

Precision / Recall
    0.8571    1.0000

Overall results (hybrid)
Confidence threshold=0.9
Filtered datapoints
AUC ave err std
    0.6581

    0.1504

    0.1504

Precision / Recall macro
   NaN   NaN

Precision / Recall micro
    0.8440    0.4915

computation time (s)
   NaN

