!!!!below quality measures have been removed due to insufficient data!!!!!!!!!!!!
    ' TriangleSize'

binThreshold:60
energy base:30
using confidence:1
Number of bins: 15
Average bin size: 2.213333e+01
Eliminated 79 points
Completed iteration:1
Prediction points:165
  TP     FP     TN     FN
    96    31     6    32

Precision / Recall
    0.7559    0.7500

Number of bins: 15
Average bin size: 2.293333e+01
Eliminated 124 points
Completed iteration:2
Prediction points:120
  TP     FP     TN     FN
    71    26     9    14

Precision / Recall
    0.7320    0.8353

Number of bins: 16
Average bin size: 2.031250e+01
Eliminated 65 points
Completed iteration:3
Prediction points:179
  TP     FP     TN     FN
    81    20    27    51

Precision / Recall
    0.8020    0.6136

Number of bins: 16
Average bin size: 2.106250e+01
Eliminated 42 points
Completed iteration:4
Prediction points:202
  TP     FP     TN     FN
   117    47    14    24

Precision / Recall
    0.7134    0.8298

Number of bins: 18
Average bin size: 1.827778e+01
Eliminated 111 points
Completed iteration:5
Prediction points:133
  TP     FP     TN     FN
    50    30    12    41

Precision / Recall
    0.6250    0.5495

Number of bins: 14
Average bin size: 2.457143e+01
Eliminated 52 points
Completed iteration:6
Prediction points:192
  TP     FP     TN     FN
    97    38     8    49

Precision / Recall
    0.7185    0.6644

Number of bins: 15
Average bin size: 2.273333e+01
Eliminated 40 points
Completed iteration:7
Prediction points:204
  TP     FP     TN     FN
   117    24    21    42

Precision / Recall
    0.8298    0.7358

Number of bins: 15
Average bin size: 2.233333e+01
Eliminated 40 points
Completed iteration:8
Prediction points:204
  TP     FP     TN     FN
   105    25    26    48

Precision / Recall
    0.8077    0.6863

Number of bins: 17
Average bin size: 1.947059e+01
Eliminated 89 points
Completed iteration:9
Prediction points:155
  TP     FP     TN     FN
    73    24    22    36

Precision / Recall
    0.7526    0.6697

Number of bins: 17
Average bin size: 20
Eliminated 55 points
Completed iteration:10
Prediction points:189
  TP     FP     TN     FN
    86    33    19    51

Precision / Recall
    0.7227    0.6277

Number of bins: 17
Average bin size: 1.988235e+01
Eliminated 109 points
Completed iteration:11
Prediction points:135
  TP     FP     TN     FN
    59    37    10    29

Precision / Recall
    0.6146    0.6705

Number of bins: 16
Average bin size: 2.075000e+01
Eliminated 45 points
Completed iteration:12
Prediction points:199
  TP     FP     TN     FN
   111    29    20    39

Precision / Recall
    0.7929    0.7400

Number of bins: 15
Average bin size: 2.206667e+01
Eliminated 124 points
Completed iteration:13
Prediction points:120
  TP     FP     TN     FN
    48    14    20    38

Precision / Recall
    0.7742    0.5581

Number of bins: 19
Average bin size: 1.810526e+01
Eliminated 89 points
Completed iteration:14
Prediction points:155
  TP     FP     TN     FN
    72    20    15    48

Precision / Recall
    0.7826    0.6000

Number of bins: 16
Average bin size: 2.068750e+01
Eliminated 76 points
Completed iteration:15
Prediction points:168
  TP     FP     TN     FN
    85    29    19    35

Precision / Recall
    0.7456    0.7083

Number of bins: 16
Average bin size: 2.118750e+01
Eliminated 105 points
Completed iteration:16
Prediction points:139
  TP     FP     TN     FN
    54    29    21    35

Precision / Recall
    0.6506    0.6067

Number of bins: 16
Average bin size: 2.112500e+01
Eliminated 75 points
Completed iteration:17
Prediction points:169
  TP     FP     TN     FN
    80    21    25    43

Precision / Recall
    0.7921    0.6504

Number of bins: 19
Average bin size: 1.721053e+01
Eliminated 66 points
Completed iteration:18
Prediction points:178
  TP     FP     TN     FN
    50    13    40    75

Precision / Recall
    0.7937    0.4000

Number of bins: 16
Average bin size: 2.125000e+01
Eliminated 52 points
Completed iteration:19
Prediction points:192
  TP     FP     TN     FN
   125    42     9    16

Precision / Recall
    0.7485    0.8865

Number of bins: 17
Average bin size: 1.935294e+01
Eliminated 75 points
Completed iteration:20
Prediction points:169
  TP     FP     TN     FN
    94    30    17    28

Precision / Recall
    0.7581    0.7705

Number of bins: 16
Average bin size: 2.006250e+01
Eliminated 53 points
Completed iteration:21
Prediction points:191
  TP     FP     TN     FN
    93    36    23    39

Precision / Recall
    0.7209    0.7045

Number of bins: 17
Average bin size: 2.011765e+01
Eliminated 75 points
Completed iteration:22
Prediction points:169
  TP     FP     TN     FN
    78    27    31    33

Precision / Recall
    0.7429    0.7027

Number of bins: 15
Average bin size: 22
Eliminated 75 points
Completed iteration:23
Prediction points:169
  TP     FP     TN     FN
    64    22    25    58

Precision / Recall
    0.7442    0.5246

Number of bins: 15
Average bin size: 2.280000e+01
Eliminated 61 points
Completed iteration:24
Prediction points:183
  TP     FP     TN     FN
    96    28    19    40

Precision / Recall
    0.7742    0.7059

Number of bins: 16
Average bin size: 2.056250e+01
Eliminated 103 points
Completed iteration:25
Prediction points:141
  TP     FP     TN     FN
    80    22    15    24

Precision / Recall
    0.7843    0.7692

Number of bins: 16
Average bin size: 21
Eliminated 47 points
Completed iteration:26
Prediction points:197
  TP     FP     TN     FN
   107    36    21    33

Precision / Recall
    0.7483    0.7643

Number of bins: 14
Average bin size: 2.357143e+01
Eliminated 52 points
Completed iteration:27
Prediction points:192
  TP     FP     TN     FN
    99    41     8    44

Precision / Recall
    0.7071    0.6923

Number of bins: 17
Average bin size: 1.929412e+01
Eliminated 147 points
Completed iteration:28
Prediction points:97
  TP     FP     TN     FN
    54    17     7    19

Precision / Recall
    0.7606    0.7397

Number of bins: 17
Average bin size: 1.976471e+01
Eliminated 30 points
Completed iteration:29
Prediction points:214
  TP     FP     TN     FN
   109    46    21    38

Precision / Recall
    0.7032    0.7415

Number of bins: 19
Average bin size: 1.763158e+01
Eliminated 115 points
Completed iteration:30
Prediction points:129
  TP     FP     TN     FN
    80    20     5    24

Precision / Recall
    0.8000    0.7692

Overall results (hybrid)
Confidence threshold=0.5
Filtered datapoints
AUC ave err std
    0.5556

    0.0692

    0.0692

Precision / Recall macro
    0.7466    0.6889

Precision / Recall micro
    0.7470    0.6921

Number of bins: 19
Average bin size: 1.747368e+01
Eliminated 144 points
Completed iteration:1
Prediction points:100
  TP     FP     TN     FN
    74    19     3     4

Precision / Recall
    0.7957    0.9487

Number of bins: 17
Average bin size: 2.017647e+01
Eliminated 80 points
Completed iteration:2
Prediction points:164
  TP     FP     TN     FN
    80    23    25    36

Precision / Recall
    0.7767    0.6897

Number of bins: 18
Average bin size: 1.827778e+01
Eliminated 39 points
Completed iteration:3
Prediction points:205
  TP     FP     TN     FN
   114    37    26    28

Precision / Recall
    0.7550    0.8028

Number of bins: 16
Average bin size: 2.075000e+01
Eliminated 149 points
Completed iteration:4
Prediction points:95
  TP     FP     TN     FN
    69    23     1     2

Precision / Recall
    0.7500    0.9718

Number of bins: 14
Average bin size: 2.392857e+01
Eliminated 56 points
Completed iteration:5
Prediction points:188
  TP     FP     TN     FN
    88    26    25    49

Precision / Recall
    0.7719    0.6423

Number of bins: 19
Average bin size: 1.726316e+01
Eliminated 89 points
Completed iteration:6
Prediction points:155
  TP     FP     TN     FN
    76    18    23    38

Precision / Recall
    0.8085    0.6667

Number of bins: 17
Average bin size: 1.988235e+01
Eliminated 158 points
Completed iteration:7
Prediction points:86
  TP     FP     TN     FN
    33     7    19    27

Precision / Recall
    0.8250    0.5500

Number of bins: 13
Average bin size: 2.553846e+01
Eliminated 55 points
Completed iteration:8
Prediction points:189
  TP     FP     TN     FN
   116    37     7    29

Precision / Recall
    0.7582    0.8000

Number of bins: 17
Average bin size: 1.958824e+01
Eliminated 66 points
Completed iteration:9
Prediction points:178
  TP     FP     TN     FN
    99    25    24    30

Precision / Recall
    0.7984    0.7674

Number of bins: 16
Average bin size: 2.012500e+01
Eliminated 161 points
Completed iteration:10
Prediction points:83
  TP     FP     TN     FN
    52    14     3    14

Precision / Recall
    0.7879    0.7879

Number of bins: 17
Average bin size: 1.917647e+01
Eliminated 63 points
Completed iteration:11
Prediction points:181
  TP     FP     TN     FN
    66    22    38    55

Precision / Recall
    0.7500    0.5455

Number of bins: 16
Average bin size: 2.068750e+01
Eliminated 132 points
Completed iteration:12
Prediction points:112
  TP     FP     TN     FN
    66    20    11    15

Precision / Recall
    0.7674    0.8148

Number of bins: 14
Average bin size: 2.392857e+01
Eliminated 131 points
Completed iteration:13
Prediction points:113
  TP     FP     TN     FN
    32    11    10    60

Precision / Recall
    0.7442    0.3478

Number of bins: 19
Average bin size: 1.742105e+01
Eliminated 144 points
Completed iteration:14
Prediction points:100
  TP     FP     TN     FN
    27    11    17    45

Precision / Recall
    0.7105    0.3750

Number of bins: 20
Average bin size: 1.710000e+01
Eliminated 187 points
Completed iteration:15
Prediction points:57
  TP     FP     TN     FN
    23     8    16    10

Precision / Recall
    0.7419    0.6970

Number of bins: 16
Average bin size: 2.187500e+01
Eliminated 160 points
Completed iteration:16
Prediction points:84
  TP     FP     TN     FN
    42    20     5    17

Precision / Recall
    0.6774    0.7119

Number of bins: 15
Average bin size: 2.233333e+01
Eliminated 35 points
Completed iteration:17
Prediction points:209
  TP     FP     TN     FN
   101    34    29    45

Precision / Recall
    0.7481    0.6918

Number of bins: 16
Average bin size: 2.193750e+01
Eliminated 92 points
Completed iteration:18
Prediction points:152
  TP     FP     TN     FN
    41     5    37    69

Precision / Recall
    0.8913    0.3727

Number of bins: 18
Average bin size: 1.838889e+01
Eliminated 93 points
Completed iteration:19
Prediction points:151
  TP     FP     TN     FN
    67    23    28    33

Precision / Recall
    0.7444    0.6700

Number of bins: 18
Average bin size: 1.855556e+01
Eliminated 111 points
Completed iteration:20
Prediction points:133
  TP     FP     TN     FN
    68    10    25    30

Precision / Recall
    0.8718    0.6939

Number of bins: 16
Average bin size: 2.056250e+01
Eliminated 61 points
Completed iteration:21
Prediction points:183
  TP     FP     TN     FN
    85    30    18    50

Precision / Recall
    0.7391    0.6296

Number of bins: 17
Average bin size: 1.976471e+01
Eliminated 93 points
Completed iteration:22
Prediction points:151
  TP     FP     TN     FN
    54    27    19    51

Precision / Recall
    0.6667    0.5143

Number of bins: 16
Average bin size: 2.093750e+01
Eliminated 164 points
Completed iteration:23
Prediction points:80
  TP     FP     TN     FN
    32     8     9    31

Precision / Recall
    0.8000    0.5079

Number of bins: 16
Average bin size: 2.168750e+01
Eliminated 60 points
Completed iteration:24
Prediction points:184
  TP     FP     TN     FN
   114    32    15    23

Precision / Recall
    0.7808    0.8321

Number of bins: 19
Average bin size: 1.763158e+01
Eliminated 71 points
Completed iteration:25
Prediction points:173
  TP     FP     TN     FN
   102    45     6    20

Precision / Recall
    0.6939    0.8361

Number of bins: 16
Average bin size: 2.131250e+01
Eliminated 74 points
Completed iteration:26
Prediction points:170
  TP     FP     TN     FN
    56    23    24    67

Precision / Recall
    0.7089    0.4553

Number of bins: 15
Average bin size: 2.206667e+01
Eliminated 89 points
Completed iteration:27
Prediction points:155
  TP     FP     TN     FN
    85    33    11    26

Precision / Recall
    0.7203    0.7658

Number of bins: 18
Average bin size: 1.894444e+01
Eliminated 100 points
Completed iteration:28
Prediction points:144
  TP     FP     TN     FN
    72    28    11    33

Precision / Recall
    0.7200    0.6857

Number of bins: 15
Average bin size: 2.226667e+01
Eliminated 91 points
Completed iteration:29
Prediction points:153
  TP     FP     TN     FN
    65    25    23    40

Precision / Recall
    0.7222    0.6190

Number of bins: 19
Average bin size: 1.768421e+01
Eliminated 112 points
Completed iteration:30
Prediction points:132
  TP     FP     TN     FN
    56    18    13    45

Precision / Recall
    0.7568    0.5545

Overall results (hybrid)
Confidence threshold=0.6
Filtered datapoints
AUC ave err std
    0.5662

    0.0835

    0.0835

Precision / Recall macro
    0.7594    0.6649

Precision / Recall micro
    0.7563    0.6679

Number of bins: 20
Average bin size: 1.675000e+01
Eliminated 143 points
Completed iteration:1
Prediction points:101
  TP     FP     TN     FN
    74    16     4     7

Precision / Recall
    0.8222    0.9136

Number of bins: 15
Average bin size: 2.253333e+01
Eliminated 131 points
Completed iteration:2
Prediction points:113
  TP     FP     TN     FN
    55    17    10    31

Precision / Recall
    0.7639    0.6395

Number of bins: 17
Average bin size: 1.941176e+01
Eliminated 155 points
Completed iteration:3
Prediction points:89
  TP     FP     TN     FN
    58     9     3    19

Precision / Recall
    0.8657    0.7532

Number of bins: 16
Average bin size: 2.081250e+01
Eliminated 103 points
Completed iteration:4
Prediction points:141
  TP     FP     TN     FN
    58    10    25    48

Precision / Recall
    0.8529    0.5472

Number of bins: 15
Average bin size: 2.186667e+01
Eliminated 169 points
Completed iteration:5
Prediction points:75
  TP     FP     TN     FN
    47    12     4    12

Precision / Recall
    0.7966    0.7966

Number of bins: 16
Average bin size: 2.062500e+01
Eliminated 198 points
Completed iteration:6
Prediction points:46
  TP     FP     TN     FN
    21     7     7    11

Precision / Recall
    0.7500    0.6563

Number of bins: 16
Average bin size: 2.118750e+01
Eliminated 121 points
Completed iteration:7
Prediction points:123
  TP     FP     TN     FN
    72    18    16    17

Precision / Recall
    0.8000    0.8090

Number of bins: 18
Average bin size: 1.827778e+01
Eliminated 101 points
Completed iteration:8
Prediction points:143
  TP     FP     TN     FN
    58    19    20    46

Precision / Recall
    0.7532    0.5577

Number of bins: 18
Average bin size: 1.877778e+01
Eliminated 202 points
Completed iteration:9
Prediction points:42
  TP     FP     TN     FN
    25    11     5     1

Precision / Recall
    0.6944    0.9615

Number of bins: 17
Average bin size: 1.941176e+01
Eliminated 135 points
Completed iteration:10
Prediction points:109
  TP     FP     TN     FN
    53    28     7    21

Precision / Recall
    0.6543    0.7162

Number of bins: 16
Average bin size: 2.093750e+01
Eliminated 122 points
Completed iteration:11
Prediction points:122
  TP     FP     TN     FN
    18     4    33    67

Precision / Recall
    0.8182    0.2118

Number of bins: 18
Average bin size: 1.861111e+01
Eliminated 82 points
Completed iteration:12
Prediction points:162
  TP     FP     TN     FN
    89    15    24    34

Precision / Recall
    0.8558    0.7236

Number of bins: 17
Average bin size: 1.958824e+01
Eliminated 68 points
Completed iteration:13
Prediction points:176
  TP     FP     TN     FN
    91    17    29    39

Precision / Recall
    0.8426    0.7000

Number of bins: 19
Average bin size: 1.768421e+01
Eliminated 130 points
Completed iteration:14
Prediction points:114
  TP     FP     TN     FN
    61    27     8    18

Precision / Recall
    0.6932    0.7722

Number of bins: 18
Average bin size: 1.883333e+01
Eliminated 64 points
Completed iteration:15
Prediction points:180
  TP     FP     TN     FN
   104    37    14    25

Precision / Recall
    0.7376    0.8062

Number of bins: 17
Average bin size: 20
Eliminated 167 points
Completed iteration:16
Prediction points:77
  TP     FP     TN     FN
    41    13     4    19

Precision / Recall
    0.7593    0.6833

Number of bins: 15
Average bin size: 2.153333e+01
Eliminated 57 points
Completed iteration:17
Prediction points:187
  TP     FP     TN     FN
    79    34    26    48

Precision / Recall
    0.6991    0.6220

Number of bins: 18
Average bin size: 1.866667e+01
Eliminated 146 points
Completed iteration:18
Prediction points:98
  TP     FP     TN     FN
    71    24     0     3

Precision / Recall
    0.7474    0.9595

Number of bins: 17
Average bin size: 1.935294e+01
Eliminated 85 points
Completed iteration:19
Prediction points:159
  TP     FP     TN     FN
    91    21    16    31

Precision / Recall
    0.8125    0.7459

Number of bins: 17
Average bin size: 1.994118e+01
Eliminated 139 points
Completed iteration:20
Prediction points:105
  TP     FP     TN     FN
    43     8    17    37

Precision / Recall
    0.8431    0.5375

Number of bins: 17
Average bin size: 1.958824e+01
Eliminated 46 points
Completed iteration:21
Prediction points:198
  TP     FP     TN     FN
    81    25    35    57

Precision / Recall
    0.7642    0.5870

Number of bins: 16
Average bin size: 2.056250e+01
Eliminated 113 points
Completed iteration:22
Prediction points:131
  TP     FP     TN     FN
    56    19    23    33

Precision / Recall
    0.7467    0.6292

Number of bins: 19
Average bin size: 1.794737e+01
Eliminated 155 points
Completed iteration:23
Prediction points:89
  TP     FP     TN     FN
    65    19     1     4

Precision / Recall
    0.7738    0.9420

Number of bins: 18
Average bin size: 1.883333e+01
Eliminated 107 points
Completed iteration:24
Prediction points:137
  TP     FP     TN     FN
    47    12    28    50

Precision / Recall
    0.7966    0.4845

Number of bins: 15
Average bin size: 2.186667e+01
Eliminated 128 points
Completed iteration:25
Prediction points:116
  TP     FP     TN     FN
    47    10    10    49

Precision / Recall
    0.8246    0.4896

Number of bins: 18
Average bin size: 1.866667e+01
Eliminated 116 points
Completed iteration:26
Prediction points:128
  TP     FP     TN     FN
    74    16    10    28

Precision / Recall
    0.8222    0.7255

Number of bins: 16
Average bin size: 2.068750e+01
Eliminated 207 points
Completed iteration:27
Prediction points:37
  TP     FP     TN     FN
    19     6     3     9

Precision / Recall
    0.7600    0.6786

Number of bins: 15
Average bin size: 2.213333e+01
Eliminated 121 points
Completed iteration:28
Prediction points:123
  TP     FP     TN     FN
    74    24     8    17

Precision / Recall
    0.7551    0.8132

Number of bins: 15
Average bin size: 2.213333e+01
Eliminated 82 points
Completed iteration:29
Prediction points:162
  TP     FP     TN     FN
    82    24    17    39

Precision / Recall
    0.7736    0.6777

Number of bins: 17
Average bin size: 1.982353e+01
Eliminated 143 points
Completed iteration:30
Prediction points:101
  TP     FP     TN     FN
    76    16     1     8

Precision / Recall
    0.8261    0.9048

Overall results (hybrid)
Confidence threshold=0.7
Filtered datapoints
AUC ave err std
    0.5657

    0.0671

    0.0671

Precision / Recall macro
    0.7802    0.7015

Precision / Recall micro
    0.7794    0.6885

Number of bins: 17
Average bin size: 1.994118e+01
Eliminated 185 points
Completed iteration:1
Prediction points:59
  TP     FP     TN     FN
    24     6    16    13

Precision / Recall
    0.8000    0.6486

Number of bins: 20
Average bin size: 1.715000e+01
Eliminated 201 points
Completed iteration:2
Prediction points:43
  TP     FP     TN     FN
    10     1    10    22

Precision / Recall
    0.9091    0.3125

Number of bins: 17
Average bin size: 1.970588e+01
Eliminated 184 points
Completed iteration:3
Prediction points:60
  TP     FP     TN     FN
    42     6     6     6

Precision / Recall
    0.8750    0.8750

Number of bins: 18
Average bin size: 1.850000e+01
Eliminated 174 points
Completed iteration:4
Prediction points:70
  TP     FP     TN     FN
    44    14     3     9

Precision / Recall
    0.7586    0.8302

Number of bins: 16
Average bin size: 2.087500e+01
Eliminated 90 points
Completed iteration:5
Prediction points:154
  TP     FP     TN     FN
    49     8    34    63

Precision / Recall
    0.8596    0.4375

Number of bins: 17
Average bin size: 1.982353e+01
Eliminated 180 points
Completed iteration:6
Prediction points:64
  TP     FP     TN     FN
    44    16     1     3

Precision / Recall
    0.7333    0.9362

Number of bins: 19
Average bin size: 1.763158e+01
Eliminated 110 points
Completed iteration:7
Prediction points:134
  TP     FP     TN     FN
    74    15    19    26

Precision / Recall
    0.8315    0.7400

Number of bins: 16
Average bin size: 2.062500e+01
Eliminated 155 points
Completed iteration:8
Prediction points:89
  TP     FP     TN     FN
    22     2    23    42

Precision / Recall
    0.9167    0.3438

Number of bins: 16
Average bin size: 2.081250e+01
Eliminated 167 points
Completed iteration:9
Prediction points:77
  TP     FP     TN     FN
    51     9     7    10

Precision / Recall
    0.8500    0.8361

Number of bins: 17
Average bin size: 1.964706e+01
Eliminated 178 points
Completed iteration:10
Prediction points:66
  TP     FP     TN     FN
    45     8     2    11

Precision / Recall
    0.8491    0.8036

Number of bins: 13
Average bin size: 2.638462e+01
Eliminated 153 points
Completed iteration:11
Prediction points:91
  TP     FP     TN     FN
    47    10    14    20

Precision / Recall
    0.8246    0.7015

Number of bins: 16
Average bin size: 2.118750e+01
Eliminated 138 points
Completed iteration:12
Prediction points:106
  TP     FP     TN     FN
    36     6    23    41

Precision / Recall
    0.8571    0.4675

Number of bins: 17
Average bin size: 1.958824e+01
Eliminated 142 points
Completed iteration:13
Prediction points:102
  TP     FP     TN     FN
    16    10    16    60

Precision / Recall
    0.6154    0.2105

Number of bins: 19
Average bin size: 1.768421e+01
Eliminated 132 points
Completed iteration:14
Prediction points:112
  TP     FP     TN     FN
    60    14    16    22

Precision / Recall
    0.8108    0.7317

Number of bins: 19
Average bin size: 1.778947e+01
Eliminated 111 points
Completed iteration:15
Prediction points:133
  TP     FP     TN     FN
    67     9    23    34

Precision / Recall
    0.8816    0.6634

Number of bins: 17
Average bin size: 1.964706e+01
Eliminated 202 points
Completed iteration:16
Prediction points:42
  TP     FP     TN     FN
    12     2    12    16

Precision / Recall
    0.8571    0.4286

Number of bins: 18
Average bin size: 1.883333e+01
Eliminated 136 points
Completed iteration:17
Prediction points:108
  TP     FP     TN     FN
    36    10    17    45

Precision / Recall
    0.7826    0.4444

Number of bins: 15
Average bin size: 2.273333e+01
Eliminated 226 points
Completed iteration:18
Prediction points:18
  TP     FP     TN     FN
     8     3     2     5

Precision / Recall
    0.7273    0.6154

Number of bins: 15
Average bin size: 2.246667e+01
Eliminated 221 points
Completed iteration:19
Prediction points:23
  TP     FP     TN     FN
    17     3     2     1

Precision / Recall
    0.8500    0.9444

Number of bins: 16
Average bin size: 21
Eliminated 167 points
Completed iteration:20
Prediction points:77
  TP     FP     TN     FN
    41    12     7    17

Precision / Recall
    0.7736    0.7069

Number of bins: 14
Average bin size: 2.407143e+01
Eliminated 136 points
Completed iteration:21
Prediction points:108
  TP     FP     TN     FN
    60     7    16    25

Precision / Recall
    0.8955    0.7059

Number of bins: 17
Average bin size: 1.994118e+01
Eliminated 116 points
Completed iteration:22
Prediction points:128
  TP     FP     TN     FN
    63    20    25    20

Precision / Recall
    0.7590    0.7590

Number of bins: 17
Average bin size: 1.982353e+01
Eliminated 219 points
Completed iteration:23
Prediction points:25
  TP     FP     TN     FN
     8     3     4    10

Precision / Recall
    0.7273    0.4444

Number of bins: 20
Average bin size: 1.695000e+01
Eliminated 163 points
Completed iteration:24
Prediction points:81
  TP     FP     TN     FN
    40     8    12    21

Precision / Recall
    0.8333    0.6557

Number of bins: 16
Average bin size: 2.087500e+01
Eliminated 215 points
Completed iteration:25
Prediction points:29
  TP     FP     TN     FN
     2     1     6    20

Precision / Recall
    0.6667    0.0909

Number of bins: 17
Average bin size: 1.952941e+01
Eliminated 196 points
Completed iteration:26
Prediction points:48
  TP     FP     TN     FN
    24    13    11     0

Precision / Recall
    0.6486    1.0000

Number of bins: 17
Average bin size: 1.952941e+01
Eliminated 210 points
Completed iteration:27
Prediction points:34
  TP     FP     TN     FN
    13    10     5     6

Precision / Recall
    0.5652    0.6842

Number of bins: 14
Average bin size: 2.357143e+01
Eliminated 208 points
Completed iteration:28
Prediction points:36
  TP     FP     TN     FN
    12     5     5    14

Precision / Recall
    0.7059    0.4615

Number of bins: 17
Average bin size: 2.047059e+01
Eliminated 182 points
Completed iteration:29
Prediction points:62
  TP     FP     TN     FN
    15     6    18    23

Precision / Recall
    0.7143    0.3947

Number of bins: 16
Average bin size: 2.068750e+01
Eliminated 95 points
Completed iteration:30
Prediction points:149
  TP     FP     TN     FN
    36    10    40    63

Precision / Recall
    0.7826    0.3636

Overall results (hybrid)
Confidence threshold=0.8
Filtered datapoints
AUC ave err std
    0.6302

    0.0797

    0.0797

Precision / Recall macro
    0.7887    0.6079

Precision / Recall micro
    0.8047    0.6038

Number of bins: 15
Average bin size: 2.153333e+01
Eliminated 223 points
Completed iteration:1
Prediction points:21
  TP     FP     TN     FN
    17     2     0     2

Precision / Recall
    0.8947    0.8947

Number of bins: 16
Average bin size: 2.075000e+01
Eliminated 229 points
Completed iteration:2
Prediction points:15
  TP     FP     TN     FN
     3     2     5     5

Precision / Recall
    0.6000    0.3750

Number of bins: 16
Average bin size: 2.118750e+01
Eliminated 135 points
Completed iteration:3
Prediction points:109
  TP     FP     TN     FN
    36    12    25    36

Precision / Recall
    0.7500    0.5000

Number of bins: 16
Average bin size: 2.081250e+01
Eliminated 200 points
Completed iteration:4
Prediction points:44
  TP     FP     TN     FN
    28     6     3     7

Precision / Recall
    0.8235    0.8000

Number of bins: 15
Average bin size: 2.186667e+01
Eliminated 198 points
Completed iteration:5
Prediction points:46
  TP     FP     TN     FN
     2     2    14    28

Precision / Recall
    0.5000    0.0667

Number of bins: 19
Average bin size: 1.831579e+01
Eliminated 169 points
Completed iteration:6
Prediction points:75
  TP     FP     TN     FN
    24     7    13    31

Precision / Recall
    0.7742    0.4364

Number of bins: 13
Average bin size: 2.576923e+01
Eliminated 175 points
Completed iteration:7
Prediction points:69
  TP     FP     TN     FN
    10     1    14    44

Precision / Recall
    0.9091    0.1852

Number of bins: 19
Average bin size: 1.821053e+01
Eliminated 230 points
Completed iteration:8
Prediction points:14
  TP     FP     TN     FN
     5     0     3     6

Precision / Recall
    1.0000    0.4545

Number of bins: 15
Average bin size: 2.206667e+01
Eliminated 231 points
Completed iteration:9
Prediction points:13
  TP     FP     TN     FN
     1     0     5     7

Precision / Recall
    1.0000    0.1250

Number of bins: 15
Average bin size: 22
Eliminated 232 points
Completed iteration:10
Prediction points:12
  TP     FP     TN     FN
     4     3     4     1

Precision / Recall
    0.5714    0.8000

Number of bins: 18
Average bin size: 1.872222e+01
Eliminated 192 points
Completed iteration:11
Prediction points:52
  TP     FP     TN     FN
    24     3     2    23

Precision / Recall
    0.8889    0.5106

Number of bins: 14
Average bin size: 2.350000e+01
Eliminated 195 points
Completed iteration:12
Prediction points:49
  TP     FP     TN     FN
    15     1    13    20

Precision / Recall
    0.9375    0.4286

Number of bins: 12
Average bin size: 2.683333e+01
Eliminated 244 points
Not enough valid test points; skipping iteration.
Number of bins: 17
Average bin size: 1.952941e+01
Eliminated 216 points
Completed iteration:14
Prediction points:28
  TP     FP     TN     FN
     1     0    13    14

Precision / Recall
    1.0000    0.0667

Number of bins: 16
Average bin size: 2.087500e+01
Eliminated 240 points
Not enough valid test points; skipping iteration.
Number of bins: 18
Average bin size: 1.877778e+01
Eliminated 236 points
Not enough valid test points; skipping iteration.
Number of bins: 17
Average bin size: 1.952941e+01
Eliminated 209 points
Completed iteration:17
Prediction points:35
  TP     FP     TN     FN
    12     0     3    20

Precision / Recall
    1.0000    0.3750

Number of bins: 13
Average bin size: 2.561538e+01
Eliminated 226 points
Completed iteration:18
Prediction points:18
  TP     FP     TN     FN
    15     3     0     0

Precision / Recall
    0.8333    1.0000

Number of bins: 17
Average bin size: 1.964706e+01
Eliminated 195 points
Completed iteration:19
Prediction points:49
  TP     FP     TN     FN
    21     0    13    15

Precision / Recall
    1.0000    0.5833

Number of bins: 16
Average bin size: 2.056250e+01
Eliminated 219 points
Completed iteration:20
Prediction points:25
  TP     FP     TN     FN
    12     4     2     7

Precision / Recall
    0.7500    0.6316

Number of bins: 14
Average bin size: 24
Eliminated 244 points
Not enough valid test points; skipping iteration.
Number of bins: 18
Average bin size: 1.833333e+01
Eliminated 193 points
Completed iteration:22
Prediction points:51
  TP     FP     TN     FN
     8     0     8    35

Precision / Recall
    1.0000    0.1860

Number of bins: 16
Average bin size: 2.075000e+01
Eliminated 213 points
Completed iteration:23
Prediction points:31
  TP     FP     TN     FN
     6     3     9    13

Precision / Recall
    0.6667    0.3158

Number of bins: 18
Average bin size: 1.877778e+01
Eliminated 225 points
Completed iteration:24
Prediction points:19
  TP     FP     TN     FN
     8     0     3     8

Precision / Recall
    1.0000    0.5000

Number of bins: 15
Average bin size: 2.206667e+01
Eliminated 215 points
Completed iteration:25
Prediction points:29
  TP     FP     TN     FN
    18     9     0     2

Precision / Recall
    0.6667    0.9000

Number of bins: 17
Average bin size: 1.952941e+01
Eliminated 191 points
Completed iteration:26
Prediction points:53
  TP     FP     TN     FN
    10     0    12    31

Precision / Recall
    1.0000    0.2439

Number of bins: 17
Average bin size: 1.982353e+01
Eliminated 158 points
Completed iteration:27
Prediction points:86
  TP     FP     TN     FN
    41     3    10    32

Precision / Recall
    0.9318    0.5616

Number of bins: 16
Average bin size: 2.093750e+01
Eliminated 232 points
Completed iteration:28
Prediction points:12
  TP     FP     TN     FN
     5     0     2     5

Precision / Recall
    1.0000    0.5000

Number of bins: 16
Average bin size: 2.031250e+01
Eliminated 184 points
Completed iteration:29
Prediction points:60
  TP     FP     TN     FN
    31     6     8    15

Precision / Recall
    0.8378    0.6739

Number of bins: 16
Average bin size: 2.125000e+01
Eliminated 219 points
Completed iteration:30
Prediction points:25
  TP     FP     TN     FN
    18     3     4     0

Precision / Recall
    0.8571    1.0000

Overall results (hybrid)
Confidence threshold=0.9
Filtered datapoints
AUC ave err std
   NaN

   NaN

   NaN

Precision / Recall macro
   NaN   NaN

Precision / Recall micro
    0.8427    0.4795

computation time (s)
   NaN

